<?xml version="1.0" encoding="UTF-8"?>
<testsuite xmlns:xsi="http://www.w3.org/2001/XMLSchema-instance" xsi:noNamespaceSchemaLocation="https://maven.apache.org/surefire/maven-surefire-plugin/xsd/surefire-test-report.xsd" name="TestSuite" time="5,486.668" tests="6" errors="0" skipped="0" failures="2">
  <properties>
    <property name="gopherProxySet" value="false"/>
    <property name="awt.toolkit" value="sun.lwawt.macosx.LWCToolkit"/>
    <property name="java.specification.version" value="11"/>
    <property name="sun.cpu.isalist" value=""/>
    <property name="sun.jnu.encoding" value="UTF-8"/>
    <property name="java.class.path" value="/Users/chandrashekhara.av/UITest/target/test-classes:/Users/chandrashekhara.av/UITest/target/classes:/Users/chandrashekhara.av/.m2/repository/org/testng/testng/6.14.3/testng-6.14.3.jar:/Users/chandrashekhara.av/.m2/repository/com/beust/jcommander/1.72/jcommander-1.72.jar:/Users/chandrashekhara.av/.m2/repository/org/apache-extras/beanshell/bsh/2.0b6/bsh-2.0b6.jar:/Users/chandrashekhara.av/.m2/repository/org/seleniumhq/selenium/selenium-java/3.11.0/selenium-java-3.11.0.jar:/Users/chandrashekhara.av/.m2/repository/org/seleniumhq/selenium/selenium-api/3.11.0/selenium-api-3.11.0.jar:/Users/chandrashekhara.av/.m2/repository/org/seleniumhq/selenium/selenium-chrome-driver/3.11.0/selenium-chrome-driver-3.11.0.jar:/Users/chandrashekhara.av/.m2/repository/org/seleniumhq/selenium/selenium-edge-driver/3.11.0/selenium-edge-driver-3.11.0.jar:/Users/chandrashekhara.av/.m2/repository/org/seleniumhq/selenium/selenium-firefox-driver/3.11.0/selenium-firefox-driver-3.11.0.jar:/Users/chandrashekhara.av/.m2/repository/org/seleniumhq/selenium/selenium-ie-driver/3.11.0/selenium-ie-driver-3.11.0.jar:/Users/chandrashekhara.av/.m2/repository/org/seleniumhq/selenium/selenium-opera-driver/3.11.0/selenium-opera-driver-3.11.0.jar:/Users/chandrashekhara.av/.m2/repository/org/seleniumhq/selenium/selenium-remote-driver/3.11.0/selenium-remote-driver-3.11.0.jar:/Users/chandrashekhara.av/.m2/repository/org/seleniumhq/selenium/selenium-safari-driver/3.11.0/selenium-safari-driver-3.11.0.jar:/Users/chandrashekhara.av/.m2/repository/org/seleniumhq/selenium/selenium-support/3.11.0/selenium-support-3.11.0.jar:/Users/chandrashekhara.av/.m2/repository/net/bytebuddy/byte-buddy/1.7.9/byte-buddy-1.7.9.jar:/Users/chandrashekhara.av/.m2/repository/org/apache/commons/commons-exec/1.3/commons-exec-1.3.jar:/Users/chandrashekhara.av/.m2/repository/commons-codec/commons-codec/1.10/commons-codec-1.10.jar:/Users/chandrashekhara.av/.m2/repository/commons-logging/commons-logging/1.2/commons-logging-1.2.jar:/Users/chandrashekhara.av/.m2/repository/com/google/code/gson/gson/2.8.2/gson-2.8.2.jar:/Users/chandrashekhara.av/.m2/repository/com/google/guava/guava/23.6-jre/guava-23.6-jre.jar:/Users/chandrashekhara.av/.m2/repository/com/google/code/findbugs/jsr305/1.3.9/jsr305-1.3.9.jar:/Users/chandrashekhara.av/.m2/repository/org/checkerframework/checker-compat-qual/2.0.0/checker-compat-qual-2.0.0.jar:/Users/chandrashekhara.av/.m2/repository/com/google/errorprone/error_prone_annotations/2.1.3/error_prone_annotations-2.1.3.jar:/Users/chandrashekhara.av/.m2/repository/com/google/j2objc/j2objc-annotations/1.1/j2objc-annotations-1.1.jar:/Users/chandrashekhara.av/.m2/repository/org/codehaus/mojo/animal-sniffer-annotations/1.14/animal-sniffer-annotations-1.14.jar:/Users/chandrashekhara.av/.m2/repository/org/apache/httpcomponents/httpclient/4.5.3/httpclient-4.5.3.jar:/Users/chandrashekhara.av/.m2/repository/org/apache/httpcomponents/httpcore/4.4.6/httpcore-4.4.6.jar:/Users/chandrashekhara.av/.m2/repository/com/squareup/okhttp3/okhttp/3.9.1/okhttp-3.9.1.jar:/Users/chandrashekhara.av/.m2/repository/com/squareup/okio/okio/1.13.0/okio-1.13.0.jar:/Users/chandrashekhara.av/.m2/repository/info/cukes/cucumber-java/1.2.5/cucumber-java-1.2.5.jar:/Users/chandrashekhara.av/.m2/repository/info/cukes/cucumber-core/1.2.5/cucumber-core-1.2.5.jar:/Users/chandrashekhara.av/.m2/repository/info/cukes/cucumber-html/0.2.3/cucumber-html-0.2.3.jar:/Users/chandrashekhara.av/.m2/repository/info/cukes/gherkin/2.12.2/gherkin-2.12.2.jar:/Users/chandrashekhara.av/.m2/repository/info/cukes/cucumber-jvm-deps/1.0.5/cucumber-jvm-deps-1.0.5.jar:/Users/chandrashekhara.av/.m2/repository/info/cukes/cucumber-testng/1.2.5/cucumber-testng-1.2.5.jar:/Users/chandrashekhara.av/.m2/repository/net/masterthought/cucumber-reporting/3.8.0/cucumber-reporting-3.8.0.jar:/Users/chandrashekhara.av/.m2/repository/org/apache/logging/log4j/log4j-api/2.6/log4j-api-2.6.jar:/Users/chandrashekhara.av/.m2/repository/org/apache/logging/log4j/log4j-core/2.6/log4j-core-2.6.jar:/Users/chandrashekhara.av/.m2/repository/com/fasterxml/jackson/core/jackson-databind/2.8.5/jackson-databind-2.8.5.jar:/Users/chandrashekhara.av/.m2/repository/com/fasterxml/jackson/core/jackson-annotations/2.8.0/jackson-annotations-2.8.0.jar:/Users/chandrashekhara.av/.m2/repository/com/fasterxml/jackson/core/jackson-core/2.8.5/jackson-core-2.8.5.jar:/Users/chandrashekhara.av/.m2/repository/org/apache/velocity/velocity/1.7/velocity-1.7.jar:/Users/chandrashekhara.av/.m2/repository/commons-collections/commons-collections/3.2.1/commons-collections-3.2.1.jar:/Users/chandrashekhara.av/.m2/repository/commons-lang/commons-lang/2.4/commons-lang-2.4.jar:/Users/chandrashekhara.av/.m2/repository/velocity-tools/velocity-tools/1.4/velocity-tools-1.4.jar:/Users/chandrashekhara.av/.m2/repository/joda-time/joda-time/2.9.6/joda-time-2.9.6.jar:/Users/chandrashekhara.av/.m2/repository/org/apache/commons/commons-lang3/3.5/commons-lang3-3.5.jar:/Users/chandrashekhara.av/.m2/repository/commons-io/commons-io/2.5/commons-io-2.5.jar:/Users/chandrashekhara.av/.m2/repository/net/lingala/zip4j/zip4j/1.3.2/zip4j-1.3.2.jar:/Users/chandrashekhara.av/.m2/repository/org/codehaus/plexus/plexus-utils/3.0.24/plexus-utils-3.0.24.jar:/Users/chandrashekhara.av/.m2/repository/org/jsoup/jsoup/1.10.1/jsoup-1.10.1.jar:/Users/chandrashekhara.av/.m2/repository/com/googlecode/owasp-java-html-sanitizer/owasp-java-html-sanitizer/20160924.1/owasp-java-html-sanitizer-20160924.1.jar:/Users/chandrashekhara.av/.m2/repository/io/github/bonigarcia/webdrivermanager/3.8.1/webdrivermanager-3.8.1.jar:/Users/chandrashekhara.av/.m2/repository/org/slf4j/slf4j-api/1.7.25/slf4j-api-1.7.25.jar:/Users/chandrashekhara.av/.m2/repository/org/rauschig/jarchivelib/1.0.0/jarchivelib-1.0.0.jar:/Users/chandrashekhara.av/.m2/repository/org/apache/commons/commons-compress/1.18/commons-compress-1.18.jar:/Users/chandrashekhara.av/.m2/repository/log4j/log4j/1.2.17/log4j-1.2.17.jar:/Users/chandrashekhara.av/.m2/repository/com/vimalselvam/cucumber-extentsreport/3.0.2/cucumber-extentsreport-3.0.2.jar:/Users/chandrashekhara.av/.m2/repository/com/aventstack/extentreports/3.1.5/extentreports-3.1.5.jar:/Users/chandrashekhara.av/.m2/repository/org/mongodb/mongodb-driver/3.3.0/mongodb-driver-3.3.0.jar:/Users/chandrashekhara.av/.m2/repository/org/mongodb/bson/3.3.0/bson-3.3.0.jar:/Users/chandrashekhara.av/.m2/repository/org/mongodb/mongodb-driver-core/3.3.0/mongodb-driver-core-3.3.0.jar:/Users/chandrashekhara.av/.m2/repository/org/apache/httpcomponents/httpmime/4.5.2/httpmime-4.5.2.jar:/Users/chandrashekhara.av/.m2/repository/org/freemarker/freemarker/2.3.28/freemarker-2.3.28.jar:/Users/chandrashekhara.av/.m2/repository/org/apache/maven/surefire/surefire-testng-utils/2.21.0/surefire-testng-utils-2.21.0.jar:/Users/chandrashekhara.av/.m2/repository/org/apache/maven/surefire/surefire-grouper/2.21.0/surefire-grouper-2.21.0.jar:"/>
    <property name="java.vm.vendor" value="Oracle Corporation"/>
    <property name="sun.arch.data.model" value="64"/>
    <property name="java.vendor.url" value="http://java.oracle.com/"/>
    <property name="user.timezone" value=""/>
    <property name="java.vm.specification.version" value="11"/>
    <property name="os.name" value="Mac OS X"/>
    <property name="sun.java.launcher" value="SUN_STANDARD"/>
    <property name="user.country" value="IN"/>
    <property name="sun.boot.library.path" value="/Library/Java/JavaVirtualMachines/jdk-11.0.5.jdk/Contents/Home/lib"/>
    <property name="sun.java.command" value="/Users/chandrashekhara.av/UITest/target/surefire/surefirebooter8068710613182370047.jar /Users/chandrashekhara.av/UITest/target/surefire 2020-06-09T08-51-08_010-jvmRun1 surefire18333878042391453045tmp surefire_09777491471545329729tmp"/>
    <property name="jdk.debug" value="release"/>
    <property name="surefire.test.class.path" value="/Users/chandrashekhara.av/UITest/target/test-classes:/Users/chandrashekhara.av/UITest/target/classes:/Users/chandrashekhara.av/.m2/repository/org/testng/testng/6.14.3/testng-6.14.3.jar:/Users/chandrashekhara.av/.m2/repository/com/beust/jcommander/1.72/jcommander-1.72.jar:/Users/chandrashekhara.av/.m2/repository/org/apache-extras/beanshell/bsh/2.0b6/bsh-2.0b6.jar:/Users/chandrashekhara.av/.m2/repository/org/seleniumhq/selenium/selenium-java/3.11.0/selenium-java-3.11.0.jar:/Users/chandrashekhara.av/.m2/repository/org/seleniumhq/selenium/selenium-api/3.11.0/selenium-api-3.11.0.jar:/Users/chandrashekhara.av/.m2/repository/org/seleniumhq/selenium/selenium-chrome-driver/3.11.0/selenium-chrome-driver-3.11.0.jar:/Users/chandrashekhara.av/.m2/repository/org/seleniumhq/selenium/selenium-edge-driver/3.11.0/selenium-edge-driver-3.11.0.jar:/Users/chandrashekhara.av/.m2/repository/org/seleniumhq/selenium/selenium-firefox-driver/3.11.0/selenium-firefox-driver-3.11.0.jar:/Users/chandrashekhara.av/.m2/repository/org/seleniumhq/selenium/selenium-ie-driver/3.11.0/selenium-ie-driver-3.11.0.jar:/Users/chandrashekhara.av/.m2/repository/org/seleniumhq/selenium/selenium-opera-driver/3.11.0/selenium-opera-driver-3.11.0.jar:/Users/chandrashekhara.av/.m2/repository/org/seleniumhq/selenium/selenium-remote-driver/3.11.0/selenium-remote-driver-3.11.0.jar:/Users/chandrashekhara.av/.m2/repository/org/seleniumhq/selenium/selenium-safari-driver/3.11.0/selenium-safari-driver-3.11.0.jar:/Users/chandrashekhara.av/.m2/repository/org/seleniumhq/selenium/selenium-support/3.11.0/selenium-support-3.11.0.jar:/Users/chandrashekhara.av/.m2/repository/net/bytebuddy/byte-buddy/1.7.9/byte-buddy-1.7.9.jar:/Users/chandrashekhara.av/.m2/repository/org/apache/commons/commons-exec/1.3/commons-exec-1.3.jar:/Users/chandrashekhara.av/.m2/repository/commons-codec/commons-codec/1.10/commons-codec-1.10.jar:/Users/chandrashekhara.av/.m2/repository/commons-logging/commons-logging/1.2/commons-logging-1.2.jar:/Users/chandrashekhara.av/.m2/repository/com/google/code/gson/gson/2.8.2/gson-2.8.2.jar:/Users/chandrashekhara.av/.m2/repository/com/google/guava/guava/23.6-jre/guava-23.6-jre.jar:/Users/chandrashekhara.av/.m2/repository/com/google/code/findbugs/jsr305/1.3.9/jsr305-1.3.9.jar:/Users/chandrashekhara.av/.m2/repository/org/checkerframework/checker-compat-qual/2.0.0/checker-compat-qual-2.0.0.jar:/Users/chandrashekhara.av/.m2/repository/com/google/errorprone/error_prone_annotations/2.1.3/error_prone_annotations-2.1.3.jar:/Users/chandrashekhara.av/.m2/repository/com/google/j2objc/j2objc-annotations/1.1/j2objc-annotations-1.1.jar:/Users/chandrashekhara.av/.m2/repository/org/codehaus/mojo/animal-sniffer-annotations/1.14/animal-sniffer-annotations-1.14.jar:/Users/chandrashekhara.av/.m2/repository/org/apache/httpcomponents/httpclient/4.5.3/httpclient-4.5.3.jar:/Users/chandrashekhara.av/.m2/repository/org/apache/httpcomponents/httpcore/4.4.6/httpcore-4.4.6.jar:/Users/chandrashekhara.av/.m2/repository/com/squareup/okhttp3/okhttp/3.9.1/okhttp-3.9.1.jar:/Users/chandrashekhara.av/.m2/repository/com/squareup/okio/okio/1.13.0/okio-1.13.0.jar:/Users/chandrashekhara.av/.m2/repository/info/cukes/cucumber-java/1.2.5/cucumber-java-1.2.5.jar:/Users/chandrashekhara.av/.m2/repository/info/cukes/cucumber-core/1.2.5/cucumber-core-1.2.5.jar:/Users/chandrashekhara.av/.m2/repository/info/cukes/cucumber-html/0.2.3/cucumber-html-0.2.3.jar:/Users/chandrashekhara.av/.m2/repository/info/cukes/gherkin/2.12.2/gherkin-2.12.2.jar:/Users/chandrashekhara.av/.m2/repository/info/cukes/cucumber-jvm-deps/1.0.5/cucumber-jvm-deps-1.0.5.jar:/Users/chandrashekhara.av/.m2/repository/info/cukes/cucumber-testng/1.2.5/cucumber-testng-1.2.5.jar:/Users/chandrashekhara.av/.m2/repository/net/masterthought/cucumber-reporting/3.8.0/cucumber-reporting-3.8.0.jar:/Users/chandrashekhara.av/.m2/repository/org/apache/logging/log4j/log4j-api/2.6/log4j-api-2.6.jar:/Users/chandrashekhara.av/.m2/repository/org/apache/logging/log4j/log4j-core/2.6/log4j-core-2.6.jar:/Users/chandrashekhara.av/.m2/repository/com/fasterxml/jackson/core/jackson-databind/2.8.5/jackson-databind-2.8.5.jar:/Users/chandrashekhara.av/.m2/repository/com/fasterxml/jackson/core/jackson-annotations/2.8.0/jackson-annotations-2.8.0.jar:/Users/chandrashekhara.av/.m2/repository/com/fasterxml/jackson/core/jackson-core/2.8.5/jackson-core-2.8.5.jar:/Users/chandrashekhara.av/.m2/repository/org/apache/velocity/velocity/1.7/velocity-1.7.jar:/Users/chandrashekhara.av/.m2/repository/commons-collections/commons-collections/3.2.1/commons-collections-3.2.1.jar:/Users/chandrashekhara.av/.m2/repository/commons-lang/commons-lang/2.4/commons-lang-2.4.jar:/Users/chandrashekhara.av/.m2/repository/velocity-tools/velocity-tools/1.4/velocity-tools-1.4.jar:/Users/chandrashekhara.av/.m2/repository/joda-time/joda-time/2.9.6/joda-time-2.9.6.jar:/Users/chandrashekhara.av/.m2/repository/org/apache/commons/commons-lang3/3.5/commons-lang3-3.5.jar:/Users/chandrashekhara.av/.m2/repository/commons-io/commons-io/2.5/commons-io-2.5.jar:/Users/chandrashekhara.av/.m2/repository/net/lingala/zip4j/zip4j/1.3.2/zip4j-1.3.2.jar:/Users/chandrashekhara.av/.m2/repository/org/codehaus/plexus/plexus-utils/3.0.24/plexus-utils-3.0.24.jar:/Users/chandrashekhara.av/.m2/repository/org/jsoup/jsoup/1.10.1/jsoup-1.10.1.jar:/Users/chandrashekhara.av/.m2/repository/com/googlecode/owasp-java-html-sanitizer/owasp-java-html-sanitizer/20160924.1/owasp-java-html-sanitizer-20160924.1.jar:/Users/chandrashekhara.av/.m2/repository/io/github/bonigarcia/webdrivermanager/3.8.1/webdrivermanager-3.8.1.jar:/Users/chandrashekhara.av/.m2/repository/org/slf4j/slf4j-api/1.7.25/slf4j-api-1.7.25.jar:/Users/chandrashekhara.av/.m2/repository/org/rauschig/jarchivelib/1.0.0/jarchivelib-1.0.0.jar:/Users/chandrashekhara.av/.m2/repository/org/apache/commons/commons-compress/1.18/commons-compress-1.18.jar:/Users/chandrashekhara.av/.m2/repository/log4j/log4j/1.2.17/log4j-1.2.17.jar:/Users/chandrashekhara.av/.m2/repository/com/vimalselvam/cucumber-extentsreport/3.0.2/cucumber-extentsreport-3.0.2.jar:/Users/chandrashekhara.av/.m2/repository/com/aventstack/extentreports/3.1.5/extentreports-3.1.5.jar:/Users/chandrashekhara.av/.m2/repository/org/mongodb/mongodb-driver/3.3.0/mongodb-driver-3.3.0.jar:/Users/chandrashekhara.av/.m2/repository/org/mongodb/bson/3.3.0/bson-3.3.0.jar:/Users/chandrashekhara.av/.m2/repository/org/mongodb/mongodb-driver-core/3.3.0/mongodb-driver-core-3.3.0.jar:/Users/chandrashekhara.av/.m2/repository/org/apache/httpcomponents/httpmime/4.5.2/httpmime-4.5.2.jar:/Users/chandrashekhara.av/.m2/repository/org/freemarker/freemarker/2.3.28/freemarker-2.3.28.jar:/Users/chandrashekhara.av/.m2/repository/org/apache/maven/surefire/surefire-testng-utils/2.21.0/surefire-testng-utils-2.21.0.jar:/Users/chandrashekhara.av/.m2/repository/org/apache/maven/surefire/surefire-grouper/2.21.0/surefire-grouper-2.21.0.jar:"/>
    <property name="sun.cpu.endian" value="little"/>
    <property name="user.home" value="/Users/chandrashekhara.av"/>
    <property name="user.language" value="en"/>
    <property name="java.specification.vendor" value="Oracle Corporation"/>
    <property name="java.version.date" value="2019-10-15"/>
    <property name="java.home" value="/Library/Java/JavaVirtualMachines/jdk-11.0.5.jdk/Contents/Home"/>
    <property name="file.separator" value="/"/>
    <property name="basedir" value="/Users/chandrashekhara.av/UITest"/>
    <property name="java.vm.compressedOopsMode" value="Zero based"/>
    <property name="line.separator" value="&#10;"/>
    <property name="java.specification.name" value="Java Platform API Specification"/>
    <property name="java.vm.specification.vendor" value="Oracle Corporation"/>
    <property name="java.awt.graphicsenv" value="sun.awt.CGraphicsEnvironment"/>
    <property name="surefire.real.class.path" value="/Users/chandrashekhara.av/UITest/target/surefire/surefirebooter8068710613182370047.jar"/>
    <property name="sun.management.compiler" value="HotSpot 64-Bit Tiered Compilers"/>
    <property name="java.runtime.version" value="11.0.5+10-LTS"/>
    <property name="user.name" value="chandrashekhara.av"/>
    <property name="path.separator" value=":"/>
    <property name="os.version" value="10.14.6"/>
    <property name="java.runtime.name" value="Java(TM) SE Runtime Environment"/>
    <property name="file.encoding" value="UTF-8"/>
    <property name="java.vm.name" value="Java HotSpot(TM) 64-Bit Server VM"/>
    <property name="java.vendor.version" value="18.9"/>
    <property name="localRepository" value="/Users/chandrashekhara.av/.m2/repository"/>
    <property name="java.vendor.url.bug" value="http://bugreport.java.com/bugreport/"/>
    <property name="java.io.tmpdir" value="/var/folders/gx/88xk1g2945qbnlqkmyd_x165zn13p8/T/"/>
    <property name="java.version" value="11.0.5"/>
    <property name="user.dir" value="/Users/chandrashekhara.av/UITest"/>
    <property name="os.arch" value="x86_64"/>
    <property name="java.vm.specification.name" value="Java Virtual Machine Specification"/>
    <property name="java.awt.printerjob" value="sun.lwawt.macosx.CPrinterJob"/>
    <property name="sun.os.patch.level" value="unknown"/>
    <property name="java.library.path" value="/Users/chandrashekhara.av/Library/Java/Extensions:/Library/Java/Extensions:/Network/Library/Java/Extensions:/System/Library/Java/Extensions:/usr/lib/java:."/>
    <property name="java.vendor" value="Oracle Corporation"/>
    <property name="java.vm.info" value="mixed mode"/>
    <property name="java.vm.version" value="11.0.5+10-LTS"/>
    <property name="org.freemarker.loggerLibrary" value="none"/>
    <property name="sun.io.unicode.encoding" value="UnicodeBig"/>
    <property name="java.class.version" value="55.0"/>
  </properties>
  <testcase name="feature" classname="MyRunner.TestRunner" time="41.66"/>
  <testcase name="feature" classname="MyRunner.TestRunner" time="35.103"/>
  <testcase name="feature" classname="MyRunner.TestRunner" time="123.161"/>
  <testcase name="feature" classname="MyRunner.TestRunner" time="3,263.237">
    <failure message="org.openqa.selenium.TimeoutException: Expected condition failed: waiting for text (&apos;Test Seatq16zq&apos;) to be present in element [[ChromeDriver: chrome on MAC (cd0dcb768a6a98af56d396260dcac2ed)] -&gt; xpath: //table/tbody/tr[1]/td[3]/span/a] (tried for 1000 second(s) with 500 milliseconds interval)&#10;Build info: version: &apos;3.11.0&apos;, revision: &apos;e59cfb3&apos;, time: &apos;2018-03-11T20:26:55.152Z&apos;&#10;System info: host: &apos;RINMAC632&apos;, ip: &apos;fe80:0:0:0:48d:2e77:d6ee:c314%en0&apos;, os.name: &apos;Mac OS X&apos;, os.arch: &apos;x86_64&apos;, os.version: &apos;10.14.6&apos;, java.version: &apos;11.0.5&apos;&#10;Driver info: org.openqa.selenium.support.events.EventFiringWebDriver&#10;Capabilities {acceptInsecureCerts: false, browserName: chrome, browserVersion: 83.0.4103.97, chrome: {chromedriverVersion: 83.0.4103.39 (ccbf011cb2d2b..., userDataDir: /var/folders/gx/88xk1g2945q...}, goog:chromeOptions: {debuggerAddress: localhost:56116}, javascriptEnabled: true, networkConnectionEnabled: false, pageLoadStrategy: normal, platform: MAC, platformName: MAC, proxy: Proxy(), setWindowRect: true, strictFileInteractability: false, timeouts: {implicit: 0, pageLoad: 300000, script: 30000}, unhandledPromptBehavior: dismiss and notify, webauthn:virtualAuthenticators: true}&#10;Session ID: cd0dcb768a6a98af56d396260dcac2ed" type="cucumber.runtime.CucumberException">cucumber.runtime.CucumberException: 
org.openqa.selenium.TimeoutException: Expected condition failed: waiting for text ('Test Seatq16zq') to be present in element [[ChromeDriver: chrome on MAC (cd0dcb768a6a98af56d396260dcac2ed)] -> xpath: //table/tbody/tr[1]/td[3]/span/a] (tried for 1000 second(s) with 500 milliseconds interval)
Build info: version: '3.11.0', revision: 'e59cfb3', time: '2018-03-11T20:26:55.152Z'
System info: host: 'RINMAC632', ip: 'fe80:0:0:0:48d:2e77:d6ee:c314%en0', os.name: 'Mac OS X', os.arch: 'x86_64', os.version: '10.14.6', java.version: '11.0.5'
Driver info: org.openqa.selenium.support.events.EventFiringWebDriver
Capabilities {acceptInsecureCerts: false, browserName: chrome, browserVersion: 83.0.4103.97, chrome: {chromedriverVersion: 83.0.4103.39 (ccbf011cb2d2b..., userDataDir: /var/folders/gx/88xk1g2945q...}, goog:chromeOptions: {debuggerAddress: localhost:56116}, javascriptEnabled: true, networkConnectionEnabled: false, pageLoadStrategy: normal, platform: MAC, platformName: MAC, proxy: Proxy(), setWindowRect: true, strictFileInteractability: false, timeouts: {implicit: 0, pageLoad: 300000, script: 30000}, unhandledPromptBehavior: dismiss and notify, webauthn:virtualAuthenticators: true}
Session ID: cd0dcb768a6a98af56d396260dcac2ed
	at MyRunner.TestRunner.feature(TestRunner.java:44)
Caused by: org.openqa.selenium.TimeoutException: 
Expected condition failed: waiting for text ('Test Seatq16zq') to be present in element [[ChromeDriver: chrome on MAC (cd0dcb768a6a98af56d396260dcac2ed)] -> xpath: //table/tbody/tr[1]/td[3]/span/a] (tried for 1000 second(s) with 500 milliseconds interval)
Build info: version: '3.11.0', revision: 'e59cfb3', time: '2018-03-11T20:26:55.152Z'
System info: host: 'RINMAC632', ip: 'fe80:0:0:0:48d:2e77:d6ee:c314%en0', os.name: 'Mac OS X', os.arch: 'x86_64', os.version: '10.14.6', java.version: '11.0.5'
Driver info: org.openqa.selenium.support.events.EventFiringWebDriver
Capabilities {acceptInsecureCerts: false, browserName: chrome, browserVersion: 83.0.4103.97, chrome: {chromedriverVersion: 83.0.4103.39 (ccbf011cb2d2b..., userDataDir: /var/folders/gx/88xk1g2945q...}, goog:chromeOptions: {debuggerAddress: localhost:56116}, javascriptEnabled: true, networkConnectionEnabled: false, pageLoadStrategy: normal, platform: MAC, platformName: MAC, proxy: Proxy(), setWindowRect: true, strictFileInteractability: false, timeouts: {implicit: 0, pageLoad: 300000, script: 30000}, unhandledPromptBehavior: dismiss and notify, webauthn:virtualAuthenticators: true}
Session ID: cd0dcb768a6a98af56d396260dcac2ed
</failure>
    <system-out><![CDATA[Feature: Seats page validation
Before navigating to: 'http://qa-publisher-portal.rmp.rakuten.com/login'
Navigated to:'http://qa-publisher-portal.rmp.rakuten.com/login'
Trying to find Element By : By.xpath: //input[@autofocus="autofocus"]
Found Element By : By.xpath: //input[@autofocus="autofocus"]
Value of the:[[ChromeDriver: chrome on MAC (a5d069102959c51039b4b7b435f25489)] -> xpath: //input[@autofocus="autofocus"]] before any changes made
Element value changed to: [[ChromeDriver: chrome on MAC (a5d069102959c51039b4b7b435f25489)] -> xpath: //input[@autofocus="autofocus"]]
Trying to find Element By : By.xpath: //input[@type="password"]
Found Element By : By.xpath: //input[@type="password"]
Value of the:[[ChromeDriver: chrome on MAC (a5d069102959c51039b4b7b435f25489)] -> xpath: //input[@type="password"]] before any changes made
Element value changed to: [[ChromeDriver: chrome on MAC (a5d069102959c51039b4b7b435f25489)] -> xpath: //input[@type="password"]]
Trying to find Element By : By.xpath: //span[text()='Login']
Found Element By : By.xpath: //span[text()='Login']
Trying to click on: [[ChromeDriver: chrome on MAC (a5d069102959c51039b4b7b435f25489)] -> xpath: //span[text()='Login']]
Clicked on: [[ChromeDriver: chrome on MAC (a5d069102959c51039b4b7b435f25489)] -> xpath: //span[text()='Login']]
Trying to find Element By : By.xpath: //div[@class="logo"]
Found Element By : By.xpath: //div[@class="logo"]
Trying to find Element By : By.xpath: //div[text()='Seats']
Found Element By : By.xpath: //div[text()='Seats']
Trying to find Element By : By.xpath: //div[text()='Seats']
Found Element By : By.xpath: //div[text()='Seats']
Trying to click on: [[ChromeDriver: chrome on MAC (a5d069102959c51039b4b7b435f25489)] -> xpath: //div[text()='Seats']]
Clicked on: [[ChromeDriver: chrome on MAC (a5d069102959c51039b4b7b435f25489)] -> xpath: //div[text()='Seats']]
Trying to find Element By : By.xpath: //h1[text()='Seats']
Found Element By : By.xpath: //h1[text()='Seats']
06-09-2020 08:54:36 SeatsPageStepsDefinition.java INFO  [TestNG-tests-1] stepDefinitions.SeatsPageStepsDefinition 65 - Clicked on Seats option under Account
Trying to find Element By : By.xpath: //h1[text()='Seats']
Found Element By : By.xpath: //h1[text()='Seats']
Trying to find Element By : By.xpath: //h1[text()='Seats']
Found Element By : By.xpath: //h1[text()='Seats']
Seats
Trying to find Element By : By.xpath: //h1[text()='Seats']
Found Element By : By.xpath: //h1[text()='Seats']
Trying to find Element By : By.xpath: //h1[text()='Seats']
Found Element By : By.xpath: //h1[text()='Seats']
Trying to find Element By : By.xpath: //h1[text()='Seats']
Found Element By : By.xpath: //h1[text()='Seats']
Seats
Trying to find Element By : By.xpath: //h1[text()='Seats']
Found Element By : By.xpath: //h1[text()='Seats']
06-09-2020 08:54:36 SeatsPageStepsDefinition.java INFO  [TestNG-tests-1] stepDefinitions.SeatsPageStepsDefinition 71 - Seats Page Header is asserts  and it is : Seats
Before navigating to: 'http://qa-publisher-portal.rmp.rakuten.com/login'
Navigated to:'http://qa-publisher-portal.rmp.rakuten.com/login'

  Scenario: Verify if user is displayed with seats list page on clicking seats with admin role. &amp#27;[90m# RXSeats.feature:2&amp#27;[0m
    &amp#27;[32mGiven &amp#27;[0m&amp#27;[32madmin user login to RX UI with valid username and password&amp#27;[0m                            &amp#27;[90m# ProfileStepDefinition.admin_user_login_to_RX_UI_with_valid_username_and_password()&amp#27;[0m
    &amp#27;[32mWhen &amp#27;[0m&amp#27;[32mclick on Seat option under accounts.&amp#27;[0m                                                   &amp#27;[90m# SeatsPageStepsDefinition.click_on_Seat_option_under_accounts()&amp#27;[0m
    &amp#27;[32mThen &amp#27;[0m&amp#27;[32muser displayed with seats page.&amp#27;[0m                                                        &amp#27;[90m# SeatsPageStepsDefinition.user_displayed_with_seats_page()&amp#27;[0m
Trying to find Element By : By.xpath: //input[@autofocus="autofocus"]
Found Element By : By.xpath: //input[@autofocus="autofocus"]
Value of the:[[ChromeDriver: chrome on MAC (28206fcb286a8bddc47225a2101f0aad)] -> xpath: //input[@autofocus="autofocus"]] before any changes made
Element value changed to: [[ChromeDriver: chrome on MAC (28206fcb286a8bddc47225a2101f0aad)] -> xpath: //input[@autofocus="autofocus"]]
Trying to find Element By : By.xpath: //input[@type="password"]
Found Element By : By.xpath: //input[@type="password"]
Value of the:[[ChromeDriver: chrome on MAC (28206fcb286a8bddc47225a2101f0aad)] -> xpath: //input[@type="password"]] before any changes made
Element value changed to: [[ChromeDriver: chrome on MAC (28206fcb286a8bddc47225a2101f0aad)] -> xpath: //input[@type="password"]]
Trying to find Element By : By.xpath: //span[text()='Login']
Found Element By : By.xpath: //span[text()='Login']
Trying to click on: [[ChromeDriver: chrome on MAC (28206fcb286a8bddc47225a2101f0aad)] -> xpath: //span[text()='Login']]
Clicked on: [[ChromeDriver: chrome on MAC (28206fcb286a8bddc47225a2101f0aad)] -> xpath: //span[text()='Login']]
Trying to find Element By : By.xpath: //div[@class="logo"]
Found Element By : By.xpath: //div[@class="logo"]
Trying to find Element By : By.xpath: //div[text()='Seats']
Found Element By : By.xpath: //div[text()='Seats']
Trying to find Element By : By.xpath: //div[text()='Seats']
Found Element By : By.xpath: //div[text()='Seats']
Trying to click on: [[ChromeDriver: chrome on MAC (28206fcb286a8bddc47225a2101f0aad)] -> xpath: //div[text()='Seats']]
Clicked on: [[ChromeDriver: chrome on MAC (28206fcb286a8bddc47225a2101f0aad)] -> xpath: //div[text()='Seats']]
Trying to find Element By : By.xpath: //h1[text()='Seats']
Found Element By : By.xpath: //h1[text()='Seats']
06-09-2020 08:54:44 SeatsPageStepsDefinition.java INFO  [TestNG-tests-1] stepDefinitions.SeatsPageStepsDefinition 81 - Clicked on Seats option under Account
Trying to find Element By : By.xpath: //span[text()='Active']
Found Element By : By.xpath: //span[text()='Active']
Trying to find Element By : By.xpath: //h1[text()='Seats']
Found Element By : By.xpath: //h1[text()='Seats']
Trying to find Element By : By.xpath: //span[text()='Active']
Found Element By : By.xpath: //span[text()='Active']
Trying to find Element By : By.xpath: //span[text()='Active']
Found Element By : By.xpath: //span[text()='Active']
Trying to find Element By : By.xpath: //span[text()='Active']
Found Element By : By.xpath: //span[text()='Active']
Trying to click on: [[ChromeDriver: chrome on MAC (28206fcb286a8bddc47225a2101f0aad)] -> xpath: //span[text()='Active']]
Clicked on: [[ChromeDriver: chrome on MAC (28206fcb286a8bddc47225a2101f0aad)] -> xpath: //span[text()='Active']]
06-09-2020 08:54:44 SeatsPageStepsDefinition.java INFO  [TestNG-tests-1] stepDefinitions.SeatsPageStepsDefinition 83 - Clicked on Active tab
Trying to find Element By : By.xpath: //h1[text()='Seats']
Found Element By : By.xpath: //h1[text()='Seats']
Trying to find Element By : By.all({By.xpath: //table/tbody/tr})
Found Element By : By.all({By.xpath: //table/tbody/tr})
Trying to find Element By : By.xpath: //table/tbody/tr[15]/td[3]
Found Element By : By.xpath: //table/tbody/tr[15]/td[3]
06-09-2020 08:54:44 SeatsPageStepsDefinition.java INFO  [TestNG-tests-1] stepDefinitions.SeatsPageStepsDefinition 85 - Seat name for search on Active tab :Test Seat499
Trying to find Element By : By.xpath: //input[@autocomplete='nope']
Found Element By : By.xpath: //input[@autocomplete='nope']
Value of the:[[ChromeDriver: chrome on MAC (28206fcb286a8bddc47225a2101f0aad)] -> xpath: //input[@autocomplete='nope']] before any changes made
Element value changed to: [[ChromeDriver: chrome on MAC (28206fcb286a8bddc47225a2101f0aad)] -> xpath: //input[@autocomplete='nope']]
06-09-2020 08:54:44 SeatsPageStepsDefinition.java INFO  [TestNG-tests-1] stepDefinitions.SeatsPageStepsDefinition 87 - Seat name searched on Active tab :Test Seat499
Trying to find Element By : By.xpath: //h1[text()='Seats']
Found Element By : By.xpath: //h1[text()='Seats']
Trying to find Element By : By.all({By.xpath: //table/tbody/tr})
Found Element By : By.all({By.xpath: //table/tbody/tr})
Trying to find Element By : By.xpath: //table/tbody/tr[1]/td[3]
Found Element By : By.xpath: //table/tbody/tr[1]/td[3]
Trying to find Element By : By.xpath: //h1[text()='Seats']
Found Element By : By.xpath: //h1[text()='Seats']
Trying to find Element By : By.all({By.xpath: //table/tbody/tr})
Found Element By : By.all({By.xpath: //table/tbody/tr})
Trying to find Element By : By.xpath: //table/tbody/tr[1]/td[3]
Found Element By : By.xpath: //table/tbody/tr[1]/td[3]
06-09-2020 08:54:44 SeatsPageStepsDefinition.java INFO  [TestNG-tests-1] stepDefinitions.SeatsPageStepsDefinition 95 - Search result of Seat name asserted  :Test Seat499
Before navigating to: 'http://qa-publisher-portal.rmp.rakuten.com/login'
Navigated to:'http://qa-publisher-portal.rmp.rakuten.com/login'

  Scenario: Verify if user is able to search the Active Seat with admin role. &amp#27;[90m# RXSeats.feature:7&amp#27;[0m
    &amp#27;[32mGiven &amp#27;[0m&amp#27;[32madmin user login to RX UI with valid username and password&amp#27;[0m          &amp#27;[90m# ProfileStepDefinition.admin_user_login_to_RX_UI_with_valid_username_and_password()&amp#27;[0m
    &amp#27;[32mWhen &amp#27;[0m&amp#27;[32mclick on Active tab and search for Seat&amp#27;[0m                              &amp#27;[90m# SeatsPageStepsDefinition.click_on_Active_tab_and_search_for_Seat()&amp#27;[0m
    &amp#27;[32mThen &amp#27;[0m&amp#27;[32mSearched result display the seat&amp#27;[0m                                     &amp#27;[90m# SeatsPageStepsDefinition.searched_result_display_the_seat()&amp#27;[0m
Trying to find Element By : By.xpath: //input[@autofocus="autofocus"]
Found Element By : By.xpath: //input[@autofocus="autofocus"]
Value of the:[[ChromeDriver: chrome on MAC (990120d8b3087c4f86ed26111e122025)] -> xpath: //input[@autofocus="autofocus"]] before any changes made
Element value changed to: [[ChromeDriver: chrome on MAC (990120d8b3087c4f86ed26111e122025)] -> xpath: //input[@autofocus="autofocus"]]
Trying to find Element By : By.xpath: //input[@type="password"]
Found Element By : By.xpath: //input[@type="password"]
Value of the:[[ChromeDriver: chrome on MAC (990120d8b3087c4f86ed26111e122025)] -> xpath: //input[@type="password"]] before any changes made
Element value changed to: [[ChromeDriver: chrome on MAC (990120d8b3087c4f86ed26111e122025)] -> xpath: //input[@type="password"]]
Trying to find Element By : By.xpath: //span[text()='Login']
Found Element By : By.xpath: //span[text()='Login']
Trying to click on: [[ChromeDriver: chrome on MAC (990120d8b3087c4f86ed26111e122025)] -> xpath: //span[text()='Login']]
Clicked on: [[ChromeDriver: chrome on MAC (990120d8b3087c4f86ed26111e122025)] -> xpath: //span[text()='Login']]
Trying to find Element By : By.xpath: //div[@class="logo"]
Found Element By : By.xpath: //div[@class="logo"]
Trying to find Element By : By.xpath: //div[text()='Seats']
Found Element By : By.xpath: //div[text()='Seats']
Trying to find Element By : By.xpath: //div[text()='Seats']
Found Element By : By.xpath: //div[text()='Seats']
Trying to click on: [[ChromeDriver: chrome on MAC (990120d8b3087c4f86ed26111e122025)] -> xpath: //div[text()='Seats']]
Clicked on: [[ChromeDriver: chrome on MAC (990120d8b3087c4f86ed26111e122025)] -> xpath: //div[text()='Seats']]
Trying to find Element By : By.xpath: //h1[text()='Seats']
Found Element By : By.xpath: //h1[text()='Seats']
06-09-2020 08:54:53 SeatsPageStepsDefinition.java INFO  [TestNG-tests-1] stepDefinitions.SeatsPageStepsDefinition 111 - Clicked on Seats option under Account
Trying to find Element By : By.xpath: //span[text()='Inactive']
Found Element By : By.xpath: //span[text()='Inactive']
Trying to find Element By : By.xpath: //h1[text()='Seats']
Found Element By : By.xpath: //h1[text()='Seats']
Trying to find Element By : By.xpath: //span[text()='Inactive']
Found Element By : By.xpath: //span[text()='Inactive']
Trying to find Element By : By.xpath: //span[text()='Inactive']
Found Element By : By.xpath: //span[text()='Inactive']
Trying to find Element By : By.xpath: //span[text()='Inactive']
Found Element By : By.xpath: //span[text()='Inactive']
Trying to click on: [[ChromeDriver: chrome on MAC (990120d8b3087c4f86ed26111e122025)] -> xpath: //span[text()='Inactive']]
Clicked on: [[ChromeDriver: chrome on MAC (990120d8b3087c4f86ed26111e122025)] -> xpath: //span[text()='Inactive']]
06-09-2020 08:54:53 SeatsPageStepsDefinition.java INFO  [TestNG-tests-1] stepDefinitions.SeatsPageStepsDefinition 113 - Clicked on Inactive tab
Trying to find Element By : By.xpath: //h1[text()='Seats']
Found Element By : By.xpath: //h1[text()='Seats']
Trying to find Element By : By.all({By.xpath: //table/tbody/tr})
Found Element By : By.all({By.xpath: //table/tbody/tr})
Trying to find Element By : By.xpath: //table/tbody/tr[15]/td[3]
Found Element By : By.xpath: //table/tbody/tr[15]/td[3]
06-09-2020 08:54:53 SeatsPageStepsDefinition.java INFO  [TestNG-tests-1] stepDefinitions.SeatsPageStepsDefinition 115 - Seat name for search on Inactive tab :Test Seat571
Trying to find Element By : By.xpath: //input[@autocomplete='nope']
Found Element By : By.xpath: //input[@autocomplete='nope']
Value of the:[[ChromeDriver: chrome on MAC (990120d8b3087c4f86ed26111e122025)] -> xpath: //input[@autocomplete='nope']] before any changes made
Element value changed to: [[ChromeDriver: chrome on MAC (990120d8b3087c4f86ed26111e122025)] -> xpath: //input[@autocomplete='nope']]
06-09-2020 08:54:53 SeatsPageStepsDefinition.java INFO  [TestNG-tests-1] stepDefinitions.SeatsPageStepsDefinition 117 - Seat name searched on Inactive tab :Test Seat571
Trying to find Element By : By.xpath: //h1[text()='Seats']
Found Element By : By.xpath: //h1[text()='Seats']
Trying to find Element By : By.all({By.xpath: //table/tbody/tr})
Found Element By : By.all({By.xpath: //table/tbody/tr})
Trying to find Element By : By.xpath: //table/tbody/tr[1]/td[3]
Found Element By : By.xpath: //table/tbody/tr[1]/td[3]
Trying to find Element By : By.xpath: //h1[text()='Seats']
Found Element By : By.xpath: //h1[text()='Seats']
Trying to find Element By : By.all({By.xpath: //table/tbody/tr})
Found Element By : By.all({By.xpath: //table/tbody/tr})
Trying to find Element By : By.xpath: //table/tbody/tr[1]/td[3]
Found Element By : By.xpath: //table/tbody/tr[1]/td[3]
06-09-2020 08:54:54 SeatsPageStepsDefinition.java INFO  [TestNG-tests-1] stepDefinitions.SeatsPageStepsDefinition 95 - Search result of Seat name asserted  :Test Seat571
Before navigating to: 'http://qa-publisher-portal.rmp.rakuten.com/login'
Navigated to:'http://qa-publisher-portal.rmp.rakuten.com/login'

  Scenario: Verify if user is able to search the Inactive Seat with admin role. &amp#27;[90m# RXSeats.feature:12&amp#27;[0m
    &amp#27;[32mGiven &amp#27;[0m&amp#27;[32madmin user login to RX UI with valid username and password&amp#27;[0m            &amp#27;[90m# ProfileStepDefinition.admin_user_login_to_RX_UI_with_valid_username_and_password()&amp#27;[0m
    &amp#27;[32mWhen &amp#27;[0m&amp#27;[32mclick on Inactive tab and search for Seat&amp#27;[0m                              &amp#27;[90m# SeatsPageStepsDefinition.click_on_Inactive_tab_and_search_for_Seat()&amp#27;[0m
    &amp#27;[32mThen &amp#27;[0m&amp#27;[32mSearched result display the seat&amp#27;[0m                                       &amp#27;[90m# SeatsPageStepsDefinition.searched_result_display_the_seat()&amp#27;[0m
Trying to find Element By : By.xpath: //input[@autofocus="autofocus"]
Found Element By : By.xpath: //input[@autofocus="autofocus"]
Value of the:[[ChromeDriver: chrome on MAC (79b7e9a11369af9a892fde04c3130054)] -> xpath: //input[@autofocus="autofocus"]] before any changes made
Element value changed to: [[ChromeDriver: chrome on MAC (79b7e9a11369af9a892fde04c3130054)] -> xpath: //input[@autofocus="autofocus"]]
Trying to find Element By : By.xpath: //input[@type="password"]
Found Element By : By.xpath: //input[@type="password"]
Value of the:[[ChromeDriver: chrome on MAC (79b7e9a11369af9a892fde04c3130054)] -> xpath: //input[@type="password"]] before any changes made
Element value changed to: [[ChromeDriver: chrome on MAC (79b7e9a11369af9a892fde04c3130054)] -> xpath: //input[@type="password"]]
Trying to find Element By : By.xpath: //span[text()='Login']
Found Element By : By.xpath: //span[text()='Login']
Trying to click on: [[ChromeDriver: chrome on MAC (79b7e9a11369af9a892fde04c3130054)] -> xpath: //span[text()='Login']]
Clicked on: [[ChromeDriver: chrome on MAC (79b7e9a11369af9a892fde04c3130054)] -> xpath: //span[text()='Login']]
Trying to find Element By : By.xpath: //div[@class="logo"]
Found Element By : By.xpath: //div[@class="logo"]
Trying to find Element By : By.xpath: //div[text()='Seats']
Found Element By : By.xpath: //div[text()='Seats']
Trying to find Element By : By.xpath: //div[text()='Seats']
Found Element By : By.xpath: //div[text()='Seats']
Trying to click on: [[ChromeDriver: chrome on MAC (79b7e9a11369af9a892fde04c3130054)] -> xpath: //div[text()='Seats']]
Clicked on: [[ChromeDriver: chrome on MAC (79b7e9a11369af9a892fde04c3130054)] -> xpath: //div[text()='Seats']]
Trying to find Element By : By.xpath: //h1[text()='Seats']
Found Element By : By.xpath: //h1[text()='Seats']
06-09-2020 08:55:02 SeatsPageStepsDefinition.java INFO  [TestNG-tests-1] stepDefinitions.SeatsPageStepsDefinition 127 - Clicked on Seats option under Account
Trying to find Element By : By.xpath: //span[text()='Paused']
Found Element By : By.xpath: //span[text()='Paused']
Trying to find Element By : By.xpath: //h1[text()='Seats']
Found Element By : By.xpath: //h1[text()='Seats']
Trying to find Element By : By.xpath: //span[text()='Paused']
Found Element By : By.xpath: //span[text()='Paused']
Trying to find Element By : By.xpath: //span[text()='Paused']
Found Element By : By.xpath: //span[text()='Paused']
Trying to find Element By : By.xpath: //span[text()='Paused']
Found Element By : By.xpath: //span[text()='Paused']
Trying to click on: [[ChromeDriver: chrome on MAC (79b7e9a11369af9a892fde04c3130054)] -> xpath: //span[text()='Paused']]
Clicked on: [[ChromeDriver: chrome on MAC (79b7e9a11369af9a892fde04c3130054)] -> xpath: //span[text()='Paused']]
06-09-2020 08:55:03 SeatsPageStepsDefinition.java INFO  [TestNG-tests-1] stepDefinitions.SeatsPageStepsDefinition 129 - Clicked on paused tab
Trying to find Element By : By.xpath: //h1[text()='Seats']
Found Element By : By.xpath: //h1[text()='Seats']
Trying to find Element By : By.all({By.xpath: //table/tbody/tr})
Found Element By : By.all({By.xpath: //table/tbody/tr})
Trying to find Element By : By.xpath: //table/tbody/tr[15]/td[3]
Found Element By : By.xpath: //table/tbody/tr[15]/td[3]
06-09-2020 08:55:03 SeatsPageStepsDefinition.java INFO  [TestNG-tests-1] stepDefinitions.SeatsPageStepsDefinition 132 - Seat name for search on paused tab :Test Seat805
Trying to find Element By : By.xpath: //input[@autocomplete='nope']
Found Element By : By.xpath: //input[@autocomplete='nope']
Value of the:[[ChromeDriver: chrome on MAC (79b7e9a11369af9a892fde04c3130054)] -> xpath: //input[@autocomplete='nope']] before any changes made
Element value changed to: [[ChromeDriver: chrome on MAC (79b7e9a11369af9a892fde04c3130054)] -> xpath: //input[@autocomplete='nope']]
06-09-2020 08:55:03 SeatsPageStepsDefinition.java INFO  [TestNG-tests-1] stepDefinitions.SeatsPageStepsDefinition 134 - Seat name searched on paused tab :Test Seat805
Trying to find Element By : By.xpath: //h1[text()='Seats']
Found Element By : By.xpath: //h1[text()='Seats']
Trying to find Element By : By.all({By.xpath: //table/tbody/tr})
Found Element By : By.all({By.xpath: //table/tbody/tr})
Trying to find Element By : By.xpath: //table/tbody/tr[1]/td[3]
Found Element By : By.xpath: //table/tbody/tr[1]/td[3]
Trying to find Element By : By.xpath: //h1[text()='Seats']
Found Element By : By.xpath: //h1[text()='Seats']
Trying to find Element By : By.all({By.xpath: //table/tbody/tr})
Found Element By : By.all({By.xpath: //table/tbody/tr})
Trying to find Element By : By.xpath: //table/tbody/tr[1]/td[3]
Found Element By : By.xpath: //table/tbody/tr[1]/td[3]
06-09-2020 08:55:03 SeatsPageStepsDefinition.java INFO  [TestNG-tests-1] stepDefinitions.SeatsPageStepsDefinition 95 - Search result of Seat name asserted  :Test Seat805
Before navigating to: 'http://qa-publisher-portal.rmp.rakuten.com/login'
Navigated to:'http://qa-publisher-portal.rmp.rakuten.com/login'

  Scenario: Verify if user is able to search the paused Seat with admin role. &amp#27;[90m# RXSeats.feature:17&amp#27;[0m
    &amp#27;[32mGiven &amp#27;[0m&amp#27;[32madmin user login to RX UI with valid username and password&amp#27;[0m          &amp#27;[90m# ProfileStepDefinition.admin_user_login_to_RX_UI_with_valid_username_and_password()&amp#27;[0m
    &amp#27;[32mWhen &amp#27;[0m&amp#27;[32mclick on paused tab and search for Seat&amp#27;[0m                              &amp#27;[90m# SeatsPageStepsDefinition.click_on_paused_tab_and_search_for_Seat()&amp#27;[0m
    &amp#27;[32mThen &amp#27;[0m&amp#27;[32mSearched result display the seat&amp#27;[0m                                     &amp#27;[90m# SeatsPageStepsDefinition.searched_result_display_the_seat()&amp#27;[0m
Trying to find Element By : By.xpath: //input[@autofocus="autofocus"]
Found Element By : By.xpath: //input[@autofocus="autofocus"]
Value of the:[[ChromeDriver: chrome on MAC (cd0dcb768a6a98af56d396260dcac2ed)] -> xpath: //input[@autofocus="autofocus"]] before any changes made
Element value changed to: [[ChromeDriver: chrome on MAC (cd0dcb768a6a98af56d396260dcac2ed)] -> xpath: //input[@autofocus="autofocus"]]
Trying to find Element By : By.xpath: //input[@type="password"]
Found Element By : By.xpath: //input[@type="password"]
Value of the:[[ChromeDriver: chrome on MAC (cd0dcb768a6a98af56d396260dcac2ed)] -> xpath: //input[@type="password"]] before any changes made
Element value changed to: [[ChromeDriver: chrome on MAC (cd0dcb768a6a98af56d396260dcac2ed)] -> xpath: //input[@type="password"]]
Trying to find Element By : By.xpath: //span[text()='Login']
Found Element By : By.xpath: //span[text()='Login']
Trying to click on: [[ChromeDriver: chrome on MAC (cd0dcb768a6a98af56d396260dcac2ed)] -> xpath: //span[text()='Login']]
Clicked on: [[ChromeDriver: chrome on MAC (cd0dcb768a6a98af56d396260dcac2ed)] -> xpath: //span[text()='Login']]
Trying to find Element By : By.xpath: //div[@class="logo"]
Found Element By : By.xpath: //div[@class="logo"]
Trying to find Element By : By.xpath: //div[text()='Seats']
Found Element By : By.xpath: //div[text()='Seats']
Trying to find Element By : By.xpath: //div[text()='Seats']
Found Element By : By.xpath: //div[text()='Seats']
Trying to click on: [[ChromeDriver: chrome on MAC (cd0dcb768a6a98af56d396260dcac2ed)] -> xpath: //div[text()='Seats']]
Clicked on: [[ChromeDriver: chrome on MAC (cd0dcb768a6a98af56d396260dcac2ed)] -> xpath: //div[text()='Seats']]
Trying to find Element By : By.xpath: //h1[text()='Seats']
Found Element By : By.xpath: //h1[text()='Seats']
06-09-2020 08:55:11 SeatsPageStepsDefinition.java INFO  [TestNG-tests-1] stepDefinitions.SeatsPageStepsDefinition 393 - Clicked on Seats option under Account
Trying to find Element By : By.xpath: //span[text()='Active']
Found Element By : By.xpath: //span[text()='Active']
Trying to find Element By : By.xpath: //h1[text()='Seats']
Found Element By : By.xpath: //h1[text()='Seats']
Trying to find Element By : By.xpath: //span[text()='Active']
Found Element By : By.xpath: //span[text()='Active']
Trying to find Element By : By.xpath: //span[text()='Active']
Found Element By : By.xpath: //span[text()='Active']
Trying to find Element By : By.xpath: //span[text()='Active']
Found Element By : By.xpath: //span[text()='Active']
Trying to click on: [[ChromeDriver: chrome on MAC (cd0dcb768a6a98af56d396260dcac2ed)] -> xpath: //span[text()='Active']]
Clicked on: [[ChromeDriver: chrome on MAC (cd0dcb768a6a98af56d396260dcac2ed)] -> xpath: //span[text()='Active']]
06-09-2020 08:55:11 SeatsPageStepsDefinition.java INFO  [TestNG-tests-1] stepDefinitions.SeatsPageStepsDefinition 395 - Click on Active tab
Trying to find Element By : By.xpath: //header/div/div[1]/button[1]
Found Element By : By.xpath: //header/div/div[1]/button[1]
Trying to click on: [[ChromeDriver: chrome on MAC (cd0dcb768a6a98af56d396260dcac2ed)] -> xpath: //header/div/div[1]/button[1]]
Clicked on: [[ChromeDriver: chrome on MAC (cd0dcb768a6a98af56d396260dcac2ed)] -> xpath: //header/div/div[1]/button[1]]
06-09-2020 08:55:11 SeatsPageStepsDefinition.java INFO  [TestNG-tests-1] stepDefinitions.SeatsPageStepsDefinition 397 - Click on create seat
Trying to find Element By : By.xpath: //span/form/div[3]/button/span
Found Element By : By.xpath: //span/form/div[3]/button/span
Trying to find Element By : By.xpath: //span/form/div[3]/button/span
Found Element By : By.xpath: //span/form/div[3]/button/span
Trying to find Element By : By.xpath: //span/form/div[2]/div[1]/div/span/div/div/div[1]/div/input
Found Element By : By.xpath: //span/form/div[2]/div[1]/div/span/div/div/div[1]/div/input
Value of the:[[ChromeDriver: chrome on MAC (cd0dcb768a6a98af56d396260dcac2ed)] -> xpath: //span/form/div[2]/div[1]/div/span/div/div/div[1]/div/input] before any changes made
Element value changed to: [[ChromeDriver: chrome on MAC (cd0dcb768a6a98af56d396260dcac2ed)] -> xpath: //span/form/div[2]/div[1]/div/span/div/div/div[1]/div/input]
Trying to find Element By : By.xpath: //span/form/div[2]/div[2]/div/div/div/div[1]/div[1]/input[1]
Found Element By : By.xpath: //span/form/div[2]/div[2]/div/div/div/div[1]/div[1]/input[1]
Value of the:[[ChromeDriver: chrome on MAC (cd0dcb768a6a98af56d396260dcac2ed)] -> xpath: //span/form/div[2]/div[2]/div/div/div/div[1]/div[1]/input[1]] before any changes made
Element value changed to: [[ChromeDriver: chrome on MAC (cd0dcb768a6a98af56d396260dcac2ed)] -> xpath: //span/form/div[2]/div[2]/div/div/div/div[1]/div[1]/input[1]]
Trying to find Element By : By.xpath: //span/form/div[2]/div[3]/div/div/div/div[1]/div/div[1]/div/div
Found Element By : By.xpath: //span/form/div[2]/div[3]/div/div/div/div[1]/div/div[1]/div/div
Trying to find Element By : By.xpath: //span/form/div[2]/div[3]/div/div/div/div[1]/div/div[1]/div/div
Found Element By : By.xpath: //span/form/div[2]/div[3]/div/div/div/div[1]/div/div[1]/div/div
Trying to find Element By : By.xpath: //span/form/div[2]/div[3]/div/div/div/div[1]/div/div[1]/div/div
Found Element By : By.xpath: //span/form/div[2]/div[3]/div/div/div/div[1]/div/div[1]/div/div
Trying to click on: [[ChromeDriver: chrome on MAC (cd0dcb768a6a98af56d396260dcac2ed)] -> xpath: //span/form/div[2]/div[3]/div/div/div/div[1]/div/div[1]/div/div]
Clicked on: [[ChromeDriver: chrome on MAC (cd0dcb768a6a98af56d396260dcac2ed)] -> xpath: //span/form/div[2]/div[3]/div/div/div/div[1]/div/div[1]/div/div]
Trying to find Element By : By.xpath: //span/form/div[2]/div[4]/div[1]/div/div/div[1]/div[1]/input[1]
Found Element By : By.xpath: //span/form/div[2]/div[4]/div[1]/div/div/div[1]/div[1]/input[1]
Value of the:[[ChromeDriver: chrome on MAC (cd0dcb768a6a98af56d396260dcac2ed)] -> xpath: //span/form/div[2]/div[4]/div[1]/div/div/div[1]/div[1]/input[1]] before any changes made
Element value changed to: [[ChromeDriver: chrome on MAC (cd0dcb768a6a98af56d396260dcac2ed)] -> xpath: //span/form/div[2]/div[4]/div[1]/div/div/div[1]/div[1]/input[1]]
Trying to find Element By : By.xpath: //span/form/div[2]/div[4]/div[2]/div/div/div[1]/div/input
Found Element By : By.xpath: //span/form/div[2]/div[4]/div[2]/div/div/div[1]/div/input
Value of the:[[ChromeDriver: chrome on MAC (cd0dcb768a6a98af56d396260dcac2ed)] -> xpath: //span/form/div[2]/div[4]/div[2]/div/div/div[1]/div/input] before any changes made
Element value changed to: [[ChromeDriver: chrome on MAC (cd0dcb768a6a98af56d396260dcac2ed)] -> xpath: //span/form/div[2]/div[4]/div[2]/div/div/div[1]/div/input]
Trying to find Element By : By.xpath: //span/form/div[2]/div[5]/div/div/div/div[1]/div/input
Found Element By : By.xpath: //span/form/div[2]/div[5]/div/div/div/div[1]/div/input
Value of the:[[ChromeDriver: chrome on MAC (cd0dcb768a6a98af56d396260dcac2ed)] -> xpath: //span/form/div[2]/div[5]/div/div/div/div[1]/div/input] before any changes made
Element value changed to: [[ChromeDriver: chrome on MAC (cd0dcb768a6a98af56d396260dcac2ed)] -> xpath: //span/form/div[2]/div[5]/div/div/div/div[1]/div/input]
Trying to find Element By : By.xpath: //span/form/div[2]/div[6]/div/div/div/div[1]/div/input
Found Element By : By.xpath: //span/form/div[2]/div[6]/div/div/div/div[1]/div/input
Value of the:[[ChromeDriver: chrome on MAC (cd0dcb768a6a98af56d396260dcac2ed)] -> xpath: //span/form/div[2]/div[6]/div/div/div/div[1]/div/input] before any changes made
Element value changed to: [[ChromeDriver: chrome on MAC (cd0dcb768a6a98af56d396260dcac2ed)] -> xpath: //span/form/div[2]/div[6]/div/div/div/div[1]/div/input]
Trying to find Element By : By.xpath: //span/form/div[2]/div[7]/div/div/div/div[1]/div/input
Found Element By : By.xpath: //span/form/div[2]/div[7]/div/div/div/div[1]/div/input
Value of the:[[ChromeDriver: chrome on MAC (cd0dcb768a6a98af56d396260dcac2ed)] -> xpath: //span/form/div[2]/div[7]/div/div/div/div[1]/div/input] before any changes made
Element value changed to: [[ChromeDriver: chrome on MAC (cd0dcb768a6a98af56d396260dcac2ed)] -> xpath: //span/form/div[2]/div[7]/div/div/div/div[1]/div/input]
Trying to find Element By : By.xpath: //span/form/div[2]/div[8]/div/div/div/div[1]/div/input
Found Element By : By.xpath: //span/form/div[2]/div[8]/div/div/div/div[1]/div/input
Value of the:[[ChromeDriver: chrome on MAC (cd0dcb768a6a98af56d396260dcac2ed)] -> xpath: //span/form/div[2]/div[8]/div/div/div/div[1]/div/input] before any changes made
Element value changed to: [[ChromeDriver: chrome on MAC (cd0dcb768a6a98af56d396260dcac2ed)] -> xpath: //span/form/div[2]/div[8]/div/div/div/div[1]/div/input]
Trying to find Element By : By.xpath: //span/form/div[2]/div[9]/div/div/div/div[1]/div/input
Found Element By : By.xpath: //span/form/div[2]/div[9]/div/div/div/div[1]/div/input
Value of the:[[ChromeDriver: chrome on MAC (cd0dcb768a6a98af56d396260dcac2ed)] -> xpath: //span/form/div[2]/div[9]/div/div/div/div[1]/div/input] before any changes made
Element value changed to: [[ChromeDriver: chrome on MAC (cd0dcb768a6a98af56d396260dcac2ed)] -> xpath: //span/form/div[2]/div[9]/div/div/div/div[1]/div/input]
Trying to find Element By : By.xpath: //span/form/div[2]/div[10]/div[1]/div/div/div[1]/div/input
Found Element By : By.xpath: //span/form/div[2]/div[10]/div[1]/div/div/div[1]/div/input
Value of the:[[ChromeDriver: chrome on MAC (cd0dcb768a6a98af56d396260dcac2ed)] -> xpath: //span/form/div[2]/div[10]/div[1]/div/div/div[1]/div/input] before any changes made
Element value changed to: [[ChromeDriver: chrome on MAC (cd0dcb768a6a98af56d396260dcac2ed)] -> xpath: //span/form/div[2]/div[10]/div[1]/div/div/div[1]/div/input]
Trying to find Element By : By.xpath: //span/form/div[2]/div[10]/div[2]/div/div/div[1]/div[1]/input[1]
Found Element By : By.xpath: //span/form/div[2]/div[10]/div[2]/div/div/div[1]/div[1]/input[1]
Value of the:[[ChromeDriver: chrome on MAC (cd0dcb768a6a98af56d396260dcac2ed)] -> xpath: //span/form/div[2]/div[10]/div[2]/div/div/div[1]/div[1]/input[1]] before any changes made
Element value changed to: [[ChromeDriver: chrome on MAC (cd0dcb768a6a98af56d396260dcac2ed)] -> xpath: //span/form/div[2]/div[10]/div[2]/div/div/div[1]/div[1]/input[1]]
Trying to find Element By : By.xpath: //span/form/div[2]/div[10]/div[3]/span/div/div/div[1]/div[1]/input[1]
Found Element By : By.xpath: //span/form/div[2]/div[10]/div[3]/span/div/div/div[1]/div[1]/input[1]
Value of the:[[ChromeDriver: chrome on MAC (cd0dcb768a6a98af56d396260dcac2ed)] -> xpath: //span/form/div[2]/div[10]/div[3]/span/div/div/div[1]/div[1]/input[1]] before any changes made
Element value changed to: [[ChromeDriver: chrome on MAC (cd0dcb768a6a98af56d396260dcac2ed)] -> xpath: //span/form/div[2]/div[10]/div[3]/span/div/div/div[1]/div[1]/input[1]]
Trying to find Element By : By.xpath: //span/form/div[2]/div[11]/div/div/div/div[1]/div/input
Found Element By : By.xpath: //span/form/div[2]/div[11]/div/div/div/div[1]/div/input
Value of the:[[ChromeDriver: chrome on MAC (cd0dcb768a6a98af56d396260dcac2ed)] -> xpath: //span/form/div[2]/div[11]/div/div/div/div[1]/div/input] before any changes made
Element value changed to: [[ChromeDriver: chrome on MAC (cd0dcb768a6a98af56d396260dcac2ed)] -> xpath: //span/form/div[2]/div[11]/div/div/div/div[1]/div/input]
Trying to find Element By : By.xpath: //span/form/div[2]/div[12]/div/div/div/div[1]/div/input
Found Element By : By.xpath: //span/form/div[2]/div[12]/div/div/div/div[1]/div/input
Value of the:[[ChromeDriver: chrome on MAC (cd0dcb768a6a98af56d396260dcac2ed)] -> xpath: //span/form/div[2]/div[12]/div/div/div/div[1]/div/input] before any changes made
Element value changed to: [[ChromeDriver: chrome on MAC (cd0dcb768a6a98af56d396260dcac2ed)] -> xpath: //span/form/div[2]/div[12]/div/div/div/div[1]/div/input]
Trying to find Element By : By.xpath: //span/form/div[3]/button/span
Found Element By : By.xpath: //span/form/div[3]/button/span
Trying to click on: [[ChromeDriver: chrome on MAC (cd0dcb768a6a98af56d396260dcac2ed)] -> xpath: //span/form/div[3]/button/span]
Clicked on: [[ChromeDriver: chrome on MAC (cd0dcb768a6a98af56d396260dcac2ed)] -> xpath: //span/form/div[3]/button/span]
Trying to find Element By : By.xpath: //span/form/div[3]/button/span
Found Element By : By.xpath: //span/form/div[3]/button/span
Trying to find Element By : By.xpath: //span/form/div[3]/button/span
Found Element By : By.xpath: //span/form/div[3]/button/span
Trying to find Element By : By.xpath: //span/form/div[3]/button/span
Found Element By : By.xpath: //span/form/div[3]/button/span
Trying to find Element By : By.xpath: //span/form/div[3]/button/span
Found Element By : By.xpath: //span/form/div[3]/button/span
Trying to find Element By : By.xpath: //span/form/div[3]/button/span
Found Element By : By.xpath: //span/form/div[3]/button/span
Trying to find Element By : By.xpath: //span/form/div[3]/button/span
Found Element By : By.xpath: //span/form/div[3]/button/span
Trying to find Element By : By.xpath: //span/form/div[3]/button/span
Found Element By : By.xpath: //span/form/div[3]/button/span
Trying to find Element By : By.xpath: //span/form/div[3]/button/span
Found Element By : By.xpath: //span/form/div[3]/button/span
Trying to find Element By : By.xpath: //span/form/div[3]/button/span
Found Element By : By.xpath: //span/form/div[3]/button/span
Trying to find Element By : By.xpath: //span/form/div[3]/button/span
Found Element By : By.xpath: //span/form/div[3]/button/span
06-09-2020 08:55:20 SeatsPageStepsDefinition.java INFO  [TestNG-tests-1] stepDefinitions.SeatsPageStepsDefinition 425 - Seate created Successfully 
Trying to find Element By : By.xpath: //span/form/div[2]/div[1]/div/span/div/div/div[1]/div/input
Found Element By : By.xpath: //span/form/div[2]/div[1]/div/span/div/div/div[1]/div/input
Trying to find Element By : By.xpath: //aside/header/div/button/span/i
Found Element By : By.xpath: //aside/header/div/button/span/i
Trying to click on: [[ChromeDriver: chrome on MAC (cd0dcb768a6a98af56d396260dcac2ed)] -> xpath: //aside/header/div/button/span/i]
Clicked on: [[ChromeDriver: chrome on MAC (cd0dcb768a6a98af56d396260dcac2ed)] -> xpath: //aside/header/div/button/span/i]
Trying to find Element By : By.xpath: //span[text()='Paused']
Found Element By : By.xpath: //span[text()='Paused']
06-09-2020 08:55:20 SeatsPageStepsDefinition.java INFO  [TestNG-tests-1] stepDefinitions.SeatsPageStepsDefinition 427 - Create seat page has been closed 
Trying to find Element By : By.xpath: //table/tbody/tr[1]/td[3]/span/a
Found Element By : By.xpath: //table/tbody/tr[1]/td[3]/span/a
Trying to find Element By : By.xpath: //table/tbody/tr[1]/td[3]/span/a
Found Element By : By.xpath: //table/tbody/tr[1]/td[3]/span/a
Trying to find Element By : By.xpath: //table/tbody/tr[1]/td[3]/span/a
Found Element By : By.xpath: //table/tbody/tr[1]/td[3]/span/a
Trying to find Element By : By.xpath: //table/tbody/tr[1]/td[3]/span/a
Found Element By : By.xpath: //table/tbody/tr[1]/td[3]/span/a
Trying to find Element By : By.xpath: //table/tbody/tr[1]/td[3]/span/a
Found Element By : By.xpath: //table/tbody/tr[1]/td[3]/span/a
Trying to find Element By : By.xpath: //table/tbody/tr[1]/td[3]/span/a
Found Element By : By.xpath: //table/tbody/tr[1]/td[3]/span/a
Trying to find Element By : By.xpath: //table/tbody/tr[1]/td[3]/span/a
Found Element By : By.xpath: //table/tbody/tr[1]/td[3]/span/a
Trying to find Element By : By.xpath: //table/tbody/tr[1]/td[3]/span/a
Found Element By : By.xpath: //table/tbody/tr[1]/td[3]/span/a
Trying to find Element By : By.xpath: //table/tbody/tr[1]/td[3]/span/a
Found Element By : By.xpath: //table/tbody/tr[1]/td[3]/span/a
Trying to find Element By : By.xpath: //table/tbody/tr[1]/td[3]/span/a
Found Element By : By.xpath: //table/tbody/tr[1]/td[3]/span/a
Trying to find Element By : By.xpath: //table/tbody/tr[1]/td[3]/span/a
Found Element By : By.xpath: //table/tbody/tr[1]/td[3]/span/a
Trying to find Element By : By.xpath: //table/tbody/tr[1]/td[3]/span/a
Found Element By : By.xpath: //table/tbody/tr[1]/td[3]/span/a
Trying to find Element By : By.xpath: //table/tbody/tr[1]/td[3]/span/a
Found Element By : By.xpath: //table/tbody/tr[1]/td[3]/span/a
Trying to find Element By : By.xpath: //table/tbody/tr[1]/td[3]/span/a
Found Element By : By.xpath: //table/tbody/tr[1]/td[3]/span/a
Trying to find Element By : By.xpath: //table/tbody/tr[1]/td[3]/span/a
Found Element By : By.xpath: //table/tbody/tr[1]/td[3]/span/a
Trying to find Element By : By.xpath: //table/tbody/tr[1]/td[3]/span/a
Found Element By : By.xpath: //table/tbody/tr[1]/td[3]/span/a
Trying to find Element By : By.xpath: //table/tbody/tr[1]/td[3]/span/a
Found Element By : By.xpath: //table/tbody/tr[1]/td[3]/span/a
Trying to find Element By : By.xpath: //table/tbody/tr[1]/td[3]/span/a
Found Element By : By.xpath: //table/tbody/tr[1]/td[3]/span/a
Trying to find Element By : By.xpath: //table/tbody/tr[1]/td[3]/span/a
Found Element By : By.xpath: //table/tbody/tr[1]/td[3]/span/a
Trying to find Element By : By.xpath: //table/tbody/tr[1]/td[3]/span/a
Found Element By : By.xpath: //table/tbody/tr[1]/td[3]/span/a
Trying to find Element By : By.xpath: //table/tbody/tr[1]/td[3]/span/a
Found Element By : By.xpath: //table/tbody/tr[1]/td[3]/span/a
Trying to find Element By : By.xpath: //table/tbody/tr[1]/td[3]/span/a
Found Element By : By.xpath: //table/tbody/tr[1]/td[3]/span/a
Trying to find Element By : By.xpath: //table/tbody/tr[1]/td[3]/span/a
Found Element By : By.xpath: //table/tbody/tr[1]/td[3]/span/a
Trying to find Element By : By.xpath: //table/tbody/tr[1]/td[3]/span/a
Found Element By : By.xpath: //table/tbody/tr[1]/td[3]/span/a
Trying to find Element By : By.xpath: //table/tbody/tr[1]/td[3]/span/a
Found Element By : By.xpath: //table/tbody/tr[1]/td[3]/span/a
Trying to find Element By : By.xpath: //table/tbody/tr[1]/td[3]/span/a
Found Element By : By.xpath: //table/tbody/tr[1]/td[3]/span/a
Trying to find Element By : By.xpath: //table/tbody/tr[1]/td[3]/span/a
Found Element By : By.xpath: //table/tbody/tr[1]/td[3]/span/a
Trying to find Element By : By.xpath: //table/tbody/tr[1]/td[3]/span/a
Found Element By : By.xpath: //table/tbody/tr[1]/td[3]/span/a
Trying to find Element By : By.xpath: //table/tbody/tr[1]/td[3]/span/a
Found Element By : By.xpath: //table/tbody/tr[1]/td[3]/span/a
Trying to find Element By : By.xpath: //table/tbody/tr[1]/td[3]/span/a
Found Element By : By.xpath: //table/tbody/tr[1]/td[3]/span/a
Trying to find Element By : By.xpath: //table/tbody/tr[1]/td[3]/span/a
Found Element By : By.xpath: //table/tbody/tr[1]/td[3]/span/a
Trying to find Element By : By.xpath: //table/tbody/tr[1]/td[3]/span/a
Found Element By : By.xpath: //table/tbody/tr[1]/td[3]/span/a
Trying to find Element By : By.xpath: //table/tbody/tr[1]/td[3]/span/a
Found Element By : By.xpath: //table/tbody/tr[1]/td[3]/span/a
Trying to find Element By : By.xpath: //table/tbody/tr[1]/td[3]/span/a
Found Element By : By.xpath: //table/tbody/tr[1]/td[3]/span/a
Trying to find Element By : By.xpath: //table/tbody/tr[1]/td[3]/span/a
Found Element By : By.xpath: //table/tbody/tr[1]/td[3]/span/a
Trying to find Element By : By.xpath: //table/tbody/tr[1]/td[3]/span/a
Found Element By : By.xpath: //table/tbody/tr[1]/td[3]/span/a
Trying to find Element By : By.xpath: //table/tbody/tr[1]/td[3]/span/a
Found Element By : By.xpath: //table/tbody/tr[1]/td[3]/span/a
Trying to find Element By : By.xpath: //table/tbody/tr[1]/td[3]/span/a
Found Element By : By.xpath: //table/tbody/tr[1]/td[3]/span/a
Trying to find Element By : By.xpath: //table/tbody/tr[1]/td[3]/span/a
Found Element By : By.xpath: //table/tbody/tr[1]/td[3]/span/a
Trying to find Element By : By.xpath: //table/tbody/tr[1]/td[3]/span/a
Found Element By : By.xpath: //table/tbody/tr[1]/td[3]/span/a
Trying to find Element By : By.xpath: //table/tbody/tr[1]/td[3]/span/a
Found Element By : By.xpath: //table/tbody/tr[1]/td[3]/span/a
Trying to find Element By : By.xpath: //table/tbody/tr[1]/td[3]/span/a
Found Element By : By.xpath: //table/tbody/tr[1]/td[3]/span/a
Trying to find Element By : By.xpath: //table/tbody/tr[1]/td[3]/span/a
Found Element By : By.xpath: //table/tbody/tr[1]/td[3]/span/a
Trying to find Element By : By.xpath: //table/tbody/tr[1]/td[3]/span/a
Found Element By : By.xpath: //table/tbody/tr[1]/td[3]/span/a
Trying to find Element By : By.xpath: //table/tbody/tr[1]/td[3]/span/a
Found Element By : By.xpath: //table/tbody/tr[1]/td[3]/span/a
Trying to find Element By : By.xpath: //table/tbody/tr[1]/td[3]/span/a
Found Element By : By.xpath: //table/tbody/tr[1]/td[3]/span/a
Trying to find Element By : By.xpath: //table/tbody/tr[1]/td[3]/span/a
Found Element By : By.xpath: //table/tbody/tr[1]/td[3]/span/a
Trying to find Element By : By.xpath: //table/tbody/tr[1]/td[3]/span/a
Found Element By : By.xpath: //table/tbody/tr[1]/td[3]/span/a
Trying to find Element By : By.xpath: //table/tbody/tr[1]/td[3]/span/a
Found Element By : By.xpath: //table/tbody/tr[1]/td[3]/span/a
Trying to find Element By : By.xpath: //table/tbody/tr[1]/td[3]/span/a
Found Element By : By.xpath: //table/tbody/tr[1]/td[3]/span/a
Trying to find Element By : By.xpath: //table/tbody/tr[1]/td[3]/span/a
Found Element By : By.xpath: //table/tbody/tr[1]/td[3]/span/a
Trying to find Element By : By.xpath: //table/tbody/tr[1]/td[3]/span/a
Found Element By : By.xpath: //table/tbody/tr[1]/td[3]/span/a
Trying to find Element By : By.xpath: //table/tbody/tr[1]/td[3]/span/a
Found Element By : By.xpath: //table/tbody/tr[1]/td[3]/span/a
Trying to find Element By : By.xpath: //table/tbody/tr[1]/td[3]/span/a
Found Element By : By.xpath: //table/tbody/tr[1]/td[3]/span/a
Trying to find Element By : By.xpath: //table/tbody/tr[1]/td[3]/span/a
Found Element By : By.xpath: //table/tbody/tr[1]/td[3]/span/a
Trying to find Element By : By.xpath: //table/tbody/tr[1]/td[3]/span/a
Found Element By : By.xpath: //table/tbody/tr[1]/td[3]/span/a
Trying to find Element By : By.xpath: //table/tbody/tr[1]/td[3]/span/a
Found Element By : By.xpath: //table/tbody/tr[1]/td[3]/span/a
Trying to find Element By : By.xpath: //table/tbody/tr[1]/td[3]/span/a
Found Element By : By.xpath: //table/tbody/tr[1]/td[3]/span/a
Trying to find Element By : By.xpath: //table/tbody/tr[1]/td[3]/span/a
Found Element By : By.xpath: //table/tbody/tr[1]/td[3]/span/a
Trying to find Element By : By.xpath: //table/tbody/tr[1]/td[3]/span/a
Found Element By : By.xpath: //table/tbody/tr[1]/td[3]/span/a
Trying to find Element By : By.xpath: //table/tbody/tr[1]/td[3]/span/a
Found Element By : By.xpath: //table/tbody/tr[1]/td[3]/span/a
Trying to find Element By : By.xpath: //table/tbody/tr[1]/td[3]/span/a
Found Element By : By.xpath: //table/tbody/tr[1]/td[3]/span/a
Trying to find Element By : By.xpath: //table/tbody/tr[1]/td[3]/span/a
Found Element By : By.xpath: //table/tbody/tr[1]/td[3]/span/a
Trying to find Element By : By.xpath: //table/tbody/tr[1]/td[3]/span/a
Found Element By : By.xpath: //table/tbody/tr[1]/td[3]/span/a
Trying to find Element By : By.xpath: //table/tbody/tr[1]/td[3]/span/a
Found Element By : By.xpath: //table/tbody/tr[1]/td[3]/span/a
Trying to find Element By : By.xpath: //table/tbody/tr[1]/td[3]/span/a
Found Element By : By.xpath: //table/tbody/tr[1]/td[3]/span/a
Trying to find Element By : By.xpath: //table/tbody/tr[1]/td[3]/span/a
Found Element By : By.xpath: //table/tbody/tr[1]/td[3]/span/a
Trying to find Element By : By.xpath: //table/tbody/tr[1]/td[3]/span/a
Found Element By : By.xpath: //table/tbody/tr[1]/td[3]/span/a
Trying to find Element By : By.xpath: //table/tbody/tr[1]/td[3]/span/a
Found Element By : By.xpath: //table/tbody/tr[1]/td[3]/span/a
Trying to find Element By : By.xpath: //table/tbody/tr[1]/td[3]/span/a
Found Element By : By.xpath: //table/tbody/tr[1]/td[3]/span/a
Trying to find Element By : By.xpath: //table/tbody/tr[1]/td[3]/span/a
Found Element By : By.xpath: //table/tbody/tr[1]/td[3]/span/a
Trying to find Element By : By.xpath: //table/tbody/tr[1]/td[3]/span/a
Found Element By : By.xpath: //table/tbody/tr[1]/td[3]/span/a
Trying to find Element By : By.xpath: //table/tbody/tr[1]/td[3]/span/a
Found Element By : By.xpath: //table/tbody/tr[1]/td[3]/span/a
Trying to find Element By : By.xpath: //table/tbody/tr[1]/td[3]/span/a
Found Element By : By.xpath: //table/tbody/tr[1]/td[3]/span/a
Trying to find Element By : By.xpath: //table/tbody/tr[1]/td[3]/span/a
Found Element By : By.xpath: //table/tbody/tr[1]/td[3]/span/a
Trying to find Element By : By.xpath: //table/tbody/tr[1]/td[3]/span/a
Found Element By : By.xpath: //table/tbody/tr[1]/td[3]/span/a
Trying to find Element By : By.xpath: //table/tbody/tr[1]/td[3]/span/a
Found Element By : By.xpath: //table/tbody/tr[1]/td[3]/span/a
Trying to find Element By : By.xpath: //table/tbody/tr[1]/td[3]/span/a
Found Element By : By.xpath: //table/tbody/tr[1]/td[3]/span/a
Trying to find Element By : By.xpath: //table/tbody/tr[1]/td[3]/span/a
Found Element By : By.xpath: //table/tbody/tr[1]/td[3]/span/a
Trying to find Element By : By.xpath: //table/tbody/tr[1]/td[3]/span/a
Found Element By : By.xpath: //table/tbody/tr[1]/td[3]/span/a
Trying to find Element By : By.xpath: //table/tbody/tr[1]/td[3]/span/a
Found Element By : By.xpath: //table/tbody/tr[1]/td[3]/span/a
Trying to find Element By : By.xpath: //table/tbody/tr[1]/td[3]/span/a
Found Element By : By.xpath: //table/tbody/tr[1]/td[3]/span/a
Trying to find Element By : By.xpath: //table/tbody/tr[1]/td[3]/span/a
Found Element By : By.xpath: //table/tbody/tr[1]/td[3]/span/a
Trying to find Element By : By.xpath: //table/tbody/tr[1]/td[3]/span/a
Found Element By : By.xpath: //table/tbody/tr[1]/td[3]/span/a
Trying to find Element By : By.xpath: //table/tbody/tr[1]/td[3]/span/a
Found Element By : By.xpath: //table/tbody/tr[1]/td[3]/span/a
Trying to find Element By : By.xpath: //table/tbody/tr[1]/td[3]/span/a
Found Element By : By.xpath: //table/tbody/tr[1]/td[3]/span/a
Trying to find Element By : By.xpath: //table/tbody/tr[1]/td[3]/span/a
Found Element By : By.xpath: //table/tbody/tr[1]/td[3]/span/a
Trying to find Element By : By.xpath: //table/tbody/tr[1]/td[3]/span/a
Found Element By : By.xpath: //table/tbody/tr[1]/td[3]/span/a
Trying to find Element By : By.xpath: //table/tbody/tr[1]/td[3]/span/a
Found Element By : By.xpath: //table/tbody/tr[1]/td[3]/span/a
Trying to find Element By : By.xpath: //table/tbody/tr[1]/td[3]/span/a
Found Element By : By.xpath: //table/tbody/tr[1]/td[3]/span/a
Trying to find Element By : By.xpath: //table/tbody/tr[1]/td[3]/span/a
Found Element By : By.xpath: //table/tbody/tr[1]/td[3]/span/a
Trying to find Element By : By.xpath: //table/tbody/tr[1]/td[3]/span/a
Found Element By : By.xpath: //table/tbody/tr[1]/td[3]/span/a
Trying to find Element By : By.xpath: //table/tbody/tr[1]/td[3]/span/a
Found Element By : By.xpath: //table/tbody/tr[1]/td[3]/span/a
Trying to find Element By : By.xpath: //table/tbody/tr[1]/td[3]/span/a
Found Element By : By.xpath: //table/tbody/tr[1]/td[3]/span/a
Trying to find Element By : By.xpath: //table/tbody/tr[1]/td[3]/span/a
Found Element By : By.xpath: //table/tbody/tr[1]/td[3]/span/a
Trying to find Element By : By.xpath: //table/tbody/tr[1]/td[3]/span/a
Found Element By : By.xpath: //table/tbody/tr[1]/td[3]/span/a
Trying to find Element By : By.xpath: //table/tbody/tr[1]/td[3]/span/a
Found Element By : By.xpath: //table/tbody/tr[1]/td[3]/span/a
Trying to find Element By : By.xpath: //table/tbody/tr[1]/td[3]/span/a
Found Element By : By.xpath: //table/tbody/tr[1]/td[3]/span/a
Trying to find Element By : By.xpath: //table/tbody/tr[1]/td[3]/span/a
Found Element By : By.xpath: //table/tbody/tr[1]/td[3]/span/a
Trying to find Element By : By.xpath: //table/tbody/tr[1]/td[3]/span/a
Found Element By : By.xpath: //table/tbody/tr[1]/td[3]/span/a
Trying to find Element By : By.xpath: //table/tbody/tr[1]/td[3]/span/a
Found Element By : By.xpath: //table/tbody/tr[1]/td[3]/span/a
Trying to find Element By : By.xpath: //table/tbody/tr[1]/td[3]/span/a
Found Element By : By.xpath: //table/tbody/tr[1]/td[3]/span/a
Trying to find Element By : By.xpath: //table/tbody/tr[1]/td[3]/span/a
Found Element By : By.xpath: //table/tbody/tr[1]/td[3]/span/a
Trying to find Element By : By.xpath: //table/tbody/tr[1]/td[3]/span/a
Found Element By : By.xpath: //table/tbody/tr[1]/td[3]/span/a
Trying to find Element By : By.xpath: //table/tbody/tr[1]/td[3]/span/a
Found Element By : By.xpath: //table/tbody/tr[1]/td[3]/span/a
Trying to find Element By : By.xpath: //table/tbody/tr[1]/td[3]/span/a
Found Element By : By.xpath: //table/tbody/tr[1]/td[3]/span/a
Trying to find Element By : By.xpath: //table/tbody/tr[1]/td[3]/span/a
Found Element By : By.xpath: //table/tbody/tr[1]/td[3]/span/a
Trying to find Element By : By.xpath: //table/tbody/tr[1]/td[3]/span/a
Found Element By : By.xpath: //table/tbody/tr[1]/td[3]/span/a
Trying to find Element By : By.xpath: //table/tbody/tr[1]/td[3]/span/a
Found Element By : By.xpath: //table/tbody/tr[1]/td[3]/span/a
Trying to find Element By : By.xpath: //table/tbody/tr[1]/td[3]/span/a
Found Element By : By.xpath: //table/tbody/tr[1]/td[3]/span/a
Trying to find Element By : By.xpath: //table/tbody/tr[1]/td[3]/span/a
Found Element By : By.xpath: //table/tbody/tr[1]/td[3]/span/a
Trying to find Element By : By.xpath: //table/tbody/tr[1]/td[3]/span/a
Found Element By : By.xpath: //table/tbody/tr[1]/td[3]/span/a
Trying to find Element By : By.xpath: //table/tbody/tr[1]/td[3]/span/a
Found Element By : By.xpath: //table/tbody/tr[1]/td[3]/span/a
Trying to find Element By : By.xpath: //table/tbody/tr[1]/td[3]/span/a
Found Element By : By.xpath: //table/tbody/tr[1]/td[3]/span/a
Trying to find Element By : By.xpath: //table/tbody/tr[1]/td[3]/span/a
Found Element By : By.xpath: //table/tbody/tr[1]/td[3]/span/a
Trying to find Element By : By.xpath: //table/tbody/tr[1]/td[3]/span/a
Found Element By : By.xpath: //table/tbody/tr[1]/td[3]/span/a
Trying to find Element By : By.xpath: //table/tbody/tr[1]/td[3]/span/a
Found Element By : By.xpath: //table/tbody/tr[1]/td[3]/span/a
Trying to find Element By : By.xpath: //table/tbody/tr[1]/td[3]/span/a
Found Element By : By.xpath: //table/tbody/tr[1]/td[3]/span/a
Trying to find Element By : By.xpath: //table/tbody/tr[1]/td[3]/span/a
Found Element By : By.xpath: //table/tbody/tr[1]/td[3]/span/a
Trying to find Element By : By.xpath: //table/tbody/tr[1]/td[3]/span/a
Found Element By : By.xpath: //table/tbody/tr[1]/td[3]/span/a
Trying to find Element By : By.xpath: //table/tbody/tr[1]/td[3]/span/a
Found Element By : By.xpath: //table/tbody/tr[1]/td[3]/span/a
Trying to find Element By : By.xpath: //table/tbody/tr[1]/td[3]/span/a
Found Element By : By.xpath: //table/tbody/tr[1]/td[3]/span/a
Trying to find Element By : By.xpath: //table/tbody/tr[1]/td[3]/span/a
Found Element By : By.xpath: //table/tbody/tr[1]/td[3]/span/a
Trying to find Element By : By.xpath: //table/tbody/tr[1]/td[3]/span/a
Found Element By : By.xpath: //table/tbody/tr[1]/td[3]/span/a
Trying to find Element By : By.xpath: //table/tbody/tr[1]/td[3]/span/a
Found Element By : By.xpath: //table/tbody/tr[1]/td[3]/span/a
Trying to find Element By : By.xpath: //table/tbody/tr[1]/td[3]/span/a
Found Element By : By.xpath: //table/tbody/tr[1]/td[3]/span/a
Trying to find Element By : By.xpath: //table/tbody/tr[1]/td[3]/span/a
Found Element By : By.xpath: //table/tbody/tr[1]/td[3]/span/a
Trying to find Element By : By.xpath: //table/tbody/tr[1]/td[3]/span/a
Found Element By : By.xpath: //table/tbody/tr[1]/td[3]/span/a
Trying to find Element By : By.xpath: //table/tbody/tr[1]/td[3]/span/a
Found Element By : By.xpath: //table/tbody/tr[1]/td[3]/span/a
Trying to find Element By : By.xpath: //table/tbody/tr[1]/td[3]/span/a
Found Element By : By.xpath: //table/tbody/tr[1]/td[3]/span/a
Trying to find Element By : By.xpath: //table/tbody/tr[1]/td[3]/span/a
Found Element By : By.xpath: //table/tbody/tr[1]/td[3]/span/a
Trying to find Element By : By.xpath: //table/tbody/tr[1]/td[3]/span/a
Found Element By : By.xpath: //table/tbody/tr[1]/td[3]/span/a
Trying to find Element By : By.xpath: //table/tbody/tr[1]/td[3]/span/a
Found Element By : By.xpath: //table/tbody/tr[1]/td[3]/span/a
Trying to find Element By : By.xpath: //table/tbody/tr[1]/td[3]/span/a
Found Element By : By.xpath: //table/tbody/tr[1]/td[3]/span/a
Trying to find Element By : By.xpath: //table/tbody/tr[1]/td[3]/span/a
Found Element By : By.xpath: //table/tbody/tr[1]/td[3]/span/a
Trying to find Element By : By.xpath: //table/tbody/tr[1]/td[3]/span/a
Found Element By : By.xpath: //table/tbody/tr[1]/td[3]/span/a
Trying to find Element By : By.xpath: //table/tbody/tr[1]/td[3]/span/a
Found Element By : By.xpath: //table/tbody/tr[1]/td[3]/span/a
Trying to find Element By : By.xpath: //table/tbody/tr[1]/td[3]/span/a
Found Element By : By.xpath: //table/tbody/tr[1]/td[3]/span/a
Trying to find Element By : By.xpath: //table/tbody/tr[1]/td[3]/span/a
Found Element By : By.xpath: //table/tbody/tr[1]/td[3]/span/a
Trying to find Element By : By.xpath: //table/tbody/tr[1]/td[3]/span/a
Found Element By : By.xpath: //table/tbody/tr[1]/td[3]/span/a
Trying to find Element By : By.xpath: //table/tbody/tr[1]/td[3]/span/a
Found Element By : By.xpath: //table/tbody/tr[1]/td[3]/span/a
Trying to find Element By : By.xpath: //table/tbody/tr[1]/td[3]/span/a
Found Element By : By.xpath: //table/tbody/tr[1]/td[3]/span/a
Trying to find Element By : By.xpath: //table/tbody/tr[1]/td[3]/span/a
Found Element By : By.xpath: //table/tbody/tr[1]/td[3]/span/a
Trying to find Element By : By.xpath: //table/tbody/tr[1]/td[3]/span/a
Found Element By : By.xpath: //table/tbody/tr[1]/td[3]/span/a
Trying to find Element By : By.xpath: //table/tbody/tr[1]/td[3]/span/a
Found Element By : By.xpath: //table/tbody/tr[1]/td[3]/span/a
Trying to find Element By : By.xpath: //table/tbody/tr[1]/td[3]/span/a
Found Element By : By.xpath: //table/tbody/tr[1]/td[3]/span/a
Trying to find Element By : By.xpath: //table/tbody/tr[1]/td[3]/span/a
Found Element By : By.xpath: //table/tbody/tr[1]/td[3]/span/a
Trying to find Element By : By.xpath: //table/tbody/tr[1]/td[3]/span/a
Found Element By : By.xpath: //table/tbody/tr[1]/td[3]/span/a
Trying to find Element By : By.xpath: //table/tbody/tr[1]/td[3]/span/a
Found Element By : By.xpath: //table/tbody/tr[1]/td[3]/span/a
Trying to find Element By : By.xpath: //table/tbody/tr[1]/td[3]/span/a
Found Element By : By.xpath: //table/tbody/tr[1]/td[3]/span/a
Trying to find Element By : By.xpath: //table/tbody/tr[1]/td[3]/span/a
Found Element By : By.xpath: //table/tbody/tr[1]/td[3]/span/a
Trying to find Element By : By.xpath: //table/tbody/tr[1]/td[3]/span/a
Found Element By : By.xpath: //table/tbody/tr[1]/td[3]/span/a
Trying to find Element By : By.xpath: //table/tbody/tr[1]/td[3]/span/a
Found Element By : By.xpath: //table/tbody/tr[1]/td[3]/span/a
Trying to find Element By : By.xpath: //table/tbody/tr[1]/td[3]/span/a
Found Element By : By.xpath: //table/tbody/tr[1]/td[3]/span/a
Trying to find Element By : By.xpath: //table/tbody/tr[1]/td[3]/span/a
Found Element By : By.xpath: //table/tbody/tr[1]/td[3]/span/a
Trying to find Element By : By.xpath: //table/tbody/tr[1]/td[3]/span/a
Found Element By : By.xpath: //table/tbody/tr[1]/td[3]/span/a
Trying to find Element By : By.xpath: //table/tbody/tr[1]/td[3]/span/a
Found Element By : By.xpath: //table/tbody/tr[1]/td[3]/span/a
Trying to find Element By : By.xpath: //table/tbody/tr[1]/td[3]/span/a
Found Element By : By.xpath: //table/tbody/tr[1]/td[3]/span/a
Trying to find Element By : By.xpath: //table/tbody/tr[1]/td[3]/span/a
Found Element By : By.xpath: //table/tbody/tr[1]/td[3]/span/a
Trying to find Element By : By.xpath: //table/tbody/tr[1]/td[3]/span/a
Found Element By : By.xpath: //table/tbody/tr[1]/td[3]/span/a
Trying to find Element By : By.xpath: //table/tbody/tr[1]/td[3]/span/a
Found Element By : By.xpath: //table/tbody/tr[1]/td[3]/span/a
Trying to find Element By : By.xpath: //table/tbody/tr[1]/td[3]/span/a
Found Element By : By.xpath: //table/tbody/tr[1]/td[3]/span/a
Trying to find Element By : By.xpath: //table/tbody/tr[1]/td[3]/span/a
Found Element By : By.xpath: //table/tbody/tr[1]/td[3]/span/a
Trying to find Element By : By.xpath: //table/tbody/tr[1]/td[3]/span/a
Found Element By : By.xpath: //table/tbody/tr[1]/td[3]/span/a
Trying to find Element By : By.xpath: //table/tbody/tr[1]/td[3]/span/a
Found Element By : By.xpath: //table/tbody/tr[1]/td[3]/span/a
Trying to find Element By : By.xpath: //table/tbody/tr[1]/td[3]/span/a
Found Element By : By.xpath: //table/tbody/tr[1]/td[3]/span/a
Trying to find Element By : By.xpath: //table/tbody/tr[1]/td[3]/span/a
Found Element By : By.xpath: //table/tbody/tr[1]/td[3]/span/a
Trying to find Element By : By.xpath: //table/tbody/tr[1]/td[3]/span/a
Found Element By : By.xpath: //table/tbody/tr[1]/td[3]/span/a
Trying to find Element By : By.xpath: //table/tbody/tr[1]/td[3]/span/a
Found Element By : By.xpath: //table/tbody/tr[1]/td[3]/span/a
Trying to find Element By : By.xpath: //table/tbody/tr[1]/td[3]/span/a
Found Element By : By.xpath: //table/tbody/tr[1]/td[3]/span/a
Trying to find Element By : By.xpath: //table/tbody/tr[1]/td[3]/span/a
Found Element By : By.xpath: //table/tbody/tr[1]/td[3]/span/a
Trying to find Element By : By.xpath: //table/tbody/tr[1]/td[3]/span/a
Found Element By : By.xpath: //table/tbody/tr[1]/td[3]/span/a
Trying to find Element By : By.xpath: //table/tbody/tr[1]/td[3]/span/a
Found Element By : By.xpath: //table/tbody/tr[1]/td[3]/span/a
Trying to find Element By : By.xpath: //table/tbody/tr[1]/td[3]/span/a
Found Element By : By.xpath: //table/tbody/tr[1]/td[3]/span/a
Trying to find Element By : By.xpath: //table/tbody/tr[1]/td[3]/span/a
Found Element By : By.xpath: //table/tbody/tr[1]/td[3]/span/a
Trying to find Element By : By.xpath: //table/tbody/tr[1]/td[3]/span/a
Found Element By : By.xpath: //table/tbody/tr[1]/td[3]/span/a
Trying to find Element By : By.xpath: //table/tbody/tr[1]/td[3]/span/a
Found Element By : By.xpath: //table/tbody/tr[1]/td[3]/span/a
Trying to find Element By : By.xpath: //table/tbody/tr[1]/td[3]/span/a
Found Element By : By.xpath: //table/tbody/tr[1]/td[3]/span/a
Trying to find Element By : By.xpath: //table/tbody/tr[1]/td[3]/span/a
Found Element By : By.xpath: //table/tbody/tr[1]/td[3]/span/a
Trying to find Element By : By.xpath: //table/tbody/tr[1]/td[3]/span/a
Found Element By : By.xpath: //table/tbody/tr[1]/td[3]/span/a
Trying to find Element By : By.xpath: //table/tbody/tr[1]/td[3]/span/a
Found Element By : By.xpath: //table/tbody/tr[1]/td[3]/span/a
Trying to find Element By : By.xpath: //table/tbody/tr[1]/td[3]/span/a
Found Element By : By.xpath: //table/tbody/tr[1]/td[3]/span/a
Trying to find Element By : By.xpath: //table/tbody/tr[1]/td[3]/span/a
Found Element By : By.xpath: //table/tbody/tr[1]/td[3]/span/a
Trying to find Element By : By.xpath: //table/tbody/tr[1]/td[3]/span/a
Found Element By : By.xpath: //table/tbody/tr[1]/td[3]/span/a
Trying to find Element By : By.xpath: //table/tbody/tr[1]/td[3]/span/a
Found Element By : By.xpath: //table/tbody/tr[1]/td[3]/span/a
Trying to find Element By : By.xpath: //table/tbody/tr[1]/td[3]/span/a
Found Element By : By.xpath: //table/tbody/tr[1]/td[3]/span/a
Trying to find Element By : By.xpath: //table/tbody/tr[1]/td[3]/span/a
Found Element By : By.xpath: //table/tbody/tr[1]/td[3]/span/a
Trying to find Element By : By.xpath: //table/tbody/tr[1]/td[3]/span/a
Found Element By : By.xpath: //table/tbody/tr[1]/td[3]/span/a
Trying to find Element By : By.xpath: //table/tbody/tr[1]/td[3]/span/a
Found Element By : By.xpath: //table/tbody/tr[1]/td[3]/span/a
Trying to find Element By : By.xpath: //table/tbody/tr[1]/td[3]/span/a
Found Element By : By.xpath: //table/tbody/tr[1]/td[3]/span/a
Trying to find Element By : By.xpath: //table/tbody/tr[1]/td[3]/span/a
Found Element By : By.xpath: //table/tbody/tr[1]/td[3]/span/a
Trying to find Element By : By.xpath: //table/tbody/tr[1]/td[3]/span/a
Found Element By : By.xpath: //table/tbody/tr[1]/td[3]/span/a
Trying to find Element By : By.xpath: //table/tbody/tr[1]/td[3]/span/a
Found Element By : By.xpath: //table/tbody/tr[1]/td[3]/span/a
Trying to find Element By : By.xpath: //table/tbody/tr[1]/td[3]/span/a
Found Element By : By.xpath: //table/tbody/tr[1]/td[3]/span/a
Trying to find Element By : By.xpath: //table/tbody/tr[1]/td[3]/span/a
Found Element By : By.xpath: //table/tbody/tr[1]/td[3]/span/a
Trying to find Element By : By.xpath: //table/tbody/tr[1]/td[3]/span/a
Found Element By : By.xpath: //table/tbody/tr[1]/td[3]/span/a
Trying to find Element By : By.xpath: //table/tbody/tr[1]/td[3]/span/a
Found Element By : By.xpath: //table/tbody/tr[1]/td[3]/span/a
Trying to find Element By : By.xpath: //table/tbody/tr[1]/td[3]/span/a
Found Element By : By.xpath: //table/tbody/tr[1]/td[3]/span/a
Trying to find Element By : By.xpath: //table/tbody/tr[1]/td[3]/span/a
Found Element By : By.xpath: //table/tbody/tr[1]/td[3]/span/a
Trying to find Element By : By.xpath: //table/tbody/tr[1]/td[3]/span/a
Found Element By : By.xpath: //table/tbody/tr[1]/td[3]/span/a
Trying to find Element By : By.xpath: //table/tbody/tr[1]/td[3]/span/a
Found Element By : By.xpath: //table/tbody/tr[1]/td[3]/span/a
Trying to find Element By : By.xpath: //table/tbody/tr[1]/td[3]/span/a
Found Element By : By.xpath: //table/tbody/tr[1]/td[3]/span/a
Trying to find Element By : By.xpath: //table/tbody/tr[1]/td[3]/span/a
Found Element By : By.xpath: //table/tbody/tr[1]/td[3]/span/a
Trying to find Element By : By.xpath: //table/tbody/tr[1]/td[3]/span/a
Found Element By : By.xpath: //table/tbody/tr[1]/td[3]/span/a
Trying to find Element By : By.xpath: //table/tbody/tr[1]/td[3]/span/a
Found Element By : By.xpath: //table/tbody/tr[1]/td[3]/span/a
Trying to find Element By : By.xpath: //table/tbody/tr[1]/td[3]/span/a
Found Element By : By.xpath: //table/tbody/tr[1]/td[3]/span/a
Trying to find Element By : By.xpath: //table/tbody/tr[1]/td[3]/span/a
Found Element By : By.xpath: //table/tbody/tr[1]/td[3]/span/a
Trying to find Element By : By.xpath: //table/tbody/tr[1]/td[3]/span/a
Found Element By : By.xpath: //table/tbody/tr[1]/td[3]/span/a
Trying to find Element By : By.xpath: //table/tbody/tr[1]/td[3]/span/a
Found Element By : By.xpath: //table/tbody/tr[1]/td[3]/span/a
Trying to find Element By : By.xpath: //table/tbody/tr[1]/td[3]/span/a
Found Element By : By.xpath: //table/tbody/tr[1]/td[3]/span/a
Trying to find Element By : By.xpath: //table/tbody/tr[1]/td[3]/span/a
Found Element By : By.xpath: //table/tbody/tr[1]/td[3]/span/a
Trying to find Element By : By.xpath: //table/tbody/tr[1]/td[3]/span/a
Found Element By : By.xpath: //table/tbody/tr[1]/td[3]/span/a
Trying to find Element By : By.xpath: //table/tbody/tr[1]/td[3]/span/a
Found Element By : By.xpath: //table/tbody/tr[1]/td[3]/span/a
Trying to find Element By : By.xpath: //table/tbody/tr[1]/td[3]/span/a
Found Element By : By.xpath: //table/tbody/tr[1]/td[3]/span/a
Trying to find Element By : By.xpath: //table/tbody/tr[1]/td[3]/span/a
Found Element By : By.xpath: //table/tbody/tr[1]/td[3]/span/a
Trying to find Element By : By.xpath: //table/tbody/tr[1]/td[3]/span/a
Found Element By : By.xpath: //table/tbody/tr[1]/td[3]/span/a
Trying to find Element By : By.xpath: //table/tbody/tr[1]/td[3]/span/a
Found Element By : By.xpath: //table/tbody/tr[1]/td[3]/span/a
Trying to find Element By : By.xpath: //table/tbody/tr[1]/td[3]/span/a
Found Element By : By.xpath: //table/tbody/tr[1]/td[3]/span/a
Trying to find Element By : By.xpath: //table/tbody/tr[1]/td[3]/span/a
Found Element By : By.xpath: //table/tbody/tr[1]/td[3]/span/a
Trying to find Element By : By.xpath: //table/tbody/tr[1]/td[3]/span/a
Found Element By : By.xpath: //table/tbody/tr[1]/td[3]/span/a
Trying to find Element By : By.xpath: //table/tbody/tr[1]/td[3]/span/a
Found Element By : By.xpath: //table/tbody/tr[1]/td[3]/span/a
Trying to find Element By : By.xpath: //table/tbody/tr[1]/td[3]/span/a
Found Element By : By.xpath: //table/tbody/tr[1]/td[3]/span/a
Trying to find Element By : By.xpath: //table/tbody/tr[1]/td[3]/span/a
Found Element By : By.xpath: //table/tbody/tr[1]/td[3]/span/a
Trying to find Element By : By.xpath: //table/tbody/tr[1]/td[3]/span/a
Found Element By : By.xpath: //table/tbody/tr[1]/td[3]/span/a
Trying to find Element By : By.xpath: //table/tbody/tr[1]/td[3]/span/a
Found Element By : By.xpath: //table/tbody/tr[1]/td[3]/span/a
Trying to find Element By : By.xpath: //table/tbody/tr[1]/td[3]/span/a
Found Element By : By.xpath: //table/tbody/tr[1]/td[3]/span/a
Trying to find Element By : By.xpath: //table/tbody/tr[1]/td[3]/span/a
Found Element By : By.xpath: //table/tbody/tr[1]/td[3]/span/a
Trying to find Element By : By.xpath: //table/tbody/tr[1]/td[3]/span/a
Found Element By : By.xpath: //table/tbody/tr[1]/td[3]/span/a
Trying to find Element By : By.xpath: //table/tbody/tr[1]/td[3]/span/a
Found Element By : By.xpath: //table/tbody/tr[1]/td[3]/span/a
Trying to find Element By : By.xpath: //table/tbody/tr[1]/td[3]/span/a
Found Element By : By.xpath: //table/tbody/tr[1]/td[3]/span/a
Trying to find Element By : By.xpath: //table/tbody/tr[1]/td[3]/span/a
Found Element By : By.xpath: //table/tbody/tr[1]/td[3]/span/a
Trying to find Element By : By.xpath: //table/tbody/tr[1]/td[3]/span/a
Found Element By : By.xpath: //table/tbody/tr[1]/td[3]/span/a
Trying to find Element By : By.xpath: //table/tbody/tr[1]/td[3]/span/a
Found Element By : By.xpath: //table/tbody/tr[1]/td[3]/span/a
Trying to find Element By : By.xpath: //table/tbody/tr[1]/td[3]/span/a
Found Element By : By.xpath: //table/tbody/tr[1]/td[3]/span/a
Trying to find Element By : By.xpath: //table/tbody/tr[1]/td[3]/span/a
Found Element By : By.xpath: //table/tbody/tr[1]/td[3]/span/a
Trying to find Element By : By.xpath: //table/tbody/tr[1]/td[3]/span/a
Found Element By : By.xpath: //table/tbody/tr[1]/td[3]/span/a
Trying to find Element By : By.xpath: //table/tbody/tr[1]/td[3]/span/a
Found Element By : By.xpath: //table/tbody/tr[1]/td[3]/span/a
Trying to find Element By : By.xpath: //table/tbody/tr[1]/td[3]/span/a
Found Element By : By.xpath: //table/tbody/tr[1]/td[3]/span/a
Trying to find Element By : By.xpath: //table/tbody/tr[1]/td[3]/span/a
Found Element By : By.xpath: //table/tbody/tr[1]/td[3]/span/a
Trying to find Element By : By.xpath: //table/tbody/tr[1]/td[3]/span/a
Found Element By : By.xpath: //table/tbody/tr[1]/td[3]/span/a
Trying to find Element By : By.xpath: //table/tbody/tr[1]/td[3]/span/a
Found Element By : By.xpath: //table/tbody/tr[1]/td[3]/span/a
Trying to find Element By : By.xpath: //table/tbody/tr[1]/td[3]/span/a
Found Element By : By.xpath: //table/tbody/tr[1]/td[3]/span/a
Trying to find Element By : By.xpath: //table/tbody/tr[1]/td[3]/span/a
Found Element By : By.xpath: //table/tbody/tr[1]/td[3]/span/a
Trying to find Element By : By.xpath: //table/tbody/tr[1]/td[3]/span/a
Found Element By : By.xpath: //table/tbody/tr[1]/td[3]/span/a
Trying to find Element By : By.xpath: //table/tbody/tr[1]/td[3]/span/a
Found Element By : By.xpath: //table/tbody/tr[1]/td[3]/span/a
Trying to find Element By : By.xpath: //table/tbody/tr[1]/td[3]/span/a
Found Element By : By.xpath: //table/tbody/tr[1]/td[3]/span/a
Trying to find Element By : By.xpath: //table/tbody/tr[1]/td[3]/span/a
Found Element By : By.xpath: //table/tbody/tr[1]/td[3]/span/a
Trying to find Element By : By.xpath: //table/tbody/tr[1]/td[3]/span/a
Found Element By : By.xpath: //table/tbody/tr[1]/td[3]/span/a
Trying to find Element By : By.xpath: //table/tbody/tr[1]/td[3]/span/a
Found Element By : By.xpath: //table/tbody/tr[1]/td[3]/span/a
Trying to find Element By : By.xpath: //table/tbody/tr[1]/td[3]/span/a
Found Element By : By.xpath: //table/tbody/tr[1]/td[3]/span/a
Trying to find Element By : By.xpath: //table/tbody/tr[1]/td[3]/span/a
Found Element By : By.xpath: //table/tbody/tr[1]/td[3]/span/a
Trying to find Element By : By.xpath: //table/tbody/tr[1]/td[3]/span/a
Found Element By : By.xpath: //table/tbody/tr[1]/td[3]/span/a
Trying to find Element By : By.xpath: //table/tbody/tr[1]/td[3]/span/a
Found Element By : By.xpath: //table/tbody/tr[1]/td[3]/span/a
Trying to find Element By : By.xpath: //table/tbody/tr[1]/td[3]/span/a
Found Element By : By.xpath: //table/tbody/tr[1]/td[3]/span/a
Trying to find Element By : By.xpath: //table/tbody/tr[1]/td[3]/span/a
Found Element By : By.xpath: //table/tbody/tr[1]/td[3]/span/a
Trying to find Element By : By.xpath: //table/tbody/tr[1]/td[3]/span/a
Found Element By : By.xpath: //table/tbody/tr[1]/td[3]/span/a
Trying to find Element By : By.xpath: //table/tbody/tr[1]/td[3]/span/a
Found Element By : By.xpath: //table/tbody/tr[1]/td[3]/span/a
Trying to find Element By : By.xpath: //table/tbody/tr[1]/td[3]/span/a
Found Element By : By.xpath: //table/tbody/tr[1]/td[3]/span/a
Trying to find Element By : By.xpath: //table/tbody/tr[1]/td[3]/span/a
Found Element By : By.xpath: //table/tbody/tr[1]/td[3]/span/a
Trying to find Element By : By.xpath: //table/tbody/tr[1]/td[3]/span/a
Found Element By : By.xpath: //table/tbody/tr[1]/td[3]/span/a
Trying to find Element By : By.xpath: //table/tbody/tr[1]/td[3]/span/a
Found Element By : By.xpath: //table/tbody/tr[1]/td[3]/span/a
Trying to find Element By : By.xpath: //table/tbody/tr[1]/td[3]/span/a
Found Element By : By.xpath: //table/tbody/tr[1]/td[3]/span/a
Trying to find Element By : By.xpath: //table/tbody/tr[1]/td[3]/span/a
Found Element By : By.xpath: //table/tbody/tr[1]/td[3]/span/a
Trying to find Element By : By.xpath: //table/tbody/tr[1]/td[3]/span/a
Found Element By : By.xpath: //table/tbody/tr[1]/td[3]/span/a
Trying to find Element By : By.xpath: //table/tbody/tr[1]/td[3]/span/a
Found Element By : By.xpath: //table/tbody/tr[1]/td[3]/span/a
Trying to find Element By : By.xpath: //table/tbody/tr[1]/td[3]/span/a
Found Element By : By.xpath: //table/tbody/tr[1]/td[3]/span/a
Trying to find Element By : By.xpath: //table/tbody/tr[1]/td[3]/span/a
Found Element By : By.xpath: //table/tbody/tr[1]/td[3]/span/a
Trying to find Element By : By.xpath: //table/tbody/tr[1]/td[3]/span/a
Found Element By : By.xpath: //table/tbody/tr[1]/td[3]/span/a
Trying to find Element By : By.xpath: //table/tbody/tr[1]/td[3]/span/a
Found Element By : By.xpath: //table/tbody/tr[1]/td[3]/span/a
Trying to find Element By : By.xpath: //table/tbody/tr[1]/td[3]/span/a
Found Element By : By.xpath: //table/tbody/tr[1]/td[3]/span/a
Trying to find Element By : By.xpath: //table/tbody/tr[1]/td[3]/span/a
Found Element By : By.xpath: //table/tbody/tr[1]/td[3]/span/a
Trying to find Element By : By.xpath: //table/tbody/tr[1]/td[3]/span/a
Found Element By : By.xpath: //table/tbody/tr[1]/td[3]/span/a
Trying to find Element By : By.xpath: //table/tbody/tr[1]/td[3]/span/a
Found Element By : By.xpath: //table/tbody/tr[1]/td[3]/span/a
Trying to find Element By : By.xpath: //table/tbody/tr[1]/td[3]/span/a
Found Element By : By.xpath: //table/tbody/tr[1]/td[3]/span/a
Trying to find Element By : By.xpath: //table/tbody/tr[1]/td[3]/span/a
Found Element By : By.xpath: //table/tbody/tr[1]/td[3]/span/a
Trying to find Element By : By.xpath: //table/tbody/tr[1]/td[3]/span/a
Found Element By : By.xpath: //table/tbody/tr[1]/td[3]/span/a
Trying to find Element By : By.xpath: //table/tbody/tr[1]/td[3]/span/a
Found Element By : By.xpath: //table/tbody/tr[1]/td[3]/span/a
Trying to find Element By : By.xpath: //table/tbody/tr[1]/td[3]/span/a
Found Element By : By.xpath: //table/tbody/tr[1]/td[3]/span/a
Trying to find Element By : By.xpath: //table/tbody/tr[1]/td[3]/span/a
Found Element By : By.xpath: //table/tbody/tr[1]/td[3]/span/a
Trying to find Element By : By.xpath: //table/tbody/tr[1]/td[3]/span/a
Found Element By : By.xpath: //table/tbody/tr[1]/td[3]/span/a
Trying to find Element By : By.xpath: //table/tbody/tr[1]/td[3]/span/a
Found Element By : By.xpath: //table/tbody/tr[1]/td[3]/span/a
Trying to find Element By : By.xpath: //table/tbody/tr[1]/td[3]/span/a
Found Element By : By.xpath: //table/tbody/tr[1]/td[3]/span/a
Trying to find Element By : By.xpath: //table/tbody/tr[1]/td[3]/span/a
Found Element By : By.xpath: //table/tbody/tr[1]/td[3]/span/a
Trying to find Element By : By.xpath: //table/tbody/tr[1]/td[3]/span/a
Found Element By : By.xpath: //table/tbody/tr[1]/td[3]/span/a
Trying to find Element By : By.xpath: //table/tbody/tr[1]/td[3]/span/a
Found Element By : By.xpath: //table/tbody/tr[1]/td[3]/span/a
Trying to find Element By : By.xpath: //table/tbody/tr[1]/td[3]/span/a
Found Element By : By.xpath: //table/tbody/tr[1]/td[3]/span/a
Trying to find Element By : By.xpath: //table/tbody/tr[1]/td[3]/span/a
Found Element By : By.xpath: //table/tbody/tr[1]/td[3]/span/a
Trying to find Element By : By.xpath: //table/tbody/tr[1]/td[3]/span/a
Found Element By : By.xpath: //table/tbody/tr[1]/td[3]/span/a
Trying to find Element By : By.xpath: //table/tbody/tr[1]/td[3]/span/a
Found Element By : By.xpath: //table/tbody/tr[1]/td[3]/span/a
Trying to find Element By : By.xpath: //table/tbody/tr[1]/td[3]/span/a
Found Element By : By.xpath: //table/tbody/tr[1]/td[3]/span/a
Trying to find Element By : By.xpath: //table/tbody/tr[1]/td[3]/span/a
Found Element By : By.xpath: //table/tbody/tr[1]/td[3]/span/a
Trying to find Element By : By.xpath: //table/tbody/tr[1]/td[3]/span/a
Found Element By : By.xpath: //table/tbody/tr[1]/td[3]/span/a
Trying to find Element By : By.xpath: //table/tbody/tr[1]/td[3]/span/a
Found Element By : By.xpath: //table/tbody/tr[1]/td[3]/span/a
Trying to find Element By : By.xpath: //table/tbody/tr[1]/td[3]/span/a
Found Element By : By.xpath: //table/tbody/tr[1]/td[3]/span/a
Trying to find Element By : By.xpath: //table/tbody/tr[1]/td[3]/span/a
Found Element By : By.xpath: //table/tbody/tr[1]/td[3]/span/a
Trying to find Element By : By.xpath: //table/tbody/tr[1]/td[3]/span/a
Found Element By : By.xpath: //table/tbody/tr[1]/td[3]/span/a
Trying to find Element By : By.xpath: //table/tbody/tr[1]/td[3]/span/a
Found Element By : By.xpath: //table/tbody/tr[1]/td[3]/span/a
Trying to find Element By : By.xpath: //table/tbody/tr[1]/td[3]/span/a
Found Element By : By.xpath: //table/tbody/tr[1]/td[3]/span/a
Trying to find Element By : By.xpath: //table/tbody/tr[1]/td[3]/span/a
Found Element By : By.xpath: //table/tbody/tr[1]/td[3]/span/a
Trying to find Element By : By.xpath: //table/tbody/tr[1]/td[3]/span/a
Found Element By : By.xpath: //table/tbody/tr[1]/td[3]/span/a
Trying to find Element By : By.xpath: //table/tbody/tr[1]/td[3]/span/a
Found Element By : By.xpath: //table/tbody/tr[1]/td[3]/span/a
Trying to find Element By : By.xpath: //table/tbody/tr[1]/td[3]/span/a
Found Element By : By.xpath: //table/tbody/tr[1]/td[3]/span/a
Trying to find Element By : By.xpath: //table/tbody/tr[1]/td[3]/span/a
Found Element By : By.xpath: //table/tbody/tr[1]/td[3]/span/a
Trying to find Element By : By.xpath: //table/tbody/tr[1]/td[3]/span/a
Found Element By : By.xpath: //table/tbody/tr[1]/td[3]/span/a
Trying to find Element By : By.xpath: //table/tbody/tr[1]/td[3]/span/a
Found Element By : By.xpath: //table/tbody/tr[1]/td[3]/span/a
Trying to find Element By : By.xpath: //table/tbody/tr[1]/td[3]/span/a
Found Element By : By.xpath: //table/tbody/tr[1]/td[3]/span/a
Trying to find Element By : By.xpath: //table/tbody/tr[1]/td[3]/span/a
Found Element By : By.xpath: //table/tbody/tr[1]/td[3]/span/a
Trying to find Element By : By.xpath: //table/tbody/tr[1]/td[3]/span/a
Found Element By : By.xpath: //table/tbody/tr[1]/td[3]/span/a
Trying to find Element By : By.xpath: //table/tbody/tr[1]/td[3]/span/a
Found Element By : By.xpath: //table/tbody/tr[1]/td[3]/span/a
Trying to find Element By : By.xpath: //table/tbody/tr[1]/td[3]/span/a
Found Element By : By.xpath: //table/tbody/tr[1]/td[3]/span/a
Trying to find Element By : By.xpath: //table/tbody/tr[1]/td[3]/span/a
Found Element By : By.xpath: //table/tbody/tr[1]/td[3]/span/a
Trying to find Element By : By.xpath: //table/tbody/tr[1]/td[3]/span/a
Found Element By : By.xpath: //table/tbody/tr[1]/td[3]/span/a
Trying to find Element By : By.xpath: //table/tbody/tr[1]/td[3]/span/a
Found Element By : By.xpath: //table/tbody/tr[1]/td[3]/span/a
Trying to find Element By : By.xpath: //table/tbody/tr[1]/td[3]/span/a
Found Element By : By.xpath: //table/tbody/tr[1]/td[3]/span/a
Trying to find Element By : By.xpath: //table/tbody/tr[1]/td[3]/span/a
Found Element By : By.xpath: //table/tbody/tr[1]/td[3]/span/a
Trying to find Element By : By.xpath: //table/tbody/tr[1]/td[3]/span/a
Found Element By : By.xpath: //table/tbody/tr[1]/td[3]/span/a
Trying to find Element By : By.xpath: //table/tbody/tr[1]/td[3]/span/a
Found Element By : By.xpath: //table/tbody/tr[1]/td[3]/span/a
Trying to find Element By : By.xpath: //table/tbody/tr[1]/td[3]/span/a
Found Element By : By.xpath: //table/tbody/tr[1]/td[3]/span/a
Trying to find Element By : By.xpath: //table/tbody/tr[1]/td[3]/span/a
Found Element By : By.xpath: //table/tbody/tr[1]/td[3]/span/a
Trying to find Element By : By.xpath: //table/tbody/tr[1]/td[3]/span/a
Found Element By : By.xpath: //table/tbody/tr[1]/td[3]/span/a
Trying to find Element By : By.xpath: //table/tbody/tr[1]/td[3]/span/a
Found Element By : By.xpath: //table/tbody/tr[1]/td[3]/span/a
Trying to find Element By : By.xpath: //table/tbody/tr[1]/td[3]/span/a
Found Element By : By.xpath: //table/tbody/tr[1]/td[3]/span/a
Trying to find Element By : By.xpath: //table/tbody/tr[1]/td[3]/span/a
Found Element By : By.xpath: //table/tbody/tr[1]/td[3]/span/a
Trying to find Element By : By.xpath: //table/tbody/tr[1]/td[3]/span/a
Found Element By : By.xpath: //table/tbody/tr[1]/td[3]/span/a
Trying to find Element By : By.xpath: //table/tbody/tr[1]/td[3]/span/a
Found Element By : By.xpath: //table/tbody/tr[1]/td[3]/span/a
Trying to find Element By : By.xpath: //table/tbody/tr[1]/td[3]/span/a
Found Element By : By.xpath: //table/tbody/tr[1]/td[3]/span/a
Trying to find Element By : By.xpath: //table/tbody/tr[1]/td[3]/span/a
Found Element By : By.xpath: //table/tbody/tr[1]/td[3]/span/a
Trying to find Element By : By.xpath: //table/tbody/tr[1]/td[3]/span/a
Found Element By : By.xpath: //table/tbody/tr[1]/td[3]/span/a
Trying to find Element By : By.xpath: //table/tbody/tr[1]/td[3]/span/a
Found Element By : By.xpath: //table/tbody/tr[1]/td[3]/span/a
Trying to find Element By : By.xpath: //table/tbody/tr[1]/td[3]/span/a
Found Element By : By.xpath: //table/tbody/tr[1]/td[3]/span/a
Trying to find Element By : By.xpath: //table/tbody/tr[1]/td[3]/span/a
Found Element By : By.xpath: //table/tbody/tr[1]/td[3]/span/a
Trying to find Element By : By.xpath: //table/tbody/tr[1]/td[3]/span/a
Found Element By : By.xpath: //table/tbody/tr[1]/td[3]/span/a
Trying to find Element By : By.xpath: //table/tbody/tr[1]/td[3]/span/a
Found Element By : By.xpath: //table/tbody/tr[1]/td[3]/span/a
Trying to find Element By : By.xpath: //table/tbody/tr[1]/td[3]/span/a
Found Element By : By.xpath: //table/tbody/tr[1]/td[3]/span/a
Trying to find Element By : By.xpath: //table/tbody/tr[1]/td[3]/span/a
Found Element By : By.xpath: //table/tbody/tr[1]/td[3]/span/a
Trying to find Element By : By.xpath: //table/tbody/tr[1]/td[3]/span/a
Found Element By : By.xpath: //table/tbody/tr[1]/td[3]/span/a
Trying to find Element By : By.xpath: //table/tbody/tr[1]/td[3]/span/a
Found Element By : By.xpath: //table/tbody/tr[1]/td[3]/span/a
Trying to find Element By : By.xpath: //table/tbody/tr[1]/td[3]/span/a
Found Element By : By.xpath: //table/tbody/tr[1]/td[3]/span/a
Trying to find Element By : By.xpath: //table/tbody/tr[1]/td[3]/span/a
Found Element By : By.xpath: //table/tbody/tr[1]/td[3]/span/a
Trying to find Element By : By.xpath: //table/tbody/tr[1]/td[3]/span/a
Found Element By : By.xpath: //table/tbody/tr[1]/td[3]/span/a
Trying to find Element By : By.xpath: //table/tbody/tr[1]/td[3]/span/a
Found Element By : By.xpath: //table/tbody/tr[1]/td[3]/span/a
Trying to find Element By : By.xpath: //table/tbody/tr[1]/td[3]/span/a
Found Element By : By.xpath: //table/tbody/tr[1]/td[3]/span/a
Trying to find Element By : By.xpath: //table/tbody/tr[1]/td[3]/span/a
Found Element By : By.xpath: //table/tbody/tr[1]/td[3]/span/a
Trying to find Element By : By.xpath: //table/tbody/tr[1]/td[3]/span/a
Found Element By : By.xpath: //table/tbody/tr[1]/td[3]/span/a
Trying to find Element By : By.xpath: //table/tbody/tr[1]/td[3]/span/a
Found Element By : By.xpath: //table/tbody/tr[1]/td[3]/span/a
Trying to find Element By : By.xpath: //table/tbody/tr[1]/td[3]/span/a
Found Element By : By.xpath: //table/tbody/tr[1]/td[3]/span/a
Trying to find Element By : By.xpath: //table/tbody/tr[1]/td[3]/span/a
Found Element By : By.xpath: //table/tbody/tr[1]/td[3]/span/a
Trying to find Element By : By.xpath: //table/tbody/tr[1]/td[3]/span/a
Found Element By : By.xpath: //table/tbody/tr[1]/td[3]/span/a
Trying to find Element By : By.xpath: //table/tbody/tr[1]/td[3]/span/a
Found Element By : By.xpath: //table/tbody/tr[1]/td[3]/span/a
Trying to find Element By : By.xpath: //table/tbody/tr[1]/td[3]/span/a
Found Element By : By.xpath: //table/tbody/tr[1]/td[3]/span/a
Trying to find Element By : By.xpath: //table/tbody/tr[1]/td[3]/span/a
Found Element By : By.xpath: //table/tbody/tr[1]/td[3]/span/a
Trying to find Element By : By.xpath: //table/tbody/tr[1]/td[3]/span/a
Found Element By : By.xpath: //table/tbody/tr[1]/td[3]/span/a
Trying to find Element By : By.xpath: //table/tbody/tr[1]/td[3]/span/a
Found Element By : By.xpath: //table/tbody/tr[1]/td[3]/span/a
Trying to find Element By : By.xpath: //table/tbody/tr[1]/td[3]/span/a
Found Element By : By.xpath: //table/tbody/tr[1]/td[3]/span/a
Trying to find Element By : By.xpath: //table/tbody/tr[1]/td[3]/span/a
Found Element By : By.xpath: //table/tbody/tr[1]/td[3]/span/a
Trying to find Element By : By.xpath: //table/tbody/tr[1]/td[3]/span/a
Found Element By : By.xpath: //table/tbody/tr[1]/td[3]/span/a
Trying to find Element By : By.xpath: //table/tbody/tr[1]/td[3]/span/a
Found Element By : By.xpath: //table/tbody/tr[1]/td[3]/span/a
Trying to find Element By : By.xpath: //table/tbody/tr[1]/td[3]/span/a
Found Element By : By.xpath: //table/tbody/tr[1]/td[3]/span/a
Trying to find Element By : By.xpath: //table/tbody/tr[1]/td[3]/span/a
Found Element By : By.xpath: //table/tbody/tr[1]/td[3]/span/a
Trying to find Element By : By.xpath: //table/tbody/tr[1]/td[3]/span/a
Found Element By : By.xpath: //table/tbody/tr[1]/td[3]/span/a
Trying to find Element By : By.xpath: //table/tbody/tr[1]/td[3]/span/a
Found Element By : By.xpath: //table/tbody/tr[1]/td[3]/span/a
Trying to find Element By : By.xpath: //table/tbody/tr[1]/td[3]/span/a
Found Element By : By.xpath: //table/tbody/tr[1]/td[3]/span/a
Trying to find Element By : By.xpath: //table/tbody/tr[1]/td[3]/span/a
Found Element By : By.xpath: //table/tbody/tr[1]/td[3]/span/a
Trying to find Element By : By.xpath: //table/tbody/tr[1]/td[3]/span/a
Found Element By : By.xpath: //table/tbody/tr[1]/td[3]/span/a
Trying to find Element By : By.xpath: //table/tbody/tr[1]/td[3]/span/a
Found Element By : By.xpath: //table/tbody/tr[1]/td[3]/span/a
Trying to find Element By : By.xpath: //table/tbody/tr[1]/td[3]/span/a
Found Element By : By.xpath: //table/tbody/tr[1]/td[3]/span/a
Trying to find Element By : By.xpath: //table/tbody/tr[1]/td[3]/span/a
Found Element By : By.xpath: //table/tbody/tr[1]/td[3]/span/a
Trying to find Element By : By.xpath: //table/tbody/tr[1]/td[3]/span/a
Found Element By : By.xpath: //table/tbody/tr[1]/td[3]/span/a
Trying to find Element By : By.xpath: //table/tbody/tr[1]/td[3]/span/a
Found Element By : By.xpath: //table/tbody/tr[1]/td[3]/span/a
Trying to find Element By : By.xpath: //table/tbody/tr[1]/td[3]/span/a
Found Element By : By.xpath: //table/tbody/tr[1]/td[3]/span/a
Trying to find Element By : By.xpath: //table/tbody/tr[1]/td[3]/span/a
Found Element By : By.xpath: //table/tbody/tr[1]/td[3]/span/a
Trying to find Element By : By.xpath: //table/tbody/tr[1]/td[3]/span/a
Found Element By : By.xpath: //table/tbody/tr[1]/td[3]/span/a
Trying to find Element By : By.xpath: //table/tbody/tr[1]/td[3]/span/a
Found Element By : By.xpath: //table/tbody/tr[1]/td[3]/span/a
Trying to find Element By : By.xpath: //table/tbody/tr[1]/td[3]/span/a
Found Element By : By.xpath: //table/tbody/tr[1]/td[3]/span/a
Trying to find Element By : By.xpath: //table/tbody/tr[1]/td[3]/span/a
Found Element By : By.xpath: //table/tbody/tr[1]/td[3]/span/a
Trying to find Element By : By.xpath: //table/tbody/tr[1]/td[3]/span/a
Found Element By : By.xpath: //table/tbody/tr[1]/td[3]/span/a
Trying to find Element By : By.xpath: //table/tbody/tr[1]/td[3]/span/a
Found Element By : By.xpath: //table/tbody/tr[1]/td[3]/span/a
Trying to find Element By : By.xpath: //table/tbody/tr[1]/td[3]/span/a
Found Element By : By.xpath: //table/tbody/tr[1]/td[3]/span/a
Trying to find Element By : By.xpath: //table/tbody/tr[1]/td[3]/span/a
Found Element By : By.xpath: //table/tbody/tr[1]/td[3]/span/a
Trying to find Element By : By.xpath: //table/tbody/tr[1]/td[3]/span/a
Found Element By : By.xpath: //table/tbody/tr[1]/td[3]/span/a
Trying to find Element By : By.xpath: //table/tbody/tr[1]/td[3]/span/a
Found Element By : By.xpath: //table/tbody/tr[1]/td[3]/span/a
Trying to find Element By : By.xpath: //table/tbody/tr[1]/td[3]/span/a
Found Element By : By.xpath: //table/tbody/tr[1]/td[3]/span/a
Trying to find Element By : By.xpath: //table/tbody/tr[1]/td[3]/span/a
Found Element By : By.xpath: //table/tbody/tr[1]/td[3]/span/a
Trying to find Element By : By.xpath: //table/tbody/tr[1]/td[3]/span/a
Found Element By : By.xpath: //table/tbody/tr[1]/td[3]/span/a
Trying to find Element By : By.xpath: //table/tbody/tr[1]/td[3]/span/a
Found Element By : By.xpath: //table/tbody/tr[1]/td[3]/span/a
Trying to find Element By : By.xpath: //table/tbody/tr[1]/td[3]/span/a
Found Element By : By.xpath: //table/tbody/tr[1]/td[3]/span/a
Trying to find Element By : By.xpath: //table/tbody/tr[1]/td[3]/span/a
Found Element By : By.xpath: //table/tbody/tr[1]/td[3]/span/a
Trying to find Element By : By.xpath: //table/tbody/tr[1]/td[3]/span/a
Found Element By : By.xpath: //table/tbody/tr[1]/td[3]/span/a
Trying to find Element By : By.xpath: //table/tbody/tr[1]/td[3]/span/a
Found Element By : By.xpath: //table/tbody/tr[1]/td[3]/span/a
Trying to find Element By : By.xpath: //table/tbody/tr[1]/td[3]/span/a
Found Element By : By.xpath: //table/tbody/tr[1]/td[3]/span/a
Trying to find Element By : By.xpath: //table/tbody/tr[1]/td[3]/span/a
Found Element By : By.xpath: //table/tbody/tr[1]/td[3]/span/a
Trying to find Element By : By.xpath: //table/tbody/tr[1]/td[3]/span/a
Found Element By : By.xpath: //table/tbody/tr[1]/td[3]/span/a
Trying to find Element By : By.xpath: //table/tbody/tr[1]/td[3]/span/a
Found Element By : By.xpath: //table/tbody/tr[1]/td[3]/span/a
Trying to find Element By : By.xpath: //table/tbody/tr[1]/td[3]/span/a
Found Element By : By.xpath: //table/tbody/tr[1]/td[3]/span/a
Trying to find Element By : By.xpath: //table/tbody/tr[1]/td[3]/span/a
Found Element By : By.xpath: //table/tbody/tr[1]/td[3]/span/a
Trying to find Element By : By.xpath: //table/tbody/tr[1]/td[3]/span/a
Found Element By : By.xpath: //table/tbody/tr[1]/td[3]/span/a
Trying to find Element By : By.xpath: //table/tbody/tr[1]/td[3]/span/a
Found Element By : By.xpath: //table/tbody/tr[1]/td[3]/span/a
Trying to find Element By : By.xpath: //table/tbody/tr[1]/td[3]/span/a
Found Element By : By.xpath: //table/tbody/tr[1]/td[3]/span/a
Trying to find Element By : By.xpath: //table/tbody/tr[1]/td[3]/span/a
Found Element By : By.xpath: //table/tbody/tr[1]/td[3]/span/a
Trying to find Element By : By.xpath: //table/tbody/tr[1]/td[3]/span/a
Found Element By : By.xpath: //table/tbody/tr[1]/td[3]/span/a
Trying to find Element By : By.xpath: //table/tbody/tr[1]/td[3]/span/a
Found Element By : By.xpath: //table/tbody/tr[1]/td[3]/span/a
Trying to find Element By : By.xpath: //table/tbody/tr[1]/td[3]/span/a
Found Element By : By.xpath: //table/tbody/tr[1]/td[3]/span/a
Trying to find Element By : By.xpath: //table/tbody/tr[1]/td[3]/span/a
Found Element By : By.xpath: //table/tbody/tr[1]/td[3]/span/a
Trying to find Element By : By.xpath: //table/tbody/tr[1]/td[3]/span/a
Found Element By : By.xpath: //table/tbody/tr[1]/td[3]/span/a
Trying to find Element By : By.xpath: //table/tbody/tr[1]/td[3]/span/a
Found Element By : By.xpath: //table/tbody/tr[1]/td[3]/span/a
Trying to find Element By : By.xpath: //table/tbody/tr[1]/td[3]/span/a
Found Element By : By.xpath: //table/tbody/tr[1]/td[3]/span/a
Trying to find Element By : By.xpath: //table/tbody/tr[1]/td[3]/span/a
Found Element By : By.xpath: //table/tbody/tr[1]/td[3]/span/a
Trying to find Element By : By.xpath: //table/tbody/tr[1]/td[3]/span/a
Found Element By : By.xpath: //table/tbody/tr[1]/td[3]/span/a
Trying to find Element By : By.xpath: //table/tbody/tr[1]/td[3]/span/a
Found Element By : By.xpath: //table/tbody/tr[1]/td[3]/span/a
Trying to find Element By : By.xpath: //table/tbody/tr[1]/td[3]/span/a
Found Element By : By.xpath: //table/tbody/tr[1]/td[3]/span/a
Trying to find Element By : By.xpath: //table/tbody/tr[1]/td[3]/span/a
Found Element By : By.xpath: //table/tbody/tr[1]/td[3]/span/a
Trying to find Element By : By.xpath: //table/tbody/tr[1]/td[3]/span/a
Found Element By : By.xpath: //table/tbody/tr[1]/td[3]/span/a
Trying to find Element By : By.xpath: //table/tbody/tr[1]/td[3]/span/a
Found Element By : By.xpath: //table/tbody/tr[1]/td[3]/span/a
Trying to find Element By : By.xpath: //table/tbody/tr[1]/td[3]/span/a
Found Element By : By.xpath: //table/tbody/tr[1]/td[3]/span/a
Trying to find Element By : By.xpath: //table/tbody/tr[1]/td[3]/span/a
Found Element By : By.xpath: //table/tbody/tr[1]/td[3]/span/a
Trying to find Element By : By.xpath: //table/tbody/tr[1]/td[3]/span/a
Found Element By : By.xpath: //table/tbody/tr[1]/td[3]/span/a
Trying to find Element By : By.xpath: //table/tbody/tr[1]/td[3]/span/a
Found Element By : By.xpath: //table/tbody/tr[1]/td[3]/span/a
Trying to find Element By : By.xpath: //table/tbody/tr[1]/td[3]/span/a
Found Element By : By.xpath: //table/tbody/tr[1]/td[3]/span/a
Trying to find Element By : By.xpath: //table/tbody/tr[1]/td[3]/span/a
Found Element By : By.xpath: //table/tbody/tr[1]/td[3]/span/a
Trying to find Element By : By.xpath: //table/tbody/tr[1]/td[3]/span/a
Found Element By : By.xpath: //table/tbody/tr[1]/td[3]/span/a
Trying to find Element By : By.xpath: //table/tbody/tr[1]/td[3]/span/a
Found Element By : By.xpath: //table/tbody/tr[1]/td[3]/span/a
Trying to find Element By : By.xpath: //table/tbody/tr[1]/td[3]/span/a
Found Element By : By.xpath: //table/tbody/tr[1]/td[3]/span/a
Trying to find Element By : By.xpath: //table/tbody/tr[1]/td[3]/span/a
Found Element By : By.xpath: //table/tbody/tr[1]/td[3]/span/a
Trying to find Element By : By.xpath: //table/tbody/tr[1]/td[3]/span/a
Found Element By : By.xpath: //table/tbody/tr[1]/td[3]/span/a
Trying to find Element By : By.xpath: //table/tbody/tr[1]/td[3]/span/a
Found Element By : By.xpath: //table/tbody/tr[1]/td[3]/span/a
Trying to find Element By : By.xpath: //table/tbody/tr[1]/td[3]/span/a
Found Element By : By.xpath: //table/tbody/tr[1]/td[3]/span/a
Trying to find Element By : By.xpath: //table/tbody/tr[1]/td[3]/span/a
Found Element By : By.xpath: //table/tbody/tr[1]/td[3]/span/a
Trying to find Element By : By.xpath: //table/tbody/tr[1]/td[3]/span/a
Found Element By : By.xpath: //table/tbody/tr[1]/td[3]/span/a
Trying to find Element By : By.xpath: //table/tbody/tr[1]/td[3]/span/a
Found Element By : By.xpath: //table/tbody/tr[1]/td[3]/span/a
Trying to find Element By : By.xpath: //table/tbody/tr[1]/td[3]/span/a
Found Element By : By.xpath: //table/tbody/tr[1]/td[3]/span/a
Trying to find Element By : By.xpath: //table/tbody/tr[1]/td[3]/span/a
Found Element By : By.xpath: //table/tbody/tr[1]/td[3]/span/a
Trying to find Element By : By.xpath: //table/tbody/tr[1]/td[3]/span/a
Found Element By : By.xpath: //table/tbody/tr[1]/td[3]/span/a
Trying to find Element By : By.xpath: //table/tbody/tr[1]/td[3]/span/a
Found Element By : By.xpath: //table/tbody/tr[1]/td[3]/span/a
Trying to find Element By : By.xpath: //table/tbody/tr[1]/td[3]/span/a
Found Element By : By.xpath: //table/tbody/tr[1]/td[3]/span/a
Trying to find Element By : By.xpath: //table/tbody/tr[1]/td[3]/span/a
Found Element By : By.xpath: //table/tbody/tr[1]/td[3]/span/a
Trying to find Element By : By.xpath: //table/tbody/tr[1]/td[3]/span/a
Found Element By : By.xpath: //table/tbody/tr[1]/td[3]/span/a
Trying to find Element By : By.xpath: //table/tbody/tr[1]/td[3]/span/a
Found Element By : By.xpath: //table/tbody/tr[1]/td[3]/span/a
Trying to find Element By : By.xpath: //table/tbody/tr[1]/td[3]/span/a
Found Element By : By.xpath: //table/tbody/tr[1]/td[3]/span/a
Trying to find Element By : By.xpath: //table/tbody/tr[1]/td[3]/span/a
Found Element By : By.xpath: //table/tbody/tr[1]/td[3]/span/a
Trying to find Element By : By.xpath: //table/tbody/tr[1]/td[3]/span/a
Found Element By : By.xpath: //table/tbody/tr[1]/td[3]/span/a
Trying to find Element By : By.xpath: //table/tbody/tr[1]/td[3]/span/a
Found Element By : By.xpath: //table/tbody/tr[1]/td[3]/span/a
Trying to find Element By : By.xpath: //table/tbody/tr[1]/td[3]/span/a
Found Element By : By.xpath: //table/tbody/tr[1]/td[3]/span/a
Trying to find Element By : By.xpath: //table/tbody/tr[1]/td[3]/span/a
Found Element By : By.xpath: //table/tbody/tr[1]/td[3]/span/a
Trying to find Element By : By.xpath: //table/tbody/tr[1]/td[3]/span/a
Found Element By : By.xpath: //table/tbody/tr[1]/td[3]/span/a
Trying to find Element By : By.xpath: //table/tbody/tr[1]/td[3]/span/a
Found Element By : By.xpath: //table/tbody/tr[1]/td[3]/span/a
Trying to find Element By : By.xpath: //table/tbody/tr[1]/td[3]/span/a
Found Element By : By.xpath: //table/tbody/tr[1]/td[3]/span/a
Trying to find Element By : By.xpath: //table/tbody/tr[1]/td[3]/span/a
Found Element By : By.xpath: //table/tbody/tr[1]/td[3]/span/a
Trying to find Element By : By.xpath: //table/tbody/tr[1]/td[3]/span/a
Found Element By : By.xpath: //table/tbody/tr[1]/td[3]/span/a
Trying to find Element By : By.xpath: //table/tbody/tr[1]/td[3]/span/a
Found Element By : By.xpath: //table/tbody/tr[1]/td[3]/span/a
Trying to find Element By : By.xpath: //table/tbody/tr[1]/td[3]/span/a
Found Element By : By.xpath: //table/tbody/tr[1]/td[3]/span/a
Trying to find Element By : By.xpath: //table/tbody/tr[1]/td[3]/span/a
Found Element By : By.xpath: //table/tbody/tr[1]/td[3]/span/a
Trying to find Element By : By.xpath: //table/tbody/tr[1]/td[3]/span/a
Found Element By : By.xpath: //table/tbody/tr[1]/td[3]/span/a
Trying to find Element By : By.xpath: //table/tbody/tr[1]/td[3]/span/a
Found Element By : By.xpath: //table/tbody/tr[1]/td[3]/span/a
Trying to find Element By : By.xpath: //table/tbody/tr[1]/td[3]/span/a
Found Element By : By.xpath: //table/tbody/tr[1]/td[3]/span/a
Trying to find Element By : By.xpath: //table/tbody/tr[1]/td[3]/span/a
Found Element By : By.xpath: //table/tbody/tr[1]/td[3]/span/a
Trying to find Element By : By.xpath: //table/tbody/tr[1]/td[3]/span/a
Found Element By : By.xpath: //table/tbody/tr[1]/td[3]/span/a
Trying to find Element By : By.xpath: //table/tbody/tr[1]/td[3]/span/a
Found Element By : By.xpath: //table/tbody/tr[1]/td[3]/span/a
Trying to find Element By : By.xpath: //table/tbody/tr[1]/td[3]/span/a
Found Element By : By.xpath: //table/tbody/tr[1]/td[3]/span/a
Trying to find Element By : By.xpath: //table/tbody/tr[1]/td[3]/span/a
Found Element By : By.xpath: //table/tbody/tr[1]/td[3]/span/a
Trying to find Element By : By.xpath: //table/tbody/tr[1]/td[3]/span/a
Found Element By : By.xpath: //table/tbody/tr[1]/td[3]/span/a
Trying to find Element By : By.xpath: //table/tbody/tr[1]/td[3]/span/a
Found Element By : By.xpath: //table/tbody/tr[1]/td[3]/span/a
Trying to find Element By : By.xpath: //table/tbody/tr[1]/td[3]/span/a
Found Element By : By.xpath: //table/tbody/tr[1]/td[3]/span/a
Trying to find Element By : By.xpath: //table/tbody/tr[1]/td[3]/span/a
Found Element By : By.xpath: //table/tbody/tr[1]/td[3]/span/a
Trying to find Element By : By.xpath: //table/tbody/tr[1]/td[3]/span/a
Found Element By : By.xpath: //table/tbody/tr[1]/td[3]/span/a
Trying to find Element By : By.xpath: //table/tbody/tr[1]/td[3]/span/a
Found Element By : By.xpath: //table/tbody/tr[1]/td[3]/span/a
Trying to find Element By : By.xpath: //table/tbody/tr[1]/td[3]/span/a
Found Element By : By.xpath: //table/tbody/tr[1]/td[3]/span/a
Trying to find Element By : By.xpath: //table/tbody/tr[1]/td[3]/span/a
Found Element By : By.xpath: //table/tbody/tr[1]/td[3]/span/a
Trying to find Element By : By.xpath: //table/tbody/tr[1]/td[3]/span/a
Found Element By : By.xpath: //table/tbody/tr[1]/td[3]/span/a
Trying to find Element By : By.xpath: //table/tbody/tr[1]/td[3]/span/a
Found Element By : By.xpath: //table/tbody/tr[1]/td[3]/span/a
Trying to find Element By : By.xpath: //table/tbody/tr[1]/td[3]/span/a
Found Element By : By.xpath: //table/tbody/tr[1]/td[3]/span/a
Trying to find Element By : By.xpath: //table/tbody/tr[1]/td[3]/span/a
Found Element By : By.xpath: //table/tbody/tr[1]/td[3]/span/a
Trying to find Element By : By.xpath: //table/tbody/tr[1]/td[3]/span/a
Found Element By : By.xpath: //table/tbody/tr[1]/td[3]/span/a
Trying to find Element By : By.xpath: //table/tbody/tr[1]/td[3]/span/a
Found Element By : By.xpath: //table/tbody/tr[1]/td[3]/span/a
Trying to find Element By : By.xpath: //table/tbody/tr[1]/td[3]/span/a
Found Element By : By.xpath: //table/tbody/tr[1]/td[3]/span/a
Trying to find Element By : By.xpath: //table/tbody/tr[1]/td[3]/span/a
Found Element By : By.xpath: //table/tbody/tr[1]/td[3]/span/a
Trying to find Element By : By.xpath: //table/tbody/tr[1]/td[3]/span/a
Found Element By : By.xpath: //table/tbody/tr[1]/td[3]/span/a
Trying to find Element By : By.xpath: //table/tbody/tr[1]/td[3]/span/a
Found Element By : By.xpath: //table/tbody/tr[1]/td[3]/span/a
Trying to find Element By : By.xpath: //table/tbody/tr[1]/td[3]/span/a
Found Element By : By.xpath: //table/tbody/tr[1]/td[3]/span/a
Trying to find Element By : By.xpath: //table/tbody/tr[1]/td[3]/span/a
Found Element By : By.xpath: //table/tbody/tr[1]/td[3]/span/a
Trying to find Element By : By.xpath: //table/tbody/tr[1]/td[3]/span/a
Found Element By : By.xpath: //table/tbody/tr[1]/td[3]/span/a
Trying to find Element By : By.xpath: //table/tbody/tr[1]/td[3]/span/a
Found Element By : By.xpath: //table/tbody/tr[1]/td[3]/span/a
Trying to find Element By : By.xpath: //table/tbody/tr[1]/td[3]/span/a
Found Element By : By.xpath: //table/tbody/tr[1]/td[3]/span/a
Trying to find Element By : By.xpath: //table/tbody/tr[1]/td[3]/span/a
Found Element By : By.xpath: //table/tbody/tr[1]/td[3]/span/a
Trying to find Element By : By.xpath: //table/tbody/tr[1]/td[3]/span/a
Found Element By : By.xpath: //table/tbody/tr[1]/td[3]/span/a
Trying to find Element By : By.xpath: //table/tbody/tr[1]/td[3]/span/a
Found Element By : By.xpath: //table/tbody/tr[1]/td[3]/span/a
Trying to find Element By : By.xpath: //table/tbody/tr[1]/td[3]/span/a
Found Element By : By.xpath: //table/tbody/tr[1]/td[3]/span/a
Trying to find Element By : By.xpath: //table/tbody/tr[1]/td[3]/span/a
Found Element By : By.xpath: //table/tbody/tr[1]/td[3]/span/a
Trying to find Element By : By.xpath: //table/tbody/tr[1]/td[3]/span/a
Found Element By : By.xpath: //table/tbody/tr[1]/td[3]/span/a
Trying to find Element By : By.xpath: //table/tbody/tr[1]/td[3]/span/a
Found Element By : By.xpath: //table/tbody/tr[1]/td[3]/span/a
Trying to find Element By : By.xpath: //table/tbody/tr[1]/td[3]/span/a
Found Element By : By.xpath: //table/tbody/tr[1]/td[3]/span/a
Trying to find Element By : By.xpath: //table/tbody/tr[1]/td[3]/span/a
Found Element By : By.xpath: //table/tbody/tr[1]/td[3]/span/a
Trying to find Element By : By.xpath: //table/tbody/tr[1]/td[3]/span/a
Found Element By : By.xpath: //table/tbody/tr[1]/td[3]/span/a
Trying to find Element By : By.xpath: //table/tbody/tr[1]/td[3]/span/a
Found Element By : By.xpath: //table/tbody/tr[1]/td[3]/span/a
Trying to find Element By : By.xpath: //table/tbody/tr[1]/td[3]/span/a
Found Element By : By.xpath: //table/tbody/tr[1]/td[3]/span/a
Trying to find Element By : By.xpath: //table/tbody/tr[1]/td[3]/span/a
Found Element By : By.xpath: //table/tbody/tr[1]/td[3]/span/a
Trying to find Element By : By.xpath: //table/tbody/tr[1]/td[3]/span/a
Found Element By : By.xpath: //table/tbody/tr[1]/td[3]/span/a
Trying to find Element By : By.xpath: //table/tbody/tr[1]/td[3]/span/a
Found Element By : By.xpath: //table/tbody/tr[1]/td[3]/span/a
Trying to find Element By : By.xpath: //table/tbody/tr[1]/td[3]/span/a
Found Element By : By.xpath: //table/tbody/tr[1]/td[3]/span/a
Trying to find Element By : By.xpath: //table/tbody/tr[1]/td[3]/span/a
Found Element By : By.xpath: //table/tbody/tr[1]/td[3]/span/a
Trying to find Element By : By.xpath: //table/tbody/tr[1]/td[3]/span/a
Found Element By : By.xpath: //table/tbody/tr[1]/td[3]/span/a
Trying to find Element By : By.xpath: //table/tbody/tr[1]/td[3]/span/a
Found Element By : By.xpath: //table/tbody/tr[1]/td[3]/span/a
Trying to find Element By : By.xpath: //table/tbody/tr[1]/td[3]/span/a
Found Element By : By.xpath: //table/tbody/tr[1]/td[3]/span/a
Trying to find Element By : By.xpath: //table/tbody/tr[1]/td[3]/span/a
Found Element By : By.xpath: //table/tbody/tr[1]/td[3]/span/a
Trying to find Element By : By.xpath: //table/tbody/tr[1]/td[3]/span/a
Found Element By : By.xpath: //table/tbody/tr[1]/td[3]/span/a
Trying to find Element By : By.xpath: //table/tbody/tr[1]/td[3]/span/a
Found Element By : By.xpath: //table/tbody/tr[1]/td[3]/span/a
Trying to find Element By : By.xpath: //table/tbody/tr[1]/td[3]/span/a
Found Element By : By.xpath: //table/tbody/tr[1]/td[3]/span/a
Trying to find Element By : By.xpath: //table/tbody/tr[1]/td[3]/span/a
Found Element By : By.xpath: //table/tbody/tr[1]/td[3]/span/a
Trying to find Element By : By.xpath: //table/tbody/tr[1]/td[3]/span/a
Found Element By : By.xpath: //table/tbody/tr[1]/td[3]/span/a
Trying to find Element By : By.xpath: //table/tbody/tr[1]/td[3]/span/a
Found Element By : By.xpath: //table/tbody/tr[1]/td[3]/span/a
Trying to find Element By : By.xpath: //table/tbody/tr[1]/td[3]/span/a
Found Element By : By.xpath: //table/tbody/tr[1]/td[3]/span/a
Trying to find Element By : By.xpath: //table/tbody/tr[1]/td[3]/span/a
Found Element By : By.xpath: //table/tbody/tr[1]/td[3]/span/a
Trying to find Element By : By.xpath: //table/tbody/tr[1]/td[3]/span/a
Found Element By : By.xpath: //table/tbody/tr[1]/td[3]/span/a
Trying to find Element By : By.xpath: //table/tbody/tr[1]/td[3]/span/a
Found Element By : By.xpath: //table/tbody/tr[1]/td[3]/span/a
Trying to find Element By : By.xpath: //table/tbody/tr[1]/td[3]/span/a
Found Element By : By.xpath: //table/tbody/tr[1]/td[3]/span/a
Trying to find Element By : By.xpath: //table/tbody/tr[1]/td[3]/span/a
Found Element By : By.xpath: //table/tbody/tr[1]/td[3]/span/a
Trying to find Element By : By.xpath: //table/tbody/tr[1]/td[3]/span/a
Found Element By : By.xpath: //table/tbody/tr[1]/td[3]/span/a
Trying to find Element By : By.xpath: //table/tbody/tr[1]/td[3]/span/a
Found Element By : By.xpath: //table/tbody/tr[1]/td[3]/span/a
Trying to find Element By : By.xpath: //table/tbody/tr[1]/td[3]/span/a
Found Element By : By.xpath: //table/tbody/tr[1]/td[3]/span/a
Trying to find Element By : By.xpath: //table/tbody/tr[1]/td[3]/span/a
Found Element By : By.xpath: //table/tbody/tr[1]/td[3]/span/a
Trying to find Element By : By.xpath: //table/tbody/tr[1]/td[3]/span/a
Found Element By : By.xpath: //table/tbody/tr[1]/td[3]/span/a
Trying to find Element By : By.xpath: //table/tbody/tr[1]/td[3]/span/a
Found Element By : By.xpath: //table/tbody/tr[1]/td[3]/span/a
Trying to find Element By : By.xpath: //table/tbody/tr[1]/td[3]/span/a
Found Element By : By.xpath: //table/tbody/tr[1]/td[3]/span/a
Trying to find Element By : By.xpath: //table/tbody/tr[1]/td[3]/span/a
Found Element By : By.xpath: //table/tbody/tr[1]/td[3]/span/a
Trying to find Element By : By.xpath: //table/tbody/tr[1]/td[3]/span/a
Found Element By : By.xpath: //table/tbody/tr[1]/td[3]/span/a
Trying to find Element By : By.xpath: //table/tbody/tr[1]/td[3]/span/a
Found Element By : By.xpath: //table/tbody/tr[1]/td[3]/span/a
Trying to find Element By : By.xpath: //table/tbody/tr[1]/td[3]/span/a
Found Element By : By.xpath: //table/tbody/tr[1]/td[3]/span/a
Trying to find Element By : By.xpath: //table/tbody/tr[1]/td[3]/span/a
Found Element By : By.xpath: //table/tbody/tr[1]/td[3]/span/a
Trying to find Element By : By.xpath: //table/tbody/tr[1]/td[3]/span/a
Found Element By : By.xpath: //table/tbody/tr[1]/td[3]/span/a
Trying to find Element By : By.xpath: //table/tbody/tr[1]/td[3]/span/a
Found Element By : By.xpath: //table/tbody/tr[1]/td[3]/span/a
Trying to find Element By : By.xpath: //table/tbody/tr[1]/td[3]/span/a
Found Element By : By.xpath: //table/tbody/tr[1]/td[3]/span/a
Trying to find Element By : By.xpath: //table/tbody/tr[1]/td[3]/span/a
Found Element By : By.xpath: //table/tbody/tr[1]/td[3]/span/a
Trying to find Element By : By.xpath: //table/tbody/tr[1]/td[3]/span/a
Found Element By : By.xpath: //table/tbody/tr[1]/td[3]/span/a
Trying to find Element By : By.xpath: //table/tbody/tr[1]/td[3]/span/a
Found Element By : By.xpath: //table/tbody/tr[1]/td[3]/span/a
Trying to find Element By : By.xpath: //table/tbody/tr[1]/td[3]/span/a
Found Element By : By.xpath: //table/tbody/tr[1]/td[3]/span/a
Trying to find Element By : By.xpath: //table/tbody/tr[1]/td[3]/span/a
Found Element By : By.xpath: //table/tbody/tr[1]/td[3]/span/a
Trying to find Element By : By.xpath: //table/tbody/tr[1]/td[3]/span/a
Found Element By : By.xpath: //table/tbody/tr[1]/td[3]/span/a
Trying to find Element By : By.xpath: //table/tbody/tr[1]/td[3]/span/a
Found Element By : By.xpath: //table/tbody/tr[1]/td[3]/span/a
Trying to find Element By : By.xpath: //table/tbody/tr[1]/td[3]/span/a
Found Element By : By.xpath: //table/tbody/tr[1]/td[3]/span/a
Trying to find Element By : By.xpath: //table/tbody/tr[1]/td[3]/span/a
Found Element By : By.xpath: //table/tbody/tr[1]/td[3]/span/a
Trying to find Element By : By.xpath: //table/tbody/tr[1]/td[3]/span/a
Found Element By : By.xpath: //table/tbody/tr[1]/td[3]/span/a
Trying to find Element By : By.xpath: //table/tbody/tr[1]/td[3]/span/a
Found Element By : By.xpath: //table/tbody/tr[1]/td[3]/span/a
Trying to find Element By : By.xpath: //table/tbody/tr[1]/td[3]/span/a
Found Element By : By.xpath: //table/tbody/tr[1]/td[3]/span/a
Trying to find Element By : By.xpath: //table/tbody/tr[1]/td[3]/span/a
Found Element By : By.xpath: //table/tbody/tr[1]/td[3]/span/a
Trying to find Element By : By.xpath: //table/tbody/tr[1]/td[3]/span/a
Found Element By : By.xpath: //table/tbody/tr[1]/td[3]/span/a
Trying to find Element By : By.xpath: //table/tbody/tr[1]/td[3]/span/a
Found Element By : By.xpath: //table/tbody/tr[1]/td[3]/span/a
Trying to find Element By : By.xpath: //table/tbody/tr[1]/td[3]/span/a
Found Element By : By.xpath: //table/tbody/tr[1]/td[3]/span/a
Trying to find Element By : By.xpath: //table/tbody/tr[1]/td[3]/span/a
Found Element By : By.xpath: //table/tbody/tr[1]/td[3]/span/a
Trying to find Element By : By.xpath: //table/tbody/tr[1]/td[3]/span/a
Found Element By : By.xpath: //table/tbody/tr[1]/td[3]/span/a
Trying to find Element By : By.xpath: //table/tbody/tr[1]/td[3]/span/a
Found Element By : By.xpath: //table/tbody/tr[1]/td[3]/span/a
Trying to find Element By : By.xpath: //table/tbody/tr[1]/td[3]/span/a
Found Element By : By.xpath: //table/tbody/tr[1]/td[3]/span/a
Trying to find Element By : By.xpath: //table/tbody/tr[1]/td[3]/span/a
Found Element By : By.xpath: //table/tbody/tr[1]/td[3]/span/a
Trying to find Element By : By.xpath: //table/tbody/tr[1]/td[3]/span/a
Found Element By : By.xpath: //table/tbody/tr[1]/td[3]/span/a
Trying to find Element By : By.xpath: //table/tbody/tr[1]/td[3]/span/a
Found Element By : By.xpath: //table/tbody/tr[1]/td[3]/span/a
Trying to find Element By : By.xpath: //table/tbody/tr[1]/td[3]/span/a
Found Element By : By.xpath: //table/tbody/tr[1]/td[3]/span/a
Trying to find Element By : By.xpath: //table/tbody/tr[1]/td[3]/span/a
Found Element By : By.xpath: //table/tbody/tr[1]/td[3]/span/a
Trying to find Element By : By.xpath: //table/tbody/tr[1]/td[3]/span/a
Found Element By : By.xpath: //table/tbody/tr[1]/td[3]/span/a
Trying to find Element By : By.xpath: //table/tbody/tr[1]/td[3]/span/a
Found Element By : By.xpath: //table/tbody/tr[1]/td[3]/span/a
Trying to find Element By : By.xpath: //table/tbody/tr[1]/td[3]/span/a
Found Element By : By.xpath: //table/tbody/tr[1]/td[3]/span/a
Trying to find Element By : By.xpath: //table/tbody/tr[1]/td[3]/span/a
Found Element By : By.xpath: //table/tbody/tr[1]/td[3]/span/a
Trying to find Element By : By.xpath: //table/tbody/tr[1]/td[3]/span/a
Found Element By : By.xpath: //table/tbody/tr[1]/td[3]/span/a
Trying to find Element By : By.xpath: //table/tbody/tr[1]/td[3]/span/a
Found Element By : By.xpath: //table/tbody/tr[1]/td[3]/span/a
Trying to find Element By : By.xpath: //table/tbody/tr[1]/td[3]/span/a
Found Element By : By.xpath: //table/tbody/tr[1]/td[3]/span/a
Trying to find Element By : By.xpath: //table/tbody/tr[1]/td[3]/span/a
Found Element By : By.xpath: //table/tbody/tr[1]/td[3]/span/a
Trying to find Element By : By.xpath: //table/tbody/tr[1]/td[3]/span/a
Found Element By : By.xpath: //table/tbody/tr[1]/td[3]/span/a
Trying to find Element By : By.xpath: //table/tbody/tr[1]/td[3]/span/a
Found Element By : By.xpath: //table/tbody/tr[1]/td[3]/span/a
Trying to find Element By : By.xpath: //table/tbody/tr[1]/td[3]/span/a
Found Element By : By.xpath: //table/tbody/tr[1]/td[3]/span/a
Trying to find Element By : By.xpath: //table/tbody/tr[1]/td[3]/span/a
Found Element By : By.xpath: //table/tbody/tr[1]/td[3]/span/a
Trying to find Element By : By.xpath: //table/tbody/tr[1]/td[3]/span/a
Found Element By : By.xpath: //table/tbody/tr[1]/td[3]/span/a
Trying to find Element By : By.xpath: //table/tbody/tr[1]/td[3]/span/a
Found Element By : By.xpath: //table/tbody/tr[1]/td[3]/span/a
Trying to find Element By : By.xpath: //table/tbody/tr[1]/td[3]/span/a
Found Element By : By.xpath: //table/tbody/tr[1]/td[3]/span/a
Trying to find Element By : By.xpath: //table/tbody/tr[1]/td[3]/span/a
Found Element By : By.xpath: //table/tbody/tr[1]/td[3]/span/a
Trying to find Element By : By.xpath: //table/tbody/tr[1]/td[3]/span/a
Found Element By : By.xpath: //table/tbody/tr[1]/td[3]/span/a
Trying to find Element By : By.xpath: //table/tbody/tr[1]/td[3]/span/a
Found Element By : By.xpath: //table/tbody/tr[1]/td[3]/span/a
Trying to find Element By : By.xpath: //table/tbody/tr[1]/td[3]/span/a
Found Element By : By.xpath: //table/tbody/tr[1]/td[3]/span/a
Trying to find Element By : By.xpath: //table/tbody/tr[1]/td[3]/span/a
Found Element By : By.xpath: //table/tbody/tr[1]/td[3]/span/a
Trying to find Element By : By.xpath: //table/tbody/tr[1]/td[3]/span/a
Found Element By : By.xpath: //table/tbody/tr[1]/td[3]/span/a
Trying to find Element By : By.xpath: //table/tbody/tr[1]/td[3]/span/a
Found Element By : By.xpath: //table/tbody/tr[1]/td[3]/span/a
Trying to find Element By : By.xpath: //table/tbody/tr[1]/td[3]/span/a
Found Element By : By.xpath: //table/tbody/tr[1]/td[3]/span/a
Trying to find Element By : By.xpath: //table/tbody/tr[1]/td[3]/span/a
Found Element By : By.xpath: //table/tbody/tr[1]/td[3]/span/a
Trying to find Element By : By.xpath: //table/tbody/tr[1]/td[3]/span/a
Found Element By : By.xpath: //table/tbody/tr[1]/td[3]/span/a
Trying to find Element By : By.xpath: //table/tbody/tr[1]/td[3]/span/a
Found Element By : By.xpath: //table/tbody/tr[1]/td[3]/span/a
Trying to find Element By : By.xpath: //table/tbody/tr[1]/td[3]/span/a
Found Element By : By.xpath: //table/tbody/tr[1]/td[3]/span/a
Trying to find Element By : By.xpath: //table/tbody/tr[1]/td[3]/span/a
Found Element By : By.xpath: //table/tbody/tr[1]/td[3]/span/a
Trying to find Element By : By.xpath: //table/tbody/tr[1]/td[3]/span/a
Found Element By : By.xpath: //table/tbody/tr[1]/td[3]/span/a
Trying to find Element By : By.xpath: //table/tbody/tr[1]/td[3]/span/a
Found Element By : By.xpath: //table/tbody/tr[1]/td[3]/span/a
Trying to find Element By : By.xpath: //table/tbody/tr[1]/td[3]/span/a
Found Element By : By.xpath: //table/tbody/tr[1]/td[3]/span/a
Trying to find Element By : By.xpath: //table/tbody/tr[1]/td[3]/span/a
Found Element By : By.xpath: //table/tbody/tr[1]/td[3]/span/a
Trying to find Element By : By.xpath: //table/tbody/tr[1]/td[3]/span/a
Found Element By : By.xpath: //table/tbody/tr[1]/td[3]/span/a
Trying to find Element By : By.xpath: //table/tbody/tr[1]/td[3]/span/a
Found Element By : By.xpath: //table/tbody/tr[1]/td[3]/span/a
Trying to find Element By : By.xpath: //table/tbody/tr[1]/td[3]/span/a
Found Element By : By.xpath: //table/tbody/tr[1]/td[3]/span/a
Trying to find Element By : By.xpath: //table/tbody/tr[1]/td[3]/span/a
Found Element By : By.xpath: //table/tbody/tr[1]/td[3]/span/a
Trying to find Element By : By.xpath: //table/tbody/tr[1]/td[3]/span/a
Found Element By : By.xpath: //table/tbody/tr[1]/td[3]/span/a
Trying to find Element By : By.xpath: //table/tbody/tr[1]/td[3]/span/a
Found Element By : By.xpath: //table/tbody/tr[1]/td[3]/span/a
Trying to find Element By : By.xpath: //table/tbody/tr[1]/td[3]/span/a
Found Element By : By.xpath: //table/tbody/tr[1]/td[3]/span/a
Trying to find Element By : By.xpath: //table/tbody/tr[1]/td[3]/span/a
Found Element By : By.xpath: //table/tbody/tr[1]/td[3]/span/a
Trying to find Element By : By.xpath: //table/tbody/tr[1]/td[3]/span/a
Found Element By : By.xpath: //table/tbody/tr[1]/td[3]/span/a
Trying to find Element By : By.xpath: //table/tbody/tr[1]/td[3]/span/a
Found Element By : By.xpath: //table/tbody/tr[1]/td[3]/span/a
Trying to find Element By : By.xpath: //table/tbody/tr[1]/td[3]/span/a
Found Element By : By.xpath: //table/tbody/tr[1]/td[3]/span/a
Trying to find Element By : By.xpath: //table/tbody/tr[1]/td[3]/span/a
Found Element By : By.xpath: //table/tbody/tr[1]/td[3]/span/a
Trying to find Element By : By.xpath: //table/tbody/tr[1]/td[3]/span/a
Found Element By : By.xpath: //table/tbody/tr[1]/td[3]/span/a
Trying to find Element By : By.xpath: //table/tbody/tr[1]/td[3]/span/a
Found Element By : By.xpath: //table/tbody/tr[1]/td[3]/span/a
Trying to find Element By : By.xpath: //table/tbody/tr[1]/td[3]/span/a
Found Element By : By.xpath: //table/tbody/tr[1]/td[3]/span/a
Trying to find Element By : By.xpath: //table/tbody/tr[1]/td[3]/span/a
Found Element By : By.xpath: //table/tbody/tr[1]/td[3]/span/a
Trying to find Element By : By.xpath: //table/tbody/tr[1]/td[3]/span/a
Found Element By : By.xpath: //table/tbody/tr[1]/td[3]/span/a
Trying to find Element By : By.xpath: //table/tbody/tr[1]/td[3]/span/a
Found Element By : By.xpath: //table/tbody/tr[1]/td[3]/span/a
Trying to find Element By : By.xpath: //table/tbody/tr[1]/td[3]/span/a
Found Element By : By.xpath: //table/tbody/tr[1]/td[3]/span/a
Trying to find Element By : By.xpath: //table/tbody/tr[1]/td[3]/span/a
Found Element By : By.xpath: //table/tbody/tr[1]/td[3]/span/a
Trying to find Element By : By.xpath: //table/tbody/tr[1]/td[3]/span/a
Found Element By : By.xpath: //table/tbody/tr[1]/td[3]/span/a
Trying to find Element By : By.xpath: //table/tbody/tr[1]/td[3]/span/a
Found Element By : By.xpath: //table/tbody/tr[1]/td[3]/span/a
Trying to find Element By : By.xpath: //table/tbody/tr[1]/td[3]/span/a
Found Element By : By.xpath: //table/tbody/tr[1]/td[3]/span/a
Trying to find Element By : By.xpath: //table/tbody/tr[1]/td[3]/span/a
Found Element By : By.xpath: //table/tbody/tr[1]/td[3]/span/a
Trying to find Element By : By.xpath: //table/tbody/tr[1]/td[3]/span/a
Found Element By : By.xpath: //table/tbody/tr[1]/td[3]/span/a
Trying to find Element By : By.xpath: //table/tbody/tr[1]/td[3]/span/a
Found Element By : By.xpath: //table/tbody/tr[1]/td[3]/span/a
Trying to find Element By : By.xpath: //table/tbody/tr[1]/td[3]/span/a
Found Element By : By.xpath: //table/tbody/tr[1]/td[3]/span/a
Trying to find Element By : By.xpath: //table/tbody/tr[1]/td[3]/span/a
Found Element By : By.xpath: //table/tbody/tr[1]/td[3]/span/a
Trying to find Element By : By.xpath: //table/tbody/tr[1]/td[3]/span/a
Found Element By : By.xpath: //table/tbody/tr[1]/td[3]/span/a
Trying to find Element By : By.xpath: //table/tbody/tr[1]/td[3]/span/a
Found Element By : By.xpath: //table/tbody/tr[1]/td[3]/span/a
Trying to find Element By : By.xpath: //table/tbody/tr[1]/td[3]/span/a
Found Element By : By.xpath: //table/tbody/tr[1]/td[3]/span/a
Trying to find Element By : By.xpath: //table/tbody/tr[1]/td[3]/span/a
Found Element By : By.xpath: //table/tbody/tr[1]/td[3]/span/a
Trying to find Element By : By.xpath: //table/tbody/tr[1]/td[3]/span/a
Found Element By : By.xpath: //table/tbody/tr[1]/td[3]/span/a
Trying to find Element By : By.xpath: //table/tbody/tr[1]/td[3]/span/a
Found Element By : By.xpath: //table/tbody/tr[1]/td[3]/span/a
Trying to find Element By : By.xpath: //table/tbody/tr[1]/td[3]/span/a
Found Element By : By.xpath: //table/tbody/tr[1]/td[3]/span/a
Trying to find Element By : By.xpath: //table/tbody/tr[1]/td[3]/span/a
Found Element By : By.xpath: //table/tbody/tr[1]/td[3]/span/a
Trying to find Element By : By.xpath: //table/tbody/tr[1]/td[3]/span/a
Found Element By : By.xpath: //table/tbody/tr[1]/td[3]/span/a
Trying to find Element By : By.xpath: //table/tbody/tr[1]/td[3]/span/a
Found Element By : By.xpath: //table/tbody/tr[1]/td[3]/span/a
Trying to find Element By : By.xpath: //table/tbody/tr[1]/td[3]/span/a
Found Element By : By.xpath: //table/tbody/tr[1]/td[3]/span/a
Trying to find Element By : By.xpath: //table/tbody/tr[1]/td[3]/span/a
Found Element By : By.xpath: //table/tbody/tr[1]/td[3]/span/a
Trying to find Element By : By.xpath: //table/tbody/tr[1]/td[3]/span/a
Found Element By : By.xpath: //table/tbody/tr[1]/td[3]/span/a
Trying to find Element By : By.xpath: //table/tbody/tr[1]/td[3]/span/a
Found Element By : By.xpath: //table/tbody/tr[1]/td[3]/span/a
Trying to find Element By : By.xpath: //table/tbody/tr[1]/td[3]/span/a
Found Element By : By.xpath: //table/tbody/tr[1]/td[3]/span/a
Trying to find Element By : By.xpath: //table/tbody/tr[1]/td[3]/span/a
Found Element By : By.xpath: //table/tbody/tr[1]/td[3]/span/a
Trying to find Element By : By.xpath: //table/tbody/tr[1]/td[3]/span/a
Found Element By : By.xpath: //table/tbody/tr[1]/td[3]/span/a
Trying to find Element By : By.xpath: //table/tbody/tr[1]/td[3]/span/a
Found Element By : By.xpath: //table/tbody/tr[1]/td[3]/span/a
Trying to find Element By : By.xpath: //table/tbody/tr[1]/td[3]/span/a
Found Element By : By.xpath: //table/tbody/tr[1]/td[3]/span/a
Trying to find Element By : By.xpath: //table/tbody/tr[1]/td[3]/span/a
Found Element By : By.xpath: //table/tbody/tr[1]/td[3]/span/a
Trying to find Element By : By.xpath: //table/tbody/tr[1]/td[3]/span/a
Found Element By : By.xpath: //table/tbody/tr[1]/td[3]/span/a
Trying to find Element By : By.xpath: //table/tbody/tr[1]/td[3]/span/a
Found Element By : By.xpath: //table/tbody/tr[1]/td[3]/span/a
Trying to find Element By : By.xpath: //table/tbody/tr[1]/td[3]/span/a
Found Element By : By.xpath: //table/tbody/tr[1]/td[3]/span/a
Trying to find Element By : By.xpath: //table/tbody/tr[1]/td[3]/span/a
Found Element By : By.xpath: //table/tbody/tr[1]/td[3]/span/a
Trying to find Element By : By.xpath: //table/tbody/tr[1]/td[3]/span/a
Found Element By : By.xpath: //table/tbody/tr[1]/td[3]/span/a
Trying to find Element By : By.xpath: //table/tbody/tr[1]/td[3]/span/a
Found Element By : By.xpath: //table/tbody/tr[1]/td[3]/span/a
Trying to find Element By : By.xpath: //table/tbody/tr[1]/td[3]/span/a
Found Element By : By.xpath: //table/tbody/tr[1]/td[3]/span/a
Trying to find Element By : By.xpath: //table/tbody/tr[1]/td[3]/span/a
Found Element By : By.xpath: //table/tbody/tr[1]/td[3]/span/a
Trying to find Element By : By.xpath: //table/tbody/tr[1]/td[3]/span/a
Found Element By : By.xpath: //table/tbody/tr[1]/td[3]/span/a
Trying to find Element By : By.xpath: //table/tbody/tr[1]/td[3]/span/a
Found Element By : By.xpath: //table/tbody/tr[1]/td[3]/span/a
Trying to find Element By : By.xpath: //table/tbody/tr[1]/td[3]/span/a
Found Element By : By.xpath: //table/tbody/tr[1]/td[3]/span/a
Trying to find Element By : By.xpath: //table/tbody/tr[1]/td[3]/span/a
Found Element By : By.xpath: //table/tbody/tr[1]/td[3]/span/a
Trying to find Element By : By.xpath: //table/tbody/tr[1]/td[3]/span/a
Found Element By : By.xpath: //table/tbody/tr[1]/td[3]/span/a
Trying to find Element By : By.xpath: //table/tbody/tr[1]/td[3]/span/a
Found Element By : By.xpath: //table/tbody/tr[1]/td[3]/span/a
Trying to find Element By : By.xpath: //table/tbody/tr[1]/td[3]/span/a
Found Element By : By.xpath: //table/tbody/tr[1]/td[3]/span/a
Trying to find Element By : By.xpath: //table/tbody/tr[1]/td[3]/span/a
Found Element By : By.xpath: //table/tbody/tr[1]/td[3]/span/a
Trying to find Element By : By.xpath: //table/tbody/tr[1]/td[3]/span/a
Found Element By : By.xpath: //table/tbody/tr[1]/td[3]/span/a
Trying to find Element By : By.xpath: //table/tbody/tr[1]/td[3]/span/a
Found Element By : By.xpath: //table/tbody/tr[1]/td[3]/span/a
Trying to find Element By : By.xpath: //table/tbody/tr[1]/td[3]/span/a
Found Element By : By.xpath: //table/tbody/tr[1]/td[3]/span/a
Trying to find Element By : By.xpath: //table/tbody/tr[1]/td[3]/span/a
Found Element By : By.xpath: //table/tbody/tr[1]/td[3]/span/a
Trying to find Element By : By.xpath: //table/tbody/tr[1]/td[3]/span/a
Found Element By : By.xpath: //table/tbody/tr[1]/td[3]/span/a
Trying to find Element By : By.xpath: //table/tbody/tr[1]/td[3]/span/a
Found Element By : By.xpath: //table/tbody/tr[1]/td[3]/span/a
Trying to find Element By : By.xpath: //table/tbody/tr[1]/td[3]/span/a
Found Element By : By.xpath: //table/tbody/tr[1]/td[3]/span/a
Trying to find Element By : By.xpath: //table/tbody/tr[1]/td[3]/span/a
Found Element By : By.xpath: //table/tbody/tr[1]/td[3]/span/a
Trying to find Element By : By.xpath: //table/tbody/tr[1]/td[3]/span/a
Found Element By : By.xpath: //table/tbody/tr[1]/td[3]/span/a
Trying to find Element By : By.xpath: //table/tbody/tr[1]/td[3]/span/a
Found Element By : By.xpath: //table/tbody/tr[1]/td[3]/span/a
Trying to find Element By : By.xpath: //table/tbody/tr[1]/td[3]/span/a
Found Element By : By.xpath: //table/tbody/tr[1]/td[3]/span/a
Trying to find Element By : By.xpath: //table/tbody/tr[1]/td[3]/span/a
Found Element By : By.xpath: //table/tbody/tr[1]/td[3]/span/a
Trying to find Element By : By.xpath: //table/tbody/tr[1]/td[3]/span/a
Found Element By : By.xpath: //table/tbody/tr[1]/td[3]/span/a
Trying to find Element By : By.xpath: //table/tbody/tr[1]/td[3]/span/a
Found Element By : By.xpath: //table/tbody/tr[1]/td[3]/span/a
Trying to find Element By : By.xpath: //table/tbody/tr[1]/td[3]/span/a
Found Element By : By.xpath: //table/tbody/tr[1]/td[3]/span/a
Trying to find Element By : By.xpath: //table/tbody/tr[1]/td[3]/span/a
Found Element By : By.xpath: //table/tbody/tr[1]/td[3]/span/a
Trying to find Element By : By.xpath: //table/tbody/tr[1]/td[3]/span/a
Found Element By : By.xpath: //table/tbody/tr[1]/td[3]/span/a
Trying to find Element By : By.xpath: //table/tbody/tr[1]/td[3]/span/a
Found Element By : By.xpath: //table/tbody/tr[1]/td[3]/span/a
Trying to find Element By : By.xpath: //table/tbody/tr[1]/td[3]/span/a
Found Element By : By.xpath: //table/tbody/tr[1]/td[3]/span/a
Trying to find Element By : By.xpath: //table/tbody/tr[1]/td[3]/span/a
Found Element By : By.xpath: //table/tbody/tr[1]/td[3]/span/a
Trying to find Element By : By.xpath: //table/tbody/tr[1]/td[3]/span/a
Found Element By : By.xpath: //table/tbody/tr[1]/td[3]/span/a
Trying to find Element By : By.xpath: //table/tbody/tr[1]/td[3]/span/a
Found Element By : By.xpath: //table/tbody/tr[1]/td[3]/span/a
Trying to find Element By : By.xpath: //table/tbody/tr[1]/td[3]/span/a
Found Element By : By.xpath: //table/tbody/tr[1]/td[3]/span/a
Trying to find Element By : By.xpath: //table/tbody/tr[1]/td[3]/span/a
Found Element By : By.xpath: //table/tbody/tr[1]/td[3]/span/a
Trying to find Element By : By.xpath: //table/tbody/tr[1]/td[3]/span/a
Found Element By : By.xpath: //table/tbody/tr[1]/td[3]/span/a
Trying to find Element By : By.xpath: //table/tbody/tr[1]/td[3]/span/a
Found Element By : By.xpath: //table/tbody/tr[1]/td[3]/span/a
Trying to find Element By : By.xpath: //table/tbody/tr[1]/td[3]/span/a
Found Element By : By.xpath: //table/tbody/tr[1]/td[3]/span/a
Trying to find Element By : By.xpath: //table/tbody/tr[1]/td[3]/span/a
Found Element By : By.xpath: //table/tbody/tr[1]/td[3]/span/a
Trying to find Element By : By.xpath: //table/tbody/tr[1]/td[3]/span/a
Found Element By : By.xpath: //table/tbody/tr[1]/td[3]/span/a
Trying to find Element By : By.xpath: //table/tbody/tr[1]/td[3]/span/a
Found Element By : By.xpath: //table/tbody/tr[1]/td[3]/span/a
Trying to find Element By : By.xpath: //table/tbody/tr[1]/td[3]/span/a
Found Element By : By.xpath: //table/tbody/tr[1]/td[3]/span/a
Trying to find Element By : By.xpath: //table/tbody/tr[1]/td[3]/span/a
Found Element By : By.xpath: //table/tbody/tr[1]/td[3]/span/a
Trying to find Element By : By.xpath: //table/tbody/tr[1]/td[3]/span/a
Found Element By : By.xpath: //table/tbody/tr[1]/td[3]/span/a
Trying to find Element By : By.xpath: //table/tbody/tr[1]/td[3]/span/a
Found Element By : By.xpath: //table/tbody/tr[1]/td[3]/span/a
Trying to find Element By : By.xpath: //table/tbody/tr[1]/td[3]/span/a
Found Element By : By.xpath: //table/tbody/tr[1]/td[3]/span/a
Trying to find Element By : By.xpath: //table/tbody/tr[1]/td[3]/span/a
Found Element By : By.xpath: //table/tbody/tr[1]/td[3]/span/a
Trying to find Element By : By.xpath: //table/tbody/tr[1]/td[3]/span/a
Found Element By : By.xpath: //table/tbody/tr[1]/td[3]/span/a
Trying to find Element By : By.xpath: //table/tbody/tr[1]/td[3]/span/a
Found Element By : By.xpath: //table/tbody/tr[1]/td[3]/span/a
Trying to find Element By : By.xpath: //table/tbody/tr[1]/td[3]/span/a
Found Element By : By.xpath: //table/tbody/tr[1]/td[3]/span/a
Trying to find Element By : By.xpath: //table/tbody/tr[1]/td[3]/span/a
Found Element By : By.xpath: //table/tbody/tr[1]/td[3]/span/a
Trying to find Element By : By.xpath: //table/tbody/tr[1]/td[3]/span/a
Found Element By : By.xpath: //table/tbody/tr[1]/td[3]/span/a
Trying to find Element By : By.xpath: //table/tbody/tr[1]/td[3]/span/a
Found Element By : By.xpath: //table/tbody/tr[1]/td[3]/span/a
Trying to find Element By : By.xpath: //table/tbody/tr[1]/td[3]/span/a
Found Element By : By.xpath: //table/tbody/tr[1]/td[3]/span/a
Trying to find Element By : By.xpath: //table/tbody/tr[1]/td[3]/span/a
Found Element By : By.xpath: //table/tbody/tr[1]/td[3]/span/a
Trying to find Element By : By.xpath: //table/tbody/tr[1]/td[3]/span/a
Found Element By : By.xpath: //table/tbody/tr[1]/td[3]/span/a
Trying to find Element By : By.xpath: //table/tbody/tr[1]/td[3]/span/a
Found Element By : By.xpath: //table/tbody/tr[1]/td[3]/span/a
Trying to find Element By : By.xpath: //table/tbody/tr[1]/td[3]/span/a
Found Element By : By.xpath: //table/tbody/tr[1]/td[3]/span/a
Trying to find Element By : By.xpath: //table/tbody/tr[1]/td[3]/span/a
Found Element By : By.xpath: //table/tbody/tr[1]/td[3]/span/a
Trying to find Element By : By.xpath: //table/tbody/tr[1]/td[3]/span/a
Found Element By : By.xpath: //table/tbody/tr[1]/td[3]/span/a
Trying to find Element By : By.xpath: //table/tbody/tr[1]/td[3]/span/a
Found Element By : By.xpath: //table/tbody/tr[1]/td[3]/span/a
Trying to find Element By : By.xpath: //table/tbody/tr[1]/td[3]/span/a
Found Element By : By.xpath: //table/tbody/tr[1]/td[3]/span/a
Trying to find Element By : By.xpath: //table/tbody/tr[1]/td[3]/span/a
Found Element By : By.xpath: //table/tbody/tr[1]/td[3]/span/a
Trying to find Element By : By.xpath: //table/tbody/tr[1]/td[3]/span/a
Found Element By : By.xpath: //table/tbody/tr[1]/td[3]/span/a
Trying to find Element By : By.xpath: //table/tbody/tr[1]/td[3]/span/a
Found Element By : By.xpath: //table/tbody/tr[1]/td[3]/span/a
Trying to find Element By : By.xpath: //table/tbody/tr[1]/td[3]/span/a
Found Element By : By.xpath: //table/tbody/tr[1]/td[3]/span/a
Trying to find Element By : By.xpath: //table/tbody/tr[1]/td[3]/span/a
Found Element By : By.xpath: //table/tbody/tr[1]/td[3]/span/a
Trying to find Element By : By.xpath: //table/tbody/tr[1]/td[3]/span/a
Found Element By : By.xpath: //table/tbody/tr[1]/td[3]/span/a
Trying to find Element By : By.xpath: //table/tbody/tr[1]/td[3]/span/a
Found Element By : By.xpath: //table/tbody/tr[1]/td[3]/span/a
Trying to find Element By : By.xpath: //table/tbody/tr[1]/td[3]/span/a
Found Element By : By.xpath: //table/tbody/tr[1]/td[3]/span/a
Trying to find Element By : By.xpath: //table/tbody/tr[1]/td[3]/span/a
Found Element By : By.xpath: //table/tbody/tr[1]/td[3]/span/a
Trying to find Element By : By.xpath: //table/tbody/tr[1]/td[3]/span/a
Found Element By : By.xpath: //table/tbody/tr[1]/td[3]/span/a
Trying to find Element By : By.xpath: //table/tbody/tr[1]/td[3]/span/a
Found Element By : By.xpath: //table/tbody/tr[1]/td[3]/span/a
Trying to find Element By : By.xpath: //table/tbody/tr[1]/td[3]/span/a
Found Element By : By.xpath: //table/tbody/tr[1]/td[3]/span/a
Trying to find Element By : By.xpath: //table/tbody/tr[1]/td[3]/span/a
Found Element By : By.xpath: //table/tbody/tr[1]/td[3]/span/a
Trying to find Element By : By.xpath: //table/tbody/tr[1]/td[3]/span/a
Found Element By : By.xpath: //table/tbody/tr[1]/td[3]/span/a
Trying to find Element By : By.xpath: //table/tbody/tr[1]/td[3]/span/a
Found Element By : By.xpath: //table/tbody/tr[1]/td[3]/span/a
Trying to find Element By : By.xpath: //table/tbody/tr[1]/td[3]/span/a
Found Element By : By.xpath: //table/tbody/tr[1]/td[3]/span/a
Trying to find Element By : By.xpath: //table/tbody/tr[1]/td[3]/span/a
Found Element By : By.xpath: //table/tbody/tr[1]/td[3]/span/a
Trying to find Element By : By.xpath: //table/tbody/tr[1]/td[3]/span/a
Found Element By : By.xpath: //table/tbody/tr[1]/td[3]/span/a
Trying to find Element By : By.xpath: //table/tbody/tr[1]/td[3]/span/a
Found Element By : By.xpath: //table/tbody/tr[1]/td[3]/span/a
Trying to find Element By : By.xpath: //table/tbody/tr[1]/td[3]/span/a
Found Element By : By.xpath: //table/tbody/tr[1]/td[3]/span/a
Trying to find Element By : By.xpath: //table/tbody/tr[1]/td[3]/span/a
Found Element By : By.xpath: //table/tbody/tr[1]/td[3]/span/a
Trying to find Element By : By.xpath: //table/tbody/tr[1]/td[3]/span/a
Found Element By : By.xpath: //table/tbody/tr[1]/td[3]/span/a
Trying to find Element By : By.xpath: //table/tbody/tr[1]/td[3]/span/a
Found Element By : By.xpath: //table/tbody/tr[1]/td[3]/span/a
Trying to find Element By : By.xpath: //table/tbody/tr[1]/td[3]/span/a
Found Element By : By.xpath: //table/tbody/tr[1]/td[3]/span/a
Trying to find Element By : By.xpath: //table/tbody/tr[1]/td[3]/span/a
Found Element By : By.xpath: //table/tbody/tr[1]/td[3]/span/a
Trying to find Element By : By.xpath: //table/tbody/tr[1]/td[3]/span/a
Found Element By : By.xpath: //table/tbody/tr[1]/td[3]/span/a
Trying to find Element By : By.xpath: //table/tbody/tr[1]/td[3]/span/a
Found Element By : By.xpath: //table/tbody/tr[1]/td[3]/span/a
Trying to find Element By : By.xpath: //table/tbody/tr[1]/td[3]/span/a
Found Element By : By.xpath: //table/tbody/tr[1]/td[3]/span/a
Trying to find Element By : By.xpath: //table/tbody/tr[1]/td[3]/span/a
Found Element By : By.xpath: //table/tbody/tr[1]/td[3]/span/a
Trying to find Element By : By.xpath: //table/tbody/tr[1]/td[3]/span/a
Found Element By : By.xpath: //table/tbody/tr[1]/td[3]/span/a
Trying to find Element By : By.xpath: //table/tbody/tr[1]/td[3]/span/a
Found Element By : By.xpath: //table/tbody/tr[1]/td[3]/span/a
Trying to find Element By : By.xpath: //table/tbody/tr[1]/td[3]/span/a
Found Element By : By.xpath: //table/tbody/tr[1]/td[3]/span/a
Trying to find Element By : By.xpath: //table/tbody/tr[1]/td[3]/span/a
Found Element By : By.xpath: //table/tbody/tr[1]/td[3]/span/a
Trying to find Element By : By.xpath: //table/tbody/tr[1]/td[3]/span/a
Found Element By : By.xpath: //table/tbody/tr[1]/td[3]/span/a
Trying to find Element By : By.xpath: //table/tbody/tr[1]/td[3]/span/a
Found Element By : By.xpath: //table/tbody/tr[1]/td[3]/span/a
Trying to find Element By : By.xpath: //table/tbody/tr[1]/td[3]/span/a
Found Element By : By.xpath: //table/tbody/tr[1]/td[3]/span/a
Trying to find Element By : By.xpath: //table/tbody/tr[1]/td[3]/span/a
Found Element By : By.xpath: //table/tbody/tr[1]/td[3]/span/a
Trying to find Element By : By.xpath: //table/tbody/tr[1]/td[3]/span/a
Found Element By : By.xpath: //table/tbody/tr[1]/td[3]/span/a
Trying to find Element By : By.xpath: //table/tbody/tr[1]/td[3]/span/a
Found Element By : By.xpath: //table/tbody/tr[1]/td[3]/span/a
Trying to find Element By : By.xpath: //table/tbody/tr[1]/td[3]/span/a
Found Element By : By.xpath: //table/tbody/tr[1]/td[3]/span/a
Trying to find Element By : By.xpath: //table/tbody/tr[1]/td[3]/span/a
Found Element By : By.xpath: //table/tbody/tr[1]/td[3]/span/a
Trying to find Element By : By.xpath: //table/tbody/tr[1]/td[3]/span/a
Found Element By : By.xpath: //table/tbody/tr[1]/td[3]/span/a
Trying to find Element By : By.xpath: //table/tbody/tr[1]/td[3]/span/a
Found Element By : By.xpath: //table/tbody/tr[1]/td[3]/span/a
Trying to find Element By : By.xpath: //table/tbody/tr[1]/td[3]/span/a
Found Element By : By.xpath: //table/tbody/tr[1]/td[3]/span/a
Trying to find Element By : By.xpath: //table/tbody/tr[1]/td[3]/span/a
Found Element By : By.xpath: //table/tbody/tr[1]/td[3]/span/a
Trying to find Element By : By.xpath: //table/tbody/tr[1]/td[3]/span/a
Found Element By : By.xpath: //table/tbody/tr[1]/td[3]/span/a
Trying to find Element By : By.xpath: //table/tbody/tr[1]/td[3]/span/a
Found Element By : By.xpath: //table/tbody/tr[1]/td[3]/span/a
Trying to find Element By : By.xpath: //table/tbody/tr[1]/td[3]/span/a
Found Element By : By.xpath: //table/tbody/tr[1]/td[3]/span/a
Trying to find Element By : By.xpath: //table/tbody/tr[1]/td[3]/span/a
Found Element By : By.xpath: //table/tbody/tr[1]/td[3]/span/a
Trying to find Element By : By.xpath: //table/tbody/tr[1]/td[3]/span/a
Found Element By : By.xpath: //table/tbody/tr[1]/td[3]/span/a
Trying to find Element By : By.xpath: //table/tbody/tr[1]/td[3]/span/a
Found Element By : By.xpath: //table/tbody/tr[1]/td[3]/span/a
Trying to find Element By : By.xpath: //table/tbody/tr[1]/td[3]/span/a
Found Element By : By.xpath: //table/tbody/tr[1]/td[3]/span/a
Trying to find Element By : By.xpath: //table/tbody/tr[1]/td[3]/span/a
Found Element By : By.xpath: //table/tbody/tr[1]/td[3]/span/a
Trying to find Element By : By.xpath: //table/tbody/tr[1]/td[3]/span/a
Found Element By : By.xpath: //table/tbody/tr[1]/td[3]/span/a
Trying to find Element By : By.xpath: //table/tbody/tr[1]/td[3]/span/a
Found Element By : By.xpath: //table/tbody/tr[1]/td[3]/span/a
Trying to find Element By : By.xpath: //table/tbody/tr[1]/td[3]/span/a
Found Element By : By.xpath: //table/tbody/tr[1]/td[3]/span/a
Trying to find Element By : By.xpath: //table/tbody/tr[1]/td[3]/span/a
Found Element By : By.xpath: //table/tbody/tr[1]/td[3]/span/a
Trying to find Element By : By.xpath: //table/tbody/tr[1]/td[3]/span/a
Found Element By : By.xpath: //table/tbody/tr[1]/td[3]/span/a
Trying to find Element By : By.xpath: //table/tbody/tr[1]/td[3]/span/a
Found Element By : By.xpath: //table/tbody/tr[1]/td[3]/span/a
Trying to find Element By : By.xpath: //table/tbody/tr[1]/td[3]/span/a
Found Element By : By.xpath: //table/tbody/tr[1]/td[3]/span/a
Trying to find Element By : By.xpath: //table/tbody/tr[1]/td[3]/span/a
Found Element By : By.xpath: //table/tbody/tr[1]/td[3]/span/a
Trying to find Element By : By.xpath: //table/tbody/tr[1]/td[3]/span/a
Found Element By : By.xpath: //table/tbody/tr[1]/td[3]/span/a
Trying to find Element By : By.xpath: //table/tbody/tr[1]/td[3]/span/a
Found Element By : By.xpath: //table/tbody/tr[1]/td[3]/span/a
Trying to find Element By : By.xpath: //table/tbody/tr[1]/td[3]/span/a
Found Element By : By.xpath: //table/tbody/tr[1]/td[3]/span/a
Trying to find Element By : By.xpath: //table/tbody/tr[1]/td[3]/span/a
Found Element By : By.xpath: //table/tbody/tr[1]/td[3]/span/a
Trying to find Element By : By.xpath: //table/tbody/tr[1]/td[3]/span/a
Found Element By : By.xpath: //table/tbody/tr[1]/td[3]/span/a
Trying to find Element By : By.xpath: //table/tbody/tr[1]/td[3]/span/a
Found Element By : By.xpath: //table/tbody/tr[1]/td[3]/span/a
Trying to find Element By : By.xpath: //table/tbody/tr[1]/td[3]/span/a
Found Element By : By.xpath: //table/tbody/tr[1]/td[3]/span/a
Trying to find Element By : By.xpath: //table/tbody/tr[1]/td[3]/span/a
Found Element By : By.xpath: //table/tbody/tr[1]/td[3]/span/a
Trying to find Element By : By.xpath: //table/tbody/tr[1]/td[3]/span/a
Found Element By : By.xpath: //table/tbody/tr[1]/td[3]/span/a
Trying to find Element By : By.xpath: //table/tbody/tr[1]/td[3]/span/a
Found Element By : By.xpath: //table/tbody/tr[1]/td[3]/span/a
Trying to find Element By : By.xpath: //table/tbody/tr[1]/td[3]/span/a
Found Element By : By.xpath: //table/tbody/tr[1]/td[3]/span/a
Trying to find Element By : By.xpath: //table/tbody/tr[1]/td[3]/span/a
Found Element By : By.xpath: //table/tbody/tr[1]/td[3]/span/a
Trying to find Element By : By.xpath: //table/tbody/tr[1]/td[3]/span/a
Found Element By : By.xpath: //table/tbody/tr[1]/td[3]/span/a
Trying to find Element By : By.xpath: //table/tbody/tr[1]/td[3]/span/a
Found Element By : By.xpath: //table/tbody/tr[1]/td[3]/span/a
Trying to find Element By : By.xpath: //table/tbody/tr[1]/td[3]/span/a
Found Element By : By.xpath: //table/tbody/tr[1]/td[3]/span/a
Trying to find Element By : By.xpath: //table/tbody/tr[1]/td[3]/span/a
Found Element By : By.xpath: //table/tbody/tr[1]/td[3]/span/a
Trying to find Element By : By.xpath: //table/tbody/tr[1]/td[3]/span/a
Found Element By : By.xpath: //table/tbody/tr[1]/td[3]/span/a
Trying to find Element By : By.xpath: //table/tbody/tr[1]/td[3]/span/a
Found Element By : By.xpath: //table/tbody/tr[1]/td[3]/span/a
Trying to find Element By : By.xpath: //table/tbody/tr[1]/td[3]/span/a
Found Element By : By.xpath: //table/tbody/tr[1]/td[3]/span/a
Trying to find Element By : By.xpath: //table/tbody/tr[1]/td[3]/span/a
Found Element By : By.xpath: //table/tbody/tr[1]/td[3]/span/a
Trying to find Element By : By.xpath: //table/tbody/tr[1]/td[3]/span/a
Found Element By : By.xpath: //table/tbody/tr[1]/td[3]/span/a
Trying to find Element By : By.xpath: //table/tbody/tr[1]/td[3]/span/a
Found Element By : By.xpath: //table/tbody/tr[1]/td[3]/span/a
Trying to find Element By : By.xpath: //table/tbody/tr[1]/td[3]/span/a
Found Element By : By.xpath: //table/tbody/tr[1]/td[3]/span/a
Trying to find Element By : By.xpath: //table/tbody/tr[1]/td[3]/span/a
Found Element By : By.xpath: //table/tbody/tr[1]/td[3]/span/a
Trying to find Element By : By.xpath: //table/tbody/tr[1]/td[3]/span/a
Found Element By : By.xpath: //table/tbody/tr[1]/td[3]/span/a
Trying to find Element By : By.xpath: //table/tbody/tr[1]/td[3]/span/a
Found Element By : By.xpath: //table/tbody/tr[1]/td[3]/span/a
Trying to find Element By : By.xpath: //table/tbody/tr[1]/td[3]/span/a
Found Element By : By.xpath: //table/tbody/tr[1]/td[3]/span/a
Trying to find Element By : By.xpath: //table/tbody/tr[1]/td[3]/span/a
Found Element By : By.xpath: //table/tbody/tr[1]/td[3]/span/a
Trying to find Element By : By.xpath: //table/tbody/tr[1]/td[3]/span/a
Found Element By : By.xpath: //table/tbody/tr[1]/td[3]/span/a
Trying to find Element By : By.xpath: //table/tbody/tr[1]/td[3]/span/a
Found Element By : By.xpath: //table/tbody/tr[1]/td[3]/span/a
Trying to find Element By : By.xpath: //table/tbody/tr[1]/td[3]/span/a
Found Element By : By.xpath: //table/tbody/tr[1]/td[3]/span/a
Trying to find Element By : By.xpath: //table/tbody/tr[1]/td[3]/span/a
Found Element By : By.xpath: //table/tbody/tr[1]/td[3]/span/a
Trying to find Element By : By.xpath: //table/tbody/tr[1]/td[3]/span/a
Found Element By : By.xpath: //table/tbody/tr[1]/td[3]/span/a
Trying to find Element By : By.xpath: //table/tbody/tr[1]/td[3]/span/a
Found Element By : By.xpath: //table/tbody/tr[1]/td[3]/span/a
Trying to find Element By : By.xpath: //table/tbody/tr[1]/td[3]/span/a
Found Element By : By.xpath: //table/tbody/tr[1]/td[3]/span/a
Trying to find Element By : By.xpath: //table/tbody/tr[1]/td[3]/span/a
Found Element By : By.xpath: //table/tbody/tr[1]/td[3]/span/a
Trying to find Element By : By.xpath: //table/tbody/tr[1]/td[3]/span/a
Found Element By : By.xpath: //table/tbody/tr[1]/td[3]/span/a
Trying to find Element By : By.xpath: //table/tbody/tr[1]/td[3]/span/a
Found Element By : By.xpath: //table/tbody/tr[1]/td[3]/span/a
Trying to find Element By : By.xpath: //table/tbody/tr[1]/td[3]/span/a
Found Element By : By.xpath: //table/tbody/tr[1]/td[3]/span/a
Trying to find Element By : By.xpath: //table/tbody/tr[1]/td[3]/span/a
Found Element By : By.xpath: //table/tbody/tr[1]/td[3]/span/a
Trying to find Element By : By.xpath: //table/tbody/tr[1]/td[3]/span/a
Found Element By : By.xpath: //table/tbody/tr[1]/td[3]/span/a
Trying to find Element By : By.xpath: //table/tbody/tr[1]/td[3]/span/a
Found Element By : By.xpath: //table/tbody/tr[1]/td[3]/span/a
Trying to find Element By : By.xpath: //table/tbody/tr[1]/td[3]/span/a
Found Element By : By.xpath: //table/tbody/tr[1]/td[3]/span/a
Trying to find Element By : By.xpath: //table/tbody/tr[1]/td[3]/span/a
Found Element By : By.xpath: //table/tbody/tr[1]/td[3]/span/a
Trying to find Element By : By.xpath: //table/tbody/tr[1]/td[3]/span/a
Found Element By : By.xpath: //table/tbody/tr[1]/td[3]/span/a
Trying to find Element By : By.xpath: //table/tbody/tr[1]/td[3]/span/a
Found Element By : By.xpath: //table/tbody/tr[1]/td[3]/span/a
Trying to find Element By : By.xpath: //table/tbody/tr[1]/td[3]/span/a
Found Element By : By.xpath: //table/tbody/tr[1]/td[3]/span/a
Trying to find Element By : By.xpath: //table/tbody/tr[1]/td[3]/span/a
Found Element By : By.xpath: //table/tbody/tr[1]/td[3]/span/a
Trying to find Element By : By.xpath: //table/tbody/tr[1]/td[3]/span/a
Found Element By : By.xpath: //table/tbody/tr[1]/td[3]/span/a
Trying to find Element By : By.xpath: //table/tbody/tr[1]/td[3]/span/a
Found Element By : By.xpath: //table/tbody/tr[1]/td[3]/span/a
Trying to find Element By : By.xpath: //table/tbody/tr[1]/td[3]/span/a
Found Element By : By.xpath: //table/tbody/tr[1]/td[3]/span/a
Trying to find Element By : By.xpath: //table/tbody/tr[1]/td[3]/span/a
Found Element By : By.xpath: //table/tbody/tr[1]/td[3]/span/a
Trying to find Element By : By.xpath: //table/tbody/tr[1]/td[3]/span/a
Found Element By : By.xpath: //table/tbody/tr[1]/td[3]/span/a
Trying to find Element By : By.xpath: //table/tbody/tr[1]/td[3]/span/a
Found Element By : By.xpath: //table/tbody/tr[1]/td[3]/span/a
Trying to find Element By : By.xpath: //table/tbody/tr[1]/td[3]/span/a
Found Element By : By.xpath: //table/tbody/tr[1]/td[3]/span/a
Trying to find Element By : By.xpath: //table/tbody/tr[1]/td[3]/span/a
Found Element By : By.xpath: //table/tbody/tr[1]/td[3]/span/a
Trying to find Element By : By.xpath: //table/tbody/tr[1]/td[3]/span/a
Found Element By : By.xpath: //table/tbody/tr[1]/td[3]/span/a
Trying to find Element By : By.xpath: //table/tbody/tr[1]/td[3]/span/a
Found Element By : By.xpath: //table/tbody/tr[1]/td[3]/span/a
Trying to find Element By : By.xpath: //table/tbody/tr[1]/td[3]/span/a
Found Element By : By.xpath: //table/tbody/tr[1]/td[3]/span/a
Trying to find Element By : By.xpath: //table/tbody/tr[1]/td[3]/span/a
Found Element By : By.xpath: //table/tbody/tr[1]/td[3]/span/a
Trying to find Element By : By.xpath: //table/tbody/tr[1]/td[3]/span/a
Found Element By : By.xpath: //table/tbody/tr[1]/td[3]/span/a
Trying to find Element By : By.xpath: //table/tbody/tr[1]/td[3]/span/a
Found Element By : By.xpath: //table/tbody/tr[1]/td[3]/span/a
Trying to find Element By : By.xpath: //table/tbody/tr[1]/td[3]/span/a
Found Element By : By.xpath: //table/tbody/tr[1]/td[3]/span/a
Trying to find Element By : By.xpath: //table/tbody/tr[1]/td[3]/span/a
Found Element By : By.xpath: //table/tbody/tr[1]/td[3]/span/a
Trying to find Element By : By.xpath: //table/tbody/tr[1]/td[3]/span/a
Found Element By : By.xpath: //table/tbody/tr[1]/td[3]/span/a
Trying to find Element By : By.xpath: //table/tbody/tr[1]/td[3]/span/a
Found Element By : By.xpath: //table/tbody/tr[1]/td[3]/span/a
Trying to find Element By : By.xpath: //table/tbody/tr[1]/td[3]/span/a
Found Element By : By.xpath: //table/tbody/tr[1]/td[3]/span/a
Trying to find Element By : By.xpath: //table/tbody/tr[1]/td[3]/span/a
Found Element By : By.xpath: //table/tbody/tr[1]/td[3]/span/a
Trying to find Element By : By.xpath: //table/tbody/tr[1]/td[3]/span/a
Found Element By : By.xpath: //table/tbody/tr[1]/td[3]/span/a
Trying to find Element By : By.xpath: //table/tbody/tr[1]/td[3]/span/a
Found Element By : By.xpath: //table/tbody/tr[1]/td[3]/span/a
Trying to find Element By : By.xpath: //table/tbody/tr[1]/td[3]/span/a
Found Element By : By.xpath: //table/tbody/tr[1]/td[3]/span/a
Trying to find Element By : By.xpath: //table/tbody/tr[1]/td[3]/span/a
Found Element By : By.xpath: //table/tbody/tr[1]/td[3]/span/a
Trying to find Element By : By.xpath: //table/tbody/tr[1]/td[3]/span/a
Found Element By : By.xpath: //table/tbody/tr[1]/td[3]/span/a
Trying to find Element By : By.xpath: //table/tbody/tr[1]/td[3]/span/a
Found Element By : By.xpath: //table/tbody/tr[1]/td[3]/span/a
Trying to find Element By : By.xpath: //table/tbody/tr[1]/td[3]/span/a
Found Element By : By.xpath: //table/tbody/tr[1]/td[3]/span/a
Trying to find Element By : By.xpath: //table/tbody/tr[1]/td[3]/span/a
Found Element By : By.xpath: //table/tbody/tr[1]/td[3]/span/a
Trying to find Element By : By.xpath: //table/tbody/tr[1]/td[3]/span/a
Found Element By : By.xpath: //table/tbody/tr[1]/td[3]/span/a
Trying to find Element By : By.xpath: //table/tbody/tr[1]/td[3]/span/a
Found Element By : By.xpath: //table/tbody/tr[1]/td[3]/span/a
Trying to find Element By : By.xpath: //table/tbody/tr[1]/td[3]/span/a
Found Element By : By.xpath: //table/tbody/tr[1]/td[3]/span/a
Trying to find Element By : By.xpath: //table/tbody/tr[1]/td[3]/span/a
Found Element By : By.xpath: //table/tbody/tr[1]/td[3]/span/a
Trying to find Element By : By.xpath: //table/tbody/tr[1]/td[3]/span/a
Found Element By : By.xpath: //table/tbody/tr[1]/td[3]/span/a
Trying to find Element By : By.xpath: //table/tbody/tr[1]/td[3]/span/a
Found Element By : By.xpath: //table/tbody/tr[1]/td[3]/span/a
Trying to find Element By : By.xpath: //table/tbody/tr[1]/td[3]/span/a
Found Element By : By.xpath: //table/tbody/tr[1]/td[3]/span/a
Trying to find Element By : By.xpath: //table/tbody/tr[1]/td[3]/span/a
Found Element By : By.xpath: //table/tbody/tr[1]/td[3]/span/a
Trying to find Element By : By.xpath: //table/tbody/tr[1]/td[3]/span/a
Found Element By : By.xpath: //table/tbody/tr[1]/td[3]/span/a
Trying to find Element By : By.xpath: //table/tbody/tr[1]/td[3]/span/a
Found Element By : By.xpath: //table/tbody/tr[1]/td[3]/span/a
Trying to find Element By : By.xpath: //table/tbody/tr[1]/td[3]/span/a
Found Element By : By.xpath: //table/tbody/tr[1]/td[3]/span/a
Trying to find Element By : By.xpath: //table/tbody/tr[1]/td[3]/span/a
Found Element By : By.xpath: //table/tbody/tr[1]/td[3]/span/a
Trying to find Element By : By.xpath: //table/tbody/tr[1]/td[3]/span/a
Found Element By : By.xpath: //table/tbody/tr[1]/td[3]/span/a
Trying to find Element By : By.xpath: //table/tbody/tr[1]/td[3]/span/a
Found Element By : By.xpath: //table/tbody/tr[1]/td[3]/span/a
Trying to find Element By : By.xpath: //table/tbody/tr[1]/td[3]/span/a
Found Element By : By.xpath: //table/tbody/tr[1]/td[3]/span/a
Trying to find Element By : By.xpath: //table/tbody/tr[1]/td[3]/span/a
Found Element By : By.xpath: //table/tbody/tr[1]/td[3]/span/a
Trying to find Element By : By.xpath: //table/tbody/tr[1]/td[3]/span/a
Found Element By : By.xpath: //table/tbody/tr[1]/td[3]/span/a
Trying to find Element By : By.xpath: //table/tbody/tr[1]/td[3]/span/a
Found Element By : By.xpath: //table/tbody/tr[1]/td[3]/span/a
Trying to find Element By : By.xpath: //table/tbody/tr[1]/td[3]/span/a
Found Element By : By.xpath: //table/tbody/tr[1]/td[3]/span/a
Trying to find Element By : By.xpath: //table/tbody/tr[1]/td[3]/span/a
Found Element By : By.xpath: //table/tbody/tr[1]/td[3]/span/a
Trying to find Element By : By.xpath: //table/tbody/tr[1]/td[3]/span/a
Found Element By : By.xpath: //table/tbody/tr[1]/td[3]/span/a
Trying to find Element By : By.xpath: //table/tbody/tr[1]/td[3]/span/a
Found Element By : By.xpath: //table/tbody/tr[1]/td[3]/span/a
Trying to find Element By : By.xpath: //table/tbody/tr[1]/td[3]/span/a
Found Element By : By.xpath: //table/tbody/tr[1]/td[3]/span/a
Trying to find Element By : By.xpath: //table/tbody/tr[1]/td[3]/span/a
Found Element By : By.xpath: //table/tbody/tr[1]/td[3]/span/a
Trying to find Element By : By.xpath: //table/tbody/tr[1]/td[3]/span/a
Found Element By : By.xpath: //table/tbody/tr[1]/td[3]/span/a
Trying to find Element By : By.xpath: //table/tbody/tr[1]/td[3]/span/a
Found Element By : By.xpath: //table/tbody/tr[1]/td[3]/span/a
Trying to find Element By : By.xpath: //table/tbody/tr[1]/td[3]/span/a
Found Element By : By.xpath: //table/tbody/tr[1]/td[3]/span/a
Trying to find Element By : By.xpath: //table/tbody/tr[1]/td[3]/span/a
Found Element By : By.xpath: //table/tbody/tr[1]/td[3]/span/a
Trying to find Element By : By.xpath: //table/tbody/tr[1]/td[3]/span/a
Found Element By : By.xpath: //table/tbody/tr[1]/td[3]/span/a
Trying to find Element By : By.xpath: //table/tbody/tr[1]/td[3]/span/a
Found Element By : By.xpath: //table/tbody/tr[1]/td[3]/span/a
Trying to find Element By : By.xpath: //table/tbody/tr[1]/td[3]/span/a
Found Element By : By.xpath: //table/tbody/tr[1]/td[3]/span/a
Trying to find Element By : By.xpath: //table/tbody/tr[1]/td[3]/span/a
Found Element By : By.xpath: //table/tbody/tr[1]/td[3]/span/a
Trying to find Element By : By.xpath: //table/tbody/tr[1]/td[3]/span/a
Found Element By : By.xpath: //table/tbody/tr[1]/td[3]/span/a
Trying to find Element By : By.xpath: //table/tbody/tr[1]/td[3]/span/a
Found Element By : By.xpath: //table/tbody/tr[1]/td[3]/span/a
Trying to find Element By : By.xpath: //table/tbody/tr[1]/td[3]/span/a
Found Element By : By.xpath: //table/tbody/tr[1]/td[3]/span/a
Trying to find Element By : By.xpath: //table/tbody/tr[1]/td[3]/span/a
Found Element By : By.xpath: //table/tbody/tr[1]/td[3]/span/a
Trying to find Element By : By.xpath: //table/tbody/tr[1]/td[3]/span/a
Found Element By : By.xpath: //table/tbody/tr[1]/td[3]/span/a
Trying to find Element By : By.xpath: //table/tbody/tr[1]/td[3]/span/a
Found Element By : By.xpath: //table/tbody/tr[1]/td[3]/span/a
Trying to find Element By : By.xpath: //table/tbody/tr[1]/td[3]/span/a
Found Element By : By.xpath: //table/tbody/tr[1]/td[3]/span/a
Trying to find Element By : By.xpath: //table/tbody/tr[1]/td[3]/span/a
Found Element By : By.xpath: //table/tbody/tr[1]/td[3]/span/a
Trying to find Element By : By.xpath: //table/tbody/tr[1]/td[3]/span/a
Found Element By : By.xpath: //table/tbody/tr[1]/td[3]/span/a
Trying to find Element By : By.xpath: //table/tbody/tr[1]/td[3]/span/a
Found Element By : By.xpath: //table/tbody/tr[1]/td[3]/span/a
Trying to find Element By : By.xpath: //table/tbody/tr[1]/td[3]/span/a
Found Element By : By.xpath: //table/tbody/tr[1]/td[3]/span/a
Trying to find Element By : By.xpath: //table/tbody/tr[1]/td[3]/span/a
Found Element By : By.xpath: //table/tbody/tr[1]/td[3]/span/a
Trying to find Element By : By.xpath: //table/tbody/tr[1]/td[3]/span/a
Found Element By : By.xpath: //table/tbody/tr[1]/td[3]/span/a
Trying to find Element By : By.xpath: //table/tbody/tr[1]/td[3]/span/a
Found Element By : By.xpath: //table/tbody/tr[1]/td[3]/span/a
Trying to find Element By : By.xpath: //table/tbody/tr[1]/td[3]/span/a
Found Element By : By.xpath: //table/tbody/tr[1]/td[3]/span/a
Trying to find Element By : By.xpath: //table/tbody/tr[1]/td[3]/span/a
Found Element By : By.xpath: //table/tbody/tr[1]/td[3]/span/a
Trying to find Element By : By.xpath: //table/tbody/tr[1]/td[3]/span/a
Found Element By : By.xpath: //table/tbody/tr[1]/td[3]/span/a
Trying to find Element By : By.xpath: //table/tbody/tr[1]/td[3]/span/a
Found Element By : By.xpath: //table/tbody/tr[1]/td[3]/span/a
Trying to find Element By : By.xpath: //table/tbody/tr[1]/td[3]/span/a
Found Element By : By.xpath: //table/tbody/tr[1]/td[3]/span/a
Trying to find Element By : By.xpath: //table/tbody/tr[1]/td[3]/span/a
Found Element By : By.xpath: //table/tbody/tr[1]/td[3]/span/a
Trying to find Element By : By.xpath: //table/tbody/tr[1]/td[3]/span/a
Found Element By : By.xpath: //table/tbody/tr[1]/td[3]/span/a
Trying to find Element By : By.xpath: //table/tbody/tr[1]/td[3]/span/a
Found Element By : By.xpath: //table/tbody/tr[1]/td[3]/span/a
Trying to find Element By : By.xpath: //table/tbody/tr[1]/td[3]/span/a
Found Element By : By.xpath: //table/tbody/tr[1]/td[3]/span/a
Trying to find Element By : By.xpath: //table/tbody/tr[1]/td[3]/span/a
Found Element By : By.xpath: //table/tbody/tr[1]/td[3]/span/a
Trying to find Element By : By.xpath: //table/tbody/tr[1]/td[3]/span/a
Found Element By : By.xpath: //table/tbody/tr[1]/td[3]/span/a
Trying to find Element By : By.xpath: //table/tbody/tr[1]/td[3]/span/a
Found Element By : By.xpath: //table/tbody/tr[1]/td[3]/span/a
Trying to find Element By : By.xpath: //table/tbody/tr[1]/td[3]/span/a
Found Element By : By.xpath: //table/tbody/tr[1]/td[3]/span/a
Trying to find Element By : By.xpath: //table/tbody/tr[1]/td[3]/span/a
Found Element By : By.xpath: //table/tbody/tr[1]/td[3]/span/a
Trying to find Element By : By.xpath: //table/tbody/tr[1]/td[3]/span/a
Found Element By : By.xpath: //table/tbody/tr[1]/td[3]/span/a
Trying to find Element By : By.xpath: //table/tbody/tr[1]/td[3]/span/a
Found Element By : By.xpath: //table/tbody/tr[1]/td[3]/span/a
Trying to find Element By : By.xpath: //table/tbody/tr[1]/td[3]/span/a
Found Element By : By.xpath: //table/tbody/tr[1]/td[3]/span/a
Trying to find Element By : By.xpath: //table/tbody/tr[1]/td[3]/span/a
Found Element By : By.xpath: //table/tbody/tr[1]/td[3]/span/a
Trying to find Element By : By.xpath: //table/tbody/tr[1]/td[3]/span/a
Found Element By : By.xpath: //table/tbody/tr[1]/td[3]/span/a
Trying to find Element By : By.xpath: //table/tbody/tr[1]/td[3]/span/a
Found Element By : By.xpath: //table/tbody/tr[1]/td[3]/span/a
Trying to find Element By : By.xpath: //table/tbody/tr[1]/td[3]/span/a
Found Element By : By.xpath: //table/tbody/tr[1]/td[3]/span/a
Trying to find Element By : By.xpath: //table/tbody/tr[1]/td[3]/span/a
Found Element By : By.xpath: //table/tbody/tr[1]/td[3]/span/a
Trying to find Element By : By.xpath: //table/tbody/tr[1]/td[3]/span/a
Found Element By : By.xpath: //table/tbody/tr[1]/td[3]/span/a
Trying to find Element By : By.xpath: //table/tbody/tr[1]/td[3]/span/a
Found Element By : By.xpath: //table/tbody/tr[1]/td[3]/span/a
Trying to find Element By : By.xpath: //table/tbody/tr[1]/td[3]/span/a
Found Element By : By.xpath: //table/tbody/tr[1]/td[3]/span/a
Trying to find Element By : By.xpath: //table/tbody/tr[1]/td[3]/span/a
Found Element By : By.xpath: //table/tbody/tr[1]/td[3]/span/a
Trying to find Element By : By.xpath: //table/tbody/tr[1]/td[3]/span/a
Found Element By : By.xpath: //table/tbody/tr[1]/td[3]/span/a
Trying to find Element By : By.xpath: //table/tbody/tr[1]/td[3]/span/a
Found Element By : By.xpath: //table/tbody/tr[1]/td[3]/span/a
Trying to find Element By : By.xpath: //table/tbody/tr[1]/td[3]/span/a
Found Element By : By.xpath: //table/tbody/tr[1]/td[3]/span/a
Trying to find Element By : By.xpath: //table/tbody/tr[1]/td[3]/span/a
Found Element By : By.xpath: //table/tbody/tr[1]/td[3]/span/a
Trying to find Element By : By.xpath: //table/tbody/tr[1]/td[3]/span/a
Found Element By : By.xpath: //table/tbody/tr[1]/td[3]/span/a
Trying to find Element By : By.xpath: //table/tbody/tr[1]/td[3]/span/a
Found Element By : By.xpath: //table/tbody/tr[1]/td[3]/span/a
Trying to find Element By : By.xpath: //table/tbody/tr[1]/td[3]/span/a
Found Element By : By.xpath: //table/tbody/tr[1]/td[3]/span/a
Trying to find Element By : By.xpath: //table/tbody/tr[1]/td[3]/span/a
Found Element By : By.xpath: //table/tbody/tr[1]/td[3]/span/a
Trying to find Element By : By.xpath: //table/tbody/tr[1]/td[3]/span/a
Found Element By : By.xpath: //table/tbody/tr[1]/td[3]/span/a
Trying to find Element By : By.xpath: //table/tbody/tr[1]/td[3]/span/a
Found Element By : By.xpath: //table/tbody/tr[1]/td[3]/span/a
Trying to find Element By : By.xpath: //table/tbody/tr[1]/td[3]/span/a
Found Element By : By.xpath: //table/tbody/tr[1]/td[3]/span/a
Trying to find Element By : By.xpath: //table/tbody/tr[1]/td[3]/span/a
Found Element By : By.xpath: //table/tbody/tr[1]/td[3]/span/a
Trying to find Element By : By.xpath: //table/tbody/tr[1]/td[3]/span/a
Found Element By : By.xpath: //table/tbody/tr[1]/td[3]/span/a
Trying to find Element By : By.xpath: //table/tbody/tr[1]/td[3]/span/a
Found Element By : By.xpath: //table/tbody/tr[1]/td[3]/span/a
Trying to find Element By : By.xpath: //table/tbody/tr[1]/td[3]/span/a
Found Element By : By.xpath: //table/tbody/tr[1]/td[3]/span/a
Trying to find Element By : By.xpath: //table/tbody/tr[1]/td[3]/span/a
Found Element By : By.xpath: //table/tbody/tr[1]/td[3]/span/a
Trying to find Element By : By.xpath: //table/tbody/tr[1]/td[3]/span/a
Found Element By : By.xpath: //table/tbody/tr[1]/td[3]/span/a
Trying to find Element By : By.xpath: //table/tbody/tr[1]/td[3]/span/a
Found Element By : By.xpath: //table/tbody/tr[1]/td[3]/span/a
Trying to find Element By : By.xpath: //table/tbody/tr[1]/td[3]/span/a
Found Element By : By.xpath: //table/tbody/tr[1]/td[3]/span/a
Trying to find Element By : By.xpath: //table/tbody/tr[1]/td[3]/span/a
Found Element By : By.xpath: //table/tbody/tr[1]/td[3]/span/a
Trying to find Element By : By.xpath: //table/tbody/tr[1]/td[3]/span/a
Found Element By : By.xpath: //table/tbody/tr[1]/td[3]/span/a
Trying to find Element By : By.xpath: //table/tbody/tr[1]/td[3]/span/a
Found Element By : By.xpath: //table/tbody/tr[1]/td[3]/span/a
Trying to find Element By : By.xpath: //table/tbody/tr[1]/td[3]/span/a
Found Element By : By.xpath: //table/tbody/tr[1]/td[3]/span/a
Trying to find Element By : By.xpath: //table/tbody/tr[1]/td[3]/span/a
Found Element By : By.xpath: //table/tbody/tr[1]/td[3]/span/a
Trying to find Element By : By.xpath: //table/tbody/tr[1]/td[3]/span/a
Found Element By : By.xpath: //table/tbody/tr[1]/td[3]/span/a
Trying to find Element By : By.xpath: //table/tbody/tr[1]/td[3]/span/a
Found Element By : By.xpath: //table/tbody/tr[1]/td[3]/span/a
Trying to find Element By : By.xpath: //table/tbody/tr[1]/td[3]/span/a
Found Element By : By.xpath: //table/tbody/tr[1]/td[3]/span/a
Trying to find Element By : By.xpath: //table/tbody/tr[1]/td[3]/span/a
Found Element By : By.xpath: //table/tbody/tr[1]/td[3]/span/a
Trying to find Element By : By.xpath: //table/tbody/tr[1]/td[3]/span/a
Found Element By : By.xpath: //table/tbody/tr[1]/td[3]/span/a
Trying to find Element By : By.xpath: //table/tbody/tr[1]/td[3]/span/a
Found Element By : By.xpath: //table/tbody/tr[1]/td[3]/span/a
Trying to find Element By : By.xpath: //table/tbody/tr[1]/td[3]/span/a
Found Element By : By.xpath: //table/tbody/tr[1]/td[3]/span/a
Trying to find Element By : By.xpath: //table/tbody/tr[1]/td[3]/span/a
Found Element By : By.xpath: //table/tbody/tr[1]/td[3]/span/a
Trying to find Element By : By.xpath: //table/tbody/tr[1]/td[3]/span/a
Found Element By : By.xpath: //table/tbody/tr[1]/td[3]/span/a
Trying to find Element By : By.xpath: //table/tbody/tr[1]/td[3]/span/a
Found Element By : By.xpath: //table/tbody/tr[1]/td[3]/span/a
Trying to find Element By : By.xpath: //table/tbody/tr[1]/td[3]/span/a
Found Element By : By.xpath: //table/tbody/tr[1]/td[3]/span/a
Trying to find Element By : By.xpath: //table/tbody/tr[1]/td[3]/span/a
Found Element By : By.xpath: //table/tbody/tr[1]/td[3]/span/a
Trying to find Element By : By.xpath: //table/tbody/tr[1]/td[3]/span/a
Found Element By : By.xpath: //table/tbody/tr[1]/td[3]/span/a
Trying to find Element By : By.xpath: //table/tbody/tr[1]/td[3]/span/a
Found Element By : By.xpath: //table/tbody/tr[1]/td[3]/span/a
Trying to find Element By : By.xpath: //table/tbody/tr[1]/td[3]/span/a
Found Element By : By.xpath: //table/tbody/tr[1]/td[3]/span/a
Trying to find Element By : By.xpath: //table/tbody/tr[1]/td[3]/span/a
Found Element By : By.xpath: //table/tbody/tr[1]/td[3]/span/a
Trying to find Element By : By.xpath: //table/tbody/tr[1]/td[3]/span/a
Found Element By : By.xpath: //table/tbody/tr[1]/td[3]/span/a
Trying to find Element By : By.xpath: //table/tbody/tr[1]/td[3]/span/a
Found Element By : By.xpath: //table/tbody/tr[1]/td[3]/span/a
Trying to find Element By : By.xpath: //table/tbody/tr[1]/td[3]/span/a
Found Element By : By.xpath: //table/tbody/tr[1]/td[3]/span/a
Trying to find Element By : By.xpath: //table/tbody/tr[1]/td[3]/span/a
Found Element By : By.xpath: //table/tbody/tr[1]/td[3]/span/a
Trying to find Element By : By.xpath: //table/tbody/tr[1]/td[3]/span/a
Found Element By : By.xpath: //table/tbody/tr[1]/td[3]/span/a
Trying to find Element By : By.xpath: //table/tbody/tr[1]/td[3]/span/a
Found Element By : By.xpath: //table/tbody/tr[1]/td[3]/span/a
Trying to find Element By : By.xpath: //table/tbody/tr[1]/td[3]/span/a
Found Element By : By.xpath: //table/tbody/tr[1]/td[3]/span/a
Trying to find Element By : By.xpath: //table/tbody/tr[1]/td[3]/span/a
Found Element By : By.xpath: //table/tbody/tr[1]/td[3]/span/a
Trying to find Element By : By.xpath: //table/tbody/tr[1]/td[3]/span/a
Found Element By : By.xpath: //table/tbody/tr[1]/td[3]/span/a
Trying to find Element By : By.xpath: //table/tbody/tr[1]/td[3]/span/a
Found Element By : By.xpath: //table/tbody/tr[1]/td[3]/span/a
Trying to find Element By : By.xpath: //table/tbody/tr[1]/td[3]/span/a
Found Element By : By.xpath: //table/tbody/tr[1]/td[3]/span/a
Trying to find Element By : By.xpath: //table/tbody/tr[1]/td[3]/span/a
Found Element By : By.xpath: //table/tbody/tr[1]/td[3]/span/a
Trying to find Element By : By.xpath: //table/tbody/tr[1]/td[3]/span/a
Found Element By : By.xpath: //table/tbody/tr[1]/td[3]/span/a
Trying to find Element By : By.xpath: //table/tbody/tr[1]/td[3]/span/a
Found Element By : By.xpath: //table/tbody/tr[1]/td[3]/span/a
Trying to find Element By : By.xpath: //table/tbody/tr[1]/td[3]/span/a
Found Element By : By.xpath: //table/tbody/tr[1]/td[3]/span/a
Trying to find Element By : By.xpath: //table/tbody/tr[1]/td[3]/span/a
Found Element By : By.xpath: //table/tbody/tr[1]/td[3]/span/a
Trying to find Element By : By.xpath: //table/tbody/tr[1]/td[3]/span/a
Found Element By : By.xpath: //table/tbody/tr[1]/td[3]/span/a
Trying to find Element By : By.xpath: //table/tbody/tr[1]/td[3]/span/a
Found Element By : By.xpath: //table/tbody/tr[1]/td[3]/span/a
Trying to find Element By : By.xpath: //table/tbody/tr[1]/td[3]/span/a
Found Element By : By.xpath: //table/tbody/tr[1]/td[3]/span/a
Trying to find Element By : By.xpath: //table/tbody/tr[1]/td[3]/span/a
Found Element By : By.xpath: //table/tbody/tr[1]/td[3]/span/a
Trying to find Element By : By.xpath: //table/tbody/tr[1]/td[3]/span/a
Found Element By : By.xpath: //table/tbody/tr[1]/td[3]/span/a
Trying to find Element By : By.xpath: //table/tbody/tr[1]/td[3]/span/a
Found Element By : By.xpath: //table/tbody/tr[1]/td[3]/span/a
Trying to find Element By : By.xpath: //table/tbody/tr[1]/td[3]/span/a
Found Element By : By.xpath: //table/tbody/tr[1]/td[3]/span/a
Trying to find Element By : By.xpath: //table/tbody/tr[1]/td[3]/span/a
Found Element By : By.xpath: //table/tbody/tr[1]/td[3]/span/a
Trying to find Element By : By.xpath: //table/tbody/tr[1]/td[3]/span/a
Found Element By : By.xpath: //table/tbody/tr[1]/td[3]/span/a
Trying to find Element By : By.xpath: //table/tbody/tr[1]/td[3]/span/a
Found Element By : By.xpath: //table/tbody/tr[1]/td[3]/span/a
Trying to find Element By : By.xpath: //table/tbody/tr[1]/td[3]/span/a
Found Element By : By.xpath: //table/tbody/tr[1]/td[3]/span/a
Trying to find Element By : By.xpath: //table/tbody/tr[1]/td[3]/span/a
Found Element By : By.xpath: //table/tbody/tr[1]/td[3]/span/a
Trying to find Element By : By.xpath: //table/tbody/tr[1]/td[3]/span/a
Found Element By : By.xpath: //table/tbody/tr[1]/td[3]/span/a
Trying to find Element By : By.xpath: //table/tbody/tr[1]/td[3]/span/a
Found Element By : By.xpath: //table/tbody/tr[1]/td[3]/span/a
Trying to find Element By : By.xpath: //table/tbody/tr[1]/td[3]/span/a
Found Element By : By.xpath: //table/tbody/tr[1]/td[3]/span/a
Trying to find Element By : By.xpath: //table/tbody/tr[1]/td[3]/span/a
Found Element By : By.xpath: //table/tbody/tr[1]/td[3]/span/a
Trying to find Element By : By.xpath: //table/tbody/tr[1]/td[3]/span/a
Found Element By : By.xpath: //table/tbody/tr[1]/td[3]/span/a
Trying to find Element By : By.xpath: //table/tbody/tr[1]/td[3]/span/a
Found Element By : By.xpath: //table/tbody/tr[1]/td[3]/span/a
Trying to find Element By : By.xpath: //table/tbody/tr[1]/td[3]/span/a
Found Element By : By.xpath: //table/tbody/tr[1]/td[3]/span/a
Trying to find Element By : By.xpath: //table/tbody/tr[1]/td[3]/span/a
Found Element By : By.xpath: //table/tbody/tr[1]/td[3]/span/a
Trying to find Element By : By.xpath: //table/tbody/tr[1]/td[3]/span/a
Found Element By : By.xpath: //table/tbody/tr[1]/td[3]/span/a
Trying to find Element By : By.xpath: //table/tbody/tr[1]/td[3]/span/a
Found Element By : By.xpath: //table/tbody/tr[1]/td[3]/span/a
Trying to find Element By : By.xpath: //table/tbody/tr[1]/td[3]/span/a
Found Element By : By.xpath: //table/tbody/tr[1]/td[3]/span/a
Trying to find Element By : By.xpath: //table/tbody/tr[1]/td[3]/span/a
Found Element By : By.xpath: //table/tbody/tr[1]/td[3]/span/a
Trying to find Element By : By.xpath: //table/tbody/tr[1]/td[3]/span/a
Found Element By : By.xpath: //table/tbody/tr[1]/td[3]/span/a
Trying to find Element By : By.xpath: //table/tbody/tr[1]/td[3]/span/a
Found Element By : By.xpath: //table/tbody/tr[1]/td[3]/span/a
Trying to find Element By : By.xpath: //table/tbody/tr[1]/td[3]/span/a
Found Element By : By.xpath: //table/tbody/tr[1]/td[3]/span/a
Trying to find Element By : By.xpath: //table/tbody/tr[1]/td[3]/span/a
Found Element By : By.xpath: //table/tbody/tr[1]/td[3]/span/a
Trying to find Element By : By.xpath: //table/tbody/tr[1]/td[3]/span/a
Found Element By : By.xpath: //table/tbody/tr[1]/td[3]/span/a
Trying to find Element By : By.xpath: //table/tbody/tr[1]/td[3]/span/a
Found Element By : By.xpath: //table/tbody/tr[1]/td[3]/span/a
Trying to find Element By : By.xpath: //table/tbody/tr[1]/td[3]/span/a
Found Element By : By.xpath: //table/tbody/tr[1]/td[3]/span/a
Trying to find Element By : By.xpath: //table/tbody/tr[1]/td[3]/span/a
Found Element By : By.xpath: //table/tbody/tr[1]/td[3]/span/a
Trying to find Element By : By.xpath: //table/tbody/tr[1]/td[3]/span/a
Found Element By : By.xpath: //table/tbody/tr[1]/td[3]/span/a
Trying to find Element By : By.xpath: //table/tbody/tr[1]/td[3]/span/a
Found Element By : By.xpath: //table/tbody/tr[1]/td[3]/span/a
Trying to find Element By : By.xpath: //table/tbody/tr[1]/td[3]/span/a
Found Element By : By.xpath: //table/tbody/tr[1]/td[3]/span/a
Trying to find Element By : By.xpath: //table/tbody/tr[1]/td[3]/span/a
Found Element By : By.xpath: //table/tbody/tr[1]/td[3]/span/a
Trying to find Element By : By.xpath: //table/tbody/tr[1]/td[3]/span/a
Found Element By : By.xpath: //table/tbody/tr[1]/td[3]/span/a
Trying to find Element By : By.xpath: //table/tbody/tr[1]/td[3]/span/a
Found Element By : By.xpath: //table/tbody/tr[1]/td[3]/span/a
Trying to find Element By : By.xpath: //table/tbody/tr[1]/td[3]/span/a
Found Element By : By.xpath: //table/tbody/tr[1]/td[3]/span/a
Trying to find Element By : By.xpath: //table/tbody/tr[1]/td[3]/span/a
Found Element By : By.xpath: //table/tbody/tr[1]/td[3]/span/a
Trying to find Element By : By.xpath: //table/tbody/tr[1]/td[3]/span/a
Found Element By : By.xpath: //table/tbody/tr[1]/td[3]/span/a
Trying to find Element By : By.xpath: //table/tbody/tr[1]/td[3]/span/a
Found Element By : By.xpath: //table/tbody/tr[1]/td[3]/span/a
Trying to find Element By : By.xpath: //table/tbody/tr[1]/td[3]/span/a
Found Element By : By.xpath: //table/tbody/tr[1]/td[3]/span/a
Trying to find Element By : By.xpath: //table/tbody/tr[1]/td[3]/span/a
Found Element By : By.xpath: //table/tbody/tr[1]/td[3]/span/a
Trying to find Element By : By.xpath: //table/tbody/tr[1]/td[3]/span/a
Found Element By : By.xpath: //table/tbody/tr[1]/td[3]/span/a
Trying to find Element By : By.xpath: //table/tbody/tr[1]/td[3]/span/a
Found Element By : By.xpath: //table/tbody/tr[1]/td[3]/span/a
Trying to find Element By : By.xpath: //table/tbody/tr[1]/td[3]/span/a
Found Element By : By.xpath: //table/tbody/tr[1]/td[3]/span/a
Trying to find Element By : By.xpath: //table/tbody/tr[1]/td[3]/span/a
Found Element By : By.xpath: //table/tbody/tr[1]/td[3]/span/a
Trying to find Element By : By.xpath: //table/tbody/tr[1]/td[3]/span/a
Found Element By : By.xpath: //table/tbody/tr[1]/td[3]/span/a
Trying to find Element By : By.xpath: //table/tbody/tr[1]/td[3]/span/a
Found Element By : By.xpath: //table/tbody/tr[1]/td[3]/span/a
Trying to find Element By : By.xpath: //table/tbody/tr[1]/td[3]/span/a
Found Element By : By.xpath: //table/tbody/tr[1]/td[3]/span/a
Trying to find Element By : By.xpath: //table/tbody/tr[1]/td[3]/span/a
Found Element By : By.xpath: //table/tbody/tr[1]/td[3]/span/a
Before navigating to: 'http://qa-publisher-portal.rmp.rakuten.com/login'
Navigated to:'http://qa-publisher-portal.rmp.rakuten.com/login'

  Scenario: Verify if user is able to create the Active Seat with admin role. &amp#27;[90m# RXSeats.feature:22&amp#27;[0m
    &amp#27;[32mGiven &amp#27;[0m&amp#27;[32madmin user login to RX UI with valid username and password&amp#27;[0m          &amp#27;[90m# ProfileStepDefinition.admin_user_login_to_RX_UI_with_valid_username_and_password()&amp#27;[0m
    &amp#27;[32mWhen &amp#27;[0m&amp#27;[32mClick on create seat button.&amp#27;[0m                                         &amp#27;[90m# SeatsPageStepsDefinition.click_on_create_seat_button()&amp#27;[0m
    &amp#27;[32mThen &amp#27;[0m&amp#27;[32mFill the Active create seat page .&amp#27;[0m                                   &amp#27;[90m# SeatsPageStepsDefinition.fill_the_Active_create_seat_page()&amp#27;[0m
    &amp#27;[32mThen &amp#27;[0m&amp#27;[32mClick on Save and close the create seat page&amp#27;[0m                         &amp#27;[90m# SeatsPageStepsDefinition.click_on_Save()&amp#27;[0m
    &amp#27;[31mThen &amp#27;[0m&amp#27;[31mNavigate to active create seat page and validate the filled data.&amp#27;[0m    &amp#27;[90m# SeatsPageStepsDefinition.navigate_to_create_seat_page_and_validate_the_filled_data()&amp#27;[0m
      &amp#27;[31morg.openqa.selenium.TimeoutException: Expected condition failed: waiting for text ('Test Seatq16zq') to be present in element [[ChromeDriver: chrome on MAC (cd0dcb768a6a98af56d396260dcac2ed)] -> xpath: //table/tbody/tr[1]/td[3]/span/a] (tried for 1000 second(s) with 500 milliseconds interval)
      Build info: version: '3.11.0', revision: 'e59cfb3', time: '2018-03-11T20:26:55.152Z'
      System info: host: 'RINMAC632', ip: 'fe80:0:0:0:48d:2e77:d6ee:c314%en0', os.name: 'Mac OS X', os.arch: 'x86_64', os.version: '10.14.6', java.version: '11.0.5'
      Driver info: org.openqa.selenium.support.events.EventFiringWebDriver
      Capabilities {acceptInsecureCerts: false, browserName: chrome, browserVersion: 83.0.4103.97, chrome: {chromedriverVersion: 83.0.4103.39 (ccbf011cb2d2b..., userDataDir: /var/folders/gx/88xk1g2945q...}, goog:chromeOptions: {debuggerAddress: localhost:56116}, javascriptEnabled: true, networkConnectionEnabled: false, pageLoadStrategy: normal, platform: MAC, platformName: MAC, proxy: Proxy(), setWindowRect: true, strictFileInteractability: false, timeouts: {implicit: 0, pageLoad: 300000, script: 30000}, unhandledPromptBehavior: dismiss and notify, webauthn:virtualAuthenticators: true}
      Session ID: cd0dcb768a6a98af56d396260dcac2ed
      	at org.openqa.selenium.support.ui.WebDriverWait.timeoutException(WebDriverWait.java:81)
      	at org.openqa.selenium.support.ui.FluentWait.until(FluentWait.java:271)
      	at RXPages.RXSeatsPage.getTheSeatIdandClickCheckBox(RXSeatsPage.java:379)
      	at stepDefinitions.SeatsPageStepsDefinition.navigate_to_create_seat_page_and_validate_the_filled_data(SeatsPageStepsDefinition.java:433)
      	at ✽.Then Navigate to active create seat page and validate the filled data.(RXSeats.feature:27)
      &amp#27;[0m
    &amp#27;[36mThen &amp#27;[0m&amp#27;[36mValidate the created seat data reflects in the Active tab.&amp#27;[0m           &amp#27;[90m# SeatsPageStepsDefinition.validate_the_created_seat_data_in_table()&amp#27;[0m
Trying to find Element By : By.xpath: //input[@autofocus="autofocus"]
Found Element By : By.xpath: //input[@autofocus="autofocus"]
Value of the:[[ChromeDriver: chrome on MAC (5ad78e7be7e541d14da3e226e2612270)] -> xpath: //input[@autofocus="autofocus"]] before any changes made
Element value changed to: [[ChromeDriver: chrome on MAC (5ad78e7be7e541d14da3e226e2612270)] -> xpath: //input[@autofocus="autofocus"]]
Trying to find Element By : By.xpath: //input[@type="password"]
Found Element By : By.xpath: //input[@type="password"]
Value of the:[[ChromeDriver: chrome on MAC (5ad78e7be7e541d14da3e226e2612270)] -> xpath: //input[@type="password"]] before any changes made
Element value changed to: [[ChromeDriver: chrome on MAC (5ad78e7be7e541d14da3e226e2612270)] -> xpath: //input[@type="password"]]
Trying to find Element By : By.xpath: //span[text()='Login']
Found Element By : By.xpath: //span[text()='Login']
Trying to click on: [[ChromeDriver: chrome on MAC (5ad78e7be7e541d14da3e226e2612270)] -> xpath: //span[text()='Login']]
Clicked on: [[ChromeDriver: chrome on MAC (5ad78e7be7e541d14da3e226e2612270)] -> xpath: //span[text()='Login']]
Trying to find Element By : By.xpath: //div[@class="logo"]
Found Element By : By.xpath: //div[@class="logo"]
Trying to find Element By : By.xpath: //div[text()='Seats']
Found Element By : By.xpath: //div[text()='Seats']
Trying to find Element By : By.xpath: //div[text()='Seats']
Found Element By : By.xpath: //div[text()='Seats']
Trying to click on: [[ChromeDriver: chrome on MAC (5ad78e7be7e541d14da3e226e2612270)] -> xpath: //div[text()='Seats']]
Clicked on: [[ChromeDriver: chrome on MAC (5ad78e7be7e541d14da3e226e2612270)] -> xpath: //div[text()='Seats']]
Trying to find Element By : By.xpath: //h1[text()='Seats']
Found Element By : By.xpath: //h1[text()='Seats']
06-09-2020 09:13:53 SeatsPageStepsDefinition.java INFO  [TestNG-tests-1] stepDefinitions.SeatsPageStepsDefinition 393 - Clicked on Seats option under Account
Trying to find Element By : By.xpath: //span[text()='Active']
Found Element By : By.xpath: //span[text()='Active']
Trying to find Element By : By.xpath: //h1[text()='Seats']
Found Element By : By.xpath: //h1[text()='Seats']
Trying to find Element By : By.xpath: //span[text()='Active']
Found Element By : By.xpath: //span[text()='Active']
Trying to find Element By : By.xpath: //span[text()='Active']
Found Element By : By.xpath: //span[text()='Active']
Trying to find Element By : By.xpath: //span[text()='Active']
Found Element By : By.xpath: //span[text()='Active']
Trying to click on: [[ChromeDriver: chrome on MAC (5ad78e7be7e541d14da3e226e2612270)] -> xpath: //span[text()='Active']]
Clicked on: [[ChromeDriver: chrome on MAC (5ad78e7be7e541d14da3e226e2612270)] -> xpath: //span[text()='Active']]
06-09-2020 09:13:53 SeatsPageStepsDefinition.java INFO  [TestNG-tests-1] stepDefinitions.SeatsPageStepsDefinition 395 - Click on Active tab
Trying to find Element By : By.xpath: //header/div/div[1]/button[1]
Found Element By : By.xpath: //header/div/div[1]/button[1]
Trying to click on: [[ChromeDriver: chrome on MAC (5ad78e7be7e541d14da3e226e2612270)] -> xpath: //header/div/div[1]/button[1]]
Clicked on: [[ChromeDriver: chrome on MAC (5ad78e7be7e541d14da3e226e2612270)] -> xpath: //header/div/div[1]/button[1]]
06-09-2020 09:13:53 SeatsPageStepsDefinition.java INFO  [TestNG-tests-1] stepDefinitions.SeatsPageStepsDefinition 397 - Click on create seat
Trying to find Element By : By.xpath: //span/form/div[3]/button/span
Found Element By : By.xpath: //span/form/div[3]/button/span
Trying to find Element By : By.xpath: //span/form/div[3]/button/span
Found Element By : By.xpath: //span/form/div[3]/button/span
Trying to find Element By : By.xpath: //span/form/div[2]/div[1]/div/span/div/div/div[1]/div/input
Found Element By : By.xpath: //span/form/div[2]/div[1]/div/span/div/div/div[1]/div/input
Value of the:[[ChromeDriver: chrome on MAC (5ad78e7be7e541d14da3e226e2612270)] -> xpath: //span/form/div[2]/div[1]/div/span/div/div/div[1]/div/input] before any changes made
Element value changed to: [[ChromeDriver: chrome on MAC (5ad78e7be7e541d14da3e226e2612270)] -> xpath: //span/form/div[2]/div[1]/div/span/div/div/div[1]/div/input]
Trying to find Element By : By.xpath: //span/form/div[2]/div[2]/div/div/div/div[1]/div[1]/input[1]
Found Element By : By.xpath: //span/form/div[2]/div[2]/div/div/div/div[1]/div[1]/input[1]
Value of the:[[ChromeDriver: chrome on MAC (5ad78e7be7e541d14da3e226e2612270)] -> xpath: //span/form/div[2]/div[2]/div/div/div/div[1]/div[1]/input[1]] before any changes made
Element value changed to: [[ChromeDriver: chrome on MAC (5ad78e7be7e541d14da3e226e2612270)] -> xpath: //span/form/div[2]/div[2]/div/div/div/div[1]/div[1]/input[1]]
Trying to find Element By : By.xpath: //span/form/div[2]/div[3]/div/div/div/div[1]/div/div[2]/div/div
Found Element By : By.xpath: //span/form/div[2]/div[3]/div/div/div/div[1]/div/div[2]/div/div
Trying to find Element By : By.xpath: //span/form/div[2]/div[3]/div/div/div/div[1]/div/div[2]/div/div
Found Element By : By.xpath: //span/form/div[2]/div[3]/div/div/div/div[1]/div/div[2]/div/div
Trying to find Element By : By.xpath: //span/form/div[2]/div[3]/div/div/div/div[1]/div/div[2]/div/div
Found Element By : By.xpath: //span/form/div[2]/div[3]/div/div/div/div[1]/div/div[2]/div/div
Trying to click on: [[ChromeDriver: chrome on MAC (5ad78e7be7e541d14da3e226e2612270)] -> xpath: //span/form/div[2]/div[3]/div/div/div/div[1]/div/div[2]/div/div]
Clicked on: [[ChromeDriver: chrome on MAC (5ad78e7be7e541d14da3e226e2612270)] -> xpath: //span/form/div[2]/div[3]/div/div/div/div[1]/div/div[2]/div/div]
Trying to find Element By : By.xpath: //span/form/div[2]/div[4]/div[1]/div/div/div[1]/div[1]/input[1]
Found Element By : By.xpath: //span/form/div[2]/div[4]/div[1]/div/div/div[1]/div[1]/input[1]
Value of the:[[ChromeDriver: chrome on MAC (5ad78e7be7e541d14da3e226e2612270)] -> xpath: //span/form/div[2]/div[4]/div[1]/div/div/div[1]/div[1]/input[1]] before any changes made
Element value changed to: [[ChromeDriver: chrome on MAC (5ad78e7be7e541d14da3e226e2612270)] -> xpath: //span/form/div[2]/div[4]/div[1]/div/div/div[1]/div[1]/input[1]]
Trying to find Element By : By.xpath: //span/form/div[2]/div[4]/div[2]/div/div/div[1]/div/input
Found Element By : By.xpath: //span/form/div[2]/div[4]/div[2]/div/div/div[1]/div/input
Value of the:[[ChromeDriver: chrome on MAC (5ad78e7be7e541d14da3e226e2612270)] -> xpath: //span/form/div[2]/div[4]/div[2]/div/div/div[1]/div/input] before any changes made
Element value changed to: [[ChromeDriver: chrome on MAC (5ad78e7be7e541d14da3e226e2612270)] -> xpath: //span/form/div[2]/div[4]/div[2]/div/div/div[1]/div/input]
Trying to find Element By : By.xpath: //span/form/div[2]/div[5]/div/div/div/div[1]/div/input
Found Element By : By.xpath: //span/form/div[2]/div[5]/div/div/div/div[1]/div/input
Value of the:[[ChromeDriver: chrome on MAC (5ad78e7be7e541d14da3e226e2612270)] -> xpath: //span/form/div[2]/div[5]/div/div/div/div[1]/div/input] before any changes made
Element value changed to: [[ChromeDriver: chrome on MAC (5ad78e7be7e541d14da3e226e2612270)] -> xpath: //span/form/div[2]/div[5]/div/div/div/div[1]/div/input]
Trying to find Element By : By.xpath: //span/form/div[2]/div[6]/div/div/div/div[1]/div/input
Found Element By : By.xpath: //span/form/div[2]/div[6]/div/div/div/div[1]/div/input
Value of the:[[ChromeDriver: chrome on MAC (5ad78e7be7e541d14da3e226e2612270)] -> xpath: //span/form/div[2]/div[6]/div/div/div/div[1]/div/input] before any changes made
Element value changed to: [[ChromeDriver: chrome on MAC (5ad78e7be7e541d14da3e226e2612270)] -> xpath: //span/form/div[2]/div[6]/div/div/div/div[1]/div/input]
Trying to find Element By : By.xpath: //span/form/div[2]/div[7]/div/div/div/div[1]/div/input
Found Element By : By.xpath: //span/form/div[2]/div[7]/div/div/div/div[1]/div/input
Value of the:[[ChromeDriver: chrome on MAC (5ad78e7be7e541d14da3e226e2612270)] -> xpath: //span/form/div[2]/div[7]/div/div/div/div[1]/div/input] before any changes made
Element value changed to: [[ChromeDriver: chrome on MAC (5ad78e7be7e541d14da3e226e2612270)] -> xpath: //span/form/div[2]/div[7]/div/div/div/div[1]/div/input]
Trying to find Element By : By.xpath: //span/form/div[2]/div[8]/div/div/div/div[1]/div/input
Found Element By : By.xpath: //span/form/div[2]/div[8]/div/div/div/div[1]/div/input
Value of the:[[ChromeDriver: chrome on MAC (5ad78e7be7e541d14da3e226e2612270)] -> xpath: //span/form/div[2]/div[8]/div/div/div/div[1]/div/input] before any changes made
Element value changed to: [[ChromeDriver: chrome on MAC (5ad78e7be7e541d14da3e226e2612270)] -> xpath: //span/form/div[2]/div[8]/div/div/div/div[1]/div/input]
Trying to find Element By : By.xpath: //span/form/div[2]/div[9]/div/div/div/div[1]/div/input
Found Element By : By.xpath: //span/form/div[2]/div[9]/div/div/div/div[1]/div/input
Value of the:[[ChromeDriver: chrome on MAC (5ad78e7be7e541d14da3e226e2612270)] -> xpath: //span/form/div[2]/div[9]/div/div/div/div[1]/div/input] before any changes made
Element value changed to: [[ChromeDriver: chrome on MAC (5ad78e7be7e541d14da3e226e2612270)] -> xpath: //span/form/div[2]/div[9]/div/div/div/div[1]/div/input]
Trying to find Element By : By.xpath: //span/form/div[2]/div[10]/div[1]/div/div/div[1]/div/input
Found Element By : By.xpath: //span/form/div[2]/div[10]/div[1]/div/div/div[1]/div/input
Value of the:[[ChromeDriver: chrome on MAC (5ad78e7be7e541d14da3e226e2612270)] -> xpath: //span/form/div[2]/div[10]/div[1]/div/div/div[1]/div/input] before any changes made
Element value changed to: [[ChromeDriver: chrome on MAC (5ad78e7be7e541d14da3e226e2612270)] -> xpath: //span/form/div[2]/div[10]/div[1]/div/div/div[1]/div/input]
Trying to find Element By : By.xpath: //span/form/div[2]/div[10]/div[2]/div/div/div[1]/div[1]/input[1]
Found Element By : By.xpath: //span/form/div[2]/div[10]/div[2]/div/div/div[1]/div[1]/input[1]
Value of the:[[ChromeDriver: chrome on MAC (5ad78e7be7e541d14da3e226e2612270)] -> xpath: //span/form/div[2]/div[10]/div[2]/div/div/div[1]/div[1]/input[1]] before any changes made
Element value changed to: [[ChromeDriver: chrome on MAC (5ad78e7be7e541d14da3e226e2612270)] -> xpath: //span/form/div[2]/div[10]/div[2]/div/div/div[1]/div[1]/input[1]]
Trying to find Element By : By.xpath: //span/form/div[2]/div[10]/div[3]/span/div/div/div[1]/div[1]/input[1]
Found Element By : By.xpath: //span/form/div[2]/div[10]/div[3]/span/div/div/div[1]/div[1]/input[1]
Value of the:[[ChromeDriver: chrome on MAC (5ad78e7be7e541d14da3e226e2612270)] -> xpath: //span/form/div[2]/div[10]/div[3]/span/div/div/div[1]/div[1]/input[1]] before any changes made
Element value changed to: [[ChromeDriver: chrome on MAC (5ad78e7be7e541d14da3e226e2612270)] -> xpath: //span/form/div[2]/div[10]/div[3]/span/div/div/div[1]/div[1]/input[1]]
Trying to find Element By : By.xpath: //span/form/div[2]/div[11]/div/div/div/div[1]/div/input
Found Element By : By.xpath: //span/form/div[2]/div[11]/div/div/div/div[1]/div/input
Value of the:[[ChromeDriver: chrome on MAC (5ad78e7be7e541d14da3e226e2612270)] -> xpath: //span/form/div[2]/div[11]/div/div/div/div[1]/div/input] before any changes made
Element value changed to: [[ChromeDriver: chrome on MAC (5ad78e7be7e541d14da3e226e2612270)] -> xpath: //span/form/div[2]/div[11]/div/div/div/div[1]/div/input]
Trying to find Element By : By.xpath: //span/form/div[2]/div[12]/div/div/div/div[1]/div/input
Found Element By : By.xpath: //span/form/div[2]/div[12]/div/div/div/div[1]/div/input
Value of the:[[ChromeDriver: chrome on MAC (5ad78e7be7e541d14da3e226e2612270)] -> xpath: //span/form/div[2]/div[12]/div/div/div/div[1]/div/input] before any changes made
Element value changed to: [[ChromeDriver: chrome on MAC (5ad78e7be7e541d14da3e226e2612270)] -> xpath: //span/form/div[2]/div[12]/div/div/div/div[1]/div/input]
Trying to find Element By : By.xpath: //span/form/div[3]/button/span
Found Element By : By.xpath: //span/form/div[3]/button/span
Trying to click on: [[ChromeDriver: chrome on MAC (5ad78e7be7e541d14da3e226e2612270)] -> xpath: //span/form/div[3]/button/span]
Clicked on: [[ChromeDriver: chrome on MAC (5ad78e7be7e541d14da3e226e2612270)] -> xpath: //span/form/div[3]/button/span]
Trying to find Element By : By.xpath: //span/form/div[3]/button/span
Found Element By : By.xpath: //span/form/div[3]/button/span
Trying to find Element By : By.xpath: //span/form/div[3]/button/span
Found Element By : By.xpath: //span/form/div[3]/button/span
Trying to find Element By : By.xpath: //span/form/div[3]/button/span
Found Element By : By.xpath: //span/form/div[3]/button/span
Trying to find Element By : By.xpath: //span/form/div[3]/button/span
Found Element By : By.xpath: //span/form/div[3]/button/span
Trying to find Element By : By.xpath: //span/form/div[3]/button/span
Found Element By : By.xpath: //span/form/div[3]/button/span
Trying to find Element By : By.xpath: //span/form/div[3]/button/span
Found Element By : By.xpath: //span/form/div[3]/button/span
Trying to find Element By : By.xpath: //span/form/div[3]/button/span
Found Element By : By.xpath: //span/form/div[3]/button/span
Trying to find Element By : By.xpath: //span/form/div[3]/button/span
Found Element By : By.xpath: //span/form/div[3]/button/span
Trying to find Element By : By.xpath: //span/form/div[3]/button/span
Found Element By : By.xpath: //span/form/div[3]/button/span
Trying to find Element By : By.xpath: //span/form/div[3]/button/span
Found Element By : By.xpath: //span/form/div[3]/button/span
06-09-2020 09:14:02 SeatsPageStepsDefinition.java INFO  [TestNG-tests-1] stepDefinitions.SeatsPageStepsDefinition 425 - Seate created Successfully 
Trying to find Element By : By.xpath: //span/form/div[2]/div[1]/div/span/div/div/div[1]/div/input
Found Element By : By.xpath: //span/form/div[2]/div[1]/div/span/div/div/div[1]/div/input
Trying to find Element By : By.xpath: //aside/header/div/button/span/i
Found Element By : By.xpath: //aside/header/div/button/span/i
Trying to click on: [[ChromeDriver: chrome on MAC (5ad78e7be7e541d14da3e226e2612270)] -> xpath: //aside/header/div/button/span/i]
Clicked on: [[ChromeDriver: chrome on MAC (5ad78e7be7e541d14da3e226e2612270)] -> xpath: //aside/header/div/button/span/i]
Trying to find Element By : By.xpath: //span[text()='Paused']
Found Element By : By.xpath: //span[text()='Paused']
06-09-2020 09:14:03 SeatsPageStepsDefinition.java INFO  [TestNG-tests-1] stepDefinitions.SeatsPageStepsDefinition 427 - Create seat page has been closed 
Trying to find Element By : By.xpath: //span[text()='Inactive']
Found Element By : By.xpath: //span[text()='Inactive']
Trying to find Element By : By.xpath: //h1[text()='Seats']
Found Element By : By.xpath: //h1[text()='Seats']
Trying to find Element By : By.xpath: //span[text()='Inactive']
Found Element By : By.xpath: //span[text()='Inactive']
Trying to find Element By : By.xpath: //span[text()='Inactive']
Found Element By : By.xpath: //span[text()='Inactive']
Trying to find Element By : By.xpath: //span[text()='Inactive']
Found Element By : By.xpath: //span[text()='Inactive']
Trying to click on: [[ChromeDriver: chrome on MAC (5ad78e7be7e541d14da3e226e2612270)] -> xpath: //span[text()='Inactive']]
Clicked on: [[ChromeDriver: chrome on MAC (5ad78e7be7e541d14da3e226e2612270)] -> xpath: //span[text()='Inactive']]
06-09-2020 09:14:04 SeatsPageStepsDefinition.java INFO  [TestNG-tests-1] stepDefinitions.SeatsPageStepsDefinition 533 - Click on Inactive tab
Trying to find Element By : By.xpath: //table/tbody/tr[1]/td[3]/span/a
Found Element By : By.xpath: //table/tbody/tr[1]/td[3]/span/a
Trying to find Element By : By.xpath: //table/tbody/tr[1]/td[3]/span/a
Found Element By : By.xpath: //table/tbody/tr[1]/td[3]/span/a
Trying to find Element By : By.xpath: //table/tbody/tr[1]/td[3]/span/a
Found Element By : By.xpath: //table/tbody/tr[1]/td[3]/span/a
Trying to find Element By : By.xpath: //table/tbody/tr[1]/td[3]/span/a
Found Element By : By.xpath: //table/tbody/tr[1]/td[3]/span/a
Trying to find Element By : By.xpath: //table/tbody/tr[1]/td[3]/span/a
Found Element By : By.xpath: //table/tbody/tr[1]/td[3]/span/a
Trying to find Element By : By.xpath: //table/tbody/tr[1]/td[3]/span/a
Found Element By : By.xpath: //table/tbody/tr[1]/td[3]/span/a
Trying to find Element By : By.xpath: //table/tbody/tr[1]/td[3]/span/a
Found Element By : By.xpath: //table/tbody/tr[1]/td[3]/span/a
Trying to find Element By : By.xpath: //table/tbody/tr[1]/td[3]/span/a
Found Element By : By.xpath: //table/tbody/tr[1]/td[3]/span/a
Trying to find Element By : By.xpath: //table/tbody/tr[1]/td[3]/span/a
Found Element By : By.xpath: //table/tbody/tr[1]/td[3]/span/a
Trying to find Element By : By.xpath: //table/tbody/tr[1]/td[3]/span/a
Found Element By : By.xpath: //table/tbody/tr[1]/td[3]/span/a
Trying to find Element By : By.xpath: //table/tbody/tr[1]/td[3]/span/a
Found Element By : By.xpath: //table/tbody/tr[1]/td[3]/span/a
Trying to find Element By : By.xpath: //table/tbody/tr[1]/td[3]/span/a
Found Element By : By.xpath: //table/tbody/tr[1]/td[3]/span/a
Trying to find Element By : By.xpath: //table/tbody/tr[1]/td[3]/span/a
Found Element By : By.xpath: //table/tbody/tr[1]/td[3]/span/a
Trying to find Element By : By.xpath: //table/tbody/tr[1]/td[3]/span/a
Found Element By : By.xpath: //table/tbody/tr[1]/td[3]/span/a
Trying to find Element By : By.xpath: //table/tbody/tr[1]/td[3]/span/a
Found Element By : By.xpath: //table/tbody/tr[1]/td[3]/span/a
Trying to find Element By : By.xpath: //table/tbody/tr[1]/td[3]/span/a
Found Element By : By.xpath: //table/tbody/tr[1]/td[3]/span/a
Trying to find Element By : By.xpath: //table/tbody/tr[1]/td[3]/span/a
Found Element By : By.xpath: //table/tbody/tr[1]/td[3]/span/a
Trying to find Element By : By.xpath: //table/tbody/tr[1]/td[3]/span/a
Found Element By : By.xpath: //table/tbody/tr[1]/td[3]/span/a
Trying to find Element By : By.xpath: //table/tbody/tr[1]/td[3]/span/a
Found Element By : By.xpath: //table/tbody/tr[1]/td[3]/span/a
Trying to find Element By : By.xpath: //table/tbody/tr[1]/td[3]/span/a
Found Element By : By.xpath: //table/tbody/tr[1]/td[3]/span/a
Trying to find Element By : By.xpath: //table/tbody/tr[1]/td[3]/span/a
Found Element By : By.xpath: //table/tbody/tr[1]/td[3]/span/a
Trying to find Element By : By.xpath: //table/tbody/tr[1]/td[3]/span/a
Found Element By : By.xpath: //table/tbody/tr[1]/td[3]/span/a
Trying to find Element By : By.xpath: //table/tbody/tr[1]/td[3]/span/a
Found Element By : By.xpath: //table/tbody/tr[1]/td[3]/span/a
Trying to find Element By : By.xpath: //table/tbody/tr[1]/td[3]/span/a
Found Element By : By.xpath: //table/tbody/tr[1]/td[3]/span/a
Trying to find Element By : By.xpath: //table/tbody/tr[1]/td[3]/span/a
Found Element By : By.xpath: //table/tbody/tr[1]/td[3]/span/a
Trying to find Element By : By.xpath: //table/tbody/tr[1]/td[3]/span/a
Found Element By : By.xpath: //table/tbody/tr[1]/td[3]/span/a
Trying to find Element By : By.xpath: //table/tbody/tr[1]/td[3]/span/a
Found Element By : By.xpath: //table/tbody/tr[1]/td[3]/span/a
Trying to find Element By : By.xpath: //table/tbody/tr[1]/td[3]/span/a
Found Element By : By.xpath: //table/tbody/tr[1]/td[3]/span/a
Trying to find Element By : By.xpath: //table/tbody/tr[1]/td[3]/span/a
Found Element By : By.xpath: //table/tbody/tr[1]/td[3]/span/a
Trying to find Element By : By.xpath: //table/tbody/tr[1]/td[3]/span/a
Found Element By : By.xpath: //table/tbody/tr[1]/td[3]/span/a
Trying to find Element By : By.xpath: //table/tbody/tr[1]/td[3]/span/a
Found Element By : By.xpath: //table/tbody/tr[1]/td[3]/span/a
Trying to find Element By : By.xpath: //table/tbody/tr[1]/td[3]/span/a
Found Element By : By.xpath: //table/tbody/tr[1]/td[3]/span/a
Trying to find Element By : By.xpath: //table/tbody/tr[1]/td[3]/span/a
Found Element By : By.xpath: //table/tbody/tr[1]/td[3]/span/a
Trying to find Element By : By.xpath: //table/tbody/tr[1]/td[3]/span/a
Found Element By : By.xpath: //table/tbody/tr[1]/td[3]/span/a
Trying to find Element By : By.xpath: //table/tbody/tr[1]/td[3]/span/a
Found Element By : By.xpath: //table/tbody/tr[1]/td[3]/span/a
Trying to find Element By : By.xpath: //table/tbody/tr[1]/td[3]/span/a
Found Element By : By.xpath: //table/tbody/tr[1]/td[3]/span/a
Trying to find Element By : By.xpath: //table/tbody/tr[1]/td[3]/span/a
Found Element By : By.xpath: //table/tbody/tr[1]/td[3]/span/a
Trying to find Element By : By.xpath: //table/tbody/tr[1]/td[3]/span/a
Found Element By : By.xpath: //table/tbody/tr[1]/td[3]/span/a
Trying to find Element By : By.xpath: //table/tbody/tr[1]/td[3]/span/a
Found Element By : By.xpath: //table/tbody/tr[1]/td[3]/span/a
Trying to find Element By : By.xpath: //table/tbody/tr[1]/td[3]/span/a
Found Element By : By.xpath: //table/tbody/tr[1]/td[3]/span/a
Trying to find Element By : By.xpath: //table/tbody/tr[1]/td[3]/span/a
Found Element By : By.xpath: //table/tbody/tr[1]/td[3]/span/a
Trying to find Element By : By.xpath: //table/tbody/tr[1]/td[3]/span/a
Found Element By : By.xpath: //table/tbody/tr[1]/td[3]/span/a
Trying to find Element By : By.xpath: //table/tbody/tr[1]/td[3]/span/a
Found Element By : By.xpath: //table/tbody/tr[1]/td[3]/span/a
Trying to find Element By : By.xpath: //table/tbody/tr[1]/td[3]/span/a
Found Element By : By.xpath: //table/tbody/tr[1]/td[3]/span/a
Trying to find Element By : By.xpath: //table/tbody/tr[1]/td[3]/span/a
Found Element By : By.xpath: //table/tbody/tr[1]/td[3]/span/a
Trying to find Element By : By.xpath: //table/tbody/tr[1]/td[3]/span/a
Found Element By : By.xpath: //table/tbody/tr[1]/td[3]/span/a
Trying to find Element By : By.xpath: //table/tbody/tr[1]/td[3]/span/a
Found Element By : By.xpath: //table/tbody/tr[1]/td[3]/span/a
Trying to find Element By : By.xpath: //table/tbody/tr[1]/td[3]/span/a
Found Element By : By.xpath: //table/tbody/tr[1]/td[3]/span/a
Trying to find Element By : By.xpath: //table/tbody/tr[1]/td[3]/span/a
Found Element By : By.xpath: //table/tbody/tr[1]/td[3]/span/a
Trying to find Element By : By.xpath: //table/tbody/tr[1]/td[3]/span/a
Found Element By : By.xpath: //table/tbody/tr[1]/td[3]/span/a
Trying to find Element By : By.xpath: //table/tbody/tr[1]/td[3]/span/a
Found Element By : By.xpath: //table/tbody/tr[1]/td[3]/span/a
Trying to find Element By : By.xpath: //table/tbody/tr[1]/td[3]/span/a
Found Element By : By.xpath: //table/tbody/tr[1]/td[3]/span/a
Trying to find Element By : By.xpath: //table/tbody/tr[1]/td[3]/span/a
Found Element By : By.xpath: //table/tbody/tr[1]/td[3]/span/a
Trying to find Element By : By.xpath: //table/tbody/tr[1]/td[3]/span/a
Found Element By : By.xpath: //table/tbody/tr[1]/td[3]/span/a
Trying to find Element By : By.xpath: //table/tbody/tr[1]/td[3]/span/a
Found Element By : By.xpath: //table/tbody/tr[1]/td[3]/span/a
Trying to find Element By : By.xpath: //table/tbody/tr[1]/td[3]/span/a
Found Element By : By.xpath: //table/tbody/tr[1]/td[3]/span/a
Trying to find Element By : By.xpath: //table/tbody/tr[1]/td[3]/span/a
Found Element By : By.xpath: //table/tbody/tr[1]/td[3]/span/a
Trying to find Element By : By.xpath: //table/tbody/tr[1]/td[3]/span/a
Found Element By : By.xpath: //table/tbody/tr[1]/td[3]/span/a
Trying to find Element By : By.xpath: //table/tbody/tr[1]/td[3]/span/a
Found Element By : By.xpath: //table/tbody/tr[1]/td[3]/span/a
Trying to find Element By : By.xpath: //table/tbody/tr[1]/td[3]/span/a
Found Element By : By.xpath: //table/tbody/tr[1]/td[3]/span/a
Trying to find Element By : By.xpath: //table/tbody/tr[1]/td[3]/span/a
Found Element By : By.xpath: //table/tbody/tr[1]/td[3]/span/a
Trying to find Element By : By.xpath: //table/tbody/tr[1]/td[3]/span/a
Found Element By : By.xpath: //table/tbody/tr[1]/td[3]/span/a
Trying to find Element By : By.xpath: //table/tbody/tr[1]/td[3]/span/a
Found Element By : By.xpath: //table/tbody/tr[1]/td[3]/span/a
Trying to find Element By : By.xpath: //table/tbody/tr[1]/td[3]/span/a
Found Element By : By.xpath: //table/tbody/tr[1]/td[3]/span/a
Trying to find Element By : By.xpath: //table/tbody/tr[1]/td[3]/span/a
Found Element By : By.xpath: //table/tbody/tr[1]/td[3]/span/a
Trying to find Element By : By.xpath: //table/tbody/tr[1]/td[3]/span/a
Found Element By : By.xpath: //table/tbody/tr[1]/td[3]/span/a
Trying to find Element By : By.xpath: //table/tbody/tr[1]/td[3]/span/a
Found Element By : By.xpath: //table/tbody/tr[1]/td[3]/span/a
Trying to find Element By : By.xpath: //table/tbody/tr[1]/td[3]/span/a
Found Element By : By.xpath: //table/tbody/tr[1]/td[3]/span/a
Trying to find Element By : By.xpath: //table/tbody/tr[1]/td[3]/span/a
Found Element By : By.xpath: //table/tbody/tr[1]/td[3]/span/a
Trying to find Element By : By.xpath: //table/tbody/tr[1]/td[3]/span/a
Found Element By : By.xpath: //table/tbody/tr[1]/td[3]/span/a
Trying to find Element By : By.xpath: //table/tbody/tr[1]/td[3]/span/a
Found Element By : By.xpath: //table/tbody/tr[1]/td[3]/span/a
Trying to find Element By : By.xpath: //table/tbody/tr[1]/td[3]/span/a
Found Element By : By.xpath: //table/tbody/tr[1]/td[3]/span/a
Trying to find Element By : By.xpath: //table/tbody/tr[1]/td[3]/span/a
Found Element By : By.xpath: //table/tbody/tr[1]/td[3]/span/a
Trying to find Element By : By.xpath: //table/tbody/tr[1]/td[3]/span/a
Found Element By : By.xpath: //table/tbody/tr[1]/td[3]/span/a
Trying to find Element By : By.xpath: //table/tbody/tr[1]/td[3]/span/a
Found Element By : By.xpath: //table/tbody/tr[1]/td[3]/span/a
Trying to find Element By : By.xpath: //table/tbody/tr[1]/td[3]/span/a
Found Element By : By.xpath: //table/tbody/tr[1]/td[3]/span/a
Trying to find Element By : By.xpath: //table/tbody/tr[1]/td[3]/span/a
Found Element By : By.xpath: //table/tbody/tr[1]/td[3]/span/a
Trying to find Element By : By.xpath: //table/tbody/tr[1]/td[3]/span/a
Found Element By : By.xpath: //table/tbody/tr[1]/td[3]/span/a
Trying to find Element By : By.xpath: //table/tbody/tr[1]/td[3]/span/a
Found Element By : By.xpath: //table/tbody/tr[1]/td[3]/span/a
Trying to find Element By : By.xpath: //table/tbody/tr[1]/td[3]/span/a
Found Element By : By.xpath: //table/tbody/tr[1]/td[3]/span/a
Trying to find Element By : By.xpath: //table/tbody/tr[1]/td[3]/span/a
Found Element By : By.xpath: //table/tbody/tr[1]/td[3]/span/a
Trying to find Element By : By.xpath: //table/tbody/tr[1]/td[3]/span/a
Found Element By : By.xpath: //table/tbody/tr[1]/td[3]/span/a
Trying to find Element By : By.xpath: //table/tbody/tr[1]/td[3]/span/a
Found Element By : By.xpath: //table/tbody/tr[1]/td[3]/span/a
Trying to find Element By : By.xpath: //table/tbody/tr[1]/td[3]/span/a
Found Element By : By.xpath: //table/tbody/tr[1]/td[3]/span/a
Trying to find Element By : By.xpath: //table/tbody/tr[1]/td[3]/span/a
Found Element By : By.xpath: //table/tbody/tr[1]/td[3]/span/a
Trying to find Element By : By.xpath: //table/tbody/tr[1]/td[3]/span/a
Found Element By : By.xpath: //table/tbody/tr[1]/td[3]/span/a
Trying to find Element By : By.xpath: //table/tbody/tr[1]/td[3]/span/a
Found Element By : By.xpath: //table/tbody/tr[1]/td[3]/span/a
Trying to find Element By : By.xpath: //table/tbody/tr[1]/td[3]/span/a
Found Element By : By.xpath: //table/tbody/tr[1]/td[3]/span/a
Trying to find Element By : By.xpath: //table/tbody/tr[1]/td[3]/span/a
Found Element By : By.xpath: //table/tbody/tr[1]/td[3]/span/a
Trying to find Element By : By.xpath: //table/tbody/tr[1]/td[3]/span/a
Found Element By : By.xpath: //table/tbody/tr[1]/td[3]/span/a
Trying to find Element By : By.xpath: //table/tbody/tr[1]/td[3]/span/a
Found Element By : By.xpath: //table/tbody/tr[1]/td[3]/span/a
Trying to find Element By : By.xpath: //table/tbody/tr[1]/td[3]/span/a
Found Element By : By.xpath: //table/tbody/tr[1]/td[3]/span/a
Trying to find Element By : By.xpath: //table/tbody/tr[1]/td[3]/span/a
Found Element By : By.xpath: //table/tbody/tr[1]/td[3]/span/a
Trying to find Element By : By.xpath: //table/tbody/tr[1]/td[3]/span/a
Found Element By : By.xpath: //table/tbody/tr[1]/td[3]/span/a
Trying to find Element By : By.xpath: //table/tbody/tr[1]/td[3]/span/a
Found Element By : By.xpath: //table/tbody/tr[1]/td[3]/span/a
Trying to find Element By : By.xpath: //table/tbody/tr[1]/td[3]/span/a
Found Element By : By.xpath: //table/tbody/tr[1]/td[3]/span/a
Trying to find Element By : By.xpath: //table/tbody/tr[1]/td[3]/span/a
Found Element By : By.xpath: //table/tbody/tr[1]/td[3]/span/a
Trying to find Element By : By.xpath: //table/tbody/tr[1]/td[3]/span/a
Found Element By : By.xpath: //table/tbody/tr[1]/td[3]/span/a
Trying to find Element By : By.xpath: //table/tbody/tr[1]/td[3]/span/a
Found Element By : By.xpath: //table/tbody/tr[1]/td[3]/span/a
Trying to find Element By : By.xpath: //table/tbody/tr[1]/td[3]/span/a
Found Element By : By.xpath: //table/tbody/tr[1]/td[3]/span/a
Trying to find Element By : By.xpath: //table/tbody/tr[1]/td[3]/span/a
Found Element By : By.xpath: //table/tbody/tr[1]/td[3]/span/a
Trying to find Element By : By.xpath: //table/tbody/tr[1]/td[3]/span/a
Found Element By : By.xpath: //table/tbody/tr[1]/td[3]/span/a
Trying to find Element By : By.xpath: //table/tbody/tr[1]/td[3]/span/a
Found Element By : By.xpath: //table/tbody/tr[1]/td[3]/span/a
Trying to find Element By : By.xpath: //table/tbody/tr[1]/td[3]/span/a
Found Element By : By.xpath: //table/tbody/tr[1]/td[3]/span/a
Trying to find Element By : By.xpath: //table/tbody/tr[1]/td[3]/span/a
Found Element By : By.xpath: //table/tbody/tr[1]/td[3]/span/a
Trying to find Element By : By.xpath: //table/tbody/tr[1]/td[3]/span/a
Found Element By : By.xpath: //table/tbody/tr[1]/td[3]/span/a
Trying to find Element By : By.xpath: //table/tbody/tr[1]/td[3]/span/a
Found Element By : By.xpath: //table/tbody/tr[1]/td[3]/span/a
Trying to find Element By : By.xpath: //table/tbody/tr[1]/td[3]/span/a
Found Element By : By.xpath: //table/tbody/tr[1]/td[3]/span/a
Trying to find Element By : By.xpath: //table/tbody/tr[1]/td[3]/span/a
Found Element By : By.xpath: //table/tbody/tr[1]/td[3]/span/a
Trying to find Element By : By.xpath: //table/tbody/tr[1]/td[3]/span/a
Found Element By : By.xpath: //table/tbody/tr[1]/td[3]/span/a
Trying to find Element By : By.xpath: //table/tbody/tr[1]/td[3]/span/a
Found Element By : By.xpath: //table/tbody/tr[1]/td[3]/span/a
Trying to find Element By : By.xpath: //table/tbody/tr[1]/td[3]/span/a
Found Element By : By.xpath: //table/tbody/tr[1]/td[3]/span/a
Trying to find Element By : By.xpath: //table/tbody/tr[1]/td[3]/span/a
Found Element By : By.xpath: //table/tbody/tr[1]/td[3]/span/a
Trying to find Element By : By.xpath: //table/tbody/tr[1]/td[3]/span/a
Found Element By : By.xpath: //table/tbody/tr[1]/td[3]/span/a
Trying to find Element By : By.xpath: //table/tbody/tr[1]/td[3]/span/a
Found Element By : By.xpath: //table/tbody/tr[1]/td[3]/span/a
Trying to find Element By : By.xpath: //table/tbody/tr[1]/td[3]/span/a
Found Element By : By.xpath: //table/tbody/tr[1]/td[3]/span/a
Trying to find Element By : By.xpath: //table/tbody/tr[1]/td[3]/span/a
Found Element By : By.xpath: //table/tbody/tr[1]/td[3]/span/a
Trying to find Element By : By.xpath: //table/tbody/tr[1]/td[3]/span/a
Found Element By : By.xpath: //table/tbody/tr[1]/td[3]/span/a
Trying to find Element By : By.xpath: //table/tbody/tr[1]/td[3]/span/a
Found Element By : By.xpath: //table/tbody/tr[1]/td[3]/span/a
Trying to find Element By : By.xpath: //table/tbody/tr[1]/td[3]/span/a
Found Element By : By.xpath: //table/tbody/tr[1]/td[3]/span/a
Trying to find Element By : By.xpath: //table/tbody/tr[1]/td[3]/span/a
Found Element By : By.xpath: //table/tbody/tr[1]/td[3]/span/a
Trying to find Element By : By.xpath: //table/tbody/tr[1]/td[3]/span/a
Found Element By : By.xpath: //table/tbody/tr[1]/td[3]/span/a
Trying to find Element By : By.xpath: //table/tbody/tr[1]/td[3]/span/a
Found Element By : By.xpath: //table/tbody/tr[1]/td[3]/span/a
Trying to find Element By : By.xpath: //table/tbody/tr[1]/td[3]/span/a
Found Element By : By.xpath: //table/tbody/tr[1]/td[3]/span/a
Trying to find Element By : By.xpath: //table/tbody/tr[1]/td[3]/span/a
Found Element By : By.xpath: //table/tbody/tr[1]/td[3]/span/a
Trying to find Element By : By.xpath: //table/tbody/tr[1]/td[3]/span/a
Found Element By : By.xpath: //table/tbody/tr[1]/td[3]/span/a
Trying to find Element By : By.xpath: //table/tbody/tr[1]/td[3]/span/a
Found Element By : By.xpath: //table/tbody/tr[1]/td[3]/span/a
Trying to find Element By : By.xpath: //table/tbody/tr[1]/td[3]/span/a
Found Element By : By.xpath: //table/tbody/tr[1]/td[3]/span/a
Trying to find Element By : By.xpath: //table/tbody/tr[1]/td[3]/span/a
Found Element By : By.xpath: //table/tbody/tr[1]/td[3]/span/a
Trying to find Element By : By.xpath: //table/tbody/tr[1]/td[3]/span/a
Found Element By : By.xpath: //table/tbody/tr[1]/td[3]/span/a
Trying to find Element By : By.xpath: //table/tbody/tr[1]/td[3]/span/a
Found Element By : By.xpath: //table/tbody/tr[1]/td[3]/span/a
Trying to find Element By : By.xpath: //table/tbody/tr[1]/td[3]/span/a
Found Element By : By.xpath: //table/tbody/tr[1]/td[3]/span/a
Trying to find Element By : By.xpath: //table/tbody/tr[1]/td[3]/span/a
Found Element By : By.xpath: //table/tbody/tr[1]/td[3]/span/a
Trying to find Element By : By.xpath: //table/tbody/tr[1]/td[3]/span/a
Found Element By : By.xpath: //table/tbody/tr[1]/td[3]/span/a
Trying to find Element By : By.xpath: //table/tbody/tr[1]/td[3]/span/a
Found Element By : By.xpath: //table/tbody/tr[1]/td[3]/span/a
Trying to find Element By : By.xpath: //table/tbody/tr[1]/td[3]/span/a
Found Element By : By.xpath: //table/tbody/tr[1]/td[3]/span/a
Trying to find Element By : By.xpath: //table/tbody/tr[1]/td[3]/span/a
Found Element By : By.xpath: //table/tbody/tr[1]/td[3]/span/a
Trying to find Element By : By.xpath: //table/tbody/tr[1]/td[3]/span/a
Found Element By : By.xpath: //table/tbody/tr[1]/td[3]/span/a
Trying to find Element By : By.xpath: //table/tbody/tr[1]/td[3]/span/a
Found Element By : By.xpath: //table/tbody/tr[1]/td[3]/span/a
Trying to find Element By : By.xpath: //table/tbody/tr[1]/td[3]/span/a
Found Element By : By.xpath: //table/tbody/tr[1]/td[3]/span/a
Trying to find Element By : By.xpath: //table/tbody/tr[1]/td[3]/span/a
Found Element By : By.xpath: //table/tbody/tr[1]/td[3]/span/a
Trying to find Element By : By.xpath: //table/tbody/tr[1]/td[3]/span/a
Found Element By : By.xpath: //table/tbody/tr[1]/td[3]/span/a
Trying to find Element By : By.xpath: //table/tbody/tr[1]/td[3]/span/a
Found Element By : By.xpath: //table/tbody/tr[1]/td[3]/span/a
Trying to find Element By : By.xpath: //table/tbody/tr[1]/td[3]/span/a
Found Element By : By.xpath: //table/tbody/tr[1]/td[3]/span/a
Trying to find Element By : By.xpath: //table/tbody/tr[1]/td[3]/span/a
Found Element By : By.xpath: //table/tbody/tr[1]/td[3]/span/a
Trying to find Element By : By.xpath: //table/tbody/tr[1]/td[3]/span/a
Found Element By : By.xpath: //table/tbody/tr[1]/td[3]/span/a
Trying to find Element By : By.xpath: //table/tbody/tr[1]/td[3]/span/a
Found Element By : By.xpath: //table/tbody/tr[1]/td[3]/span/a
Trying to find Element By : By.xpath: //table/tbody/tr[1]/td[3]/span/a
Found Element By : By.xpath: //table/tbody/tr[1]/td[3]/span/a
Trying to find Element By : By.xpath: //table/tbody/tr[1]/td[3]/span/a
Found Element By : By.xpath: //table/tbody/tr[1]/td[3]/span/a
Trying to find Element By : By.xpath: //table/tbody/tr[1]/td[3]/span/a
Found Element By : By.xpath: //table/tbody/tr[1]/td[3]/span/a
Trying to find Element By : By.xpath: //table/tbody/tr[1]/td[3]/span/a
Found Element By : By.xpath: //table/tbody/tr[1]/td[3]/span/a
Trying to find Element By : By.xpath: //table/tbody/tr[1]/td[3]/span/a
Found Element By : By.xpath: //table/tbody/tr[1]/td[3]/span/a
Trying to find Element By : By.xpath: //table/tbody/tr[1]/td[3]/span/a
Found Element By : By.xpath: //table/tbody/tr[1]/td[3]/span/a
Trying to find Element By : By.xpath: //table/tbody/tr[1]/td[3]/span/a
Found Element By : By.xpath: //table/tbody/tr[1]/td[3]/span/a
Trying to find Element By : By.xpath: //table/tbody/tr[1]/td[3]/span/a
Found Element By : By.xpath: //table/tbody/tr[1]/td[3]/span/a
Trying to find Element By : By.xpath: //table/tbody/tr[1]/td[3]/span/a
Found Element By : By.xpath: //table/tbody/tr[1]/td[3]/span/a
Trying to find Element By : By.xpath: //table/tbody/tr[1]/td[3]/span/a
Found Element By : By.xpath: //table/tbody/tr[1]/td[3]/span/a
Trying to find Element By : By.xpath: //table/tbody/tr[1]/td[3]/span/a
Found Element By : By.xpath: //table/tbody/tr[1]/td[3]/span/a
Trying to find Element By : By.xpath: //table/tbody/tr[1]/td[3]/span/a
Found Element By : By.xpath: //table/tbody/tr[1]/td[3]/span/a
Trying to find Element By : By.xpath: //table/tbody/tr[1]/td[3]/span/a
Found Element By : By.xpath: //table/tbody/tr[1]/td[3]/span/a
Trying to find Element By : By.xpath: //table/tbody/tr[1]/td[3]/span/a
Found Element By : By.xpath: //table/tbody/tr[1]/td[3]/span/a
Trying to find Element By : By.xpath: //table/tbody/tr[1]/td[3]/span/a
Found Element By : By.xpath: //table/tbody/tr[1]/td[3]/span/a
Trying to find Element By : By.xpath: //table/tbody/tr[1]/td[3]/span/a
Found Element By : By.xpath: //table/tbody/tr[1]/td[3]/span/a
Trying to find Element By : By.xpath: //table/tbody/tr[1]/td[3]/span/a
Found Element By : By.xpath: //table/tbody/tr[1]/td[3]/span/a
Trying to find Element By : By.xpath: //table/tbody/tr[1]/td[3]/span/a
Found Element By : By.xpath: //table/tbody/tr[1]/td[3]/span/a
Trying to find Element By : By.xpath: //table/tbody/tr[1]/td[3]/span/a
Found Element By : By.xpath: //table/tbody/tr[1]/td[3]/span/a
Trying to find Element By : By.xpath: //table/tbody/tr[1]/td[3]/span/a
Found Element By : By.xpath: //table/tbody/tr[1]/td[3]/span/a
Trying to find Element By : By.xpath: //table/tbody/tr[1]/td[3]/span/a
Found Element By : By.xpath: //table/tbody/tr[1]/td[3]/span/a
Trying to find Element By : By.xpath: //table/tbody/tr[1]/td[3]/span/a
Found Element By : By.xpath: //table/tbody/tr[1]/td[3]/span/a
Trying to find Element By : By.xpath: //table/tbody/tr[1]/td[3]/span/a
Found Element By : By.xpath: //table/tbody/tr[1]/td[3]/span/a
Trying to find Element By : By.xpath: //table/tbody/tr[1]/td[3]/span/a
Found Element By : By.xpath: //table/tbody/tr[1]/td[3]/span/a
Trying to find Element By : By.xpath: //table/tbody/tr[1]/td[3]/span/a
Found Element By : By.xpath: //table/tbody/tr[1]/td[3]/span/a
Trying to find Element By : By.xpath: //table/tbody/tr[1]/td[3]/span/a
Found Element By : By.xpath: //table/tbody/tr[1]/td[3]/span/a
Trying to find Element By : By.xpath: //table/tbody/tr[1]/td[3]/span/a
Found Element By : By.xpath: //table/tbody/tr[1]/td[3]/span/a
Trying to find Element By : By.xpath: //table/tbody/tr[1]/td[3]/span/a
Found Element By : By.xpath: //table/tbody/tr[1]/td[3]/span/a
Trying to find Element By : By.xpath: //table/tbody/tr[1]/td[3]/span/a
Found Element By : By.xpath: //table/tbody/tr[1]/td[3]/span/a
Trying to find Element By : By.xpath: //table/tbody/tr[1]/td[3]/span/a
Found Element By : By.xpath: //table/tbody/tr[1]/td[3]/span/a
Trying to find Element By : By.xpath: //table/tbody/tr[1]/td[3]/span/a
Found Element By : By.xpath: //table/tbody/tr[1]/td[3]/span/a
Trying to find Element By : By.xpath: //table/tbody/tr[1]/td[3]/span/a
Found Element By : By.xpath: //table/tbody/tr[1]/td[3]/span/a
Trying to find Element By : By.xpath: //table/tbody/tr[1]/td[3]/span/a
Found Element By : By.xpath: //table/tbody/tr[1]/td[3]/span/a
Trying to find Element By : By.xpath: //table/tbody/tr[1]/td[3]/span/a
Found Element By : By.xpath: //table/tbody/tr[1]/td[3]/span/a
Trying to find Element By : By.xpath: //table/tbody/tr[1]/td[3]/span/a
Found Element By : By.xpath: //table/tbody/tr[1]/td[3]/span/a
Trying to find Element By : By.xpath: //table/tbody/tr[1]/td[3]/span/a
Found Element By : By.xpath: //table/tbody/tr[1]/td[3]/span/a
Trying to find Element By : By.xpath: //table/tbody/tr[1]/td[3]/span/a
Found Element By : By.xpath: //table/tbody/tr[1]/td[3]/span/a
Trying to find Element By : By.xpath: //table/tbody/tr[1]/td[3]/span/a
Found Element By : By.xpath: //table/tbody/tr[1]/td[3]/span/a
Trying to find Element By : By.xpath: //table/tbody/tr[1]/td[3]/span/a
Found Element By : By.xpath: //table/tbody/tr[1]/td[3]/span/a
Trying to find Element By : By.xpath: //table/tbody/tr[1]/td[3]/span/a
Found Element By : By.xpath: //table/tbody/tr[1]/td[3]/span/a
Trying to find Element By : By.xpath: //table/tbody/tr[1]/td[3]/span/a
Found Element By : By.xpath: //table/tbody/tr[1]/td[3]/span/a
Trying to find Element By : By.xpath: //table/tbody/tr[1]/td[3]/span/a
Found Element By : By.xpath: //table/tbody/tr[1]/td[3]/span/a
Trying to find Element By : By.xpath: //table/tbody/tr[1]/td[3]/span/a
Found Element By : By.xpath: //table/tbody/tr[1]/td[3]/span/a
Trying to find Element By : By.xpath: //table/tbody/tr[1]/td[3]/span/a
Found Element By : By.xpath: //table/tbody/tr[1]/td[3]/span/a
Trying to find Element By : By.xpath: //table/tbody/tr[1]/td[3]/span/a
Found Element By : By.xpath: //table/tbody/tr[1]/td[3]/span/a
Trying to find Element By : By.xpath: //table/tbody/tr[1]/td[3]/span/a
Found Element By : By.xpath: //table/tbody/tr[1]/td[3]/span/a
Trying to find Element By : By.xpath: //table/tbody/tr[1]/td[3]/span/a
Found Element By : By.xpath: //table/tbody/tr[1]/td[3]/span/a
Trying to find Element By : By.xpath: //table/tbody/tr[1]/td[3]/span/a
Found Element By : By.xpath: //table/tbody/tr[1]/td[3]/span/a
Trying to find Element By : By.xpath: //table/tbody/tr[1]/td[3]/span/a
Found Element By : By.xpath: //table/tbody/tr[1]/td[3]/span/a
Trying to find Element By : By.xpath: //table/tbody/tr[1]/td[3]/span/a
Found Element By : By.xpath: //table/tbody/tr[1]/td[3]/span/a
Trying to find Element By : By.xpath: //table/tbody/tr[1]/td[3]/span/a
Found Element By : By.xpath: //table/tbody/tr[1]/td[3]/span/a
Trying to find Element By : By.xpath: //table/tbody/tr[1]/td[3]/span/a
Found Element By : By.xpath: //table/tbody/tr[1]/td[3]/span/a
Trying to find Element By : By.xpath: //table/tbody/tr[1]/td[3]/span/a
Found Element By : By.xpath: //table/tbody/tr[1]/td[3]/span/a
Trying to find Element By : By.xpath: //table/tbody/tr[1]/td[3]/span/a
Found Element By : By.xpath: //table/tbody/tr[1]/td[3]/span/a
Trying to find Element By : By.xpath: //table/tbody/tr[1]/td[3]/span/a
Found Element By : By.xpath: //table/tbody/tr[1]/td[3]/span/a
Trying to find Element By : By.xpath: //table/tbody/tr[1]/td[3]/span/a
Found Element By : By.xpath: //table/tbody/tr[1]/td[3]/span/a
Trying to find Element By : By.xpath: //table/tbody/tr[1]/td[3]/span/a
Found Element By : By.xpath: //table/tbody/tr[1]/td[3]/span/a
Trying to find Element By : By.xpath: //table/tbody/tr[1]/td[3]/span/a
Found Element By : By.xpath: //table/tbody/tr[1]/td[3]/span/a
Trying to find Element By : By.xpath: //table/tbody/tr[1]/td[3]/span/a
Found Element By : By.xpath: //table/tbody/tr[1]/td[3]/span/a
Trying to find Element By : By.xpath: //table/tbody/tr[1]/td[3]/span/a
Found Element By : By.xpath: //table/tbody/tr[1]/td[3]/span/a
Trying to find Element By : By.xpath: //table/tbody/tr[1]/td[3]/span/a
Found Element By : By.xpath: //table/tbody/tr[1]/td[3]/span/a
Trying to find Element By : By.xpath: //table/tbody/tr[1]/td[3]/span/a
Found Element By : By.xpath: //table/tbody/tr[1]/td[3]/span/a
Trying to find Element By : By.xpath: //table/tbody/tr[1]/td[3]/span/a
Found Element By : By.xpath: //table/tbody/tr[1]/td[3]/span/a
Trying to find Element By : By.xpath: //table/tbody/tr[1]/td[3]/span/a
Found Element By : By.xpath: //table/tbody/tr[1]/td[3]/span/a
Trying to find Element By : By.xpath: //table/tbody/tr[1]/td[3]/span/a
Found Element By : By.xpath: //table/tbody/tr[1]/td[3]/span/a
Trying to find Element By : By.xpath: //table/tbody/tr[1]/td[3]/span/a
Found Element By : By.xpath: //table/tbody/tr[1]/td[3]/span/a
Trying to find Element By : By.xpath: //table/tbody/tr[1]/td[3]/span/a
Found Element By : By.xpath: //table/tbody/tr[1]/td[3]/span/a
Trying to find Element By : By.xpath: //table/tbody/tr[1]/td[3]/span/a
Found Element By : By.xpath: //table/tbody/tr[1]/td[3]/span/a
Trying to find Element By : By.xpath: //table/tbody/tr[1]/td[3]/span/a
Found Element By : By.xpath: //table/tbody/tr[1]/td[3]/span/a
Trying to find Element By : By.xpath: //table/tbody/tr[1]/td[3]/span/a
Found Element By : By.xpath: //table/tbody/tr[1]/td[3]/span/a
Trying to find Element By : By.xpath: //table/tbody/tr[1]/td[3]/span/a
Found Element By : By.xpath: //table/tbody/tr[1]/td[3]/span/a
Trying to find Element By : By.xpath: //table/tbody/tr[1]/td[3]/span/a
Found Element By : By.xpath: //table/tbody/tr[1]/td[3]/span/a
Trying to find Element By : By.xpath: //table/tbody/tr[1]/td[3]/span/a
Found Element By : By.xpath: //table/tbody/tr[1]/td[3]/span/a
Trying to find Element By : By.xpath: //table/tbody/tr[1]/td[3]/span/a
Found Element By : By.xpath: //table/tbody/tr[1]/td[3]/span/a
Trying to find Element By : By.xpath: //table/tbody/tr[1]/td[3]/span/a
Found Element By : By.xpath: //table/tbody/tr[1]/td[3]/span/a
Trying to find Element By : By.xpath: //table/tbody/tr[1]/td[3]/span/a
Found Element By : By.xpath: //table/tbody/tr[1]/td[3]/span/a
Trying to find Element By : By.xpath: //table/tbody/tr[1]/td[3]/span/a
Found Element By : By.xpath: //table/tbody/tr[1]/td[3]/span/a
Trying to find Element By : By.xpath: //table/tbody/tr[1]/td[3]/span/a
Found Element By : By.xpath: //table/tbody/tr[1]/td[3]/span/a
Trying to find Element By : By.xpath: //table/tbody/tr[1]/td[3]/span/a
Found Element By : By.xpath: //table/tbody/tr[1]/td[3]/span/a
Trying to find Element By : By.xpath: //table/tbody/tr[1]/td[3]/span/a
Found Element By : By.xpath: //table/tbody/tr[1]/td[3]/span/a
Trying to find Element By : By.xpath: //table/tbody/tr[1]/td[3]/span/a
Found Element By : By.xpath: //table/tbody/tr[1]/td[3]/span/a
Trying to find Element By : By.xpath: //table/tbody/tr[1]/td[3]/span/a
Found Element By : By.xpath: //table/tbody/tr[1]/td[3]/span/a
Trying to find Element By : By.xpath: //table/tbody/tr[1]/td[3]/span/a
Found Element By : By.xpath: //table/tbody/tr[1]/td[3]/span/a
Trying to find Element By : By.xpath: //table/tbody/tr[1]/td[3]/span/a
Found Element By : By.xpath: //table/tbody/tr[1]/td[3]/span/a
Trying to find Element By : By.xpath: //table/tbody/tr[1]/td[3]/span/a
Found Element By : By.xpath: //table/tbody/tr[1]/td[3]/span/a
Trying to find Element By : By.xpath: //table/tbody/tr[1]/td[3]/span/a
Found Element By : By.xpath: //table/tbody/tr[1]/td[3]/span/a
Trying to find Element By : By.xpath: //table/tbody/tr[1]/td[3]/span/a
Found Element By : By.xpath: //table/tbody/tr[1]/td[3]/span/a
Trying to find Element By : By.xpath: //table/tbody/tr[1]/td[3]/span/a
Found Element By : By.xpath: //table/tbody/tr[1]/td[3]/span/a
Trying to find Element By : By.xpath: //table/tbody/tr[1]/td[3]/span/a
Found Element By : By.xpath: //table/tbody/tr[1]/td[3]/span/a
Trying to find Element By : By.xpath: //table/tbody/tr[1]/td[3]/span/a
Found Element By : By.xpath: //table/tbody/tr[1]/td[3]/span/a
Trying to find Element By : By.xpath: //table/tbody/tr[1]/td[3]/span/a
Found Element By : By.xpath: //table/tbody/tr[1]/td[3]/span/a
Trying to find Element By : By.xpath: //table/tbody/tr[1]/td[3]/span/a
Found Element By : By.xpath: //table/tbody/tr[1]/td[3]/span/a
Trying to find Element By : By.xpath: //table/tbody/tr[1]/td[3]/span/a
Found Element By : By.xpath: //table/tbody/tr[1]/td[3]/span/a
Trying to find Element By : By.xpath: //table/tbody/tr[1]/td[3]/span/a
Found Element By : By.xpath: //table/tbody/tr[1]/td[3]/span/a
Trying to find Element By : By.xpath: //table/tbody/tr[1]/td[3]/span/a
Found Element By : By.xpath: //table/tbody/tr[1]/td[3]/span/a
Trying to find Element By : By.xpath: //table/tbody/tr[1]/td[3]/span/a
Found Element By : By.xpath: //table/tbody/tr[1]/td[3]/span/a
Trying to find Element By : By.xpath: //table/tbody/tr[1]/td[3]/span/a
Found Element By : By.xpath: //table/tbody/tr[1]/td[3]/span/a
Trying to find Element By : By.xpath: //table/tbody/tr[1]/td[3]/span/a
Found Element By : By.xpath: //table/tbody/tr[1]/td[3]/span/a
Trying to find Element By : By.xpath: //table/tbody/tr[1]/td[3]/span/a
Found Element By : By.xpath: //table/tbody/tr[1]/td[3]/span/a
Trying to find Element By : By.xpath: //table/tbody/tr[1]/td[3]/span/a
Found Element By : By.xpath: //table/tbody/tr[1]/td[3]/span/a
Trying to find Element By : By.xpath: //table/tbody/tr[1]/td[3]/span/a
Found Element By : By.xpath: //table/tbody/tr[1]/td[3]/span/a
Trying to find Element By : By.xpath: //table/tbody/tr[1]/td[3]/span/a
Found Element By : By.xpath: //table/tbody/tr[1]/td[3]/span/a
Trying to find Element By : By.xpath: //table/tbody/tr[1]/td[3]/span/a
Found Element By : By.xpath: //table/tbody/tr[1]/td[3]/span/a
Trying to find Element By : By.xpath: //table/tbody/tr[1]/td[3]/span/a
Found Element By : By.xpath: //table/tbody/tr[1]/td[3]/span/a
Trying to find Element By : By.xpath: //table/tbody/tr[1]/td[3]/span/a
Found Element By : By.xpath: //table/tbody/tr[1]/td[3]/span/a
Trying to find Element By : By.xpath: //table/tbody/tr[1]/td[3]/span/a
Found Element By : By.xpath: //table/tbody/tr[1]/td[3]/span/a
Trying to find Element By : By.xpath: //table/tbody/tr[1]/td[3]/span/a
Found Element By : By.xpath: //table/tbody/tr[1]/td[3]/span/a
Trying to find Element By : By.xpath: //table/tbody/tr[1]/td[3]/span/a
Found Element By : By.xpath: //table/tbody/tr[1]/td[3]/span/a
Trying to find Element By : By.xpath: //table/tbody/tr[1]/td[3]/span/a
Found Element By : By.xpath: //table/tbody/tr[1]/td[3]/span/a
Trying to find Element By : By.xpath: //table/tbody/tr[1]/td[3]/span/a
Found Element By : By.xpath: //table/tbody/tr[1]/td[3]/span/a
Trying to find Element By : By.xpath: //table/tbody/tr[1]/td[3]/span/a
Found Element By : By.xpath: //table/tbody/tr[1]/td[3]/span/a
Trying to find Element By : By.xpath: //table/tbody/tr[1]/td[3]/span/a
Found Element By : By.xpath: //table/tbody/tr[1]/td[3]/span/a
Trying to find Element By : By.xpath: //table/tbody/tr[1]/td[3]/span/a
Found Element By : By.xpath: //table/tbody/tr[1]/td[3]/span/a
Trying to find Element By : By.xpath: //table/tbody/tr[1]/td[3]/span/a
Found Element By : By.xpath: //table/tbody/tr[1]/td[3]/span/a
Trying to find Element By : By.xpath: //table/tbody/tr[1]/td[3]/span/a
Found Element By : By.xpath: //table/tbody/tr[1]/td[3]/span/a
Trying to find Element By : By.xpath: //table/tbody/tr[1]/td[3]/span/a
Found Element By : By.xpath: //table/tbody/tr[1]/td[3]/span/a
Trying to find Element By : By.xpath: //table/tbody/tr[1]/td[3]/span/a
Found Element By : By.xpath: //table/tbody/tr[1]/td[3]/span/a
Trying to find Element By : By.xpath: //table/tbody/tr[1]/td[3]/span/a
Found Element By : By.xpath: //table/tbody/tr[1]/td[3]/span/a
Trying to find Element By : By.xpath: //table/tbody/tr[1]/td[3]/span/a
Found Element By : By.xpath: //table/tbody/tr[1]/td[3]/span/a
Trying to find Element By : By.xpath: //table/tbody/tr[1]/td[3]/span/a
Found Element By : By.xpath: //table/tbody/tr[1]/td[3]/span/a
Trying to find Element By : By.xpath: //table/tbody/tr[1]/td[3]/span/a
Found Element By : By.xpath: //table/tbody/tr[1]/td[3]/span/a
Trying to find Element By : By.xpath: //table/tbody/tr[1]/td[3]/span/a
Found Element By : By.xpath: //table/tbody/tr[1]/td[3]/span/a
Trying to find Element By : By.xpath: //table/tbody/tr[1]/td[3]/span/a
Found Element By : By.xpath: //table/tbody/tr[1]/td[3]/span/a
Trying to find Element By : By.xpath: //table/tbody/tr[1]/td[3]/span/a
Found Element By : By.xpath: //table/tbody/tr[1]/td[3]/span/a
Trying to find Element By : By.xpath: //table/tbody/tr[1]/td[3]/span/a
Found Element By : By.xpath: //table/tbody/tr[1]/td[3]/span/a
Trying to find Element By : By.xpath: //table/tbody/tr[1]/td[3]/span/a
Found Element By : By.xpath: //table/tbody/tr[1]/td[3]/span/a
Trying to find Element By : By.xpath: //table/tbody/tr[1]/td[3]/span/a
Found Element By : By.xpath: //table/tbody/tr[1]/td[3]/span/a
Trying to find Element By : By.xpath: //table/tbody/tr[1]/td[3]/span/a
Found Element By : By.xpath: //table/tbody/tr[1]/td[3]/span/a
Trying to find Element By : By.xpath: //table/tbody/tr[1]/td[3]/span/a
Found Element By : By.xpath: //table/tbody/tr[1]/td[3]/span/a
Trying to find Element By : By.xpath: //table/tbody/tr[1]/td[3]/span/a
Found Element By : By.xpath: //table/tbody/tr[1]/td[3]/span/a
Trying to find Element By : By.xpath: //table/tbody/tr[1]/td[3]/span/a
Found Element By : By.xpath: //table/tbody/tr[1]/td[3]/span/a
Trying to find Element By : By.xpath: //table/tbody/tr[1]/td[3]/span/a
Found Element By : By.xpath: //table/tbody/tr[1]/td[3]/span/a
Trying to find Element By : By.xpath: //table/tbody/tr[1]/td[3]/span/a
Found Element By : By.xpath: //table/tbody/tr[1]/td[3]/span/a
Trying to find Element By : By.xpath: //table/tbody/tr[1]/td[3]/span/a
Found Element By : By.xpath: //table/tbody/tr[1]/td[3]/span/a
Trying to find Element By : By.xpath: //table/tbody/tr[1]/td[3]/span/a
Found Element By : By.xpath: //table/tbody/tr[1]/td[3]/span/a
Trying to find Element By : By.xpath: //table/tbody/tr[1]/td[3]/span/a
Found Element By : By.xpath: //table/tbody/tr[1]/td[3]/span/a
Trying to find Element By : By.xpath: //table/tbody/tr[1]/td[3]/span/a
Found Element By : By.xpath: //table/tbody/tr[1]/td[3]/span/a
Trying to find Element By : By.xpath: //table/tbody/tr[1]/td[3]/span/a
Found Element By : By.xpath: //table/tbody/tr[1]/td[3]/span/a
Trying to find Element By : By.xpath: //table/tbody/tr[1]/td[3]/span/a
Found Element By : By.xpath: //table/tbody/tr[1]/td[3]/span/a
Trying to find Element By : By.xpath: //table/tbody/tr[1]/td[3]/span/a
Found Element By : By.xpath: //table/tbody/tr[1]/td[3]/span/a
Trying to find Element By : By.xpath: //table/tbody/tr[1]/td[3]/span/a
Found Element By : By.xpath: //table/tbody/tr[1]/td[3]/span/a
Trying to find Element By : By.xpath: //table/tbody/tr[1]/td[3]/span/a
Found Element By : By.xpath: //table/tbody/tr[1]/td[3]/span/a
Trying to find Element By : By.xpath: //table/tbody/tr[1]/td[3]/span/a
Found Element By : By.xpath: //table/tbody/tr[1]/td[3]/span/a
Trying to find Element By : By.xpath: //table/tbody/tr[1]/td[3]/span/a
Found Element By : By.xpath: //table/tbody/tr[1]/td[3]/span/a
Trying to find Element By : By.xpath: //table/tbody/tr[1]/td[3]/span/a
Found Element By : By.xpath: //table/tbody/tr[1]/td[3]/span/a
Trying to find Element By : By.xpath: //table/tbody/tr[1]/td[3]/span/a
Found Element By : By.xpath: //table/tbody/tr[1]/td[3]/span/a
Trying to find Element By : By.xpath: //table/tbody/tr[1]/td[3]/span/a
Found Element By : By.xpath: //table/tbody/tr[1]/td[3]/span/a
Trying to find Element By : By.xpath: //table/tbody/tr[1]/td[3]/span/a
Found Element By : By.xpath: //table/tbody/tr[1]/td[3]/span/a
Trying to find Element By : By.xpath: //table/tbody/tr[1]/td[3]/span/a
Found Element By : By.xpath: //table/tbody/tr[1]/td[3]/span/a
Trying to find Element By : By.xpath: //table/tbody/tr[1]/td[3]/span/a
Found Element By : By.xpath: //table/tbody/tr[1]/td[3]/span/a
Trying to find Element By : By.xpath: //table/tbody/tr[1]/td[3]/span/a
Found Element By : By.xpath: //table/tbody/tr[1]/td[3]/span/a
Trying to find Element By : By.xpath: //table/tbody/tr[1]/td[3]/span/a
Found Element By : By.xpath: //table/tbody/tr[1]/td[3]/span/a
Trying to find Element By : By.xpath: //table/tbody/tr[1]/td[3]/span/a
Found Element By : By.xpath: //table/tbody/tr[1]/td[3]/span/a
Trying to find Element By : By.xpath: //table/tbody/tr[1]/td[3]/span/a
Found Element By : By.xpath: //table/tbody/tr[1]/td[3]/span/a
Trying to find Element By : By.xpath: //table/tbody/tr[1]/td[3]/span/a
Found Element By : By.xpath: //table/tbody/tr[1]/td[3]/span/a
Trying to find Element By : By.xpath: //table/tbody/tr[1]/td[3]/span/a
Found Element By : By.xpath: //table/tbody/tr[1]/td[3]/span/a
Trying to find Element By : By.xpath: //table/tbody/tr[1]/td[3]/span/a
Found Element By : By.xpath: //table/tbody/tr[1]/td[3]/span/a
Trying to find Element By : By.xpath: //table/tbody/tr[1]/td[3]/span/a
Found Element By : By.xpath: //table/tbody/tr[1]/td[3]/span/a
Trying to find Element By : By.xpath: //table/tbody/tr[1]/td[3]/span/a
Found Element By : By.xpath: //table/tbody/tr[1]/td[3]/span/a
Trying to find Element By : By.xpath: //table/tbody/tr[1]/td[3]/span/a
Found Element By : By.xpath: //table/tbody/tr[1]/td[3]/span/a
Trying to find Element By : By.xpath: //table/tbody/tr[1]/td[3]/span/a
Found Element By : By.xpath: //table/tbody/tr[1]/td[3]/span/a
Trying to find Element By : By.xpath: //table/tbody/tr[1]/td[3]/span/a
Found Element By : By.xpath: //table/tbody/tr[1]/td[3]/span/a
Trying to find Element By : By.xpath: //table/tbody/tr[1]/td[3]/span/a
Found Element By : By.xpath: //table/tbody/tr[1]/td[3]/span/a
Trying to find Element By : By.xpath: //table/tbody/tr[1]/td[3]/span/a
Found Element By : By.xpath: //table/tbody/tr[1]/td[3]/span/a
Trying to find Element By : By.xpath: //table/tbody/tr[1]/td[3]/span/a
Found Element By : By.xpath: //table/tbody/tr[1]/td[3]/span/a
Trying to find Element By : By.xpath: //table/tbody/tr[1]/td[3]/span/a
Found Element By : By.xpath: //table/tbody/tr[1]/td[3]/span/a
Trying to find Element By : By.xpath: //table/tbody/tr[1]/td[3]/span/a
Found Element By : By.xpath: //table/tbody/tr[1]/td[3]/span/a
Trying to find Element By : By.xpath: //table/tbody/tr[1]/td[3]/span/a
Found Element By : By.xpath: //table/tbody/tr[1]/td[3]/span/a
Trying to find Element By : By.xpath: //table/tbody/tr[1]/td[3]/span/a
Found Element By : By.xpath: //table/tbody/tr[1]/td[3]/span/a
Trying to find Element By : By.xpath: //table/tbody/tr[1]/td[3]/span/a
Found Element By : By.xpath: //table/tbody/tr[1]/td[3]/span/a
Trying to find Element By : By.xpath: //table/tbody/tr[1]/td[3]/span/a
Found Element By : By.xpath: //table/tbody/tr[1]/td[3]/span/a
Trying to find Element By : By.xpath: //table/tbody/tr[1]/td[3]/span/a
Found Element By : By.xpath: //table/tbody/tr[1]/td[3]/span/a
Trying to find Element By : By.xpath: //table/tbody/tr[1]/td[3]/span/a
Found Element By : By.xpath: //table/tbody/tr[1]/td[3]/span/a
Trying to find Element By : By.xpath: //table/tbody/tr[1]/td[3]/span/a
Found Element By : By.xpath: //table/tbody/tr[1]/td[3]/span/a
Trying to find Element By : By.xpath: //table/tbody/tr[1]/td[3]/span/a
Found Element By : By.xpath: //table/tbody/tr[1]/td[3]/span/a
Trying to find Element By : By.xpath: //table/tbody/tr[1]/td[3]/span/a
Found Element By : By.xpath: //table/tbody/tr[1]/td[3]/span/a
Trying to find Element By : By.xpath: //table/tbody/tr[1]/td[3]/span/a
Found Element By : By.xpath: //table/tbody/tr[1]/td[3]/span/a
Trying to find Element By : By.xpath: //table/tbody/tr[1]/td[3]/span/a
Found Element By : By.xpath: //table/tbody/tr[1]/td[3]/span/a
Trying to find Element By : By.xpath: //table/tbody/tr[1]/td[3]/span/a
Found Element By : By.xpath: //table/tbody/tr[1]/td[3]/span/a
Trying to find Element By : By.xpath: //table/tbody/tr[1]/td[3]/span/a
Found Element By : By.xpath: //table/tbody/tr[1]/td[3]/span/a
Trying to find Element By : By.xpath: //table/tbody/tr[1]/td[3]/span/a
Found Element By : By.xpath: //table/tbody/tr[1]/td[3]/span/a
Trying to find Element By : By.xpath: //table/tbody/tr[1]/td[3]/span/a
Found Element By : By.xpath: //table/tbody/tr[1]/td[3]/span/a
Trying to find Element By : By.xpath: //table/tbody/tr[1]/td[3]/span/a
Found Element By : By.xpath: //table/tbody/tr[1]/td[3]/span/a
Trying to find Element By : By.xpath: //table/tbody/tr[1]/td[3]/span/a
Found Element By : By.xpath: //table/tbody/tr[1]/td[3]/span/a
Trying to find Element By : By.xpath: //table/tbody/tr[1]/td[3]/span/a
Found Element By : By.xpath: //table/tbody/tr[1]/td[3]/span/a
Trying to find Element By : By.xpath: //table/tbody/tr[1]/td[3]/span/a
Found Element By : By.xpath: //table/tbody/tr[1]/td[3]/span/a
Trying to find Element By : By.xpath: //table/tbody/tr[1]/td[3]/span/a
Found Element By : By.xpath: //table/tbody/tr[1]/td[3]/span/a
Trying to find Element By : By.xpath: //table/tbody/tr[1]/td[3]/span/a
Found Element By : By.xpath: //table/tbody/tr[1]/td[3]/span/a
Trying to find Element By : By.xpath: //table/tbody/tr[1]/td[3]/span/a
Found Element By : By.xpath: //table/tbody/tr[1]/td[3]/span/a
Trying to find Element By : By.xpath: //table/tbody/tr[1]/td[3]/span/a
Found Element By : By.xpath: //table/tbody/tr[1]/td[3]/span/a
Trying to find Element By : By.xpath: //table/tbody/tr[1]/td[3]/span/a
Found Element By : By.xpath: //table/tbody/tr[1]/td[3]/span/a
Trying to find Element By : By.xpath: //table/tbody/tr[1]/td[3]/span/a
Found Element By : By.xpath: //table/tbody/tr[1]/td[3]/span/a
Trying to find Element By : By.xpath: //table/tbody/tr[1]/td[3]/span/a
Found Element By : By.xpath: //table/tbody/tr[1]/td[3]/span/a
Trying to find Element By : By.xpath: //table/tbody/tr[1]/td[3]/span/a
Found Element By : By.xpath: //table/tbody/tr[1]/td[3]/span/a
Trying to find Element By : By.xpath: //table/tbody/tr[1]/td[3]/span/a
Found Element By : By.xpath: //table/tbody/tr[1]/td[3]/span/a
Trying to find Element By : By.xpath: //table/tbody/tr[1]/td[3]/span/a
Found Element By : By.xpath: //table/tbody/tr[1]/td[3]/span/a
Trying to find Element By : By.xpath: //table/tbody/tr[1]/td[3]/span/a
Found Element By : By.xpath: //table/tbody/tr[1]/td[3]/span/a
Trying to find Element By : By.xpath: //table/tbody/tr[1]/td[3]/span/a
Found Element By : By.xpath: //table/tbody/tr[1]/td[3]/span/a
Trying to find Element By : By.xpath: //table/tbody/tr[1]/td[3]/span/a
Found Element By : By.xpath: //table/tbody/tr[1]/td[3]/span/a
Trying to find Element By : By.xpath: //table/tbody/tr[1]/td[3]/span/a
Found Element By : By.xpath: //table/tbody/tr[1]/td[3]/span/a
Trying to find Element By : By.xpath: //table/tbody/tr[1]/td[3]/span/a
Found Element By : By.xpath: //table/tbody/tr[1]/td[3]/span/a
Trying to find Element By : By.xpath: //table/tbody/tr[1]/td[3]/span/a
Found Element By : By.xpath: //table/tbody/tr[1]/td[3]/span/a
Trying to find Element By : By.xpath: //table/tbody/tr[1]/td[3]/span/a
Found Element By : By.xpath: //table/tbody/tr[1]/td[3]/span/a
Trying to find Element By : By.xpath: //table/tbody/tr[1]/td[3]/span/a
Found Element By : By.xpath: //table/tbody/tr[1]/td[3]/span/a
Trying to find Element By : By.xpath: //table/tbody/tr[1]/td[3]/span/a
Found Element By : By.xpath: //table/tbody/tr[1]/td[3]/span/a
Trying to find Element By : By.xpath: //table/tbody/tr[1]/td[3]/span/a
Found Element By : By.xpath: //table/tbody/tr[1]/td[3]/span/a
Trying to find Element By : By.xpath: //table/tbody/tr[1]/td[3]/span/a
Found Element By : By.xpath: //table/tbody/tr[1]/td[3]/span/a
Trying to find Element By : By.xpath: //table/tbody/tr[1]/td[3]/span/a
Found Element By : By.xpath: //table/tbody/tr[1]/td[3]/span/a
Trying to find Element By : By.xpath: //table/tbody/tr[1]/td[3]/span/a
Found Element By : By.xpath: //table/tbody/tr[1]/td[3]/span/a
Trying to find Element By : By.xpath: //table/tbody/tr[1]/td[3]/span/a
Found Element By : By.xpath: //table/tbody/tr[1]/td[3]/span/a
Trying to find Element By : By.xpath: //table/tbody/tr[1]/td[3]/span/a
Found Element By : By.xpath: //table/tbody/tr[1]/td[3]/span/a
Trying to find Element By : By.xpath: //table/tbody/tr[1]/td[3]/span/a
Found Element By : By.xpath: //table/tbody/tr[1]/td[3]/span/a
Trying to find Element By : By.xpath: //table/tbody/tr[1]/td[3]/span/a
Found Element By : By.xpath: //table/tbody/tr[1]/td[3]/span/a
Trying to find Element By : By.xpath: //table/tbody/tr[1]/td[3]/span/a
Found Element By : By.xpath: //table/tbody/tr[1]/td[3]/span/a
Trying to find Element By : By.xpath: //table/tbody/tr[1]/td[3]/span/a
Found Element By : By.xpath: //table/tbody/tr[1]/td[3]/span/a
Trying to find Element By : By.xpath: //table/tbody/tr[1]/td[3]/span/a
Found Element By : By.xpath: //table/tbody/tr[1]/td[3]/span/a
Trying to find Element By : By.xpath: //table/tbody/tr[1]/td[3]/span/a
Found Element By : By.xpath: //table/tbody/tr[1]/td[3]/span/a
Trying to find Element By : By.xpath: //table/tbody/tr[1]/td[3]/span/a
Found Element By : By.xpath: //table/tbody/tr[1]/td[3]/span/a
Trying to find Element By : By.xpath: //table/tbody/tr[1]/td[3]/span/a
Found Element By : By.xpath: //table/tbody/tr[1]/td[3]/span/a
Trying to find Element By : By.xpath: //table/tbody/tr[1]/td[3]/span/a
Found Element By : By.xpath: //table/tbody/tr[1]/td[3]/span/a
Trying to find Element By : By.xpath: //table/tbody/tr[1]/td[3]/span/a
Found Element By : By.xpath: //table/tbody/tr[1]/td[3]/span/a
Trying to find Element By : By.xpath: //table/tbody/tr[1]/td[3]/span/a
Found Element By : By.xpath: //table/tbody/tr[1]/td[3]/span/a
Trying to find Element By : By.xpath: //table/tbody/tr[1]/td[3]/span/a
Found Element By : By.xpath: //table/tbody/tr[1]/td[3]/span/a
Trying to find Element By : By.xpath: //table/tbody/tr[1]/td[3]/span/a
Found Element By : By.xpath: //table/tbody/tr[1]/td[3]/span/a
Trying to find Element By : By.xpath: //table/tbody/tr[1]/td[3]/span/a
Found Element By : By.xpath: //table/tbody/tr[1]/td[3]/span/a
Trying to find Element By : By.xpath: //table/tbody/tr[1]/td[3]/span/a
Found Element By : By.xpath: //table/tbody/tr[1]/td[3]/span/a
Trying to find Element By : By.xpath: //table/tbody/tr[1]/td[3]/span/a
Found Element By : By.xpath: //table/tbody/tr[1]/td[3]/span/a
Trying to find Element By : By.xpath: //table/tbody/tr[1]/td[3]/span/a
Found Element By : By.xpath: //table/tbody/tr[1]/td[3]/span/a
Trying to find Element By : By.xpath: //table/tbody/tr[1]/td[3]/span/a
Found Element By : By.xpath: //table/tbody/tr[1]/td[3]/span/a
Trying to find Element By : By.xpath: //table/tbody/tr[1]/td[3]/span/a
Found Element By : By.xpath: //table/tbody/tr[1]/td[3]/span/a
Trying to find Element By : By.xpath: //table/tbody/tr[1]/td[3]/span/a
Found Element By : By.xpath: //table/tbody/tr[1]/td[3]/span/a
Trying to find Element By : By.xpath: //table/tbody/tr[1]/td[3]/span/a
Found Element By : By.xpath: //table/tbody/tr[1]/td[3]/span/a
Trying to find Element By : By.xpath: //table/tbody/tr[1]/td[3]/span/a
Found Element By : By.xpath: //table/tbody/tr[1]/td[3]/span/a
Trying to find Element By : By.xpath: //table/tbody/tr[1]/td[3]/span/a
Found Element By : By.xpath: //table/tbody/tr[1]/td[3]/span/a
Trying to find Element By : By.xpath: //table/tbody/tr[1]/td[3]/span/a
Found Element By : By.xpath: //table/tbody/tr[1]/td[3]/span/a
Trying to find Element By : By.xpath: //table/tbody/tr[1]/td[3]/span/a
Found Element By : By.xpath: //table/tbody/tr[1]/td[3]/span/a
Trying to find Element By : By.xpath: //table/tbody/tr[1]/td[3]/span/a
Found Element By : By.xpath: //table/tbody/tr[1]/td[3]/span/a
Trying to find Element By : By.xpath: //table/tbody/tr[1]/td[3]/span/a
Found Element By : By.xpath: //table/tbody/tr[1]/td[3]/span/a
Trying to find Element By : By.xpath: //table/tbody/tr[1]/td[3]/span/a
Found Element By : By.xpath: //table/tbody/tr[1]/td[3]/span/a
Trying to find Element By : By.xpath: //table/tbody/tr[1]/td[3]/span/a
Found Element By : By.xpath: //table/tbody/tr[1]/td[3]/span/a
Trying to find Element By : By.xpath: //table/tbody/tr[1]/td[3]/span/a
Found Element By : By.xpath: //table/tbody/tr[1]/td[3]/span/a
Trying to find Element By : By.xpath: //table/tbody/tr[1]/td[3]/span/a
Found Element By : By.xpath: //table/tbody/tr[1]/td[3]/span/a
Trying to find Element By : By.xpath: //table/tbody/tr[1]/td[3]/span/a
Found Element By : By.xpath: //table/tbody/tr[1]/td[3]/span/a
Trying to find Element By : By.xpath: //table/tbody/tr[1]/td[3]/span/a
Found Element By : By.xpath: //table/tbody/tr[1]/td[3]/span/a
Trying to find Element By : By.xpath: //table/tbody/tr[1]/td[3]/span/a
Found Element By : By.xpath: //table/tbody/tr[1]/td[3]/span/a
Trying to find Element By : By.xpath: //table/tbody/tr[1]/td[3]/span/a
Found Element By : By.xpath: //table/tbody/tr[1]/td[3]/span/a
Trying to find Element By : By.xpath: //table/tbody/tr[1]/td[3]/span/a
Found Element By : By.xpath: //table/tbody/tr[1]/td[3]/span/a
Trying to find Element By : By.xpath: //table/tbody/tr[1]/td[3]/span/a
Found Element By : By.xpath: //table/tbody/tr[1]/td[3]/span/a
Trying to find Element By : By.xpath: //table/tbody/tr[1]/td[3]/span/a
Found Element By : By.xpath: //table/tbody/tr[1]/td[3]/span/a
Trying to find Element By : By.xpath: //table/tbody/tr[1]/td[3]/span/a
Found Element By : By.xpath: //table/tbody/tr[1]/td[3]/span/a
Trying to find Element By : By.xpath: //table/tbody/tr[1]/td[3]/span/a
Found Element By : By.xpath: //table/tbody/tr[1]/td[3]/span/a
Trying to find Element By : By.xpath: //table/tbody/tr[1]/td[3]/span/a
Found Element By : By.xpath: //table/tbody/tr[1]/td[3]/span/a
Trying to find Element By : By.xpath: //table/tbody/tr[1]/td[3]/span/a
Found Element By : By.xpath: //table/tbody/tr[1]/td[3]/span/a
Trying to find Element By : By.xpath: //table/tbody/tr[1]/td[3]/span/a
Found Element By : By.xpath: //table/tbody/tr[1]/td[3]/span/a
Trying to find Element By : By.xpath: //table/tbody/tr[1]/td[3]/span/a
Found Element By : By.xpath: //table/tbody/tr[1]/td[3]/span/a
Trying to find Element By : By.xpath: //table/tbody/tr[1]/td[3]/span/a
Found Element By : By.xpath: //table/tbody/tr[1]/td[3]/span/a
Trying to find Element By : By.xpath: //table/tbody/tr[1]/td[3]/span/a
Found Element By : By.xpath: //table/tbody/tr[1]/td[3]/span/a
Trying to find Element By : By.xpath: //table/tbody/tr[1]/td[3]/span/a
Found Element By : By.xpath: //table/tbody/tr[1]/td[3]/span/a
Trying to find Element By : By.xpath: //table/tbody/tr[1]/td[3]/span/a
Found Element By : By.xpath: //table/tbody/tr[1]/td[3]/span/a
Trying to find Element By : By.xpath: //table/tbody/tr[1]/td[3]/span/a
Found Element By : By.xpath: //table/tbody/tr[1]/td[3]/span/a
Trying to find Element By : By.xpath: //table/tbody/tr[1]/td[3]/span/a
Found Element By : By.xpath: //table/tbody/tr[1]/td[3]/span/a
Trying to find Element By : By.xpath: //table/tbody/tr[1]/td[3]/span/a
Found Element By : By.xpath: //table/tbody/tr[1]/td[3]/span/a
Trying to find Element By : By.xpath: //table/tbody/tr[1]/td[3]/span/a
Found Element By : By.xpath: //table/tbody/tr[1]/td[3]/span/a
Trying to find Element By : By.xpath: //table/tbody/tr[1]/td[3]/span/a
Found Element By : By.xpath: //table/tbody/tr[1]/td[3]/span/a
Trying to find Element By : By.xpath: //table/tbody/tr[1]/td[3]/span/a
Found Element By : By.xpath: //table/tbody/tr[1]/td[3]/span/a
Trying to find Element By : By.xpath: //table/tbody/tr[1]/td[3]/span/a
Found Element By : By.xpath: //table/tbody/tr[1]/td[3]/span/a
Trying to find Element By : By.xpath: //table/tbody/tr[1]/td[3]/span/a
Found Element By : By.xpath: //table/tbody/tr[1]/td[3]/span/a
Trying to find Element By : By.xpath: //table/tbody/tr[1]/td[3]/span/a
Found Element By : By.xpath: //table/tbody/tr[1]/td[3]/span/a
Trying to find Element By : By.xpath: //table/tbody/tr[1]/td[3]/span/a
Found Element By : By.xpath: //table/tbody/tr[1]/td[3]/span/a
Trying to find Element By : By.xpath: //table/tbody/tr[1]/td[3]/span/a
Found Element By : By.xpath: //table/tbody/tr[1]/td[3]/span/a
Trying to find Element By : By.xpath: //table/tbody/tr[1]/td[3]/span/a
Found Element By : By.xpath: //table/tbody/tr[1]/td[3]/span/a
Trying to find Element By : By.xpath: //table/tbody/tr[1]/td[3]/span/a
Found Element By : By.xpath: //table/tbody/tr[1]/td[3]/span/a
Trying to find Element By : By.xpath: //table/tbody/tr[1]/td[3]/span/a
Found Element By : By.xpath: //table/tbody/tr[1]/td[3]/span/a
Trying to find Element By : By.xpath: //table/tbody/tr[1]/td[3]/span/a
Found Element By : By.xpath: //table/tbody/tr[1]/td[3]/span/a
Trying to find Element By : By.xpath: //table/tbody/tr[1]/td[3]/span/a
Found Element By : By.xpath: //table/tbody/tr[1]/td[3]/span/a
Trying to find Element By : By.xpath: //table/tbody/tr[1]/td[3]/span/a
Found Element By : By.xpath: //table/tbody/tr[1]/td[3]/span/a
Trying to find Element By : By.xpath: //table/tbody/tr[1]/td[3]/span/a
Found Element By : By.xpath: //table/tbody/tr[1]/td[3]/span/a
Trying to find Element By : By.xpath: //table/tbody/tr[1]/td[3]/span/a
Found Element By : By.xpath: //table/tbody/tr[1]/td[3]/span/a
Trying to find Element By : By.xpath: //table/tbody/tr[1]/td[3]/span/a
Found Element By : By.xpath: //table/tbody/tr[1]/td[3]/span/a
Trying to find Element By : By.xpath: //table/tbody/tr[1]/td[3]/span/a
Found Element By : By.xpath: //table/tbody/tr[1]/td[3]/span/a
Trying to find Element By : By.xpath: //table/tbody/tr[1]/td[3]/span/a
Found Element By : By.xpath: //table/tbody/tr[1]/td[3]/span/a
Trying to find Element By : By.xpath: //table/tbody/tr[1]/td[3]/span/a
Found Element By : By.xpath: //table/tbody/tr[1]/td[3]/span/a
Trying to find Element By : By.xpath: //table/tbody/tr[1]/td[3]/span/a
Found Element By : By.xpath: //table/tbody/tr[1]/td[3]/span/a
Trying to find Element By : By.xpath: //table/tbody/tr[1]/td[3]/span/a
Found Element By : By.xpath: //table/tbody/tr[1]/td[3]/span/a
Trying to find Element By : By.xpath: //table/tbody/tr[1]/td[3]/span/a
Found Element By : By.xpath: //table/tbody/tr[1]/td[3]/span/a
Trying to find Element By : By.xpath: //table/tbody/tr[1]/td[3]/span/a
Found Element By : By.xpath: //table/tbody/tr[1]/td[3]/span/a
Trying to find Element By : By.xpath: //table/tbody/tr[1]/td[3]/span/a
Found Element By : By.xpath: //table/tbody/tr[1]/td[3]/span/a
Trying to find Element By : By.xpath: //table/tbody/tr[1]/td[3]/span/a
Found Element By : By.xpath: //table/tbody/tr[1]/td[3]/span/a
Trying to find Element By : By.xpath: //table/tbody/tr[1]/td[3]/span/a
Found Element By : By.xpath: //table/tbody/tr[1]/td[3]/span/a
Trying to find Element By : By.xpath: //table/tbody/tr[1]/td[3]/span/a
Found Element By : By.xpath: //table/tbody/tr[1]/td[3]/span/a
Trying to find Element By : By.xpath: //table/tbody/tr[1]/td[3]/span/a
Found Element By : By.xpath: //table/tbody/tr[1]/td[3]/span/a
Trying to find Element By : By.xpath: //table/tbody/tr[1]/td[3]/span/a
Found Element By : By.xpath: //table/tbody/tr[1]/td[3]/span/a
Trying to find Element By : By.xpath: //table/tbody/tr[1]/td[3]/span/a
Found Element By : By.xpath: //table/tbody/tr[1]/td[3]/span/a
Trying to find Element By : By.xpath: //table/tbody/tr[1]/td[3]/span/a
Found Element By : By.xpath: //table/tbody/tr[1]/td[3]/span/a
Trying to find Element By : By.xpath: //table/tbody/tr[1]/td[3]/span/a
Found Element By : By.xpath: //table/tbody/tr[1]/td[3]/span/a
Trying to find Element By : By.xpath: //table/tbody/tr[1]/td[3]/span/a
Found Element By : By.xpath: //table/tbody/tr[1]/td[3]/span/a
Trying to find Element By : By.xpath: //table/tbody/tr[1]/td[3]/span/a
Found Element By : By.xpath: //table/tbody/tr[1]/td[3]/span/a
Trying to find Element By : By.xpath: //table/tbody/tr[1]/td[3]/span/a
Found Element By : By.xpath: //table/tbody/tr[1]/td[3]/span/a
Trying to find Element By : By.xpath: //table/tbody/tr[1]/td[3]/span/a
Found Element By : By.xpath: //table/tbody/tr[1]/td[3]/span/a
Trying to find Element By : By.xpath: //table/tbody/tr[1]/td[3]/span/a
Found Element By : By.xpath: //table/tbody/tr[1]/td[3]/span/a
Trying to find Element By : By.xpath: //table/tbody/tr[1]/td[3]/span/a
Found Element By : By.xpath: //table/tbody/tr[1]/td[3]/span/a
Trying to find Element By : By.xpath: //table/tbody/tr[1]/td[3]/span/a
Found Element By : By.xpath: //table/tbody/tr[1]/td[3]/span/a
Trying to find Element By : By.xpath: //table/tbody/tr[1]/td[3]/span/a
Found Element By : By.xpath: //table/tbody/tr[1]/td[3]/span/a
Trying to find Element By : By.xpath: //table/tbody/tr[1]/td[3]/span/a
Found Element By : By.xpath: //table/tbody/tr[1]/td[3]/span/a
Trying to find Element By : By.xpath: //table/tbody/tr[1]/td[3]/span/a
Found Element By : By.xpath: //table/tbody/tr[1]/td[3]/span/a
Trying to find Element By : By.xpath: //table/tbody/tr[1]/td[3]/span/a
Found Element By : By.xpath: //table/tbody/tr[1]/td[3]/span/a
Trying to find Element By : By.xpath: //table/tbody/tr[1]/td[3]/span/a
Found Element By : By.xpath: //table/tbody/tr[1]/td[3]/span/a
Trying to find Element By : By.xpath: //table/tbody/tr[1]/td[3]/span/a
Found Element By : By.xpath: //table/tbody/tr[1]/td[3]/span/a
Trying to find Element By : By.xpath: //table/tbody/tr[1]/td[3]/span/a
Found Element By : By.xpath: //table/tbody/tr[1]/td[3]/span/a
Trying to find Element By : By.xpath: //table/tbody/tr[1]/td[3]/span/a
Found Element By : By.xpath: //table/tbody/tr[1]/td[3]/span/a
Trying to find Element By : By.xpath: //table/tbody/tr[1]/td[3]/span/a
Found Element By : By.xpath: //table/tbody/tr[1]/td[3]/span/a
Trying to find Element By : By.xpath: //table/tbody/tr[1]/td[3]/span/a
Found Element By : By.xpath: //table/tbody/tr[1]/td[3]/span/a
Trying to find Element By : By.xpath: //table/tbody/tr[1]/td[3]/span/a
Found Element By : By.xpath: //table/tbody/tr[1]/td[3]/span/a
Trying to find Element By : By.xpath: //table/tbody/tr[1]/td[3]/span/a
Found Element By : By.xpath: //table/tbody/tr[1]/td[3]/span/a
Trying to find Element By : By.xpath: //table/tbody/tr[1]/td[3]/span/a
Found Element By : By.xpath: //table/tbody/tr[1]/td[3]/span/a
Trying to find Element By : By.xpath: //table/tbody/tr[1]/td[3]/span/a
Found Element By : By.xpath: //table/tbody/tr[1]/td[3]/span/a
Trying to find Element By : By.xpath: //table/tbody/tr[1]/td[3]/span/a
Found Element By : By.xpath: //table/tbody/tr[1]/td[3]/span/a
Trying to find Element By : By.xpath: //table/tbody/tr[1]/td[3]/span/a
Found Element By : By.xpath: //table/tbody/tr[1]/td[3]/span/a
Trying to find Element By : By.xpath: //table/tbody/tr[1]/td[3]/span/a
Found Element By : By.xpath: //table/tbody/tr[1]/td[3]/span/a
Trying to find Element By : By.xpath: //table/tbody/tr[1]/td[3]/span/a
Found Element By : By.xpath: //table/tbody/tr[1]/td[3]/span/a
Trying to find Element By : By.xpath: //table/tbody/tr[1]/td[3]/span/a
Found Element By : By.xpath: //table/tbody/tr[1]/td[3]/span/a
Trying to find Element By : By.xpath: //table/tbody/tr[1]/td[3]/span/a
Found Element By : By.xpath: //table/tbody/tr[1]/td[3]/span/a
Trying to find Element By : By.xpath: //table/tbody/tr[1]/td[3]/span/a
Found Element By : By.xpath: //table/tbody/tr[1]/td[3]/span/a
Trying to find Element By : By.xpath: //table/tbody/tr[1]/td[3]/span/a
Found Element By : By.xpath: //table/tbody/tr[1]/td[3]/span/a
Trying to find Element By : By.xpath: //table/tbody/tr[1]/td[3]/span/a
Found Element By : By.xpath: //table/tbody/tr[1]/td[3]/span/a
Trying to find Element By : By.xpath: //table/tbody/tr[1]/td[3]/span/a
Found Element By : By.xpath: //table/tbody/tr[1]/td[3]/span/a
Trying to find Element By : By.xpath: //table/tbody/tr[1]/td[3]/span/a
Found Element By : By.xpath: //table/tbody/tr[1]/td[3]/span/a
Trying to find Element By : By.xpath: //table/tbody/tr[1]/td[3]/span/a
Found Element By : By.xpath: //table/tbody/tr[1]/td[3]/span/a
Trying to find Element By : By.xpath: //table/tbody/tr[1]/td[3]/span/a
Found Element By : By.xpath: //table/tbody/tr[1]/td[3]/span/a
Trying to find Element By : By.xpath: //table/tbody/tr[1]/td[3]/span/a
Found Element By : By.xpath: //table/tbody/tr[1]/td[3]/span/a
Trying to find Element By : By.xpath: //table/tbody/tr[1]/td[3]/span/a
Found Element By : By.xpath: //table/tbody/tr[1]/td[3]/span/a
Trying to find Element By : By.xpath: //table/tbody/tr[1]/td[3]/span/a
Found Element By : By.xpath: //table/tbody/tr[1]/td[3]/span/a
Trying to find Element By : By.xpath: //table/tbody/tr[1]/td[3]/span/a
Found Element By : By.xpath: //table/tbody/tr[1]/td[3]/span/a
Trying to find Element By : By.xpath: //table/tbody/tr[1]/td[3]/span/a
Found Element By : By.xpath: //table/tbody/tr[1]/td[3]/span/a
Trying to find Element By : By.xpath: //table/tbody/tr[1]/td[3]/span/a
Found Element By : By.xpath: //table/tbody/tr[1]/td[3]/span/a
Trying to find Element By : By.xpath: //table/tbody/tr[1]/td[3]/span/a
Found Element By : By.xpath: //table/tbody/tr[1]/td[3]/span/a
Trying to find Element By : By.xpath: //table/tbody/tr[1]/td[3]/span/a
Found Element By : By.xpath: //table/tbody/tr[1]/td[3]/span/a
Trying to find Element By : By.xpath: //table/tbody/tr[1]/td[3]/span/a
Found Element By : By.xpath: //table/tbody/tr[1]/td[3]/span/a
Trying to find Element By : By.xpath: //table/tbody/tr[1]/td[3]/span/a
Found Element By : By.xpath: //table/tbody/tr[1]/td[3]/span/a
Trying to find Element By : By.xpath: //table/tbody/tr[1]/td[3]/span/a
Found Element By : By.xpath: //table/tbody/tr[1]/td[3]/span/a
Trying to find Element By : By.xpath: //table/tbody/tr[1]/td[3]/span/a
Found Element By : By.xpath: //table/tbody/tr[1]/td[3]/span/a
Trying to find Element By : By.xpath: //table/tbody/tr[1]/td[3]/span/a
Found Element By : By.xpath: //table/tbody/tr[1]/td[3]/span/a
Trying to find Element By : By.xpath: //table/tbody/tr[1]/td[3]/span/a
Found Element By : By.xpath: //table/tbody/tr[1]/td[3]/span/a
Trying to find Element By : By.xpath: //table/tbody/tr[1]/td[3]/span/a
Found Element By : By.xpath: //table/tbody/tr[1]/td[3]/span/a
Trying to find Element By : By.xpath: //table/tbody/tr[1]/td[3]/span/a
Found Element By : By.xpath: //table/tbody/tr[1]/td[3]/span/a
Trying to find Element By : By.xpath: //table/tbody/tr[1]/td[3]/span/a
Found Element By : By.xpath: //table/tbody/tr[1]/td[3]/span/a
Trying to find Element By : By.xpath: //table/tbody/tr[1]/td[3]/span/a
Found Element By : By.xpath: //table/tbody/tr[1]/td[3]/span/a
Trying to find Element By : By.xpath: //table/tbody/tr[1]/td[3]/span/a
Found Element By : By.xpath: //table/tbody/tr[1]/td[3]/span/a
Trying to find Element By : By.xpath: //table/tbody/tr[1]/td[3]/span/a
Found Element By : By.xpath: //table/tbody/tr[1]/td[3]/span/a
Trying to find Element By : By.xpath: //table/tbody/tr[1]/td[3]/span/a
Found Element By : By.xpath: //table/tbody/tr[1]/td[3]/span/a
Trying to find Element By : By.xpath: //table/tbody/tr[1]/td[3]/span/a
Found Element By : By.xpath: //table/tbody/tr[1]/td[3]/span/a
Trying to find Element By : By.xpath: //table/tbody/tr[1]/td[3]/span/a
Found Element By : By.xpath: //table/tbody/tr[1]/td[3]/span/a
Trying to find Element By : By.xpath: //table/tbody/tr[1]/td[3]/span/a
Found Element By : By.xpath: //table/tbody/tr[1]/td[3]/span/a
Trying to find Element By : By.xpath: //table/tbody/tr[1]/td[3]/span/a
Found Element By : By.xpath: //table/tbody/tr[1]/td[3]/span/a
Trying to find Element By : By.xpath: //table/tbody/tr[1]/td[3]/span/a
Found Element By : By.xpath: //table/tbody/tr[1]/td[3]/span/a
Trying to find Element By : By.xpath: //table/tbody/tr[1]/td[3]/span/a
Found Element By : By.xpath: //table/tbody/tr[1]/td[3]/span/a
Trying to find Element By : By.xpath: //table/tbody/tr[1]/td[3]/span/a
Found Element By : By.xpath: //table/tbody/tr[1]/td[3]/span/a
Trying to find Element By : By.xpath: //table/tbody/tr[1]/td[3]/span/a
Found Element By : By.xpath: //table/tbody/tr[1]/td[3]/span/a
Trying to find Element By : By.xpath: //table/tbody/tr[1]/td[3]/span/a
Found Element By : By.xpath: //table/tbody/tr[1]/td[3]/span/a
Trying to find Element By : By.xpath: //table/tbody/tr[1]/td[3]/span/a
Found Element By : By.xpath: //table/tbody/tr[1]/td[3]/span/a
Trying to find Element By : By.xpath: //table/tbody/tr[1]/td[3]/span/a
Found Element By : By.xpath: //table/tbody/tr[1]/td[3]/span/a
Trying to find Element By : By.xpath: //table/tbody/tr[1]/td[3]/span/a
Found Element By : By.xpath: //table/tbody/tr[1]/td[3]/span/a
Trying to find Element By : By.xpath: //table/tbody/tr[1]/td[3]/span/a
Found Element By : By.xpath: //table/tbody/tr[1]/td[3]/span/a
Trying to find Element By : By.xpath: //table/tbody/tr[1]/td[3]/span/a
Found Element By : By.xpath: //table/tbody/tr[1]/td[3]/span/a
Trying to find Element By : By.xpath: //table/tbody/tr[1]/td[3]/span/a
Found Element By : By.xpath: //table/tbody/tr[1]/td[3]/span/a
Trying to find Element By : By.xpath: //table/tbody/tr[1]/td[3]/span/a
Found Element By : By.xpath: //table/tbody/tr[1]/td[3]/span/a
Trying to find Element By : By.xpath: //table/tbody/tr[1]/td[3]/span/a
Found Element By : By.xpath: //table/tbody/tr[1]/td[3]/span/a
Trying to find Element By : By.xpath: //table/tbody/tr[1]/td[3]/span/a
Found Element By : By.xpath: //table/tbody/tr[1]/td[3]/span/a
Trying to find Element By : By.xpath: //table/tbody/tr[1]/td[3]/span/a
Found Element By : By.xpath: //table/tbody/tr[1]/td[3]/span/a
Trying to find Element By : By.xpath: //table/tbody/tr[1]/td[3]/span/a
Found Element By : By.xpath: //table/tbody/tr[1]/td[3]/span/a
Trying to find Element By : By.xpath: //table/tbody/tr[1]/td[3]/span/a
Found Element By : By.xpath: //table/tbody/tr[1]/td[3]/span/a
Trying to find Element By : By.xpath: //table/tbody/tr[1]/td[3]/span/a
Found Element By : By.xpath: //table/tbody/tr[1]/td[3]/span/a
Trying to find Element By : By.xpath: //table/tbody/tr[1]/td[3]/span/a
Found Element By : By.xpath: //table/tbody/tr[1]/td[3]/span/a
Trying to find Element By : By.xpath: //table/tbody/tr[1]/td[3]/span/a
Found Element By : By.xpath: //table/tbody/tr[1]/td[3]/span/a
Trying to find Element By : By.xpath: //table/tbody/tr[1]/td[3]/span/a
Found Element By : By.xpath: //table/tbody/tr[1]/td[3]/span/a
Trying to find Element By : By.xpath: //table/tbody/tr[1]/td[3]/span/a
Found Element By : By.xpath: //table/tbody/tr[1]/td[3]/span/a
Trying to find Element By : By.xpath: //table/tbody/tr[1]/td[3]/span/a
Found Element By : By.xpath: //table/tbody/tr[1]/td[3]/span/a
Trying to find Element By : By.xpath: //table/tbody/tr[1]/td[3]/span/a
Found Element By : By.xpath: //table/tbody/tr[1]/td[3]/span/a
Trying to find Element By : By.xpath: //table/tbody/tr[1]/td[3]/span/a
Found Element By : By.xpath: //table/tbody/tr[1]/td[3]/span/a
Trying to find Element By : By.xpath: //table/tbody/tr[1]/td[3]/span/a
Found Element By : By.xpath: //table/tbody/tr[1]/td[3]/span/a
Trying to find Element By : By.xpath: //table/tbody/tr[1]/td[3]/span/a
Found Element By : By.xpath: //table/tbody/tr[1]/td[3]/span/a
Trying to find Element By : By.xpath: //table/tbody/tr[1]/td[3]/span/a
Found Element By : By.xpath: //table/tbody/tr[1]/td[3]/span/a
Trying to find Element By : By.xpath: //table/tbody/tr[1]/td[3]/span/a
Found Element By : By.xpath: //table/tbody/tr[1]/td[3]/span/a
Trying to find Element By : By.xpath: //table/tbody/tr[1]/td[3]/span/a
Found Element By : By.xpath: //table/tbody/tr[1]/td[3]/span/a
Trying to find Element By : By.xpath: //table/tbody/tr[1]/td[3]/span/a
Found Element By : By.xpath: //table/tbody/tr[1]/td[3]/span/a
Trying to find Element By : By.xpath: //table/tbody/tr[1]/td[3]/span/a
Found Element By : By.xpath: //table/tbody/tr[1]/td[3]/span/a
Trying to find Element By : By.xpath: //table/tbody/tr[1]/td[3]/span/a
Found Element By : By.xpath: //table/tbody/tr[1]/td[3]/span/a
Trying to find Element By : By.xpath: //table/tbody/tr[1]/td[3]/span/a
Found Element By : By.xpath: //table/tbody/tr[1]/td[3]/span/a
Trying to find Element By : By.xpath: //table/tbody/tr[1]/td[3]/span/a
Found Element By : By.xpath: //table/tbody/tr[1]/td[3]/span/a
Trying to find Element By : By.xpath: //table/tbody/tr[1]/td[3]/span/a
Found Element By : By.xpath: //table/tbody/tr[1]/td[3]/span/a
Trying to find Element By : By.xpath: //table/tbody/tr[1]/td[3]/span/a
Found Element By : By.xpath: //table/tbody/tr[1]/td[3]/span/a
Trying to find Element By : By.xpath: //table/tbody/tr[1]/td[3]/span/a
Found Element By : By.xpath: //table/tbody/tr[1]/td[3]/span/a
Trying to find Element By : By.xpath: //table/tbody/tr[1]/td[3]/span/a
Found Element By : By.xpath: //table/tbody/tr[1]/td[3]/span/a
Trying to find Element By : By.xpath: //table/tbody/tr[1]/td[3]/span/a
Found Element By : By.xpath: //table/tbody/tr[1]/td[3]/span/a
Trying to find Element By : By.xpath: //table/tbody/tr[1]/td[3]/span/a
Found Element By : By.xpath: //table/tbody/tr[1]/td[3]/span/a
Trying to find Element By : By.xpath: //table/tbody/tr[1]/td[3]/span/a
Found Element By : By.xpath: //table/tbody/tr[1]/td[3]/span/a
Trying to find Element By : By.xpath: //table/tbody/tr[1]/td[3]/span/a
Found Element By : By.xpath: //table/tbody/tr[1]/td[3]/span/a
Trying to find Element By : By.xpath: //table/tbody/tr[1]/td[3]/span/a
Found Element By : By.xpath: //table/tbody/tr[1]/td[3]/span/a
Trying to find Element By : By.xpath: //table/tbody/tr[1]/td[3]/span/a
Found Element By : By.xpath: //table/tbody/tr[1]/td[3]/span/a
Trying to find Element By : By.xpath: //table/tbody/tr[1]/td[3]/span/a
Found Element By : By.xpath: //table/tbody/tr[1]/td[3]/span/a
Trying to find Element By : By.xpath: //table/tbody/tr[1]/td[3]/span/a
Found Element By : By.xpath: //table/tbody/tr[1]/td[3]/span/a
Trying to find Element By : By.xpath: //table/tbody/tr[1]/td[3]/span/a
Found Element By : By.xpath: //table/tbody/tr[1]/td[3]/span/a
Trying to find Element By : By.xpath: //table/tbody/tr[1]/td[3]/span/a
Found Element By : By.xpath: //table/tbody/tr[1]/td[3]/span/a
Trying to find Element By : By.xpath: //table/tbody/tr[1]/td[3]/span/a
Found Element By : By.xpath: //table/tbody/tr[1]/td[3]/span/a
Trying to find Element By : By.xpath: //table/tbody/tr[1]/td[3]/span/a
Found Element By : By.xpath: //table/tbody/tr[1]/td[3]/span/a
Trying to find Element By : By.xpath: //table/tbody/tr[1]/td[3]/span/a
Found Element By : By.xpath: //table/tbody/tr[1]/td[3]/span/a
Trying to find Element By : By.xpath: //table/tbody/tr[1]/td[3]/span/a
Found Element By : By.xpath: //table/tbody/tr[1]/td[3]/span/a
Trying to find Element By : By.xpath: //table/tbody/tr[1]/td[3]/span/a
Found Element By : By.xpath: //table/tbody/tr[1]/td[3]/span/a
Trying to find Element By : By.xpath: //table/tbody/tr[1]/td[3]/span/a
Found Element By : By.xpath: //table/tbody/tr[1]/td[3]/span/a
Trying to find Element By : By.xpath: //table/tbody/tr[1]/td[3]/span/a
Found Element By : By.xpath: //table/tbody/tr[1]/td[3]/span/a
Trying to find Element By : By.xpath: //table/tbody/tr[1]/td[3]/span/a
Found Element By : By.xpath: //table/tbody/tr[1]/td[3]/span/a
Trying to find Element By : By.xpath: //table/tbody/tr[1]/td[3]/span/a
Found Element By : By.xpath: //table/tbody/tr[1]/td[3]/span/a
Trying to find Element By : By.xpath: //table/tbody/tr[1]/td[3]/span/a
Found Element By : By.xpath: //table/tbody/tr[1]/td[3]/span/a
Trying to find Element By : By.xpath: //table/tbody/tr[1]/td[3]/span/a
Found Element By : By.xpath: //table/tbody/tr[1]/td[3]/span/a
Trying to find Element By : By.xpath: //table/tbody/tr[1]/td[3]/span/a
Found Element By : By.xpath: //table/tbody/tr[1]/td[3]/span/a
Trying to find Element By : By.xpath: //table/tbody/tr[1]/td[3]/span/a
Found Element By : By.xpath: //table/tbody/tr[1]/td[3]/span/a
Trying to find Element By : By.xpath: //table/tbody/tr[1]/td[3]/span/a
Found Element By : By.xpath: //table/tbody/tr[1]/td[3]/span/a
Trying to find Element By : By.xpath: //table/tbody/tr[1]/td[3]/span/a
Found Element By : By.xpath: //table/tbody/tr[1]/td[3]/span/a
Trying to find Element By : By.xpath: //table/tbody/tr[1]/td[3]/span/a
Found Element By : By.xpath: //table/tbody/tr[1]/td[3]/span/a
Trying to find Element By : By.xpath: //table/tbody/tr[1]/td[3]/span/a
Found Element By : By.xpath: //table/tbody/tr[1]/td[3]/span/a
Trying to find Element By : By.xpath: //table/tbody/tr[1]/td[3]/span/a
Found Element By : By.xpath: //table/tbody/tr[1]/td[3]/span/a
Trying to find Element By : By.xpath: //table/tbody/tr[1]/td[3]/span/a
Found Element By : By.xpath: //table/tbody/tr[1]/td[3]/span/a
Trying to find Element By : By.xpath: //table/tbody/tr[1]/td[3]/span/a
Found Element By : By.xpath: //table/tbody/tr[1]/td[3]/span/a
Trying to find Element By : By.xpath: //table/tbody/tr[1]/td[3]/span/a
Found Element By : By.xpath: //table/tbody/tr[1]/td[3]/span/a
Trying to find Element By : By.xpath: //table/tbody/tr[1]/td[3]/span/a
Found Element By : By.xpath: //table/tbody/tr[1]/td[3]/span/a
Trying to find Element By : By.xpath: //table/tbody/tr[1]/td[3]/span/a
Found Element By : By.xpath: //table/tbody/tr[1]/td[3]/span/a
Trying to find Element By : By.xpath: //table/tbody/tr[1]/td[3]/span/a
Found Element By : By.xpath: //table/tbody/tr[1]/td[3]/span/a
Trying to find Element By : By.xpath: //table/tbody/tr[1]/td[3]/span/a
Found Element By : By.xpath: //table/tbody/tr[1]/td[3]/span/a
Trying to find Element By : By.xpath: //table/tbody/tr[1]/td[3]/span/a
Found Element By : By.xpath: //table/tbody/tr[1]/td[3]/span/a
Trying to find Element By : By.xpath: //table/tbody/tr[1]/td[3]/span/a
Found Element By : By.xpath: //table/tbody/tr[1]/td[3]/span/a
Trying to find Element By : By.xpath: //table/tbody/tr[1]/td[3]/span/a
Found Element By : By.xpath: //table/tbody/tr[1]/td[3]/span/a
Trying to find Element By : By.xpath: //table/tbody/tr[1]/td[3]/span/a
Found Element By : By.xpath: //table/tbody/tr[1]/td[3]/span/a
Trying to find Element By : By.xpath: //table/tbody/tr[1]/td[3]/span/a
Found Element By : By.xpath: //table/tbody/tr[1]/td[3]/span/a
Trying to find Element By : By.xpath: //table/tbody/tr[1]/td[3]/span/a
Found Element By : By.xpath: //table/tbody/tr[1]/td[3]/span/a
Trying to find Element By : By.xpath: //table/tbody/tr[1]/td[3]/span/a
Found Element By : By.xpath: //table/tbody/tr[1]/td[3]/span/a
Trying to find Element By : By.xpath: //table/tbody/tr[1]/td[3]/span/a
Found Element By : By.xpath: //table/tbody/tr[1]/td[3]/span/a
Trying to find Element By : By.xpath: //table/tbody/tr[1]/td[3]/span/a
Found Element By : By.xpath: //table/tbody/tr[1]/td[3]/span/a
Trying to find Element By : By.xpath: //table/tbody/tr[1]/td[3]/span/a
Found Element By : By.xpath: //table/tbody/tr[1]/td[3]/span/a
Trying to find Element By : By.xpath: //table/tbody/tr[1]/td[3]/span/a
Found Element By : By.xpath: //table/tbody/tr[1]/td[3]/span/a
Trying to find Element By : By.xpath: //table/tbody/tr[1]/td[3]/span/a
Found Element By : By.xpath: //table/tbody/tr[1]/td[3]/span/a
Trying to find Element By : By.xpath: //table/tbody/tr[1]/td[3]/span/a
Found Element By : By.xpath: //table/tbody/tr[1]/td[3]/span/a
Trying to find Element By : By.xpath: //table/tbody/tr[1]/td[3]/span/a
Found Element By : By.xpath: //table/tbody/tr[1]/td[3]/span/a
Trying to find Element By : By.xpath: //table/tbody/tr[1]/td[3]/span/a
Found Element By : By.xpath: //table/tbody/tr[1]/td[3]/span/a
Trying to find Element By : By.xpath: //table/tbody/tr[1]/td[3]/span/a
Found Element By : By.xpath: //table/tbody/tr[1]/td[3]/span/a
Trying to find Element By : By.xpath: //table/tbody/tr[1]/td[3]/span/a
Found Element By : By.xpath: //table/tbody/tr[1]/td[3]/span/a
Trying to find Element By : By.xpath: //table/tbody/tr[1]/td[3]/span/a
Found Element By : By.xpath: //table/tbody/tr[1]/td[3]/span/a
Trying to find Element By : By.xpath: //table/tbody/tr[1]/td[3]/span/a
Found Element By : By.xpath: //table/tbody/tr[1]/td[3]/span/a
Trying to find Element By : By.xpath: //table/tbody/tr[1]/td[3]/span/a
Found Element By : By.xpath: //table/tbody/tr[1]/td[3]/span/a
Trying to find Element By : By.xpath: //table/tbody/tr[1]/td[3]/span/a
Found Element By : By.xpath: //table/tbody/tr[1]/td[3]/span/a
Trying to find Element By : By.xpath: //table/tbody/tr[1]/td[3]/span/a
Found Element By : By.xpath: //table/tbody/tr[1]/td[3]/span/a
Trying to find Element By : By.xpath: //table/tbody/tr[1]/td[3]/span/a
Found Element By : By.xpath: //table/tbody/tr[1]/td[3]/span/a
Trying to find Element By : By.xpath: //table/tbody/tr[1]/td[3]/span/a
Found Element By : By.xpath: //table/tbody/tr[1]/td[3]/span/a
Trying to find Element By : By.xpath: //table/tbody/tr[1]/td[3]/span/a
Found Element By : By.xpath: //table/tbody/tr[1]/td[3]/span/a
Trying to find Element By : By.xpath: //table/tbody/tr[1]/td[3]/span/a
Found Element By : By.xpath: //table/tbody/tr[1]/td[3]/span/a
Trying to find Element By : By.xpath: //table/tbody/tr[1]/td[3]/span/a
Found Element By : By.xpath: //table/tbody/tr[1]/td[3]/span/a
Trying to find Element By : By.xpath: //table/tbody/tr[1]/td[3]/span/a
Found Element By : By.xpath: //table/tbody/tr[1]/td[3]/span/a
Trying to find Element By : By.xpath: //table/tbody/tr[1]/td[3]/span/a
Found Element By : By.xpath: //table/tbody/tr[1]/td[3]/span/a
Trying to find Element By : By.xpath: //table/tbody/tr[1]/td[3]/span/a
Found Element By : By.xpath: //table/tbody/tr[1]/td[3]/span/a
Trying to find Element By : By.xpath: //table/tbody/tr[1]/td[3]/span/a
Found Element By : By.xpath: //table/tbody/tr[1]/td[3]/span/a
Trying to find Element By : By.xpath: //table/tbody/tr[1]/td[3]/span/a
Found Element By : By.xpath: //table/tbody/tr[1]/td[3]/span/a
Trying to find Element By : By.xpath: //table/tbody/tr[1]/td[3]/span/a
Found Element By : By.xpath: //table/tbody/tr[1]/td[3]/span/a
Trying to find Element By : By.xpath: //table/tbody/tr[1]/td[3]/span/a
Found Element By : By.xpath: //table/tbody/tr[1]/td[3]/span/a
Trying to find Element By : By.xpath: //table/tbody/tr[1]/td[3]/span/a
Found Element By : By.xpath: //table/tbody/tr[1]/td[3]/span/a
Trying to find Element By : By.xpath: //table/tbody/tr[1]/td[3]/span/a
Found Element By : By.xpath: //table/tbody/tr[1]/td[3]/span/a
Trying to find Element By : By.xpath: //table/tbody/tr[1]/td[3]/span/a
Found Element By : By.xpath: //table/tbody/tr[1]/td[3]/span/a
Trying to find Element By : By.xpath: //table/tbody/tr[1]/td[3]/span/a
Found Element By : By.xpath: //table/tbody/tr[1]/td[3]/span/a
Trying to find Element By : By.xpath: //table/tbody/tr[1]/td[3]/span/a
Found Element By : By.xpath: //table/tbody/tr[1]/td[3]/span/a
Trying to find Element By : By.xpath: //table/tbody/tr[1]/td[3]/span/a
Found Element By : By.xpath: //table/tbody/tr[1]/td[3]/span/a
Trying to find Element By : By.xpath: //table/tbody/tr[1]/td[3]/span/a
Found Element By : By.xpath: //table/tbody/tr[1]/td[3]/span/a
Trying to find Element By : By.xpath: //table/tbody/tr[1]/td[3]/span/a
Found Element By : By.xpath: //table/tbody/tr[1]/td[3]/span/a
Trying to find Element By : By.xpath: //table/tbody/tr[1]/td[3]/span/a
Found Element By : By.xpath: //table/tbody/tr[1]/td[3]/span/a
Trying to find Element By : By.xpath: //table/tbody/tr[1]/td[3]/span/a
Found Element By : By.xpath: //table/tbody/tr[1]/td[3]/span/a
Trying to find Element By : By.xpath: //table/tbody/tr[1]/td[3]/span/a
Found Element By : By.xpath: //table/tbody/tr[1]/td[3]/span/a
Trying to find Element By : By.xpath: //table/tbody/tr[1]/td[3]/span/a
Found Element By : By.xpath: //table/tbody/tr[1]/td[3]/span/a
Trying to find Element By : By.xpath: //table/tbody/tr[1]/td[3]/span/a
Found Element By : By.xpath: //table/tbody/tr[1]/td[3]/span/a
Trying to find Element By : By.xpath: //table/tbody/tr[1]/td[3]/span/a
Found Element By : By.xpath: //table/tbody/tr[1]/td[3]/span/a
Trying to find Element By : By.xpath: //table/tbody/tr[1]/td[3]/span/a
Found Element By : By.xpath: //table/tbody/tr[1]/td[3]/span/a
Trying to find Element By : By.xpath: //table/tbody/tr[1]/td[3]/span/a
Found Element By : By.xpath: //table/tbody/tr[1]/td[3]/span/a
Trying to find Element By : By.xpath: //table/tbody/tr[1]/td[3]/span/a
Found Element By : By.xpath: //table/tbody/tr[1]/td[3]/span/a
Trying to find Element By : By.xpath: //table/tbody/tr[1]/td[3]/span/a
Found Element By : By.xpath: //table/tbody/tr[1]/td[3]/span/a
Trying to find Element By : By.xpath: //table/tbody/tr[1]/td[3]/span/a
Found Element By : By.xpath: //table/tbody/tr[1]/td[3]/span/a
Trying to find Element By : By.xpath: //table/tbody/tr[1]/td[3]/span/a
Found Element By : By.xpath: //table/tbody/tr[1]/td[3]/span/a
Trying to find Element By : By.xpath: //table/tbody/tr[1]/td[3]/span/a
Found Element By : By.xpath: //table/tbody/tr[1]/td[3]/span/a
Trying to find Element By : By.xpath: //table/tbody/tr[1]/td[3]/span/a
Found Element By : By.xpath: //table/tbody/tr[1]/td[3]/span/a
Trying to find Element By : By.xpath: //table/tbody/tr[1]/td[3]/span/a
Found Element By : By.xpath: //table/tbody/tr[1]/td[3]/span/a
Trying to find Element By : By.xpath: //table/tbody/tr[1]/td[3]/span/a
Found Element By : By.xpath: //table/tbody/tr[1]/td[3]/span/a
Trying to find Element By : By.xpath: //table/tbody/tr[1]/td[3]/span/a
Found Element By : By.xpath: //table/tbody/tr[1]/td[3]/span/a
Trying to find Element By : By.xpath: //table/tbody/tr[1]/td[3]/span/a
Found Element By : By.xpath: //table/tbody/tr[1]/td[3]/span/a
Trying to find Element By : By.xpath: //table/tbody/tr[1]/td[3]/span/a
Found Element By : By.xpath: //table/tbody/tr[1]/td[3]/span/a
Trying to find Element By : By.xpath: //table/tbody/tr[1]/td[3]/span/a
Found Element By : By.xpath: //table/tbody/tr[1]/td[3]/span/a
Trying to find Element By : By.xpath: //table/tbody/tr[1]/td[3]/span/a
Found Element By : By.xpath: //table/tbody/tr[1]/td[3]/span/a
Trying to find Element By : By.xpath: //table/tbody/tr[1]/td[3]/span/a
Found Element By : By.xpath: //table/tbody/tr[1]/td[3]/span/a
Trying to find Element By : By.xpath: //table/tbody/tr[1]/td[3]/span/a
Found Element By : By.xpath: //table/tbody/tr[1]/td[3]/span/a
Trying to find Element By : By.xpath: //table/tbody/tr[1]/td[3]/span/a
Found Element By : By.xpath: //table/tbody/tr[1]/td[3]/span/a
Trying to find Element By : By.xpath: //table/tbody/tr[1]/td[3]/span/a
Found Element By : By.xpath: //table/tbody/tr[1]/td[3]/span/a
Trying to find Element By : By.xpath: //table/tbody/tr[1]/td[3]/span/a
Found Element By : By.xpath: //table/tbody/tr[1]/td[3]/span/a
Trying to find Element By : By.xpath: //table/tbody/tr[1]/td[3]/span/a
Found Element By : By.xpath: //table/tbody/tr[1]/td[3]/span/a
Trying to find Element By : By.xpath: //table/tbody/tr[1]/td[3]/span/a
Found Element By : By.xpath: //table/tbody/tr[1]/td[3]/span/a
Trying to find Element By : By.xpath: //table/tbody/tr[1]/td[3]/span/a
Found Element By : By.xpath: //table/tbody/tr[1]/td[3]/span/a
Trying to find Element By : By.xpath: //table/tbody/tr[1]/td[3]/span/a
Found Element By : By.xpath: //table/tbody/tr[1]/td[3]/span/a
Trying to find Element By : By.xpath: //table/tbody/tr[1]/td[3]/span/a
Found Element By : By.xpath: //table/tbody/tr[1]/td[3]/span/a
Trying to find Element By : By.xpath: //table/tbody/tr[1]/td[3]/span/a
Found Element By : By.xpath: //table/tbody/tr[1]/td[3]/span/a
Trying to find Element By : By.xpath: //table/tbody/tr[1]/td[3]/span/a
Found Element By : By.xpath: //table/tbody/tr[1]/td[3]/span/a
Trying to find Element By : By.xpath: //table/tbody/tr[1]/td[3]/span/a
Found Element By : By.xpath: //table/tbody/tr[1]/td[3]/span/a
Trying to find Element By : By.xpath: //table/tbody/tr[1]/td[3]/span/a
Found Element By : By.xpath: //table/tbody/tr[1]/td[3]/span/a
Trying to find Element By : By.xpath: //table/tbody/tr[1]/td[3]/span/a
Found Element By : By.xpath: //table/tbody/tr[1]/td[3]/span/a
Trying to find Element By : By.xpath: //table/tbody/tr[1]/td[3]/span/a
Found Element By : By.xpath: //table/tbody/tr[1]/td[3]/span/a
Trying to find Element By : By.xpath: //table/tbody/tr[1]/td[3]/span/a
Found Element By : By.xpath: //table/tbody/tr[1]/td[3]/span/a
Trying to find Element By : By.xpath: //table/tbody/tr[1]/td[3]/span/a
Found Element By : By.xpath: //table/tbody/tr[1]/td[3]/span/a
Trying to find Element By : By.xpath: //table/tbody/tr[1]/td[3]/span/a
Found Element By : By.xpath: //table/tbody/tr[1]/td[3]/span/a
Trying to find Element By : By.xpath: //table/tbody/tr[1]/td[3]/span/a
Found Element By : By.xpath: //table/tbody/tr[1]/td[3]/span/a
Trying to find Element By : By.xpath: //table/tbody/tr[1]/td[3]/span/a
Found Element By : By.xpath: //table/tbody/tr[1]/td[3]/span/a
Trying to find Element By : By.xpath: //table/tbody/tr[1]/td[3]/span/a
Found Element By : By.xpath: //table/tbody/tr[1]/td[3]/span/a
Trying to find Element By : By.xpath: //table/tbody/tr[1]/td[3]/span/a
Found Element By : By.xpath: //table/tbody/tr[1]/td[3]/span/a
Trying to find Element By : By.xpath: //table/tbody/tr[1]/td[3]/span/a
Found Element By : By.xpath: //table/tbody/tr[1]/td[3]/span/a
Trying to find Element By : By.xpath: //table/tbody/tr[1]/td[3]/span/a
Found Element By : By.xpath: //table/tbody/tr[1]/td[3]/span/a
Trying to find Element By : By.xpath: //table/tbody/tr[1]/td[3]/span/a
Found Element By : By.xpath: //table/tbody/tr[1]/td[3]/span/a
Trying to find Element By : By.xpath: //table/tbody/tr[1]/td[3]/span/a
Found Element By : By.xpath: //table/tbody/tr[1]/td[3]/span/a
Trying to find Element By : By.xpath: //table/tbody/tr[1]/td[3]/span/a
Found Element By : By.xpath: //table/tbody/tr[1]/td[3]/span/a
Trying to find Element By : By.xpath: //table/tbody/tr[1]/td[3]/span/a
Found Element By : By.xpath: //table/tbody/tr[1]/td[3]/span/a
Trying to find Element By : By.xpath: //table/tbody/tr[1]/td[3]/span/a
Found Element By : By.xpath: //table/tbody/tr[1]/td[3]/span/a
Trying to find Element By : By.xpath: //table/tbody/tr[1]/td[3]/span/a
Found Element By : By.xpath: //table/tbody/tr[1]/td[3]/span/a
Trying to find Element By : By.xpath: //table/tbody/tr[1]/td[3]/span/a
Found Element By : By.xpath: //table/tbody/tr[1]/td[3]/span/a
Trying to find Element By : By.xpath: //table/tbody/tr[1]/td[3]/span/a
Found Element By : By.xpath: //table/tbody/tr[1]/td[3]/span/a
Trying to find Element By : By.xpath: //table/tbody/tr[1]/td[3]/span/a
Found Element By : By.xpath: //table/tbody/tr[1]/td[3]/span/a
Trying to find Element By : By.xpath: //table/tbody/tr[1]/td[3]/span/a
Found Element By : By.xpath: //table/tbody/tr[1]/td[3]/span/a
Trying to find Element By : By.xpath: //table/tbody/tr[1]/td[3]/span/a
Found Element By : By.xpath: //table/tbody/tr[1]/td[3]/span/a
Trying to find Element By : By.xpath: //table/tbody/tr[1]/td[3]/span/a
Found Element By : By.xpath: //table/tbody/tr[1]/td[3]/span/a
Trying to find Element By : By.xpath: //table/tbody/tr[1]/td[3]/span/a
Found Element By : By.xpath: //table/tbody/tr[1]/td[3]/span/a
Trying to find Element By : By.xpath: //table/tbody/tr[1]/td[3]/span/a
Found Element By : By.xpath: //table/tbody/tr[1]/td[3]/span/a
Trying to find Element By : By.xpath: //table/tbody/tr[1]/td[3]/span/a
Found Element By : By.xpath: //table/tbody/tr[1]/td[3]/span/a
Trying to find Element By : By.xpath: //table/tbody/tr[1]/td[3]/span/a
Found Element By : By.xpath: //table/tbody/tr[1]/td[3]/span/a
Trying to find Element By : By.xpath: //table/tbody/tr[1]/td[3]/span/a
Found Element By : By.xpath: //table/tbody/tr[1]/td[3]/span/a
Trying to find Element By : By.xpath: //table/tbody/tr[1]/td[3]/span/a
Found Element By : By.xpath: //table/tbody/tr[1]/td[3]/span/a
Trying to find Element By : By.xpath: //table/tbody/tr[1]/td[3]/span/a
Found Element By : By.xpath: //table/tbody/tr[1]/td[3]/span/a
Trying to find Element By : By.xpath: //table/tbody/tr[1]/td[3]/span/a
Found Element By : By.xpath: //table/tbody/tr[1]/td[3]/span/a
Trying to find Element By : By.xpath: //table/tbody/tr[1]/td[3]/span/a
Found Element By : By.xpath: //table/tbody/tr[1]/td[3]/span/a
Trying to find Element By : By.xpath: //table/tbody/tr[1]/td[3]/span/a
Found Element By : By.xpath: //table/tbody/tr[1]/td[3]/span/a
Trying to find Element By : By.xpath: //table/tbody/tr[1]/td[3]/span/a
Found Element By : By.xpath: //table/tbody/tr[1]/td[3]/span/a
Trying to find Element By : By.xpath: //table/tbody/tr[1]/td[3]/span/a
Found Element By : By.xpath: //table/tbody/tr[1]/td[3]/span/a
Trying to find Element By : By.xpath: //table/tbody/tr[1]/td[3]/span/a
Found Element By : By.xpath: //table/tbody/tr[1]/td[3]/span/a
Trying to find Element By : By.xpath: //table/tbody/tr[1]/td[3]/span/a
Found Element By : By.xpath: //table/tbody/tr[1]/td[3]/span/a
Trying to find Element By : By.xpath: //table/tbody/tr[1]/td[3]/span/a
Found Element By : By.xpath: //table/tbody/tr[1]/td[3]/span/a
Trying to find Element By : By.xpath: //table/tbody/tr[1]/td[3]/span/a
Found Element By : By.xpath: //table/tbody/tr[1]/td[3]/span/a
Trying to find Element By : By.xpath: //table/tbody/tr[1]/td[3]/span/a
Found Element By : By.xpath: //table/tbody/tr[1]/td[3]/span/a
Trying to find Element By : By.xpath: //table/tbody/tr[1]/td[3]/span/a
Found Element By : By.xpath: //table/tbody/tr[1]/td[3]/span/a
Trying to find Element By : By.xpath: //table/tbody/tr[1]/td[3]/span/a
Found Element By : By.xpath: //table/tbody/tr[1]/td[3]/span/a
Trying to find Element By : By.xpath: //table/tbody/tr[1]/td[3]/span/a
Found Element By : By.xpath: //table/tbody/tr[1]/td[3]/span/a
Trying to find Element By : By.xpath: //table/tbody/tr[1]/td[3]/span/a
Found Element By : By.xpath: //table/tbody/tr[1]/td[3]/span/a
Trying to find Element By : By.xpath: //table/tbody/tr[1]/td[3]/span/a
Found Element By : By.xpath: //table/tbody/tr[1]/td[3]/span/a
Trying to find Element By : By.xpath: //table/tbody/tr[1]/td[3]/span/a
Found Element By : By.xpath: //table/tbody/tr[1]/td[3]/span/a
Trying to find Element By : By.xpath: //table/tbody/tr[1]/td[3]/span/a
Found Element By : By.xpath: //table/tbody/tr[1]/td[3]/span/a
Trying to find Element By : By.xpath: //table/tbody/tr[1]/td[3]/span/a
Found Element By : By.xpath: //table/tbody/tr[1]/td[3]/span/a
Trying to find Element By : By.xpath: //table/tbody/tr[1]/td[3]/span/a
Found Element By : By.xpath: //table/tbody/tr[1]/td[3]/span/a
Trying to find Element By : By.xpath: //table/tbody/tr[1]/td[3]/span/a
Found Element By : By.xpath: //table/tbody/tr[1]/td[3]/span/a
Trying to find Element By : By.xpath: //table/tbody/tr[1]/td[3]/span/a
Found Element By : By.xpath: //table/tbody/tr[1]/td[3]/span/a
Trying to find Element By : By.xpath: //table/tbody/tr[1]/td[3]/span/a
Found Element By : By.xpath: //table/tbody/tr[1]/td[3]/span/a
Trying to find Element By : By.xpath: //table/tbody/tr[1]/td[3]/span/a
Found Element By : By.xpath: //table/tbody/tr[1]/td[3]/span/a
Trying to find Element By : By.xpath: //table/tbody/tr[1]/td[3]/span/a
Found Element By : By.xpath: //table/tbody/tr[1]/td[3]/span/a
Trying to find Element By : By.xpath: //table/tbody/tr[1]/td[3]/span/a
Found Element By : By.xpath: //table/tbody/tr[1]/td[3]/span/a
Trying to find Element By : By.xpath: //table/tbody/tr[1]/td[3]/span/a
Found Element By : By.xpath: //table/tbody/tr[1]/td[3]/span/a
Trying to find Element By : By.xpath: //table/tbody/tr[1]/td[3]/span/a
Found Element By : By.xpath: //table/tbody/tr[1]/td[3]/span/a
Trying to find Element By : By.xpath: //table/tbody/tr[1]/td[3]/span/a
Found Element By : By.xpath: //table/tbody/tr[1]/td[3]/span/a
Trying to find Element By : By.xpath: //table/tbody/tr[1]/td[3]/span/a
Found Element By : By.xpath: //table/tbody/tr[1]/td[3]/span/a
Trying to find Element By : By.xpath: //table/tbody/tr[1]/td[3]/span/a
Found Element By : By.xpath: //table/tbody/tr[1]/td[3]/span/a
Trying to find Element By : By.xpath: //table/tbody/tr[1]/td[3]/span/a
Found Element By : By.xpath: //table/tbody/tr[1]/td[3]/span/a
Trying to find Element By : By.xpath: //table/tbody/tr[1]/td[3]/span/a
Found Element By : By.xpath: //table/tbody/tr[1]/td[3]/span/a
Trying to find Element By : By.xpath: //table/tbody/tr[1]/td[3]/span/a
Found Element By : By.xpath: //table/tbody/tr[1]/td[3]/span/a
Trying to find Element By : By.xpath: //table/tbody/tr[1]/td[3]/span/a
Found Element By : By.xpath: //table/tbody/tr[1]/td[3]/span/a
Trying to find Element By : By.xpath: //table/tbody/tr[1]/td[3]/span/a
Found Element By : By.xpath: //table/tbody/tr[1]/td[3]/span/a
Trying to find Element By : By.xpath: //table/tbody/tr[1]/td[3]/span/a
Found Element By : By.xpath: //table/tbody/tr[1]/td[3]/span/a
Trying to find Element By : By.xpath: //table/tbody/tr[1]/td[3]/span/a
Found Element By : By.xpath: //table/tbody/tr[1]/td[3]/span/a
Trying to find Element By : By.xpath: //table/tbody/tr[1]/td[3]/span/a
Found Element By : By.xpath: //table/tbody/tr[1]/td[3]/span/a
Trying to find Element By : By.xpath: //table/tbody/tr[1]/td[3]/span/a
Found Element By : By.xpath: //table/tbody/tr[1]/td[3]/span/a
Trying to find Element By : By.xpath: //table/tbody/tr[1]/td[3]/span/a
Found Element By : By.xpath: //table/tbody/tr[1]/td[3]/span/a
Trying to find Element By : By.xpath: //table/tbody/tr[1]/td[3]/span/a
Found Element By : By.xpath: //table/tbody/tr[1]/td[3]/span/a
Trying to find Element By : By.xpath: //table/tbody/tr[1]/td[3]/span/a
Found Element By : By.xpath: //table/tbody/tr[1]/td[3]/span/a
Trying to find Element By : By.xpath: //table/tbody/tr[1]/td[3]/span/a
Found Element By : By.xpath: //table/tbody/tr[1]/td[3]/span/a
Trying to find Element By : By.xpath: //table/tbody/tr[1]/td[3]/span/a
Found Element By : By.xpath: //table/tbody/tr[1]/td[3]/span/a
Trying to find Element By : By.xpath: //table/tbody/tr[1]/td[3]/span/a
Found Element By : By.xpath: //table/tbody/tr[1]/td[3]/span/a
Trying to find Element By : By.xpath: //table/tbody/tr[1]/td[3]/span/a
Found Element By : By.xpath: //table/tbody/tr[1]/td[3]/span/a
Trying to find Element By : By.xpath: //table/tbody/tr[1]/td[3]/span/a
Found Element By : By.xpath: //table/tbody/tr[1]/td[3]/span/a
Trying to find Element By : By.xpath: //table/tbody/tr[1]/td[3]/span/a
Found Element By : By.xpath: //table/tbody/tr[1]/td[3]/span/a
Trying to find Element By : By.xpath: //table/tbody/tr[1]/td[3]/span/a
Found Element By : By.xpath: //table/tbody/tr[1]/td[3]/span/a
Trying to find Element By : By.xpath: //table/tbody/tr[1]/td[3]/span/a
Found Element By : By.xpath: //table/tbody/tr[1]/td[3]/span/a
Trying to find Element By : By.xpath: //table/tbody/tr[1]/td[3]/span/a
Found Element By : By.xpath: //table/tbody/tr[1]/td[3]/span/a
Trying to find Element By : By.xpath: //table/tbody/tr[1]/td[3]/span/a
Found Element By : By.xpath: //table/tbody/tr[1]/td[3]/span/a
Trying to find Element By : By.xpath: //table/tbody/tr[1]/td[3]/span/a
Found Element By : By.xpath: //table/tbody/tr[1]/td[3]/span/a
Trying to find Element By : By.xpath: //table/tbody/tr[1]/td[3]/span/a
Found Element By : By.xpath: //table/tbody/tr[1]/td[3]/span/a
Trying to find Element By : By.xpath: //table/tbody/tr[1]/td[3]/span/a
Found Element By : By.xpath: //table/tbody/tr[1]/td[3]/span/a
Trying to find Element By : By.xpath: //table/tbody/tr[1]/td[3]/span/a
Found Element By : By.xpath: //table/tbody/tr[1]/td[3]/span/a
Trying to find Element By : By.xpath: //table/tbody/tr[1]/td[3]/span/a
Found Element By : By.xpath: //table/tbody/tr[1]/td[3]/span/a
Trying to find Element By : By.xpath: //table/tbody/tr[1]/td[3]/span/a
Found Element By : By.xpath: //table/tbody/tr[1]/td[3]/span/a
Trying to find Element By : By.xpath: //table/tbody/tr[1]/td[3]/span/a
Found Element By : By.xpath: //table/tbody/tr[1]/td[3]/span/a
Trying to find Element By : By.xpath: //table/tbody/tr[1]/td[3]/span/a
Found Element By : By.xpath: //table/tbody/tr[1]/td[3]/span/a
Trying to find Element By : By.xpath: //table/tbody/tr[1]/td[3]/span/a
Found Element By : By.xpath: //table/tbody/tr[1]/td[3]/span/a
Trying to find Element By : By.xpath: //table/tbody/tr[1]/td[3]/span/a
Found Element By : By.xpath: //table/tbody/tr[1]/td[3]/span/a
Trying to find Element By : By.xpath: //table/tbody/tr[1]/td[3]/span/a
Found Element By : By.xpath: //table/tbody/tr[1]/td[3]/span/a
Trying to find Element By : By.xpath: //table/tbody/tr[1]/td[3]/span/a
Found Element By : By.xpath: //table/tbody/tr[1]/td[3]/span/a
Trying to find Element By : By.xpath: //table/tbody/tr[1]/td[3]/span/a
Found Element By : By.xpath: //table/tbody/tr[1]/td[3]/span/a
Trying to find Element By : By.xpath: //table/tbody/tr[1]/td[3]/span/a
Found Element By : By.xpath: //table/tbody/tr[1]/td[3]/span/a
Trying to find Element By : By.xpath: //table/tbody/tr[1]/td[3]/span/a
Found Element By : By.xpath: //table/tbody/tr[1]/td[3]/span/a
Trying to find Element By : By.xpath: //table/tbody/tr[1]/td[3]/span/a
Found Element By : By.xpath: //table/tbody/tr[1]/td[3]/span/a
Trying to find Element By : By.xpath: //table/tbody/tr[1]/td[3]/span/a
Found Element By : By.xpath: //table/tbody/tr[1]/td[3]/span/a
Trying to find Element By : By.xpath: //table/tbody/tr[1]/td[3]/span/a
Found Element By : By.xpath: //table/tbody/tr[1]/td[3]/span/a
Trying to find Element By : By.xpath: //table/tbody/tr[1]/td[3]/span/a
Found Element By : By.xpath: //table/tbody/tr[1]/td[3]/span/a
Trying to find Element By : By.xpath: //table/tbody/tr[1]/td[3]/span/a
Found Element By : By.xpath: //table/tbody/tr[1]/td[3]/span/a
Trying to find Element By : By.xpath: //table/tbody/tr[1]/td[3]/span/a
Found Element By : By.xpath: //table/tbody/tr[1]/td[3]/span/a
Trying to find Element By : By.xpath: //table/tbody/tr[1]/td[3]/span/a
Found Element By : By.xpath: //table/tbody/tr[1]/td[3]/span/a
Trying to find Element By : By.xpath: //table/tbody/tr[1]/td[3]/span/a
Found Element By : By.xpath: //table/tbody/tr[1]/td[3]/span/a
Trying to find Element By : By.xpath: //table/tbody/tr[1]/td[3]/span/a
Found Element By : By.xpath: //table/tbody/tr[1]/td[3]/span/a
Trying to find Element By : By.xpath: //table/tbody/tr[1]/td[3]/span/a
Found Element By : By.xpath: //table/tbody/tr[1]/td[3]/span/a
Trying to find Element By : By.xpath: //table/tbody/tr[1]/td[3]/span/a
Found Element By : By.xpath: //table/tbody/tr[1]/td[3]/span/a
Trying to find Element By : By.xpath: //table/tbody/tr[1]/td[3]/span/a
Found Element By : By.xpath: //table/tbody/tr[1]/td[3]/span/a
Trying to find Element By : By.xpath: //table/tbody/tr[1]/td[3]/span/a
Found Element By : By.xpath: //table/tbody/tr[1]/td[3]/span/a
Trying to find Element By : By.xpath: //table/tbody/tr[1]/td[3]/span/a
Found Element By : By.xpath: //table/tbody/tr[1]/td[3]/span/a
Trying to find Element By : By.xpath: //table/tbody/tr[1]/td[3]/span/a
Found Element By : By.xpath: //table/tbody/tr[1]/td[3]/span/a
Trying to find Element By : By.xpath: //table/tbody/tr[1]/td[3]/span/a
Found Element By : By.xpath: //table/tbody/tr[1]/td[3]/span/a
Trying to find Element By : By.xpath: //table/tbody/tr[1]/td[3]/span/a
Found Element By : By.xpath: //table/tbody/tr[1]/td[3]/span/a
Trying to find Element By : By.xpath: //table/tbody/tr[1]/td[3]/span/a
Found Element By : By.xpath: //table/tbody/tr[1]/td[3]/span/a
Trying to find Element By : By.xpath: //table/tbody/tr[1]/td[3]/span/a
Found Element By : By.xpath: //table/tbody/tr[1]/td[3]/span/a
Trying to find Element By : By.xpath: //table/tbody/tr[1]/td[3]/span/a
Found Element By : By.xpath: //table/tbody/tr[1]/td[3]/span/a
Trying to find Element By : By.xpath: //table/tbody/tr[1]/td[3]/span/a
Found Element By : By.xpath: //table/tbody/tr[1]/td[3]/span/a
Trying to find Element By : By.xpath: //table/tbody/tr[1]/td[3]/span/a
Found Element By : By.xpath: //table/tbody/tr[1]/td[3]/span/a
Trying to find Element By : By.xpath: //table/tbody/tr[1]/td[3]/span/a
Found Element By : By.xpath: //table/tbody/tr[1]/td[3]/span/a
Trying to find Element By : By.xpath: //table/tbody/tr[1]/td[3]/span/a
Found Element By : By.xpath: //table/tbody/tr[1]/td[3]/span/a
Trying to find Element By : By.xpath: //table/tbody/tr[1]/td[3]/span/a
Found Element By : By.xpath: //table/tbody/tr[1]/td[3]/span/a
Trying to find Element By : By.xpath: //table/tbody/tr[1]/td[3]/span/a
Found Element By : By.xpath: //table/tbody/tr[1]/td[3]/span/a
Trying to find Element By : By.xpath: //table/tbody/tr[1]/td[3]/span/a
Found Element By : By.xpath: //table/tbody/tr[1]/td[3]/span/a
Trying to find Element By : By.xpath: //table/tbody/tr[1]/td[3]/span/a
Found Element By : By.xpath: //table/tbody/tr[1]/td[3]/span/a
Trying to find Element By : By.xpath: //table/tbody/tr[1]/td[3]/span/a
Found Element By : By.xpath: //table/tbody/tr[1]/td[3]/span/a
Trying to find Element By : By.xpath: //table/tbody/tr[1]/td[3]/span/a
Found Element By : By.xpath: //table/tbody/tr[1]/td[3]/span/a
Trying to find Element By : By.xpath: //table/tbody/tr[1]/td[3]/span/a
Found Element By : By.xpath: //table/tbody/tr[1]/td[3]/span/a
Trying to find Element By : By.xpath: //table/tbody/tr[1]/td[3]/span/a
Found Element By : By.xpath: //table/tbody/tr[1]/td[3]/span/a
Trying to find Element By : By.xpath: //table/tbody/tr[1]/td[3]/span/a
Found Element By : By.xpath: //table/tbody/tr[1]/td[3]/span/a
Trying to find Element By : By.xpath: //table/tbody/tr[1]/td[3]/span/a
Found Element By : By.xpath: //table/tbody/tr[1]/td[3]/span/a
Trying to find Element By : By.xpath: //table/tbody/tr[1]/td[3]/span/a
Found Element By : By.xpath: //table/tbody/tr[1]/td[3]/span/a
Trying to find Element By : By.xpath: //table/tbody/tr[1]/td[3]/span/a
Found Element By : By.xpath: //table/tbody/tr[1]/td[3]/span/a
Trying to find Element By : By.xpath: //table/tbody/tr[1]/td[3]/span/a
Found Element By : By.xpath: //table/tbody/tr[1]/td[3]/span/a
Trying to find Element By : By.xpath: //table/tbody/tr[1]/td[3]/span/a
Found Element By : By.xpath: //table/tbody/tr[1]/td[3]/span/a
Trying to find Element By : By.xpath: //table/tbody/tr[1]/td[3]/span/a
Found Element By : By.xpath: //table/tbody/tr[1]/td[3]/span/a
Trying to find Element By : By.xpath: //table/tbody/tr[1]/td[3]/span/a
Found Element By : By.xpath: //table/tbody/tr[1]/td[3]/span/a
Trying to find Element By : By.xpath: //table/tbody/tr[1]/td[3]/span/a
Found Element By : By.xpath: //table/tbody/tr[1]/td[3]/span/a
Trying to find Element By : By.xpath: //table/tbody/tr[1]/td[3]/span/a
Found Element By : By.xpath: //table/tbody/tr[1]/td[3]/span/a
Trying to find Element By : By.xpath: //table/tbody/tr[1]/td[3]/span/a
Found Element By : By.xpath: //table/tbody/tr[1]/td[3]/span/a
Trying to find Element By : By.xpath: //table/tbody/tr[1]/td[3]/span/a
Found Element By : By.xpath: //table/tbody/tr[1]/td[3]/span/a
Trying to find Element By : By.xpath: //table/tbody/tr[1]/td[3]/span/a
Found Element By : By.xpath: //table/tbody/tr[1]/td[3]/span/a
Trying to find Element By : By.xpath: //table/tbody/tr[1]/td[3]/span/a
Found Element By : By.xpath: //table/tbody/tr[1]/td[3]/span/a
Trying to find Element By : By.xpath: //table/tbody/tr[1]/td[3]/span/a
Found Element By : By.xpath: //table/tbody/tr[1]/td[3]/span/a
Trying to find Element By : By.xpath: //table/tbody/tr[1]/td[3]/span/a
Found Element By : By.xpath: //table/tbody/tr[1]/td[3]/span/a
Trying to find Element By : By.xpath: //table/tbody/tr[1]/td[3]/span/a
Found Element By : By.xpath: //table/tbody/tr[1]/td[3]/span/a
Trying to find Element By : By.xpath: //table/tbody/tr[1]/td[3]/span/a
Found Element By : By.xpath: //table/tbody/tr[1]/td[3]/span/a
Trying to find Element By : By.xpath: //table/tbody/tr[1]/td[3]/span/a
Found Element By : By.xpath: //table/tbody/tr[1]/td[3]/span/a
Trying to find Element By : By.xpath: //table/tbody/tr[1]/td[3]/span/a
Found Element By : By.xpath: //table/tbody/tr[1]/td[3]/span/a
Trying to find Element By : By.xpath: //table/tbody/tr[1]/td[3]/span/a
Found Element By : By.xpath: //table/tbody/tr[1]/td[3]/span/a
Trying to find Element By : By.xpath: //table/tbody/tr[1]/td[3]/span/a
Found Element By : By.xpath: //table/tbody/tr[1]/td[3]/span/a
Trying to find Element By : By.xpath: //table/tbody/tr[1]/td[3]/span/a
Found Element By : By.xpath: //table/tbody/tr[1]/td[3]/span/a
Trying to find Element By : By.xpath: //table/tbody/tr[1]/td[3]/span/a
Found Element By : By.xpath: //table/tbody/tr[1]/td[3]/span/a
Trying to find Element By : By.xpath: //table/tbody/tr[1]/td[3]/span/a
Found Element By : By.xpath: //table/tbody/tr[1]/td[3]/span/a
Trying to find Element By : By.xpath: //table/tbody/tr[1]/td[3]/span/a
Found Element By : By.xpath: //table/tbody/tr[1]/td[3]/span/a
Trying to find Element By : By.xpath: //table/tbody/tr[1]/td[3]/span/a
Found Element By : By.xpath: //table/tbody/tr[1]/td[3]/span/a
Trying to find Element By : By.xpath: //table/tbody/tr[1]/td[3]/span/a
Found Element By : By.xpath: //table/tbody/tr[1]/td[3]/span/a
Trying to find Element By : By.xpath: //table/tbody/tr[1]/td[3]/span/a
Found Element By : By.xpath: //table/tbody/tr[1]/td[3]/span/a
Trying to find Element By : By.xpath: //table/tbody/tr[1]/td[3]/span/a
Found Element By : By.xpath: //table/tbody/tr[1]/td[3]/span/a
Trying to find Element By : By.xpath: //table/tbody/tr[1]/td[3]/span/a
Found Element By : By.xpath: //table/tbody/tr[1]/td[3]/span/a
Trying to find Element By : By.xpath: //table/tbody/tr[1]/td[3]/span/a
Found Element By : By.xpath: //table/tbody/tr[1]/td[3]/span/a
Trying to find Element By : By.xpath: //table/tbody/tr[1]/td[3]/span/a
Found Element By : By.xpath: //table/tbody/tr[1]/td[3]/span/a
Trying to find Element By : By.xpath: //table/tbody/tr[1]/td[3]/span/a
Found Element By : By.xpath: //table/tbody/tr[1]/td[3]/span/a
Trying to find Element By : By.xpath: //table/tbody/tr[1]/td[3]/span/a
Found Element By : By.xpath: //table/tbody/tr[1]/td[3]/span/a
Trying to find Element By : By.xpath: //table/tbody/tr[1]/td[3]/span/a
Found Element By : By.xpath: //table/tbody/tr[1]/td[3]/span/a
Trying to find Element By : By.xpath: //table/tbody/tr[1]/td[3]/span/a
Found Element By : By.xpath: //table/tbody/tr[1]/td[3]/span/a
Trying to find Element By : By.xpath: //table/tbody/tr[1]/td[3]/span/a
Found Element By : By.xpath: //table/tbody/tr[1]/td[3]/span/a
Trying to find Element By : By.xpath: //table/tbody/tr[1]/td[3]/span/a
Found Element By : By.xpath: //table/tbody/tr[1]/td[3]/span/a
Trying to find Element By : By.xpath: //table/tbody/tr[1]/td[3]/span/a
Found Element By : By.xpath: //table/tbody/tr[1]/td[3]/span/a
Trying to find Element By : By.xpath: //table/tbody/tr[1]/td[3]/span/a
Found Element By : By.xpath: //table/tbody/tr[1]/td[3]/span/a
Trying to find Element By : By.xpath: //table/tbody/tr[1]/td[3]/span/a
Found Element By : By.xpath: //table/tbody/tr[1]/td[3]/span/a
Trying to find Element By : By.xpath: //table/tbody/tr[1]/td[3]/span/a
Found Element By : By.xpath: //table/tbody/tr[1]/td[3]/span/a
Trying to find Element By : By.xpath: //table/tbody/tr[1]/td[3]/span/a
Found Element By : By.xpath: //table/tbody/tr[1]/td[3]/span/a
Trying to find Element By : By.xpath: //table/tbody/tr[1]/td[3]/span/a
Found Element By : By.xpath: //table/tbody/tr[1]/td[3]/span/a
Trying to find Element By : By.xpath: //table/tbody/tr[1]/td[3]/span/a
Found Element By : By.xpath: //table/tbody/tr[1]/td[3]/span/a
Trying to find Element By : By.xpath: //table/tbody/tr[1]/td[3]/span/a
Found Element By : By.xpath: //table/tbody/tr[1]/td[3]/span/a
Trying to find Element By : By.xpath: //table/tbody/tr[1]/td[3]/span/a
Found Element By : By.xpath: //table/tbody/tr[1]/td[3]/span/a
Trying to find Element By : By.xpath: //table/tbody/tr[1]/td[3]/span/a
Found Element By : By.xpath: //table/tbody/tr[1]/td[3]/span/a
Trying to find Element By : By.xpath: //table/tbody/tr[1]/td[3]/span/a
Found Element By : By.xpath: //table/tbody/tr[1]/td[3]/span/a
Trying to find Element By : By.xpath: //table/tbody/tr[1]/td[3]/span/a
Found Element By : By.xpath: //table/tbody/tr[1]/td[3]/span/a
Trying to find Element By : By.xpath: //table/tbody/tr[1]/td[3]/span/a
Found Element By : By.xpath: //table/tbody/tr[1]/td[3]/span/a
Trying to find Element By : By.xpath: //table/tbody/tr[1]/td[3]/span/a
Found Element By : By.xpath: //table/tbody/tr[1]/td[3]/span/a
Trying to find Element By : By.xpath: //table/tbody/tr[1]/td[3]/span/a
Found Element By : By.xpath: //table/tbody/tr[1]/td[3]/span/a
Trying to find Element By : By.xpath: //table/tbody/tr[1]/td[3]/span/a
Found Element By : By.xpath: //table/tbody/tr[1]/td[3]/span/a
Trying to find Element By : By.xpath: //table/tbody/tr[1]/td[3]/span/a
Found Element By : By.xpath: //table/tbody/tr[1]/td[3]/span/a
Trying to find Element By : By.xpath: //table/tbody/tr[1]/td[3]/span/a
Found Element By : By.xpath: //table/tbody/tr[1]/td[3]/span/a
Trying to find Element By : By.xpath: //table/tbody/tr[1]/td[3]/span/a
Found Element By : By.xpath: //table/tbody/tr[1]/td[3]/span/a
Trying to find Element By : By.xpath: //table/tbody/tr[1]/td[3]/span/a
Found Element By : By.xpath: //table/tbody/tr[1]/td[3]/span/a
Trying to find Element By : By.xpath: //table/tbody/tr[1]/td[3]/span/a
Found Element By : By.xpath: //table/tbody/tr[1]/td[3]/span/a
Trying to find Element By : By.xpath: //table/tbody/tr[1]/td[3]/span/a
Found Element By : By.xpath: //table/tbody/tr[1]/td[3]/span/a
Trying to find Element By : By.xpath: //table/tbody/tr[1]/td[3]/span/a
Found Element By : By.xpath: //table/tbody/tr[1]/td[3]/span/a
Trying to find Element By : By.xpath: //table/tbody/tr[1]/td[3]/span/a
Found Element By : By.xpath: //table/tbody/tr[1]/td[3]/span/a
Trying to find Element By : By.xpath: //table/tbody/tr[1]/td[3]/span/a
Found Element By : By.xpath: //table/tbody/tr[1]/td[3]/span/a
Trying to find Element By : By.xpath: //table/tbody/tr[1]/td[3]/span/a
Found Element By : By.xpath: //table/tbody/tr[1]/td[3]/span/a
Trying to find Element By : By.xpath: //table/tbody/tr[1]/td[3]/span/a
Found Element By : By.xpath: //table/tbody/tr[1]/td[3]/span/a
Trying to find Element By : By.xpath: //table/tbody/tr[1]/td[3]/span/a
Found Element By : By.xpath: //table/tbody/tr[1]/td[3]/span/a
Trying to find Element By : By.xpath: //table/tbody/tr[1]/td[3]/span/a
Found Element By : By.xpath: //table/tbody/tr[1]/td[3]/span/a
Trying to find Element By : By.xpath: //table/tbody/tr[1]/td[3]/span/a
Found Element By : By.xpath: //table/tbody/tr[1]/td[3]/span/a
Trying to find Element By : By.xpath: //table/tbody/tr[1]/td[3]/span/a
Found Element By : By.xpath: //table/tbody/tr[1]/td[3]/span/a
Trying to find Element By : By.xpath: //table/tbody/tr[1]/td[3]/span/a
Found Element By : By.xpath: //table/tbody/tr[1]/td[3]/span/a
Trying to find Element By : By.xpath: //table/tbody/tr[1]/td[3]/span/a
Found Element By : By.xpath: //table/tbody/tr[1]/td[3]/span/a
Trying to find Element By : By.xpath: //table/tbody/tr[1]/td[3]/span/a
Found Element By : By.xpath: //table/tbody/tr[1]/td[3]/span/a
Trying to find Element By : By.xpath: //table/tbody/tr[1]/td[3]/span/a
Found Element By : By.xpath: //table/tbody/tr[1]/td[3]/span/a
Trying to find Element By : By.xpath: //table/tbody/tr[1]/td[3]/span/a
Found Element By : By.xpath: //table/tbody/tr[1]/td[3]/span/a
Trying to find Element By : By.xpath: //table/tbody/tr[1]/td[3]/span/a
Found Element By : By.xpath: //table/tbody/tr[1]/td[3]/span/a
Trying to find Element By : By.xpath: //table/tbody/tr[1]/td[3]/span/a
Found Element By : By.xpath: //table/tbody/tr[1]/td[3]/span/a
Trying to find Element By : By.xpath: //table/tbody/tr[1]/td[3]/span/a
Found Element By : By.xpath: //table/tbody/tr[1]/td[3]/span/a
Trying to find Element By : By.xpath: //table/tbody/tr[1]/td[3]/span/a
Found Element By : By.xpath: //table/tbody/tr[1]/td[3]/span/a
Trying to find Element By : By.xpath: //table/tbody/tr[1]/td[3]/span/a
Found Element By : By.xpath: //table/tbody/tr[1]/td[3]/span/a
Trying to find Element By : By.xpath: //table/tbody/tr[1]/td[3]/span/a
Found Element By : By.xpath: //table/tbody/tr[1]/td[3]/span/a
Trying to find Element By : By.xpath: //table/tbody/tr[1]/td[3]/span/a
Found Element By : By.xpath: //table/tbody/tr[1]/td[3]/span/a
Trying to find Element By : By.xpath: //table/tbody/tr[1]/td[3]/span/a
Found Element By : By.xpath: //table/tbody/tr[1]/td[3]/span/a
Trying to find Element By : By.xpath: //table/tbody/tr[1]/td[3]/span/a
Found Element By : By.xpath: //table/tbody/tr[1]/td[3]/span/a
Trying to find Element By : By.xpath: //table/tbody/tr[1]/td[3]/span/a
Found Element By : By.xpath: //table/tbody/tr[1]/td[3]/span/a
Trying to find Element By : By.xpath: //table/tbody/tr[1]/td[3]/span/a
Found Element By : By.xpath: //table/tbody/tr[1]/td[3]/span/a
Trying to find Element By : By.xpath: //table/tbody/tr[1]/td[3]/span/a
Found Element By : By.xpath: //table/tbody/tr[1]/td[3]/span/a
Trying to find Element By : By.xpath: //table/tbody/tr[1]/td[3]/span/a
Found Element By : By.xpath: //table/tbody/tr[1]/td[3]/span/a
Trying to find Element By : By.xpath: //table/tbody/tr[1]/td[3]/span/a
Found Element By : By.xpath: //table/tbody/tr[1]/td[3]/span/a
Trying to find Element By : By.xpath: //table/tbody/tr[1]/td[3]/span/a
Found Element By : By.xpath: //table/tbody/tr[1]/td[3]/span/a
Trying to find Element By : By.xpath: //table/tbody/tr[1]/td[3]/span/a
Found Element By : By.xpath: //table/tbody/tr[1]/td[3]/span/a
Trying to find Element By : By.xpath: //table/tbody/tr[1]/td[3]/span/a
Found Element By : By.xpath: //table/tbody/tr[1]/td[3]/span/a
Trying to find Element By : By.xpath: //table/tbody/tr[1]/td[3]/span/a
Found Element By : By.xpath: //table/tbody/tr[1]/td[3]/span/a
Trying to find Element By : By.xpath: //table/tbody/tr[1]/td[3]/span/a
Found Element By : By.xpath: //table/tbody/tr[1]/td[3]/span/a
Trying to find Element By : By.xpath: //table/tbody/tr[1]/td[3]/span/a
Found Element By : By.xpath: //table/tbody/tr[1]/td[3]/span/a
Trying to find Element By : By.xpath: //table/tbody/tr[1]/td[3]/span/a
Found Element By : By.xpath: //table/tbody/tr[1]/td[3]/span/a
Trying to find Element By : By.xpath: //table/tbody/tr[1]/td[3]/span/a
Found Element By : By.xpath: //table/tbody/tr[1]/td[3]/span/a
Trying to find Element By : By.xpath: //table/tbody/tr[1]/td[3]/span/a
Found Element By : By.xpath: //table/tbody/tr[1]/td[3]/span/a
Trying to find Element By : By.xpath: //table/tbody/tr[1]/td[3]/span/a
Found Element By : By.xpath: //table/tbody/tr[1]/td[3]/span/a
Trying to find Element By : By.xpath: //table/tbody/tr[1]/td[3]/span/a
Found Element By : By.xpath: //table/tbody/tr[1]/td[3]/span/a
Trying to find Element By : By.xpath: //table/tbody/tr[1]/td[3]/span/a
Found Element By : By.xpath: //table/tbody/tr[1]/td[3]/span/a
Trying to find Element By : By.xpath: //table/tbody/tr[1]/td[3]/span/a
Found Element By : By.xpath: //table/tbody/tr[1]/td[3]/span/a
Trying to find Element By : By.xpath: //table/tbody/tr[1]/td[3]/span/a
Found Element By : By.xpath: //table/tbody/tr[1]/td[3]/span/a
Trying to find Element By : By.xpath: //table/tbody/tr[1]/td[3]/span/a
Found Element By : By.xpath: //table/tbody/tr[1]/td[3]/span/a
Trying to find Element By : By.xpath: //table/tbody/tr[1]/td[3]/span/a
Found Element By : By.xpath: //table/tbody/tr[1]/td[3]/span/a
Trying to find Element By : By.xpath: //table/tbody/tr[1]/td[3]/span/a
Found Element By : By.xpath: //table/tbody/tr[1]/td[3]/span/a
Trying to find Element By : By.xpath: //table/tbody/tr[1]/td[3]/span/a
Found Element By : By.xpath: //table/tbody/tr[1]/td[3]/span/a
Trying to find Element By : By.xpath: //table/tbody/tr[1]/td[3]/span/a
Trying to find Element By : By.xpath: //table/tbody/tr[1]/td[3]/span/a
Trying to find Element By : By.xpath: //table/tbody/tr[1]/td[3]/span/a
Trying to find Element By : By.xpath: //table/tbody/tr[1]/td[3]/span/a
Trying to find Element By : By.xpath: //table/tbody/tr[1]/td[3]/span/a
Trying to find Element By : By.xpath: //table/tbody/tr[1]/td[3]/span/a
Trying to find Element By : By.xpath: //table/tbody/tr[1]/td[3]/span/a
Trying to find Element By : By.xpath: //table/tbody/tr[1]/td[3]/span/a
Trying to find Element By : By.xpath: //table/tbody/tr[1]/td[3]/span/a
Trying to find Element By : By.xpath: //table/tbody/tr[1]/td[3]/span/a
Trying to find Element By : By.xpath: //table/tbody/tr[1]/td[3]/span/a
Trying to find Element By : By.xpath: //table/tbody/tr[1]/td[3]/span/a
Trying to find Element By : By.xpath: //table/tbody/tr[1]/td[3]/span/a
Trying to find Element By : By.xpath: //table/tbody/tr[1]/td[3]/span/a
Trying to find Element By : By.xpath: //table/tbody/tr[1]/td[3]/span/a
Trying to find Element By : By.xpath: //table/tbody/tr[1]/td[3]/span/a
Trying to find Element By : By.xpath: //table/tbody/tr[1]/td[3]/span/a
Trying to find Element By : By.xpath: //table/tbody/tr[1]/td[3]/span/a
Trying to find Element By : By.xpath: //table/tbody/tr[1]/td[3]/span/a
Trying to find Element By : By.xpath: //table/tbody/tr[1]/td[3]/span/a
Trying to find Element By : By.xpath: //table/tbody/tr[1]/td[3]/span/a
Trying to find Element By : By.xpath: //table/tbody/tr[1]/td[3]/span/a
Trying to find Element By : By.xpath: //table/tbody/tr[1]/td[3]/span/a
Trying to find Element By : By.xpath: //table/tbody/tr[1]/td[3]/span/a
Trying to find Element By : By.xpath: //table/tbody/tr[1]/td[3]/span/a
Trying to find Element By : By.xpath: //table/tbody/tr[1]/td[3]/span/a
&amp#27;[31mFailure in after hook:&amp#27;[0m&amp#27;[31mLoginStepDefinition.tearDown(Scenario)&amp#27;[0m
&amp#27;[31mMessage: &amp#27;[0m&amp#27;[31morg.openqa.selenium.WebDriverException: chrome not reachable
  (Session info: chrome=83.0.4103.97)
Build info: version: '3.11.0', revision: 'e59cfb3', time: '2018-03-11T20:26:55.152Z'
System info: host: 'RINMAC632', ip: 'fe80:0:0:0:48d:2e77:d6ee:c314%en0', os.name: 'Mac OS X', os.arch: 'x86_64', os.version: '10.14.6', java.version: '11.0.5'
Driver info: org.openqa.selenium.chrome.ChromeDriver
Capabilities {acceptInsecureCerts: false, browserName: chrome, browserVersion: 83.0.4103.97, chrome: {chromedriverVersion: 83.0.4103.39 (ccbf011cb2d2b..., userDataDir: /var/folders/gx/88xk1g2945q...}, goog:chromeOptions: {debuggerAddress: localhost:56214}, javascriptEnabled: true, networkConnectionEnabled: false, pageLoadStrategy: normal, platform: MAC, platformName: MAC, proxy: Proxy(), setWindowRect: true, strictFileInteractability: false, timeouts: {implicit: 0, pageLoad: 300000, script: 30000}, unhandledPromptBehavior: dismiss and notify, webauthn:virtualAuthenticators: true}
Session ID: 5ad78e7be7e541d14da3e226e2612270
	at java.base/jdk.internal.reflect.NativeConstructorAccessorImpl.newInstance0(Native Method)
	at java.base/jdk.internal.reflect.NativeConstructorAccessorImpl.newInstance(NativeConstructorAccessorImpl.java:62)
	at java.base/jdk.internal.reflect.DelegatingConstructorAccessorImpl.newInstance(DelegatingConstructorAccessorImpl.java:45)
	at java.base/java.lang.reflect.Constructor.newInstance(Constructor.java:490)
	at org.openqa.selenium.remote.http.W3CHttpResponseCodec.createException(W3CHttpResponseCodec.java:187)
	at org.openqa.selenium.remote.http.W3CHttpResponseCodec.decode(W3CHttpResponseCodec.java:122)
	at org.openqa.selenium.remote.http.W3CHttpResponseCodec.decode(W3CHttpResponseCodec.java:49)
	at org.openqa.selenium.remote.HttpCommandExecutor.execute(HttpCommandExecutor.java:158)
	at org.openqa.selenium.remote.service.DriverCommandExecutor.execute(DriverCommandExecutor.java:83)
	at org.openqa.selenium.remote.RemoteWebDriver.execute(RemoteWebDriver.java:545)
	at org.openqa.selenium.remote.RemoteWebDriver.execute(RemoteWebDriver.java:602)
	at org.openqa.selenium.remote.RemoteWebDriver.getScreenshotAs(RemoteWebDriver.java:291)
	at jdk.internal.reflect.GeneratedMethodAccessor45.invoke(Unknown Source)
	at java.base/jdk.internal.reflect.DelegatingMethodAccessorImpl.invoke(DelegatingMethodAccessorImpl.java:43)
	at java.base/java.lang.reflect.Method.invoke(Method.java:566)
	at org.openqa.selenium.support.events.EventFiringWebDriver.lambda$new$1(EventFiringWebDriver.java:103)
	at com.sun.proxy.$Proxy20.getScreenshotAs(Unknown Source)
	at org.openqa.selenium.support.events.EventFiringWebDriver.getScreenshotAs(EventFiringWebDriver.java:285)
	at RXUtitities.RXUtile.takeScreenshotAtEndOfTest(RXUtile.java:159)
	at stepDefinitions.LoginStepDefinition.tearDown(LoginStepDefinition.java:100)
	at jdk.internal.reflect.GeneratedMethodAccessor44.invoke(Unknown Source)
	at java.base/jdk.internal.reflect.DelegatingMethodAccessorImpl.invoke(DelegatingMethodAccessorImpl.java:43)
	at java.base/java.lang.reflect.Method.invoke(Method.java:566)
	at cucumber.runtime.Utils$1.call(Utils.java:40)
	at cucumber.runtime.Timeout.timeout(Timeout.java:16)
	at cucumber.runtime.Utils.invoke(Utils.java:34)
	at cucumber.runtime.java.JavaHookDefinition.execute(JavaHookDefinition.java:60)
	at cucumber.runtime.Runtime.runHookIfTagsMatch(Runtime.java:224)
	at cucumber.runtime.Runtime.runHooks(Runtime.java:212)
	at cucumber.runtime.Runtime.runAfterHooks(Runtime.java:206)
	at cucumber.runtime.model.CucumberScenario.run(CucumberScenario.java:46)
	at cucumber.runtime.model.CucumberFeature.run(CucumberFeature.java:165)
	at cucumber.api.testng.TestNGCucumberRunner.runCucumber(TestNGCucumberRunner.java:63)
	at MyRunner.TestRunner.feature(TestRunner.java:44)
	at java.base/jdk.internal.reflect.NativeMethodAccessorImpl.invoke0(Native Method)
	at java.base/jdk.internal.reflect.NativeMethodAccessorImpl.invoke(NativeMethodAccessorImpl.java:62)
	at java.base/jdk.internal.reflect.DelegatingMethodAccessorImpl.invoke(DelegatingMethodAccessorImpl.java:43)
	at java.base/java.lang.reflect.Method.invoke(Method.java:566)
	at org.testng.internal.MethodInvocationHelper.invokeMethod(MethodInvocationHelper.java:124)
	at org.testng.internal.Invoker.invokeMethod(Invoker.java:583)
	at org.testng.internal.Invoker.invokeTestMethod(Invoker.java:719)
	at org.testng.internal.Invoker.invokeTestMethods(Invoker.java:989)
	at org.testng.internal.TestMethodWorker.invokeTestMethods(TestMethodWorker.java:125)
	at org.testng.internal.TestMethodWorker.run(TestMethodWorker.java:109)
	at org.testng.TestRunner.privateRun(TestRunner.java:648)
	at org.testng.TestRunner.run(TestRunner.java:505)
	at org.testng.SuiteRunner.runTest(SuiteRunner.java:455)
	at org.testng.SuiteRunner.access$000(SuiteRunner.java:40)
	at org.testng.SuiteRunner$SuiteWorker.run(SuiteRunner.java:489)
	at org.testng.internal.thread.ThreadUtil$1.call(ThreadUtil.java:52)
	at java.base/java.util.concurrent.FutureTask.run(FutureTask.java:264)
	at java.base/java.util.concurrent.ThreadPoolExecutor.runWorker(ThreadPoolExecutor.java:1128)
	at java.base/java.util.concurrent.ThreadPoolExecutor$Worker.run(ThreadPoolExecutor.java:628)
	at java.base/java.lang.Thread.run(Thread.java:834)
&amp#27;[0m
      &amp#27;[31morg.openqa.selenium.WebDriverException: chrome not reachable
        (Session info: chrome=83.0.4103.97)
      Build info: version: '3.11.0', revision: 'e59cfb3', time: '2018-03-11T20:26:55.152Z'
      System info: host: 'RINMAC632', ip: 'fe80:0:0:0:48d:2e77:d6ee:c314%en0', os.name: 'Mac OS X', os.arch: 'x86_64', os.version: '10.14.6', java.version: '11.0.5'
      Driver info: org.openqa.selenium.chrome.ChromeDriver
      Capabilities {acceptInsecureCerts: false, browserName: chrome, browserVersion: 83.0.4103.97, chrome: {chromedriverVersion: 83.0.4103.39 (ccbf011cb2d2b..., userDataDir: /var/folders/gx/88xk1g2945q...}, goog:chromeOptions: {debuggerAddress: localhost:56214}, javascriptEnabled: true, networkConnectionEnabled: false, pageLoadStrategy: normal, platform: MAC, platformName: MAC, proxy: Proxy(), setWindowRect: true, strictFileInteractability: false, timeouts: {implicit: 0, pageLoad: 300000, script: 30000}, unhandledPromptBehavior: dismiss and notify, webauthn:virtualAuthenticators: true}
      Session ID: 5ad78e7be7e541d14da3e226e2612270
      	at java.base/jdk.internal.reflect.NativeConstructorAccessorImpl.newInstance0(Native Method)
      	at java.base/jdk.internal.reflect.NativeConstructorAccessorImpl.newInstance(NativeConstructorAccessorImpl.java:62)
      	at java.base/jdk.internal.reflect.DelegatingConstructorAccessorImpl.newInstance(DelegatingConstructorAccessorImpl.java:45)
      	at java.base/java.lang.reflect.Constructor.newInstance(Constructor.java:490)
      	at org.openqa.selenium.remote.http.W3CHttpResponseCodec.createException(W3CHttpResponseCodec.java:187)
      	at org.openqa.selenium.remote.http.W3CHttpResponseCodec.decode(W3CHttpResponseCodec.java:122)
      	at org.openqa.selenium.remote.http.W3CHttpResponseCodec.decode(W3CHttpResponseCodec.java:49)
      	at org.openqa.selenium.remote.HttpCommandExecutor.execute(HttpCommandExecutor.java:158)
      	at org.openqa.selenium.remote.service.DriverCommandExecutor.execute(DriverCommandExecutor.java:83)
      	at org.openqa.selenium.remote.RemoteWebDriver.execute(RemoteWebDriver.java:545)
      	at org.openqa.selenium.remote.RemoteWebDriver.execute(RemoteWebDriver.java:602)
      	at org.openqa.selenium.remote.RemoteWebDriver.getScreenshotAs(RemoteWebDriver.java:291)
      	at jdk.internal.reflect.GeneratedMethodAccessor45.invoke(Unknown Source)
      	at java.base/jdk.internal.reflect.DelegatingMethodAccessorImpl.invoke(DelegatingMethodAccessorImpl.java:43)
      	at java.base/java.lang.reflect.Method.invoke(Method.java:566)
      	at org.openqa.selenium.support.events.EventFiringWebDriver.lambda$new$1(EventFiringWebDriver.java:103)
      	at com.sun.proxy.$Proxy20.getScreenshotAs(Unknown Source)
      	at org.openqa.selenium.support.events.EventFiringWebDriver.getScreenshotAs(EventFiringWebDriver.java:285)
      	at RXUtitities.RXUtile.takeScreenshotAtEndOfTest(RXUtile.java:159)
      	at stepDefinitions.LoginStepDefinition.tearDown(LoginStepDefinition.java:100)
      	at jdk.internal.reflect.GeneratedMethodAccessor44.invoke(Unknown Source)
      	at java.base/jdk.internal.reflect.DelegatingMethodAccessorImpl.invoke(DelegatingMethodAccessorImpl.java:43)
      	at java.base/java.lang.reflect.Method.invoke(Method.java:566)
      	at cucumber.runtime.Utils$1.call(Utils.java:40)
      	at cucumber.runtime.Timeout.timeout(Timeout.java:16)
      	at cucumber.runtime.Utils.invoke(Utils.java:34)
      	at cucumber.runtime.java.JavaHookDefinition.execute(JavaHookDefinition.java:60)
      	at cucumber.runtime.Runtime.runHookIfTagsMatch(Runtime.java:224)
      	at cucumber.runtime.Runtime.runHooks(Runtime.java:212)
      	at cucumber.runtime.Runtime.runAfterHooks(Runtime.java:206)
      	at cucumber.runtime.model.CucumberScenario.run(CucumberScenario.java:46)
      	at cucumber.runtime.model.CucumberFeature.run(CucumberFeature.java:165)
      	at cucumber.api.testng.TestNGCucumberRunner.runCucumber(TestNGCucumberRunner.java:63)
      	at MyRunner.TestRunner.feature(TestRunner.java:44)
      	at java.base/jdk.internal.reflect.NativeMethodAccessorImpl.invoke0(Native Method)
      	at java.base/jdk.internal.reflect.NativeMethodAccessorImpl.invoke(NativeMethodAccessorImpl.java:62)
      	at java.base/jdk.internal.reflect.DelegatingMethodAccessorImpl.invoke(DelegatingMethodAccessorImpl.java:43)
      	at java.base/java.lang.reflect.Method.invoke(Method.java:566)
      	at org.testng.internal.MethodInvocationHelper.invokeMethod(MethodInvocationHelper.java:124)
      	at org.testng.internal.Invoker.invokeMethod(Invoker.java:583)
      	at org.testng.internal.Invoker.invokeTestMethod(Invoker.java:719)
      	at org.testng.internal.Invoker.invokeTestMethods(Invoker.java:989)
      	at org.testng.internal.TestMethodWorker.invokeTestMethods(TestMethodWorker.java:125)
      	at org.testng.internal.TestMethodWorker.run(TestMethodWorker.java:109)
      	at org.testng.TestRunner.privateRun(TestRunner.java:648)
      	at org.testng.TestRunner.run(TestRunner.java:505)
      	at org.testng.SuiteRunner.runTest(SuiteRunner.java:455)
      	at org.testng.SuiteRunner.access$000(SuiteRunner.java:40)
      	at org.testng.SuiteRunner$SuiteWorker.run(SuiteRunner.java:489)
      	at org.testng.internal.thread.ThreadUtil$1.call(ThreadUtil.java:52)
      	at java.base/java.util.concurrent.FutureTask.run(FutureTask.java:264)
      	at java.base/java.util.concurrent.ThreadPoolExecutor.runWorker(ThreadPoolExecutor.java:1128)
      	at java.base/java.util.concurrent.ThreadPoolExecutor$Worker.run(ThreadPoolExecutor.java:628)
      	at java.base/java.lang.Thread.run(Thread.java:834)
      &amp#27;[0m
Before navigating to: 'http://qa-publisher-portal.rmp.rakuten.com/login'
Navigated to:'http://qa-publisher-portal.rmp.rakuten.com/login'

  Scenario: Verify if user is able to create the Inactive Seat with admin role. &amp#27;[90m# RXSeats.feature:30&amp#27;[0m
    &amp#27;[32mGiven &amp#27;[0m&amp#27;[32madmin user login to RX UI with valid username and password&amp#27;[0m            &amp#27;[90m# ProfileStepDefinition.admin_user_login_to_RX_UI_with_valid_username_and_password()&amp#27;[0m
    &amp#27;[32mWhen &amp#27;[0m&amp#27;[32mClick on create seat button.&amp#27;[0m                                           &amp#27;[90m# SeatsPageStepsDefinition.click_on_create_seat_button()&amp#27;[0m
    &amp#27;[32mThen &amp#27;[0m&amp#27;[32mFill the Inactive create seat page .&amp#27;[0m                                   &amp#27;[90m# SeatsPageStepsDefinition.fill_the_Inactive_create_seat_page()&amp#27;[0m
    &amp#27;[32mThen &amp#27;[0m&amp#27;[32mClick on Save and close the create seat page&amp#27;[0m                           &amp#27;[90m# SeatsPageStepsDefinition.click_on_Save()&amp#27;[0m
    &amp#27;[31mThen &amp#27;[0m&amp#27;[31mNavigate to Inactive create seat page and validate the filled data.&amp#27;[0m    &amp#27;[90m# SeatsPageStepsDefinition.navigate_to_Inactive_create_seat_page_and_validate_the_filled_data()&amp#27;[0m
      &amp#27;[31morg.openqa.selenium.WebDriverException: chrome not reachable
        (Session info: chrome=83.0.4103.97)
      Build info: version: '3.11.0', revision: 'e59cfb3', time: '2018-03-11T20:26:55.152Z'
      System info: host: 'RINMAC632', ip: 'fe80:0:0:0:48d:2e77:d6ee:c314%en0', os.name: 'Mac OS X', os.arch: 'x86_64', os.version: '10.14.6', java.version: '11.0.5'
      Driver info: org.openqa.selenium.chrome.ChromeDriver
      Capabilities {acceptInsecureCerts: false, browserName: chrome, browserVersion: 83.0.4103.97, chrome: {chromedriverVersion: 83.0.4103.39 (ccbf011cb2d2b..., userDataDir: /var/folders/gx/88xk1g2945q...}, goog:chromeOptions: {debuggerAddress: localhost:56214}, javascriptEnabled: true, networkConnectionEnabled: false, pageLoadStrategy: normal, platform: MAC, platformName: MAC, proxy: Proxy(), setWindowRect: true, strictFileInteractability: false, timeouts: {implicit: 0, pageLoad: 300000, script: 30000}, unhandledPromptBehavior: dismiss and notify, webauthn:virtualAuthenticators: true}
      Session ID: 5ad78e7be7e541d14da3e226e2612270
      *** Element info: {Using=xpath, value=//table/tbody/tr[1]/td[3]/span/a}
      	at java.base/jdk.internal.reflect.NativeConstructorAccessorImpl.newInstance0(Native Method)
      	at java.base/jdk.internal.reflect.NativeConstructorAccessorImpl.newInstance(NativeConstructorAccessorImpl.java:62)
      	at java.base/jdk.internal.reflect.DelegatingConstructorAccessorImpl.newInstance(DelegatingConstructorAccessorImpl.java:45)
      	at java.base/java.lang.reflect.Constructor.newInstance(Constructor.java:490)
      	at org.openqa.selenium.remote.http.W3CHttpResponseCodec.createException(W3CHttpResponseCodec.java:187)
      	at org.openqa.selenium.remote.http.W3CHttpResponseCodec.decode(W3CHttpResponseCodec.java:122)
      	at org.openqa.selenium.remote.http.W3CHttpResponseCodec.decode(W3CHttpResponseCodec.java:49)
      	at org.openqa.selenium.remote.HttpCommandExecutor.execute(HttpCommandExecutor.java:158)
      	at org.openqa.selenium.remote.service.DriverCommandExecutor.execute(DriverCommandExecutor.java:83)
      	at org.openqa.selenium.remote.RemoteWebDriver.execute(RemoteWebDriver.java:545)
      	at org.openqa.selenium.remote.RemoteWebDriver.findElement(RemoteWebDriver.java:319)
      	at org.openqa.selenium.remote.RemoteWebDriver.findElementByXPath(RemoteWebDriver.java:421)
      	at org.openqa.selenium.By$ByXPath.findElement(By.java:361)
      	at org.openqa.selenium.remote.RemoteWebDriver.findElement(RemoteWebDriver.java:311)
      	at jdk.internal.reflect.GeneratedMethodAccessor13.invoke(Unknown Source)
      	at java.base/jdk.internal.reflect.DelegatingMethodAccessorImpl.invoke(DelegatingMethodAccessorImpl.java:43)
      	at java.base/java.lang.reflect.Method.invoke(Method.java:566)
      	at org.openqa.selenium.support.events.EventFiringWebDriver.lambda$new$1(EventFiringWebDriver.java:103)
      	at com.sun.proxy.$Proxy20.findElement(Unknown Source)
      	at org.openqa.selenium.support.events.EventFiringWebDriver.findElement(EventFiringWebDriver.java:186)
      	at org.openqa.selenium.support.pagefactory.DefaultElementLocator.findElement(DefaultElementLocator.java:69)
      	at org.openqa.selenium.support.pagefactory.internal.LocatingElementHandler.invoke(LocatingElementHandler.java:38)
      	at com.sun.proxy.$Proxy23.getText(Unknown Source)
      	at org.openqa.selenium.support.ui.ExpectedConditions$12.apply(ExpectedConditions.java:354)
      	at org.openqa.selenium.support.ui.ExpectedConditions$12.apply(ExpectedConditions.java:350)
      	at org.openqa.selenium.support.ui.FluentWait.until(FluentWait.java:248)
      	at RXPages.RXSeatsPage.getTheSeatIdandClickCheckBox(RXSeatsPage.java:379)
      	at stepDefinitions.SeatsPageStepsDefinition.navigate_to_Inactive_create_seat_page_and_validate_the_filled_data(SeatsPageStepsDefinition.java:534)
      	at ✽.Then Navigate to Inactive create seat page and validate the filled data.(RXSeats.feature:35)
      &amp#27;[0m
    &amp#27;[36mThen &amp#27;[0m&amp#27;[36mValidate the created seat data reflects in the Inactive tab.&amp#27;[0m           &amp#27;[90m# SeatsPageStepsDefinition.validate_the_created_seat_data_reflects_in_the_Inactive_tab()&amp#27;[0m
Trying to find Element By : By.xpath: //input[@autofocus="autofocus"]
Found Element By : By.xpath: //input[@autofocus="autofocus"]
Value of the:[[ChromeDriver: chrome on MAC (1d18907684dd51e19f8701c0198e8eab)] -> xpath: //input[@autofocus="autofocus"]] before any changes made
Element value changed to: [[ChromeDriver: chrome on MAC (1d18907684dd51e19f8701c0198e8eab)] -> xpath: //input[@autofocus="autofocus"]]
Trying to find Element By : By.xpath: //input[@type="password"]
Found Element By : By.xpath: //input[@type="password"]
Value of the:[[ChromeDriver: chrome on MAC (1d18907684dd51e19f8701c0198e8eab)] -> xpath: //input[@type="password"]] before any changes made
Element value changed to: [[ChromeDriver: chrome on MAC (1d18907684dd51e19f8701c0198e8eab)] -> xpath: //input[@type="password"]]
Trying to find Element By : By.xpath: //span[text()='Login']
Found Element By : By.xpath: //span[text()='Login']
Trying to click on: [[ChromeDriver: chrome on MAC (1d18907684dd51e19f8701c0198e8eab)] -> xpath: //span[text()='Login']]
Clicked on: [[ChromeDriver: chrome on MAC (1d18907684dd51e19f8701c0198e8eab)] -> xpath: //span[text()='Login']]
Trying to find Element By : By.xpath: //div[@class="logo"]
Found Element By : By.xpath: //div[@class="logo"]
Trying to find Element By : By.xpath: //div[text()='Seats']
Found Element By : By.xpath: //div[text()='Seats']
Trying to find Element By : By.xpath: //div[text()='Seats']
Found Element By : By.xpath: //div[text()='Seats']
Trying to click on: [[ChromeDriver: chrome on MAC (1d18907684dd51e19f8701c0198e8eab)] -> xpath: //div[text()='Seats']]
Clicked on: [[ChromeDriver: chrome on MAC (1d18907684dd51e19f8701c0198e8eab)] -> xpath: //div[text()='Seats']]
Trying to find Element By : By.xpath: //h1[text()='Seats']
Found Element By : By.xpath: //h1[text()='Seats']
06-09-2020 09:22:24 SeatsPageStepsDefinition.java INFO  [TestNG-tests-1] stepDefinitions.SeatsPageStepsDefinition 393 - Clicked on Seats option under Account
Trying to find Element By : By.xpath: //span[text()='Active']
Found Element By : By.xpath: //span[text()='Active']
Trying to find Element By : By.xpath: //h1[text()='Seats']
Found Element By : By.xpath: //h1[text()='Seats']
Trying to find Element By : By.xpath: //span[text()='Active']
Found Element By : By.xpath: //span[text()='Active']
Trying to find Element By : By.xpath: //span[text()='Active']
Found Element By : By.xpath: //span[text()='Active']
Trying to find Element By : By.xpath: //span[text()='Active']
Found Element By : By.xpath: //span[text()='Active']
Trying to click on: [[ChromeDriver: chrome on MAC (1d18907684dd51e19f8701c0198e8eab)] -> xpath: //span[text()='Active']]
Clicked on: [[ChromeDriver: chrome on MAC (1d18907684dd51e19f8701c0198e8eab)] -> xpath: //span[text()='Active']]
06-09-2020 09:22:24 SeatsPageStepsDefinition.java INFO  [TestNG-tests-1] stepDefinitions.SeatsPageStepsDefinition 395 - Click on Active tab
Trying to find Element By : By.xpath: //header/div/div[1]/button[1]
Found Element By : By.xpath: //header/div/div[1]/button[1]
Trying to click on: [[ChromeDriver: chrome on MAC (1d18907684dd51e19f8701c0198e8eab)] -> xpath: //header/div/div[1]/button[1]]
Clicked on: [[ChromeDriver: chrome on MAC (1d18907684dd51e19f8701c0198e8eab)] -> xpath: //header/div/div[1]/button[1]]
06-09-2020 09:22:24 SeatsPageStepsDefinition.java INFO  [TestNG-tests-1] stepDefinitions.SeatsPageStepsDefinition 397 - Click on create seat
Trying to find Element By : By.xpath: //span/form/div[3]/button/span
Found Element By : By.xpath: //span/form/div[3]/button/span
Trying to find Element By : By.xpath: //span/form/div[3]/button/span
Found Element By : By.xpath: //span/form/div[3]/button/span
Trying to find Element By : By.xpath: //span/form/div[2]/div[1]/div/span/div/div/div[1]/div/input
Found Element By : By.xpath: //span/form/div[2]/div[1]/div/span/div/div/div[1]/div/input
Value of the:[[ChromeDriver: chrome on MAC (1d18907684dd51e19f8701c0198e8eab)] -> xpath: //span/form/div[2]/div[1]/div/span/div/div/div[1]/div/input] before any changes made
Element value changed to: [[ChromeDriver: chrome on MAC (1d18907684dd51e19f8701c0198e8eab)] -> xpath: //span/form/div[2]/div[1]/div/span/div/div/div[1]/div/input]
Trying to find Element By : By.xpath: //span/form/div[2]/div[2]/div/div/div/div[1]/div[1]/input[1]
Found Element By : By.xpath: //span/form/div[2]/div[2]/div/div/div/div[1]/div[1]/input[1]
Value of the:[[ChromeDriver: chrome on MAC (1d18907684dd51e19f8701c0198e8eab)] -> xpath: //span/form/div[2]/div[2]/div/div/div/div[1]/div[1]/input[1]] before any changes made
Element value changed to: [[ChromeDriver: chrome on MAC (1d18907684dd51e19f8701c0198e8eab)] -> xpath: //span/form/div[2]/div[2]/div/div/div/div[1]/div[1]/input[1]]
Trying to find Element By : By.xpath: //span/form/div[2]/div[3]/div/div/div/div[1]/div/div[3]/div/div
Found Element By : By.xpath: //span/form/div[2]/div[3]/div/div/div/div[1]/div/div[3]/div/div
Trying to find Element By : By.xpath: //span/form/div[2]/div[3]/div/div/div/div[1]/div/div[3]/div/div
Found Element By : By.xpath: //span/form/div[2]/div[3]/div/div/div/div[1]/div/div[3]/div/div
Trying to find Element By : By.xpath: //span/form/div[2]/div[3]/div/div/div/div[1]/div/div[3]/div/div
Found Element By : By.xpath: //span/form/div[2]/div[3]/div/div/div/div[1]/div/div[3]/div/div
Trying to click on: [[ChromeDriver: chrome on MAC (1d18907684dd51e19f8701c0198e8eab)] -> xpath: //span/form/div[2]/div[3]/div/div/div/div[1]/div/div[3]/div/div]
Clicked on: [[ChromeDriver: chrome on MAC (1d18907684dd51e19f8701c0198e8eab)] -> xpath: //span/form/div[2]/div[3]/div/div/div/div[1]/div/div[3]/div/div]
Trying to find Element By : By.xpath: //span/form/div[2]/div[4]/div[1]/div/div/div[1]/div[1]/input[1]
Found Element By : By.xpath: //span/form/div[2]/div[4]/div[1]/div/div/div[1]/div[1]/input[1]
Value of the:[[ChromeDriver: chrome on MAC (1d18907684dd51e19f8701c0198e8eab)] -> xpath: //span/form/div[2]/div[4]/div[1]/div/div/div[1]/div[1]/input[1]] before any changes made
Element value changed to: [[ChromeDriver: chrome on MAC (1d18907684dd51e19f8701c0198e8eab)] -> xpath: //span/form/div[2]/div[4]/div[1]/div/div/div[1]/div[1]/input[1]]
Trying to find Element By : By.xpath: //span/form/div[2]/div[4]/div[2]/div/div/div[1]/div/input
Found Element By : By.xpath: //span/form/div[2]/div[4]/div[2]/div/div/div[1]/div/input
Value of the:[[ChromeDriver: chrome on MAC (1d18907684dd51e19f8701c0198e8eab)] -> xpath: //span/form/div[2]/div[4]/div[2]/div/div/div[1]/div/input] before any changes made
Element value changed to: [[ChromeDriver: chrome on MAC (1d18907684dd51e19f8701c0198e8eab)] -> xpath: //span/form/div[2]/div[4]/div[2]/div/div/div[1]/div/input]
Trying to find Element By : By.xpath: //span/form/div[2]/div[5]/div/div/div/div[1]/div/input
Found Element By : By.xpath: //span/form/div[2]/div[5]/div/div/div/div[1]/div/input
Value of the:[[ChromeDriver: chrome on MAC (1d18907684dd51e19f8701c0198e8eab)] -> xpath: //span/form/div[2]/div[5]/div/div/div/div[1]/div/input] before any changes made
Element value changed to: [[ChromeDriver: chrome on MAC (1d18907684dd51e19f8701c0198e8eab)] -> xpath: //span/form/div[2]/div[5]/div/div/div/div[1]/div/input]
Trying to find Element By : By.xpath: //span/form/div[2]/div[6]/div/div/div/div[1]/div/input
Found Element By : By.xpath: //span/form/div[2]/div[6]/div/div/div/div[1]/div/input
Value of the:[[ChromeDriver: chrome on MAC (1d18907684dd51e19f8701c0198e8eab)] -> xpath: //span/form/div[2]/div[6]/div/div/div/div[1]/div/input] before any changes made
Element value changed to: [[ChromeDriver: chrome on MAC (1d18907684dd51e19f8701c0198e8eab)] -> xpath: //span/form/div[2]/div[6]/div/div/div/div[1]/div/input]
Trying to find Element By : By.xpath: //span/form/div[2]/div[7]/div/div/div/div[1]/div/input
Found Element By : By.xpath: //span/form/div[2]/div[7]/div/div/div/div[1]/div/input
Value of the:[[ChromeDriver: chrome on MAC (1d18907684dd51e19f8701c0198e8eab)] -> xpath: //span/form/div[2]/div[7]/div/div/div/div[1]/div/input] before any changes made
Element value changed to: [[ChromeDriver: chrome on MAC (1d18907684dd51e19f8701c0198e8eab)] -> xpath: //span/form/div[2]/div[7]/div/div/div/div[1]/div/input]
Trying to find Element By : By.xpath: //span/form/div[2]/div[8]/div/div/div/div[1]/div/input
Found Element By : By.xpath: //span/form/div[2]/div[8]/div/div/div/div[1]/div/input
Value of the:[[ChromeDriver: chrome on MAC (1d18907684dd51e19f8701c0198e8eab)] -> xpath: //span/form/div[2]/div[8]/div/div/div/div[1]/div/input] before any changes made
Element value changed to: [[ChromeDriver: chrome on MAC (1d18907684dd51e19f8701c0198e8eab)] -> xpath: //span/form/div[2]/div[8]/div/div/div/div[1]/div/input]
Trying to find Element By : By.xpath: //span/form/div[2]/div[9]/div/div/div/div[1]/div/input
Found Element By : By.xpath: //span/form/div[2]/div[9]/div/div/div/div[1]/div/input
Value of the:[[ChromeDriver: chrome on MAC (1d18907684dd51e19f8701c0198e8eab)] -> xpath: //span/form/div[2]/div[9]/div/div/div/div[1]/div/input] before any changes made
Element value changed to: [[ChromeDriver: chrome on MAC (1d18907684dd51e19f8701c0198e8eab)] -> xpath: //span/form/div[2]/div[9]/div/div/div/div[1]/div/input]
Trying to find Element By : By.xpath: //span/form/div[2]/div[10]/div[1]/div/div/div[1]/div/input
Found Element By : By.xpath: //span/form/div[2]/div[10]/div[1]/div/div/div[1]/div/input
Value of the:[[ChromeDriver: chrome on MAC (1d18907684dd51e19f8701c0198e8eab)] -> xpath: //span/form/div[2]/div[10]/div[1]/div/div/div[1]/div/input] before any changes made
Element value changed to: [[ChromeDriver: chrome on MAC (1d18907684dd51e19f8701c0198e8eab)] -> xpath: //span/form/div[2]/div[10]/div[1]/div/div/div[1]/div/input]
Trying to find Element By : By.xpath: //span/form/div[2]/div[10]/div[2]/div/div/div[1]/div[1]/input[1]
Found Element By : By.xpath: //span/form/div[2]/div[10]/div[2]/div/div/div[1]/div[1]/input[1]
Value of the:[[ChromeDriver: chrome on MAC (1d18907684dd51e19f8701c0198e8eab)] -> xpath: //span/form/div[2]/div[10]/div[2]/div/div/div[1]/div[1]/input[1]] before any changes made
Element value changed to: [[ChromeDriver: chrome on MAC (1d18907684dd51e19f8701c0198e8eab)] -> xpath: //span/form/div[2]/div[10]/div[2]/div/div/div[1]/div[1]/input[1]]
Trying to find Element By : By.xpath: //span/form/div[2]/div[10]/div[3]/span/div/div/div[1]/div[1]/input[1]
Found Element By : By.xpath: //span/form/div[2]/div[10]/div[3]/span/div/div/div[1]/div[1]/input[1]
Value of the:[[ChromeDriver: chrome on MAC (1d18907684dd51e19f8701c0198e8eab)] -> xpath: //span/form/div[2]/div[10]/div[3]/span/div/div/div[1]/div[1]/input[1]] before any changes made
Element value changed to: [[ChromeDriver: chrome on MAC (1d18907684dd51e19f8701c0198e8eab)] -> xpath: //span/form/div[2]/div[10]/div[3]/span/div/div/div[1]/div[1]/input[1]]
Trying to find Element By : By.xpath: //span/form/div[2]/div[11]/div/div/div/div[1]/div/input
Found Element By : By.xpath: //span/form/div[2]/div[11]/div/div/div/div[1]/div/input
Value of the:[[ChromeDriver: chrome on MAC (1d18907684dd51e19f8701c0198e8eab)] -> xpath: //span/form/div[2]/div[11]/div/div/div/div[1]/div/input] before any changes made
Element value changed to: [[ChromeDriver: chrome on MAC (1d18907684dd51e19f8701c0198e8eab)] -> xpath: //span/form/div[2]/div[11]/div/div/div/div[1]/div/input]
Trying to find Element By : By.xpath: //span/form/div[2]/div[12]/div/div/div/div[1]/div/input
Found Element By : By.xpath: //span/form/div[2]/div[12]/div/div/div/div[1]/div/input
Value of the:[[ChromeDriver: chrome on MAC (1d18907684dd51e19f8701c0198e8eab)] -> xpath: //span/form/div[2]/div[12]/div/div/div/div[1]/div/input] before any changes made
Element value changed to: [[ChromeDriver: chrome on MAC (1d18907684dd51e19f8701c0198e8eab)] -> xpath: //span/form/div[2]/div[12]/div/div/div/div[1]/div/input]
Trying to find Element By : By.xpath: //span/form/div[3]/button/span
Found Element By : By.xpath: //span/form/div[3]/button/span
Trying to click on: [[ChromeDriver: chrome on MAC (1d18907684dd51e19f8701c0198e8eab)] -> xpath: //span/form/div[3]/button/span]
Clicked on: [[ChromeDriver: chrome on MAC (1d18907684dd51e19f8701c0198e8eab)] -> xpath: //span/form/div[3]/button/span]
Trying to find Element By : By.xpath: //span/form/div[3]/button/span
Found Element By : By.xpath: //span/form/div[3]/button/span
Trying to find Element By : By.xpath: //span/form/div[3]/button/span
Found Element By : By.xpath: //span/form/div[3]/button/span
Trying to find Element By : By.xpath: //span/form/div[3]/button/span
Found Element By : By.xpath: //span/form/div[3]/button/span
Trying to find Element By : By.xpath: //span/form/div[3]/button/span
Found Element By : By.xpath: //span/form/div[3]/button/span
Trying to find Element By : By.xpath: //span/form/div[3]/button/span
Found Element By : By.xpath: //span/form/div[3]/button/span
Trying to find Element By : By.xpath: //span/form/div[3]/button/span
Found Element By : By.xpath: //span/form/div[3]/button/span
Trying to find Element By : By.xpath: //span/form/div[3]/button/span
Found Element By : By.xpath: //span/form/div[3]/button/span
Trying to find Element By : By.xpath: //span/form/div[3]/button/span
Found Element By : By.xpath: //span/form/div[3]/button/span
Trying to find Element By : By.xpath: //span/form/div[3]/button/span
Found Element By : By.xpath: //span/form/div[3]/button/span
Trying to find Element By : By.xpath: //span/form/div[3]/button/span
Found Element By : By.xpath: //span/form/div[3]/button/span
Trying to find Element By : By.xpath: //span/form/div[3]/button/span
Found Element By : By.xpath: //span/form/div[3]/button/span
06-09-2020 09:22:34 SeatsPageStepsDefinition.java INFO  [TestNG-tests-1] stepDefinitions.SeatsPageStepsDefinition 425 - Seate created Successfully 
Trying to find Element By : By.xpath: //span/form/div[2]/div[1]/div/span/div/div/div[1]/div/input
Found Element By : By.xpath: //span/form/div[2]/div[1]/div/span/div/div/div[1]/div/input
Trying to find Element By : By.xpath: //aside/header/div/button/span/i
Found Element By : By.xpath: //aside/header/div/button/span/i
Trying to click on: [[ChromeDriver: chrome on MAC (1d18907684dd51e19f8701c0198e8eab)] -> xpath: //aside/header/div/button/span/i]
Clicked on: [[ChromeDriver: chrome on MAC (1d18907684dd51e19f8701c0198e8eab)] -> xpath: //aside/header/div/button/span/i]
Trying to find Element By : By.xpath: //span[text()='Paused']
Found Element By : By.xpath: //span[text()='Paused']
06-09-2020 09:22:34 SeatsPageStepsDefinition.java INFO  [TestNG-tests-1] stepDefinitions.SeatsPageStepsDefinition 427 - Create seat page has been closed 
Trying to find Element By : By.xpath: //span[text()='Paused']
Found Element By : By.xpath: //span[text()='Paused']
Trying to find Element By : By.xpath: //h1[text()='Seats']
Found Element By : By.xpath: //h1[text()='Seats']
Trying to find Element By : By.xpath: //span[text()='Paused']
Found Element By : By.xpath: //span[text()='Paused']
Trying to find Element By : By.xpath: //span[text()='Paused']
Found Element By : By.xpath: //span[text()='Paused']
Trying to find Element By : By.xpath: //span[text()='Paused']
Found Element By : By.xpath: //span[text()='Paused']
Trying to click on: [[ChromeDriver: chrome on MAC (1d18907684dd51e19f8701c0198e8eab)] -> xpath: //span[text()='Paused']]
Clicked on: [[ChromeDriver: chrome on MAC (1d18907684dd51e19f8701c0198e8eab)] -> xpath: //span[text()='Paused']]
06-09-2020 09:22:36 SeatsPageStepsDefinition.java INFO  [TestNG-tests-1] stepDefinitions.SeatsPageStepsDefinition 626 - Click on paused tab
Trying to find Element By : By.xpath: //table/tbody/tr[1]/td[3]/span/a
Found Element By : By.xpath: //table/tbody/tr[1]/td[3]/span/a
Trying to find Element By : By.xpath: //table/tbody/tr[1]/td[3]/span/a
Found Element By : By.xpath: //table/tbody/tr[1]/td[3]/span/a
Trying to find Element By : By.xpath: //table/tbody/tr[1]/td[3]/span/a
Found Element By : By.xpath: //table/tbody/tr[1]/td[3]/span/a
Trying to find Element By : By.xpath: //table/tbody/tr[1]/td[3]/span/a
Found Element By : By.xpath: //table/tbody/tr[1]/td[3]/span/a
Trying to find Element By : By.xpath: //table/tbody/tr[1]/td[3]/span/a
Found Element By : By.xpath: //table/tbody/tr[1]/td[3]/span/a
Trying to find Element By : By.xpath: //table/tbody/tr[1]/td[3]/span/a
Found Element By : By.xpath: //table/tbody/tr[1]/td[3]/span/a
Trying to find Element By : By.xpath: //table/tbody/tr[1]/td[3]/span/a
Found Element By : By.xpath: //table/tbody/tr[1]/td[3]/span/a
Trying to find Element By : By.xpath: //table/tbody/tr[1]/td[3]/span/a
Found Element By : By.xpath: //table/tbody/tr[1]/td[3]/span/a
Trying to find Element By : By.xpath: //table/tbody/tr[1]/td[3]/span/a
Found Element By : By.xpath: //table/tbody/tr[1]/td[3]/span/a
Trying to find Element By : By.xpath: //table/tbody/tr[1]/td[3]/span/a
Found Element By : By.xpath: //table/tbody/tr[1]/td[3]/span/a
Trying to find Element By : By.xpath: //table/tbody/tr[1]/td[3]/span/a
Found Element By : By.xpath: //table/tbody/tr[1]/td[3]/span/a
Trying to find Element By : By.xpath: //table/tbody/tr[1]/td[3]/span/a
Found Element By : By.xpath: //table/tbody/tr[1]/td[3]/span/a
Trying to find Element By : By.xpath: //table/tbody/tr[1]/td[3]/span/a
Found Element By : By.xpath: //table/tbody/tr[1]/td[3]/span/a
Trying to find Element By : By.xpath: //table/tbody/tr[1]/td[3]/span/a
Found Element By : By.xpath: //table/tbody/tr[1]/td[3]/span/a
Trying to find Element By : By.xpath: //table/tbody/tr[1]/td[3]/span/a
Found Element By : By.xpath: //table/tbody/tr[1]/td[3]/span/a
Trying to find Element By : By.xpath: //table/tbody/tr[1]/td[3]/span/a
Found Element By : By.xpath: //table/tbody/tr[1]/td[3]/span/a
Trying to find Element By : By.xpath: //table/tbody/tr[1]/td[3]/span/a
Found Element By : By.xpath: //table/tbody/tr[1]/td[3]/span/a
Trying to find Element By : By.xpath: //table/tbody/tr[1]/td[3]/span/a
Found Element By : By.xpath: //table/tbody/tr[1]/td[3]/span/a
Trying to find Element By : By.xpath: //table/tbody/tr[1]/td[3]/span/a
Found Element By : By.xpath: //table/tbody/tr[1]/td[3]/span/a
Trying to find Element By : By.xpath: //table/tbody/tr[1]/td[3]/span/a
Found Element By : By.xpath: //table/tbody/tr[1]/td[3]/span/a
Trying to find Element By : By.xpath: //table/tbody/tr[1]/td[3]/span/a
Found Element By : By.xpath: //table/tbody/tr[1]/td[3]/span/a
Trying to find Element By : By.xpath: //table/tbody/tr[1]/td[3]/span/a
Found Element By : By.xpath: //table/tbody/tr[1]/td[3]/span/a
Trying to find Element By : By.xpath: //table/tbody/tr[1]/td[3]/span/a
Found Element By : By.xpath: //table/tbody/tr[1]/td[3]/span/a
Trying to find Element By : By.xpath: //table/tbody/tr[1]/td[3]/span/a
Found Element By : By.xpath: //table/tbody/tr[1]/td[3]/span/a
Trying to find Element By : By.xpath: //table/tbody/tr[1]/td[3]/span/a
Found Element By : By.xpath: //table/tbody/tr[1]/td[3]/span/a
Trying to find Element By : By.xpath: //table/tbody/tr[1]/td[3]/span/a
Found Element By : By.xpath: //table/tbody/tr[1]/td[3]/span/a
Trying to find Element By : By.xpath: //table/tbody/tr[1]/td[3]/span/a
Found Element By : By.xpath: //table/tbody/tr[1]/td[3]/span/a
Trying to find Element By : By.xpath: //table/tbody/tr[1]/td[3]/span/a
Found Element By : By.xpath: //table/tbody/tr[1]/td[3]/span/a
Trying to find Element By : By.xpath: //table/tbody/tr[1]/td[3]/span/a
Found Element By : By.xpath: //table/tbody/tr[1]/td[3]/span/a
Trying to find Element By : By.xpath: //table/tbody/tr[1]/td[3]/span/a
Found Element By : By.xpath: //table/tbody/tr[1]/td[3]/span/a
Trying to find Element By : By.xpath: //table/tbody/tr[1]/td[3]/span/a
Found Element By : By.xpath: //table/tbody/tr[1]/td[3]/span/a
Trying to find Element By : By.xpath: //table/tbody/tr[1]/td[3]/span/a
Found Element By : By.xpath: //table/tbody/tr[1]/td[3]/span/a
Trying to find Element By : By.xpath: //table/tbody/tr[1]/td[3]/span/a
Found Element By : By.xpath: //table/tbody/tr[1]/td[3]/span/a
Trying to find Element By : By.xpath: //table/tbody/tr[1]/td[3]/span/a
Found Element By : By.xpath: //table/tbody/tr[1]/td[3]/span/a
Trying to find Element By : By.xpath: //table/tbody/tr[1]/td[3]/span/a
Found Element By : By.xpath: //table/tbody/tr[1]/td[3]/span/a
Trying to find Element By : By.xpath: //table/tbody/tr[1]/td[3]/span/a
Found Element By : By.xpath: //table/tbody/tr[1]/td[3]/span/a
Trying to find Element By : By.xpath: //table/tbody/tr[1]/td[3]/span/a
Found Element By : By.xpath: //table/tbody/tr[1]/td[3]/span/a
Trying to find Element By : By.xpath: //table/tbody/tr[1]/td[3]/span/a
Found Element By : By.xpath: //table/tbody/tr[1]/td[3]/span/a
Trying to find Element By : By.xpath: //table/tbody/tr[1]/td[3]/span/a
Found Element By : By.xpath: //table/tbody/tr[1]/td[3]/span/a
Trying to find Element By : By.xpath: //table/tbody/tr[1]/td[3]/span/a
Found Element By : By.xpath: //table/tbody/tr[1]/td[3]/span/a
Trying to find Element By : By.xpath: //table/tbody/tr[1]/td[3]/span/a
Found Element By : By.xpath: //table/tbody/tr[1]/td[3]/span/a
Trying to find Element By : By.xpath: //table/tbody/tr[1]/td[3]/span/a
Found Element By : By.xpath: //table/tbody/tr[1]/td[3]/span/a
Trying to find Element By : By.xpath: //table/tbody/tr[1]/td[3]/span/a
Found Element By : By.xpath: //table/tbody/tr[1]/td[3]/span/a
Trying to find Element By : By.xpath: //table/tbody/tr[1]/td[3]/span/a
Found Element By : By.xpath: //table/tbody/tr[1]/td[3]/span/a
Trying to find Element By : By.xpath: //table/tbody/tr[1]/td[3]/span/a
Found Element By : By.xpath: //table/tbody/tr[1]/td[3]/span/a
Trying to find Element By : By.xpath: //table/tbody/tr[1]/td[3]/span/a
Found Element By : By.xpath: //table/tbody/tr[1]/td[3]/span/a
Trying to find Element By : By.xpath: //table/tbody/tr[1]/td[3]/span/a
Found Element By : By.xpath: //table/tbody/tr[1]/td[3]/span/a
Trying to find Element By : By.xpath: //table/tbody/tr[1]/td[3]/span/a
Found Element By : By.xpath: //table/tbody/tr[1]/td[3]/span/a
Trying to find Element By : By.xpath: //table/tbody/tr[1]/td[3]/span/a
Found Element By : By.xpath: //table/tbody/tr[1]/td[3]/span/a
Trying to find Element By : By.xpath: //table/tbody/tr[1]/td[3]/span/a
Found Element By : By.xpath: //table/tbody/tr[1]/td[3]/span/a
Trying to find Element By : By.xpath: //table/tbody/tr[1]/td[3]/span/a
Found Element By : By.xpath: //table/tbody/tr[1]/td[3]/span/a
Trying to find Element By : By.xpath: //table/tbody/tr[1]/td[3]/span/a
Found Element By : By.xpath: //table/tbody/tr[1]/td[3]/span/a
Trying to find Element By : By.xpath: //table/tbody/tr[1]/td[3]/span/a
Found Element By : By.xpath: //table/tbody/tr[1]/td[3]/span/a
Trying to find Element By : By.xpath: //table/tbody/tr[1]/td[3]/span/a
Found Element By : By.xpath: //table/tbody/tr[1]/td[3]/span/a
Trying to find Element By : By.xpath: //table/tbody/tr[1]/td[3]/span/a
Found Element By : By.xpath: //table/tbody/tr[1]/td[3]/span/a
Trying to find Element By : By.xpath: //table/tbody/tr[1]/td[3]/span/a
Found Element By : By.xpath: //table/tbody/tr[1]/td[3]/span/a
Trying to find Element By : By.xpath: //table/tbody/tr[1]/td[3]/span/a
Found Element By : By.xpath: //table/tbody/tr[1]/td[3]/span/a
Trying to find Element By : By.xpath: //table/tbody/tr[1]/td[3]/span/a
Found Element By : By.xpath: //table/tbody/tr[1]/td[3]/span/a
Trying to find Element By : By.xpath: //table/tbody/tr[1]/td[3]/span/a
Found Element By : By.xpath: //table/tbody/tr[1]/td[3]/span/a
Trying to find Element By : By.xpath: //table/tbody/tr[1]/td[3]/span/a
Found Element By : By.xpath: //table/tbody/tr[1]/td[3]/span/a
Trying to find Element By : By.xpath: //table/tbody/tr[1]/td[3]/span/a
Found Element By : By.xpath: //table/tbody/tr[1]/td[3]/span/a
Trying to find Element By : By.xpath: //table/tbody/tr[1]/td[3]/span/a
Found Element By : By.xpath: //table/tbody/tr[1]/td[3]/span/a
Trying to find Element By : By.xpath: //table/tbody/tr[1]/td[3]/span/a
Found Element By : By.xpath: //table/tbody/tr[1]/td[3]/span/a
Trying to find Element By : By.xpath: //table/tbody/tr[1]/td[3]/span/a
Found Element By : By.xpath: //table/tbody/tr[1]/td[3]/span/a
Trying to find Element By : By.xpath: //table/tbody/tr[1]/td[3]/span/a
Found Element By : By.xpath: //table/tbody/tr[1]/td[3]/span/a
Trying to find Element By : By.xpath: //table/tbody/tr[1]/td[3]/span/a
Found Element By : By.xpath: //table/tbody/tr[1]/td[3]/span/a
Trying to find Element By : By.xpath: //table/tbody/tr[1]/td[3]/span/a
Found Element By : By.xpath: //table/tbody/tr[1]/td[3]/span/a
Trying to find Element By : By.xpath: //table/tbody/tr[1]/td[3]/span/a
Found Element By : By.xpath: //table/tbody/tr[1]/td[3]/span/a
Trying to find Element By : By.xpath: //table/tbody/tr[1]/td[3]/span/a
Found Element By : By.xpath: //table/tbody/tr[1]/td[3]/span/a
Trying to find Element By : By.xpath: //table/tbody/tr[1]/td[3]/span/a
Found Element By : By.xpath: //table/tbody/tr[1]/td[3]/span/a
Trying to find Element By : By.xpath: //table/tbody/tr[1]/td[3]/span/a
Found Element By : By.xpath: //table/tbody/tr[1]/td[3]/span/a
Trying to find Element By : By.xpath: //table/tbody/tr[1]/td[3]/span/a
Found Element By : By.xpath: //table/tbody/tr[1]/td[3]/span/a
Trying to find Element By : By.xpath: //table/tbody/tr[1]/td[3]/span/a
Found Element By : By.xpath: //table/tbody/tr[1]/td[3]/span/a
Trying to find Element By : By.xpath: //table/tbody/tr[1]/td[3]/span/a
Found Element By : By.xpath: //table/tbody/tr[1]/td[3]/span/a
Trying to find Element By : By.xpath: //table/tbody/tr[1]/td[3]/span/a
Found Element By : By.xpath: //table/tbody/tr[1]/td[3]/span/a
Trying to find Element By : By.xpath: //table/tbody/tr[1]/td[3]/span/a
Found Element By : By.xpath: //table/tbody/tr[1]/td[3]/span/a
Trying to find Element By : By.xpath: //table/tbody/tr[1]/td[3]/span/a
Found Element By : By.xpath: //table/tbody/tr[1]/td[3]/span/a
Trying to find Element By : By.xpath: //table/tbody/tr[1]/td[3]/span/a
Found Element By : By.xpath: //table/tbody/tr[1]/td[3]/span/a
Trying to find Element By : By.xpath: //table/tbody/tr[1]/td[3]/span/a
Found Element By : By.xpath: //table/tbody/tr[1]/td[3]/span/a
Trying to find Element By : By.xpath: //table/tbody/tr[1]/td[3]/span/a
Found Element By : By.xpath: //table/tbody/tr[1]/td[3]/span/a
Trying to find Element By : By.xpath: //table/tbody/tr[1]/td[3]/span/a
Found Element By : By.xpath: //table/tbody/tr[1]/td[3]/span/a
Trying to find Element By : By.xpath: //table/tbody/tr[1]/td[3]/span/a
Found Element By : By.xpath: //table/tbody/tr[1]/td[3]/span/a
Trying to find Element By : By.xpath: //table/tbody/tr[1]/td[3]/span/a
Found Element By : By.xpath: //table/tbody/tr[1]/td[3]/span/a
Trying to find Element By : By.xpath: //table/tbody/tr[1]/td[3]/span/a
Found Element By : By.xpath: //table/tbody/tr[1]/td[3]/span/a
Trying to find Element By : By.xpath: //table/tbody/tr[1]/td[3]/span/a
Found Element By : By.xpath: //table/tbody/tr[1]/td[3]/span/a
Trying to find Element By : By.xpath: //table/tbody/tr[1]/td[3]/span/a
Found Element By : By.xpath: //table/tbody/tr[1]/td[3]/span/a
Trying to find Element By : By.xpath: //table/tbody/tr[1]/td[3]/span/a
Found Element By : By.xpath: //table/tbody/tr[1]/td[3]/span/a
Trying to find Element By : By.xpath: //table/tbody/tr[1]/td[3]/span/a
Found Element By : By.xpath: //table/tbody/tr[1]/td[3]/span/a
Trying to find Element By : By.xpath: //table/tbody/tr[1]/td[3]/span/a
Found Element By : By.xpath: //table/tbody/tr[1]/td[3]/span/a
Trying to find Element By : By.xpath: //table/tbody/tr[1]/td[3]/span/a
Found Element By : By.xpath: //table/tbody/tr[1]/td[3]/span/a
Trying to find Element By : By.xpath: //table/tbody/tr[1]/td[3]/span/a
Found Element By : By.xpath: //table/tbody/tr[1]/td[3]/span/a
Trying to find Element By : By.xpath: //table/tbody/tr[1]/td[3]/span/a
Found Element By : By.xpath: //table/tbody/tr[1]/td[3]/span/a
Trying to find Element By : By.xpath: //table/tbody/tr[1]/td[3]/span/a
Found Element By : By.xpath: //table/tbody/tr[1]/td[3]/span/a
Trying to find Element By : By.xpath: //table/tbody/tr[1]/td[3]/span/a
Found Element By : By.xpath: //table/tbody/tr[1]/td[3]/span/a
Trying to find Element By : By.xpath: //table/tbody/tr[1]/td[3]/span/a
Found Element By : By.xpath: //table/tbody/tr[1]/td[3]/span/a
Trying to find Element By : By.xpath: //table/tbody/tr[1]/td[3]/span/a
Found Element By : By.xpath: //table/tbody/tr[1]/td[3]/span/a
Trying to find Element By : By.xpath: //table/tbody/tr[1]/td[3]/span/a
Found Element By : By.xpath: //table/tbody/tr[1]/td[3]/span/a
Trying to find Element By : By.xpath: //table/tbody/tr[1]/td[3]/span/a
Found Element By : By.xpath: //table/tbody/tr[1]/td[3]/span/a
Trying to find Element By : By.xpath: //table/tbody/tr[1]/td[3]/span/a
Found Element By : By.xpath: //table/tbody/tr[1]/td[3]/span/a
Trying to find Element By : By.xpath: //table/tbody/tr[1]/td[3]/span/a
Found Element By : By.xpath: //table/tbody/tr[1]/td[3]/span/a
Trying to find Element By : By.xpath: //table/tbody/tr[1]/td[3]/span/a
Found Element By : By.xpath: //table/tbody/tr[1]/td[3]/span/a
Trying to find Element By : By.xpath: //table/tbody/tr[1]/td[3]/span/a
Found Element By : By.xpath: //table/tbody/tr[1]/td[3]/span/a
Trying to find Element By : By.xpath: //table/tbody/tr[1]/td[3]/span/a
Found Element By : By.xpath: //table/tbody/tr[1]/td[3]/span/a
Trying to find Element By : By.xpath: //table/tbody/tr[1]/td[3]/span/a
Found Element By : By.xpath: //table/tbody/tr[1]/td[3]/span/a
Trying to find Element By : By.xpath: //table/tbody/tr[1]/td[3]/span/a
Found Element By : By.xpath: //table/tbody/tr[1]/td[3]/span/a
Trying to find Element By : By.xpath: //table/tbody/tr[1]/td[3]/span/a
Found Element By : By.xpath: //table/tbody/tr[1]/td[3]/span/a
Trying to find Element By : By.xpath: //table/tbody/tr[1]/td[3]/span/a
Found Element By : By.xpath: //table/tbody/tr[1]/td[3]/span/a
Trying to find Element By : By.xpath: //table/tbody/tr[1]/td[3]/span/a
Found Element By : By.xpath: //table/tbody/tr[1]/td[3]/span/a
Trying to find Element By : By.xpath: //table/tbody/tr[1]/td[3]/span/a
Found Element By : By.xpath: //table/tbody/tr[1]/td[3]/span/a
Trying to find Element By : By.xpath: //table/tbody/tr[1]/td[3]/span/a
Found Element By : By.xpath: //table/tbody/tr[1]/td[3]/span/a
Trying to find Element By : By.xpath: //table/tbody/tr[1]/td[3]/span/a
Found Element By : By.xpath: //table/tbody/tr[1]/td[3]/span/a
Trying to find Element By : By.xpath: //table/tbody/tr[1]/td[3]/span/a
Found Element By : By.xpath: //table/tbody/tr[1]/td[3]/span/a
Trying to find Element By : By.xpath: //table/tbody/tr[1]/td[3]/span/a
Found Element By : By.xpath: //table/tbody/tr[1]/td[3]/span/a
Trying to find Element By : By.xpath: //table/tbody/tr[1]/td[3]/span/a
Found Element By : By.xpath: //table/tbody/tr[1]/td[3]/span/a
Trying to find Element By : By.xpath: //table/tbody/tr[1]/td[3]/span/a
Found Element By : By.xpath: //table/tbody/tr[1]/td[3]/span/a
Trying to find Element By : By.xpath: //table/tbody/tr[1]/td[3]/span/a
Found Element By : By.xpath: //table/tbody/tr[1]/td[3]/span/a
Trying to find Element By : By.xpath: //table/tbody/tr[1]/td[3]/span/a
Found Element By : By.xpath: //table/tbody/tr[1]/td[3]/span/a
Trying to find Element By : By.xpath: //table/tbody/tr[1]/td[3]/span/a
Found Element By : By.xpath: //table/tbody/tr[1]/td[3]/span/a
Trying to find Element By : By.xpath: //table/tbody/tr[1]/td[3]/span/a
Found Element By : By.xpath: //table/tbody/tr[1]/td[3]/span/a
Trying to find Element By : By.xpath: //table/tbody/tr[1]/td[3]/span/a
Found Element By : By.xpath: //table/tbody/tr[1]/td[3]/span/a
Trying to find Element By : By.xpath: //table/tbody/tr[1]/td[3]/span/a
Found Element By : By.xpath: //table/tbody/tr[1]/td[3]/span/a
Trying to find Element By : By.xpath: //table/tbody/tr[1]/td[3]/span/a
Found Element By : By.xpath: //table/tbody/tr[1]/td[3]/span/a
Trying to find Element By : By.xpath: //table/tbody/tr[1]/td[3]/span/a
Found Element By : By.xpath: //table/tbody/tr[1]/td[3]/span/a
Trying to find Element By : By.xpath: //table/tbody/tr[1]/td[3]/span/a
Found Element By : By.xpath: //table/tbody/tr[1]/td[3]/span/a
Trying to find Element By : By.xpath: //table/tbody/tr[1]/td[3]/span/a
Found Element By : By.xpath: //table/tbody/tr[1]/td[3]/span/a
Trying to find Element By : By.xpath: //table/tbody/tr[1]/td[3]/span/a
Found Element By : By.xpath: //table/tbody/tr[1]/td[3]/span/a
Trying to find Element By : By.xpath: //table/tbody/tr[1]/td[3]/span/a
Found Element By : By.xpath: //table/tbody/tr[1]/td[3]/span/a
Trying to find Element By : By.xpath: //table/tbody/tr[1]/td[3]/span/a
Found Element By : By.xpath: //table/tbody/tr[1]/td[3]/span/a
Trying to find Element By : By.xpath: //table/tbody/tr[1]/td[3]/span/a
Found Element By : By.xpath: //table/tbody/tr[1]/td[3]/span/a
Trying to find Element By : By.xpath: //table/tbody/tr[1]/td[3]/span/a
Found Element By : By.xpath: //table/tbody/tr[1]/td[3]/span/a
Trying to find Element By : By.xpath: //table/tbody/tr[1]/td[3]/span/a
Found Element By : By.xpath: //table/tbody/tr[1]/td[3]/span/a
Trying to find Element By : By.xpath: //table/tbody/tr[1]/td[3]/span/a
Found Element By : By.xpath: //table/tbody/tr[1]/td[3]/span/a
Trying to find Element By : By.xpath: //table/tbody/tr[1]/td[3]/span/a
Found Element By : By.xpath: //table/tbody/tr[1]/td[3]/span/a
Trying to find Element By : By.xpath: //table/tbody/tr[1]/td[3]/span/a
Found Element By : By.xpath: //table/tbody/tr[1]/td[3]/span/a
Trying to find Element By : By.xpath: //table/tbody/tr[1]/td[3]/span/a
Found Element By : By.xpath: //table/tbody/tr[1]/td[3]/span/a
Trying to find Element By : By.xpath: //table/tbody/tr[1]/td[3]/span/a
Found Element By : By.xpath: //table/tbody/tr[1]/td[3]/span/a
Trying to find Element By : By.xpath: //table/tbody/tr[1]/td[3]/span/a
Found Element By : By.xpath: //table/tbody/tr[1]/td[3]/span/a
Trying to find Element By : By.xpath: //table/tbody/tr[1]/td[3]/span/a
Found Element By : By.xpath: //table/tbody/tr[1]/td[3]/span/a
Trying to find Element By : By.xpath: //table/tbody/tr[1]/td[3]/span/a
Found Element By : By.xpath: //table/tbody/tr[1]/td[3]/span/a
Trying to find Element By : By.xpath: //table/tbody/tr[1]/td[3]/span/a
Found Element By : By.xpath: //table/tbody/tr[1]/td[3]/span/a
Trying to find Element By : By.xpath: //table/tbody/tr[1]/td[3]/span/a
Found Element By : By.xpath: //table/tbody/tr[1]/td[3]/span/a
Trying to find Element By : By.xpath: //table/tbody/tr[1]/td[3]/span/a
Found Element By : By.xpath: //table/tbody/tr[1]/td[3]/span/a
Trying to find Element By : By.xpath: //table/tbody/tr[1]/td[3]/span/a
Found Element By : By.xpath: //table/tbody/tr[1]/td[3]/span/a
Trying to find Element By : By.xpath: //table/tbody/tr[1]/td[3]/span/a
Found Element By : By.xpath: //table/tbody/tr[1]/td[3]/span/a
Trying to find Element By : By.xpath: //table/tbody/tr[1]/td[3]/span/a
Found Element By : By.xpath: //table/tbody/tr[1]/td[3]/span/a
Trying to find Element By : By.xpath: //table/tbody/tr[1]/td[3]/span/a
Found Element By : By.xpath: //table/tbody/tr[1]/td[3]/span/a
Trying to find Element By : By.xpath: //table/tbody/tr[1]/td[3]/span/a
Found Element By : By.xpath: //table/tbody/tr[1]/td[3]/span/a
Trying to find Element By : By.xpath: //table/tbody/tr[1]/td[3]/span/a
Found Element By : By.xpath: //table/tbody/tr[1]/td[3]/span/a
Trying to find Element By : By.xpath: //table/tbody/tr[1]/td[3]/span/a
Found Element By : By.xpath: //table/tbody/tr[1]/td[3]/span/a
Trying to find Element By : By.xpath: //table/tbody/tr[1]/td[3]/span/a
Found Element By : By.xpath: //table/tbody/tr[1]/td[3]/span/a
Trying to find Element By : By.xpath: //table/tbody/tr[1]/td[3]/span/a
Found Element By : By.xpath: //table/tbody/tr[1]/td[3]/span/a
Trying to find Element By : By.xpath: //table/tbody/tr[1]/td[3]/span/a
Found Element By : By.xpath: //table/tbody/tr[1]/td[3]/span/a
Trying to find Element By : By.xpath: //table/tbody/tr[1]/td[3]/span/a
Found Element By : By.xpath: //table/tbody/tr[1]/td[3]/span/a
Trying to find Element By : By.xpath: //table/tbody/tr[1]/td[3]/span/a
Found Element By : By.xpath: //table/tbody/tr[1]/td[3]/span/a
Trying to find Element By : By.xpath: //table/tbody/tr[1]/td[3]/span/a
Found Element By : By.xpath: //table/tbody/tr[1]/td[3]/span/a
Trying to find Element By : By.xpath: //table/tbody/tr[1]/td[3]/span/a
Found Element By : By.xpath: //table/tbody/tr[1]/td[3]/span/a
Trying to find Element By : By.xpath: //table/tbody/tr[1]/td[3]/span/a
Found Element By : By.xpath: //table/tbody/tr[1]/td[3]/span/a
Trying to find Element By : By.xpath: //table/tbody/tr[1]/td[3]/span/a
Found Element By : By.xpath: //table/tbody/tr[1]/td[3]/span/a
Trying to find Element By : By.xpath: //table/tbody/tr[1]/td[3]/span/a
Found Element By : By.xpath: //table/tbody/tr[1]/td[3]/span/a
Trying to find Element By : By.xpath: //table/tbody/tr[1]/td[3]/span/a
Found Element By : By.xpath: //table/tbody/tr[1]/td[3]/span/a
Trying to find Element By : By.xpath: //table/tbody/tr[1]/td[3]/span/a
Found Element By : By.xpath: //table/tbody/tr[1]/td[3]/span/a
Trying to find Element By : By.xpath: //table/tbody/tr[1]/td[3]/span/a
Found Element By : By.xpath: //table/tbody/tr[1]/td[3]/span/a
Trying to find Element By : By.xpath: //table/tbody/tr[1]/td[3]/span/a
Found Element By : By.xpath: //table/tbody/tr[1]/td[3]/span/a
Trying to find Element By : By.xpath: //table/tbody/tr[1]/td[3]/span/a
Found Element By : By.xpath: //table/tbody/tr[1]/td[3]/span/a
Trying to find Element By : By.xpath: //table/tbody/tr[1]/td[3]/span/a
Found Element By : By.xpath: //table/tbody/tr[1]/td[3]/span/a
Trying to find Element By : By.xpath: //table/tbody/tr[1]/td[3]/span/a
Found Element By : By.xpath: //table/tbody/tr[1]/td[3]/span/a
Trying to find Element By : By.xpath: //table/tbody/tr[1]/td[3]/span/a
Found Element By : By.xpath: //table/tbody/tr[1]/td[3]/span/a
Trying to find Element By : By.xpath: //table/tbody/tr[1]/td[3]/span/a
Found Element By : By.xpath: //table/tbody/tr[1]/td[3]/span/a
Trying to find Element By : By.xpath: //table/tbody/tr[1]/td[3]/span/a
Found Element By : By.xpath: //table/tbody/tr[1]/td[3]/span/a
Trying to find Element By : By.xpath: //table/tbody/tr[1]/td[3]/span/a
Found Element By : By.xpath: //table/tbody/tr[1]/td[3]/span/a
Trying to find Element By : By.xpath: //table/tbody/tr[1]/td[3]/span/a
Found Element By : By.xpath: //table/tbody/tr[1]/td[3]/span/a
Trying to find Element By : By.xpath: //table/tbody/tr[1]/td[3]/span/a
Found Element By : By.xpath: //table/tbody/tr[1]/td[3]/span/a
Trying to find Element By : By.xpath: //table/tbody/tr[1]/td[3]/span/a
Found Element By : By.xpath: //table/tbody/tr[1]/td[3]/span/a
Trying to find Element By : By.xpath: //table/tbody/tr[1]/td[3]/span/a
Found Element By : By.xpath: //table/tbody/tr[1]/td[3]/span/a
Trying to find Element By : By.xpath: //table/tbody/tr[1]/td[3]/span/a
Found Element By : By.xpath: //table/tbody/tr[1]/td[3]/span/a
Trying to find Element By : By.xpath: //table/tbody/tr[1]/td[3]/span/a
Found Element By : By.xpath: //table/tbody/tr[1]/td[3]/span/a
Trying to find Element By : By.xpath: //table/tbody/tr[1]/td[3]/span/a
Found Element By : By.xpath: //table/tbody/tr[1]/td[3]/span/a
Trying to find Element By : By.xpath: //table/tbody/tr[1]/td[3]/span/a
Found Element By : By.xpath: //table/tbody/tr[1]/td[3]/span/a
Trying to find Element By : By.xpath: //table/tbody/tr[1]/td[3]/span/a
Found Element By : By.xpath: //table/tbody/tr[1]/td[3]/span/a
Trying to find Element By : By.xpath: //table/tbody/tr[1]/td[3]/span/a
Found Element By : By.xpath: //table/tbody/tr[1]/td[3]/span/a
Trying to find Element By : By.xpath: //table/tbody/tr[1]/td[3]/span/a
Found Element By : By.xpath: //table/tbody/tr[1]/td[3]/span/a
Trying to find Element By : By.xpath: //table/tbody/tr[1]/td[3]/span/a
Found Element By : By.xpath: //table/tbody/tr[1]/td[3]/span/a
Trying to find Element By : By.xpath: //table/tbody/tr[1]/td[3]/span/a
Found Element By : By.xpath: //table/tbody/tr[1]/td[3]/span/a
Trying to find Element By : By.xpath: //table/tbody/tr[1]/td[3]/span/a
Found Element By : By.xpath: //table/tbody/tr[1]/td[3]/span/a
Trying to find Element By : By.xpath: //table/tbody/tr[1]/td[3]/span/a
Found Element By : By.xpath: //table/tbody/tr[1]/td[3]/span/a
Trying to find Element By : By.xpath: //table/tbody/tr[1]/td[3]/span/a
Found Element By : By.xpath: //table/tbody/tr[1]/td[3]/span/a
Trying to find Element By : By.xpath: //table/tbody/tr[1]/td[3]/span/a
Found Element By : By.xpath: //table/tbody/tr[1]/td[3]/span/a
Trying to find Element By : By.xpath: //table/tbody/tr[1]/td[3]/span/a
Found Element By : By.xpath: //table/tbody/tr[1]/td[3]/span/a
Trying to find Element By : By.xpath: //table/tbody/tr[1]/td[3]/span/a
Found Element By : By.xpath: //table/tbody/tr[1]/td[3]/span/a
Trying to find Element By : By.xpath: //table/tbody/tr[1]/td[3]/span/a
Found Element By : By.xpath: //table/tbody/tr[1]/td[3]/span/a
Trying to find Element By : By.xpath: //table/tbody/tr[1]/td[3]/span/a
Found Element By : By.xpath: //table/tbody/tr[1]/td[3]/span/a
Trying to find Element By : By.xpath: //table/tbody/tr[1]/td[3]/span/a
Found Element By : By.xpath: //table/tbody/tr[1]/td[3]/span/a
Trying to find Element By : By.xpath: //table/tbody/tr[1]/td[3]/span/a
Found Element By : By.xpath: //table/tbody/tr[1]/td[3]/span/a
Trying to find Element By : By.xpath: //table/tbody/tr[1]/td[3]/span/a
Found Element By : By.xpath: //table/tbody/tr[1]/td[3]/span/a
Trying to find Element By : By.xpath: //table/tbody/tr[1]/td[3]/span/a
Found Element By : By.xpath: //table/tbody/tr[1]/td[3]/span/a
Trying to find Element By : By.xpath: //table/tbody/tr[1]/td[3]/span/a
Found Element By : By.xpath: //table/tbody/tr[1]/td[3]/span/a
Trying to find Element By : By.xpath: //table/tbody/tr[1]/td[3]/span/a
Found Element By : By.xpath: //table/tbody/tr[1]/td[3]/span/a
Trying to find Element By : By.xpath: //table/tbody/tr[1]/td[3]/span/a
Found Element By : By.xpath: //table/tbody/tr[1]/td[3]/span/a
Trying to find Element By : By.xpath: //table/tbody/tr[1]/td[3]/span/a
Found Element By : By.xpath: //table/tbody/tr[1]/td[3]/span/a
Trying to find Element By : By.xpath: //table/tbody/tr[1]/td[3]/span/a
Found Element By : By.xpath: //table/tbody/tr[1]/td[3]/span/a
Trying to find Element By : By.xpath: //table/tbody/tr[1]/td[3]/span/a
Found Element By : By.xpath: //table/tbody/tr[1]/td[3]/span/a
Trying to find Element By : By.xpath: //table/tbody/tr[1]/td[3]/span/a
Found Element By : By.xpath: //table/tbody/tr[1]/td[3]/span/a
Trying to find Element By : By.xpath: //table/tbody/tr[1]/td[3]/span/a
Found Element By : By.xpath: //table/tbody/tr[1]/td[3]/span/a
Trying to find Element By : By.xpath: //table/tbody/tr[1]/td[3]/span/a
Found Element By : By.xpath: //table/tbody/tr[1]/td[3]/span/a
Trying to find Element By : By.xpath: //table/tbody/tr[1]/td[3]/span/a
Found Element By : By.xpath: //table/tbody/tr[1]/td[3]/span/a
Trying to find Element By : By.xpath: //table/tbody/tr[1]/td[3]/span/a
Found Element By : By.xpath: //table/tbody/tr[1]/td[3]/span/a
Trying to find Element By : By.xpath: //table/tbody/tr[1]/td[3]/span/a
Found Element By : By.xpath: //table/tbody/tr[1]/td[3]/span/a
Trying to find Element By : By.xpath: //table/tbody/tr[1]/td[3]/span/a
Found Element By : By.xpath: //table/tbody/tr[1]/td[3]/span/a
Trying to find Element By : By.xpath: //table/tbody/tr[1]/td[3]/span/a
Found Element By : By.xpath: //table/tbody/tr[1]/td[3]/span/a
Trying to find Element By : By.xpath: //table/tbody/tr[1]/td[3]/span/a
Found Element By : By.xpath: //table/tbody/tr[1]/td[3]/span/a
Trying to find Element By : By.xpath: //table/tbody/tr[1]/td[3]/span/a
Found Element By : By.xpath: //table/tbody/tr[1]/td[3]/span/a
Trying to find Element By : By.xpath: //table/tbody/tr[1]/td[3]/span/a
Found Element By : By.xpath: //table/tbody/tr[1]/td[3]/span/a
Trying to find Element By : By.xpath: //table/tbody/tr[1]/td[3]/span/a
Found Element By : By.xpath: //table/tbody/tr[1]/td[3]/span/a
Trying to find Element By : By.xpath: //table/tbody/tr[1]/td[3]/span/a
Found Element By : By.xpath: //table/tbody/tr[1]/td[3]/span/a
Trying to find Element By : By.xpath: //table/tbody/tr[1]/td[3]/span/a
Found Element By : By.xpath: //table/tbody/tr[1]/td[3]/span/a
Trying to find Element By : By.xpath: //table/tbody/tr[1]/td[3]/span/a
Found Element By : By.xpath: //table/tbody/tr[1]/td[3]/span/a
Trying to find Element By : By.xpath: //table/tbody/tr[1]/td[3]/span/a
Found Element By : By.xpath: //table/tbody/tr[1]/td[3]/span/a
Trying to find Element By : By.xpath: //table/tbody/tr[1]/td[3]/span/a
Found Element By : By.xpath: //table/tbody/tr[1]/td[3]/span/a
Trying to find Element By : By.xpath: //table/tbody/tr[1]/td[3]/span/a
Found Element By : By.xpath: //table/tbody/tr[1]/td[3]/span/a
Trying to find Element By : By.xpath: //table/tbody/tr[1]/td[3]/span/a
Found Element By : By.xpath: //table/tbody/tr[1]/td[3]/span/a
Trying to find Element By : By.xpath: //table/tbody/tr[1]/td[3]/span/a
Found Element By : By.xpath: //table/tbody/tr[1]/td[3]/span/a
Trying to find Element By : By.xpath: //table/tbody/tr[1]/td[3]/span/a
Found Element By : By.xpath: //table/tbody/tr[1]/td[3]/span/a
Trying to find Element By : By.xpath: //table/tbody/tr[1]/td[3]/span/a
Found Element By : By.xpath: //table/tbody/tr[1]/td[3]/span/a
Trying to find Element By : By.xpath: //table/tbody/tr[1]/td[3]/span/a
Found Element By : By.xpath: //table/tbody/tr[1]/td[3]/span/a
Trying to find Element By : By.xpath: //table/tbody/tr[1]/td[3]/span/a
Found Element By : By.xpath: //table/tbody/tr[1]/td[3]/span/a
Trying to find Element By : By.xpath: //table/tbody/tr[1]/td[3]/span/a
Found Element By : By.xpath: //table/tbody/tr[1]/td[3]/span/a
Trying to find Element By : By.xpath: //table/tbody/tr[1]/td[3]/span/a
Found Element By : By.xpath: //table/tbody/tr[1]/td[3]/span/a
Trying to find Element By : By.xpath: //table/tbody/tr[1]/td[3]/span/a
Found Element By : By.xpath: //table/tbody/tr[1]/td[3]/span/a
Trying to find Element By : By.xpath: //table/tbody/tr[1]/td[3]/span/a
Found Element By : By.xpath: //table/tbody/tr[1]/td[3]/span/a
Trying to find Element By : By.xpath: //table/tbody/tr[1]/td[3]/span/a
Found Element By : By.xpath: //table/tbody/tr[1]/td[3]/span/a
Trying to find Element By : By.xpath: //table/tbody/tr[1]/td[3]/span/a
Found Element By : By.xpath: //table/tbody/tr[1]/td[3]/span/a
Trying to find Element By : By.xpath: //table/tbody/tr[1]/td[3]/span/a
Found Element By : By.xpath: //table/tbody/tr[1]/td[3]/span/a
Trying to find Element By : By.xpath: //table/tbody/tr[1]/td[3]/span/a
Found Element By : By.xpath: //table/tbody/tr[1]/td[3]/span/a
Trying to find Element By : By.xpath: //table/tbody/tr[1]/td[3]/span/a
Found Element By : By.xpath: //table/tbody/tr[1]/td[3]/span/a
Trying to find Element By : By.xpath: //table/tbody/tr[1]/td[3]/span/a
Found Element By : By.xpath: //table/tbody/tr[1]/td[3]/span/a
Trying to find Element By : By.xpath: //table/tbody/tr[1]/td[3]/span/a
Found Element By : By.xpath: //table/tbody/tr[1]/td[3]/span/a
Trying to find Element By : By.xpath: //table/tbody/tr[1]/td[3]/span/a
Found Element By : By.xpath: //table/tbody/tr[1]/td[3]/span/a
Trying to find Element By : By.xpath: //table/tbody/tr[1]/td[3]/span/a
Found Element By : By.xpath: //table/tbody/tr[1]/td[3]/span/a
Trying to find Element By : By.xpath: //table/tbody/tr[1]/td[3]/span/a
Found Element By : By.xpath: //table/tbody/tr[1]/td[3]/span/a
Trying to find Element By : By.xpath: //table/tbody/tr[1]/td[3]/span/a
Found Element By : By.xpath: //table/tbody/tr[1]/td[3]/span/a
Trying to find Element By : By.xpath: //table/tbody/tr[1]/td[3]/span/a
Found Element By : By.xpath: //table/tbody/tr[1]/td[3]/span/a
Trying to find Element By : By.xpath: //table/tbody/tr[1]/td[3]/span/a
Found Element By : By.xpath: //table/tbody/tr[1]/td[3]/span/a
Trying to find Element By : By.xpath: //table/tbody/tr[1]/td[3]/span/a
Found Element By : By.xpath: //table/tbody/tr[1]/td[3]/span/a
Trying to find Element By : By.xpath: //table/tbody/tr[1]/td[3]/span/a
Found Element By : By.xpath: //table/tbody/tr[1]/td[3]/span/a
Trying to find Element By : By.xpath: //table/tbody/tr[1]/td[3]/span/a
Found Element By : By.xpath: //table/tbody/tr[1]/td[3]/span/a
Trying to find Element By : By.xpath: //table/tbody/tr[1]/td[3]/span/a
Found Element By : By.xpath: //table/tbody/tr[1]/td[3]/span/a
Trying to find Element By : By.xpath: //table/tbody/tr[1]/td[3]/span/a
Found Element By : By.xpath: //table/tbody/tr[1]/td[3]/span/a
Trying to find Element By : By.xpath: //table/tbody/tr[1]/td[3]/span/a
Found Element By : By.xpath: //table/tbody/tr[1]/td[3]/span/a
Trying to find Element By : By.xpath: //table/tbody/tr[1]/td[3]/span/a
Found Element By : By.xpath: //table/tbody/tr[1]/td[3]/span/a
Trying to find Element By : By.xpath: //table/tbody/tr[1]/td[3]/span/a
Found Element By : By.xpath: //table/tbody/tr[1]/td[3]/span/a
Trying to find Element By : By.xpath: //table/tbody/tr[1]/td[3]/span/a
Found Element By : By.xpath: //table/tbody/tr[1]/td[3]/span/a
Trying to find Element By : By.xpath: //table/tbody/tr[1]/td[3]/span/a
Found Element By : By.xpath: //table/tbody/tr[1]/td[3]/span/a
Trying to find Element By : By.xpath: //table/tbody/tr[1]/td[3]/span/a
Found Element By : By.xpath: //table/tbody/tr[1]/td[3]/span/a
Trying to find Element By : By.xpath: //table/tbody/tr[1]/td[3]/span/a
Found Element By : By.xpath: //table/tbody/tr[1]/td[3]/span/a
Trying to find Element By : By.xpath: //table/tbody/tr[1]/td[3]/span/a
Found Element By : By.xpath: //table/tbody/tr[1]/td[3]/span/a
Trying to find Element By : By.xpath: //table/tbody/tr[1]/td[3]/span/a
Found Element By : By.xpath: //table/tbody/tr[1]/td[3]/span/a
Trying to find Element By : By.xpath: //table/tbody/tr[1]/td[3]/span/a
Found Element By : By.xpath: //table/tbody/tr[1]/td[3]/span/a
Trying to find Element By : By.xpath: //table/tbody/tr[1]/td[3]/span/a
Found Element By : By.xpath: //table/tbody/tr[1]/td[3]/span/a
Trying to find Element By : By.xpath: //table/tbody/tr[1]/td[3]/span/a
Found Element By : By.xpath: //table/tbody/tr[1]/td[3]/span/a
Trying to find Element By : By.xpath: //table/tbody/tr[1]/td[3]/span/a
Found Element By : By.xpath: //table/tbody/tr[1]/td[3]/span/a
Trying to find Element By : By.xpath: //table/tbody/tr[1]/td[3]/span/a
Found Element By : By.xpath: //table/tbody/tr[1]/td[3]/span/a
Trying to find Element By : By.xpath: //table/tbody/tr[1]/td[3]/span/a
Found Element By : By.xpath: //table/tbody/tr[1]/td[3]/span/a
Trying to find Element By : By.xpath: //table/tbody/tr[1]/td[3]/span/a
Found Element By : By.xpath: //table/tbody/tr[1]/td[3]/span/a
Trying to find Element By : By.xpath: //table/tbody/tr[1]/td[3]/span/a
Found Element By : By.xpath: //table/tbody/tr[1]/td[3]/span/a
Trying to find Element By : By.xpath: //table/tbody/tr[1]/td[3]/span/a
Found Element By : By.xpath: //table/tbody/tr[1]/td[3]/span/a
Trying to find Element By : By.xpath: //table/tbody/tr[1]/td[3]/span/a
Found Element By : By.xpath: //table/tbody/tr[1]/td[3]/span/a
Trying to find Element By : By.xpath: //table/tbody/tr[1]/td[3]/span/a
Found Element By : By.xpath: //table/tbody/tr[1]/td[3]/span/a
Trying to find Element By : By.xpath: //table/tbody/tr[1]/td[3]/span/a
Found Element By : By.xpath: //table/tbody/tr[1]/td[3]/span/a
Trying to find Element By : By.xpath: //table/tbody/tr[1]/td[3]/span/a
Found Element By : By.xpath: //table/tbody/tr[1]/td[3]/span/a
Trying to find Element By : By.xpath: //table/tbody/tr[1]/td[3]/span/a
Found Element By : By.xpath: //table/tbody/tr[1]/td[3]/span/a
Trying to find Element By : By.xpath: //table/tbody/tr[1]/td[3]/span/a
Found Element By : By.xpath: //table/tbody/tr[1]/td[3]/span/a
Trying to find Element By : By.xpath: //table/tbody/tr[1]/td[3]/span/a
Found Element By : By.xpath: //table/tbody/tr[1]/td[3]/span/a
Trying to find Element By : By.xpath: //table/tbody/tr[1]/td[3]/span/a
Found Element By : By.xpath: //table/tbody/tr[1]/td[3]/span/a
Trying to find Element By : By.xpath: //table/tbody/tr[1]/td[3]/span/a
Found Element By : By.xpath: //table/tbody/tr[1]/td[3]/span/a
Trying to find Element By : By.xpath: //table/tbody/tr[1]/td[3]/span/a
Found Element By : By.xpath: //table/tbody/tr[1]/td[3]/span/a
Trying to find Element By : By.xpath: //table/tbody/tr[1]/td[3]/span/a
Found Element By : By.xpath: //table/tbody/tr[1]/td[3]/span/a
Trying to find Element By : By.xpath: //table/tbody/tr[1]/td[3]/span/a
Found Element By : By.xpath: //table/tbody/tr[1]/td[3]/span/a
Trying to find Element By : By.xpath: //table/tbody/tr[1]/td[3]/span/a
Found Element By : By.xpath: //table/tbody/tr[1]/td[3]/span/a
Trying to find Element By : By.xpath: //table/tbody/tr[1]/td[3]/span/a
Found Element By : By.xpath: //table/tbody/tr[1]/td[3]/span/a
Trying to find Element By : By.xpath: //table/tbody/tr[1]/td[3]/span/a
Found Element By : By.xpath: //table/tbody/tr[1]/td[3]/span/a
Trying to find Element By : By.xpath: //table/tbody/tr[1]/td[3]/span/a
Found Element By : By.xpath: //table/tbody/tr[1]/td[3]/span/a
Trying to find Element By : By.xpath: //table/tbody/tr[1]/td[3]/span/a
Found Element By : By.xpath: //table/tbody/tr[1]/td[3]/span/a
Trying to find Element By : By.xpath: //table/tbody/tr[1]/td[3]/span/a
Found Element By : By.xpath: //table/tbody/tr[1]/td[3]/span/a
Trying to find Element By : By.xpath: //table/tbody/tr[1]/td[3]/span/a
Found Element By : By.xpath: //table/tbody/tr[1]/td[3]/span/a
Trying to find Element By : By.xpath: //table/tbody/tr[1]/td[3]/span/a
Found Element By : By.xpath: //table/tbody/tr[1]/td[3]/span/a
Trying to find Element By : By.xpath: //table/tbody/tr[1]/td[3]/span/a
Found Element By : By.xpath: //table/tbody/tr[1]/td[3]/span/a
Trying to find Element By : By.xpath: //table/tbody/tr[1]/td[3]/span/a
Found Element By : By.xpath: //table/tbody/tr[1]/td[3]/span/a
Trying to find Element By : By.xpath: //table/tbody/tr[1]/td[3]/span/a
Found Element By : By.xpath: //table/tbody/tr[1]/td[3]/span/a
Trying to find Element By : By.xpath: //table/tbody/tr[1]/td[3]/span/a
Found Element By : By.xpath: //table/tbody/tr[1]/td[3]/span/a
Trying to find Element By : By.xpath: //table/tbody/tr[1]/td[3]/span/a
Found Element By : By.xpath: //table/tbody/tr[1]/td[3]/span/a
Trying to find Element By : By.xpath: //table/tbody/tr[1]/td[3]/span/a
Found Element By : By.xpath: //table/tbody/tr[1]/td[3]/span/a
Trying to find Element By : By.xpath: //table/tbody/tr[1]/td[3]/span/a
Found Element By : By.xpath: //table/tbody/tr[1]/td[3]/span/a
Trying to find Element By : By.xpath: //table/tbody/tr[1]/td[3]/span/a
Found Element By : By.xpath: //table/tbody/tr[1]/td[3]/span/a
Trying to find Element By : By.xpath: //table/tbody/tr[1]/td[3]/span/a
Found Element By : By.xpath: //table/tbody/tr[1]/td[3]/span/a
Trying to find Element By : By.xpath: //table/tbody/tr[1]/td[3]/span/a
Found Element By : By.xpath: //table/tbody/tr[1]/td[3]/span/a
Trying to find Element By : By.xpath: //table/tbody/tr[1]/td[3]/span/a
Found Element By : By.xpath: //table/tbody/tr[1]/td[3]/span/a
Trying to find Element By : By.xpath: //table/tbody/tr[1]/td[3]/span/a
Found Element By : By.xpath: //table/tbody/tr[1]/td[3]/span/a
Trying to find Element By : By.xpath: //table/tbody/tr[1]/td[3]/span/a
Found Element By : By.xpath: //table/tbody/tr[1]/td[3]/span/a
Trying to find Element By : By.xpath: //table/tbody/tr[1]/td[3]/span/a
Found Element By : By.xpath: //table/tbody/tr[1]/td[3]/span/a
Trying to find Element By : By.xpath: //table/tbody/tr[1]/td[3]/span/a
Found Element By : By.xpath: //table/tbody/tr[1]/td[3]/span/a
Trying to find Element By : By.xpath: //table/tbody/tr[1]/td[3]/span/a
Found Element By : By.xpath: //table/tbody/tr[1]/td[3]/span/a
Trying to find Element By : By.xpath: //table/tbody/tr[1]/td[3]/span/a
Found Element By : By.xpath: //table/tbody/tr[1]/td[3]/span/a
Trying to find Element By : By.xpath: //table/tbody/tr[1]/td[3]/span/a
Found Element By : By.xpath: //table/tbody/tr[1]/td[3]/span/a
Trying to find Element By : By.xpath: //table/tbody/tr[1]/td[3]/span/a
Found Element By : By.xpath: //table/tbody/tr[1]/td[3]/span/a
Trying to find Element By : By.xpath: //table/tbody/tr[1]/td[3]/span/a
Found Element By : By.xpath: //table/tbody/tr[1]/td[3]/span/a
Trying to find Element By : By.xpath: //table/tbody/tr[1]/td[3]/span/a
Found Element By : By.xpath: //table/tbody/tr[1]/td[3]/span/a
Trying to find Element By : By.xpath: //table/tbody/tr[1]/td[3]/span/a
Found Element By : By.xpath: //table/tbody/tr[1]/td[3]/span/a
Trying to find Element By : By.xpath: //table/tbody/tr[1]/td[3]/span/a
Found Element By : By.xpath: //table/tbody/tr[1]/td[3]/span/a
Trying to find Element By : By.xpath: //table/tbody/tr[1]/td[3]/span/a
Found Element By : By.xpath: //table/tbody/tr[1]/td[3]/span/a
Trying to find Element By : By.xpath: //table/tbody/tr[1]/td[3]/span/a
Found Element By : By.xpath: //table/tbody/tr[1]/td[3]/span/a
Trying to find Element By : By.xpath: //table/tbody/tr[1]/td[3]/span/a
Found Element By : By.xpath: //table/tbody/tr[1]/td[3]/span/a
Trying to find Element By : By.xpath: //table/tbody/tr[1]/td[3]/span/a
Found Element By : By.xpath: //table/tbody/tr[1]/td[3]/span/a
Trying to find Element By : By.xpath: //table/tbody/tr[1]/td[3]/span/a
Found Element By : By.xpath: //table/tbody/tr[1]/td[3]/span/a
Trying to find Element By : By.xpath: //table/tbody/tr[1]/td[3]/span/a
Found Element By : By.xpath: //table/tbody/tr[1]/td[3]/span/a
Trying to find Element By : By.xpath: //table/tbody/tr[1]/td[3]/span/a
Found Element By : By.xpath: //table/tbody/tr[1]/td[3]/span/a
Trying to find Element By : By.xpath: //table/tbody/tr[1]/td[3]/span/a
Found Element By : By.xpath: //table/tbody/tr[1]/td[3]/span/a
Trying to find Element By : By.xpath: //table/tbody/tr[1]/td[3]/span/a
Found Element By : By.xpath: //table/tbody/tr[1]/td[3]/span/a
Trying to find Element By : By.xpath: //table/tbody/tr[1]/td[3]/span/a
Found Element By : By.xpath: //table/tbody/tr[1]/td[3]/span/a
Trying to find Element By : By.xpath: //table/tbody/tr[1]/td[3]/span/a
Found Element By : By.xpath: //table/tbody/tr[1]/td[3]/span/a
Trying to find Element By : By.xpath: //table/tbody/tr[1]/td[3]/span/a
Found Element By : By.xpath: //table/tbody/tr[1]/td[3]/span/a
Trying to find Element By : By.xpath: //table/tbody/tr[1]/td[3]/span/a
Found Element By : By.xpath: //table/tbody/tr[1]/td[3]/span/a
Trying to find Element By : By.xpath: //table/tbody/tr[1]/td[3]/span/a
Found Element By : By.xpath: //table/tbody/tr[1]/td[3]/span/a
Trying to find Element By : By.xpath: //table/tbody/tr[1]/td[3]/span/a
Found Element By : By.xpath: //table/tbody/tr[1]/td[3]/span/a
Trying to find Element By : By.xpath: //table/tbody/tr[1]/td[3]/span/a
Found Element By : By.xpath: //table/tbody/tr[1]/td[3]/span/a
Trying to find Element By : By.xpath: //table/tbody/tr[1]/td[3]/span/a
Found Element By : By.xpath: //table/tbody/tr[1]/td[3]/span/a
Trying to find Element By : By.xpath: //table/tbody/tr[1]/td[3]/span/a
Found Element By : By.xpath: //table/tbody/tr[1]/td[3]/span/a
Trying to find Element By : By.xpath: //table/tbody/tr[1]/td[3]/span/a
Found Element By : By.xpath: //table/tbody/tr[1]/td[3]/span/a
Trying to find Element By : By.xpath: //table/tbody/tr[1]/td[3]/span/a
Found Element By : By.xpath: //table/tbody/tr[1]/td[3]/span/a
Trying to find Element By : By.xpath: //table/tbody/tr[1]/td[3]/span/a
Found Element By : By.xpath: //table/tbody/tr[1]/td[3]/span/a
Trying to find Element By : By.xpath: //table/tbody/tr[1]/td[3]/span/a
Found Element By : By.xpath: //table/tbody/tr[1]/td[3]/span/a
Trying to find Element By : By.xpath: //table/tbody/tr[1]/td[3]/span/a
Found Element By : By.xpath: //table/tbody/tr[1]/td[3]/span/a
Trying to find Element By : By.xpath: //table/tbody/tr[1]/td[3]/span/a
Found Element By : By.xpath: //table/tbody/tr[1]/td[3]/span/a
Trying to find Element By : By.xpath: //table/tbody/tr[1]/td[3]/span/a
Found Element By : By.xpath: //table/tbody/tr[1]/td[3]/span/a
Trying to find Element By : By.xpath: //table/tbody/tr[1]/td[3]/span/a
Found Element By : By.xpath: //table/tbody/tr[1]/td[3]/span/a
Trying to find Element By : By.xpath: //table/tbody/tr[1]/td[3]/span/a
Found Element By : By.xpath: //table/tbody/tr[1]/td[3]/span/a
Trying to find Element By : By.xpath: //table/tbody/tr[1]/td[3]/span/a
Found Element By : By.xpath: //table/tbody/tr[1]/td[3]/span/a
Trying to find Element By : By.xpath: //table/tbody/tr[1]/td[3]/span/a
Found Element By : By.xpath: //table/tbody/tr[1]/td[3]/span/a
Trying to find Element By : By.xpath: //table/tbody/tr[1]/td[3]/span/a
Found Element By : By.xpath: //table/tbody/tr[1]/td[3]/span/a
Trying to find Element By : By.xpath: //table/tbody/tr[1]/td[3]/span/a
Found Element By : By.xpath: //table/tbody/tr[1]/td[3]/span/a
Trying to find Element By : By.xpath: //table/tbody/tr[1]/td[3]/span/a
Found Element By : By.xpath: //table/tbody/tr[1]/td[3]/span/a
Trying to find Element By : By.xpath: //table/tbody/tr[1]/td[3]/span/a
Found Element By : By.xpath: //table/tbody/tr[1]/td[3]/span/a
Trying to find Element By : By.xpath: //table/tbody/tr[1]/td[3]/span/a
Found Element By : By.xpath: //table/tbody/tr[1]/td[3]/span/a
Trying to find Element By : By.xpath: //table/tbody/tr[1]/td[3]/span/a
Found Element By : By.xpath: //table/tbody/tr[1]/td[3]/span/a
Trying to find Element By : By.xpath: //table/tbody/tr[1]/td[3]/span/a
Found Element By : By.xpath: //table/tbody/tr[1]/td[3]/span/a
Trying to find Element By : By.xpath: //table/tbody/tr[1]/td[3]/span/a
Found Element By : By.xpath: //table/tbody/tr[1]/td[3]/span/a
Trying to find Element By : By.xpath: //table/tbody/tr[1]/td[3]/span/a
Found Element By : By.xpath: //table/tbody/tr[1]/td[3]/span/a
Trying to find Element By : By.xpath: //table/tbody/tr[1]/td[3]/span/a
Found Element By : By.xpath: //table/tbody/tr[1]/td[3]/span/a
Trying to find Element By : By.xpath: //table/tbody/tr[1]/td[3]/span/a
Found Element By : By.xpath: //table/tbody/tr[1]/td[3]/span/a
Trying to find Element By : By.xpath: //table/tbody/tr[1]/td[3]/span/a
Found Element By : By.xpath: //table/tbody/tr[1]/td[3]/span/a
Trying to find Element By : By.xpath: //table/tbody/tr[1]/td[3]/span/a
Found Element By : By.xpath: //table/tbody/tr[1]/td[3]/span/a
Trying to find Element By : By.xpath: //table/tbody/tr[1]/td[3]/span/a
Found Element By : By.xpath: //table/tbody/tr[1]/td[3]/span/a
Trying to find Element By : By.xpath: //table/tbody/tr[1]/td[3]/span/a
Found Element By : By.xpath: //table/tbody/tr[1]/td[3]/span/a
Trying to find Element By : By.xpath: //table/tbody/tr[1]/td[3]/span/a
Found Element By : By.xpath: //table/tbody/tr[1]/td[3]/span/a
Trying to find Element By : By.xpath: //table/tbody/tr[1]/td[3]/span/a
Found Element By : By.xpath: //table/tbody/tr[1]/td[3]/span/a
Trying to find Element By : By.xpath: //table/tbody/tr[1]/td[3]/span/a
Found Element By : By.xpath: //table/tbody/tr[1]/td[3]/span/a
Trying to find Element By : By.xpath: //table/tbody/tr[1]/td[3]/span/a
Found Element By : By.xpath: //table/tbody/tr[1]/td[3]/span/a
Trying to find Element By : By.xpath: //table/tbody/tr[1]/td[3]/span/a
Found Element By : By.xpath: //table/tbody/tr[1]/td[3]/span/a
Trying to find Element By : By.xpath: //table/tbody/tr[1]/td[3]/span/a
Found Element By : By.xpath: //table/tbody/tr[1]/td[3]/span/a
Trying to find Element By : By.xpath: //table/tbody/tr[1]/td[3]/span/a
Found Element By : By.xpath: //table/tbody/tr[1]/td[3]/span/a
Trying to find Element By : By.xpath: //table/tbody/tr[1]/td[3]/span/a
Found Element By : By.xpath: //table/tbody/tr[1]/td[3]/span/a
Trying to find Element By : By.xpath: //table/tbody/tr[1]/td[3]/span/a
Found Element By : By.xpath: //table/tbody/tr[1]/td[3]/span/a
Trying to find Element By : By.xpath: //table/tbody/tr[1]/td[3]/span/a
Found Element By : By.xpath: //table/tbody/tr[1]/td[3]/span/a
Trying to find Element By : By.xpath: //table/tbody/tr[1]/td[3]/span/a
Found Element By : By.xpath: //table/tbody/tr[1]/td[3]/span/a
Trying to find Element By : By.xpath: //table/tbody/tr[1]/td[3]/span/a
Found Element By : By.xpath: //table/tbody/tr[1]/td[3]/span/a
Trying to find Element By : By.xpath: //table/tbody/tr[1]/td[3]/span/a
Found Element By : By.xpath: //table/tbody/tr[1]/td[3]/span/a
Trying to find Element By : By.xpath: //table/tbody/tr[1]/td[3]/span/a
Found Element By : By.xpath: //table/tbody/tr[1]/td[3]/span/a
Trying to find Element By : By.xpath: //table/tbody/tr[1]/td[3]/span/a
Found Element By : By.xpath: //table/tbody/tr[1]/td[3]/span/a
Trying to find Element By : By.xpath: //table/tbody/tr[1]/td[3]/span/a
Found Element By : By.xpath: //table/tbody/tr[1]/td[3]/span/a
Trying to find Element By : By.xpath: //table/tbody/tr[1]/td[3]/span/a
Found Element By : By.xpath: //table/tbody/tr[1]/td[3]/span/a
Trying to find Element By : By.xpath: //table/tbody/tr[1]/td[3]/span/a
Found Element By : By.xpath: //table/tbody/tr[1]/td[3]/span/a
Trying to find Element By : By.xpath: //table/tbody/tr[1]/td[3]/span/a
Found Element By : By.xpath: //table/tbody/tr[1]/td[3]/span/a
Trying to find Element By : By.xpath: //table/tbody/tr[1]/td[3]/span/a
Found Element By : By.xpath: //table/tbody/tr[1]/td[3]/span/a
Trying to find Element By : By.xpath: //table/tbody/tr[1]/td[3]/span/a
Found Element By : By.xpath: //table/tbody/tr[1]/td[3]/span/a
Trying to find Element By : By.xpath: //table/tbody/tr[1]/td[3]/span/a
Found Element By : By.xpath: //table/tbody/tr[1]/td[3]/span/a
Trying to find Element By : By.xpath: //table/tbody/tr[1]/td[3]/span/a
Found Element By : By.xpath: //table/tbody/tr[1]/td[3]/span/a
Trying to find Element By : By.xpath: //table/tbody/tr[1]/td[3]/span/a
Found Element By : By.xpath: //table/tbody/tr[1]/td[3]/span/a
Trying to find Element By : By.xpath: //table/tbody/tr[1]/td[3]/span/a
Found Element By : By.xpath: //table/tbody/tr[1]/td[3]/span/a
Trying to find Element By : By.xpath: //table/tbody/tr[1]/td[3]/span/a
Found Element By : By.xpath: //table/tbody/tr[1]/td[3]/span/a
Trying to find Element By : By.xpath: //table/tbody/tr[1]/td[3]/span/a
Found Element By : By.xpath: //table/tbody/tr[1]/td[3]/span/a
Trying to find Element By : By.xpath: //table/tbody/tr[1]/td[3]/span/a
Found Element By : By.xpath: //table/tbody/tr[1]/td[3]/span/a
Trying to find Element By : By.xpath: //table/tbody/tr[1]/td[3]/span/a
Found Element By : By.xpath: //table/tbody/tr[1]/td[3]/span/a
Trying to find Element By : By.xpath: //table/tbody/tr[1]/td[3]/span/a
Found Element By : By.xpath: //table/tbody/tr[1]/td[3]/span/a
Trying to find Element By : By.xpath: //table/tbody/tr[1]/td[3]/span/a
Found Element By : By.xpath: //table/tbody/tr[1]/td[3]/span/a
Trying to find Element By : By.xpath: //table/tbody/tr[1]/td[3]/span/a
Found Element By : By.xpath: //table/tbody/tr[1]/td[3]/span/a
Trying to find Element By : By.xpath: //table/tbody/tr[1]/td[3]/span/a
Found Element By : By.xpath: //table/tbody/tr[1]/td[3]/span/a
Trying to find Element By : By.xpath: //table/tbody/tr[1]/td[3]/span/a
Found Element By : By.xpath: //table/tbody/tr[1]/td[3]/span/a
Trying to find Element By : By.xpath: //table/tbody/tr[1]/td[3]/span/a
Found Element By : By.xpath: //table/tbody/tr[1]/td[3]/span/a
Trying to find Element By : By.xpath: //table/tbody/tr[1]/td[3]/span/a
Found Element By : By.xpath: //table/tbody/tr[1]/td[3]/span/a
Trying to find Element By : By.xpath: //table/tbody/tr[1]/td[3]/span/a
Found Element By : By.xpath: //table/tbody/tr[1]/td[3]/span/a
Trying to find Element By : By.xpath: //table/tbody/tr[1]/td[3]/span/a
Found Element By : By.xpath: //table/tbody/tr[1]/td[3]/span/a
Trying to find Element By : By.xpath: //table/tbody/tr[1]/td[3]/span/a
Found Element By : By.xpath: //table/tbody/tr[1]/td[3]/span/a
Trying to find Element By : By.xpath: //table/tbody/tr[1]/td[3]/span/a
Found Element By : By.xpath: //table/tbody/tr[1]/td[3]/span/a
Trying to find Element By : By.xpath: //table/tbody/tr[1]/td[3]/span/a
Found Element By : By.xpath: //table/tbody/tr[1]/td[3]/span/a
Trying to find Element By : By.xpath: //table/tbody/tr[1]/td[3]/span/a
Found Element By : By.xpath: //table/tbody/tr[1]/td[3]/span/a
Trying to find Element By : By.xpath: //table/tbody/tr[1]/td[3]/span/a
Found Element By : By.xpath: //table/tbody/tr[1]/td[3]/span/a
Trying to find Element By : By.xpath: //table/tbody/tr[1]/td[3]/span/a
Found Element By : By.xpath: //table/tbody/tr[1]/td[3]/span/a
Trying to find Element By : By.xpath: //table/tbody/tr[1]/td[3]/span/a
Found Element By : By.xpath: //table/tbody/tr[1]/td[3]/span/a
Trying to find Element By : By.xpath: //table/tbody/tr[1]/td[3]/span/a
Found Element By : By.xpath: //table/tbody/tr[1]/td[3]/span/a
Trying to find Element By : By.xpath: //table/tbody/tr[1]/td[3]/span/a
Found Element By : By.xpath: //table/tbody/tr[1]/td[3]/span/a
Trying to find Element By : By.xpath: //table/tbody/tr[1]/td[3]/span/a
Found Element By : By.xpath: //table/tbody/tr[1]/td[3]/span/a
Trying to find Element By : By.xpath: //table/tbody/tr[1]/td[3]/span/a
Found Element By : By.xpath: //table/tbody/tr[1]/td[3]/span/a
Trying to find Element By : By.xpath: //table/tbody/tr[1]/td[3]/span/a
Found Element By : By.xpath: //table/tbody/tr[1]/td[3]/span/a
Trying to find Element By : By.xpath: //table/tbody/tr[1]/td[3]/span/a
Found Element By : By.xpath: //table/tbody/tr[1]/td[3]/span/a
Trying to find Element By : By.xpath: //table/tbody/tr[1]/td[3]/span/a
Found Element By : By.xpath: //table/tbody/tr[1]/td[3]/span/a
Trying to find Element By : By.xpath: //table/tbody/tr[1]/td[3]/span/a
Found Element By : By.xpath: //table/tbody/tr[1]/td[3]/span/a
Trying to find Element By : By.xpath: //table/tbody/tr[1]/td[3]/span/a
Found Element By : By.xpath: //table/tbody/tr[1]/td[3]/span/a
Trying to find Element By : By.xpath: //table/tbody/tr[1]/td[3]/span/a
Found Element By : By.xpath: //table/tbody/tr[1]/td[3]/span/a
Trying to find Element By : By.xpath: //table/tbody/tr[1]/td[3]/span/a
Found Element By : By.xpath: //table/tbody/tr[1]/td[3]/span/a
Trying to find Element By : By.xpath: //table/tbody/tr[1]/td[3]/span/a
Found Element By : By.xpath: //table/tbody/tr[1]/td[3]/span/a
Trying to find Element By : By.xpath: //table/tbody/tr[1]/td[3]/span/a
Found Element By : By.xpath: //table/tbody/tr[1]/td[3]/span/a
Trying to find Element By : By.xpath: //table/tbody/tr[1]/td[3]/span/a
Found Element By : By.xpath: //table/tbody/tr[1]/td[3]/span/a
Trying to find Element By : By.xpath: //table/tbody/tr[1]/td[3]/span/a
Found Element By : By.xpath: //table/tbody/tr[1]/td[3]/span/a
Trying to find Element By : By.xpath: //table/tbody/tr[1]/td[3]/span/a
Found Element By : By.xpath: //table/tbody/tr[1]/td[3]/span/a
Trying to find Element By : By.xpath: //table/tbody/tr[1]/td[3]/span/a
Found Element By : By.xpath: //table/tbody/tr[1]/td[3]/span/a
Trying to find Element By : By.xpath: //table/tbody/tr[1]/td[3]/span/a
Found Element By : By.xpath: //table/tbody/tr[1]/td[3]/span/a
Trying to find Element By : By.xpath: //table/tbody/tr[1]/td[3]/span/a
Found Element By : By.xpath: //table/tbody/tr[1]/td[3]/span/a
Trying to find Element By : By.xpath: //table/tbody/tr[1]/td[3]/span/a
Found Element By : By.xpath: //table/tbody/tr[1]/td[3]/span/a
Trying to find Element By : By.xpath: //table/tbody/tr[1]/td[3]/span/a
Found Element By : By.xpath: //table/tbody/tr[1]/td[3]/span/a
Trying to find Element By : By.xpath: //table/tbody/tr[1]/td[3]/span/a
Found Element By : By.xpath: //table/tbody/tr[1]/td[3]/span/a
Trying to find Element By : By.xpath: //table/tbody/tr[1]/td[3]/span/a
Found Element By : By.xpath: //table/tbody/tr[1]/td[3]/span/a
Trying to find Element By : By.xpath: //table/tbody/tr[1]/td[3]/span/a
Found Element By : By.xpath: //table/tbody/tr[1]/td[3]/span/a
Trying to find Element By : By.xpath: //table/tbody/tr[1]/td[3]/span/a
Found Element By : By.xpath: //table/tbody/tr[1]/td[3]/span/a
Trying to find Element By : By.xpath: //table/tbody/tr[1]/td[3]/span/a
Found Element By : By.xpath: //table/tbody/tr[1]/td[3]/span/a
Trying to find Element By : By.xpath: //table/tbody/tr[1]/td[3]/span/a
Found Element By : By.xpath: //table/tbody/tr[1]/td[3]/span/a
Trying to find Element By : By.xpath: //table/tbody/tr[1]/td[3]/span/a
Found Element By : By.xpath: //table/tbody/tr[1]/td[3]/span/a
Trying to find Element By : By.xpath: //table/tbody/tr[1]/td[3]/span/a
Found Element By : By.xpath: //table/tbody/tr[1]/td[3]/span/a
Trying to find Element By : By.xpath: //table/tbody/tr[1]/td[3]/span/a
Found Element By : By.xpath: //table/tbody/tr[1]/td[3]/span/a
Trying to find Element By : By.xpath: //table/tbody/tr[1]/td[3]/span/a
Found Element By : By.xpath: //table/tbody/tr[1]/td[3]/span/a
Trying to find Element By : By.xpath: //table/tbody/tr[1]/td[3]/span/a
Found Element By : By.xpath: //table/tbody/tr[1]/td[3]/span/a
Trying to find Element By : By.xpath: //table/tbody/tr[1]/td[3]/span/a
Found Element By : By.xpath: //table/tbody/tr[1]/td[3]/span/a
Trying to find Element By : By.xpath: //table/tbody/tr[1]/td[3]/span/a
Found Element By : By.xpath: //table/tbody/tr[1]/td[3]/span/a
Trying to find Element By : By.xpath: //table/tbody/tr[1]/td[3]/span/a
Found Element By : By.xpath: //table/tbody/tr[1]/td[3]/span/a
Trying to find Element By : By.xpath: //table/tbody/tr[1]/td[3]/span/a
Found Element By : By.xpath: //table/tbody/tr[1]/td[3]/span/a
Trying to find Element By : By.xpath: //table/tbody/tr[1]/td[3]/span/a
Found Element By : By.xpath: //table/tbody/tr[1]/td[3]/span/a
Trying to find Element By : By.xpath: //table/tbody/tr[1]/td[3]/span/a
Found Element By : By.xpath: //table/tbody/tr[1]/td[3]/span/a
Trying to find Element By : By.xpath: //table/tbody/tr[1]/td[3]/span/a
Found Element By : By.xpath: //table/tbody/tr[1]/td[3]/span/a
Trying to find Element By : By.xpath: //table/tbody/tr[1]/td[3]/span/a
Found Element By : By.xpath: //table/tbody/tr[1]/td[3]/span/a
Trying to find Element By : By.xpath: //table/tbody/tr[1]/td[3]/span/a
Found Element By : By.xpath: //table/tbody/tr[1]/td[3]/span/a
Trying to find Element By : By.xpath: //table/tbody/tr[1]/td[3]/span/a
Found Element By : By.xpath: //table/tbody/tr[1]/td[3]/span/a
Trying to find Element By : By.xpath: //table/tbody/tr[1]/td[3]/span/a
Found Element By : By.xpath: //table/tbody/tr[1]/td[3]/span/a
Trying to find Element By : By.xpath: //table/tbody/tr[1]/td[3]/span/a
Found Element By : By.xpath: //table/tbody/tr[1]/td[3]/span/a
Trying to find Element By : By.xpath: //table/tbody/tr[1]/td[3]/span/a
Found Element By : By.xpath: //table/tbody/tr[1]/td[3]/span/a
Trying to find Element By : By.xpath: //table/tbody/tr[1]/td[3]/span/a
Found Element By : By.xpath: //table/tbody/tr[1]/td[3]/span/a
Trying to find Element By : By.xpath: //table/tbody/tr[1]/td[3]/span/a
Found Element By : By.xpath: //table/tbody/tr[1]/td[3]/span/a
Trying to find Element By : By.xpath: //table/tbody/tr[1]/td[3]/span/a
Found Element By : By.xpath: //table/tbody/tr[1]/td[3]/span/a
Trying to find Element By : By.xpath: //table/tbody/tr[1]/td[3]/span/a
Found Element By : By.xpath: //table/tbody/tr[1]/td[3]/span/a
Trying to find Element By : By.xpath: //table/tbody/tr[1]/td[3]/span/a
Found Element By : By.xpath: //table/tbody/tr[1]/td[3]/span/a
Trying to find Element By : By.xpath: //table/tbody/tr[1]/td[3]/span/a
Found Element By : By.xpath: //table/tbody/tr[1]/td[3]/span/a
Trying to find Element By : By.xpath: //table/tbody/tr[1]/td[3]/span/a
Found Element By : By.xpath: //table/tbody/tr[1]/td[3]/span/a
Trying to find Element By : By.xpath: //table/tbody/tr[1]/td[3]/span/a
Found Element By : By.xpath: //table/tbody/tr[1]/td[3]/span/a
Trying to find Element By : By.xpath: //table/tbody/tr[1]/td[3]/span/a
Found Element By : By.xpath: //table/tbody/tr[1]/td[3]/span/a
Trying to find Element By : By.xpath: //table/tbody/tr[1]/td[3]/span/a
Found Element By : By.xpath: //table/tbody/tr[1]/td[3]/span/a
Trying to find Element By : By.xpath: //table/tbody/tr[1]/td[3]/span/a
Found Element By : By.xpath: //table/tbody/tr[1]/td[3]/span/a
Trying to find Element By : By.xpath: //table/tbody/tr[1]/td[3]/span/a
Found Element By : By.xpath: //table/tbody/tr[1]/td[3]/span/a
Trying to find Element By : By.xpath: //table/tbody/tr[1]/td[3]/span/a
Found Element By : By.xpath: //table/tbody/tr[1]/td[3]/span/a
Trying to find Element By : By.xpath: //table/tbody/tr[1]/td[3]/span/a
Found Element By : By.xpath: //table/tbody/tr[1]/td[3]/span/a
Trying to find Element By : By.xpath: //table/tbody/tr[1]/td[3]/span/a
Found Element By : By.xpath: //table/tbody/tr[1]/td[3]/span/a
Trying to find Element By : By.xpath: //table/tbody/tr[1]/td[3]/span/a
Found Element By : By.xpath: //table/tbody/tr[1]/td[3]/span/a
Trying to find Element By : By.xpath: //table/tbody/tr[1]/td[3]/span/a
Found Element By : By.xpath: //table/tbody/tr[1]/td[3]/span/a
Trying to find Element By : By.xpath: //table/tbody/tr[1]/td[3]/span/a
Found Element By : By.xpath: //table/tbody/tr[1]/td[3]/span/a
Trying to find Element By : By.xpath: //table/tbody/tr[1]/td[3]/span/a
Found Element By : By.xpath: //table/tbody/tr[1]/td[3]/span/a
Trying to find Element By : By.xpath: //table/tbody/tr[1]/td[3]/span/a
Found Element By : By.xpath: //table/tbody/tr[1]/td[3]/span/a
Trying to find Element By : By.xpath: //table/tbody/tr[1]/td[3]/span/a
Found Element By : By.xpath: //table/tbody/tr[1]/td[3]/span/a
Trying to find Element By : By.xpath: //table/tbody/tr[1]/td[3]/span/a
Found Element By : By.xpath: //table/tbody/tr[1]/td[3]/span/a
Trying to find Element By : By.xpath: //table/tbody/tr[1]/td[3]/span/a
Found Element By : By.xpath: //table/tbody/tr[1]/td[3]/span/a
Trying to find Element By : By.xpath: //table/tbody/tr[1]/td[3]/span/a
Found Element By : By.xpath: //table/tbody/tr[1]/td[3]/span/a
Trying to find Element By : By.xpath: //table/tbody/tr[1]/td[3]/span/a
Found Element By : By.xpath: //table/tbody/tr[1]/td[3]/span/a
Trying to find Element By : By.xpath: //table/tbody/tr[1]/td[3]/span/a
Found Element By : By.xpath: //table/tbody/tr[1]/td[3]/span/a
Trying to find Element By : By.xpath: //table/tbody/tr[1]/td[3]/span/a
Found Element By : By.xpath: //table/tbody/tr[1]/td[3]/span/a
Trying to find Element By : By.xpath: //table/tbody/tr[1]/td[3]/span/a
Found Element By : By.xpath: //table/tbody/tr[1]/td[3]/span/a
Trying to find Element By : By.xpath: //table/tbody/tr[1]/td[3]/span/a
Found Element By : By.xpath: //table/tbody/tr[1]/td[3]/span/a
Trying to find Element By : By.xpath: //table/tbody/tr[1]/td[3]/span/a
Found Element By : By.xpath: //table/tbody/tr[1]/td[3]/span/a
Trying to find Element By : By.xpath: //table/tbody/tr[1]/td[3]/span/a
Found Element By : By.xpath: //table/tbody/tr[1]/td[3]/span/a
Trying to find Element By : By.xpath: //table/tbody/tr[1]/td[3]/span/a
Found Element By : By.xpath: //table/tbody/tr[1]/td[3]/span/a
Trying to find Element By : By.xpath: //table/tbody/tr[1]/td[3]/span/a
Found Element By : By.xpath: //table/tbody/tr[1]/td[3]/span/a
Trying to find Element By : By.xpath: //table/tbody/tr[1]/td[3]/span/a
Found Element By : By.xpath: //table/tbody/tr[1]/td[3]/span/a
Trying to find Element By : By.xpath: //table/tbody/tr[1]/td[3]/span/a
Found Element By : By.xpath: //table/tbody/tr[1]/td[3]/span/a
Trying to find Element By : By.xpath: //table/tbody/tr[1]/td[3]/span/a
Found Element By : By.xpath: //table/tbody/tr[1]/td[3]/span/a
Trying to find Element By : By.xpath: //table/tbody/tr[1]/td[3]/span/a
Found Element By : By.xpath: //table/tbody/tr[1]/td[3]/span/a
Trying to find Element By : By.xpath: //table/tbody/tr[1]/td[3]/span/a
Found Element By : By.xpath: //table/tbody/tr[1]/td[3]/span/a
Trying to find Element By : By.xpath: //table/tbody/tr[1]/td[3]/span/a
Found Element By : By.xpath: //table/tbody/tr[1]/td[3]/span/a
Trying to find Element By : By.xpath: //table/tbody/tr[1]/td[3]/span/a
Found Element By : By.xpath: //table/tbody/tr[1]/td[3]/span/a
Trying to find Element By : By.xpath: //table/tbody/tr[1]/td[3]/span/a
Found Element By : By.xpath: //table/tbody/tr[1]/td[3]/span/a
Trying to find Element By : By.xpath: //table/tbody/tr[1]/td[3]/span/a
Found Element By : By.xpath: //table/tbody/tr[1]/td[3]/span/a
Trying to find Element By : By.xpath: //table/tbody/tr[1]/td[3]/span/a
Found Element By : By.xpath: //table/tbody/tr[1]/td[3]/span/a
Trying to find Element By : By.xpath: //table/tbody/tr[1]/td[3]/span/a
Found Element By : By.xpath: //table/tbody/tr[1]/td[3]/span/a
Trying to find Element By : By.xpath: //table/tbody/tr[1]/td[3]/span/a
Found Element By : By.xpath: //table/tbody/tr[1]/td[3]/span/a
Trying to find Element By : By.xpath: //table/tbody/tr[1]/td[3]/span/a
Found Element By : By.xpath: //table/tbody/tr[1]/td[3]/span/a
Trying to find Element By : By.xpath: //table/tbody/tr[1]/td[3]/span/a
Found Element By : By.xpath: //table/tbody/tr[1]/td[3]/span/a
Trying to find Element By : By.xpath: //table/tbody/tr[1]/td[3]/span/a
Found Element By : By.xpath: //table/tbody/tr[1]/td[3]/span/a
Trying to find Element By : By.xpath: //table/tbody/tr[1]/td[3]/span/a
Found Element By : By.xpath: //table/tbody/tr[1]/td[3]/span/a
Trying to find Element By : By.xpath: //table/tbody/tr[1]/td[3]/span/a
Found Element By : By.xpath: //table/tbody/tr[1]/td[3]/span/a
Trying to find Element By : By.xpath: //table/tbody/tr[1]/td[3]/span/a
Found Element By : By.xpath: //table/tbody/tr[1]/td[3]/span/a
Trying to find Element By : By.xpath: //table/tbody/tr[1]/td[3]/span/a
Found Element By : By.xpath: //table/tbody/tr[1]/td[3]/span/a
Trying to find Element By : By.xpath: //table/tbody/tr[1]/td[3]/span/a
Found Element By : By.xpath: //table/tbody/tr[1]/td[3]/span/a
Trying to find Element By : By.xpath: //table/tbody/tr[1]/td[3]/span/a
Found Element By : By.xpath: //table/tbody/tr[1]/td[3]/span/a
Trying to find Element By : By.xpath: //table/tbody/tr[1]/td[3]/span/a
Found Element By : By.xpath: //table/tbody/tr[1]/td[3]/span/a
Trying to find Element By : By.xpath: //table/tbody/tr[1]/td[3]/span/a
Found Element By : By.xpath: //table/tbody/tr[1]/td[3]/span/a
Trying to find Element By : By.xpath: //table/tbody/tr[1]/td[3]/span/a
Found Element By : By.xpath: //table/tbody/tr[1]/td[3]/span/a
Trying to find Element By : By.xpath: //table/tbody/tr[1]/td[3]/span/a
Found Element By : By.xpath: //table/tbody/tr[1]/td[3]/span/a
Trying to find Element By : By.xpath: //table/tbody/tr[1]/td[3]/span/a
Found Element By : By.xpath: //table/tbody/tr[1]/td[3]/span/a
Trying to find Element By : By.xpath: //table/tbody/tr[1]/td[3]/span/a
Found Element By : By.xpath: //table/tbody/tr[1]/td[3]/span/a
Trying to find Element By : By.xpath: //table/tbody/tr[1]/td[3]/span/a
Found Element By : By.xpath: //table/tbody/tr[1]/td[3]/span/a
Trying to find Element By : By.xpath: //table/tbody/tr[1]/td[3]/span/a
Found Element By : By.xpath: //table/tbody/tr[1]/td[3]/span/a
Trying to find Element By : By.xpath: //table/tbody/tr[1]/td[3]/span/a
Found Element By : By.xpath: //table/tbody/tr[1]/td[3]/span/a
Trying to find Element By : By.xpath: //table/tbody/tr[1]/td[3]/span/a
Found Element By : By.xpath: //table/tbody/tr[1]/td[3]/span/a
Trying to find Element By : By.xpath: //table/tbody/tr[1]/td[3]/span/a
Found Element By : By.xpath: //table/tbody/tr[1]/td[3]/span/a
Trying to find Element By : By.xpath: //table/tbody/tr[1]/td[3]/span/a
Found Element By : By.xpath: //table/tbody/tr[1]/td[3]/span/a
Trying to find Element By : By.xpath: //table/tbody/tr[1]/td[3]/span/a
Found Element By : By.xpath: //table/tbody/tr[1]/td[3]/span/a
Trying to find Element By : By.xpath: //table/tbody/tr[1]/td[3]/span/a
Found Element By : By.xpath: //table/tbody/tr[1]/td[3]/span/a
Trying to find Element By : By.xpath: //table/tbody/tr[1]/td[3]/span/a
Found Element By : By.xpath: //table/tbody/tr[1]/td[3]/span/a
Trying to find Element By : By.xpath: //table/tbody/tr[1]/td[3]/span/a
Found Element By : By.xpath: //table/tbody/tr[1]/td[3]/span/a
Trying to find Element By : By.xpath: //table/tbody/tr[1]/td[3]/span/a
Found Element By : By.xpath: //table/tbody/tr[1]/td[3]/span/a
Trying to find Element By : By.xpath: //table/tbody/tr[1]/td[3]/span/a
Found Element By : By.xpath: //table/tbody/tr[1]/td[3]/span/a
Trying to find Element By : By.xpath: //table/tbody/tr[1]/td[3]/span/a
Found Element By : By.xpath: //table/tbody/tr[1]/td[3]/span/a
Trying to find Element By : By.xpath: //table/tbody/tr[1]/td[3]/span/a
Found Element By : By.xpath: //table/tbody/tr[1]/td[3]/span/a
Trying to find Element By : By.xpath: //table/tbody/tr[1]/td[3]/span/a
Found Element By : By.xpath: //table/tbody/tr[1]/td[3]/span/a
Trying to find Element By : By.xpath: //table/tbody/tr[1]/td[3]/span/a
Found Element By : By.xpath: //table/tbody/tr[1]/td[3]/span/a
Trying to find Element By : By.xpath: //table/tbody/tr[1]/td[3]/span/a
Found Element By : By.xpath: //table/tbody/tr[1]/td[3]/span/a
Trying to find Element By : By.xpath: //table/tbody/tr[1]/td[3]/span/a
Found Element By : By.xpath: //table/tbody/tr[1]/td[3]/span/a
Trying to find Element By : By.xpath: //table/tbody/tr[1]/td[3]/span/a
Found Element By : By.xpath: //table/tbody/tr[1]/td[3]/span/a
Trying to find Element By : By.xpath: //table/tbody/tr[1]/td[3]/span/a
Found Element By : By.xpath: //table/tbody/tr[1]/td[3]/span/a
Trying to find Element By : By.xpath: //table/tbody/tr[1]/td[3]/span/a
Found Element By : By.xpath: //table/tbody/tr[1]/td[3]/span/a
Trying to find Element By : By.xpath: //table/tbody/tr[1]/td[3]/span/a
Found Element By : By.xpath: //table/tbody/tr[1]/td[3]/span/a
Trying to find Element By : By.xpath: //table/tbody/tr[1]/td[3]/span/a
Found Element By : By.xpath: //table/tbody/tr[1]/td[3]/span/a
Trying to find Element By : By.xpath: //table/tbody/tr[1]/td[3]/span/a
Found Element By : By.xpath: //table/tbody/tr[1]/td[3]/span/a
Trying to find Element By : By.xpath: //table/tbody/tr[1]/td[3]/span/a
Found Element By : By.xpath: //table/tbody/tr[1]/td[3]/span/a
Trying to find Element By : By.xpath: //table/tbody/tr[1]/td[3]/span/a
Found Element By : By.xpath: //table/tbody/tr[1]/td[3]/span/a
Trying to find Element By : By.xpath: //table/tbody/tr[1]/td[3]/span/a
Found Element By : By.xpath: //table/tbody/tr[1]/td[3]/span/a
Trying to find Element By : By.xpath: //table/tbody/tr[1]/td[3]/span/a
Found Element By : By.xpath: //table/tbody/tr[1]/td[3]/span/a
Trying to find Element By : By.xpath: //table/tbody/tr[1]/td[3]/span/a
Found Element By : By.xpath: //table/tbody/tr[1]/td[3]/span/a
Trying to find Element By : By.xpath: //table/tbody/tr[1]/td[3]/span/a
Found Element By : By.xpath: //table/tbody/tr[1]/td[3]/span/a
Trying to find Element By : By.xpath: //table/tbody/tr[1]/td[3]/span/a
Found Element By : By.xpath: //table/tbody/tr[1]/td[3]/span/a
Trying to find Element By : By.xpath: //table/tbody/tr[1]/td[3]/span/a
Found Element By : By.xpath: //table/tbody/tr[1]/td[3]/span/a
Trying to find Element By : By.xpath: //table/tbody/tr[1]/td[3]/span/a
Found Element By : By.xpath: //table/tbody/tr[1]/td[3]/span/a
Trying to find Element By : By.xpath: //table/tbody/tr[1]/td[3]/span/a
Found Element By : By.xpath: //table/tbody/tr[1]/td[3]/span/a
Trying to find Element By : By.xpath: //table/tbody/tr[1]/td[3]/span/a
Found Element By : By.xpath: //table/tbody/tr[1]/td[3]/span/a
Trying to find Element By : By.xpath: //table/tbody/tr[1]/td[3]/span/a
Found Element By : By.xpath: //table/tbody/tr[1]/td[3]/span/a
Trying to find Element By : By.xpath: //table/tbody/tr[1]/td[3]/span/a
Found Element By : By.xpath: //table/tbody/tr[1]/td[3]/span/a
Trying to find Element By : By.xpath: //table/tbody/tr[1]/td[3]/span/a
Found Element By : By.xpath: //table/tbody/tr[1]/td[3]/span/a
Trying to find Element By : By.xpath: //table/tbody/tr[1]/td[3]/span/a
Found Element By : By.xpath: //table/tbody/tr[1]/td[3]/span/a
Trying to find Element By : By.xpath: //table/tbody/tr[1]/td[3]/span/a
Found Element By : By.xpath: //table/tbody/tr[1]/td[3]/span/a
Trying to find Element By : By.xpath: //table/tbody/tr[1]/td[3]/span/a
Found Element By : By.xpath: //table/tbody/tr[1]/td[3]/span/a
Trying to find Element By : By.xpath: //table/tbody/tr[1]/td[3]/span/a
Found Element By : By.xpath: //table/tbody/tr[1]/td[3]/span/a
Trying to find Element By : By.xpath: //table/tbody/tr[1]/td[3]/span/a
Found Element By : By.xpath: //table/tbody/tr[1]/td[3]/span/a
Trying to find Element By : By.xpath: //table/tbody/tr[1]/td[3]/span/a
Found Element By : By.xpath: //table/tbody/tr[1]/td[3]/span/a
Trying to find Element By : By.xpath: //table/tbody/tr[1]/td[3]/span/a
Found Element By : By.xpath: //table/tbody/tr[1]/td[3]/span/a
Trying to find Element By : By.xpath: //table/tbody/tr[1]/td[3]/span/a
Found Element By : By.xpath: //table/tbody/tr[1]/td[3]/span/a
Trying to find Element By : By.xpath: //table/tbody/tr[1]/td[3]/span/a
Found Element By : By.xpath: //table/tbody/tr[1]/td[3]/span/a
Trying to find Element By : By.xpath: //table/tbody/tr[1]/td[3]/span/a
Found Element By : By.xpath: //table/tbody/tr[1]/td[3]/span/a
Trying to find Element By : By.xpath: //table/tbody/tr[1]/td[3]/span/a
Found Element By : By.xpath: //table/tbody/tr[1]/td[3]/span/a
Trying to find Element By : By.xpath: //table/tbody/tr[1]/td[3]/span/a
Found Element By : By.xpath: //table/tbody/tr[1]/td[3]/span/a
Trying to find Element By : By.xpath: //table/tbody/tr[1]/td[3]/span/a
Found Element By : By.xpath: //table/tbody/tr[1]/td[3]/span/a
Trying to find Element By : By.xpath: //table/tbody/tr[1]/td[3]/span/a
Found Element By : By.xpath: //table/tbody/tr[1]/td[3]/span/a
Trying to find Element By : By.xpath: //table/tbody/tr[1]/td[3]/span/a
Found Element By : By.xpath: //table/tbody/tr[1]/td[3]/span/a
Trying to find Element By : By.xpath: //table/tbody/tr[1]/td[3]/span/a
Found Element By : By.xpath: //table/tbody/tr[1]/td[3]/span/a
Trying to find Element By : By.xpath: //table/tbody/tr[1]/td[3]/span/a
Found Element By : By.xpath: //table/tbody/tr[1]/td[3]/span/a
Trying to find Element By : By.xpath: //table/tbody/tr[1]/td[3]/span/a
Found Element By : By.xpath: //table/tbody/tr[1]/td[3]/span/a
Trying to find Element By : By.xpath: //table/tbody/tr[1]/td[3]/span/a
Found Element By : By.xpath: //table/tbody/tr[1]/td[3]/span/a
Trying to find Element By : By.xpath: //table/tbody/tr[1]/td[3]/span/a
Found Element By : By.xpath: //table/tbody/tr[1]/td[3]/span/a
Trying to find Element By : By.xpath: //table/tbody/tr[1]/td[3]/span/a
Found Element By : By.xpath: //table/tbody/tr[1]/td[3]/span/a
Trying to find Element By : By.xpath: //table/tbody/tr[1]/td[3]/span/a
Found Element By : By.xpath: //table/tbody/tr[1]/td[3]/span/a
Trying to find Element By : By.xpath: //table/tbody/tr[1]/td[3]/span/a
Found Element By : By.xpath: //table/tbody/tr[1]/td[3]/span/a
Trying to find Element By : By.xpath: //table/tbody/tr[1]/td[3]/span/a
Found Element By : By.xpath: //table/tbody/tr[1]/td[3]/span/a
Trying to find Element By : By.xpath: //table/tbody/tr[1]/td[3]/span/a
Found Element By : By.xpath: //table/tbody/tr[1]/td[3]/span/a
Trying to find Element By : By.xpath: //table/tbody/tr[1]/td[3]/span/a
Found Element By : By.xpath: //table/tbody/tr[1]/td[3]/span/a
Trying to find Element By : By.xpath: //table/tbody/tr[1]/td[3]/span/a
Found Element By : By.xpath: //table/tbody/tr[1]/td[3]/span/a
Trying to find Element By : By.xpath: //table/tbody/tr[1]/td[3]/span/a
Found Element By : By.xpath: //table/tbody/tr[1]/td[3]/span/a
Trying to find Element By : By.xpath: //table/tbody/tr[1]/td[3]/span/a
Found Element By : By.xpath: //table/tbody/tr[1]/td[3]/span/a
Trying to find Element By : By.xpath: //table/tbody/tr[1]/td[3]/span/a
Found Element By : By.xpath: //table/tbody/tr[1]/td[3]/span/a
Trying to find Element By : By.xpath: //table/tbody/tr[1]/td[3]/span/a
Found Element By : By.xpath: //table/tbody/tr[1]/td[3]/span/a
Trying to find Element By : By.xpath: //table/tbody/tr[1]/td[3]/span/a
Found Element By : By.xpath: //table/tbody/tr[1]/td[3]/span/a
Trying to find Element By : By.xpath: //table/tbody/tr[1]/td[3]/span/a
Found Element By : By.xpath: //table/tbody/tr[1]/td[3]/span/a
Trying to find Element By : By.xpath: //table/tbody/tr[1]/td[3]/span/a
Found Element By : By.xpath: //table/tbody/tr[1]/td[3]/span/a
Trying to find Element By : By.xpath: //table/tbody/tr[1]/td[3]/span/a
Found Element By : By.xpath: //table/tbody/tr[1]/td[3]/span/a
Trying to find Element By : By.xpath: //table/tbody/tr[1]/td[3]/span/a
Found Element By : By.xpath: //table/tbody/tr[1]/td[3]/span/a
Trying to find Element By : By.xpath: //table/tbody/tr[1]/td[3]/span/a
Found Element By : By.xpath: //table/tbody/tr[1]/td[3]/span/a
Trying to find Element By : By.xpath: //table/tbody/tr[1]/td[3]/span/a
Found Element By : By.xpath: //table/tbody/tr[1]/td[3]/span/a
Trying to find Element By : By.xpath: //table/tbody/tr[1]/td[3]/span/a
Found Element By : By.xpath: //table/tbody/tr[1]/td[3]/span/a
Trying to find Element By : By.xpath: //table/tbody/tr[1]/td[3]/span/a
Found Element By : By.xpath: //table/tbody/tr[1]/td[3]/span/a
Trying to find Element By : By.xpath: //table/tbody/tr[1]/td[3]/span/a
Found Element By : By.xpath: //table/tbody/tr[1]/td[3]/span/a
Trying to find Element By : By.xpath: //table/tbody/tr[1]/td[3]/span/a
Found Element By : By.xpath: //table/tbody/tr[1]/td[3]/span/a
Trying to find Element By : By.xpath: //table/tbody/tr[1]/td[3]/span/a
Found Element By : By.xpath: //table/tbody/tr[1]/td[3]/span/a
Trying to find Element By : By.xpath: //table/tbody/tr[1]/td[3]/span/a
Found Element By : By.xpath: //table/tbody/tr[1]/td[3]/span/a
Trying to find Element By : By.xpath: //table/tbody/tr[1]/td[3]/span/a
Found Element By : By.xpath: //table/tbody/tr[1]/td[3]/span/a
Trying to find Element By : By.xpath: //table/tbody/tr[1]/td[3]/span/a
Found Element By : By.xpath: //table/tbody/tr[1]/td[3]/span/a
Trying to find Element By : By.xpath: //table/tbody/tr[1]/td[3]/span/a
Found Element By : By.xpath: //table/tbody/tr[1]/td[3]/span/a
Trying to find Element By : By.xpath: //table/tbody/tr[1]/td[3]/span/a
Found Element By : By.xpath: //table/tbody/tr[1]/td[3]/span/a
Trying to find Element By : By.xpath: //table/tbody/tr[1]/td[3]/span/a
Found Element By : By.xpath: //table/tbody/tr[1]/td[3]/span/a
Trying to find Element By : By.xpath: //table/tbody/tr[1]/td[3]/span/a
Found Element By : By.xpath: //table/tbody/tr[1]/td[3]/span/a
Trying to find Element By : By.xpath: //table/tbody/tr[1]/td[3]/span/a
Found Element By : By.xpath: //table/tbody/tr[1]/td[3]/span/a
Trying to find Element By : By.xpath: //table/tbody/tr[1]/td[3]/span/a
Found Element By : By.xpath: //table/tbody/tr[1]/td[3]/span/a
Trying to find Element By : By.xpath: //table/tbody/tr[1]/td[3]/span/a
Found Element By : By.xpath: //table/tbody/tr[1]/td[3]/span/a
Trying to find Element By : By.xpath: //table/tbody/tr[1]/td[3]/span/a
Found Element By : By.xpath: //table/tbody/tr[1]/td[3]/span/a
Trying to find Element By : By.xpath: //table/tbody/tr[1]/td[3]/span/a
Found Element By : By.xpath: //table/tbody/tr[1]/td[3]/span/a
Trying to find Element By : By.xpath: //table/tbody/tr[1]/td[3]/span/a
Found Element By : By.xpath: //table/tbody/tr[1]/td[3]/span/a
Trying to find Element By : By.xpath: //table/tbody/tr[1]/td[3]/span/a
Found Element By : By.xpath: //table/tbody/tr[1]/td[3]/span/a
Trying to find Element By : By.xpath: //table/tbody/tr[1]/td[3]/span/a
Found Element By : By.xpath: //table/tbody/tr[1]/td[3]/span/a
Trying to find Element By : By.xpath: //table/tbody/tr[1]/td[3]/span/a
Found Element By : By.xpath: //table/tbody/tr[1]/td[3]/span/a
Trying to find Element By : By.xpath: //table/tbody/tr[1]/td[3]/span/a
Found Element By : By.xpath: //table/tbody/tr[1]/td[3]/span/a
Trying to find Element By : By.xpath: //table/tbody/tr[1]/td[3]/span/a
Found Element By : By.xpath: //table/tbody/tr[1]/td[3]/span/a
Trying to find Element By : By.xpath: //table/tbody/tr[1]/td[3]/span/a
Found Element By : By.xpath: //table/tbody/tr[1]/td[3]/span/a
Trying to find Element By : By.xpath: //table/tbody/tr[1]/td[3]/span/a
Found Element By : By.xpath: //table/tbody/tr[1]/td[3]/span/a
Trying to find Element By : By.xpath: //table/tbody/tr[1]/td[3]/span/a
Found Element By : By.xpath: //table/tbody/tr[1]/td[3]/span/a
Trying to find Element By : By.xpath: //table/tbody/tr[1]/td[3]/span/a
Found Element By : By.xpath: //table/tbody/tr[1]/td[3]/span/a
Trying to find Element By : By.xpath: //table/tbody/tr[1]/td[3]/span/a
Found Element By : By.xpath: //table/tbody/tr[1]/td[3]/span/a
Trying to find Element By : By.xpath: //table/tbody/tr[1]/td[3]/span/a
Found Element By : By.xpath: //table/tbody/tr[1]/td[3]/span/a
Trying to find Element By : By.xpath: //table/tbody/tr[1]/td[3]/span/a
Found Element By : By.xpath: //table/tbody/tr[1]/td[3]/span/a
Trying to find Element By : By.xpath: //table/tbody/tr[1]/td[3]/span/a
Found Element By : By.xpath: //table/tbody/tr[1]/td[3]/span/a
Trying to find Element By : By.xpath: //table/tbody/tr[1]/td[3]/span/a
Found Element By : By.xpath: //table/tbody/tr[1]/td[3]/span/a
Trying to find Element By : By.xpath: //table/tbody/tr[1]/td[3]/span/a
Found Element By : By.xpath: //table/tbody/tr[1]/td[3]/span/a
Trying to find Element By : By.xpath: //table/tbody/tr[1]/td[3]/span/a
Found Element By : By.xpath: //table/tbody/tr[1]/td[3]/span/a
Trying to find Element By : By.xpath: //table/tbody/tr[1]/td[3]/span/a
Found Element By : By.xpath: //table/tbody/tr[1]/td[3]/span/a
Trying to find Element By : By.xpath: //table/tbody/tr[1]/td[3]/span/a
Found Element By : By.xpath: //table/tbody/tr[1]/td[3]/span/a
Trying to find Element By : By.xpath: //table/tbody/tr[1]/td[3]/span/a
Found Element By : By.xpath: //table/tbody/tr[1]/td[3]/span/a
Trying to find Element By : By.xpath: //table/tbody/tr[1]/td[3]/span/a
Found Element By : By.xpath: //table/tbody/tr[1]/td[3]/span/a
Trying to find Element By : By.xpath: //table/tbody/tr[1]/td[3]/span/a
Found Element By : By.xpath: //table/tbody/tr[1]/td[3]/span/a
Trying to find Element By : By.xpath: //table/tbody/tr[1]/td[3]/span/a
Found Element By : By.xpath: //table/tbody/tr[1]/td[3]/span/a
Trying to find Element By : By.xpath: //table/tbody/tr[1]/td[3]/span/a
Found Element By : By.xpath: //table/tbody/tr[1]/td[3]/span/a
Trying to find Element By : By.xpath: //table/tbody/tr[1]/td[3]/span/a
Found Element By : By.xpath: //table/tbody/tr[1]/td[3]/span/a
Trying to find Element By : By.xpath: //table/tbody/tr[1]/td[3]/span/a
Found Element By : By.xpath: //table/tbody/tr[1]/td[3]/span/a
Trying to find Element By : By.xpath: //table/tbody/tr[1]/td[3]/span/a
Found Element By : By.xpath: //table/tbody/tr[1]/td[3]/span/a
Trying to find Element By : By.xpath: //table/tbody/tr[1]/td[3]/span/a
Found Element By : By.xpath: //table/tbody/tr[1]/td[3]/span/a
Trying to find Element By : By.xpath: //table/tbody/tr[1]/td[3]/span/a
Found Element By : By.xpath: //table/tbody/tr[1]/td[3]/span/a
Trying to find Element By : By.xpath: //table/tbody/tr[1]/td[3]/span/a
Found Element By : By.xpath: //table/tbody/tr[1]/td[3]/span/a
Trying to find Element By : By.xpath: //table/tbody/tr[1]/td[3]/span/a
Found Element By : By.xpath: //table/tbody/tr[1]/td[3]/span/a
Trying to find Element By : By.xpath: //table/tbody/tr[1]/td[3]/span/a
Found Element By : By.xpath: //table/tbody/tr[1]/td[3]/span/a
Trying to find Element By : By.xpath: //table/tbody/tr[1]/td[3]/span/a
Found Element By : By.xpath: //table/tbody/tr[1]/td[3]/span/a
Trying to find Element By : By.xpath: //table/tbody/tr[1]/td[3]/span/a
Found Element By : By.xpath: //table/tbody/tr[1]/td[3]/span/a
Trying to find Element By : By.xpath: //table/tbody/tr[1]/td[3]/span/a
Found Element By : By.xpath: //table/tbody/tr[1]/td[3]/span/a
Trying to find Element By : By.xpath: //table/tbody/tr[1]/td[3]/span/a
Found Element By : By.xpath: //table/tbody/tr[1]/td[3]/span/a
Trying to find Element By : By.xpath: //table/tbody/tr[1]/td[3]/span/a
Found Element By : By.xpath: //table/tbody/tr[1]/td[3]/span/a
Trying to find Element By : By.xpath: //table/tbody/tr[1]/td[3]/span/a
Found Element By : By.xpath: //table/tbody/tr[1]/td[3]/span/a
Trying to find Element By : By.xpath: //table/tbody/tr[1]/td[3]/span/a
Found Element By : By.xpath: //table/tbody/tr[1]/td[3]/span/a
Trying to find Element By : By.xpath: //table/tbody/tr[1]/td[3]/span/a
Found Element By : By.xpath: //table/tbody/tr[1]/td[3]/span/a
Trying to find Element By : By.xpath: //table/tbody/tr[1]/td[3]/span/a
Found Element By : By.xpath: //table/tbody/tr[1]/td[3]/span/a
Trying to find Element By : By.xpath: //table/tbody/tr[1]/td[3]/span/a
Found Element By : By.xpath: //table/tbody/tr[1]/td[3]/span/a
Trying to find Element By : By.xpath: //table/tbody/tr[1]/td[3]/span/a
Found Element By : By.xpath: //table/tbody/tr[1]/td[3]/span/a
Trying to find Element By : By.xpath: //table/tbody/tr[1]/td[3]/span/a
Found Element By : By.xpath: //table/tbody/tr[1]/td[3]/span/a
Trying to find Element By : By.xpath: //table/tbody/tr[1]/td[3]/span/a
Found Element By : By.xpath: //table/tbody/tr[1]/td[3]/span/a
Trying to find Element By : By.xpath: //table/tbody/tr[1]/td[3]/span/a
Found Element By : By.xpath: //table/tbody/tr[1]/td[3]/span/a
Trying to find Element By : By.xpath: //table/tbody/tr[1]/td[3]/span/a
Found Element By : By.xpath: //table/tbody/tr[1]/td[3]/span/a
Trying to find Element By : By.xpath: //table/tbody/tr[1]/td[3]/span/a
Found Element By : By.xpath: //table/tbody/tr[1]/td[3]/span/a
Trying to find Element By : By.xpath: //table/tbody/tr[1]/td[3]/span/a
Found Element By : By.xpath: //table/tbody/tr[1]/td[3]/span/a
Trying to find Element By : By.xpath: //table/tbody/tr[1]/td[3]/span/a
Found Element By : By.xpath: //table/tbody/tr[1]/td[3]/span/a
Trying to find Element By : By.xpath: //table/tbody/tr[1]/td[3]/span/a
Found Element By : By.xpath: //table/tbody/tr[1]/td[3]/span/a
Trying to find Element By : By.xpath: //table/tbody/tr[1]/td[3]/span/a
Found Element By : By.xpath: //table/tbody/tr[1]/td[3]/span/a
Trying to find Element By : By.xpath: //table/tbody/tr[1]/td[3]/span/a
Found Element By : By.xpath: //table/tbody/tr[1]/td[3]/span/a
Trying to find Element By : By.xpath: //table/tbody/tr[1]/td[3]/span/a
Found Element By : By.xpath: //table/tbody/tr[1]/td[3]/span/a
Trying to find Element By : By.xpath: //table/tbody/tr[1]/td[3]/span/a
Found Element By : By.xpath: //table/tbody/tr[1]/td[3]/span/a
Trying to find Element By : By.xpath: //table/tbody/tr[1]/td[3]/span/a
Found Element By : By.xpath: //table/tbody/tr[1]/td[3]/span/a
Trying to find Element By : By.xpath: //table/tbody/tr[1]/td[3]/span/a
Found Element By : By.xpath: //table/tbody/tr[1]/td[3]/span/a
Trying to find Element By : By.xpath: //table/tbody/tr[1]/td[3]/span/a
Found Element By : By.xpath: //table/tbody/tr[1]/td[3]/span/a
Trying to find Element By : By.xpath: //table/tbody/tr[1]/td[3]/span/a
Found Element By : By.xpath: //table/tbody/tr[1]/td[3]/span/a
Trying to find Element By : By.xpath: //table/tbody/tr[1]/td[3]/span/a
Found Element By : By.xpath: //table/tbody/tr[1]/td[3]/span/a
Trying to find Element By : By.xpath: //table/tbody/tr[1]/td[3]/span/a
Found Element By : By.xpath: //table/tbody/tr[1]/td[3]/span/a
Trying to find Element By : By.xpath: //table/tbody/tr[1]/td[3]/span/a
Found Element By : By.xpath: //table/tbody/tr[1]/td[3]/span/a
Trying to find Element By : By.xpath: //table/tbody/tr[1]/td[3]/span/a
Found Element By : By.xpath: //table/tbody/tr[1]/td[3]/span/a
Trying to find Element By : By.xpath: //table/tbody/tr[1]/td[3]/span/a
Found Element By : By.xpath: //table/tbody/tr[1]/td[3]/span/a
Trying to find Element By : By.xpath: //table/tbody/tr[1]/td[3]/span/a
Found Element By : By.xpath: //table/tbody/tr[1]/td[3]/span/a
Trying to find Element By : By.xpath: //table/tbody/tr[1]/td[3]/span/a
Found Element By : By.xpath: //table/tbody/tr[1]/td[3]/span/a
Trying to find Element By : By.xpath: //table/tbody/tr[1]/td[3]/span/a
Found Element By : By.xpath: //table/tbody/tr[1]/td[3]/span/a
Trying to find Element By : By.xpath: //table/tbody/tr[1]/td[3]/span/a
Found Element By : By.xpath: //table/tbody/tr[1]/td[3]/span/a
Trying to find Element By : By.xpath: //table/tbody/tr[1]/td[3]/span/a
Found Element By : By.xpath: //table/tbody/tr[1]/td[3]/span/a
Trying to find Element By : By.xpath: //table/tbody/tr[1]/td[3]/span/a
Found Element By : By.xpath: //table/tbody/tr[1]/td[3]/span/a
Trying to find Element By : By.xpath: //table/tbody/tr[1]/td[3]/span/a
Found Element By : By.xpath: //table/tbody/tr[1]/td[3]/span/a
Trying to find Element By : By.xpath: //table/tbody/tr[1]/td[3]/span/a
Found Element By : By.xpath: //table/tbody/tr[1]/td[3]/span/a
Trying to find Element By : By.xpath: //table/tbody/tr[1]/td[3]/span/a
Found Element By : By.xpath: //table/tbody/tr[1]/td[3]/span/a
Trying to find Element By : By.xpath: //table/tbody/tr[1]/td[3]/span/a
Found Element By : By.xpath: //table/tbody/tr[1]/td[3]/span/a
Trying to find Element By : By.xpath: //table/tbody/tr[1]/td[3]/span/a
Found Element By : By.xpath: //table/tbody/tr[1]/td[3]/span/a
Trying to find Element By : By.xpath: //table/tbody/tr[1]/td[3]/span/a
Found Element By : By.xpath: //table/tbody/tr[1]/td[3]/span/a
Trying to find Element By : By.xpath: //table/tbody/tr[1]/td[3]/span/a
Found Element By : By.xpath: //table/tbody/tr[1]/td[3]/span/a
Trying to find Element By : By.xpath: //table/tbody/tr[1]/td[3]/span/a
Found Element By : By.xpath: //table/tbody/tr[1]/td[3]/span/a
Trying to find Element By : By.xpath: //table/tbody/tr[1]/td[3]/span/a
Found Element By : By.xpath: //table/tbody/tr[1]/td[3]/span/a
Trying to find Element By : By.xpath: //table/tbody/tr[1]/td[3]/span/a
Found Element By : By.xpath: //table/tbody/tr[1]/td[3]/span/a
Trying to find Element By : By.xpath: //table/tbody/tr[1]/td[3]/span/a
Found Element By : By.xpath: //table/tbody/tr[1]/td[3]/span/a
Trying to find Element By : By.xpath: //table/tbody/tr[1]/td[3]/span/a
Found Element By : By.xpath: //table/tbody/tr[1]/td[3]/span/a
Trying to find Element By : By.xpath: //table/tbody/tr[1]/td[3]/span/a
Found Element By : By.xpath: //table/tbody/tr[1]/td[3]/span/a
Trying to find Element By : By.xpath: //table/tbody/tr[1]/td[3]/span/a
Found Element By : By.xpath: //table/tbody/tr[1]/td[3]/span/a
Trying to find Element By : By.xpath: //table/tbody/tr[1]/td[3]/span/a
Found Element By : By.xpath: //table/tbody/tr[1]/td[3]/span/a
Trying to find Element By : By.xpath: //table/tbody/tr[1]/td[3]/span/a
Found Element By : By.xpath: //table/tbody/tr[1]/td[3]/span/a
Trying to find Element By : By.xpath: //table/tbody/tr[1]/td[3]/span/a
Found Element By : By.xpath: //table/tbody/tr[1]/td[3]/span/a
Trying to find Element By : By.xpath: //table/tbody/tr[1]/td[3]/span/a
Found Element By : By.xpath: //table/tbody/tr[1]/td[3]/span/a
Trying to find Element By : By.xpath: //table/tbody/tr[1]/td[3]/span/a
Found Element By : By.xpath: //table/tbody/tr[1]/td[3]/span/a
Trying to find Element By : By.xpath: //table/tbody/tr[1]/td[3]/span/a
Found Element By : By.xpath: //table/tbody/tr[1]/td[3]/span/a
Trying to find Element By : By.xpath: //table/tbody/tr[1]/td[3]/span/a
Found Element By : By.xpath: //table/tbody/tr[1]/td[3]/span/a
Trying to find Element By : By.xpath: //table/tbody/tr[1]/td[3]/span/a
Found Element By : By.xpath: //table/tbody/tr[1]/td[3]/span/a
Trying to find Element By : By.xpath: //table/tbody/tr[1]/td[3]/span/a
Found Element By : By.xpath: //table/tbody/tr[1]/td[3]/span/a
Trying to find Element By : By.xpath: //table/tbody/tr[1]/td[3]/span/a
Found Element By : By.xpath: //table/tbody/tr[1]/td[3]/span/a
Trying to find Element By : By.xpath: //table/tbody/tr[1]/td[3]/span/a
Found Element By : By.xpath: //table/tbody/tr[1]/td[3]/span/a
Trying to find Element By : By.xpath: //table/tbody/tr[1]/td[3]/span/a
Found Element By : By.xpath: //table/tbody/tr[1]/td[3]/span/a
Trying to find Element By : By.xpath: //table/tbody/tr[1]/td[3]/span/a
Found Element By : By.xpath: //table/tbody/tr[1]/td[3]/span/a
Trying to find Element By : By.xpath: //table/tbody/tr[1]/td[3]/span/a
Found Element By : By.xpath: //table/tbody/tr[1]/td[3]/span/a
Trying to find Element By : By.xpath: //table/tbody/tr[1]/td[3]/span/a
Found Element By : By.xpath: //table/tbody/tr[1]/td[3]/span/a
Trying to find Element By : By.xpath: //table/tbody/tr[1]/td[3]/span/a
Found Element By : By.xpath: //table/tbody/tr[1]/td[3]/span/a
Trying to find Element By : By.xpath: //table/tbody/tr[1]/td[3]/span/a
Found Element By : By.xpath: //table/tbody/tr[1]/td[3]/span/a
Trying to find Element By : By.xpath: //table/tbody/tr[1]/td[3]/span/a
Found Element By : By.xpath: //table/tbody/tr[1]/td[3]/span/a
Trying to find Element By : By.xpath: //table/tbody/tr[1]/td[3]/span/a
Found Element By : By.xpath: //table/tbody/tr[1]/td[3]/span/a
Trying to find Element By : By.xpath: //table/tbody/tr[1]/td[3]/span/a
Found Element By : By.xpath: //table/tbody/tr[1]/td[3]/span/a
Trying to find Element By : By.xpath: //table/tbody/tr[1]/td[3]/span/a
Found Element By : By.xpath: //table/tbody/tr[1]/td[3]/span/a
Trying to find Element By : By.xpath: //table/tbody/tr[1]/td[3]/span/a
Found Element By : By.xpath: //table/tbody/tr[1]/td[3]/span/a
Trying to find Element By : By.xpath: //table/tbody/tr[1]/td[3]/span/a
Found Element By : By.xpath: //table/tbody/tr[1]/td[3]/span/a
Trying to find Element By : By.xpath: //table/tbody/tr[1]/td[3]/span/a
Found Element By : By.xpath: //table/tbody/tr[1]/td[3]/span/a
Trying to find Element By : By.xpath: //table/tbody/tr[1]/td[3]/span/a
Found Element By : By.xpath: //table/tbody/tr[1]/td[3]/span/a
Trying to find Element By : By.xpath: //table/tbody/tr[1]/td[3]/span/a
Found Element By : By.xpath: //table/tbody/tr[1]/td[3]/span/a
Trying to find Element By : By.xpath: //table/tbody/tr[1]/td[3]/span/a
Found Element By : By.xpath: //table/tbody/tr[1]/td[3]/span/a
Trying to find Element By : By.xpath: //table/tbody/tr[1]/td[3]/span/a
Found Element By : By.xpath: //table/tbody/tr[1]/td[3]/span/a
Trying to find Element By : By.xpath: //table/tbody/tr[1]/td[3]/span/a
Found Element By : By.xpath: //table/tbody/tr[1]/td[3]/span/a
Trying to find Element By : By.xpath: //table/tbody/tr[1]/td[3]/span/a
Found Element By : By.xpath: //table/tbody/tr[1]/td[3]/span/a
Trying to find Element By : By.xpath: //table/tbody/tr[1]/td[3]/span/a
Found Element By : By.xpath: //table/tbody/tr[1]/td[3]/span/a
Trying to find Element By : By.xpath: //table/tbody/tr[1]/td[3]/span/a
Found Element By : By.xpath: //table/tbody/tr[1]/td[3]/span/a
Trying to find Element By : By.xpath: //table/tbody/tr[1]/td[3]/span/a
Found Element By : By.xpath: //table/tbody/tr[1]/td[3]/span/a
Trying to find Element By : By.xpath: //table/tbody/tr[1]/td[3]/span/a
Found Element By : By.xpath: //table/tbody/tr[1]/td[3]/span/a
Trying to find Element By : By.xpath: //table/tbody/tr[1]/td[3]/span/a
Found Element By : By.xpath: //table/tbody/tr[1]/td[3]/span/a
Trying to find Element By : By.xpath: //table/tbody/tr[1]/td[3]/span/a
Found Element By : By.xpath: //table/tbody/tr[1]/td[3]/span/a
Trying to find Element By : By.xpath: //table/tbody/tr[1]/td[3]/span/a
Found Element By : By.xpath: //table/tbody/tr[1]/td[3]/span/a
Trying to find Element By : By.xpath: //table/tbody/tr[1]/td[3]/span/a
Found Element By : By.xpath: //table/tbody/tr[1]/td[3]/span/a
Trying to find Element By : By.xpath: //table/tbody/tr[1]/td[3]/span/a
Found Element By : By.xpath: //table/tbody/tr[1]/td[3]/span/a
Trying to find Element By : By.xpath: //table/tbody/tr[1]/td[3]/span/a
Found Element By : By.xpath: //table/tbody/tr[1]/td[3]/span/a
Trying to find Element By : By.xpath: //table/tbody/tr[1]/td[3]/span/a
Found Element By : By.xpath: //table/tbody/tr[1]/td[3]/span/a
Trying to find Element By : By.xpath: //table/tbody/tr[1]/td[3]/span/a
Found Element By : By.xpath: //table/tbody/tr[1]/td[3]/span/a
Trying to find Element By : By.xpath: //table/tbody/tr[1]/td[3]/span/a
Found Element By : By.xpath: //table/tbody/tr[1]/td[3]/span/a
Trying to find Element By : By.xpath: //table/tbody/tr[1]/td[3]/span/a
Found Element By : By.xpath: //table/tbody/tr[1]/td[3]/span/a
Trying to find Element By : By.xpath: //table/tbody/tr[1]/td[3]/span/a
Found Element By : By.xpath: //table/tbody/tr[1]/td[3]/span/a
Trying to find Element By : By.xpath: //table/tbody/tr[1]/td[3]/span/a
Found Element By : By.xpath: //table/tbody/tr[1]/td[3]/span/a
Trying to find Element By : By.xpath: //table/tbody/tr[1]/td[3]/span/a
Found Element By : By.xpath: //table/tbody/tr[1]/td[3]/span/a
Trying to find Element By : By.xpath: //table/tbody/tr[1]/td[3]/span/a
Found Element By : By.xpath: //table/tbody/tr[1]/td[3]/span/a
Trying to find Element By : By.xpath: //table/tbody/tr[1]/td[3]/span/a
Found Element By : By.xpath: //table/tbody/tr[1]/td[3]/span/a
Trying to find Element By : By.xpath: //table/tbody/tr[1]/td[3]/span/a
Found Element By : By.xpath: //table/tbody/tr[1]/td[3]/span/a
Trying to find Element By : By.xpath: //table/tbody/tr[1]/td[3]/span/a
Found Element By : By.xpath: //table/tbody/tr[1]/td[3]/span/a
Trying to find Element By : By.xpath: //table/tbody/tr[1]/td[3]/span/a
Found Element By : By.xpath: //table/tbody/tr[1]/td[3]/span/a
Trying to find Element By : By.xpath: //table/tbody/tr[1]/td[3]/span/a
Found Element By : By.xpath: //table/tbody/tr[1]/td[3]/span/a
Trying to find Element By : By.xpath: //table/tbody/tr[1]/td[3]/span/a
Found Element By : By.xpath: //table/tbody/tr[1]/td[3]/span/a
Trying to find Element By : By.xpath: //table/tbody/tr[1]/td[3]/span/a
Found Element By : By.xpath: //table/tbody/tr[1]/td[3]/span/a
Trying to find Element By : By.xpath: //table/tbody/tr[1]/td[3]/span/a
Found Element By : By.xpath: //table/tbody/tr[1]/td[3]/span/a
Trying to find Element By : By.xpath: //table/tbody/tr[1]/td[3]/span/a
Found Element By : By.xpath: //table/tbody/tr[1]/td[3]/span/a
Trying to find Element By : By.xpath: //table/tbody/tr[1]/td[3]/span/a
Found Element By : By.xpath: //table/tbody/tr[1]/td[3]/span/a
Trying to find Element By : By.xpath: //table/tbody/tr[1]/td[3]/span/a
Found Element By : By.xpath: //table/tbody/tr[1]/td[3]/span/a
Trying to find Element By : By.xpath: //table/tbody/tr[1]/td[3]/span/a
Found Element By : By.xpath: //table/tbody/tr[1]/td[3]/span/a
Trying to find Element By : By.xpath: //table/tbody/tr[1]/td[3]/span/a
Found Element By : By.xpath: //table/tbody/tr[1]/td[3]/span/a
Trying to find Element By : By.xpath: //table/tbody/tr[1]/td[3]/span/a
Found Element By : By.xpath: //table/tbody/tr[1]/td[3]/span/a
Trying to find Element By : By.xpath: //table/tbody/tr[1]/td[3]/span/a
Found Element By : By.xpath: //table/tbody/tr[1]/td[3]/span/a
Trying to find Element By : By.xpath: //table/tbody/tr[1]/td[3]/span/a
Found Element By : By.xpath: //table/tbody/tr[1]/td[3]/span/a
Trying to find Element By : By.xpath: //table/tbody/tr[1]/td[3]/span/a
Found Element By : By.xpath: //table/tbody/tr[1]/td[3]/span/a
Trying to find Element By : By.xpath: //table/tbody/tr[1]/td[3]/span/a
Found Element By : By.xpath: //table/tbody/tr[1]/td[3]/span/a
Trying to find Element By : By.xpath: //table/tbody/tr[1]/td[3]/span/a
Found Element By : By.xpath: //table/tbody/tr[1]/td[3]/span/a
Trying to find Element By : By.xpath: //table/tbody/tr[1]/td[3]/span/a
Found Element By : By.xpath: //table/tbody/tr[1]/td[3]/span/a
Trying to find Element By : By.xpath: //table/tbody/tr[1]/td[3]/span/a
Found Element By : By.xpath: //table/tbody/tr[1]/td[3]/span/a
Trying to find Element By : By.xpath: //table/tbody/tr[1]/td[3]/span/a
Found Element By : By.xpath: //table/tbody/tr[1]/td[3]/span/a
Trying to find Element By : By.xpath: //table/tbody/tr[1]/td[3]/span/a
Found Element By : By.xpath: //table/tbody/tr[1]/td[3]/span/a
Trying to find Element By : By.xpath: //table/tbody/tr[1]/td[3]/span/a
Found Element By : By.xpath: //table/tbody/tr[1]/td[3]/span/a
Trying to find Element By : By.xpath: //table/tbody/tr[1]/td[3]/span/a
Found Element By : By.xpath: //table/tbody/tr[1]/td[3]/span/a
Trying to find Element By : By.xpath: //table/tbody/tr[1]/td[3]/span/a
Found Element By : By.xpath: //table/tbody/tr[1]/td[3]/span/a
Trying to find Element By : By.xpath: //table/tbody/tr[1]/td[3]/span/a
Found Element By : By.xpath: //table/tbody/tr[1]/td[3]/span/a
Trying to find Element By : By.xpath: //table/tbody/tr[1]/td[3]/span/a
Found Element By : By.xpath: //table/tbody/tr[1]/td[3]/span/a
Trying to find Element By : By.xpath: //table/tbody/tr[1]/td[3]/span/a
Found Element By : By.xpath: //table/tbody/tr[1]/td[3]/span/a
Trying to find Element By : By.xpath: //table/tbody/tr[1]/td[3]/span/a
Found Element By : By.xpath: //table/tbody/tr[1]/td[3]/span/a
Trying to find Element By : By.xpath: //table/tbody/tr[1]/td[3]/span/a
Found Element By : By.xpath: //table/tbody/tr[1]/td[3]/span/a
Trying to find Element By : By.xpath: //table/tbody/tr[1]/td[3]/span/a
Found Element By : By.xpath: //table/tbody/tr[1]/td[3]/span/a
Trying to find Element By : By.xpath: //table/tbody/tr[1]/td[3]/span/a
Found Element By : By.xpath: //table/tbody/tr[1]/td[3]/span/a
Trying to find Element By : By.xpath: //table/tbody/tr[1]/td[3]/span/a
Found Element By : By.xpath: //table/tbody/tr[1]/td[3]/span/a
Trying to find Element By : By.xpath: //table/tbody/tr[1]/td[3]/span/a
Found Element By : By.xpath: //table/tbody/tr[1]/td[3]/span/a
Trying to find Element By : By.xpath: //table/tbody/tr[1]/td[3]/span/a
Found Element By : By.xpath: //table/tbody/tr[1]/td[3]/span/a
Trying to find Element By : By.xpath: //table/tbody/tr[1]/td[3]/span/a
Found Element By : By.xpath: //table/tbody/tr[1]/td[3]/span/a
Trying to find Element By : By.xpath: //table/tbody/tr[1]/td[3]/span/a
Found Element By : By.xpath: //table/tbody/tr[1]/td[3]/span/a
Trying to find Element By : By.xpath: //table/tbody/tr[1]/td[3]/span/a
Found Element By : By.xpath: //table/tbody/tr[1]/td[3]/span/a
Trying to find Element By : By.xpath: //table/tbody/tr[1]/td[3]/span/a
Found Element By : By.xpath: //table/tbody/tr[1]/td[3]/span/a
Trying to find Element By : By.xpath: //table/tbody/tr[1]/td[3]/span/a
Found Element By : By.xpath: //table/tbody/tr[1]/td[3]/span/a
Trying to find Element By : By.xpath: //table/tbody/tr[1]/td[3]/span/a
Found Element By : By.xpath: //table/tbody/tr[1]/td[3]/span/a
Trying to find Element By : By.xpath: //table/tbody/tr[1]/td[3]/span/a
Found Element By : By.xpath: //table/tbody/tr[1]/td[3]/span/a
Trying to find Element By : By.xpath: //table/tbody/tr[1]/td[3]/span/a
Found Element By : By.xpath: //table/tbody/tr[1]/td[3]/span/a
Trying to find Element By : By.xpath: //table/tbody/tr[1]/td[3]/span/a
Found Element By : By.xpath: //table/tbody/tr[1]/td[3]/span/a
Trying to find Element By : By.xpath: //table/tbody/tr[1]/td[3]/span/a
Found Element By : By.xpath: //table/tbody/tr[1]/td[3]/span/a
Trying to find Element By : By.xpath: //table/tbody/tr[1]/td[3]/span/a
Found Element By : By.xpath: //table/tbody/tr[1]/td[3]/span/a
Trying to find Element By : By.xpath: //table/tbody/tr[1]/td[3]/span/a
Found Element By : By.xpath: //table/tbody/tr[1]/td[3]/span/a
Trying to find Element By : By.xpath: //table/tbody/tr[1]/td[3]/span/a
Found Element By : By.xpath: //table/tbody/tr[1]/td[3]/span/a
Trying to find Element By : By.xpath: //table/tbody/tr[1]/td[3]/span/a
Found Element By : By.xpath: //table/tbody/tr[1]/td[3]/span/a
Trying to find Element By : By.xpath: //table/tbody/tr[1]/td[3]/span/a
Found Element By : By.xpath: //table/tbody/tr[1]/td[3]/span/a
Trying to find Element By : By.xpath: //table/tbody/tr[1]/td[3]/span/a
Found Element By : By.xpath: //table/tbody/tr[1]/td[3]/span/a
Trying to find Element By : By.xpath: //table/tbody/tr[1]/td[3]/span/a
Found Element By : By.xpath: //table/tbody/tr[1]/td[3]/span/a
Trying to find Element By : By.xpath: //table/tbody/tr[1]/td[3]/span/a
Found Element By : By.xpath: //table/tbody/tr[1]/td[3]/span/a
Trying to find Element By : By.xpath: //table/tbody/tr[1]/td[3]/span/a
Found Element By : By.xpath: //table/tbody/tr[1]/td[3]/span/a
Trying to find Element By : By.xpath: //table/tbody/tr[1]/td[3]/span/a
Found Element By : By.xpath: //table/tbody/tr[1]/td[3]/span/a
Trying to find Element By : By.xpath: //table/tbody/tr[1]/td[3]/span/a
Found Element By : By.xpath: //table/tbody/tr[1]/td[3]/span/a
Trying to find Element By : By.xpath: //table/tbody/tr[1]/td[3]/span/a
Found Element By : By.xpath: //table/tbody/tr[1]/td[3]/span/a
Trying to find Element By : By.xpath: //table/tbody/tr[1]/td[3]/span/a
Found Element By : By.xpath: //table/tbody/tr[1]/td[3]/span/a
Trying to find Element By : By.xpath: //table/tbody/tr[1]/td[3]/span/a
Found Element By : By.xpath: //table/tbody/tr[1]/td[3]/span/a
Trying to find Element By : By.xpath: //table/tbody/tr[1]/td[3]/span/a
Found Element By : By.xpath: //table/tbody/tr[1]/td[3]/span/a
Trying to find Element By : By.xpath: //table/tbody/tr[1]/td[3]/span/a
Found Element By : By.xpath: //table/tbody/tr[1]/td[3]/span/a
Trying to find Element By : By.xpath: //table/tbody/tr[1]/td[3]/span/a
Found Element By : By.xpath: //table/tbody/tr[1]/td[3]/span/a
Trying to find Element By : By.xpath: //table/tbody/tr[1]/td[3]/span/a
Found Element By : By.xpath: //table/tbody/tr[1]/td[3]/span/a
Trying to find Element By : By.xpath: //table/tbody/tr[1]/td[3]/span/a
Found Element By : By.xpath: //table/tbody/tr[1]/td[3]/span/a
Trying to find Element By : By.xpath: //table/tbody/tr[1]/td[3]/span/a
Found Element By : By.xpath: //table/tbody/tr[1]/td[3]/span/a
Trying to find Element By : By.xpath: //table/tbody/tr[1]/td[3]/span/a
Found Element By : By.xpath: //table/tbody/tr[1]/td[3]/span/a
Trying to find Element By : By.xpath: //table/tbody/tr[1]/td[3]/span/a
Found Element By : By.xpath: //table/tbody/tr[1]/td[3]/span/a
Trying to find Element By : By.xpath: //table/tbody/tr[1]/td[3]/span/a
Found Element By : By.xpath: //table/tbody/tr[1]/td[3]/span/a
Trying to find Element By : By.xpath: //table/tbody/tr[1]/td[3]/span/a
Found Element By : By.xpath: //table/tbody/tr[1]/td[3]/span/a
Trying to find Element By : By.xpath: //table/tbody/tr[1]/td[3]/span/a
Found Element By : By.xpath: //table/tbody/tr[1]/td[3]/span/a
Trying to find Element By : By.xpath: //table/tbody/tr[1]/td[3]/span/a
Found Element By : By.xpath: //table/tbody/tr[1]/td[3]/span/a
Trying to find Element By : By.xpath: //table/tbody/tr[1]/td[3]/span/a
Found Element By : By.xpath: //table/tbody/tr[1]/td[3]/span/a
Trying to find Element By : By.xpath: //table/tbody/tr[1]/td[3]/span/a
Found Element By : By.xpath: //table/tbody/tr[1]/td[3]/span/a
Trying to find Element By : By.xpath: //table/tbody/tr[1]/td[3]/span/a
Found Element By : By.xpath: //table/tbody/tr[1]/td[3]/span/a
Trying to find Element By : By.xpath: //table/tbody/tr[1]/td[3]/span/a
Found Element By : By.xpath: //table/tbody/tr[1]/td[3]/span/a
Trying to find Element By : By.xpath: //table/tbody/tr[1]/td[3]/span/a
Found Element By : By.xpath: //table/tbody/tr[1]/td[3]/span/a
Trying to find Element By : By.xpath: //table/tbody/tr[1]/td[3]/span/a
Found Element By : By.xpath: //table/tbody/tr[1]/td[3]/span/a
Trying to find Element By : By.xpath: //table/tbody/tr[1]/td[3]/span/a
Found Element By : By.xpath: //table/tbody/tr[1]/td[3]/span/a
Trying to find Element By : By.xpath: //table/tbody/tr[1]/td[3]/span/a
Found Element By : By.xpath: //table/tbody/tr[1]/td[3]/span/a
Trying to find Element By : By.xpath: //table/tbody/tr[1]/td[3]/span/a
Found Element By : By.xpath: //table/tbody/tr[1]/td[3]/span/a
Trying to find Element By : By.xpath: //table/tbody/tr[1]/td[3]/span/a
Found Element By : By.xpath: //table/tbody/tr[1]/td[3]/span/a
Trying to find Element By : By.xpath: //table/tbody/tr[1]/td[3]/span/a
Found Element By : By.xpath: //table/tbody/tr[1]/td[3]/span/a
Trying to find Element By : By.xpath: //table/tbody/tr[1]/td[3]/span/a
Found Element By : By.xpath: //table/tbody/tr[1]/td[3]/span/a
Trying to find Element By : By.xpath: //table/tbody/tr[1]/td[3]/span/a
Found Element By : By.xpath: //table/tbody/tr[1]/td[3]/span/a
Trying to find Element By : By.xpath: //table/tbody/tr[1]/td[3]/span/a
Found Element By : By.xpath: //table/tbody/tr[1]/td[3]/span/a
Trying to find Element By : By.xpath: //table/tbody/tr[1]/td[3]/span/a
Found Element By : By.xpath: //table/tbody/tr[1]/td[3]/span/a
Trying to find Element By : By.xpath: //table/tbody/tr[1]/td[3]/span/a
Found Element By : By.xpath: //table/tbody/tr[1]/td[3]/span/a
Trying to find Element By : By.xpath: //table/tbody/tr[1]/td[3]/span/a
Found Element By : By.xpath: //table/tbody/tr[1]/td[3]/span/a
Trying to find Element By : By.xpath: //table/tbody/tr[1]/td[3]/span/a
Found Element By : By.xpath: //table/tbody/tr[1]/td[3]/span/a
Trying to find Element By : By.xpath: //table/tbody/tr[1]/td[3]/span/a
Found Element By : By.xpath: //table/tbody/tr[1]/td[3]/span/a
Trying to find Element By : By.xpath: //table/tbody/tr[1]/td[3]/span/a
Found Element By : By.xpath: //table/tbody/tr[1]/td[3]/span/a
Trying to find Element By : By.xpath: //table/tbody/tr[1]/td[3]/span/a
Found Element By : By.xpath: //table/tbody/tr[1]/td[3]/span/a
Trying to find Element By : By.xpath: //table/tbody/tr[1]/td[3]/span/a
Found Element By : By.xpath: //table/tbody/tr[1]/td[3]/span/a
Trying to find Element By : By.xpath: //table/tbody/tr[1]/td[3]/span/a
Found Element By : By.xpath: //table/tbody/tr[1]/td[3]/span/a
Trying to find Element By : By.xpath: //table/tbody/tr[1]/td[3]/span/a
Found Element By : By.xpath: //table/tbody/tr[1]/td[3]/span/a
Trying to find Element By : By.xpath: //table/tbody/tr[1]/td[3]/span/a
Found Element By : By.xpath: //table/tbody/tr[1]/td[3]/span/a
Trying to find Element By : By.xpath: //table/tbody/tr[1]/td[3]/span/a
Found Element By : By.xpath: //table/tbody/tr[1]/td[3]/span/a
Trying to find Element By : By.xpath: //table/tbody/tr[1]/td[3]/span/a
Found Element By : By.xpath: //table/tbody/tr[1]/td[3]/span/a
Trying to find Element By : By.xpath: //table/tbody/tr[1]/td[3]/span/a
Found Element By : By.xpath: //table/tbody/tr[1]/td[3]/span/a
Trying to find Element By : By.xpath: //table/tbody/tr[1]/td[3]/span/a
Found Element By : By.xpath: //table/tbody/tr[1]/td[3]/span/a
Trying to find Element By : By.xpath: //table/tbody/tr[1]/td[3]/span/a
Found Element By : By.xpath: //table/tbody/tr[1]/td[3]/span/a
Trying to find Element By : By.xpath: //table/tbody/tr[1]/td[3]/span/a
Found Element By : By.xpath: //table/tbody/tr[1]/td[3]/span/a
Trying to find Element By : By.xpath: //table/tbody/tr[1]/td[3]/span/a
Found Element By : By.xpath: //table/tbody/tr[1]/td[3]/span/a
Trying to find Element By : By.xpath: //table/tbody/tr[1]/td[3]/span/a
Found Element By : By.xpath: //table/tbody/tr[1]/td[3]/span/a
Trying to find Element By : By.xpath: //table/tbody/tr[1]/td[3]/span/a
Found Element By : By.xpath: //table/tbody/tr[1]/td[3]/span/a
Trying to find Element By : By.xpath: //table/tbody/tr[1]/td[3]/span/a
Found Element By : By.xpath: //table/tbody/tr[1]/td[3]/span/a
Trying to find Element By : By.xpath: //table/tbody/tr[1]/td[3]/span/a
Found Element By : By.xpath: //table/tbody/tr[1]/td[3]/span/a
Trying to find Element By : By.xpath: //table/tbody/tr[1]/td[3]/span/a
Found Element By : By.xpath: //table/tbody/tr[1]/td[3]/span/a
Trying to find Element By : By.xpath: //table/tbody/tr[1]/td[3]/span/a
Found Element By : By.xpath: //table/tbody/tr[1]/td[3]/span/a
Trying to find Element By : By.xpath: //table/tbody/tr[1]/td[3]/span/a
Found Element By : By.xpath: //table/tbody/tr[1]/td[3]/span/a
Trying to find Element By : By.xpath: //table/tbody/tr[1]/td[3]/span/a
Found Element By : By.xpath: //table/tbody/tr[1]/td[3]/span/a
Trying to find Element By : By.xpath: //table/tbody/tr[1]/td[3]/span/a
Found Element By : By.xpath: //table/tbody/tr[1]/td[3]/span/a
Trying to find Element By : By.xpath: //table/tbody/tr[1]/td[3]/span/a
Found Element By : By.xpath: //table/tbody/tr[1]/td[3]/span/a
Trying to find Element By : By.xpath: //table/tbody/tr[1]/td[3]/span/a
Found Element By : By.xpath: //table/tbody/tr[1]/td[3]/span/a
Trying to find Element By : By.xpath: //table/tbody/tr[1]/td[3]/span/a
Found Element By : By.xpath: //table/tbody/tr[1]/td[3]/span/a
Trying to find Element By : By.xpath: //table/tbody/tr[1]/td[3]/span/a
Found Element By : By.xpath: //table/tbody/tr[1]/td[3]/span/a
Trying to find Element By : By.xpath: //table/tbody/tr[1]/td[3]/span/a
Found Element By : By.xpath: //table/tbody/tr[1]/td[3]/span/a
Trying to find Element By : By.xpath: //table/tbody/tr[1]/td[3]/span/a
Found Element By : By.xpath: //table/tbody/tr[1]/td[3]/span/a
Trying to find Element By : By.xpath: //table/tbody/tr[1]/td[3]/span/a
Found Element By : By.xpath: //table/tbody/tr[1]/td[3]/span/a
Trying to find Element By : By.xpath: //table/tbody/tr[1]/td[3]/span/a
Found Element By : By.xpath: //table/tbody/tr[1]/td[3]/span/a
Trying to find Element By : By.xpath: //table/tbody/tr[1]/td[3]/span/a
Found Element By : By.xpath: //table/tbody/tr[1]/td[3]/span/a
Trying to find Element By : By.xpath: //table/tbody/tr[1]/td[3]/span/a
Found Element By : By.xpath: //table/tbody/tr[1]/td[3]/span/a
Trying to find Element By : By.xpath: //table/tbody/tr[1]/td[3]/span/a
Found Element By : By.xpath: //table/tbody/tr[1]/td[3]/span/a
Trying to find Element By : By.xpath: //table/tbody/tr[1]/td[3]/span/a
Found Element By : By.xpath: //table/tbody/tr[1]/td[3]/span/a
Trying to find Element By : By.xpath: //table/tbody/tr[1]/td[3]/span/a
Found Element By : By.xpath: //table/tbody/tr[1]/td[3]/span/a
Trying to find Element By : By.xpath: //table/tbody/tr[1]/td[3]/span/a
Found Element By : By.xpath: //table/tbody/tr[1]/td[3]/span/a
Trying to find Element By : By.xpath: //table/tbody/tr[1]/td[3]/span/a
Found Element By : By.xpath: //table/tbody/tr[1]/td[3]/span/a
Trying to find Element By : By.xpath: //table/tbody/tr[1]/td[3]/span/a
Found Element By : By.xpath: //table/tbody/tr[1]/td[3]/span/a
Trying to find Element By : By.xpath: //table/tbody/tr[1]/td[3]/span/a
Found Element By : By.xpath: //table/tbody/tr[1]/td[3]/span/a
Trying to find Element By : By.xpath: //table/tbody/tr[1]/td[3]/span/a
Found Element By : By.xpath: //table/tbody/tr[1]/td[3]/span/a
Trying to find Element By : By.xpath: //table/tbody/tr[1]/td[3]/span/a
Found Element By : By.xpath: //table/tbody/tr[1]/td[3]/span/a
Trying to find Element By : By.xpath: //table/tbody/tr[1]/td[3]/span/a
Found Element By : By.xpath: //table/tbody/tr[1]/td[3]/span/a
Trying to find Element By : By.xpath: //table/tbody/tr[1]/td[3]/span/a
Found Element By : By.xpath: //table/tbody/tr[1]/td[3]/span/a
Trying to find Element By : By.xpath: //table/tbody/tr[1]/td[3]/span/a
Found Element By : By.xpath: //table/tbody/tr[1]/td[3]/span/a
Trying to find Element By : By.xpath: //table/tbody/tr[1]/td[3]/span/a
Found Element By : By.xpath: //table/tbody/tr[1]/td[3]/span/a
Trying to find Element By : By.xpath: //table/tbody/tr[1]/td[3]/span/a
Found Element By : By.xpath: //table/tbody/tr[1]/td[3]/span/a
Trying to find Element By : By.xpath: //table/tbody/tr[1]/td[3]/span/a
Found Element By : By.xpath: //table/tbody/tr[1]/td[3]/span/a
Trying to find Element By : By.xpath: //table/tbody/tr[1]/td[3]/span/a
Found Element By : By.xpath: //table/tbody/tr[1]/td[3]/span/a
Trying to find Element By : By.xpath: //table/tbody/tr[1]/td[3]/span/a
Found Element By : By.xpath: //table/tbody/tr[1]/td[3]/span/a
Trying to find Element By : By.xpath: //table/tbody/tr[1]/td[3]/span/a
Found Element By : By.xpath: //table/tbody/tr[1]/td[3]/span/a
Trying to find Element By : By.xpath: //table/tbody/tr[1]/td[3]/span/a
Found Element By : By.xpath: //table/tbody/tr[1]/td[3]/span/a
Trying to find Element By : By.xpath: //table/tbody/tr[1]/td[3]/span/a
Found Element By : By.xpath: //table/tbody/tr[1]/td[3]/span/a
Trying to find Element By : By.xpath: //table/tbody/tr[1]/td[3]/span/a
Found Element By : By.xpath: //table/tbody/tr[1]/td[3]/span/a
Trying to find Element By : By.xpath: //table/tbody/tr[1]/td[3]/span/a
Found Element By : By.xpath: //table/tbody/tr[1]/td[3]/span/a
Trying to find Element By : By.xpath: //table/tbody/tr[1]/td[3]/span/a
Found Element By : By.xpath: //table/tbody/tr[1]/td[3]/span/a
Trying to find Element By : By.xpath: //table/tbody/tr[1]/td[3]/span/a
Found Element By : By.xpath: //table/tbody/tr[1]/td[3]/span/a
Trying to find Element By : By.xpath: //table/tbody/tr[1]/td[3]/span/a
Found Element By : By.xpath: //table/tbody/tr[1]/td[3]/span/a
Trying to find Element By : By.xpath: //table/tbody/tr[1]/td[3]/span/a
Found Element By : By.xpath: //table/tbody/tr[1]/td[3]/span/a
Trying to find Element By : By.xpath: //table/tbody/tr[1]/td[3]/span/a
Found Element By : By.xpath: //table/tbody/tr[1]/td[3]/span/a
Trying to find Element By : By.xpath: //table/tbody/tr[1]/td[3]/span/a
Found Element By : By.xpath: //table/tbody/tr[1]/td[3]/span/a
Trying to find Element By : By.xpath: //table/tbody/tr[1]/td[3]/span/a
Found Element By : By.xpath: //table/tbody/tr[1]/td[3]/span/a
Trying to find Element By : By.xpath: //table/tbody/tr[1]/td[3]/span/a
Found Element By : By.xpath: //table/tbody/tr[1]/td[3]/span/a
Trying to find Element By : By.xpath: //table/tbody/tr[1]/td[3]/span/a
Found Element By : By.xpath: //table/tbody/tr[1]/td[3]/span/a
Trying to find Element By : By.xpath: //table/tbody/tr[1]/td[3]/span/a
Found Element By : By.xpath: //table/tbody/tr[1]/td[3]/span/a
Trying to find Element By : By.xpath: //table/tbody/tr[1]/td[3]/span/a
Found Element By : By.xpath: //table/tbody/tr[1]/td[3]/span/a
Trying to find Element By : By.xpath: //table/tbody/tr[1]/td[3]/span/a
Found Element By : By.xpath: //table/tbody/tr[1]/td[3]/span/a
Trying to find Element By : By.xpath: //table/tbody/tr[1]/td[3]/span/a
Found Element By : By.xpath: //table/tbody/tr[1]/td[3]/span/a
Trying to find Element By : By.xpath: //table/tbody/tr[1]/td[3]/span/a
Found Element By : By.xpath: //table/tbody/tr[1]/td[3]/span/a
Trying to find Element By : By.xpath: //table/tbody/tr[1]/td[3]/span/a
Found Element By : By.xpath: //table/tbody/tr[1]/td[3]/span/a
Trying to find Element By : By.xpath: //table/tbody/tr[1]/td[3]/span/a
Found Element By : By.xpath: //table/tbody/tr[1]/td[3]/span/a
Trying to find Element By : By.xpath: //table/tbody/tr[1]/td[3]/span/a
Found Element By : By.xpath: //table/tbody/tr[1]/td[3]/span/a
Trying to find Element By : By.xpath: //table/tbody/tr[1]/td[3]/span/a
Found Element By : By.xpath: //table/tbody/tr[1]/td[3]/span/a
Trying to find Element By : By.xpath: //table/tbody/tr[1]/td[3]/span/a
Found Element By : By.xpath: //table/tbody/tr[1]/td[3]/span/a
Trying to find Element By : By.xpath: //table/tbody/tr[1]/td[3]/span/a
Found Element By : By.xpath: //table/tbody/tr[1]/td[3]/span/a
Trying to find Element By : By.xpath: //table/tbody/tr[1]/td[3]/span/a
Found Element By : By.xpath: //table/tbody/tr[1]/td[3]/span/a
Trying to find Element By : By.xpath: //table/tbody/tr[1]/td[3]/span/a
Found Element By : By.xpath: //table/tbody/tr[1]/td[3]/span/a
Trying to find Element By : By.xpath: //table/tbody/tr[1]/td[3]/span/a
Found Element By : By.xpath: //table/tbody/tr[1]/td[3]/span/a
Trying to find Element By : By.xpath: //table/tbody/tr[1]/td[3]/span/a
Found Element By : By.xpath: //table/tbody/tr[1]/td[3]/span/a
Trying to find Element By : By.xpath: //table/tbody/tr[1]/td[3]/span/a
Found Element By : By.xpath: //table/tbody/tr[1]/td[3]/span/a
Trying to find Element By : By.xpath: //table/tbody/tr[1]/td[3]/span/a
Found Element By : By.xpath: //table/tbody/tr[1]/td[3]/span/a
Trying to find Element By : By.xpath: //table/tbody/tr[1]/td[3]/span/a
Found Element By : By.xpath: //table/tbody/tr[1]/td[3]/span/a
Trying to find Element By : By.xpath: //table/tbody/tr[1]/td[3]/span/a
Found Element By : By.xpath: //table/tbody/tr[1]/td[3]/span/a
Trying to find Element By : By.xpath: //table/tbody/tr[1]/td[3]/span/a
Found Element By : By.xpath: //table/tbody/tr[1]/td[3]/span/a
Trying to find Element By : By.xpath: //table/tbody/tr[1]/td[3]/span/a
Found Element By : By.xpath: //table/tbody/tr[1]/td[3]/span/a
Trying to find Element By : By.xpath: //table/tbody/tr[1]/td[3]/span/a
Found Element By : By.xpath: //table/tbody/tr[1]/td[3]/span/a
Trying to find Element By : By.xpath: //table/tbody/tr[1]/td[3]/span/a
Found Element By : By.xpath: //table/tbody/tr[1]/td[3]/span/a
Trying to find Element By : By.xpath: //table/tbody/tr[1]/td[3]/span/a
Found Element By : By.xpath: //table/tbody/tr[1]/td[3]/span/a
Trying to find Element By : By.xpath: //table/tbody/tr[1]/td[3]/span/a
Found Element By : By.xpath: //table/tbody/tr[1]/td[3]/span/a
Trying to find Element By : By.xpath: //table/tbody/tr[1]/td[3]/span/a
Found Element By : By.xpath: //table/tbody/tr[1]/td[3]/span/a
Trying to find Element By : By.xpath: //table/tbody/tr[1]/td[3]/span/a
Found Element By : By.xpath: //table/tbody/tr[1]/td[3]/span/a
Trying to find Element By : By.xpath: //table/tbody/tr[1]/td[3]/span/a
Found Element By : By.xpath: //table/tbody/tr[1]/td[3]/span/a
Trying to find Element By : By.xpath: //table/tbody/tr[1]/td[3]/span/a
Found Element By : By.xpath: //table/tbody/tr[1]/td[3]/span/a
Trying to find Element By : By.xpath: //table/tbody/tr[1]/td[3]/span/a
Found Element By : By.xpath: //table/tbody/tr[1]/td[3]/span/a
Trying to find Element By : By.xpath: //table/tbody/tr[1]/td[3]/span/a
Found Element By : By.xpath: //table/tbody/tr[1]/td[3]/span/a
Trying to find Element By : By.xpath: //table/tbody/tr[1]/td[3]/span/a
Found Element By : By.xpath: //table/tbody/tr[1]/td[3]/span/a
Trying to find Element By : By.xpath: //table/tbody/tr[1]/td[3]/span/a
Found Element By : By.xpath: //table/tbody/tr[1]/td[3]/span/a
Trying to find Element By : By.xpath: //table/tbody/tr[1]/td[3]/span/a
Found Element By : By.xpath: //table/tbody/tr[1]/td[3]/span/a
Trying to find Element By : By.xpath: //table/tbody/tr[1]/td[3]/span/a
Found Element By : By.xpath: //table/tbody/tr[1]/td[3]/span/a
Trying to find Element By : By.xpath: //table/tbody/tr[1]/td[3]/span/a
Found Element By : By.xpath: //table/tbody/tr[1]/td[3]/span/a
Trying to find Element By : By.xpath: //table/tbody/tr[1]/td[3]/span/a
Found Element By : By.xpath: //table/tbody/tr[1]/td[3]/span/a
Trying to find Element By : By.xpath: //table/tbody/tr[1]/td[3]/span/a
Found Element By : By.xpath: //table/tbody/tr[1]/td[3]/span/a
Trying to find Element By : By.xpath: //table/tbody/tr[1]/td[3]/span/a
Found Element By : By.xpath: //table/tbody/tr[1]/td[3]/span/a
Trying to find Element By : By.xpath: //table/tbody/tr[1]/td[3]/span/a
Found Element By : By.xpath: //table/tbody/tr[1]/td[3]/span/a
Trying to find Element By : By.xpath: //table/tbody/tr[1]/td[3]/span/a
Found Element By : By.xpath: //table/tbody/tr[1]/td[3]/span/a
Trying to find Element By : By.xpath: //table/tbody/tr[1]/td[3]/span/a
Found Element By : By.xpath: //table/tbody/tr[1]/td[3]/span/a
Trying to find Element By : By.xpath: //table/tbody/tr[1]/td[3]/span/a
Found Element By : By.xpath: //table/tbody/tr[1]/td[3]/span/a
Trying to find Element By : By.xpath: //table/tbody/tr[1]/td[3]/span/a
Found Element By : By.xpath: //table/tbody/tr[1]/td[3]/span/a
Trying to find Element By : By.xpath: //table/tbody/tr[1]/td[3]/span/a
Found Element By : By.xpath: //table/tbody/tr[1]/td[3]/span/a
Trying to find Element By : By.xpath: //table/tbody/tr[1]/td[3]/span/a
Found Element By : By.xpath: //table/tbody/tr[1]/td[3]/span/a
Trying to find Element By : By.xpath: //table/tbody/tr[1]/td[3]/span/a
Found Element By : By.xpath: //table/tbody/tr[1]/td[3]/span/a
Trying to find Element By : By.xpath: //table/tbody/tr[1]/td[3]/span/a
Found Element By : By.xpath: //table/tbody/tr[1]/td[3]/span/a
Trying to find Element By : By.xpath: //table/tbody/tr[1]/td[3]/span/a
Found Element By : By.xpath: //table/tbody/tr[1]/td[3]/span/a
Trying to find Element By : By.xpath: //table/tbody/tr[1]/td[3]/span/a
Found Element By : By.xpath: //table/tbody/tr[1]/td[3]/span/a
Trying to find Element By : By.xpath: //table/tbody/tr[1]/td[3]/span/a
Found Element By : By.xpath: //table/tbody/tr[1]/td[3]/span/a
Trying to find Element By : By.xpath: //table/tbody/tr[1]/td[3]/span/a
Found Element By : By.xpath: //table/tbody/tr[1]/td[3]/span/a
Trying to find Element By : By.xpath: //table/tbody/tr[1]/td[3]/span/a
Found Element By : By.xpath: //table/tbody/tr[1]/td[3]/span/a
Trying to find Element By : By.xpath: //table/tbody/tr[1]/td[3]/span/a
Found Element By : By.xpath: //table/tbody/tr[1]/td[3]/span/a
Trying to find Element By : By.xpath: //table/tbody/tr[1]/td[3]/span/a
Found Element By : By.xpath: //table/tbody/tr[1]/td[3]/span/a
Trying to find Element By : By.xpath: //table/tbody/tr[1]/td[3]/span/a
Found Element By : By.xpath: //table/tbody/tr[1]/td[3]/span/a
Trying to find Element By : By.xpath: //table/tbody/tr[1]/td[3]/span/a
Found Element By : By.xpath: //table/tbody/tr[1]/td[3]/span/a
Trying to find Element By : By.xpath: //table/tbody/tr[1]/td[3]/span/a
Found Element By : By.xpath: //table/tbody/tr[1]/td[3]/span/a
Trying to find Element By : By.xpath: //table/tbody/tr[1]/td[3]/span/a
Found Element By : By.xpath: //table/tbody/tr[1]/td[3]/span/a
Trying to find Element By : By.xpath: //table/tbody/tr[1]/td[3]/span/a
Found Element By : By.xpath: //table/tbody/tr[1]/td[3]/span/a
Trying to find Element By : By.xpath: //table/tbody/tr[1]/td[3]/span/a
Found Element By : By.xpath: //table/tbody/tr[1]/td[3]/span/a
Trying to find Element By : By.xpath: //table/tbody/tr[1]/td[3]/span/a
Found Element By : By.xpath: //table/tbody/tr[1]/td[3]/span/a
Trying to find Element By : By.xpath: //table/tbody/tr[1]/td[3]/span/a
Found Element By : By.xpath: //table/tbody/tr[1]/td[3]/span/a
Trying to find Element By : By.xpath: //table/tbody/tr[1]/td[3]/span/a
Found Element By : By.xpath: //table/tbody/tr[1]/td[3]/span/a
Trying to find Element By : By.xpath: //table/tbody/tr[1]/td[3]/span/a
Found Element By : By.xpath: //table/tbody/tr[1]/td[3]/span/a
Trying to find Element By : By.xpath: //table/tbody/tr[1]/td[3]/span/a
Found Element By : By.xpath: //table/tbody/tr[1]/td[3]/span/a
Trying to find Element By : By.xpath: //table/tbody/tr[1]/td[3]/span/a
Found Element By : By.xpath: //table/tbody/tr[1]/td[3]/span/a
Trying to find Element By : By.xpath: //table/tbody/tr[1]/td[3]/span/a
Found Element By : By.xpath: //table/tbody/tr[1]/td[3]/span/a
Trying to find Element By : By.xpath: //table/tbody/tr[1]/td[3]/span/a
Found Element By : By.xpath: //table/tbody/tr[1]/td[3]/span/a
Trying to find Element By : By.xpath: //table/tbody/tr[1]/td[3]/span/a
Found Element By : By.xpath: //table/tbody/tr[1]/td[3]/span/a
Trying to find Element By : By.xpath: //table/tbody/tr[1]/td[3]/span/a
Found Element By : By.xpath: //table/tbody/tr[1]/td[3]/span/a
Trying to find Element By : By.xpath: //table/tbody/tr[1]/td[3]/span/a
Found Element By : By.xpath: //table/tbody/tr[1]/td[3]/span/a
Trying to find Element By : By.xpath: //table/tbody/tr[1]/td[3]/span/a
Found Element By : By.xpath: //table/tbody/tr[1]/td[3]/span/a
Trying to find Element By : By.xpath: //table/tbody/tr[1]/td[3]/span/a
Found Element By : By.xpath: //table/tbody/tr[1]/td[3]/span/a
Trying to find Element By : By.xpath: //table/tbody/tr[1]/td[3]/span/a
Found Element By : By.xpath: //table/tbody/tr[1]/td[3]/span/a
Trying to find Element By : By.xpath: //table/tbody/tr[1]/td[3]/span/a
Found Element By : By.xpath: //table/tbody/tr[1]/td[3]/span/a
Trying to find Element By : By.xpath: //table/tbody/tr[1]/td[3]/span/a
Found Element By : By.xpath: //table/tbody/tr[1]/td[3]/span/a
Trying to find Element By : By.xpath: //table/tbody/tr[1]/td[3]/span/a
Found Element By : By.xpath: //table/tbody/tr[1]/td[3]/span/a
Trying to find Element By : By.xpath: //table/tbody/tr[1]/td[3]/span/a
Found Element By : By.xpath: //table/tbody/tr[1]/td[3]/span/a
Trying to find Element By : By.xpath: //table/tbody/tr[1]/td[3]/span/a
Found Element By : By.xpath: //table/tbody/tr[1]/td[3]/span/a
Trying to find Element By : By.xpath: //table/tbody/tr[1]/td[3]/span/a
Found Element By : By.xpath: //table/tbody/tr[1]/td[3]/span/a
Trying to find Element By : By.xpath: //table/tbody/tr[1]/td[3]/span/a
Found Element By : By.xpath: //table/tbody/tr[1]/td[3]/span/a
Trying to find Element By : By.xpath: //table/tbody/tr[1]/td[3]/span/a
Found Element By : By.xpath: //table/tbody/tr[1]/td[3]/span/a
Trying to find Element By : By.xpath: //table/tbody/tr[1]/td[3]/span/a
Found Element By : By.xpath: //table/tbody/tr[1]/td[3]/span/a
Trying to find Element By : By.xpath: //table/tbody/tr[1]/td[3]/span/a
Found Element By : By.xpath: //table/tbody/tr[1]/td[3]/span/a
Trying to find Element By : By.xpath: //table/tbody/tr[1]/td[3]/span/a
Found Element By : By.xpath: //table/tbody/tr[1]/td[3]/span/a
Trying to find Element By : By.xpath: //table/tbody/tr[1]/td[3]/span/a
Found Element By : By.xpath: //table/tbody/tr[1]/td[3]/span/a
Trying to find Element By : By.xpath: //table/tbody/tr[1]/td[3]/span/a
Found Element By : By.xpath: //table/tbody/tr[1]/td[3]/span/a
Trying to find Element By : By.xpath: //table/tbody/tr[1]/td[3]/span/a
Found Element By : By.xpath: //table/tbody/tr[1]/td[3]/span/a
Trying to find Element By : By.xpath: //table/tbody/tr[1]/td[3]/span/a
Found Element By : By.xpath: //table/tbody/tr[1]/td[3]/span/a
Trying to find Element By : By.xpath: //table/tbody/tr[1]/td[3]/span/a
Found Element By : By.xpath: //table/tbody/tr[1]/td[3]/span/a
Trying to find Element By : By.xpath: //table/tbody/tr[1]/td[3]/span/a
Found Element By : By.xpath: //table/tbody/tr[1]/td[3]/span/a
Trying to find Element By : By.xpath: //table/tbody/tr[1]/td[3]/span/a
Found Element By : By.xpath: //table/tbody/tr[1]/td[3]/span/a
Trying to find Element By : By.xpath: //table/tbody/tr[1]/td[3]/span/a
Found Element By : By.xpath: //table/tbody/tr[1]/td[3]/span/a
Trying to find Element By : By.xpath: //table/tbody/tr[1]/td[3]/span/a
Found Element By : By.xpath: //table/tbody/tr[1]/td[3]/span/a
Trying to find Element By : By.xpath: //table/tbody/tr[1]/td[3]/span/a
Found Element By : By.xpath: //table/tbody/tr[1]/td[3]/span/a
Trying to find Element By : By.xpath: //table/tbody/tr[1]/td[3]/span/a
Found Element By : By.xpath: //table/tbody/tr[1]/td[3]/span/a
Trying to find Element By : By.xpath: //table/tbody/tr[1]/td[3]/span/a
Found Element By : By.xpath: //table/tbody/tr[1]/td[3]/span/a
Trying to find Element By : By.xpath: //table/tbody/tr[1]/td[3]/span/a
Found Element By : By.xpath: //table/tbody/tr[1]/td[3]/span/a
Trying to find Element By : By.xpath: //table/tbody/tr[1]/td[3]/span/a
Found Element By : By.xpath: //table/tbody/tr[1]/td[3]/span/a
Trying to find Element By : By.xpath: //table/tbody/tr[1]/td[3]/span/a
Found Element By : By.xpath: //table/tbody/tr[1]/td[3]/span/a
Trying to find Element By : By.xpath: //table/tbody/tr[1]/td[3]/span/a
Found Element By : By.xpath: //table/tbody/tr[1]/td[3]/span/a
Trying to find Element By : By.xpath: //table/tbody/tr[1]/td[3]/span/a
Found Element By : By.xpath: //table/tbody/tr[1]/td[3]/span/a
Trying to find Element By : By.xpath: //table/tbody/tr[1]/td[3]/span/a
Found Element By : By.xpath: //table/tbody/tr[1]/td[3]/span/a
Trying to find Element By : By.xpath: //table/tbody/tr[1]/td[3]/span/a
Found Element By : By.xpath: //table/tbody/tr[1]/td[3]/span/a
Trying to find Element By : By.xpath: //table/tbody/tr[1]/td[3]/span/a
Found Element By : By.xpath: //table/tbody/tr[1]/td[3]/span/a
Trying to find Element By : By.xpath: //table/tbody/tr[1]/td[3]/span/a
Found Element By : By.xpath: //table/tbody/tr[1]/td[3]/span/a
Trying to find Element By : By.xpath: //table/tbody/tr[1]/td[3]/span/a
Found Element By : By.xpath: //table/tbody/tr[1]/td[3]/span/a
Trying to find Element By : By.xpath: //table/tbody/tr[1]/td[3]/span/a
Found Element By : By.xpath: //table/tbody/tr[1]/td[3]/span/a
Trying to find Element By : By.xpath: //table/tbody/tr[1]/td[3]/span/a
Found Element By : By.xpath: //table/tbody/tr[1]/td[3]/span/a
Trying to find Element By : By.xpath: //table/tbody/tr[1]/td[3]/span/a
Found Element By : By.xpath: //table/tbody/tr[1]/td[3]/span/a
Trying to find Element By : By.xpath: //table/tbody/tr[1]/td[3]/span/a
Found Element By : By.xpath: //table/tbody/tr[1]/td[3]/span/a
Trying to find Element By : By.xpath: //table/tbody/tr[1]/td[3]/span/a
Found Element By : By.xpath: //table/tbody/tr[1]/td[3]/span/a
Trying to find Element By : By.xpath: //table/tbody/tr[1]/td[3]/span/a
Found Element By : By.xpath: //table/tbody/tr[1]/td[3]/span/a
Trying to find Element By : By.xpath: //table/tbody/tr[1]/td[3]/span/a
Found Element By : By.xpath: //table/tbody/tr[1]/td[3]/span/a
Trying to find Element By : By.xpath: //table/tbody/tr[1]/td[3]/span/a
Found Element By : By.xpath: //table/tbody/tr[1]/td[3]/span/a
Trying to find Element By : By.xpath: //table/tbody/tr[1]/td[3]/span/a
Found Element By : By.xpath: //table/tbody/tr[1]/td[3]/span/a
Trying to find Element By : By.xpath: //table/tbody/tr[1]/td[3]/span/a
Found Element By : By.xpath: //table/tbody/tr[1]/td[3]/span/a
Trying to find Element By : By.xpath: //table/tbody/tr[1]/td[3]/span/a
Found Element By : By.xpath: //table/tbody/tr[1]/td[3]/span/a
Trying to find Element By : By.xpath: //table/tbody/tr[1]/td[3]/span/a
Found Element By : By.xpath: //table/tbody/tr[1]/td[3]/span/a
Trying to find Element By : By.xpath: //table/tbody/tr[1]/td[3]/span/a
Found Element By : By.xpath: //table/tbody/tr[1]/td[3]/span/a
Trying to find Element By : By.xpath: //table/tbody/tr[1]/td[3]/span/a
Found Element By : By.xpath: //table/tbody/tr[1]/td[3]/span/a
Trying to find Element By : By.xpath: //table/tbody/tr[1]/td[3]/span/a
Found Element By : By.xpath: //table/tbody/tr[1]/td[3]/span/a
Trying to find Element By : By.xpath: //table/tbody/tr[1]/td[3]/span/a
Found Element By : By.xpath: //table/tbody/tr[1]/td[3]/span/a
Trying to find Element By : By.xpath: //table/tbody/tr[1]/td[3]/span/a
Found Element By : By.xpath: //table/tbody/tr[1]/td[3]/span/a
Trying to find Element By : By.xpath: //table/tbody/tr[1]/td[3]/span/a
Found Element By : By.xpath: //table/tbody/tr[1]/td[3]/span/a
Trying to find Element By : By.xpath: //table/tbody/tr[1]/td[3]/span/a
Found Element By : By.xpath: //table/tbody/tr[1]/td[3]/span/a
Trying to find Element By : By.xpath: //table/tbody/tr[1]/td[3]/span/a
Found Element By : By.xpath: //table/tbody/tr[1]/td[3]/span/a
Trying to find Element By : By.xpath: //table/tbody/tr[1]/td[3]/span/a
Found Element By : By.xpath: //table/tbody/tr[1]/td[3]/span/a
Trying to find Element By : By.xpath: //table/tbody/tr[1]/td[3]/span/a
Found Element By : By.xpath: //table/tbody/tr[1]/td[3]/span/a
Trying to find Element By : By.xpath: //table/tbody/tr[1]/td[3]/span/a
Found Element By : By.xpath: //table/tbody/tr[1]/td[3]/span/a
Trying to find Element By : By.xpath: //table/tbody/tr[1]/td[3]/span/a
Found Element By : By.xpath: //table/tbody/tr[1]/td[3]/span/a
Trying to find Element By : By.xpath: //table/tbody/tr[1]/td[3]/span/a
Found Element By : By.xpath: //table/tbody/tr[1]/td[3]/span/a
Trying to find Element By : By.xpath: //table/tbody/tr[1]/td[3]/span/a
Found Element By : By.xpath: //table/tbody/tr[1]/td[3]/span/a
Trying to find Element By : By.xpath: //table/tbody/tr[1]/td[3]/span/a
Found Element By : By.xpath: //table/tbody/tr[1]/td[3]/span/a
Trying to find Element By : By.xpath: //table/tbody/tr[1]/td[3]/span/a
Found Element By : By.xpath: //table/tbody/tr[1]/td[3]/span/a
Trying to find Element By : By.xpath: //table/tbody/tr[1]/td[3]/span/a
Found Element By : By.xpath: //table/tbody/tr[1]/td[3]/span/a
Trying to find Element By : By.xpath: //table/tbody/tr[1]/td[3]/span/a
Found Element By : By.xpath: //table/tbody/tr[1]/td[3]/span/a
Trying to find Element By : By.xpath: //table/tbody/tr[1]/td[3]/span/a
Found Element By : By.xpath: //table/tbody/tr[1]/td[3]/span/a
Trying to find Element By : By.xpath: //table/tbody/tr[1]/td[3]/span/a
Found Element By : By.xpath: //table/tbody/tr[1]/td[3]/span/a
Trying to find Element By : By.xpath: //table/tbody/tr[1]/td[3]/span/a
Found Element By : By.xpath: //table/tbody/tr[1]/td[3]/span/a
Trying to find Element By : By.xpath: //table/tbody/tr[1]/td[3]/span/a
Found Element By : By.xpath: //table/tbody/tr[1]/td[3]/span/a
Trying to find Element By : By.xpath: //table/tbody/tr[1]/td[3]/span/a
Found Element By : By.xpath: //table/tbody/tr[1]/td[3]/span/a
Trying to find Element By : By.xpath: //table/tbody/tr[1]/td[3]/span/a
Found Element By : By.xpath: //table/tbody/tr[1]/td[3]/span/a
Trying to find Element By : By.xpath: //table/tbody/tr[1]/td[3]/span/a
Found Element By : By.xpath: //table/tbody/tr[1]/td[3]/span/a
Trying to find Element By : By.xpath: //table/tbody/tr[1]/td[3]/span/a
Found Element By : By.xpath: //table/tbody/tr[1]/td[3]/span/a
Trying to find Element By : By.xpath: //table/tbody/tr[1]/td[3]/span/a
Found Element By : By.xpath: //table/tbody/tr[1]/td[3]/span/a
Trying to find Element By : By.xpath: //table/tbody/tr[1]/td[3]/span/a
Found Element By : By.xpath: //table/tbody/tr[1]/td[3]/span/a
Trying to find Element By : By.xpath: //table/tbody/tr[1]/td[3]/span/a
Found Element By : By.xpath: //table/tbody/tr[1]/td[3]/span/a
Trying to find Element By : By.xpath: //table/tbody/tr[1]/td[3]/span/a
Found Element By : By.xpath: //table/tbody/tr[1]/td[3]/span/a
Trying to find Element By : By.xpath: //table/tbody/tr[1]/td[3]/span/a
Found Element By : By.xpath: //table/tbody/tr[1]/td[3]/span/a
Trying to find Element By : By.xpath: //table/tbody/tr[1]/td[3]/span/a
Found Element By : By.xpath: //table/tbody/tr[1]/td[3]/span/a
Trying to find Element By : By.xpath: //table/tbody/tr[1]/td[3]/span/a
Found Element By : By.xpath: //table/tbody/tr[1]/td[3]/span/a
Trying to find Element By : By.xpath: //table/tbody/tr[1]/td[3]/span/a
Found Element By : By.xpath: //table/tbody/tr[1]/td[3]/span/a
Trying to find Element By : By.xpath: //table/tbody/tr[1]/td[3]/span/a
Found Element By : By.xpath: //table/tbody/tr[1]/td[3]/span/a
Trying to find Element By : By.xpath: //table/tbody/tr[1]/td[3]/span/a
Found Element By : By.xpath: //table/tbody/tr[1]/td[3]/span/a
Trying to find Element By : By.xpath: //table/tbody/tr[1]/td[3]/span/a
Found Element By : By.xpath: //table/tbody/tr[1]/td[3]/span/a
Trying to find Element By : By.xpath: //table/tbody/tr[1]/td[3]/span/a
Found Element By : By.xpath: //table/tbody/tr[1]/td[3]/span/a
Trying to find Element By : By.xpath: //table/tbody/tr[1]/td[3]/span/a
Found Element By : By.xpath: //table/tbody/tr[1]/td[3]/span/a
Trying to find Element By : By.xpath: //table/tbody/tr[1]/td[3]/span/a
Found Element By : By.xpath: //table/tbody/tr[1]/td[3]/span/a
Trying to find Element By : By.xpath: //table/tbody/tr[1]/td[3]/span/a
Found Element By : By.xpath: //table/tbody/tr[1]/td[3]/span/a
Trying to find Element By : By.xpath: //table/tbody/tr[1]/td[3]/span/a
Found Element By : By.xpath: //table/tbody/tr[1]/td[3]/span/a
Trying to find Element By : By.xpath: //table/tbody/tr[1]/td[3]/span/a
Found Element By : By.xpath: //table/tbody/tr[1]/td[3]/span/a
Trying to find Element By : By.xpath: //table/tbody/tr[1]/td[3]/span/a
Found Element By : By.xpath: //table/tbody/tr[1]/td[3]/span/a
Trying to find Element By : By.xpath: //table/tbody/tr[1]/td[3]/span/a
Found Element By : By.xpath: //table/tbody/tr[1]/td[3]/span/a
Trying to find Element By : By.xpath: //table/tbody/tr[1]/td[3]/span/a
Found Element By : By.xpath: //table/tbody/tr[1]/td[3]/span/a
Trying to find Element By : By.xpath: //table/tbody/tr[1]/td[3]/span/a
Found Element By : By.xpath: //table/tbody/tr[1]/td[3]/span/a
Trying to find Element By : By.xpath: //table/tbody/tr[1]/td[3]/span/a
Found Element By : By.xpath: //table/tbody/tr[1]/td[3]/span/a
Trying to find Element By : By.xpath: //table/tbody/tr[1]/td[3]/span/a
Found Element By : By.xpath: //table/tbody/tr[1]/td[3]/span/a
Trying to find Element By : By.xpath: //table/tbody/tr[1]/td[3]/span/a
Found Element By : By.xpath: //table/tbody/tr[1]/td[3]/span/a
Trying to find Element By : By.xpath: //table/tbody/tr[1]/td[3]/span/a
Found Element By : By.xpath: //table/tbody/tr[1]/td[3]/span/a
Trying to find Element By : By.xpath: //table/tbody/tr[1]/td[3]/span/a
Found Element By : By.xpath: //table/tbody/tr[1]/td[3]/span/a
Trying to find Element By : By.xpath: //table/tbody/tr[1]/td[3]/span/a
Found Element By : By.xpath: //table/tbody/tr[1]/td[3]/span/a
Trying to find Element By : By.xpath: //table/tbody/tr[1]/td[3]/span/a
Found Element By : By.xpath: //table/tbody/tr[1]/td[3]/span/a
Trying to find Element By : By.xpath: //table/tbody/tr[1]/td[3]/span/a
Found Element By : By.xpath: //table/tbody/tr[1]/td[3]/span/a
Trying to find Element By : By.xpath: //table/tbody/tr[1]/td[3]/span/a
Found Element By : By.xpath: //table/tbody/tr[1]/td[3]/span/a
Trying to find Element By : By.xpath: //table/tbody/tr[1]/td[3]/span/a
Found Element By : By.xpath: //table/tbody/tr[1]/td[3]/span/a
Trying to find Element By : By.xpath: //table/tbody/tr[1]/td[3]/span/a
Found Element By : By.xpath: //table/tbody/tr[1]/td[3]/span/a
Trying to find Element By : By.xpath: //table/tbody/tr[1]/td[3]/span/a
Found Element By : By.xpath: //table/tbody/tr[1]/td[3]/span/a
Trying to find Element By : By.xpath: //table/tbody/tr[1]/td[3]/span/a
Found Element By : By.xpath: //table/tbody/tr[1]/td[3]/span/a
Trying to find Element By : By.xpath: //table/tbody/tr[1]/td[3]/span/a
Found Element By : By.xpath: //table/tbody/tr[1]/td[3]/span/a
Trying to find Element By : By.xpath: //table/tbody/tr[1]/td[3]/span/a
Found Element By : By.xpath: //table/tbody/tr[1]/td[3]/span/a
Trying to find Element By : By.xpath: //table/tbody/tr[1]/td[3]/span/a
Found Element By : By.xpath: //table/tbody/tr[1]/td[3]/span/a
Trying to find Element By : By.xpath: //table/tbody/tr[1]/td[3]/span/a
Found Element By : By.xpath: //table/tbody/tr[1]/td[3]/span/a
Trying to find Element By : By.xpath: //table/tbody/tr[1]/td[3]/span/a
Found Element By : By.xpath: //table/tbody/tr[1]/td[3]/span/a
Trying to find Element By : By.xpath: //table/tbody/tr[1]/td[3]/span/a
Found Element By : By.xpath: //table/tbody/tr[1]/td[3]/span/a
Trying to find Element By : By.xpath: //table/tbody/tr[1]/td[3]/span/a
Found Element By : By.xpath: //table/tbody/tr[1]/td[3]/span/a
Trying to find Element By : By.xpath: //table/tbody/tr[1]/td[3]/span/a
Found Element By : By.xpath: //table/tbody/tr[1]/td[3]/span/a
Trying to find Element By : By.xpath: //table/tbody/tr[1]/td[3]/span/a
Found Element By : By.xpath: //table/tbody/tr[1]/td[3]/span/a
Trying to find Element By : By.xpath: //table/tbody/tr[1]/td[3]/span/a
Found Element By : By.xpath: //table/tbody/tr[1]/td[3]/span/a
Trying to find Element By : By.xpath: //table/tbody/tr[1]/td[3]/span/a
Found Element By : By.xpath: //table/tbody/tr[1]/td[3]/span/a
Trying to find Element By : By.xpath: //table/tbody/tr[1]/td[3]/span/a
Found Element By : By.xpath: //table/tbody/tr[1]/td[3]/span/a
Trying to find Element By : By.xpath: //table/tbody/tr[1]/td[3]/span/a
Found Element By : By.xpath: //table/tbody/tr[1]/td[3]/span/a
Trying to find Element By : By.xpath: //table/tbody/tr[1]/td[3]/span/a
Found Element By : By.xpath: //table/tbody/tr[1]/td[3]/span/a
Trying to find Element By : By.xpath: //table/tbody/tr[1]/td[3]/span/a
Found Element By : By.xpath: //table/tbody/tr[1]/td[3]/span/a
Trying to find Element By : By.xpath: //table/tbody/tr[1]/td[3]/span/a
Found Element By : By.xpath: //table/tbody/tr[1]/td[3]/span/a
Trying to find Element By : By.xpath: //table/tbody/tr[1]/td[3]/span/a
Found Element By : By.xpath: //table/tbody/tr[1]/td[3]/span/a
Trying to find Element By : By.xpath: //table/tbody/tr[1]/td[3]/span/a
Found Element By : By.xpath: //table/tbody/tr[1]/td[3]/span/a
Trying to find Element By : By.xpath: //table/tbody/tr[1]/td[3]/span/a
Found Element By : By.xpath: //table/tbody/tr[1]/td[3]/span/a
Trying to find Element By : By.xpath: //table/tbody/tr[1]/td[3]/span/a
Found Element By : By.xpath: //table/tbody/tr[1]/td[3]/span/a
Trying to find Element By : By.xpath: //table/tbody/tr[1]/td[3]/span/a
Found Element By : By.xpath: //table/tbody/tr[1]/td[3]/span/a
Trying to find Element By : By.xpath: //table/tbody/tr[1]/td[3]/span/a
Found Element By : By.xpath: //table/tbody/tr[1]/td[3]/span/a
Trying to find Element By : By.xpath: //table/tbody/tr[1]/td[3]/span/a
Found Element By : By.xpath: //table/tbody/tr[1]/td[3]/span/a
Trying to find Element By : By.xpath: //table/tbody/tr[1]/td[3]/span/a
Found Element By : By.xpath: //table/tbody/tr[1]/td[3]/span/a
Trying to find Element By : By.xpath: //table/tbody/tr[1]/td[3]/span/a
Found Element By : By.xpath: //table/tbody/tr[1]/td[3]/span/a
Trying to find Element By : By.xpath: //table/tbody/tr[1]/td[3]/span/a
Found Element By : By.xpath: //table/tbody/tr[1]/td[3]/span/a
Trying to find Element By : By.xpath: //table/tbody/tr[1]/td[3]/span/a
Found Element By : By.xpath: //table/tbody/tr[1]/td[3]/span/a
Trying to find Element By : By.xpath: //table/tbody/tr[1]/td[3]/span/a
Found Element By : By.xpath: //table/tbody/tr[1]/td[3]/span/a
Trying to find Element By : By.xpath: //table/tbody/tr[1]/td[3]/span/a
Found Element By : By.xpath: //table/tbody/tr[1]/td[3]/span/a
Trying to find Element By : By.xpath: //table/tbody/tr[1]/td[3]/span/a
Found Element By : By.xpath: //table/tbody/tr[1]/td[3]/span/a
Trying to find Element By : By.xpath: //table/tbody/tr[1]/td[3]/span/a
Found Element By : By.xpath: //table/tbody/tr[1]/td[3]/span/a
Trying to find Element By : By.xpath: //table/tbody/tr[1]/td[3]/span/a
Found Element By : By.xpath: //table/tbody/tr[1]/td[3]/span/a
Trying to find Element By : By.xpath: //table/tbody/tr[1]/td[3]/span/a
Found Element By : By.xpath: //table/tbody/tr[1]/td[3]/span/a
Trying to find Element By : By.xpath: //table/tbody/tr[1]/td[3]/span/a
Found Element By : By.xpath: //table/tbody/tr[1]/td[3]/span/a
Trying to find Element By : By.xpath: //table/tbody/tr[1]/td[3]/span/a
Found Element By : By.xpath: //table/tbody/tr[1]/td[3]/span/a
Trying to find Element By : By.xpath: //table/tbody/tr[1]/td[3]/span/a
Found Element By : By.xpath: //table/tbody/tr[1]/td[3]/span/a
Trying to find Element By : By.xpath: //table/tbody/tr[1]/td[3]/span/a
Found Element By : By.xpath: //table/tbody/tr[1]/td[3]/span/a
Trying to find Element By : By.xpath: //table/tbody/tr[1]/td[3]/span/a
Found Element By : By.xpath: //table/tbody/tr[1]/td[3]/span/a
Trying to find Element By : By.xpath: //table/tbody/tr[1]/td[3]/span/a
Found Element By : By.xpath: //table/tbody/tr[1]/td[3]/span/a
Trying to find Element By : By.xpath: //table/tbody/tr[1]/td[3]/span/a
Found Element By : By.xpath: //table/tbody/tr[1]/td[3]/span/a
Trying to find Element By : By.xpath: //table/tbody/tr[1]/td[3]/span/a
Found Element By : By.xpath: //table/tbody/tr[1]/td[3]/span/a
Trying to find Element By : By.xpath: //table/tbody/tr[1]/td[3]/span/a
Found Element By : By.xpath: //table/tbody/tr[1]/td[3]/span/a
Trying to find Element By : By.xpath: //table/tbody/tr[1]/td[3]/span/a
Found Element By : By.xpath: //table/tbody/tr[1]/td[3]/span/a
Trying to find Element By : By.xpath: //table/tbody/tr[1]/td[3]/span/a
Found Element By : By.xpath: //table/tbody/tr[1]/td[3]/span/a
Trying to find Element By : By.xpath: //table/tbody/tr[1]/td[3]/span/a
Found Element By : By.xpath: //table/tbody/tr[1]/td[3]/span/a
Trying to find Element By : By.xpath: //table/tbody/tr[1]/td[3]/span/a
Found Element By : By.xpath: //table/tbody/tr[1]/td[3]/span/a
Trying to find Element By : By.xpath: //table/tbody/tr[1]/td[3]/span/a
Found Element By : By.xpath: //table/tbody/tr[1]/td[3]/span/a
Trying to find Element By : By.xpath: //table/tbody/tr[1]/td[3]/span/a
Found Element By : By.xpath: //table/tbody/tr[1]/td[3]/span/a
Trying to find Element By : By.xpath: //table/tbody/tr[1]/td[3]/span/a
Found Element By : By.xpath: //table/tbody/tr[1]/td[3]/span/a
Trying to find Element By : By.xpath: //table/tbody/tr[1]/td[3]/span/a
Found Element By : By.xpath: //table/tbody/tr[1]/td[3]/span/a
Trying to find Element By : By.xpath: //table/tbody/tr[1]/td[3]/span/a
Found Element By : By.xpath: //table/tbody/tr[1]/td[3]/span/a
Trying to find Element By : By.xpath: //table/tbody/tr[1]/td[3]/span/a
Found Element By : By.xpath: //table/tbody/tr[1]/td[3]/span/a
Trying to find Element By : By.xpath: //table/tbody/tr[1]/td[3]/span/a
Found Element By : By.xpath: //table/tbody/tr[1]/td[3]/span/a
Trying to find Element By : By.xpath: //table/tbody/tr[1]/td[3]/span/a
Found Element By : By.xpath: //table/tbody/tr[1]/td[3]/span/a
Trying to find Element By : By.xpath: //table/tbody/tr[1]/td[3]/span/a
Found Element By : By.xpath: //table/tbody/tr[1]/td[3]/span/a
Trying to find Element By : By.xpath: //table/tbody/tr[1]/td[3]/span/a
Found Element By : By.xpath: //table/tbody/tr[1]/td[3]/span/a
Trying to find Element By : By.xpath: //table/tbody/tr[1]/td[3]/span/a
Found Element By : By.xpath: //table/tbody/tr[1]/td[3]/span/a
Trying to find Element By : By.xpath: //table/tbody/tr[1]/td[3]/span/a
Found Element By : By.xpath: //table/tbody/tr[1]/td[3]/span/a
Trying to find Element By : By.xpath: //table/tbody/tr[1]/td[3]/span/a
Found Element By : By.xpath: //table/tbody/tr[1]/td[3]/span/a
Trying to find Element By : By.xpath: //table/tbody/tr[1]/td[3]/span/a
Found Element By : By.xpath: //table/tbody/tr[1]/td[3]/span/a
Trying to find Element By : By.xpath: //table/tbody/tr[1]/td[3]/span/a
Found Element By : By.xpath: //table/tbody/tr[1]/td[3]/span/a
Trying to find Element By : By.xpath: //table/tbody/tr[1]/td[3]/span/a
Found Element By : By.xpath: //table/tbody/tr[1]/td[3]/span/a
Trying to find Element By : By.xpath: //table/tbody/tr[1]/td[3]/span/a
Found Element By : By.xpath: //table/tbody/tr[1]/td[3]/span/a
Trying to find Element By : By.xpath: //table/tbody/tr[1]/td[3]/span/a
Found Element By : By.xpath: //table/tbody/tr[1]/td[3]/span/a
Trying to find Element By : By.xpath: //table/tbody/tr[1]/td[3]/span/a
Found Element By : By.xpath: //table/tbody/tr[1]/td[3]/span/a
Trying to find Element By : By.xpath: //table/tbody/tr[1]/td[3]/span/a
Found Element By : By.xpath: //table/tbody/tr[1]/td[3]/span/a
Trying to find Element By : By.xpath: //table/tbody/tr[1]/td[3]/span/a
Found Element By : By.xpath: //table/tbody/tr[1]/td[3]/span/a
Trying to find Element By : By.xpath: //table/tbody/tr[1]/td[3]/span/a
Found Element By : By.xpath: //table/tbody/tr[1]/td[3]/span/a
Trying to find Element By : By.xpath: //table/tbody/tr[1]/td[3]/span/a
Found Element By : By.xpath: //table/tbody/tr[1]/td[3]/span/a
Trying to find Element By : By.xpath: //table/tbody/tr[1]/td[3]/span/a
Found Element By : By.xpath: //table/tbody/tr[1]/td[3]/span/a
Trying to find Element By : By.xpath: //table/tbody/tr[1]/td[3]/span/a
Found Element By : By.xpath: //table/tbody/tr[1]/td[3]/span/a
Trying to find Element By : By.xpath: //table/tbody/tr[1]/td[3]/span/a
Found Element By : By.xpath: //table/tbody/tr[1]/td[3]/span/a
Trying to find Element By : By.xpath: //table/tbody/tr[1]/td[3]/span/a
Found Element By : By.xpath: //table/tbody/tr[1]/td[3]/span/a
Trying to find Element By : By.xpath: //table/tbody/tr[1]/td[3]/span/a
Found Element By : By.xpath: //table/tbody/tr[1]/td[3]/span/a
Trying to find Element By : By.xpath: //table/tbody/tr[1]/td[3]/span/a
Found Element By : By.xpath: //table/tbody/tr[1]/td[3]/span/a
Trying to find Element By : By.xpath: //table/tbody/tr[1]/td[3]/span/a
Found Element By : By.xpath: //table/tbody/tr[1]/td[3]/span/a
Trying to find Element By : By.xpath: //table/tbody/tr[1]/td[3]/span/a
Found Element By : By.xpath: //table/tbody/tr[1]/td[3]/span/a
Trying to find Element By : By.xpath: //table/tbody/tr[1]/td[3]/span/a
Found Element By : By.xpath: //table/tbody/tr[1]/td[3]/span/a
Trying to find Element By : By.xpath: //table/tbody/tr[1]/td[3]/span/a
Found Element By : By.xpath: //table/tbody/tr[1]/td[3]/span/a
Trying to find Element By : By.xpath: //table/tbody/tr[1]/td[3]/span/a
Found Element By : By.xpath: //table/tbody/tr[1]/td[3]/span/a
Trying to find Element By : By.xpath: //table/tbody/tr[1]/td[3]/span/a
Found Element By : By.xpath: //table/tbody/tr[1]/td[3]/span/a
Trying to find Element By : By.xpath: //table/tbody/tr[1]/td[3]/span/a
Found Element By : By.xpath: //table/tbody/tr[1]/td[3]/span/a
Trying to find Element By : By.xpath: //table/tbody/tr[1]/td[3]/span/a
Found Element By : By.xpath: //table/tbody/tr[1]/td[3]/span/a
Trying to find Element By : By.xpath: //table/tbody/tr[1]/td[3]/span/a
Found Element By : By.xpath: //table/tbody/tr[1]/td[3]/span/a
Trying to find Element By : By.xpath: //table/tbody/tr[1]/td[3]/span/a
Found Element By : By.xpath: //table/tbody/tr[1]/td[3]/span/a
Trying to find Element By : By.xpath: //table/tbody/tr[1]/td[3]/span/a
Found Element By : By.xpath: //table/tbody/tr[1]/td[3]/span/a
Trying to find Element By : By.xpath: //table/tbody/tr[1]/td[3]/span/a
Found Element By : By.xpath: //table/tbody/tr[1]/td[3]/span/a
Trying to find Element By : By.xpath: //table/tbody/tr[1]/td[3]/span/a
Found Element By : By.xpath: //table/tbody/tr[1]/td[3]/span/a
Trying to find Element By : By.xpath: //table/tbody/tr[1]/td[3]/span/a
Found Element By : By.xpath: //table/tbody/tr[1]/td[3]/span/a
Trying to find Element By : By.xpath: //table/tbody/tr[1]/td[3]/span/a
Found Element By : By.xpath: //table/tbody/tr[1]/td[3]/span/a
Trying to find Element By : By.xpath: //table/tbody/tr[1]/td[3]/span/a
Found Element By : By.xpath: //table/tbody/tr[1]/td[3]/span/a
Trying to find Element By : By.xpath: //table/tbody/tr[1]/td[3]/span/a
Found Element By : By.xpath: //table/tbody/tr[1]/td[3]/span/a
Trying to find Element By : By.xpath: //table/tbody/tr[1]/td[3]/span/a
Found Element By : By.xpath: //table/tbody/tr[1]/td[3]/span/a
Trying to find Element By : By.xpath: //table/tbody/tr[1]/td[3]/span/a
Found Element By : By.xpath: //table/tbody/tr[1]/td[3]/span/a
Trying to find Element By : By.xpath: //table/tbody/tr[1]/td[3]/span/a
Found Element By : By.xpath: //table/tbody/tr[1]/td[3]/span/a
Trying to find Element By : By.xpath: //table/tbody/tr[1]/td[3]/span/a
Found Element By : By.xpath: //table/tbody/tr[1]/td[3]/span/a
Trying to find Element By : By.xpath: //table/tbody/tr[1]/td[3]/span/a
Found Element By : By.xpath: //table/tbody/tr[1]/td[3]/span/a
Trying to find Element By : By.xpath: //table/tbody/tr[1]/td[3]/span/a
Found Element By : By.xpath: //table/tbody/tr[1]/td[3]/span/a
Trying to find Element By : By.xpath: //table/tbody/tr[1]/td[3]/span/a
Found Element By : By.xpath: //table/tbody/tr[1]/td[3]/span/a
Trying to find Element By : By.xpath: //table/tbody/tr[1]/td[3]/span/a
Found Element By : By.xpath: //table/tbody/tr[1]/td[3]/span/a
Trying to find Element By : By.xpath: //table/tbody/tr[1]/td[3]/span/a
Found Element By : By.xpath: //table/tbody/tr[1]/td[3]/span/a
Trying to find Element By : By.xpath: //table/tbody/tr[1]/td[3]/span/a
Found Element By : By.xpath: //table/tbody/tr[1]/td[3]/span/a
Trying to find Element By : By.xpath: //table/tbody/tr[1]/td[3]/span/a
Found Element By : By.xpath: //table/tbody/tr[1]/td[3]/span/a
Trying to find Element By : By.xpath: //table/tbody/tr[1]/td[3]/span/a
Found Element By : By.xpath: //table/tbody/tr[1]/td[3]/span/a
Trying to find Element By : By.xpath: //table/tbody/tr[1]/td[3]/span/a
Found Element By : By.xpath: //table/tbody/tr[1]/td[3]/span/a
Trying to find Element By : By.xpath: //table/tbody/tr[1]/td[3]/span/a
Found Element By : By.xpath: //table/tbody/tr[1]/td[3]/span/a
Trying to find Element By : By.xpath: //table/tbody/tr[1]/td[3]/span/a
Found Element By : By.xpath: //table/tbody/tr[1]/td[3]/span/a
Trying to find Element By : By.xpath: //table/tbody/tr[1]/td[3]/span/a
Found Element By : By.xpath: //table/tbody/tr[1]/td[3]/span/a
Trying to find Element By : By.xpath: //table/tbody/tr[1]/td[3]/span/a
Found Element By : By.xpath: //table/tbody/tr[1]/td[3]/span/a
Trying to find Element By : By.xpath: //table/tbody/tr[1]/td[3]/span/a
Found Element By : By.xpath: //table/tbody/tr[1]/td[3]/span/a
Trying to find Element By : By.xpath: //table/tbody/tr[1]/td[3]/span/a
Found Element By : By.xpath: //table/tbody/tr[1]/td[3]/span/a
Trying to find Element By : By.xpath: //table/tbody/tr[1]/td[3]/span/a
Found Element By : By.xpath: //table/tbody/tr[1]/td[3]/span/a
Trying to find Element By : By.xpath: //table/tbody/tr[1]/td[3]/span/a
Found Element By : By.xpath: //table/tbody/tr[1]/td[3]/span/a
Trying to find Element By : By.xpath: //table/tbody/tr[1]/td[3]/span/a
Found Element By : By.xpath: //table/tbody/tr[1]/td[3]/span/a
Trying to find Element By : By.xpath: //table/tbody/tr[1]/td[3]/span/a
Found Element By : By.xpath: //table/tbody/tr[1]/td[3]/span/a
Trying to find Element By : By.xpath: //table/tbody/tr[1]/td[3]/span/a
Found Element By : By.xpath: //table/tbody/tr[1]/td[3]/span/a
Trying to find Element By : By.xpath: //table/tbody/tr[1]/td[3]/span/a
Found Element By : By.xpath: //table/tbody/tr[1]/td[3]/span/a
Trying to find Element By : By.xpath: //table/tbody/tr[1]/td[3]/span/a
Found Element By : By.xpath: //table/tbody/tr[1]/td[3]/span/a
Trying to find Element By : By.xpath: //table/tbody/tr[1]/td[3]/span/a
Found Element By : By.xpath: //table/tbody/tr[1]/td[3]/span/a
Trying to find Element By : By.xpath: //table/tbody/tr[1]/td[3]/span/a
Found Element By : By.xpath: //table/tbody/tr[1]/td[3]/span/a
Trying to find Element By : By.xpath: //table/tbody/tr[1]/td[3]/span/a
Found Element By : By.xpath: //table/tbody/tr[1]/td[3]/span/a
Trying to find Element By : By.xpath: //table/tbody/tr[1]/td[3]/span/a
Found Element By : By.xpath: //table/tbody/tr[1]/td[3]/span/a
Trying to find Element By : By.xpath: //table/tbody/tr[1]/td[3]/span/a
Found Element By : By.xpath: //table/tbody/tr[1]/td[3]/span/a
Trying to find Element By : By.xpath: //table/tbody/tr[1]/td[3]/span/a
Found Element By : By.xpath: //table/tbody/tr[1]/td[3]/span/a
Trying to find Element By : By.xpath: //table/tbody/tr[1]/td[3]/span/a
Found Element By : By.xpath: //table/tbody/tr[1]/td[3]/span/a
Trying to find Element By : By.xpath: //table/tbody/tr[1]/td[3]/span/a
Found Element By : By.xpath: //table/tbody/tr[1]/td[3]/span/a
Trying to find Element By : By.xpath: //table/tbody/tr[1]/td[3]/span/a
Found Element By : By.xpath: //table/tbody/tr[1]/td[3]/span/a
Trying to find Element By : By.xpath: //table/tbody/tr[1]/td[3]/span/a
Found Element By : By.xpath: //table/tbody/tr[1]/td[3]/span/a
Trying to find Element By : By.xpath: //table/tbody/tr[1]/td[3]/span/a
Found Element By : By.xpath: //table/tbody/tr[1]/td[3]/span/a
Trying to find Element By : By.xpath: //table/tbody/tr[1]/td[3]/span/a
Found Element By : By.xpath: //table/tbody/tr[1]/td[3]/span/a
Trying to find Element By : By.xpath: //table/tbody/tr[1]/td[3]/span/a
Found Element By : By.xpath: //table/tbody/tr[1]/td[3]/span/a
Trying to find Element By : By.xpath: //table/tbody/tr[1]/td[3]/span/a
Found Element By : By.xpath: //table/tbody/tr[1]/td[3]/span/a
Trying to find Element By : By.xpath: //table/tbody/tr[1]/td[3]/span/a
Found Element By : By.xpath: //table/tbody/tr[1]/td[3]/span/a
Trying to find Element By : By.xpath: //table/tbody/tr[1]/td[3]/span/a
Found Element By : By.xpath: //table/tbody/tr[1]/td[3]/span/a
Trying to find Element By : By.xpath: //table/tbody/tr[1]/td[3]/span/a
Found Element By : By.xpath: //table/tbody/tr[1]/td[3]/span/a
Trying to find Element By : By.xpath: //table/tbody/tr[1]/td[3]/span/a
Found Element By : By.xpath: //table/tbody/tr[1]/td[3]/span/a
Trying to find Element By : By.xpath: //table/tbody/tr[1]/td[3]/span/a
Found Element By : By.xpath: //table/tbody/tr[1]/td[3]/span/a
Trying to find Element By : By.xpath: //table/tbody/tr[1]/td[3]/span/a
Found Element By : By.xpath: //table/tbody/tr[1]/td[3]/span/a
Trying to find Element By : By.xpath: //table/tbody/tr[1]/td[3]/span/a
Found Element By : By.xpath: //table/tbody/tr[1]/td[3]/span/a
Trying to find Element By : By.xpath: //table/tbody/tr[1]/td[3]/span/a
Found Element By : By.xpath: //table/tbody/tr[1]/td[3]/span/a
Trying to find Element By : By.xpath: //table/tbody/tr[1]/td[3]/span/a
Found Element By : By.xpath: //table/tbody/tr[1]/td[3]/span/a
Trying to find Element By : By.xpath: //table/tbody/tr[1]/td[3]/span/a
Found Element By : By.xpath: //table/tbody/tr[1]/td[3]/span/a
Trying to find Element By : By.xpath: //table/tbody/tr[1]/td[3]/span/a
Found Element By : By.xpath: //table/tbody/tr[1]/td[3]/span/a
Trying to find Element By : By.xpath: //table/tbody/tr[1]/td[3]/span/a
Found Element By : By.xpath: //table/tbody/tr[1]/td[3]/span/a
Trying to find Element By : By.xpath: //table/tbody/tr[1]/td[3]/span/a
Found Element By : By.xpath: //table/tbody/tr[1]/td[3]/span/a
Trying to find Element By : By.xpath: //table/tbody/tr[1]/td[3]/span/a
Found Element By : By.xpath: //table/tbody/tr[1]/td[3]/span/a
Trying to find Element By : By.xpath: //table/tbody/tr[1]/td[3]/span/a
Found Element By : By.xpath: //table/tbody/tr[1]/td[3]/span/a
Trying to find Element By : By.xpath: //table/tbody/tr[1]/td[3]/span/a
Found Element By : By.xpath: //table/tbody/tr[1]/td[3]/span/a
Trying to find Element By : By.xpath: //table/tbody/tr[1]/td[3]/span/a
Found Element By : By.xpath: //table/tbody/tr[1]/td[3]/span/a
Trying to find Element By : By.xpath: //table/tbody/tr[1]/td[3]/span/a
Found Element By : By.xpath: //table/tbody/tr[1]/td[3]/span/a
Trying to find Element By : By.xpath: //table/tbody/tr[1]/td[3]/span/a
Found Element By : By.xpath: //table/tbody/tr[1]/td[3]/span/a
Trying to find Element By : By.xpath: //table/tbody/tr[1]/td[3]/span/a
Found Element By : By.xpath: //table/tbody/tr[1]/td[3]/span/a
Trying to find Element By : By.xpath: //table/tbody/tr[1]/td[3]/span/a
Found Element By : By.xpath: //table/tbody/tr[1]/td[3]/span/a
Trying to find Element By : By.xpath: //table/tbody/tr[1]/td[3]/span/a
Found Element By : By.xpath: //table/tbody/tr[1]/td[3]/span/a
Trying to find Element By : By.xpath: //table/tbody/tr[1]/td[3]/span/a
Found Element By : By.xpath: //table/tbody/tr[1]/td[3]/span/a
Trying to find Element By : By.xpath: //table/tbody/tr[1]/td[3]/span/a
Found Element By : By.xpath: //table/tbody/tr[1]/td[3]/span/a
Trying to find Element By : By.xpath: //table/tbody/tr[1]/td[3]/span/a
Found Element By : By.xpath: //table/tbody/tr[1]/td[3]/span/a
Trying to find Element By : By.xpath: //table/tbody/tr[1]/td[3]/span/a
Found Element By : By.xpath: //table/tbody/tr[1]/td[3]/span/a
Trying to find Element By : By.xpath: //table/tbody/tr[1]/td[3]/span/a
Found Element By : By.xpath: //table/tbody/tr[1]/td[3]/span/a
Trying to find Element By : By.xpath: //table/tbody/tr[1]/td[3]/span/a
Found Element By : By.xpath: //table/tbody/tr[1]/td[3]/span/a
Trying to find Element By : By.xpath: //table/tbody/tr[1]/td[3]/span/a
Found Element By : By.xpath: //table/tbody/tr[1]/td[3]/span/a
Trying to find Element By : By.xpath: //table/tbody/tr[1]/td[3]/span/a
Found Element By : By.xpath: //table/tbody/tr[1]/td[3]/span/a
Trying to find Element By : By.xpath: //table/tbody/tr[1]/td[3]/span/a
Found Element By : By.xpath: //table/tbody/tr[1]/td[3]/span/a
Trying to find Element By : By.xpath: //table/tbody/tr[1]/td[3]/span/a
Found Element By : By.xpath: //table/tbody/tr[1]/td[3]/span/a
Trying to find Element By : By.xpath: //table/tbody/tr[1]/td[3]/span/a
Found Element By : By.xpath: //table/tbody/tr[1]/td[3]/span/a
Trying to find Element By : By.xpath: //table/tbody/tr[1]/td[3]/span/a
Found Element By : By.xpath: //table/tbody/tr[1]/td[3]/span/a
Trying to find Element By : By.xpath: //table/tbody/tr[1]/td[3]/span/a
Found Element By : By.xpath: //table/tbody/tr[1]/td[3]/span/a
Trying to find Element By : By.xpath: //table/tbody/tr[1]/td[3]/span/a
Found Element By : By.xpath: //table/tbody/tr[1]/td[3]/span/a
Trying to find Element By : By.xpath: //table/tbody/tr[1]/td[3]/span/a
Found Element By : By.xpath: //table/tbody/tr[1]/td[3]/span/a
Trying to find Element By : By.xpath: //table/tbody/tr[1]/td[3]/span/a
Found Element By : By.xpath: //table/tbody/tr[1]/td[3]/span/a
Trying to find Element By : By.xpath: //table/tbody/tr[1]/td[3]/span/a
Found Element By : By.xpath: //table/tbody/tr[1]/td[3]/span/a
Trying to find Element By : By.xpath: //table/tbody/tr[1]/td[3]/span/a
Found Element By : By.xpath: //table/tbody/tr[1]/td[3]/span/a
Trying to find Element By : By.xpath: //table/tbody/tr[1]/td[3]/span/a
Found Element By : By.xpath: //table/tbody/tr[1]/td[3]/span/a
Trying to find Element By : By.xpath: //table/tbody/tr[1]/td[3]/span/a
Found Element By : By.xpath: //table/tbody/tr[1]/td[3]/span/a
Trying to find Element By : By.xpath: //table/tbody/tr[1]/td[3]/span/a
Found Element By : By.xpath: //table/tbody/tr[1]/td[3]/span/a
Trying to find Element By : By.xpath: //table/tbody/tr[1]/td[3]/span/a
Found Element By : By.xpath: //table/tbody/tr[1]/td[3]/span/a
Trying to find Element By : By.xpath: //table/tbody/tr[1]/td[3]/span/a
Found Element By : By.xpath: //table/tbody/tr[1]/td[3]/span/a
Trying to find Element By : By.xpath: //table/tbody/tr[1]/td[3]/span/a
Found Element By : By.xpath: //table/tbody/tr[1]/td[3]/span/a
Trying to find Element By : By.xpath: //table/tbody/tr[1]/td[3]/span/a
Found Element By : By.xpath: //table/tbody/tr[1]/td[3]/span/a
Trying to find Element By : By.xpath: //table/tbody/tr[1]/td[3]/span/a
Found Element By : By.xpath: //table/tbody/tr[1]/td[3]/span/a
Trying to find Element By : By.xpath: //table/tbody/tr[1]/td[3]/span/a
Found Element By : By.xpath: //table/tbody/tr[1]/td[3]/span/a
Trying to find Element By : By.xpath: //table/tbody/tr[1]/td[3]/span/a
Found Element By : By.xpath: //table/tbody/tr[1]/td[3]/span/a
Trying to find Element By : By.xpath: //table/tbody/tr[1]/td[3]/span/a
Found Element By : By.xpath: //table/tbody/tr[1]/td[3]/span/a
Trying to find Element By : By.xpath: //table/tbody/tr[1]/td[3]/span/a
Found Element By : By.xpath: //table/tbody/tr[1]/td[3]/span/a
Trying to find Element By : By.xpath: //table/tbody/tr[1]/td[3]/span/a
Found Element By : By.xpath: //table/tbody/tr[1]/td[3]/span/a
Trying to find Element By : By.xpath: //table/tbody/tr[1]/td[3]/span/a
Found Element By : By.xpath: //table/tbody/tr[1]/td[3]/span/a
Trying to find Element By : By.xpath: //table/tbody/tr[1]/td[3]/span/a
Found Element By : By.xpath: //table/tbody/tr[1]/td[3]/span/a
Trying to find Element By : By.xpath: //table/tbody/tr[1]/td[3]/span/a
Found Element By : By.xpath: //table/tbody/tr[1]/td[3]/span/a
Trying to find Element By : By.xpath: //table/tbody/tr[1]/td[3]/span/a
Found Element By : By.xpath: //table/tbody/tr[1]/td[3]/span/a
Trying to find Element By : By.xpath: //table/tbody/tr[1]/td[3]/span/a
Found Element By : By.xpath: //table/tbody/tr[1]/td[3]/span/a
Trying to find Element By : By.xpath: //table/tbody/tr[1]/td[3]/span/a
Found Element By : By.xpath: //table/tbody/tr[1]/td[3]/span/a
Trying to find Element By : By.xpath: //table/tbody/tr[1]/td[3]/span/a
Found Element By : By.xpath: //table/tbody/tr[1]/td[3]/span/a
Trying to find Element By : By.xpath: //table/tbody/tr[1]/td[3]/span/a
Found Element By : By.xpath: //table/tbody/tr[1]/td[3]/span/a
Trying to find Element By : By.xpath: //table/tbody/tr[1]/td[3]/span/a
Found Element By : By.xpath: //table/tbody/tr[1]/td[3]/span/a
Trying to find Element By : By.xpath: //table/tbody/tr[1]/td[3]/span/a
Found Element By : By.xpath: //table/tbody/tr[1]/td[3]/span/a
Trying to find Element By : By.xpath: //table/tbody/tr[1]/td[3]/span/a
Found Element By : By.xpath: //table/tbody/tr[1]/td[3]/span/a
Trying to find Element By : By.xpath: //table/tbody/tr[1]/td[3]/span/a
Found Element By : By.xpath: //table/tbody/tr[1]/td[3]/span/a
Trying to find Element By : By.xpath: //table/tbody/tr[1]/td[3]/span/a
Found Element By : By.xpath: //table/tbody/tr[1]/td[3]/span/a
Trying to find Element By : By.xpath: //table/tbody/tr[1]/td[3]/span/a
Found Element By : By.xpath: //table/tbody/tr[1]/td[3]/span/a
Trying to find Element By : By.xpath: //table/tbody/tr[1]/td[3]/span/a
Found Element By : By.xpath: //table/tbody/tr[1]/td[3]/span/a
Trying to find Element By : By.xpath: //table/tbody/tr[1]/td[3]/span/a
Found Element By : By.xpath: //table/tbody/tr[1]/td[3]/span/a
Trying to find Element By : By.xpath: //table/tbody/tr[1]/td[3]/span/a
Found Element By : By.xpath: //table/tbody/tr[1]/td[3]/span/a
Trying to find Element By : By.xpath: //table/tbody/tr[1]/td[3]/span/a
Found Element By : By.xpath: //table/tbody/tr[1]/td[3]/span/a
Trying to find Element By : By.xpath: //table/tbody/tr[1]/td[3]/span/a
Found Element By : By.xpath: //table/tbody/tr[1]/td[3]/span/a
Trying to find Element By : By.xpath: //table/tbody/tr[1]/td[3]/span/a
Found Element By : By.xpath: //table/tbody/tr[1]/td[3]/span/a
Trying to find Element By : By.xpath: //table/tbody/tr[1]/td[3]/span/a
Found Element By : By.xpath: //table/tbody/tr[1]/td[3]/span/a
Trying to find Element By : By.xpath: //table/tbody/tr[1]/td[3]/span/a
Found Element By : By.xpath: //table/tbody/tr[1]/td[3]/span/a
Trying to find Element By : By.xpath: //table/tbody/tr[1]/td[3]/span/a
Found Element By : By.xpath: //table/tbody/tr[1]/td[3]/span/a
Trying to find Element By : By.xpath: //table/tbody/tr[1]/td[3]/span/a
Found Element By : By.xpath: //table/tbody/tr[1]/td[3]/span/a
Trying to find Element By : By.xpath: //table/tbody/tr[1]/td[3]/span/a
Found Element By : By.xpath: //table/tbody/tr[1]/td[3]/span/a
Trying to find Element By : By.xpath: //table/tbody/tr[1]/td[3]/span/a
Found Element By : By.xpath: //table/tbody/tr[1]/td[3]/span/a
Trying to find Element By : By.xpath: //table/tbody/tr[1]/td[3]/span/a
Found Element By : By.xpath: //table/tbody/tr[1]/td[3]/span/a
Trying to find Element By : By.xpath: //table/tbody/tr[1]/td[3]/span/a
Found Element By : By.xpath: //table/tbody/tr[1]/td[3]/span/a
Trying to find Element By : By.xpath: //table/tbody/tr[1]/td[3]/span/a
Found Element By : By.xpath: //table/tbody/tr[1]/td[3]/span/a
Trying to find Element By : By.xpath: //table/tbody/tr[1]/td[3]/span/a
Found Element By : By.xpath: //table/tbody/tr[1]/td[3]/span/a
Trying to find Element By : By.xpath: //table/tbody/tr[1]/td[3]/span/a
Found Element By : By.xpath: //table/tbody/tr[1]/td[3]/span/a
Trying to find Element By : By.xpath: //table/tbody/tr[1]/td[3]/span/a
Found Element By : By.xpath: //table/tbody/tr[1]/td[3]/span/a
Trying to find Element By : By.xpath: //table/tbody/tr[1]/td[3]/span/a
Found Element By : By.xpath: //table/tbody/tr[1]/td[3]/span/a
Trying to find Element By : By.xpath: //table/tbody/tr[1]/td[3]/span/a
Found Element By : By.xpath: //table/tbody/tr[1]/td[3]/span/a
Trying to find Element By : By.xpath: //table/tbody/tr[1]/td[3]/span/a
Found Element By : By.xpath: //table/tbody/tr[1]/td[3]/span/a
Trying to find Element By : By.xpath: //table/tbody/tr[1]/td[3]/span/a
Found Element By : By.xpath: //table/tbody/tr[1]/td[3]/span/a
Trying to find Element By : By.xpath: //table/tbody/tr[1]/td[3]/span/a
Found Element By : By.xpath: //table/tbody/tr[1]/td[3]/span/a
Trying to find Element By : By.xpath: //table/tbody/tr[1]/td[3]/span/a
Found Element By : By.xpath: //table/tbody/tr[1]/td[3]/span/a
Trying to find Element By : By.xpath: //table/tbody/tr[1]/td[3]/span/a
Found Element By : By.xpath: //table/tbody/tr[1]/td[3]/span/a
Trying to find Element By : By.xpath: //table/tbody/tr[1]/td[3]/span/a
Found Element By : By.xpath: //table/tbody/tr[1]/td[3]/span/a
Trying to find Element By : By.xpath: //table/tbody/tr[1]/td[3]/span/a
Found Element By : By.xpath: //table/tbody/tr[1]/td[3]/span/a
Trying to find Element By : By.xpath: //table/tbody/tr[1]/td[3]/span/a
Found Element By : By.xpath: //table/tbody/tr[1]/td[3]/span/a
Trying to find Element By : By.xpath: //table/tbody/tr[1]/td[3]/span/a
Found Element By : By.xpath: //table/tbody/tr[1]/td[3]/span/a
Trying to find Element By : By.xpath: //table/tbody/tr[1]/td[3]/span/a
Found Element By : By.xpath: //table/tbody/tr[1]/td[3]/span/a
Trying to find Element By : By.xpath: //table/tbody/tr[1]/td[3]/span/a
Found Element By : By.xpath: //table/tbody/tr[1]/td[3]/span/a
Trying to find Element By : By.xpath: //table/tbody/tr[1]/td[3]/span/a
Found Element By : By.xpath: //table/tbody/tr[1]/td[3]/span/a
Trying to find Element By : By.xpath: //table/tbody/tr[1]/td[3]/span/a
Found Element By : By.xpath: //table/tbody/tr[1]/td[3]/span/a
Trying to find Element By : By.xpath: //table/tbody/tr[1]/td[3]/span/a
Found Element By : By.xpath: //table/tbody/tr[1]/td[3]/span/a
Trying to find Element By : By.xpath: //table/tbody/tr[1]/td[3]/span/a
Found Element By : By.xpath: //table/tbody/tr[1]/td[3]/span/a
Trying to find Element By : By.xpath: //table/tbody/tr[1]/td[3]/span/a
Found Element By : By.xpath: //table/tbody/tr[1]/td[3]/span/a
Trying to find Element By : By.xpath: //table/tbody/tr[1]/td[3]/span/a
Found Element By : By.xpath: //table/tbody/tr[1]/td[3]/span/a
Trying to find Element By : By.xpath: //table/tbody/tr[1]/td[3]/span/a
Found Element By : By.xpath: //table/tbody/tr[1]/td[3]/span/a
Trying to find Element By : By.xpath: //table/tbody/tr[1]/td[3]/span/a
Found Element By : By.xpath: //table/tbody/tr[1]/td[3]/span/a
Trying to find Element By : By.xpath: //table/tbody/tr[1]/td[3]/span/a
Found Element By : By.xpath: //table/tbody/tr[1]/td[3]/span/a
Trying to find Element By : By.xpath: //table/tbody/tr[1]/td[3]/span/a
Found Element By : By.xpath: //table/tbody/tr[1]/td[3]/span/a
Trying to find Element By : By.xpath: //table/tbody/tr[1]/td[3]/span/a
Found Element By : By.xpath: //table/tbody/tr[1]/td[3]/span/a
Trying to find Element By : By.xpath: //table/tbody/tr[1]/td[3]/span/a
Found Element By : By.xpath: //table/tbody/tr[1]/td[3]/span/a
Trying to find Element By : By.xpath: //table/tbody/tr[1]/td[3]/span/a
Found Element By : By.xpath: //table/tbody/tr[1]/td[3]/span/a
Trying to find Element By : By.xpath: //table/tbody/tr[1]/td[3]/span/a
Found Element By : By.xpath: //table/tbody/tr[1]/td[3]/span/a
Trying to find Element By : By.xpath: //table/tbody/tr[1]/td[3]/span/a
Found Element By : By.xpath: //table/tbody/tr[1]/td[3]/span/a
Trying to find Element By : By.xpath: //table/tbody/tr[1]/td[3]/span/a
Found Element By : By.xpath: //table/tbody/tr[1]/td[3]/span/a
Trying to find Element By : By.xpath: //table/tbody/tr[1]/td[3]/span/a
Found Element By : By.xpath: //table/tbody/tr[1]/td[3]/span/a
Trying to find Element By : By.xpath: //table/tbody/tr[1]/td[3]/span/a
Found Element By : By.xpath: //table/tbody/tr[1]/td[3]/span/a
Trying to find Element By : By.xpath: //table/tbody/tr[1]/td[3]/span/a
Found Element By : By.xpath: //table/tbody/tr[1]/td[3]/span/a
Trying to find Element By : By.xpath: //table/tbody/tr[1]/td[3]/span/a
Found Element By : By.xpath: //table/tbody/tr[1]/td[3]/span/a
Trying to find Element By : By.xpath: //table/tbody/tr[1]/td[3]/span/a
Found Element By : By.xpath: //table/tbody/tr[1]/td[3]/span/a
Trying to find Element By : By.xpath: //table/tbody/tr[1]/td[3]/span/a
Found Element By : By.xpath: //table/tbody/tr[1]/td[3]/span/a
Trying to find Element By : By.xpath: //table/tbody/tr[1]/td[3]/span/a
Found Element By : By.xpath: //table/tbody/tr[1]/td[3]/span/a
Trying to find Element By : By.xpath: //table/tbody/tr[1]/td[3]/span/a
Found Element By : By.xpath: //table/tbody/tr[1]/td[3]/span/a
Trying to find Element By : By.xpath: //table/tbody/tr[1]/td[3]/span/a
Found Element By : By.xpath: //table/tbody/tr[1]/td[3]/span/a
Trying to find Element By : By.xpath: //table/tbody/tr[1]/td[3]/span/a
Found Element By : By.xpath: //table/tbody/tr[1]/td[3]/span/a
Trying to find Element By : By.xpath: //table/tbody/tr[1]/td[3]/span/a
Found Element By : By.xpath: //table/tbody/tr[1]/td[3]/span/a
Trying to find Element By : By.xpath: //table/tbody/tr[1]/td[3]/span/a
Found Element By : By.xpath: //table/tbody/tr[1]/td[3]/span/a
Trying to find Element By : By.xpath: //table/tbody/tr[1]/td[3]/span/a
Found Element By : By.xpath: //table/tbody/tr[1]/td[3]/span/a
Trying to find Element By : By.xpath: //table/tbody/tr[1]/td[3]/span/a
Found Element By : By.xpath: //table/tbody/tr[1]/td[3]/span/a
Trying to find Element By : By.xpath: //table/tbody/tr[1]/td[3]/span/a
Found Element By : By.xpath: //table/tbody/tr[1]/td[3]/span/a
Trying to find Element By : By.xpath: //table/tbody/tr[1]/td[3]/span/a
Found Element By : By.xpath: //table/tbody/tr[1]/td[3]/span/a
Trying to find Element By : By.xpath: //table/tbody/tr[1]/td[3]/span/a
Found Element By : By.xpath: //table/tbody/tr[1]/td[3]/span/a
Trying to find Element By : By.xpath: //table/tbody/tr[1]/td[3]/span/a
Found Element By : By.xpath: //table/tbody/tr[1]/td[3]/span/a
Trying to find Element By : By.xpath: //table/tbody/tr[1]/td[3]/span/a
Found Element By : By.xpath: //table/tbody/tr[1]/td[3]/span/a
Trying to find Element By : By.xpath: //table/tbody/tr[1]/td[3]/span/a
Found Element By : By.xpath: //table/tbody/tr[1]/td[3]/span/a
Trying to find Element By : By.xpath: //table/tbody/tr[1]/td[3]/span/a
Found Element By : By.xpath: //table/tbody/tr[1]/td[3]/span/a
Trying to find Element By : By.xpath: //table/tbody/tr[1]/td[3]/span/a
Found Element By : By.xpath: //table/tbody/tr[1]/td[3]/span/a
Trying to find Element By : By.xpath: //table/tbody/tr[1]/td[3]/span/a
Found Element By : By.xpath: //table/tbody/tr[1]/td[3]/span/a
Trying to find Element By : By.xpath: //table/tbody/tr[1]/td[3]/span/a
Found Element By : By.xpath: //table/tbody/tr[1]/td[3]/span/a
Trying to find Element By : By.xpath: //table/tbody/tr[1]/td[3]/span/a
Found Element By : By.xpath: //table/tbody/tr[1]/td[3]/span/a
Trying to find Element By : By.xpath: //table/tbody/tr[1]/td[3]/span/a
Found Element By : By.xpath: //table/tbody/tr[1]/td[3]/span/a
Trying to find Element By : By.xpath: //table/tbody/tr[1]/td[3]/span/a
Found Element By : By.xpath: //table/tbody/tr[1]/td[3]/span/a
Trying to find Element By : By.xpath: //table/tbody/tr[1]/td[3]/span/a
Found Element By : By.xpath: //table/tbody/tr[1]/td[3]/span/a
Trying to find Element By : By.xpath: //table/tbody/tr[1]/td[3]/span/a
Found Element By : By.xpath: //table/tbody/tr[1]/td[3]/span/a
Trying to find Element By : By.xpath: //table/tbody/tr[1]/td[3]/span/a
Found Element By : By.xpath: //table/tbody/tr[1]/td[3]/span/a
Trying to find Element By : By.xpath: //table/tbody/tr[1]/td[3]/span/a
Found Element By : By.xpath: //table/tbody/tr[1]/td[3]/span/a
Trying to find Element By : By.xpath: //table/tbody/tr[1]/td[3]/span/a
Found Element By : By.xpath: //table/tbody/tr[1]/td[3]/span/a
Trying to find Element By : By.xpath: //table/tbody/tr[1]/td[3]/span/a
Found Element By : By.xpath: //table/tbody/tr[1]/td[3]/span/a
Trying to find Element By : By.xpath: //table/tbody/tr[1]/td[3]/span/a
Found Element By : By.xpath: //table/tbody/tr[1]/td[3]/span/a
Trying to find Element By : By.xpath: //table/tbody/tr[1]/td[3]/span/a
Found Element By : By.xpath: //table/tbody/tr[1]/td[3]/span/a
Trying to find Element By : By.xpath: //table/tbody/tr[1]/td[3]/span/a
Found Element By : By.xpath: //table/tbody/tr[1]/td[3]/span/a
Trying to find Element By : By.xpath: //table/tbody/tr[1]/td[3]/span/a
Found Element By : By.xpath: //table/tbody/tr[1]/td[3]/span/a
Trying to find Element By : By.xpath: //table/tbody/tr[1]/td[3]/span/a
Found Element By : By.xpath: //table/tbody/tr[1]/td[3]/span/a
Trying to find Element By : By.xpath: //table/tbody/tr[1]/td[3]/span/a
Found Element By : By.xpath: //table/tbody/tr[1]/td[3]/span/a
Trying to find Element By : By.xpath: //table/tbody/tr[1]/td[3]/span/a
Found Element By : By.xpath: //table/tbody/tr[1]/td[3]/span/a
Trying to find Element By : By.xpath: //table/tbody/tr[1]/td[3]/span/a
Found Element By : By.xpath: //table/tbody/tr[1]/td[3]/span/a
Trying to find Element By : By.xpath: //table/tbody/tr[1]/td[3]/span/a
Found Element By : By.xpath: //table/tbody/tr[1]/td[3]/span/a
Trying to find Element By : By.xpath: //table/tbody/tr[1]/td[3]/span/a
Found Element By : By.xpath: //table/tbody/tr[1]/td[3]/span/a
Trying to find Element By : By.xpath: //table/tbody/tr[1]/td[3]/span/a
Found Element By : By.xpath: //table/tbody/tr[1]/td[3]/span/a
Trying to find Element By : By.xpath: //table/tbody/tr[1]/td[3]/span/a
Found Element By : By.xpath: //table/tbody/tr[1]/td[3]/span/a
Trying to find Element By : By.xpath: //table/tbody/tr[1]/td[3]/span/a
Found Element By : By.xpath: //table/tbody/tr[1]/td[3]/span/a
Trying to find Element By : By.xpath: //table/tbody/tr[1]/td[3]/span/a
Found Element By : By.xpath: //table/tbody/tr[1]/td[3]/span/a
Trying to find Element By : By.xpath: //table/tbody/tr[1]/td[3]/span/a
Found Element By : By.xpath: //table/tbody/tr[1]/td[3]/span/a
Trying to find Element By : By.xpath: //table/tbody/tr[1]/td[3]/span/a
Found Element By : By.xpath: //table/tbody/tr[1]/td[3]/span/a
Trying to find Element By : By.xpath: //table/tbody/tr[1]/td[3]/span/a
Found Element By : By.xpath: //table/tbody/tr[1]/td[3]/span/a
Trying to find Element By : By.xpath: //table/tbody/tr[1]/td[3]/span/a
Found Element By : By.xpath: //table/tbody/tr[1]/td[3]/span/a
Trying to find Element By : By.xpath: //table/tbody/tr[1]/td[3]/span/a
Found Element By : By.xpath: //table/tbody/tr[1]/td[3]/span/a
Trying to find Element By : By.xpath: //table/tbody/tr[1]/td[3]/span/a
Found Element By : By.xpath: //table/tbody/tr[1]/td[3]/span/a
Trying to find Element By : By.xpath: //table/tbody/tr[1]/td[3]/span/a
Found Element By : By.xpath: //table/tbody/tr[1]/td[3]/span/a
Trying to find Element By : By.xpath: //table/tbody/tr[1]/td[3]/span/a
Found Element By : By.xpath: //table/tbody/tr[1]/td[3]/span/a
Trying to find Element By : By.xpath: //table/tbody/tr[1]/td[3]/span/a
Found Element By : By.xpath: //table/tbody/tr[1]/td[3]/span/a
Trying to find Element By : By.xpath: //table/tbody/tr[1]/td[3]/span/a
Found Element By : By.xpath: //table/tbody/tr[1]/td[3]/span/a
Trying to find Element By : By.xpath: //table/tbody/tr[1]/td[3]/span/a
Found Element By : By.xpath: //table/tbody/tr[1]/td[3]/span/a
Trying to find Element By : By.xpath: //table/tbody/tr[1]/td[3]/span/a
Found Element By : By.xpath: //table/tbody/tr[1]/td[3]/span/a
Trying to find Element By : By.xpath: //table/tbody/tr[1]/td[3]/span/a
Found Element By : By.xpath: //table/tbody/tr[1]/td[3]/span/a
Trying to find Element By : By.xpath: //table/tbody/tr[1]/td[3]/span/a
Found Element By : By.xpath: //table/tbody/tr[1]/td[3]/span/a
Trying to find Element By : By.xpath: //table/tbody/tr[1]/td[3]/span/a
Found Element By : By.xpath: //table/tbody/tr[1]/td[3]/span/a
Trying to find Element By : By.xpath: //table/tbody/tr[1]/td[3]/span/a
Found Element By : By.xpath: //table/tbody/tr[1]/td[3]/span/a
Trying to find Element By : By.xpath: //table/tbody/tr[1]/td[3]/span/a
Found Element By : By.xpath: //table/tbody/tr[1]/td[3]/span/a
Trying to find Element By : By.xpath: //table/tbody/tr[1]/td[3]/span/a
Found Element By : By.xpath: //table/tbody/tr[1]/td[3]/span/a
Trying to find Element By : By.xpath: //table/tbody/tr[1]/td[3]/span/a
Found Element By : By.xpath: //table/tbody/tr[1]/td[3]/span/a
Trying to find Element By : By.xpath: //table/tbody/tr[1]/td[3]/span/a
Found Element By : By.xpath: //table/tbody/tr[1]/td[3]/span/a
Trying to find Element By : By.xpath: //table/tbody/tr[1]/td[3]/span/a
Found Element By : By.xpath: //table/tbody/tr[1]/td[3]/span/a
Trying to find Element By : By.xpath: //table/tbody/tr[1]/td[3]/span/a
Found Element By : By.xpath: //table/tbody/tr[1]/td[3]/span/a
Trying to find Element By : By.xpath: //table/tbody/tr[1]/td[3]/span/a
Found Element By : By.xpath: //table/tbody/tr[1]/td[3]/span/a
Trying to find Element By : By.xpath: //table/tbody/tr[1]/td[3]/span/a
Found Element By : By.xpath: //table/tbody/tr[1]/td[3]/span/a
Trying to find Element By : By.xpath: //table/tbody/tr[1]/td[3]/span/a
Found Element By : By.xpath: //table/tbody/tr[1]/td[3]/span/a
Trying to find Element By : By.xpath: //table/tbody/tr[1]/td[3]/span/a
Found Element By : By.xpath: //table/tbody/tr[1]/td[3]/span/a
Trying to find Element By : By.xpath: //table/tbody/tr[1]/td[3]/span/a
Found Element By : By.xpath: //table/tbody/tr[1]/td[3]/span/a
Trying to find Element By : By.xpath: //table/tbody/tr[1]/td[3]/span/a
Found Element By : By.xpath: //table/tbody/tr[1]/td[3]/span/a
Trying to find Element By : By.xpath: //table/tbody/tr[1]/td[3]/span/a
Found Element By : By.xpath: //table/tbody/tr[1]/td[3]/span/a
Trying to find Element By : By.xpath: //table/tbody/tr[1]/td[3]/span/a
Found Element By : By.xpath: //table/tbody/tr[1]/td[3]/span/a
Trying to find Element By : By.xpath: //table/tbody/tr[1]/td[3]/span/a
Found Element By : By.xpath: //table/tbody/tr[1]/td[3]/span/a
Trying to find Element By : By.xpath: //table/tbody/tr[1]/td[3]/span/a
Found Element By : By.xpath: //table/tbody/tr[1]/td[3]/span/a
Trying to find Element By : By.xpath: //table/tbody/tr[1]/td[3]/span/a
Found Element By : By.xpath: //table/tbody/tr[1]/td[3]/span/a
Trying to find Element By : By.xpath: //table/tbody/tr[1]/td[3]/span/a
Found Element By : By.xpath: //table/tbody/tr[1]/td[3]/span/a
Trying to find Element By : By.xpath: //table/tbody/tr[1]/td[3]/span/a
Found Element By : By.xpath: //table/tbody/tr[1]/td[3]/span/a
Trying to find Element By : By.xpath: //table/tbody/tr[1]/td[3]/span/a
Found Element By : By.xpath: //table/tbody/tr[1]/td[3]/span/a
Trying to find Element By : By.xpath: //table/tbody/tr[1]/td[3]/span/a
Found Element By : By.xpath: //table/tbody/tr[1]/td[3]/span/a
Trying to find Element By : By.xpath: //table/tbody/tr[1]/td[3]/span/a
Found Element By : By.xpath: //table/tbody/tr[1]/td[3]/span/a
Trying to find Element By : By.xpath: //table/tbody/tr[1]/td[3]/span/a
Found Element By : By.xpath: //table/tbody/tr[1]/td[3]/span/a
Trying to find Element By : By.xpath: //table/tbody/tr[1]/td[3]/span/a
Found Element By : By.xpath: //table/tbody/tr[1]/td[3]/span/a
Trying to find Element By : By.xpath: //table/tbody/tr[1]/td[3]/span/a
Found Element By : By.xpath: //table/tbody/tr[1]/td[3]/span/a
Trying to find Element By : By.xpath: //table/tbody/tr[1]/td[3]/span/a
Found Element By : By.xpath: //table/tbody/tr[1]/td[3]/span/a
Trying to find Element By : By.xpath: //table/tbody/tr[1]/td[3]/span/a
Found Element By : By.xpath: //table/tbody/tr[1]/td[3]/span/a
Trying to find Element By : By.xpath: //table/tbody/tr[1]/td[3]/span/a
Found Element By : By.xpath: //table/tbody/tr[1]/td[3]/span/a
Trying to find Element By : By.xpath: //table/tbody/tr[1]/td[3]/span/a
Found Element By : By.xpath: //table/tbody/tr[1]/td[3]/span/a
Trying to find Element By : By.xpath: //table/tbody/tr[1]/td[3]/span/a
Found Element By : By.xpath: //table/tbody/tr[1]/td[3]/span/a
Trying to find Element By : By.xpath: //table/tbody/tr[1]/td[3]/span/a
Found Element By : By.xpath: //table/tbody/tr[1]/td[3]/span/a
Trying to find Element By : By.xpath: //table/tbody/tr[1]/td[3]/span/a
Found Element By : By.xpath: //table/tbody/tr[1]/td[3]/span/a
Trying to find Element By : By.xpath: //table/tbody/tr[1]/td[3]/span/a
Found Element By : By.xpath: //table/tbody/tr[1]/td[3]/span/a
Trying to find Element By : By.xpath: //table/tbody/tr[1]/td[3]/span/a
Found Element By : By.xpath: //table/tbody/tr[1]/td[3]/span/a
Trying to find Element By : By.xpath: //table/tbody/tr[1]/td[3]/span/a
Found Element By : By.xpath: //table/tbody/tr[1]/td[3]/span/a
Trying to find Element By : By.xpath: //table/tbody/tr[1]/td[3]/span/a
Found Element By : By.xpath: //table/tbody/tr[1]/td[3]/span/a
Trying to find Element By : By.xpath: //table/tbody/tr[1]/td[3]/span/a
Found Element By : By.xpath: //table/tbody/tr[1]/td[3]/span/a
Trying to find Element By : By.xpath: //table/tbody/tr[1]/td[3]/span/a
Found Element By : By.xpath: //table/tbody/tr[1]/td[3]/span/a
Trying to find Element By : By.xpath: //table/tbody/tr[1]/td[3]/span/a
Found Element By : By.xpath: //table/tbody/tr[1]/td[3]/span/a
Trying to find Element By : By.xpath: //table/tbody/tr[1]/td[3]/span/a
Found Element By : By.xpath: //table/tbody/tr[1]/td[3]/span/a
Trying to find Element By : By.xpath: //table/tbody/tr[1]/td[3]/span/a
Found Element By : By.xpath: //table/tbody/tr[1]/td[3]/span/a
Trying to find Element By : By.xpath: //table/tbody/tr[1]/td[3]/span/a
Found Element By : By.xpath: //table/tbody/tr[1]/td[3]/span/a
Trying to find Element By : By.xpath: //table/tbody/tr[1]/td[3]/span/a
Found Element By : By.xpath: //table/tbody/tr[1]/td[3]/span/a
Trying to find Element By : By.xpath: //table/tbody/tr[1]/td[3]/span/a
Found Element By : By.xpath: //table/tbody/tr[1]/td[3]/span/a
Trying to find Element By : By.xpath: //table/tbody/tr[1]/td[3]/span/a
Found Element By : By.xpath: //table/tbody/tr[1]/td[3]/span/a
Trying to find Element By : By.xpath: //table/tbody/tr[1]/td[3]/span/a
Found Element By : By.xpath: //table/tbody/tr[1]/td[3]/span/a
Trying to find Element By : By.xpath: //table/tbody/tr[1]/td[3]/span/a
Found Element By : By.xpath: //table/tbody/tr[1]/td[3]/span/a
Trying to find Element By : By.xpath: //table/tbody/tr[1]/td[3]/span/a
Found Element By : By.xpath: //table/tbody/tr[1]/td[3]/span/a
Trying to find Element By : By.xpath: //table/tbody/tr[1]/td[3]/span/a
Found Element By : By.xpath: //table/tbody/tr[1]/td[3]/span/a
Trying to find Element By : By.xpath: //table/tbody/tr[1]/td[3]/span/a
Found Element By : By.xpath: //table/tbody/tr[1]/td[3]/span/a
Trying to find Element By : By.xpath: //table/tbody/tr[1]/td[3]/span/a
Found Element By : By.xpath: //table/tbody/tr[1]/td[3]/span/a
Trying to find Element By : By.xpath: //table/tbody/tr[1]/td[3]/span/a
Found Element By : By.xpath: //table/tbody/tr[1]/td[3]/span/a
Trying to find Element By : By.xpath: //table/tbody/tr[1]/td[3]/span/a
Found Element By : By.xpath: //table/tbody/tr[1]/td[3]/span/a
Trying to find Element By : By.xpath: //table/tbody/tr[1]/td[3]/span/a
Found Element By : By.xpath: //table/tbody/tr[1]/td[3]/span/a
Trying to find Element By : By.xpath: //table/tbody/tr[1]/td[3]/span/a
Found Element By : By.xpath: //table/tbody/tr[1]/td[3]/span/a
Trying to find Element By : By.xpath: //table/tbody/tr[1]/td[3]/span/a
Found Element By : By.xpath: //table/tbody/tr[1]/td[3]/span/a
Trying to find Element By : By.xpath: //table/tbody/tr[1]/td[3]/span/a
Found Element By : By.xpath: //table/tbody/tr[1]/td[3]/span/a
Trying to find Element By : By.xpath: //table/tbody/tr[1]/td[3]/span/a
Found Element By : By.xpath: //table/tbody/tr[1]/td[3]/span/a
Trying to find Element By : By.xpath: //table/tbody/tr[1]/td[3]/span/a
Found Element By : By.xpath: //table/tbody/tr[1]/td[3]/span/a
Trying to find Element By : By.xpath: //table/tbody/tr[1]/td[3]/span/a
Found Element By : By.xpath: //table/tbody/tr[1]/td[3]/span/a
Trying to find Element By : By.xpath: //table/tbody/tr[1]/td[3]/span/a
Found Element By : By.xpath: //table/tbody/tr[1]/td[3]/span/a
Trying to find Element By : By.xpath: //table/tbody/tr[1]/td[3]/span/a
Found Element By : By.xpath: //table/tbody/tr[1]/td[3]/span/a
Trying to find Element By : By.xpath: //table/tbody/tr[1]/td[3]/span/a
Found Element By : By.xpath: //table/tbody/tr[1]/td[3]/span/a
Trying to find Element By : By.xpath: //table/tbody/tr[1]/td[3]/span/a
Found Element By : By.xpath: //table/tbody/tr[1]/td[3]/span/a
Trying to find Element By : By.xpath: //table/tbody/tr[1]/td[3]/span/a
Found Element By : By.xpath: //table/tbody/tr[1]/td[3]/span/a
Trying to find Element By : By.xpath: //table/tbody/tr[1]/td[3]/span/a
Found Element By : By.xpath: //table/tbody/tr[1]/td[3]/span/a
Trying to find Element By : By.xpath: //table/tbody/tr[1]/td[3]/span/a
Found Element By : By.xpath: //table/tbody/tr[1]/td[3]/span/a
Trying to find Element By : By.xpath: //table/tbody/tr[1]/td[3]/span/a
Found Element By : By.xpath: //table/tbody/tr[1]/td[3]/span/a
Trying to find Element By : By.xpath: //table/tbody/tr[1]/td[3]/span/a
Found Element By : By.xpath: //table/tbody/tr[1]/td[3]/span/a
Trying to find Element By : By.xpath: //table/tbody/tr[1]/td[3]/span/a
Found Element By : By.xpath: //table/tbody/tr[1]/td[3]/span/a
Trying to find Element By : By.xpath: //table/tbody/tr[1]/td[3]/span/a
Found Element By : By.xpath: //table/tbody/tr[1]/td[3]/span/a
Trying to find Element By : By.xpath: //table/tbody/tr[1]/td[3]/span/a
Found Element By : By.xpath: //table/tbody/tr[1]/td[3]/span/a
Trying to find Element By : By.xpath: //table/tbody/tr[1]/td[3]/span/a
Found Element By : By.xpath: //table/tbody/tr[1]/td[3]/span/a
Trying to find Element By : By.xpath: //table/tbody/tr[1]/td[3]/span/a
Found Element By : By.xpath: //table/tbody/tr[1]/td[3]/span/a
Trying to find Element By : By.xpath: //table/tbody/tr[1]/td[3]/span/a
Found Element By : By.xpath: //table/tbody/tr[1]/td[3]/span/a
Trying to find Element By : By.xpath: //table/tbody/tr[1]/td[3]/span/a
Found Element By : By.xpath: //table/tbody/tr[1]/td[3]/span/a
Trying to find Element By : By.xpath: //table/tbody/tr[1]/td[3]/span/a
Found Element By : By.xpath: //table/tbody/tr[1]/td[3]/span/a
Trying to find Element By : By.xpath: //table/tbody/tr[1]/td[3]/span/a
Found Element By : By.xpath: //table/tbody/tr[1]/td[3]/span/a
Trying to find Element By : By.xpath: //table/tbody/tr[1]/td[3]/span/a
Found Element By : By.xpath: //table/tbody/tr[1]/td[3]/span/a
Trying to find Element By : By.xpath: //table/tbody/tr[1]/td[3]/span/a
Found Element By : By.xpath: //table/tbody/tr[1]/td[3]/span/a
Trying to find Element By : By.xpath: //table/tbody/tr[1]/td[3]/span/a
Found Element By : By.xpath: //table/tbody/tr[1]/td[3]/span/a
Trying to find Element By : By.xpath: //table/tbody/tr[1]/td[3]/span/a
Found Element By : By.xpath: //table/tbody/tr[1]/td[3]/span/a
Trying to find Element By : By.xpath: //table/tbody/tr[1]/td[3]/span/a
Found Element By : By.xpath: //table/tbody/tr[1]/td[3]/span/a
Trying to find Element By : By.xpath: //table/tbody/tr[1]/td[3]/span/a
Found Element By : By.xpath: //table/tbody/tr[1]/td[3]/span/a
Trying to find Element By : By.xpath: //table/tbody/tr[1]/td[3]/span/a
Found Element By : By.xpath: //table/tbody/tr[1]/td[3]/span/a
Trying to find Element By : By.xpath: //table/tbody/tr[1]/td[3]/span/a
Found Element By : By.xpath: //table/tbody/tr[1]/td[3]/span/a
Trying to find Element By : By.xpath: //table/tbody/tr[1]/td[3]/span/a
Found Element By : By.xpath: //table/tbody/tr[1]/td[3]/span/a
Trying to find Element By : By.xpath: //table/tbody/tr[1]/td[3]/span/a
Found Element By : By.xpath: //table/tbody/tr[1]/td[3]/span/a
Trying to find Element By : By.xpath: //table/tbody/tr[1]/td[3]/span/a
Found Element By : By.xpath: //table/tbody/tr[1]/td[3]/span/a
Trying to find Element By : By.xpath: //table/tbody/tr[1]/td[3]/span/a
Found Element By : By.xpath: //table/tbody/tr[1]/td[3]/span/a
Trying to find Element By : By.xpath: //table/tbody/tr[1]/td[3]/span/a
Found Element By : By.xpath: //table/tbody/tr[1]/td[3]/span/a
Trying to find Element By : By.xpath: //table/tbody/tr[1]/td[3]/span/a
Found Element By : By.xpath: //table/tbody/tr[1]/td[3]/span/a
Trying to find Element By : By.xpath: //table/tbody/tr[1]/td[3]/span/a
Found Element By : By.xpath: //table/tbody/tr[1]/td[3]/span/a
Trying to find Element By : By.xpath: //table/tbody/tr[1]/td[3]/span/a
Found Element By : By.xpath: //table/tbody/tr[1]/td[3]/span/a
Trying to find Element By : By.xpath: //table/tbody/tr[1]/td[3]/span/a
Found Element By : By.xpath: //table/tbody/tr[1]/td[3]/span/a
Trying to find Element By : By.xpath: //table/tbody/tr[1]/td[3]/span/a
Found Element By : By.xpath: //table/tbody/tr[1]/td[3]/span/a
Trying to find Element By : By.xpath: //table/tbody/tr[1]/td[3]/span/a
Found Element By : By.xpath: //table/tbody/tr[1]/td[3]/span/a
Trying to find Element By : By.xpath: //table/tbody/tr[1]/td[3]/span/a
Found Element By : By.xpath: //table/tbody/tr[1]/td[3]/span/a
Trying to find Element By : By.xpath: //table/tbody/tr[1]/td[3]/span/a
Found Element By : By.xpath: //table/tbody/tr[1]/td[3]/span/a
Trying to find Element By : By.xpath: //table/tbody/tr[1]/td[3]/span/a
Found Element By : By.xpath: //table/tbody/tr[1]/td[3]/span/a
Trying to find Element By : By.xpath: //table/tbody/tr[1]/td[3]/span/a
Found Element By : By.xpath: //table/tbody/tr[1]/td[3]/span/a
Trying to find Element By : By.xpath: //table/tbody/tr[1]/td[3]/span/a
Found Element By : By.xpath: //table/tbody/tr[1]/td[3]/span/a
Trying to find Element By : By.xpath: //table/tbody/tr[1]/td[3]/span/a
Found Element By : By.xpath: //table/tbody/tr[1]/td[3]/span/a
Trying to find Element By : By.xpath: //table/tbody/tr[1]/td[3]/span/a
Found Element By : By.xpath: //table/tbody/tr[1]/td[3]/span/a
Trying to find Element By : By.xpath: //table/tbody/tr[1]/td[3]/span/a
Found Element By : By.xpath: //table/tbody/tr[1]/td[3]/span/a
Trying to find Element By : By.xpath: //table/tbody/tr[1]/td[3]/span/a
Found Element By : By.xpath: //table/tbody/tr[1]/td[3]/span/a
Trying to find Element By : By.xpath: //table/tbody/tr[1]/td[3]/span/a
Found Element By : By.xpath: //table/tbody/tr[1]/td[3]/span/a
Trying to find Element By : By.xpath: //table/tbody/tr[1]/td[3]/span/a
Found Element By : By.xpath: //table/tbody/tr[1]/td[3]/span/a
Trying to find Element By : By.xpath: //table/tbody/tr[1]/td[3]/span/a
Found Element By : By.xpath: //table/tbody/tr[1]/td[3]/span/a
Trying to find Element By : By.xpath: //table/tbody/tr[1]/td[3]/span/a
Found Element By : By.xpath: //table/tbody/tr[1]/td[3]/span/a
Trying to find Element By : By.xpath: //table/tbody/tr[1]/td[3]/span/a
Found Element By : By.xpath: //table/tbody/tr[1]/td[3]/span/a
Trying to find Element By : By.xpath: //table/tbody/tr[1]/td[3]/span/a
Found Element By : By.xpath: //table/tbody/tr[1]/td[3]/span/a
Trying to find Element By : By.xpath: //table/tbody/tr[1]/td[3]/span/a
Found Element By : By.xpath: //table/tbody/tr[1]/td[3]/span/a
Trying to find Element By : By.xpath: //table/tbody/tr[1]/td[3]/span/a
Found Element By : By.xpath: //table/tbody/tr[1]/td[3]/span/a
Trying to find Element By : By.xpath: //table/tbody/tr[1]/td[3]/span/a
Found Element By : By.xpath: //table/tbody/tr[1]/td[3]/span/a
Trying to find Element By : By.xpath: //table/tbody/tr[1]/td[3]/span/a
Found Element By : By.xpath: //table/tbody/tr[1]/td[3]/span/a
Trying to find Element By : By.xpath: //table/tbody/tr[1]/td[3]/span/a
Found Element By : By.xpath: //table/tbody/tr[1]/td[3]/span/a
Trying to find Element By : By.xpath: //table/tbody/tr[1]/td[3]/span/a
Found Element By : By.xpath: //table/tbody/tr[1]/td[3]/span/a
Trying to find Element By : By.xpath: //table/tbody/tr[1]/td[3]/span/a
Found Element By : By.xpath: //table/tbody/tr[1]/td[3]/span/a
Trying to find Element By : By.xpath: //table/tbody/tr[1]/td[3]/span/a
Found Element By : By.xpath: //table/tbody/tr[1]/td[3]/span/a
Trying to find Element By : By.xpath: //table/tbody/tr[1]/td[3]/span/a
Found Element By : By.xpath: //table/tbody/tr[1]/td[3]/span/a
Trying to find Element By : By.xpath: //table/tbody/tr[1]/td[3]/span/a
Found Element By : By.xpath: //table/tbody/tr[1]/td[3]/span/a
Trying to find Element By : By.xpath: //table/tbody/tr[1]/td[3]/span/a
Found Element By : By.xpath: //table/tbody/tr[1]/td[3]/span/a
Trying to find Element By : By.xpath: //table/tbody/tr[1]/td[3]/span/a
Found Element By : By.xpath: //table/tbody/tr[1]/td[3]/span/a
Trying to find Element By : By.xpath: //table/tbody/tr[1]/td[3]/span/a
Found Element By : By.xpath: //table/tbody/tr[1]/td[3]/span/a
Trying to find Element By : By.xpath: //table/tbody/tr[1]/td[3]/span/a
Found Element By : By.xpath: //table/tbody/tr[1]/td[3]/span/a
Trying to find Element By : By.xpath: //table/tbody/tr[1]/td[3]/span/a
Found Element By : By.xpath: //table/tbody/tr[1]/td[3]/span/a
Trying to find Element By : By.xpath: //table/tbody/tr[1]/td[3]/span/a
Found Element By : By.xpath: //table/tbody/tr[1]/td[3]/span/a
Trying to find Element By : By.xpath: //table/tbody/tr[1]/td[3]/span/a
Found Element By : By.xpath: //table/tbody/tr[1]/td[3]/span/a
Trying to find Element By : By.xpath: //table/tbody/tr[1]/td[3]/span/a
Found Element By : By.xpath: //table/tbody/tr[1]/td[3]/span/a
Trying to find Element By : By.xpath: //table/tbody/tr[1]/td[3]/span/a
Found Element By : By.xpath: //table/tbody/tr[1]/td[3]/span/a
Trying to find Element By : By.xpath: //table/tbody/tr[1]/td[3]/span/a
Found Element By : By.xpath: //table/tbody/tr[1]/td[3]/span/a
Trying to find Element By : By.xpath: //table/tbody/tr[1]/td[3]/span/a
Found Element By : By.xpath: //table/tbody/tr[1]/td[3]/span/a
Trying to find Element By : By.xpath: //table/tbody/tr[1]/td[3]/span/a
Found Element By : By.xpath: //table/tbody/tr[1]/td[3]/span/a
Trying to find Element By : By.xpath: //table/tbody/tr[1]/td[3]/span/a
Found Element By : By.xpath: //table/tbody/tr[1]/td[3]/span/a
Trying to find Element By : By.xpath: //table/tbody/tr[1]/td[3]/span/a
Found Element By : By.xpath: //table/tbody/tr[1]/td[3]/span/a
Trying to find Element By : By.xpath: //table/tbody/tr[1]/td[3]/span/a
Found Element By : By.xpath: //table/tbody/tr[1]/td[3]/span/a
Trying to find Element By : By.xpath: //table/tbody/tr[1]/td[3]/span/a
Found Element By : By.xpath: //table/tbody/tr[1]/td[3]/span/a
Trying to find Element By : By.xpath: //table/tbody/tr[1]/td[3]/span/a
Found Element By : By.xpath: //table/tbody/tr[1]/td[3]/span/a
Trying to find Element By : By.xpath: //table/tbody/tr[1]/td[3]/span/a
Found Element By : By.xpath: //table/tbody/tr[1]/td[3]/span/a
Trying to find Element By : By.xpath: //table/tbody/tr[1]/td[3]/span/a
Found Element By : By.xpath: //table/tbody/tr[1]/td[3]/span/a
Trying to find Element By : By.xpath: //table/tbody/tr[1]/td[3]/span/a
Found Element By : By.xpath: //table/tbody/tr[1]/td[3]/span/a
Trying to find Element By : By.xpath: //table/tbody/tr[1]/td[3]/span/a
Found Element By : By.xpath: //table/tbody/tr[1]/td[3]/span/a
Trying to find Element By : By.xpath: //table/tbody/tr[1]/td[3]/span/a
Found Element By : By.xpath: //table/tbody/tr[1]/td[3]/span/a
Trying to find Element By : By.xpath: //table/tbody/tr[1]/td[3]/span/a
Found Element By : By.xpath: //table/tbody/tr[1]/td[3]/span/a
Trying to find Element By : By.xpath: //table/tbody/tr[1]/td[3]/span/a
Found Element By : By.xpath: //table/tbody/tr[1]/td[3]/span/a
Trying to find Element By : By.xpath: //table/tbody/tr[1]/td[3]/span/a
Found Element By : By.xpath: //table/tbody/tr[1]/td[3]/span/a
Trying to find Element By : By.xpath: //table/tbody/tr[1]/td[3]/span/a
Found Element By : By.xpath: //table/tbody/tr[1]/td[3]/span/a
Trying to find Element By : By.xpath: //table/tbody/tr[1]/td[3]/span/a
Found Element By : By.xpath: //table/tbody/tr[1]/td[3]/span/a
Trying to find Element By : By.xpath: //table/tbody/tr[1]/td[3]/span/a
Found Element By : By.xpath: //table/tbody/tr[1]/td[3]/span/a
Trying to find Element By : By.xpath: //table/tbody/tr[1]/td[3]/span/a
Found Element By : By.xpath: //table/tbody/tr[1]/td[3]/span/a
Trying to find Element By : By.xpath: //table/tbody/tr[1]/td[3]/span/a
Found Element By : By.xpath: //table/tbody/tr[1]/td[3]/span/a
Trying to find Element By : By.xpath: //table/tbody/tr[1]/td[3]/span/a
Found Element By : By.xpath: //table/tbody/tr[1]/td[3]/span/a
Trying to find Element By : By.xpath: //table/tbody/tr[1]/td[3]/span/a
Found Element By : By.xpath: //table/tbody/tr[1]/td[3]/span/a
Trying to find Element By : By.xpath: //table/tbody/tr[1]/td[3]/span/a
Found Element By : By.xpath: //table/tbody/tr[1]/td[3]/span/a
Trying to find Element By : By.xpath: //table/tbody/tr[1]/td[3]/span/a
Found Element By : By.xpath: //table/tbody/tr[1]/td[3]/span/a
Trying to find Element By : By.xpath: //table/tbody/tr[1]/td[3]/span/a
Found Element By : By.xpath: //table/tbody/tr[1]/td[3]/span/a
Trying to find Element By : By.xpath: //table/tbody/tr[1]/td[3]/span/a
Found Element By : By.xpath: //table/tbody/tr[1]/td[3]/span/a
Trying to find Element By : By.xpath: //table/tbody/tr[1]/td[3]/span/a
Found Element By : By.xpath: //table/tbody/tr[1]/td[3]/span/a
Trying to find Element By : By.xpath: //table/tbody/tr[1]/td[3]/span/a
Found Element By : By.xpath: //table/tbody/tr[1]/td[3]/span/a
Trying to find Element By : By.xpath: //table/tbody/tr[1]/td[3]/span/a
Found Element By : By.xpath: //table/tbody/tr[1]/td[3]/span/a
Trying to find Element By : By.xpath: //table/tbody/tr[1]/td[3]/span/a
Found Element By : By.xpath: //table/tbody/tr[1]/td[3]/span/a
Trying to find Element By : By.xpath: //table/tbody/tr[1]/td[3]/span/a
Found Element By : By.xpath: //table/tbody/tr[1]/td[3]/span/a
Trying to find Element By : By.xpath: //table/tbody/tr[1]/td[3]/span/a
Found Element By : By.xpath: //table/tbody/tr[1]/td[3]/span/a
Trying to find Element By : By.xpath: //table/tbody/tr[1]/td[3]/span/a
Found Element By : By.xpath: //table/tbody/tr[1]/td[3]/span/a
Trying to find Element By : By.xpath: //table/tbody/tr[1]/td[3]/span/a
Found Element By : By.xpath: //table/tbody/tr[1]/td[3]/span/a
Trying to find Element By : By.xpath: //table/tbody/tr[1]/td[3]/span/a
Found Element By : By.xpath: //table/tbody/tr[1]/td[3]/span/a
Trying to find Element By : By.xpath: //table/tbody/tr[1]/td[3]/span/a
Found Element By : By.xpath: //table/tbody/tr[1]/td[3]/span/a
Trying to find Element By : By.xpath: //table/tbody/tr[1]/td[3]/span/a
Found Element By : By.xpath: //table/tbody/tr[1]/td[3]/span/a
Trying to find Element By : By.xpath: //table/tbody/tr[1]/td[3]/span/a
Found Element By : By.xpath: //table/tbody/tr[1]/td[3]/span/a
Trying to find Element By : By.xpath: //table/tbody/tr[1]/td[3]/span/a
Found Element By : By.xpath: //table/tbody/tr[1]/td[3]/span/a
Trying to find Element By : By.xpath: //table/tbody/tr[1]/td[3]/span/a
Found Element By : By.xpath: //table/tbody/tr[1]/td[3]/span/a
Trying to find Element By : By.xpath: //table/tbody/tr[1]/td[3]/span/a
Found Element By : By.xpath: //table/tbody/tr[1]/td[3]/span/a
Trying to find Element By : By.xpath: //table/tbody/tr[1]/td[3]/span/a
Found Element By : By.xpath: //table/tbody/tr[1]/td[3]/span/a
Trying to find Element By : By.xpath: //table/tbody/tr[1]/td[3]/span/a
Found Element By : By.xpath: //table/tbody/tr[1]/td[3]/span/a
Trying to find Element By : By.xpath: //table/tbody/tr[1]/td[3]/span/a
Found Element By : By.xpath: //table/tbody/tr[1]/td[3]/span/a
Trying to find Element By : By.xpath: //table/tbody/tr[1]/td[3]/span/a
Found Element By : By.xpath: //table/tbody/tr[1]/td[3]/span/a
Trying to find Element By : By.xpath: //table/tbody/tr[1]/td[3]/span/a
Found Element By : By.xpath: //table/tbody/tr[1]/td[3]/span/a
Trying to find Element By : By.xpath: //table/tbody/tr[1]/td[3]/span/a
Found Element By : By.xpath: //table/tbody/tr[1]/td[3]/span/a
Trying to find Element By : By.xpath: //table/tbody/tr[1]/td[3]/span/a
Found Element By : By.xpath: //table/tbody/tr[1]/td[3]/span/a
Trying to find Element By : By.xpath: //table/tbody/tr[1]/td[3]/span/a
Found Element By : By.xpath: //table/tbody/tr[1]/td[3]/span/a
Trying to find Element By : By.xpath: //table/tbody/tr[1]/td[3]/span/a
Found Element By : By.xpath: //table/tbody/tr[1]/td[3]/span/a
Trying to find Element By : By.xpath: //table/tbody/tr[1]/td[3]/span/a
Found Element By : By.xpath: //table/tbody/tr[1]/td[3]/span/a
Trying to find Element By : By.xpath: //table/tbody/tr[1]/td[3]/span/a
Found Element By : By.xpath: //table/tbody/tr[1]/td[3]/span/a
Trying to find Element By : By.xpath: //table/tbody/tr[1]/td[3]/span/a
Found Element By : By.xpath: //table/tbody/tr[1]/td[3]/span/a
Trying to find Element By : By.xpath: //table/tbody/tr[1]/td[3]/span/a
Found Element By : By.xpath: //table/tbody/tr[1]/td[3]/span/a
Trying to find Element By : By.xpath: //table/tbody/tr[1]/td[3]/span/a
Found Element By : By.xpath: //table/tbody/tr[1]/td[3]/span/a
Trying to find Element By : By.xpath: //table/tbody/tr[1]/td[3]/span/a
Found Element By : By.xpath: //table/tbody/tr[1]/td[3]/span/a
Trying to find Element By : By.xpath: //table/tbody/tr[1]/td[3]/span/a
Found Element By : By.xpath: //table/tbody/tr[1]/td[3]/span/a
Trying to find Element By : By.xpath: //table/tbody/tr[1]/td[3]/span/a
Found Element By : By.xpath: //table/tbody/tr[1]/td[3]/span/a
Trying to find Element By : By.xpath: //table/tbody/tr[1]/td[3]/span/a
Found Element By : By.xpath: //table/tbody/tr[1]/td[3]/span/a
Trying to find Element By : By.xpath: //table/tbody/tr[1]/td[3]/span/a
Found Element By : By.xpath: //table/tbody/tr[1]/td[3]/span/a
Trying to find Element By : By.xpath: //table/tbody/tr[1]/td[3]/span/a
Found Element By : By.xpath: //table/tbody/tr[1]/td[3]/span/a
Trying to find Element By : By.xpath: //table/tbody/tr[1]/td[3]/span/a
Found Element By : By.xpath: //table/tbody/tr[1]/td[3]/span/a
Trying to find Element By : By.xpath: //table/tbody/tr[1]/td[3]/span/a
Found Element By : By.xpath: //table/tbody/tr[1]/td[3]/span/a
Trying to find Element By : By.xpath: //table/tbody/tr[1]/td[3]/span/a
Found Element By : By.xpath: //table/tbody/tr[1]/td[3]/span/a
Trying to find Element By : By.xpath: //table/tbody/tr[1]/td[3]/span/a
Found Element By : By.xpath: //table/tbody/tr[1]/td[3]/span/a
Trying to find Element By : By.xpath: //table/tbody/tr[1]/td[3]/span/a
Found Element By : By.xpath: //table/tbody/tr[1]/td[3]/span/a
Trying to find Element By : By.xpath: //table/tbody/tr[1]/td[3]/span/a
Found Element By : By.xpath: //table/tbody/tr[1]/td[3]/span/a
Trying to find Element By : By.xpath: //table/tbody/tr[1]/td[3]/span/a
Found Element By : By.xpath: //table/tbody/tr[1]/td[3]/span/a
Trying to find Element By : By.xpath: //table/tbody/tr[1]/td[3]/span/a
Found Element By : By.xpath: //table/tbody/tr[1]/td[3]/span/a
Trying to find Element By : By.xpath: //table/tbody/tr[1]/td[3]/span/a
Found Element By : By.xpath: //table/tbody/tr[1]/td[3]/span/a
Trying to find Element By : By.xpath: //table/tbody/tr[1]/td[3]/span/a
Found Element By : By.xpath: //table/tbody/tr[1]/td[3]/span/a
Trying to find Element By : By.xpath: //table/tbody/tr[1]/td[3]/span/a
Found Element By : By.xpath: //table/tbody/tr[1]/td[3]/span/a
Trying to find Element By : By.xpath: //table/tbody/tr[1]/td[3]/span/a
Found Element By : By.xpath: //table/tbody/tr[1]/td[3]/span/a
Trying to find Element By : By.xpath: //table/tbody/tr[1]/td[3]/span/a
Found Element By : By.xpath: //table/tbody/tr[1]/td[3]/span/a
Trying to find Element By : By.xpath: //table/tbody/tr[1]/td[3]/span/a
Found Element By : By.xpath: //table/tbody/tr[1]/td[3]/span/a
Trying to find Element By : By.xpath: //table/tbody/tr[1]/td[3]/span/a
Found Element By : By.xpath: //table/tbody/tr[1]/td[3]/span/a
Trying to find Element By : By.xpath: //table/tbody/tr[1]/td[3]/span/a
Found Element By : By.xpath: //table/tbody/tr[1]/td[3]/span/a
Trying to find Element By : By.xpath: //table/tbody/tr[1]/td[3]/span/a
Found Element By : By.xpath: //table/tbody/tr[1]/td[3]/span/a
Trying to find Element By : By.xpath: //table/tbody/tr[1]/td[3]/span/a
Found Element By : By.xpath: //table/tbody/tr[1]/td[3]/span/a
Trying to find Element By : By.xpath: //table/tbody/tr[1]/td[3]/span/a
Found Element By : By.xpath: //table/tbody/tr[1]/td[3]/span/a
Trying to find Element By : By.xpath: //table/tbody/tr[1]/td[3]/span/a
Found Element By : By.xpath: //table/tbody/tr[1]/td[3]/span/a
Trying to find Element By : By.xpath: //table/tbody/tr[1]/td[3]/span/a
Found Element By : By.xpath: //table/tbody/tr[1]/td[3]/span/a
Trying to find Element By : By.xpath: //table/tbody/tr[1]/td[3]/span/a
Found Element By : By.xpath: //table/tbody/tr[1]/td[3]/span/a
Trying to find Element By : By.xpath: //table/tbody/tr[1]/td[3]/span/a
Found Element By : By.xpath: //table/tbody/tr[1]/td[3]/span/a
Trying to find Element By : By.xpath: //table/tbody/tr[1]/td[3]/span/a
Found Element By : By.xpath: //table/tbody/tr[1]/td[3]/span/a
Trying to find Element By : By.xpath: //table/tbody/tr[1]/td[3]/span/a
Found Element By : By.xpath: //table/tbody/tr[1]/td[3]/span/a
Trying to find Element By : By.xpath: //table/tbody/tr[1]/td[3]/span/a
Found Element By : By.xpath: //table/tbody/tr[1]/td[3]/span/a
Trying to find Element By : By.xpath: //table/tbody/tr[1]/td[3]/span/a
Found Element By : By.xpath: //table/tbody/tr[1]/td[3]/span/a
Trying to find Element By : By.xpath: //table/tbody/tr[1]/td[3]/span/a
Found Element By : By.xpath: //table/tbody/tr[1]/td[3]/span/a
Trying to find Element By : By.xpath: //table/tbody/tr[1]/td[3]/span/a
Found Element By : By.xpath: //table/tbody/tr[1]/td[3]/span/a
Trying to find Element By : By.xpath: //table/tbody/tr[1]/td[3]/span/a
Found Element By : By.xpath: //table/tbody/tr[1]/td[3]/span/a
Trying to find Element By : By.xpath: //table/tbody/tr[1]/td[3]/span/a
Found Element By : By.xpath: //table/tbody/tr[1]/td[3]/span/a
Trying to find Element By : By.xpath: //table/tbody/tr[1]/td[3]/span/a
Found Element By : By.xpath: //table/tbody/tr[1]/td[3]/span/a
Trying to find Element By : By.xpath: //table/tbody/tr[1]/td[3]/span/a
Found Element By : By.xpath: //table/tbody/tr[1]/td[3]/span/a
Trying to find Element By : By.xpath: //table/tbody/tr[1]/td[3]/span/a
Found Element By : By.xpath: //table/tbody/tr[1]/td[3]/span/a
Trying to find Element By : By.xpath: //table/tbody/tr[1]/td[3]/span/a
Found Element By : By.xpath: //table/tbody/tr[1]/td[3]/span/a
Trying to find Element By : By.xpath: //table/tbody/tr[1]/td[3]/span/a
Found Element By : By.xpath: //table/tbody/tr[1]/td[3]/span/a
Trying to find Element By : By.xpath: //table/tbody/tr[1]/td[3]/span/a
Found Element By : By.xpath: //table/tbody/tr[1]/td[3]/span/a
Trying to find Element By : By.xpath: //table/tbody/tr[1]/td[3]/span/a
Found Element By : By.xpath: //table/tbody/tr[1]/td[3]/span/a
Trying to find Element By : By.xpath: //table/tbody/tr[1]/td[3]/span/a
Found Element By : By.xpath: //table/tbody/tr[1]/td[3]/span/a
Trying to find Element By : By.xpath: //table/tbody/tr[1]/td[3]/span/a
Found Element By : By.xpath: //table/tbody/tr[1]/td[3]/span/a
Trying to find Element By : By.xpath: //table/tbody/tr[1]/td[3]/span/a
Found Element By : By.xpath: //table/tbody/tr[1]/td[3]/span/a
Trying to find Element By : By.xpath: //table/tbody/tr[1]/td[3]/span/a
Found Element By : By.xpath: //table/tbody/tr[1]/td[3]/span/a
Trying to find Element By : By.xpath: //table/tbody/tr[1]/td[3]/span/a
Found Element By : By.xpath: //table/tbody/tr[1]/td[3]/span/a
Trying to find Element By : By.xpath: //table/tbody/tr[1]/td[3]/span/a
Found Element By : By.xpath: //table/tbody/tr[1]/td[3]/span/a
Trying to find Element By : By.xpath: //table/tbody/tr[1]/td[3]/span/a
Found Element By : By.xpath: //table/tbody/tr[1]/td[3]/span/a
Trying to find Element By : By.xpath: //table/tbody/tr[1]/td[3]/span/a
Found Element By : By.xpath: //table/tbody/tr[1]/td[3]/span/a
Trying to find Element By : By.xpath: //table/tbody/tr[1]/td[3]/span/a
Found Element By : By.xpath: //table/tbody/tr[1]/td[3]/span/a
Trying to find Element By : By.xpath: //table/tbody/tr[1]/td[3]/span/a
Found Element By : By.xpath: //table/tbody/tr[1]/td[3]/span/a
Trying to find Element By : By.xpath: //table/tbody/tr[1]/td[3]/span/a
Found Element By : By.xpath: //table/tbody/tr[1]/td[3]/span/a
Trying to find Element By : By.xpath: //table/tbody/tr[1]/td[3]/span/a
Found Element By : By.xpath: //table/tbody/tr[1]/td[3]/span/a
Trying to find Element By : By.xpath: //table/tbody/tr[1]/td[3]/span/a
Found Element By : By.xpath: //table/tbody/tr[1]/td[3]/span/a
Trying to find Element By : By.xpath: //table/tbody/tr[1]/td[3]/span/a
Found Element By : By.xpath: //table/tbody/tr[1]/td[3]/span/a
Trying to find Element By : By.xpath: //table/tbody/tr[1]/td[3]/span/a
Found Element By : By.xpath: //table/tbody/tr[1]/td[3]/span/a
Trying to find Element By : By.xpath: //table/tbody/tr[1]/td[3]/span/a
Found Element By : By.xpath: //table/tbody/tr[1]/td[3]/span/a
Trying to find Element By : By.xpath: //table/tbody/tr[1]/td[3]/span/a
Found Element By : By.xpath: //table/tbody/tr[1]/td[3]/span/a
Trying to find Element By : By.xpath: //table/tbody/tr[1]/td[3]/span/a
Found Element By : By.xpath: //table/tbody/tr[1]/td[3]/span/a
Trying to find Element By : By.xpath: //table/tbody/tr[1]/td[3]/span/a
Found Element By : By.xpath: //table/tbody/tr[1]/td[3]/span/a
Trying to find Element By : By.xpath: //table/tbody/tr[1]/td[3]/span/a
Found Element By : By.xpath: //table/tbody/tr[1]/td[3]/span/a
Trying to find Element By : By.xpath: //table/tbody/tr[1]/td[3]/span/a
Found Element By : By.xpath: //table/tbody/tr[1]/td[3]/span/a
Trying to find Element By : By.xpath: //table/tbody/tr[1]/td[3]/span/a
Found Element By : By.xpath: //table/tbody/tr[1]/td[3]/span/a
Trying to find Element By : By.xpath: //table/tbody/tr[1]/td[3]/span/a
Found Element By : By.xpath: //table/tbody/tr[1]/td[3]/span/a
Trying to find Element By : By.xpath: //table/tbody/tr[1]/td[3]/span/a
Found Element By : By.xpath: //table/tbody/tr[1]/td[3]/span/a
Trying to find Element By : By.xpath: //table/tbody/tr[1]/td[3]/span/a
Found Element By : By.xpath: //table/tbody/tr[1]/td[3]/span/a
Trying to find Element By : By.xpath: //table/tbody/tr[1]/td[3]/span/a
Found Element By : By.xpath: //table/tbody/tr[1]/td[3]/span/a
Trying to find Element By : By.xpath: //table/tbody/tr[1]/td[3]/span/a
Found Element By : By.xpath: //table/tbody/tr[1]/td[3]/span/a
Trying to find Element By : By.xpath: //table/tbody/tr[1]/td[3]/span/a
Found Element By : By.xpath: //table/tbody/tr[1]/td[3]/span/a
Trying to find Element By : By.xpath: //table/tbody/tr[1]/td[3]/span/a
Found Element By : By.xpath: //table/tbody/tr[1]/td[3]/span/a
Trying to find Element By : By.xpath: //table/tbody/tr[1]/td[3]/span/a
Found Element By : By.xpath: //table/tbody/tr[1]/td[3]/span/a
Trying to find Element By : By.xpath: //table/tbody/tr[1]/td[3]/span/a
Found Element By : By.xpath: //table/tbody/tr[1]/td[3]/span/a
Trying to find Element By : By.xpath: //table/tbody/tr[1]/td[3]/span/a
Found Element By : By.xpath: //table/tbody/tr[1]/td[3]/span/a
Trying to find Element By : By.xpath: //table/tbody/tr[1]/td[3]/span/a
Found Element By : By.xpath: //table/tbody/tr[1]/td[3]/span/a
Trying to find Element By : By.xpath: //table/tbody/tr[1]/td[3]/span/a
Found Element By : By.xpath: //table/tbody/tr[1]/td[3]/span/a
Trying to find Element By : By.xpath: //table/tbody/tr[1]/td[3]/span/a
Found Element By : By.xpath: //table/tbody/tr[1]/td[3]/span/a
Trying to find Element By : By.xpath: //table/tbody/tr[1]/td[3]/span/a
Found Element By : By.xpath: //table/tbody/tr[1]/td[3]/span/a
Trying to find Element By : By.xpath: //table/tbody/tr[1]/td[3]/span/a
Found Element By : By.xpath: //table/tbody/tr[1]/td[3]/span/a
Trying to find Element By : By.xpath: //table/tbody/tr[1]/td[3]/span/a
Found Element By : By.xpath: //table/tbody/tr[1]/td[3]/span/a
Trying to find Element By : By.xpath: //table/tbody/tr[1]/td[3]/span/a
Found Element By : By.xpath: //table/tbody/tr[1]/td[3]/span/a
Trying to find Element By : By.xpath: //table/tbody/tr[1]/td[3]/span/a
Found Element By : By.xpath: //table/tbody/tr[1]/td[3]/span/a
Trying to find Element By : By.xpath: //table/tbody/tr[1]/td[3]/span/a
Found Element By : By.xpath: //table/tbody/tr[1]/td[3]/span/a
Trying to find Element By : By.xpath: //table/tbody/tr[1]/td[3]/span/a
Found Element By : By.xpath: //table/tbody/tr[1]/td[3]/span/a
Trying to find Element By : By.xpath: //table/tbody/tr[1]/td[3]/span/a
Found Element By : By.xpath: //table/tbody/tr[1]/td[3]/span/a
Trying to find Element By : By.xpath: //table/tbody/tr[1]/td[3]/span/a
Found Element By : By.xpath: //table/tbody/tr[1]/td[3]/span/a
Trying to find Element By : By.xpath: //table/tbody/tr[1]/td[3]/span/a
Found Element By : By.xpath: //table/tbody/tr[1]/td[3]/span/a
Trying to find Element By : By.xpath: //table/tbody/tr[1]/td[3]/span/a
Found Element By : By.xpath: //table/tbody/tr[1]/td[3]/span/a
Trying to find Element By : By.xpath: //table/tbody/tr[1]/td[3]/span/a
Found Element By : By.xpath: //table/tbody/tr[1]/td[3]/span/a
Trying to find Element By : By.xpath: //table/tbody/tr[1]/td[3]/span/a
Found Element By : By.xpath: //table/tbody/tr[1]/td[3]/span/a
Trying to find Element By : By.xpath: //table/tbody/tr[1]/td[3]/span/a
Found Element By : By.xpath: //table/tbody/tr[1]/td[3]/span/a
Trying to find Element By : By.xpath: //table/tbody/tr[1]/td[3]/span/a
Found Element By : By.xpath: //table/tbody/tr[1]/td[3]/span/a
Trying to find Element By : By.xpath: //table/tbody/tr[1]/td[3]/span/a
Found Element By : By.xpath: //table/tbody/tr[1]/td[3]/span/a
Trying to find Element By : By.xpath: //table/tbody/tr[1]/td[3]/span/a
Found Element By : By.xpath: //table/tbody/tr[1]/td[3]/span/a
Trying to find Element By : By.xpath: //table/tbody/tr[1]/td[3]/span/a
Found Element By : By.xpath: //table/tbody/tr[1]/td[3]/span/a
Trying to find Element By : By.xpath: //table/tbody/tr[1]/td[3]/span/a
Found Element By : By.xpath: //table/tbody/tr[1]/td[3]/span/a
Trying to find Element By : By.xpath: //table/tbody/tr[1]/td[3]/span/a
Found Element By : By.xpath: //table/tbody/tr[1]/td[3]/span/a
Trying to find Element By : By.xpath: //table/tbody/tr[1]/td[3]/span/a
Found Element By : By.xpath: //table/tbody/tr[1]/td[3]/span/a
Trying to find Element By : By.xpath: //table/tbody/tr[1]/td[3]/span/a
Found Element By : By.xpath: //table/tbody/tr[1]/td[3]/span/a
Trying to find Element By : By.xpath: //table/tbody/tr[1]/td[3]/span/a
Found Element By : By.xpath: //table/tbody/tr[1]/td[3]/span/a
Trying to find Element By : By.xpath: //table/tbody/tr[1]/td[3]/span/a
Found Element By : By.xpath: //table/tbody/tr[1]/td[3]/span/a
Trying to find Element By : By.xpath: //table/tbody/tr[1]/td[3]/span/a
Found Element By : By.xpath: //table/tbody/tr[1]/td[3]/span/a
Trying to find Element By : By.xpath: //table/tbody/tr[1]/td[3]/span/a
Found Element By : By.xpath: //table/tbody/tr[1]/td[3]/span/a
Trying to find Element By : By.xpath: //table/tbody/tr[1]/td[3]/span/a
Found Element By : By.xpath: //table/tbody/tr[1]/td[3]/span/a
Trying to find Element By : By.xpath: //table/tbody/tr[1]/td[3]/span/a
Found Element By : By.xpath: //table/tbody/tr[1]/td[3]/span/a
Trying to find Element By : By.xpath: //table/tbody/tr[1]/td[3]/span/a
Found Element By : By.xpath: //table/tbody/tr[1]/td[3]/span/a
Trying to find Element By : By.xpath: //table/tbody/tr[1]/td[3]/span/a
Found Element By : By.xpath: //table/tbody/tr[1]/td[3]/span/a
Trying to find Element By : By.xpath: //table/tbody/tr[1]/td[3]/span/a
Found Element By : By.xpath: //table/tbody/tr[1]/td[3]/span/a
Trying to find Element By : By.xpath: //table/tbody/tr[1]/td[3]/span/a
Found Element By : By.xpath: //table/tbody/tr[1]/td[3]/span/a
Trying to find Element By : By.xpath: //table/tbody/tr[1]/td[3]/span/a
Found Element By : By.xpath: //table/tbody/tr[1]/td[3]/span/a
Trying to find Element By : By.xpath: //table/tbody/tr[1]/td[3]/span/a
Found Element By : By.xpath: //table/tbody/tr[1]/td[3]/span/a
Trying to find Element By : By.xpath: //table/tbody/tr[1]/td[3]/span/a
Found Element By : By.xpath: //table/tbody/tr[1]/td[3]/span/a
Trying to find Element By : By.xpath: //table/tbody/tr[1]/td[3]/span/a
Found Element By : By.xpath: //table/tbody/tr[1]/td[3]/span/a
Trying to find Element By : By.xpath: //table/tbody/tr[1]/td[3]/span/a
Found Element By : By.xpath: //table/tbody/tr[1]/td[3]/span/a
Trying to find Element By : By.xpath: //table/tbody/tr[1]/td[3]/span/a
Found Element By : By.xpath: //table/tbody/tr[1]/td[3]/span/a
Trying to find Element By : By.xpath: //table/tbody/tr[1]/td[3]/span/a
Found Element By : By.xpath: //table/tbody/tr[1]/td[3]/span/a
Trying to find Element By : By.xpath: //table/tbody/tr[1]/td[3]/span/a
Found Element By : By.xpath: //table/tbody/tr[1]/td[3]/span/a
Trying to find Element By : By.xpath: //table/tbody/tr[1]/td[3]/span/a
Found Element By : By.xpath: //table/tbody/tr[1]/td[3]/span/a
Trying to find Element By : By.xpath: //table/tbody/tr[1]/td[3]/span/a
Found Element By : By.xpath: //table/tbody/tr[1]/td[3]/span/a
Trying to find Element By : By.xpath: //table/tbody/tr[1]/td[3]/span/a
Found Element By : By.xpath: //table/tbody/tr[1]/td[3]/span/a
Trying to find Element By : By.xpath: //table/tbody/tr[1]/td[3]/span/a
Found Element By : By.xpath: //table/tbody/tr[1]/td[3]/span/a
Trying to find Element By : By.xpath: //table/tbody/tr[1]/td[3]/span/a
Found Element By : By.xpath: //table/tbody/tr[1]/td[3]/span/a
Trying to find Element By : By.xpath: //table/tbody/tr[1]/td[3]/span/a
Found Element By : By.xpath: //table/tbody/tr[1]/td[3]/span/a
Trying to find Element By : By.xpath: //table/tbody/tr[1]/td[3]/span/a
Found Element By : By.xpath: //table/tbody/tr[1]/td[3]/span/a
Trying to find Element By : By.xpath: //table/tbody/tr[1]/td[3]/span/a
Found Element By : By.xpath: //table/tbody/tr[1]/td[3]/span/a
Trying to find Element By : By.xpath: //table/tbody/tr[1]/td[3]/span/a
Found Element By : By.xpath: //table/tbody/tr[1]/td[3]/span/a
Trying to find Element By : By.xpath: //table/tbody/tr[1]/td[3]/span/a
Found Element By : By.xpath: //table/tbody/tr[1]/td[3]/span/a
Trying to find Element By : By.xpath: //table/tbody/tr[1]/td[3]/span/a
Found Element By : By.xpath: //table/tbody/tr[1]/td[3]/span/a
Trying to find Element By : By.xpath: //table/tbody/tr[1]/td[3]/span/a
Found Element By : By.xpath: //table/tbody/tr[1]/td[3]/span/a
Trying to find Element By : By.xpath: //table/tbody/tr[1]/td[3]/span/a
Found Element By : By.xpath: //table/tbody/tr[1]/td[3]/span/a
Trying to find Element By : By.xpath: //table/tbody/tr[1]/td[3]/span/a
Found Element By : By.xpath: //table/tbody/tr[1]/td[3]/span/a
Trying to find Element By : By.xpath: //table/tbody/tr[1]/td[3]/span/a
Found Element By : By.xpath: //table/tbody/tr[1]/td[3]/span/a
Trying to find Element By : By.xpath: //table/tbody/tr[1]/td[3]/span/a
Found Element By : By.xpath: //table/tbody/tr[1]/td[3]/span/a
Trying to find Element By : By.xpath: //table/tbody/tr[1]/td[3]/span/a
Found Element By : By.xpath: //table/tbody/tr[1]/td[3]/span/a
Trying to find Element By : By.xpath: //table/tbody/tr[1]/td[3]/span/a
Found Element By : By.xpath: //table/tbody/tr[1]/td[3]/span/a
Trying to find Element By : By.xpath: //table/tbody/tr[1]/td[3]/span/a
Found Element By : By.xpath: //table/tbody/tr[1]/td[3]/span/a
Trying to find Element By : By.xpath: //table/tbody/tr[1]/td[3]/span/a
Found Element By : By.xpath: //table/tbody/tr[1]/td[3]/span/a
Trying to find Element By : By.xpath: //table/tbody/tr[1]/td[3]/span/a
Found Element By : By.xpath: //table/tbody/tr[1]/td[3]/span/a
Trying to find Element By : By.xpath: //table/tbody/tr[1]/td[3]/span/a
Found Element By : By.xpath: //table/tbody/tr[1]/td[3]/span/a
Trying to find Element By : By.xpath: //table/tbody/tr[1]/td[3]/span/a
Found Element By : By.xpath: //table/tbody/tr[1]/td[3]/span/a
Trying to find Element By : By.xpath: //table/tbody/tr[1]/td[3]/span/a
Found Element By : By.xpath: //table/tbody/tr[1]/td[3]/span/a
Trying to find Element By : By.xpath: //table/tbody/tr[1]/td[3]/span/a
Found Element By : By.xpath: //table/tbody/tr[1]/td[3]/span/a
Trying to find Element By : By.xpath: //table/tbody/tr[1]/td[3]/span/a
Found Element By : By.xpath: //table/tbody/tr[1]/td[3]/span/a
Trying to find Element By : By.xpath: //table/tbody/tr[1]/td[3]/span/a
Found Element By : By.xpath: //table/tbody/tr[1]/td[3]/span/a
Trying to find Element By : By.xpath: //table/tbody/tr[1]/td[3]/span/a
Found Element By : By.xpath: //table/tbody/tr[1]/td[3]/span/a
Trying to find Element By : By.xpath: //table/tbody/tr[1]/td[3]/span/a
Found Element By : By.xpath: //table/tbody/tr[1]/td[3]/span/a
Trying to find Element By : By.xpath: //table/tbody/tr[1]/td[3]/span/a
Found Element By : By.xpath: //table/tbody/tr[1]/td[3]/span/a
Trying to find Element By : By.xpath: //table/tbody/tr[1]/td[3]/span/a
Found Element By : By.xpath: //table/tbody/tr[1]/td[3]/span/a
Trying to find Element By : By.xpath: //table/tbody/tr[1]/td[3]/span/a
Found Element By : By.xpath: //table/tbody/tr[1]/td[3]/span/a
Trying to find Element By : By.xpath: //table/tbody/tr[1]/td[3]/span/a
Found Element By : By.xpath: //table/tbody/tr[1]/td[3]/span/a
Trying to find Element By : By.xpath: //table/tbody/tr[1]/td[3]/span/a
Found Element By : By.xpath: //table/tbody/tr[1]/td[3]/span/a
Trying to find Element By : By.xpath: //table/tbody/tr[1]/td[3]/span/a
Found Element By : By.xpath: //table/tbody/tr[1]/td[3]/span/a
Trying to find Element By : By.xpath: //table/tbody/tr[1]/td[3]/span/a
Found Element By : By.xpath: //table/tbody/tr[1]/td[3]/span/a
Trying to find Element By : By.xpath: //table/tbody/tr[1]/td[3]/span/a
Found Element By : By.xpath: //table/tbody/tr[1]/td[3]/span/a
Trying to find Element By : By.xpath: //table/tbody/tr[1]/td[3]/span/a
Found Element By : By.xpath: //table/tbody/tr[1]/td[3]/span/a
Trying to find Element By : By.xpath: //table/tbody/tr[1]/td[3]/span/a
Found Element By : By.xpath: //table/tbody/tr[1]/td[3]/span/a
Trying to find Element By : By.xpath: //table/tbody/tr[1]/td[3]/span/a
Found Element By : By.xpath: //table/tbody/tr[1]/td[3]/span/a
Trying to find Element By : By.xpath: //table/tbody/tr[1]/td[3]/span/a
Found Element By : By.xpath: //table/tbody/tr[1]/td[3]/span/a
Trying to find Element By : By.xpath: //table/tbody/tr[1]/td[3]/span/a
Found Element By : By.xpath: //table/tbody/tr[1]/td[3]/span/a
Trying to find Element By : By.xpath: //table/tbody/tr[1]/td[3]/span/a
Found Element By : By.xpath: //table/tbody/tr[1]/td[3]/span/a
Trying to find Element By : By.xpath: //table/tbody/tr[1]/td[3]/span/a
Found Element By : By.xpath: //table/tbody/tr[1]/td[3]/span/a
Trying to find Element By : By.xpath: //table/tbody/tr[1]/td[3]/span/a
Found Element By : By.xpath: //table/tbody/tr[1]/td[3]/span/a
Trying to find Element By : By.xpath: //table/tbody/tr[1]/td[3]/span/a
Found Element By : By.xpath: //table/tbody/tr[1]/td[3]/span/a
Trying to find Element By : By.xpath: //table/tbody/tr[1]/td[3]/span/a
Found Element By : By.xpath: //table/tbody/tr[1]/td[3]/span/a
Trying to find Element By : By.xpath: //table/tbody/tr[1]/td[3]/span/a
Found Element By : By.xpath: //table/tbody/tr[1]/td[3]/span/a
Trying to find Element By : By.xpath: //table/tbody/tr[1]/td[3]/span/a
Found Element By : By.xpath: //table/tbody/tr[1]/td[3]/span/a
Trying to find Element By : By.xpath: //table/tbody/tr[1]/td[3]/span/a
Found Element By : By.xpath: //table/tbody/tr[1]/td[3]/span/a
Trying to find Element By : By.xpath: //table/tbody/tr[1]/td[3]/span/a
Found Element By : By.xpath: //table/tbody/tr[1]/td[3]/span/a
Trying to find Element By : By.xpath: //table/tbody/tr[1]/td[3]/span/a
Found Element By : By.xpath: //table/tbody/tr[1]/td[3]/span/a
Trying to find Element By : By.xpath: //table/tbody/tr[1]/td[3]/span/a
Found Element By : By.xpath: //table/tbody/tr[1]/td[3]/span/a
Trying to find Element By : By.xpath: //table/tbody/tr[1]/td[3]/span/a
Found Element By : By.xpath: //table/tbody/tr[1]/td[3]/span/a
Trying to find Element By : By.xpath: //table/tbody/tr[1]/td[3]/span/a
Found Element By : By.xpath: //table/tbody/tr[1]/td[3]/span/a
Trying to find Element By : By.xpath: //table/tbody/tr[1]/td[3]/span/a
Found Element By : By.xpath: //table/tbody/tr[1]/td[3]/span/a
Trying to find Element By : By.xpath: //table/tbody/tr[1]/td[3]/span/a
Found Element By : By.xpath: //table/tbody/tr[1]/td[3]/span/a
Trying to find Element By : By.xpath: //table/tbody/tr[1]/td[3]/span/a
Found Element By : By.xpath: //table/tbody/tr[1]/td[3]/span/a
Trying to find Element By : By.xpath: //table/tbody/tr[1]/td[3]/span/a
Found Element By : By.xpath: //table/tbody/tr[1]/td[3]/span/a
Trying to find Element By : By.xpath: //table/tbody/tr[1]/td[3]/span/a
Found Element By : By.xpath: //table/tbody/tr[1]/td[3]/span/a
Trying to find Element By : By.xpath: //table/tbody/tr[1]/td[3]/span/a
Found Element By : By.xpath: //table/tbody/tr[1]/td[3]/span/a
Trying to find Element By : By.xpath: //table/tbody/tr[1]/td[3]/span/a
Found Element By : By.xpath: //table/tbody/tr[1]/td[3]/span/a
Trying to find Element By : By.xpath: //table/tbody/tr[1]/td[3]/span/a
Found Element By : By.xpath: //table/tbody/tr[1]/td[3]/span/a
Trying to find Element By : By.xpath: //table/tbody/tr[1]/td[3]/span/a
Found Element By : By.xpath: //table/tbody/tr[1]/td[3]/span/a
Trying to find Element By : By.xpath: //table/tbody/tr[1]/td[3]/span/a
Found Element By : By.xpath: //table/tbody/tr[1]/td[3]/span/a
Trying to find Element By : By.xpath: //table/tbody/tr[1]/td[3]/span/a
Found Element By : By.xpath: //table/tbody/tr[1]/td[3]/span/a
Trying to find Element By : By.xpath: //table/tbody/tr[1]/td[3]/span/a
Found Element By : By.xpath: //table/tbody/tr[1]/td[3]/span/a
Trying to find Element By : By.xpath: //table/tbody/tr[1]/td[3]/span/a
Found Element By : By.xpath: //table/tbody/tr[1]/td[3]/span/a
Trying to find Element By : By.xpath: //table/tbody/tr[1]/td[3]/span/a
Found Element By : By.xpath: //table/tbody/tr[1]/td[3]/span/a
Trying to find Element By : By.xpath: //table/tbody/tr[1]/td[3]/span/a
Found Element By : By.xpath: //table/tbody/tr[1]/td[3]/span/a
Trying to find Element By : By.xpath: //table/tbody/tr[1]/td[3]/span/a
Found Element By : By.xpath: //table/tbody/tr[1]/td[3]/span/a
Trying to find Element By : By.xpath: //table/tbody/tr[1]/td[3]/span/a
Found Element By : By.xpath: //table/tbody/tr[1]/td[3]/span/a
Trying to find Element By : By.xpath: //table/tbody/tr[1]/td[3]/span/a
Found Element By : By.xpath: //table/tbody/tr[1]/td[3]/span/a
Trying to find Element By : By.xpath: //table/tbody/tr[1]/td[3]/span/a
Found Element By : By.xpath: //table/tbody/tr[1]/td[3]/span/a
Trying to find Element By : By.xpath: //table/tbody/tr[1]/td[3]/span/a
Found Element By : By.xpath: //table/tbody/tr[1]/td[3]/span/a
Trying to find Element By : By.xpath: //table/tbody/tr[1]/td[3]/span/a
Found Element By : By.xpath: //table/tbody/tr[1]/td[3]/span/a
Trying to find Element By : By.xpath: //table/tbody/tr[1]/td[3]/span/a
Found Element By : By.xpath: //table/tbody/tr[1]/td[3]/span/a
Trying to find Element By : By.xpath: //table/tbody/tr[1]/td[3]/span/a
Found Element By : By.xpath: //table/tbody/tr[1]/td[3]/span/a
Trying to find Element By : By.xpath: //table/tbody/tr[1]/td[3]/span/a
Found Element By : By.xpath: //table/tbody/tr[1]/td[3]/span/a
Trying to find Element By : By.xpath: //table/tbody/tr[1]/td[3]/span/a
Found Element By : By.xpath: //table/tbody/tr[1]/td[3]/span/a
Trying to find Element By : By.xpath: //table/tbody/tr[1]/td[3]/span/a
Found Element By : By.xpath: //table/tbody/tr[1]/td[3]/span/a
Trying to find Element By : By.xpath: //table/tbody/tr[1]/td[3]/span/a
Found Element By : By.xpath: //table/tbody/tr[1]/td[3]/span/a
Trying to find Element By : By.xpath: //table/tbody/tr[1]/td[3]/span/a
Found Element By : By.xpath: //table/tbody/tr[1]/td[3]/span/a
Trying to find Element By : By.xpath: //table/tbody/tr[1]/td[3]/span/a
Found Element By : By.xpath: //table/tbody/tr[1]/td[3]/span/a
Trying to find Element By : By.xpath: //table/tbody/tr[1]/td[3]/span/a
Found Element By : By.xpath: //table/tbody/tr[1]/td[3]/span/a
Trying to find Element By : By.xpath: //table/tbody/tr[1]/td[3]/span/a
Found Element By : By.xpath: //table/tbody/tr[1]/td[3]/span/a
Trying to find Element By : By.xpath: //table/tbody/tr[1]/td[3]/span/a
Found Element By : By.xpath: //table/tbody/tr[1]/td[3]/span/a
Trying to find Element By : By.xpath: //table/tbody/tr[1]/td[3]/span/a
Found Element By : By.xpath: //table/tbody/tr[1]/td[3]/span/a
Trying to find Element By : By.xpath: //table/tbody/tr[1]/td[3]/span/a
Found Element By : By.xpath: //table/tbody/tr[1]/td[3]/span/a
Trying to find Element By : By.xpath: //table/tbody/tr[1]/td[3]/span/a
Found Element By : By.xpath: //table/tbody/tr[1]/td[3]/span/a
Trying to find Element By : By.xpath: //table/tbody/tr[1]/td[3]/span/a
Found Element By : By.xpath: //table/tbody/tr[1]/td[3]/span/a
Trying to find Element By : By.xpath: //table/tbody/tr[1]/td[3]/span/a
Found Element By : By.xpath: //table/tbody/tr[1]/td[3]/span/a
Trying to find Element By : By.xpath: //table/tbody/tr[1]/td[3]/span/a
Found Element By : By.xpath: //table/tbody/tr[1]/td[3]/span/a
Trying to find Element By : By.xpath: //table/tbody/tr[1]/td[3]/span/a
Found Element By : By.xpath: //table/tbody/tr[1]/td[3]/span/a
Trying to find Element By : By.xpath: //table/tbody/tr[1]/td[3]/span/a
Found Element By : By.xpath: //table/tbody/tr[1]/td[3]/span/a
Trying to find Element By : By.xpath: //table/tbody/tr[1]/td[3]/span/a
Found Element By : By.xpath: //table/tbody/tr[1]/td[3]/span/a
Trying to find Element By : By.xpath: //table/tbody/tr[1]/td[3]/span/a
Found Element By : By.xpath: //table/tbody/tr[1]/td[3]/span/a
Trying to find Element By : By.xpath: //table/tbody/tr[1]/td[3]/span/a
Found Element By : By.xpath: //table/tbody/tr[1]/td[3]/span/a
Trying to find Element By : By.xpath: //table/tbody/tr[1]/td[3]/span/a
Found Element By : By.xpath: //table/tbody/tr[1]/td[3]/span/a
Trying to find Element By : By.xpath: //table/tbody/tr[1]/td[3]/span/a
Found Element By : By.xpath: //table/tbody/tr[1]/td[3]/span/a
Trying to find Element By : By.xpath: //table/tbody/tr[1]/td[3]/span/a
Found Element By : By.xpath: //table/tbody/tr[1]/td[3]/span/a
Trying to find Element By : By.xpath: //table/tbody/tr[1]/td[3]/span/a
Found Element By : By.xpath: //table/tbody/tr[1]/td[3]/span/a
Trying to find Element By : By.xpath: //table/tbody/tr[1]/td[3]/span/a
Found Element By : By.xpath: //table/tbody/tr[1]/td[3]/span/a
Trying to find Element By : By.xpath: //table/tbody/tr[1]/td[3]/span/a
Found Element By : By.xpath: //table/tbody/tr[1]/td[3]/span/a
Trying to find Element By : By.xpath: //table/tbody/tr[1]/td[3]/span/a
Found Element By : By.xpath: //table/tbody/tr[1]/td[3]/span/a
Trying to find Element By : By.xpath: //table/tbody/tr[1]/td[3]/span/a
Found Element By : By.xpath: //table/tbody/tr[1]/td[3]/span/a
Trying to find Element By : By.xpath: //table/tbody/tr[1]/td[3]/span/a
Found Element By : By.xpath: //table/tbody/tr[1]/td[3]/span/a
Trying to find Element By : By.xpath: //table/tbody/tr[1]/td[3]/span/a
Found Element By : By.xpath: //table/tbody/tr[1]/td[3]/span/a
Trying to find Element By : By.xpath: //table/tbody/tr[1]/td[3]/span/a
Found Element By : By.xpath: //table/tbody/tr[1]/td[3]/span/a
Trying to find Element By : By.xpath: //table/tbody/tr[1]/td[3]/span/a
Found Element By : By.xpath: //table/tbody/tr[1]/td[3]/span/a
Trying to find Element By : By.xpath: //table/tbody/tr[1]/td[3]/span/a
Found Element By : By.xpath: //table/tbody/tr[1]/td[3]/span/a
Trying to find Element By : By.xpath: //table/tbody/tr[1]/td[3]/span/a
Found Element By : By.xpath: //table/tbody/tr[1]/td[3]/span/a
Trying to find Element By : By.xpath: //table/tbody/tr[1]/td[3]/span/a
Found Element By : By.xpath: //table/tbody/tr[1]/td[3]/span/a
Trying to find Element By : By.xpath: //table/tbody/tr[1]/td[3]/span/a
Found Element By : By.xpath: //table/tbody/tr[1]/td[3]/span/a
Trying to find Element By : By.xpath: //table/tbody/tr[1]/td[3]/span/a
Found Element By : By.xpath: //table/tbody/tr[1]/td[3]/span/a
Trying to find Element By : By.xpath: //table/tbody/tr[1]/td[3]/span/a
Found Element By : By.xpath: //table/tbody/tr[1]/td[3]/span/a
Trying to find Element By : By.xpath: //table/tbody/tr[1]/td[3]/span/a
Found Element By : By.xpath: //table/tbody/tr[1]/td[3]/span/a
Trying to find Element By : By.xpath: //table/tbody/tr[1]/td[3]/span/a
Found Element By : By.xpath: //table/tbody/tr[1]/td[3]/span/a
Trying to find Element By : By.xpath: //table/tbody/tr[1]/td[3]/span/a
Found Element By : By.xpath: //table/tbody/tr[1]/td[3]/span/a
Trying to find Element By : By.xpath: //table/tbody/tr[1]/td[3]/span/a
Found Element By : By.xpath: //table/tbody/tr[1]/td[3]/span/a
Trying to find Element By : By.xpath: //table/tbody/tr[1]/td[3]/span/a
Found Element By : By.xpath: //table/tbody/tr[1]/td[3]/span/a
Trying to find Element By : By.xpath: //table/tbody/tr[1]/td[3]/span/a
Found Element By : By.xpath: //table/tbody/tr[1]/td[3]/span/a
Trying to find Element By : By.xpath: //table/tbody/tr[1]/td[3]/span/a
Found Element By : By.xpath: //table/tbody/tr[1]/td[3]/span/a
Trying to find Element By : By.xpath: //table/tbody/tr[1]/td[3]/span/a
Found Element By : By.xpath: //table/tbody/tr[1]/td[3]/span/a
Trying to find Element By : By.xpath: //table/tbody/tr[1]/td[3]/span/a
Found Element By : By.xpath: //table/tbody/tr[1]/td[3]/span/a
Trying to find Element By : By.xpath: //table/tbody/tr[1]/td[3]/span/a
Found Element By : By.xpath: //table/tbody/tr[1]/td[3]/span/a
Trying to find Element By : By.xpath: //table/tbody/tr[1]/td[3]/span/a
Found Element By : By.xpath: //table/tbody/tr[1]/td[3]/span/a
Trying to find Element By : By.xpath: //table/tbody/tr[1]/td[3]/span/a
Found Element By : By.xpath: //table/tbody/tr[1]/td[3]/span/a
Trying to find Element By : By.xpath: //table/tbody/tr[1]/td[3]/span/a
Found Element By : By.xpath: //table/tbody/tr[1]/td[3]/span/a
Trying to find Element By : By.xpath: //table/tbody/tr[1]/td[3]/span/a
Found Element By : By.xpath: //table/tbody/tr[1]/td[3]/span/a
Trying to find Element By : By.xpath: //table/tbody/tr[1]/td[3]/span/a
Found Element By : By.xpath: //table/tbody/tr[1]/td[3]/span/a
Trying to find Element By : By.xpath: //table/tbody/tr[1]/td[3]/span/a
Found Element By : By.xpath: //table/tbody/tr[1]/td[3]/span/a
Trying to find Element By : By.xpath: //table/tbody/tr[1]/td[3]/span/a
Found Element By : By.xpath: //table/tbody/tr[1]/td[3]/span/a
Trying to find Element By : By.xpath: //table/tbody/tr[1]/td[3]/span/a
Found Element By : By.xpath: //table/tbody/tr[1]/td[3]/span/a
Trying to find Element By : By.xpath: //table/tbody/tr[1]/td[3]/span/a
Found Element By : By.xpath: //table/tbody/tr[1]/td[3]/span/a
Trying to find Element By : By.xpath: //table/tbody/tr[1]/td[3]/span/a
Found Element By : By.xpath: //table/tbody/tr[1]/td[3]/span/a
Trying to find Element By : By.xpath: //table/tbody/tr[1]/td[3]/span/a
Found Element By : By.xpath: //table/tbody/tr[1]/td[3]/span/a
Trying to find Element By : By.xpath: //table/tbody/tr[1]/td[3]/span/a
Found Element By : By.xpath: //table/tbody/tr[1]/td[3]/span/a
Trying to find Element By : By.xpath: //table/tbody/tr[1]/td[3]/span/a
Found Element By : By.xpath: //table/tbody/tr[1]/td[3]/span/a
Trying to find Element By : By.xpath: //table/tbody/tr[1]/td[3]/span/a
Found Element By : By.xpath: //table/tbody/tr[1]/td[3]/span/a
Trying to find Element By : By.xpath: //table/tbody/tr[1]/td[3]/span/a
Found Element By : By.xpath: //table/tbody/tr[1]/td[3]/span/a
Trying to find Element By : By.xpath: //table/tbody/tr[1]/td[3]/span/a
Found Element By : By.xpath: //table/tbody/tr[1]/td[3]/span/a
Trying to find Element By : By.xpath: //table/tbody/tr[1]/td[3]/span/a
Found Element By : By.xpath: //table/tbody/tr[1]/td[3]/span/a
Trying to find Element By : By.xpath: //table/tbody/tr[1]/td[3]/span/a
Found Element By : By.xpath: //table/tbody/tr[1]/td[3]/span/a
Trying to find Element By : By.xpath: //table/tbody/tr[1]/td[3]/span/a
Found Element By : By.xpath: //table/tbody/tr[1]/td[3]/span/a
Trying to find Element By : By.xpath: //table/tbody/tr[1]/td[3]/span/a
Found Element By : By.xpath: //table/tbody/tr[1]/td[3]/span/a
Trying to find Element By : By.xpath: //table/tbody/tr[1]/td[3]/span/a
Found Element By : By.xpath: //table/tbody/tr[1]/td[3]/span/a
Trying to find Element By : By.xpath: //table/tbody/tr[1]/td[3]/span/a
Found Element By : By.xpath: //table/tbody/tr[1]/td[3]/span/a
Trying to find Element By : By.xpath: //table/tbody/tr[1]/td[3]/span/a
Found Element By : By.xpath: //table/tbody/tr[1]/td[3]/span/a
Trying to find Element By : By.xpath: //table/tbody/tr[1]/td[3]/span/a
Found Element By : By.xpath: //table/tbody/tr[1]/td[3]/span/a
Trying to find Element By : By.xpath: //table/tbody/tr[1]/td[3]/span/a
Found Element By : By.xpath: //table/tbody/tr[1]/td[3]/span/a
Trying to find Element By : By.xpath: //table/tbody/tr[1]/td[3]/span/a
Found Element By : By.xpath: //table/tbody/tr[1]/td[3]/span/a
Trying to find Element By : By.xpath: //table/tbody/tr[1]/td[3]/span/a
Found Element By : By.xpath: //table/tbody/tr[1]/td[3]/span/a
Trying to find Element By : By.xpath: //table/tbody/tr[1]/td[3]/span/a
Found Element By : By.xpath: //table/tbody/tr[1]/td[3]/span/a
Trying to find Element By : By.xpath: //table/tbody/tr[1]/td[3]/span/a
Found Element By : By.xpath: //table/tbody/tr[1]/td[3]/span/a
Trying to find Element By : By.xpath: //table/tbody/tr[1]/td[3]/span/a
Found Element By : By.xpath: //table/tbody/tr[1]/td[3]/span/a
Trying to find Element By : By.xpath: //table/tbody/tr[1]/td[3]/span/a
Found Element By : By.xpath: //table/tbody/tr[1]/td[3]/span/a
Trying to find Element By : By.xpath: //table/tbody/tr[1]/td[3]/span/a
Found Element By : By.xpath: //table/tbody/tr[1]/td[3]/span/a
Trying to find Element By : By.xpath: //table/tbody/tr[1]/td[3]/span/a
Found Element By : By.xpath: //table/tbody/tr[1]/td[3]/span/a
Trying to find Element By : By.xpath: //table/tbody/tr[1]/td[3]/span/a
Found Element By : By.xpath: //table/tbody/tr[1]/td[3]/span/a
Trying to find Element By : By.xpath: //table/tbody/tr[1]/td[3]/span/a
Found Element By : By.xpath: //table/tbody/tr[1]/td[3]/span/a
Trying to find Element By : By.xpath: //table/tbody/tr[1]/td[3]/span/a
Found Element By : By.xpath: //table/tbody/tr[1]/td[3]/span/a
Trying to find Element By : By.xpath: //table/tbody/tr[1]/td[3]/span/a
Found Element By : By.xpath: //table/tbody/tr[1]/td[3]/span/a
Trying to find Element By : By.xpath: //table/tbody/tr[1]/td[3]/span/a
Found Element By : By.xpath: //table/tbody/tr[1]/td[3]/span/a
Trying to find Element By : By.xpath: //table/tbody/tr[1]/td[3]/span/a
Found Element By : By.xpath: //table/tbody/tr[1]/td[3]/span/a
Trying to find Element By : By.xpath: //table/tbody/tr[1]/td[3]/span/a
Found Element By : By.xpath: //table/tbody/tr[1]/td[3]/span/a
Trying to find Element By : By.xpath: //table/tbody/tr[1]/td[3]/span/a
Found Element By : By.xpath: //table/tbody/tr[1]/td[3]/span/a
Trying to find Element By : By.xpath: //table/tbody/tr[1]/td[3]/span/a
Found Element By : By.xpath: //table/tbody/tr[1]/td[3]/span/a
Trying to find Element By : By.xpath: //table/tbody/tr[1]/td[3]/span/a
Found Element By : By.xpath: //table/tbody/tr[1]/td[3]/span/a
Trying to find Element By : By.xpath: //table/tbody/tr[1]/td[3]/span/a
Found Element By : By.xpath: //table/tbody/tr[1]/td[3]/span/a
Trying to find Element By : By.xpath: //table/tbody/tr[1]/td[3]/span/a
Found Element By : By.xpath: //table/tbody/tr[1]/td[3]/span/a
Trying to find Element By : By.xpath: //table/tbody/tr[1]/td[3]/span/a
Found Element By : By.xpath: //table/tbody/tr[1]/td[3]/span/a
Trying to find Element By : By.xpath: //table/tbody/tr[1]/td[3]/span/a
Found Element By : By.xpath: //table/tbody/tr[1]/td[3]/span/a
Trying to find Element By : By.xpath: //table/tbody/tr[1]/td[3]/span/a
Found Element By : By.xpath: //table/tbody/tr[1]/td[3]/span/a
Trying to find Element By : By.xpath: //table/tbody/tr[1]/td[3]/span/a
Found Element By : By.xpath: //table/tbody/tr[1]/td[3]/span/a
Trying to find Element By : By.xpath: //table/tbody/tr[1]/td[3]/span/a
Found Element By : By.xpath: //table/tbody/tr[1]/td[3]/span/a
Trying to find Element By : By.xpath: //table/tbody/tr[1]/td[3]/span/a
Found Element By : By.xpath: //table/tbody/tr[1]/td[3]/span/a
Trying to find Element By : By.xpath: //table/tbody/tr[1]/td[3]/span/a
Found Element By : By.xpath: //table/tbody/tr[1]/td[3]/span/a
Trying to find Element By : By.xpath: //table/tbody/tr[1]/td[3]/span/a
Found Element By : By.xpath: //table/tbody/tr[1]/td[3]/span/a
Trying to find Element By : By.xpath: //table/tbody/tr[1]/td[3]/span/a
Found Element By : By.xpath: //table/tbody/tr[1]/td[3]/span/a
Trying to find Element By : By.xpath: //table/tbody/tr[1]/td[3]/span/a
Found Element By : By.xpath: //table/tbody/tr[1]/td[3]/span/a
Trying to find Element By : By.xpath: //table/tbody/tr[1]/td[3]/span/a
Found Element By : By.xpath: //table/tbody/tr[1]/td[3]/span/a
Trying to find Element By : By.xpath: //table/tbody/tr[1]/td[3]/span/a
Found Element By : By.xpath: //table/tbody/tr[1]/td[3]/span/a
Trying to find Element By : By.xpath: //table/tbody/tr[1]/td[3]/span/a
Found Element By : By.xpath: //table/tbody/tr[1]/td[3]/span/a
Trying to find Element By : By.xpath: //table/tbody/tr[1]/td[3]/span/a
Found Element By : By.xpath: //table/tbody/tr[1]/td[3]/span/a
Trying to find Element By : By.xpath: //table/tbody/tr[1]/td[3]/span/a
Found Element By : By.xpath: //table/tbody/tr[1]/td[3]/span/a
Trying to find Element By : By.xpath: //table/tbody/tr[1]/td[3]/span/a
Found Element By : By.xpath: //table/tbody/tr[1]/td[3]/span/a
Trying to find Element By : By.xpath: //table/tbody/tr[1]/td[3]/span/a
Found Element By : By.xpath: //table/tbody/tr[1]/td[3]/span/a
Trying to find Element By : By.xpath: //table/tbody/tr[1]/td[3]/span/a
Found Element By : By.xpath: //table/tbody/tr[1]/td[3]/span/a
Trying to find Element By : By.xpath: //table/tbody/tr[1]/td[3]/span/a
Found Element By : By.xpath: //table/tbody/tr[1]/td[3]/span/a
Trying to find Element By : By.xpath: //table/tbody/tr[1]/td[3]/span/a
Found Element By : By.xpath: //table/tbody/tr[1]/td[3]/span/a
Trying to find Element By : By.xpath: //table/tbody/tr[1]/td[3]/span/a
Found Element By : By.xpath: //table/tbody/tr[1]/td[3]/span/a
Trying to find Element By : By.xpath: //table/tbody/tr[1]/td[3]/span/a
Found Element By : By.xpath: //table/tbody/tr[1]/td[3]/span/a
Trying to find Element By : By.xpath: //table/tbody/tr[1]/td[3]/span/a
Found Element By : By.xpath: //table/tbody/tr[1]/td[3]/span/a
Trying to find Element By : By.xpath: //table/tbody/tr[1]/td[3]/span/a
Found Element By : By.xpath: //table/tbody/tr[1]/td[3]/span/a
Trying to find Element By : By.xpath: //table/tbody/tr[1]/td[3]/span/a
Found Element By : By.xpath: //table/tbody/tr[1]/td[3]/span/a
Trying to find Element By : By.xpath: //table/tbody/tr[1]/td[3]/span/a
Found Element By : By.xpath: //table/tbody/tr[1]/td[3]/span/a
Trying to find Element By : By.xpath: //table/tbody/tr[1]/td[3]/span/a
Found Element By : By.xpath: //table/tbody/tr[1]/td[3]/span/a
Trying to find Element By : By.xpath: //table/tbody/tr[1]/td[3]/span/a
Found Element By : By.xpath: //table/tbody/tr[1]/td[3]/span/a
Trying to find Element By : By.xpath: //table/tbody/tr[1]/td[3]/span/a
Found Element By : By.xpath: //table/tbody/tr[1]/td[3]/span/a
Trying to find Element By : By.xpath: //table/tbody/tr[1]/td[3]/span/a
Found Element By : By.xpath: //table/tbody/tr[1]/td[3]/span/a
Trying to find Element By : By.xpath: //table/tbody/tr[1]/td[3]/span/a
Found Element By : By.xpath: //table/tbody/tr[1]/td[3]/span/a
Trying to find Element By : By.xpath: //table/tbody/tr[1]/td[3]/span/a
Found Element By : By.xpath: //table/tbody/tr[1]/td[3]/span/a
Trying to find Element By : By.xpath: //table/tbody/tr[1]/td[3]/span/a
Found Element By : By.xpath: //table/tbody/tr[1]/td[3]/span/a
Trying to find Element By : By.xpath: //table/tbody/tr[1]/td[3]/span/a
Found Element By : By.xpath: //table/tbody/tr[1]/td[3]/span/a
Trying to find Element By : By.xpath: //table/tbody/tr[1]/td[3]/span/a
Found Element By : By.xpath: //table/tbody/tr[1]/td[3]/span/a
Trying to find Element By : By.xpath: //table/tbody/tr[1]/td[3]/span/a
Found Element By : By.xpath: //table/tbody/tr[1]/td[3]/span/a
Trying to find Element By : By.xpath: //table/tbody/tr[1]/td[3]/span/a
Found Element By : By.xpath: //table/tbody/tr[1]/td[3]/span/a
Trying to find Element By : By.xpath: //table/tbody/tr[1]/td[3]/span/a
Found Element By : By.xpath: //table/tbody/tr[1]/td[3]/span/a
Trying to find Element By : By.xpath: //table/tbody/tr[1]/td[3]/span/a
Found Element By : By.xpath: //table/tbody/tr[1]/td[3]/span/a
Trying to find Element By : By.xpath: //table/tbody/tr[1]/td[3]/span/a
Found Element By : By.xpath: //table/tbody/tr[1]/td[3]/span/a
Trying to find Element By : By.xpath: //table/tbody/tr[1]/td[3]/span/a
Found Element By : By.xpath: //table/tbody/tr[1]/td[3]/span/a
Trying to find Element By : By.xpath: //table/tbody/tr[1]/td[3]/span/a
Found Element By : By.xpath: //table/tbody/tr[1]/td[3]/span/a
Trying to find Element By : By.xpath: //table/tbody/tr[1]/td[3]/span/a
Found Element By : By.xpath: //table/tbody/tr[1]/td[3]/span/a
Trying to find Element By : By.xpath: //table/tbody/tr[1]/td[3]/span/a
Found Element By : By.xpath: //table/tbody/tr[1]/td[3]/span/a
Trying to find Element By : By.xpath: //table/tbody/tr[1]/td[3]/span/a
Found Element By : By.xpath: //table/tbody/tr[1]/td[3]/span/a
Trying to find Element By : By.xpath: //table/tbody/tr[1]/td[3]/span/a
Found Element By : By.xpath: //table/tbody/tr[1]/td[3]/span/a
Trying to find Element By : By.xpath: //table/tbody/tr[1]/td[3]/span/a
Found Element By : By.xpath: //table/tbody/tr[1]/td[3]/span/a
Trying to find Element By : By.xpath: //table/tbody/tr[1]/td[3]/span/a
Found Element By : By.xpath: //table/tbody/tr[1]/td[3]/span/a
Trying to find Element By : By.xpath: //table/tbody/tr[1]/td[3]/span/a
Found Element By : By.xpath: //table/tbody/tr[1]/td[3]/span/a
Trying to find Element By : By.xpath: //table/tbody/tr[1]/td[3]/span/a
Found Element By : By.xpath: //table/tbody/tr[1]/td[3]/span/a
Trying to find Element By : By.xpath: //table/tbody/tr[1]/td[3]/span/a
Found Element By : By.xpath: //table/tbody/tr[1]/td[3]/span/a
Trying to find Element By : By.xpath: //table/tbody/tr[1]/td[3]/span/a
Found Element By : By.xpath: //table/tbody/tr[1]/td[3]/span/a
Trying to find Element By : By.xpath: //table/tbody/tr[1]/td[3]/span/a
Found Element By : By.xpath: //table/tbody/tr[1]/td[3]/span/a
Trying to find Element By : By.xpath: //table/tbody/tr[1]/td[3]/span/a
Found Element By : By.xpath: //table/tbody/tr[1]/td[3]/span/a
Trying to find Element By : By.xpath: //table/tbody/tr[1]/td[3]/span/a
Found Element By : By.xpath: //table/tbody/tr[1]/td[3]/span/a
Trying to find Element By : By.xpath: //table/tbody/tr[1]/td[3]/span/a
Found Element By : By.xpath: //table/tbody/tr[1]/td[3]/span/a
Trying to find Element By : By.xpath: //table/tbody/tr[1]/td[3]/span/a
Found Element By : By.xpath: //table/tbody/tr[1]/td[3]/span/a
Trying to find Element By : By.xpath: //table/tbody/tr[1]/td[3]/span/a
Found Element By : By.xpath: //table/tbody/tr[1]/td[3]/span/a
Trying to find Element By : By.xpath: //table/tbody/tr[1]/td[3]/span/a
Found Element By : By.xpath: //table/tbody/tr[1]/td[3]/span/a
Trying to find Element By : By.xpath: //table/tbody/tr[1]/td[3]/span/a
Found Element By : By.xpath: //table/tbody/tr[1]/td[3]/span/a
Trying to find Element By : By.xpath: //table/tbody/tr[1]/td[3]/span/a
Found Element By : By.xpath: //table/tbody/tr[1]/td[3]/span/a
Trying to find Element By : By.xpath: //table/tbody/tr[1]/td[3]/span/a
Found Element By : By.xpath: //table/tbody/tr[1]/td[3]/span/a
Trying to find Element By : By.xpath: //table/tbody/tr[1]/td[3]/span/a
Found Element By : By.xpath: //table/tbody/tr[1]/td[3]/span/a
Trying to find Element By : By.xpath: //table/tbody/tr[1]/td[3]/span/a
Found Element By : By.xpath: //table/tbody/tr[1]/td[3]/span/a
Trying to find Element By : By.xpath: //table/tbody/tr[1]/td[3]/span/a
Found Element By : By.xpath: //table/tbody/tr[1]/td[3]/span/a
Trying to find Element By : By.xpath: //table/tbody/tr[1]/td[3]/span/a
Found Element By : By.xpath: //table/tbody/tr[1]/td[3]/span/a
Trying to find Element By : By.xpath: //table/tbody/tr[1]/td[3]/span/a
Found Element By : By.xpath: //table/tbody/tr[1]/td[3]/span/a
Trying to find Element By : By.xpath: //table/tbody/tr[1]/td[3]/span/a
Found Element By : By.xpath: //table/tbody/tr[1]/td[3]/span/a
Trying to find Element By : By.xpath: //table/tbody/tr[1]/td[3]/span/a
Found Element By : By.xpath: //table/tbody/tr[1]/td[3]/span/a
Trying to find Element By : By.xpath: //table/tbody/tr[1]/td[3]/span/a
Found Element By : By.xpath: //table/tbody/tr[1]/td[3]/span/a
Trying to find Element By : By.xpath: //table/tbody/tr[1]/td[3]/span/a
Found Element By : By.xpath: //table/tbody/tr[1]/td[3]/span/a
Trying to find Element By : By.xpath: //table/tbody/tr[1]/td[3]/span/a
Found Element By : By.xpath: //table/tbody/tr[1]/td[3]/span/a
Trying to find Element By : By.xpath: //table/tbody/tr[1]/td[3]/span/a
Found Element By : By.xpath: //table/tbody/tr[1]/td[3]/span/a
Trying to find Element By : By.xpath: //table/tbody/tr[1]/td[3]/span/a
Found Element By : By.xpath: //table/tbody/tr[1]/td[3]/span/a
Trying to find Element By : By.xpath: //table/tbody/tr[1]/td[3]/span/a
Found Element By : By.xpath: //table/tbody/tr[1]/td[3]/span/a
Trying to find Element By : By.xpath: //table/tbody/tr[1]/td[3]/span/a
Found Element By : By.xpath: //table/tbody/tr[1]/td[3]/span/a
Before navigating to: 'http://qa-publisher-portal.rmp.rakuten.com/login'
Navigated to:'http://qa-publisher-portal.rmp.rakuten.com/login'

  Scenario: Verify if user is able to create the disabled Seat with admin role. &amp#27;[90m# RXSeats.feature:38&amp#27;[0m
    &amp#27;[32mGiven &amp#27;[0m&amp#27;[32madmin user login to RX UI with valid username and password&amp#27;[0m            &amp#27;[90m# ProfileStepDefinition.admin_user_login_to_RX_UI_with_valid_username_and_password()&amp#27;[0m
    &amp#27;[32mWhen &amp#27;[0m&amp#27;[32mClick on create seat button.&amp#27;[0m                                           &amp#27;[90m# SeatsPageStepsDefinition.click_on_create_seat_button()&amp#27;[0m
    &amp#27;[32mThen &amp#27;[0m&amp#27;[32mFill the disabled create seat page .&amp#27;[0m                                   &amp#27;[90m# SeatsPageStepsDefinition.fill_the_disabled_create_seat_page()&amp#27;[0m
    &amp#27;[32mThen &amp#27;[0m&amp#27;[32mClick on Save and close the create seat page&amp#27;[0m                           &amp#27;[90m# SeatsPageStepsDefinition.click_on_Save()&amp#27;[0m
    &amp#27;[31mThen &amp#27;[0m&amp#27;[31mNavigate to disabled create seat page and validate the filled data.&amp#27;[0m    &amp#27;[90m# SeatsPageStepsDefinition.navigate_to_disabled_create_seat_page_and_validate_the_filled_data()&amp#27;[0m
      &amp#27;[31morg.openqa.selenium.TimeoutException: Expected condition failed: waiting for text ('Test Seat9j5v2') to be present in element [[ChromeDriver: chrome on MAC (1d18907684dd51e19f8701c0198e8eab)] -> xpath: //table/tbody/tr[1]/td[3]/span/a] (tried for 1000 second(s) with 500 milliseconds interval)
      Build info: version: '3.11.0', revision: 'e59cfb3', time: '2018-03-11T20:26:55.152Z'
      System info: host: 'RINMAC632', ip: 'fe80:0:0:0:48d:2e77:d6ee:c314%en0', os.name: 'Mac OS X', os.arch: 'x86_64', os.version: '10.14.6', java.version: '11.0.5'
      Driver info: org.openqa.selenium.support.events.EventFiringWebDriver
      Capabilities {acceptInsecureCerts: false, browserName: chrome, browserVersion: 83.0.4103.97, chrome: {chromedriverVersion: 83.0.4103.39 (ccbf011cb2d2b..., userDataDir: /var/folders/gx/88xk1g2945q...}, goog:chromeOptions: {debuggerAddress: localhost:59867}, javascriptEnabled: true, networkConnectionEnabled: false, pageLoadStrategy: normal, platform: MAC, platformName: MAC, proxy: Proxy(), setWindowRect: true, strictFileInteractability: false, timeouts: {implicit: 0, pageLoad: 300000, script: 30000}, unhandledPromptBehavior: dismiss and notify, webauthn:virtualAuthenticators: true}
      Session ID: 1d18907684dd51e19f8701c0198e8eab
      	at org.openqa.selenium.support.ui.WebDriverWait.timeoutException(WebDriverWait.java:81)
      	at org.openqa.selenium.support.ui.FluentWait.until(FluentWait.java:271)
      	at RXPages.RXSeatsPage.getTheSeatIdandClickCheckBox(RXSeatsPage.java:379)
      	at stepDefinitions.SeatsPageStepsDefinition.navigate_to_disabled_create_seat_page_and_validate_the_filled_data(SeatsPageStepsDefinition.java:627)
      	at ✽.Then Navigate to disabled create seat page and validate the filled data.(RXSeats.feature:43)
      &amp#27;[0m
    &amp#27;[36mThen &amp#27;[0m&amp#27;[36mValidate the created seat data reflects in the disabled tab.&amp#27;[0m           &amp#27;[90m# SeatsPageStepsDefinition.validate_the_created_seat_data_reflects_in_the_disabled_tab()&amp#27;[0m
Trying to find Element By : By.xpath: //input[@autofocus="autofocus"]
Found Element By : By.xpath: //input[@autofocus="autofocus"]
Value of the:[[ChromeDriver: chrome on MAC (ae51e8ccf087b42be6402f36560c42cc)] -> xpath: //input[@autofocus="autofocus"]] before any changes made
Element value changed to: [[ChromeDriver: chrome on MAC (ae51e8ccf087b42be6402f36560c42cc)] -> xpath: //input[@autofocus="autofocus"]]
Trying to find Element By : By.xpath: //input[@type="password"]
Found Element By : By.xpath: //input[@type="password"]
Value of the:[[ChromeDriver: chrome on MAC (ae51e8ccf087b42be6402f36560c42cc)] -> xpath: //input[@type="password"]] before any changes made
Element value changed to: [[ChromeDriver: chrome on MAC (ae51e8ccf087b42be6402f36560c42cc)] -> xpath: //input[@type="password"]]
Trying to find Element By : By.xpath: //span[text()='Login']
Found Element By : By.xpath: //span[text()='Login']
Trying to click on: [[ChromeDriver: chrome on MAC (ae51e8ccf087b42be6402f36560c42cc)] -> xpath: //span[text()='Login']]
Clicked on: [[ChromeDriver: chrome on MAC (ae51e8ccf087b42be6402f36560c42cc)] -> xpath: //span[text()='Login']]
Trying to find Element By : By.xpath: //div[@class="logo"]
Before navigating to: 'http://qa-publisher-portal.rmp.rakuten.com/login'
Navigated to:'http://qa-publisher-portal.rmp.rakuten.com/login'

  Scenario: Verify if user is able to edit the Active Seat details with admin role. &amp#27;[90m# RXSeats.feature:46&amp#27;[0m
    &amp#27;[31mGiven &amp#27;[0m&amp#27;[31madmin user login to RX UI with valid username and password&amp#27;[0m                &amp#27;[90m# ProfileStepDefinition.admin_user_login_to_RX_UI_with_valid_username_and_password()&amp#27;[0m
      &amp#27;[31morg.openqa.selenium.NoSuchElementException: no such element: Unable to locate element: {"method":"xpath","selector":"//div[@class="logo"]"}
        (Session info: chrome=83.0.4103.97)
      For documentation on this error, please visit: http://seleniumhq.org/exceptions/no_such_element.html
      Build info: version: '3.11.0', revision: 'e59cfb3', time: '2018-03-11T20:26:55.152Z'
      System info: host: 'RINMAC632', ip: 'fe80:0:0:0:48d:2e77:d6ee:c314%en0', os.name: 'Mac OS X', os.arch: 'x86_64', os.version: '10.14.6', java.version: '11.0.5'
      Driver info: org.openqa.selenium.chrome.ChromeDriver
      Capabilities {acceptInsecureCerts: false, browserName: chrome, browserVersion: 83.0.4103.97, chrome: {chromedriverVersion: 83.0.4103.39 (ccbf011cb2d2b..., userDataDir: /var/folders/gx/88xk1g2945q...}, goog:chromeOptions: {debuggerAddress: localhost:60556}, javascriptEnabled: true, networkConnectionEnabled: false, pageLoadStrategy: normal, platform: MAC, platformName: MAC, proxy: Proxy(), setWindowRect: true, strictFileInteractability: false, timeouts: {implicit: 0, pageLoad: 300000, script: 30000}, unhandledPromptBehavior: dismiss and notify, webauthn:virtualAuthenticators: true}
      Session ID: ae51e8ccf087b42be6402f36560c42cc
      *** Element info: {Using=xpath, value=//div[@class="logo"]}
      	at java.base/jdk.internal.reflect.NativeConstructorAccessorImpl.newInstance0(Native Method)
      	at java.base/jdk.internal.reflect.NativeConstructorAccessorImpl.newInstance(NativeConstructorAccessorImpl.java:62)
      	at java.base/jdk.internal.reflect.DelegatingConstructorAccessorImpl.newInstance(DelegatingConstructorAccessorImpl.java:45)
      	at java.base/java.lang.reflect.Constructor.newInstance(Constructor.java:490)
      	at org.openqa.selenium.remote.http.W3CHttpResponseCodec.createException(W3CHttpResponseCodec.java:187)
      	at org.openqa.selenium.remote.http.W3CHttpResponseCodec.decode(W3CHttpResponseCodec.java:122)
      	at org.openqa.selenium.remote.http.W3CHttpResponseCodec.decode(W3CHttpResponseCodec.java:49)
      	at org.openqa.selenium.remote.HttpCommandExecutor.execute(HttpCommandExecutor.java:158)
      	at org.openqa.selenium.remote.service.DriverCommandExecutor.execute(DriverCommandExecutor.java:83)
      	at org.openqa.selenium.remote.RemoteWebDriver.execute(RemoteWebDriver.java:545)
      	at org.openqa.selenium.remote.RemoteWebDriver.findElement(RemoteWebDriver.java:319)
      	at org.openqa.selenium.remote.RemoteWebDriver.findElementByXPath(RemoteWebDriver.java:421)
      	at org.openqa.selenium.By$ByXPath.findElement(By.java:361)
      	at org.openqa.selenium.remote.RemoteWebDriver.findElement(RemoteWebDriver.java:311)
      	at jdk.internal.reflect.GeneratedMethodAccessor13.invoke(Unknown Source)
      	at java.base/jdk.internal.reflect.DelegatingMethodAccessorImpl.invoke(DelegatingMethodAccessorImpl.java:43)
      	at java.base/java.lang.reflect.Method.invoke(Method.java:566)
      	at org.openqa.selenium.support.events.EventFiringWebDriver.lambda$new$1(EventFiringWebDriver.java:103)
      	at com.sun.proxy.$Proxy20.findElement(Unknown Source)
      	at org.openqa.selenium.support.events.EventFiringWebDriver.findElement(EventFiringWebDriver.java:186)
      	at org.openqa.selenium.support.pagefactory.DefaultElementLocator.findElement(DefaultElementLocator.java:69)
      	at org.openqa.selenium.support.pagefactory.internal.LocatingElementHandler.invoke(LocatingElementHandler.java:38)
      	at com.sun.proxy.$Proxy23.isDisplayed(Unknown Source)
      	at RXPages.PublisherListPage.logodisplayed(PublisherListPage.java:192)
      	at stepDefinitions.ProfileStepDefinition.admin_user_login_to_RX_UI_with_valid_username_and_password(ProfileStepDefinition.java:48)
      	at ✽.Given admin user login to RX UI with valid username and password(RXSeats.feature:47)
      &amp#27;[0m
    &amp#27;[36mWhen &amp#27;[0m&amp#27;[36mSelect the existing Active seat and click on edit.&amp#27;[0m                         &amp#27;[90m# SeatsPageStepsDefinition.select_the_existing_seat_and_click_on_edit()&amp#27;[0m
    &amp#27;[36mThen &amp#27;[0m&amp#27;[36mFill the Active create seat page .&amp#27;[0m                                         &amp#27;[90m# SeatsPageStepsDefinition.fill_the_Active_create_seat_page()&amp#27;[0m
    &amp#27;[36mThen &amp#27;[0m&amp#27;[36mClick on Save and close the create seat page&amp#27;[0m                               &amp#27;[90m# SeatsPageStepsDefinition.click_on_Save()&amp#27;[0m
    &amp#27;[36mThen &amp#27;[0m&amp#27;[36mNavigate to Active create seat and validate the filled data.&amp#27;[0m               &amp#27;[90m# SeatsPageStepsDefinition.navigate_to_Active_create_seat_and_validate_the_filled_data()&amp#27;[0m
    &amp#27;[36mThen &amp#27;[0m&amp#27;[36mValidate the created seat data reflects in the Active tab.&amp#27;[0m                 &amp#27;[90m# SeatsPageStepsDefinition.validate_the_created_seat_data_in_table()&amp#27;[0m
Trying to find Element By : By.xpath: //input[@autofocus="autofocus"]
Found Element By : By.xpath: //input[@autofocus="autofocus"]
Value of the:[[ChromeDriver: chrome on MAC (5032bfe3daefbdceb7ef95ace03cb4ba)] -> xpath: //input[@autofocus="autofocus"]] before any changes made
Element value changed to: [[ChromeDriver: chrome on MAC (5032bfe3daefbdceb7ef95ace03cb4ba)] -> xpath: //input[@autofocus="autofocus"]]
Trying to find Element By : By.xpath: //input[@type="password"]
Found Element By : By.xpath: //input[@type="password"]
Value of the:[[ChromeDriver: chrome on MAC (5032bfe3daefbdceb7ef95ace03cb4ba)] -> xpath: //input[@type="password"]] before any changes made
Element value changed to: [[ChromeDriver: chrome on MAC (5032bfe3daefbdceb7ef95ace03cb4ba)] -> xpath: //input[@type="password"]]
Trying to find Element By : By.xpath: //span[text()='Login']
Found Element By : By.xpath: //span[text()='Login']
Trying to click on: [[ChromeDriver: chrome on MAC (5032bfe3daefbdceb7ef95ace03cb4ba)] -> xpath: //span[text()='Login']]
Clicked on: [[ChromeDriver: chrome on MAC (5032bfe3daefbdceb7ef95ace03cb4ba)] -> xpath: //span[text()='Login']]
Trying to find Element By : By.xpath: //div[@class="logo"]
Before navigating to: 'http://qa-publisher-portal.rmp.rakuten.com/login'
Navigated to:'http://qa-publisher-portal.rmp.rakuten.com/login'

  Scenario: Verify if user is able to edit the Inactive Seat details with admin role. &amp#27;[90m# RXSeats.feature:54&amp#27;[0m
    &amp#27;[31mGiven &amp#27;[0m&amp#27;[31madmin user login to RX UI with valid username and password&amp#27;[0m                  &amp#27;[90m# ProfileStepDefinition.admin_user_login_to_RX_UI_with_valid_username_and_password()&amp#27;[0m
      &amp#27;[31morg.openqa.selenium.NoSuchElementException: no such element: Unable to locate element: {"method":"xpath","selector":"//div[@class="logo"]"}
        (Session info: chrome=83.0.4103.97)
      For documentation on this error, please visit: http://seleniumhq.org/exceptions/no_such_element.html
      Build info: version: '3.11.0', revision: 'e59cfb3', time: '2018-03-11T20:26:55.152Z'
      System info: host: 'RINMAC632', ip: 'fe80:0:0:0:48d:2e77:d6ee:c314%en0', os.name: 'Mac OS X', os.arch: 'x86_64', os.version: '10.14.6', java.version: '11.0.5'
      Driver info: org.openqa.selenium.chrome.ChromeDriver
      Capabilities {acceptInsecureCerts: false, browserName: chrome, browserVersion: 83.0.4103.97, chrome: {chromedriverVersion: 83.0.4103.39 (ccbf011cb2d2b..., userDataDir: /var/folders/gx/88xk1g2945q...}, goog:chromeOptions: {debuggerAddress: localhost:60607}, javascriptEnabled: true, networkConnectionEnabled: false, pageLoadStrategy: normal, platform: MAC, platformName: MAC, proxy: Proxy(), setWindowRect: true, strictFileInteractability: false, timeouts: {implicit: 0, pageLoad: 300000, script: 30000}, unhandledPromptBehavior: dismiss and notify, webauthn:virtualAuthenticators: true}
      Session ID: 5032bfe3daefbdceb7ef95ace03cb4ba
      *** Element info: {Using=xpath, value=//div[@class="logo"]}
      	at java.base/jdk.internal.reflect.NativeConstructorAccessorImpl.newInstance0(Native Method)
      	at java.base/jdk.internal.reflect.NativeConstructorAccessorImpl.newInstance(NativeConstructorAccessorImpl.java:62)
      	at java.base/jdk.internal.reflect.DelegatingConstructorAccessorImpl.newInstance(DelegatingConstructorAccessorImpl.java:45)
      	at java.base/java.lang.reflect.Constructor.newInstance(Constructor.java:490)
      	at org.openqa.selenium.remote.http.W3CHttpResponseCodec.createException(W3CHttpResponseCodec.java:187)
      	at org.openqa.selenium.remote.http.W3CHttpResponseCodec.decode(W3CHttpResponseCodec.java:122)
      	at org.openqa.selenium.remote.http.W3CHttpResponseCodec.decode(W3CHttpResponseCodec.java:49)
      	at org.openqa.selenium.remote.HttpCommandExecutor.execute(HttpCommandExecutor.java:158)
      	at org.openqa.selenium.remote.service.DriverCommandExecutor.execute(DriverCommandExecutor.java:83)
      	at org.openqa.selenium.remote.RemoteWebDriver.execute(RemoteWebDriver.java:545)
      	at org.openqa.selenium.remote.RemoteWebDriver.findElement(RemoteWebDriver.java:319)
      	at org.openqa.selenium.remote.RemoteWebDriver.findElementByXPath(RemoteWebDriver.java:421)
      	at org.openqa.selenium.By$ByXPath.findElement(By.java:361)
      	at org.openqa.selenium.remote.RemoteWebDriver.findElement(RemoteWebDriver.java:311)
      	at jdk.internal.reflect.GeneratedMethodAccessor13.invoke(Unknown Source)
      	at java.base/jdk.internal.reflect.DelegatingMethodAccessorImpl.invoke(DelegatingMethodAccessorImpl.java:43)
      	at java.base/java.lang.reflect.Method.invoke(Method.java:566)
      	at org.openqa.selenium.support.events.EventFiringWebDriver.lambda$new$1(EventFiringWebDriver.java:103)
      	at com.sun.proxy.$Proxy20.findElement(Unknown Source)
      	at org.openqa.selenium.support.events.EventFiringWebDriver.findElement(EventFiringWebDriver.java:186)
      	at org.openqa.selenium.support.pagefactory.DefaultElementLocator.findElement(DefaultElementLocator.java:69)
      	at org.openqa.selenium.support.pagefactory.internal.LocatingElementHandler.invoke(LocatingElementHandler.java:38)
      	at com.sun.proxy.$Proxy23.isDisplayed(Unknown Source)
      	at RXPages.PublisherListPage.logodisplayed(PublisherListPage.java:192)
      	at stepDefinitions.ProfileStepDefinition.admin_user_login_to_RX_UI_with_valid_username_and_password(ProfileStepDefinition.java:48)
      	at ✽.Given admin user login to RX UI with valid username and password(RXSeats.feature:55)
      &amp#27;[0m
    &amp#27;[36mWhen &amp#27;[0m&amp#27;[36mSelect the existing Inactive seat and click on edit.&amp#27;[0m                         &amp#27;[90m# SeatsPageStepsDefinition.select_the_existing_Inactive_seat_and_click_on_edit()&amp#27;[0m
    &amp#27;[36mThen &amp#27;[0m&amp#27;[36mFill the Inactive create seat page .&amp#27;[0m                                         &amp#27;[90m# SeatsPageStepsDefinition.fill_the_Inactive_create_seat_page()&amp#27;[0m
    &amp#27;[36mThen &amp#27;[0m&amp#27;[36mClick on Save and close the create seat page&amp#27;[0m                                 &amp#27;[90m# SeatsPageStepsDefinition.click_on_Save()&amp#27;[0m
    &amp#27;[36mThen &amp#27;[0m&amp#27;[36mNavigate to Inactive create seat and validate the filled data.&amp#27;[0m               &amp#27;[90m# SeatsPageStepsDefinition.navigate_to_inactive_create_seat_and_validate_the_filled_data()&amp#27;[0m
    &amp#27;[36mThen &amp#27;[0m&amp#27;[36mValidate the created seat data reflects in the Inactive tab.&amp#27;[0m                 &amp#27;[90m# SeatsPageStepsDefinition.validate_the_created_seat_data_reflects_in_the_Inactive_tab()&amp#27;[0m
Trying to find Element By : By.xpath: //input[@autofocus="autofocus"]
Found Element By : By.xpath: //input[@autofocus="autofocus"]
Value of the:[[ChromeDriver: chrome on MAC (9cbf6f6ff61a42ad82fa66c7e04ecbf9)] -> xpath: //input[@autofocus="autofocus"]] before any changes made
Element value changed to: [[ChromeDriver: chrome on MAC (9cbf6f6ff61a42ad82fa66c7e04ecbf9)] -> xpath: //input[@autofocus="autofocus"]]
Trying to find Element By : By.xpath: //input[@type="password"]
Found Element By : By.xpath: //input[@type="password"]
Value of the:[[ChromeDriver: chrome on MAC (9cbf6f6ff61a42ad82fa66c7e04ecbf9)] -> xpath: //input[@type="password"]] before any changes made
Element value changed to: [[ChromeDriver: chrome on MAC (9cbf6f6ff61a42ad82fa66c7e04ecbf9)] -> xpath: //input[@type="password"]]
Trying to find Element By : By.xpath: //span[text()='Login']
Found Element By : By.xpath: //span[text()='Login']
Trying to click on: [[ChromeDriver: chrome on MAC (9cbf6f6ff61a42ad82fa66c7e04ecbf9)] -> xpath: //span[text()='Login']]
Clicked on: [[ChromeDriver: chrome on MAC (9cbf6f6ff61a42ad82fa66c7e04ecbf9)] -> xpath: //span[text()='Login']]
Trying to find Element By : By.xpath: //div[@class="logo"]
Before navigating to: 'http://qa-publisher-portal.rmp.rakuten.com/login'
Navigated to:'http://qa-publisher-portal.rmp.rakuten.com/login'

  Scenario: Verify if user is able to edit the disabled Seat details with admin role. &amp#27;[90m# RXSeats.feature:62&amp#27;[0m
    &amp#27;[31mGiven &amp#27;[0m&amp#27;[31madmin user login to RX UI with valid username and password&amp#27;[0m                  &amp#27;[90m# ProfileStepDefinition.admin_user_login_to_RX_UI_with_valid_username_and_password()&amp#27;[0m
      &amp#27;[31morg.openqa.selenium.NoSuchElementException: no such element: Unable to locate element: {"method":"xpath","selector":"//div[@class="logo"]"}
        (Session info: chrome=83.0.4103.97)
      For documentation on this error, please visit: http://seleniumhq.org/exceptions/no_such_element.html
      Build info: version: '3.11.0', revision: 'e59cfb3', time: '2018-03-11T20:26:55.152Z'
      System info: host: 'RINMAC632', ip: 'fe80:0:0:0:48d:2e77:d6ee:c314%en0', os.name: 'Mac OS X', os.arch: 'x86_64', os.version: '10.14.6', java.version: '11.0.5'
      Driver info: org.openqa.selenium.chrome.ChromeDriver
      Capabilities {acceptInsecureCerts: false, browserName: chrome, browserVersion: 83.0.4103.97, chrome: {chromedriverVersion: 83.0.4103.39 (ccbf011cb2d2b..., userDataDir: /var/folders/gx/88xk1g2945q...}, goog:chromeOptions: {debuggerAddress: localhost:60649}, javascriptEnabled: true, networkConnectionEnabled: false, pageLoadStrategy: normal, platform: MAC, platformName: MAC, proxy: Proxy(), setWindowRect: true, strictFileInteractability: false, timeouts: {implicit: 0, pageLoad: 300000, script: 30000}, unhandledPromptBehavior: dismiss and notify, webauthn:virtualAuthenticators: true}
      Session ID: 9cbf6f6ff61a42ad82fa66c7e04ecbf9
      *** Element info: {Using=xpath, value=//div[@class="logo"]}
      	at java.base/jdk.internal.reflect.NativeConstructorAccessorImpl.newInstance0(Native Method)
      	at java.base/jdk.internal.reflect.NativeConstructorAccessorImpl.newInstance(NativeConstructorAccessorImpl.java:62)
      	at java.base/jdk.internal.reflect.DelegatingConstructorAccessorImpl.newInstance(DelegatingConstructorAccessorImpl.java:45)
      	at java.base/java.lang.reflect.Constructor.newInstance(Constructor.java:490)
      	at org.openqa.selenium.remote.http.W3CHttpResponseCodec.createException(W3CHttpResponseCodec.java:187)
      	at org.openqa.selenium.remote.http.W3CHttpResponseCodec.decode(W3CHttpResponseCodec.java:122)
      	at org.openqa.selenium.remote.http.W3CHttpResponseCodec.decode(W3CHttpResponseCodec.java:49)
      	at org.openqa.selenium.remote.HttpCommandExecutor.execute(HttpCommandExecutor.java:158)
      	at org.openqa.selenium.remote.service.DriverCommandExecutor.execute(DriverCommandExecutor.java:83)
      	at org.openqa.selenium.remote.RemoteWebDriver.execute(RemoteWebDriver.java:545)
      	at org.openqa.selenium.remote.RemoteWebDriver.findElement(RemoteWebDriver.java:319)
      	at org.openqa.selenium.remote.RemoteWebDriver.findElementByXPath(RemoteWebDriver.java:421)
      	at org.openqa.selenium.By$ByXPath.findElement(By.java:361)
      	at org.openqa.selenium.remote.RemoteWebDriver.findElement(RemoteWebDriver.java:311)
      	at jdk.internal.reflect.GeneratedMethodAccessor13.invoke(Unknown Source)
      	at java.base/jdk.internal.reflect.DelegatingMethodAccessorImpl.invoke(DelegatingMethodAccessorImpl.java:43)
      	at java.base/java.lang.reflect.Method.invoke(Method.java:566)
      	at org.openqa.selenium.support.events.EventFiringWebDriver.lambda$new$1(EventFiringWebDriver.java:103)
      	at com.sun.proxy.$Proxy20.findElement(Unknown Source)
      	at org.openqa.selenium.support.events.EventFiringWebDriver.findElement(EventFiringWebDriver.java:186)
      	at org.openqa.selenium.support.pagefactory.DefaultElementLocator.findElement(DefaultElementLocator.java:69)
      	at org.openqa.selenium.support.pagefactory.internal.LocatingElementHandler.invoke(LocatingElementHandler.java:38)
      	at com.sun.proxy.$Proxy23.isDisplayed(Unknown Source)
      	at RXPages.PublisherListPage.logodisplayed(PublisherListPage.java:192)
      	at stepDefinitions.ProfileStepDefinition.admin_user_login_to_RX_UI_with_valid_username_and_password(ProfileStepDefinition.java:48)
      	at ✽.Given admin user login to RX UI with valid username and password(RXSeats.feature:63)
      &amp#27;[0m
    &amp#27;[36mWhen &amp#27;[0m&amp#27;[36mSelect the existing disabled seat and click on edit.&amp#27;[0m                         &amp#27;[90m# SeatsPageStepsDefinition.select_the_existing_disabled_seat_and_click_on_edit()&amp#27;[0m
    &amp#27;[36mThen &amp#27;[0m&amp#27;[36mFill the disabled create seat page .&amp#27;[0m                                         &amp#27;[90m# SeatsPageStepsDefinition.fill_the_disabled_create_seat_page()&amp#27;[0m
    &amp#27;[36mThen &amp#27;[0m&amp#27;[36mClick on Save and close the create seat page&amp#27;[0m                                 &amp#27;[90m# SeatsPageStepsDefinition.click_on_Save()&amp#27;[0m
    &amp#27;[36mThen &amp#27;[0m&amp#27;[36mNavigate to disabled create seat and validate the filled data.&amp#27;[0m               &amp#27;[90m# SeatsPageStepsDefinition.navigate_to_disabled_create_seat_and_validate_the_filled_data()&amp#27;[0m
    &amp#27;[36mThen &amp#27;[0m&amp#27;[36mValidate the created seat data reflects in the disabled tab.&amp#27;[0m                 &amp#27;[90m# SeatsPageStepsDefinition.validate_the_created_seat_data_reflects_in_the_disabled_tab()&amp#27;[0m
Trying to find Element By : By.xpath: //input[@autofocus="autofocus"]
Found Element By : By.xpath: //input[@autofocus="autofocus"]
Value of the:[[ChromeDriver: chrome on MAC (a7c1c04b05dce08287cd6a068a3e41fe)] -> xpath: //input[@autofocus="autofocus"]] before any changes made
Element value changed to: [[ChromeDriver: chrome on MAC (a7c1c04b05dce08287cd6a068a3e41fe)] -> xpath: //input[@autofocus="autofocus"]]
Trying to find Element By : By.xpath: //input[@type="password"]
Found Element By : By.xpath: //input[@type="password"]
Value of the:[[ChromeDriver: chrome on MAC (a7c1c04b05dce08287cd6a068a3e41fe)] -> xpath: //input[@type="password"]] before any changes made
Element value changed to: [[ChromeDriver: chrome on MAC (a7c1c04b05dce08287cd6a068a3e41fe)] -> xpath: //input[@type="password"]]
Trying to find Element By : By.xpath: //span[text()='Login']
Found Element By : By.xpath: //span[text()='Login']
Trying to click on: [[ChromeDriver: chrome on MAC (a7c1c04b05dce08287cd6a068a3e41fe)] -> xpath: //span[text()='Login']]
Clicked on: [[ChromeDriver: chrome on MAC (a7c1c04b05dce08287cd6a068a3e41fe)] -> xpath: //span[text()='Login']]
Trying to find Element By : By.xpath: //div[@class="logo"]
Before navigating to: 'http://qa-publisher-portal.rmp.rakuten.com/login'
Navigated to:'http://qa-publisher-portal.rmp.rakuten.com/login'

  Scenario: Verify if user is able to update the Active Seat into Inactive seat with admin role. &amp#27;[90m# RXSeats.feature:70&amp#27;[0m
    &amp#27;[31mGiven &amp#27;[0m&amp#27;[31madmin user login to RX UI with valid username and password&amp#27;[0m                             &amp#27;[90m# ProfileStepDefinition.admin_user_login_to_RX_UI_with_valid_username_and_password()&amp#27;[0m
      &amp#27;[31morg.openqa.selenium.NoSuchElementException: no such element: Unable to locate element: {"method":"xpath","selector":"//div[@class="logo"]"}
        (Session info: chrome=83.0.4103.97)
      For documentation on this error, please visit: http://seleniumhq.org/exceptions/no_such_element.html
      Build info: version: '3.11.0', revision: 'e59cfb3', time: '2018-03-11T20:26:55.152Z'
      System info: host: 'RINMAC632', ip: 'fe80:0:0:0:48d:2e77:d6ee:c314%en0', os.name: 'Mac OS X', os.arch: 'x86_64', os.version: '10.14.6', java.version: '11.0.5'
      Driver info: org.openqa.selenium.chrome.ChromeDriver
      Capabilities {acceptInsecureCerts: false, browserName: chrome, browserVersion: 83.0.4103.97, chrome: {chromedriverVersion: 83.0.4103.39 (ccbf011cb2d2b..., userDataDir: /var/folders/gx/88xk1g2945q...}, goog:chromeOptions: {debuggerAddress: localhost:60701}, javascriptEnabled: true, networkConnectionEnabled: false, pageLoadStrategy: normal, platform: MAC, platformName: MAC, proxy: Proxy(), setWindowRect: true, strictFileInteractability: false, timeouts: {implicit: 0, pageLoad: 300000, script: 30000}, unhandledPromptBehavior: dismiss and notify, webauthn:virtualAuthenticators: true}
      Session ID: a7c1c04b05dce08287cd6a068a3e41fe
      *** Element info: {Using=xpath, value=//div[@class="logo"]}
      	at java.base/jdk.internal.reflect.NativeConstructorAccessorImpl.newInstance0(Native Method)
      	at java.base/jdk.internal.reflect.NativeConstructorAccessorImpl.newInstance(NativeConstructorAccessorImpl.java:62)
      	at java.base/jdk.internal.reflect.DelegatingConstructorAccessorImpl.newInstance(DelegatingConstructorAccessorImpl.java:45)
      	at java.base/java.lang.reflect.Constructor.newInstance(Constructor.java:490)
      	at org.openqa.selenium.remote.http.W3CHttpResponseCodec.createException(W3CHttpResponseCodec.java:187)
      	at org.openqa.selenium.remote.http.W3CHttpResponseCodec.decode(W3CHttpResponseCodec.java:122)
      	at org.openqa.selenium.remote.http.W3CHttpResponseCodec.decode(W3CHttpResponseCodec.java:49)
      	at org.openqa.selenium.remote.HttpCommandExecutor.execute(HttpCommandExecutor.java:158)
      	at org.openqa.selenium.remote.service.DriverCommandExecutor.execute(DriverCommandExecutor.java:83)
      	at org.openqa.selenium.remote.RemoteWebDriver.execute(RemoteWebDriver.java:545)
      	at org.openqa.selenium.remote.RemoteWebDriver.findElement(RemoteWebDriver.java:319)
      	at org.openqa.selenium.remote.RemoteWebDriver.findElementByXPath(RemoteWebDriver.java:421)
      	at org.openqa.selenium.By$ByXPath.findElement(By.java:361)
      	at org.openqa.selenium.remote.RemoteWebDriver.findElement(RemoteWebDriver.java:311)
      	at jdk.internal.reflect.GeneratedMethodAccessor13.invoke(Unknown Source)
      	at java.base/jdk.internal.reflect.DelegatingMethodAccessorImpl.invoke(DelegatingMethodAccessorImpl.java:43)
      	at java.base/java.lang.reflect.Method.invoke(Method.java:566)
      	at org.openqa.selenium.support.events.EventFiringWebDriver.lambda$new$1(EventFiringWebDriver.java:103)
      	at com.sun.proxy.$Proxy20.findElement(Unknown Source)
      	at org.openqa.selenium.support.events.EventFiringWebDriver.findElement(EventFiringWebDriver.java:186)
      	at org.openqa.selenium.support.pagefactory.DefaultElementLocator.findElement(DefaultElementLocator.java:69)
      	at org.openqa.selenium.support.pagefactory.internal.LocatingElementHandler.invoke(LocatingElementHandler.java:38)
      	at com.sun.proxy.$Proxy23.isDisplayed(Unknown Source)
      	at RXPages.PublisherListPage.logodisplayed(PublisherListPage.java:192)
      	at stepDefinitions.ProfileStepDefinition.admin_user_login_to_RX_UI_with_valid_username_and_password(ProfileStepDefinition.java:48)
      	at ✽.Given admin user login to RX UI with valid username and password(RXSeats.feature:71)
      &amp#27;[0m
    &amp#27;[36mWhen &amp#27;[0m&amp#27;[36mSelect the active seat for modify&amp#27;[0m                                                       &amp#27;[90m# SeatsPageStepsDefinition.select_the_active_seat_for_modify()&amp#27;[0m
    &amp#27;[36mThen &amp#27;[0m&amp#27;[36mmodify the selected seat to Deactivate&amp#27;[0m                                                  &amp#27;[90m# SeatsPageStepsDefinition.modify_the_selected_seat_to_Deactivate()&amp#27;[0m
Trying to find Element By : By.xpath: //input[@autofocus="autofocus"]
Found Element By : By.xpath: //input[@autofocus="autofocus"]
Value of the:[[ChromeDriver: chrome on MAC (e02c0592f803ceeeda736e54f9307123)] -> xpath: //input[@autofocus="autofocus"]] before any changes made
Element value changed to: [[ChromeDriver: chrome on MAC (e02c0592f803ceeeda736e54f9307123)] -> xpath: //input[@autofocus="autofocus"]]
Trying to find Element By : By.xpath: //input[@type="password"]
Found Element By : By.xpath: //input[@type="password"]
Value of the:[[ChromeDriver: chrome on MAC (e02c0592f803ceeeda736e54f9307123)] -> xpath: //input[@type="password"]] before any changes made
Element value changed to: [[ChromeDriver: chrome on MAC (e02c0592f803ceeeda736e54f9307123)] -> xpath: //input[@type="password"]]
Trying to find Element By : By.xpath: //span[text()='Login']
Found Element By : By.xpath: //span[text()='Login']
Trying to click on: [[ChromeDriver: chrome on MAC (e02c0592f803ceeeda736e54f9307123)] -> xpath: //span[text()='Login']]
Clicked on: [[ChromeDriver: chrome on MAC (e02c0592f803ceeeda736e54f9307123)] -> xpath: //span[text()='Login']]
Trying to find Element By : By.xpath: //div[@class="logo"]
Before navigating to: 'http://qa-publisher-portal.rmp.rakuten.com/login'
Navigated to:'http://qa-publisher-portal.rmp.rakuten.com/login'

  Scenario: Verify if user is able to update the Inactive Seat into Disabled seat with admin role. &amp#27;[90m# RXSeats.feature:75&amp#27;[0m
    &amp#27;[31mGiven &amp#27;[0m&amp#27;[31madmin user login to RX UI with valid username and password&amp#27;[0m                               &amp#27;[90m# ProfileStepDefinition.admin_user_login_to_RX_UI_with_valid_username_and_password()&amp#27;[0m
      &amp#27;[31morg.openqa.selenium.NoSuchElementException: no such element: Unable to locate element: {"method":"xpath","selector":"//div[@class="logo"]"}
        (Session info: chrome=83.0.4103.97)
      For documentation on this error, please visit: http://seleniumhq.org/exceptions/no_such_element.html
      Build info: version: '3.11.0', revision: 'e59cfb3', time: '2018-03-11T20:26:55.152Z'
      System info: host: 'RINMAC632', ip: 'fe80:0:0:0:48d:2e77:d6ee:c314%en0', os.name: 'Mac OS X', os.arch: 'x86_64', os.version: '10.14.6', java.version: '11.0.5'
      Driver info: org.openqa.selenium.chrome.ChromeDriver
      Capabilities {acceptInsecureCerts: false, browserName: chrome, browserVersion: 83.0.4103.97, chrome: {chromedriverVersion: 83.0.4103.39 (ccbf011cb2d2b..., userDataDir: /var/folders/gx/88xk1g2945q...}, goog:chromeOptions: {debuggerAddress: localhost:60745}, javascriptEnabled: true, networkConnectionEnabled: false, pageLoadStrategy: normal, platform: MAC, platformName: MAC, proxy: Proxy(), setWindowRect: true, strictFileInteractability: false, timeouts: {implicit: 0, pageLoad: 300000, script: 30000}, unhandledPromptBehavior: dismiss and notify, webauthn:virtualAuthenticators: true}
      Session ID: e02c0592f803ceeeda736e54f9307123
      *** Element info: {Using=xpath, value=//div[@class="logo"]}
      	at java.base/jdk.internal.reflect.NativeConstructorAccessorImpl.newInstance0(Native Method)
      	at java.base/jdk.internal.reflect.NativeConstructorAccessorImpl.newInstance(NativeConstructorAccessorImpl.java:62)
      	at java.base/jdk.internal.reflect.DelegatingConstructorAccessorImpl.newInstance(DelegatingConstructorAccessorImpl.java:45)
      	at java.base/java.lang.reflect.Constructor.newInstance(Constructor.java:490)
      	at org.openqa.selenium.remote.http.W3CHttpResponseCodec.createException(W3CHttpResponseCodec.java:187)
      	at org.openqa.selenium.remote.http.W3CHttpResponseCodec.decode(W3CHttpResponseCodec.java:122)
      	at org.openqa.selenium.remote.http.W3CHttpResponseCodec.decode(W3CHttpResponseCodec.java:49)
      	at org.openqa.selenium.remote.HttpCommandExecutor.execute(HttpCommandExecutor.java:158)
      	at org.openqa.selenium.remote.service.DriverCommandExecutor.execute(DriverCommandExecutor.java:83)
      	at org.openqa.selenium.remote.RemoteWebDriver.execute(RemoteWebDriver.java:545)
      	at org.openqa.selenium.remote.RemoteWebDriver.findElement(RemoteWebDriver.java:319)
      	at org.openqa.selenium.remote.RemoteWebDriver.findElementByXPath(RemoteWebDriver.java:421)
      	at org.openqa.selenium.By$ByXPath.findElement(By.java:361)
      	at org.openqa.selenium.remote.RemoteWebDriver.findElement(RemoteWebDriver.java:311)
      	at jdk.internal.reflect.GeneratedMethodAccessor13.invoke(Unknown Source)
      	at java.base/jdk.internal.reflect.DelegatingMethodAccessorImpl.invoke(DelegatingMethodAccessorImpl.java:43)
      	at java.base/java.lang.reflect.Method.invoke(Method.java:566)
      	at org.openqa.selenium.support.events.EventFiringWebDriver.lambda$new$1(EventFiringWebDriver.java:103)
      	at com.sun.proxy.$Proxy20.findElement(Unknown Source)
      	at org.openqa.selenium.support.events.EventFiringWebDriver.findElement(EventFiringWebDriver.java:186)
      	at org.openqa.selenium.support.pagefactory.DefaultElementLocator.findElement(DefaultElementLocator.java:69)
      	at org.openqa.selenium.support.pagefactory.internal.LocatingElementHandler.invoke(LocatingElementHandler.java:38)
      	at com.sun.proxy.$Proxy23.isDisplayed(Unknown Source)
      	at RXPages.PublisherListPage.logodisplayed(PublisherListPage.java:192)
      	at stepDefinitions.ProfileStepDefinition.admin_user_login_to_RX_UI_with_valid_username_and_password(ProfileStepDefinition.java:48)
      	at ✽.Given admin user login to RX UI with valid username and password(RXSeats.feature:76)
      &amp#27;[0m
    &amp#27;[36mWhen &amp#27;[0m&amp#27;[36mSelect the Inactive seat for modify&amp#27;[0m                                                       &amp#27;[90m# SeatsPageStepsDefinition.select_the_Inactive_seat_for_modify()&amp#27;[0m
    &amp#27;[36mThen &amp#27;[0m&amp#27;[36mmodify the selected seat to Disabled or Paused&amp#27;[0m                                            &amp#27;[90m# SeatsPageStepsDefinition.modify_the_selected_seat_to_Disabled_orPaused()&amp#27;[0m
Trying to find Element By : By.xpath: //input[@autofocus="autofocus"]
Found Element By : By.xpath: //input[@autofocus="autofocus"]
Value of the:[[ChromeDriver: chrome on MAC (0d08df9ac65e24debcfff11cbf951aee)] -> xpath: //input[@autofocus="autofocus"]] before any changes made
Element value changed to: [[ChromeDriver: chrome on MAC (0d08df9ac65e24debcfff11cbf951aee)] -> xpath: //input[@autofocus="autofocus"]]
Trying to find Element By : By.xpath: //input[@type="password"]
Found Element By : By.xpath: //input[@type="password"]
Value of the:[[ChromeDriver: chrome on MAC (0d08df9ac65e24debcfff11cbf951aee)] -> xpath: //input[@type="password"]] before any changes made
Element value changed to: [[ChromeDriver: chrome on MAC (0d08df9ac65e24debcfff11cbf951aee)] -> xpath: //input[@type="password"]]
Trying to find Element By : By.xpath: //span[text()='Login']
Found Element By : By.xpath: //span[text()='Login']
Trying to click on: [[ChromeDriver: chrome on MAC (0d08df9ac65e24debcfff11cbf951aee)] -> xpath: //span[text()='Login']]
Clicked on: [[ChromeDriver: chrome on MAC (0d08df9ac65e24debcfff11cbf951aee)] -> xpath: //span[text()='Login']]
Trying to find Element By : By.xpath: //div[@class="logo"]
Found Element By : By.xpath: //div[@class="logo"]
Trying to find Element By : By.xpath: //div[text()='Seats']
Found Element By : By.xpath: //div[text()='Seats']
Trying to find Element By : By.xpath: //div[text()='Seats']
Found Element By : By.xpath: //div[text()='Seats']
Trying to click on: [[ChromeDriver: chrome on MAC (0d08df9ac65e24debcfff11cbf951aee)] -> xpath: //div[text()='Seats']]
Clicked on: [[ChromeDriver: chrome on MAC (0d08df9ac65e24debcfff11cbf951aee)] -> xpath: //div[text()='Seats']]
Trying to find Element By : By.xpath: //h1[text()='Seats']
Found Element By : By.xpath: //h1[text()='Seats']
06-09-2020 09:45:07 SeatsPageStepsDefinition.java INFO  [TestNG-tests-1] stepDefinitions.SeatsPageStepsDefinition 311 - Clicked on Seats option under Account
Trying to find Element By : By.xpath: //span[text()='Paused']
Found Element By : By.xpath: //span[text()='Paused']
Trying to find Element By : By.xpath: //h1[text()='Seats']
Found Element By : By.xpath: //h1[text()='Seats']
Trying to find Element By : By.xpath: //span[text()='Paused']
Found Element By : By.xpath: //span[text()='Paused']
Trying to find Element By : By.xpath: //span[text()='Paused']
Found Element By : By.xpath: //span[text()='Paused']
Trying to find Element By : By.xpath: //span[text()='Paused']
Found Element By : By.xpath: //span[text()='Paused']
Trying to click on: [[ChromeDriver: chrome on MAC (0d08df9ac65e24debcfff11cbf951aee)] -> xpath: //span[text()='Paused']]
Clicked on: [[ChromeDriver: chrome on MAC (0d08df9ac65e24debcfff11cbf951aee)] -> xpath: //span[text()='Paused']]
06-09-2020 09:45:07 SeatsPageStepsDefinition.java INFO  [TestNG-tests-1] stepDefinitions.SeatsPageStepsDefinition 313 - Clicked on Paused tab
Trying to find Element By : By.all({By.xpath: //table/tbody/tr})
Found Element By : By.all({By.xpath: //table/tbody/tr})
Trying to find Element By : By.all({By.xpath: //table/tbody/tr[1]/td})
Found Element By : By.all({By.xpath: //table/tbody/tr[1]/td})
Trying to find Element By : By.xpath: //*[@id="app"]/div/main/div/div/div/div[2]/div/div[2]/div[4]/button/span/i
Found Element By : By.xpath: //*[@id="app"]/div/main/div/div/div/div[2]/div/div[2]/div[4]/button/span/i
Trying to find Element By : By.xpath: //table/tbody/tr[1]/td[2]
Found Element By : By.xpath: //table/tbody/tr[1]/td[2]
Trying to find Element By : By.xpath: //table/tbody/tr[2]/td[2]
Found Element By : By.xpath: //table/tbody/tr[2]/td[2]
Trying to find Element By : By.xpath: //table/tbody/tr[3]/td[2]
Found Element By : By.xpath: //table/tbody/tr[3]/td[2]
Trying to find Element By : By.xpath: //table/tbody/tr[4]/td[2]
Found Element By : By.xpath: //table/tbody/tr[4]/td[2]
Trying to find Element By : By.xpath: //table/tbody/tr[5]/td[2]
Found Element By : By.xpath: //table/tbody/tr[5]/td[2]
Trying to find Element By : By.xpath: //table/tbody/tr[6]/td[2]
Found Element By : By.xpath: //table/tbody/tr[6]/td[2]
Trying to find Element By : By.xpath: //table/tbody/tr[7]/td[2]
Found Element By : By.xpath: //table/tbody/tr[7]/td[2]
Trying to find Element By : By.xpath: //table/tbody/tr[8]/td[2]
Found Element By : By.xpath: //table/tbody/tr[8]/td[2]
Trying to find Element By : By.xpath: //table/tbody/tr[9]/td[2]
Found Element By : By.xpath: //table/tbody/tr[9]/td[2]
Trying to find Element By : By.xpath: //table/tbody/tr[10]/td[2]
Found Element By : By.xpath: //table/tbody/tr[10]/td[2]
Trying to find Element By : By.xpath: //table/tbody/tr[11]/td[2]
Found Element By : By.xpath: //table/tbody/tr[11]/td[2]
Trying to find Element By : By.xpath: //table/tbody/tr[12]/td[2]
Found Element By : By.xpath: //table/tbody/tr[12]/td[2]
Trying to find Element By : By.xpath: //table/tbody/tr[13]/td[2]
Found Element By : By.xpath: //table/tbody/tr[13]/td[2]
Trying to find Element By : By.xpath: //table/tbody/tr[14]/td[2]
Found Element By : By.xpath: //table/tbody/tr[14]/td[2]
Trying to find Element By : By.xpath: //table/tbody/tr[15]/td[2]
Found Element By : By.xpath: //table/tbody/tr[15]/td[2]
Trying to click on: [[ChromeDriver: chrome on MAC (0d08df9ac65e24debcfff11cbf951aee)] -> xpath: //*[@id="app"]/div/main/div/div/div/div[2]/div/div[2]/div[4]/button/span/i]
Clicked on: [[ChromeDriver: chrome on MAC (0d08df9ac65e24debcfff11cbf951aee)] -> xpath: //*[@id="app"]/div/main/div/div/div/div[2]/div/div[2]/div[4]/button/span/i]
Trying to find Element By : By.xpath: //table/tbody/tr[1]/td[2]
Found Element By : By.xpath: //table/tbody/tr[1]/td[2]
Trying to find Element By : By.xpath: //table/tbody/tr[2]/td[2]
Found Element By : By.xpath: //table/tbody/tr[2]/td[2]
Trying to find Element By : By.xpath: //table/tbody/tr[3]/td[2]
Found Element By : By.xpath: //table/tbody/tr[3]/td[2]
Trying to find Element By : By.xpath: //table/tbody/tr[4]/td[2]
Found Element By : By.xpath: //table/tbody/tr[4]/td[2]
Trying to find Element By : By.xpath: //table/tbody/tr[5]/td[2]
Found Element By : By.xpath: //table/tbody/tr[5]/td[2]
Trying to find Element By : By.xpath: //table/tbody/tr[6]/td[2]
Found Element By : By.xpath: //table/tbody/tr[6]/td[2]
Trying to find Element By : By.xpath: //table/tbody/tr[7]/td[2]
Found Element By : By.xpath: //table/tbody/tr[7]/td[2]
Trying to find Element By : By.xpath: //table/tbody/tr[8]/td[2]
Found Element By : By.xpath: //table/tbody/tr[8]/td[2]
Trying to find Element By : By.xpath: //table/tbody/tr[9]/td[2]
Found Element By : By.xpath: //table/tbody/tr[9]/td[2]
Trying to find Element By : By.xpath: //table/tbody/tr[10]/td[2]
There is no seats available in the seat page
Trying to find Element By : By.xpath: //header/div/div[1]/button[2]
There is no seats available in the seat page
Before navigating to: 'http://qa-publisher-portal.rmp.rakuten.com/login'
Navigated to:'http://qa-publisher-portal.rmp.rakuten.com/login'

  Scenario: Verify if user is able to update the Disabled or Paused Seat into Active seat with admin role. &amp#27;[90m# RXSeats.feature:80&amp#27;[0m
    &amp#27;[32mGiven &amp#27;[0m&amp#27;[32madmin user login to RX UI with valid username and password&amp#27;[0m                                       &amp#27;[90m# ProfileStepDefinition.admin_user_login_to_RX_UI_with_valid_username_and_password()&amp#27;[0m
    &amp#27;[32mWhen &amp#27;[0m&amp#27;[32mSelect the Disabled or paused seat for modify&amp#27;[0m                                                     &amp#27;[90m# SeatsPageStepsDefinition.select_the_Disabled_or_paused_seat_for_modify()&amp#27;[0m
    &amp#27;[32mThen &amp#27;[0m&amp#27;[32mmodify the selected seat to Active&amp#27;[0m                                                                &amp#27;[90m# SeatsPageStepsDefinition.modify_the_selected_seat_to_Active()&amp#27;[0m
Trying to find Element By : By.xpath: //input[@autofocus="autofocus"]
Found Element By : By.xpath: //input[@autofocus="autofocus"]
Value of the:[[ChromeDriver: chrome on MAC (110416753f76f5868cfd1719eb1bdd52)] -> xpath: //input[@autofocus="autofocus"]] before any changes made
Element value changed to: [[ChromeDriver: chrome on MAC (110416753f76f5868cfd1719eb1bdd52)] -> xpath: //input[@autofocus="autofocus"]]
Trying to find Element By : By.xpath: //input[@type="password"]
Found Element By : By.xpath: //input[@type="password"]
Value of the:[[ChromeDriver: chrome on MAC (110416753f76f5868cfd1719eb1bdd52)] -> xpath: //input[@type="password"]] before any changes made
Element value changed to: [[ChromeDriver: chrome on MAC (110416753f76f5868cfd1719eb1bdd52)] -> xpath: //input[@type="password"]]
Trying to find Element By : By.xpath: //span[text()='Login']
Found Element By : By.xpath: //span[text()='Login']
Trying to click on: [[ChromeDriver: chrome on MAC (110416753f76f5868cfd1719eb1bdd52)] -> xpath: //span[text()='Login']]
Clicked on: [[ChromeDriver: chrome on MAC (110416753f76f5868cfd1719eb1bdd52)] -> xpath: //span[text()='Login']]
Trying to find Element By : By.xpath: //div[@class="logo"]
Found Element By : By.xpath: //div[@class="logo"]
Trying to find Element By : By.xpath: //div[text()='Seats']
Found Element By : By.xpath: //div[text()='Seats']
Trying to find Element By : By.xpath: //div[text()='Seats']
Found Element By : By.xpath: //div[text()='Seats']
Trying to click on: [[ChromeDriver: chrome on MAC (110416753f76f5868cfd1719eb1bdd52)] -> xpath: //div[text()='Seats']]
Clicked on: [[ChromeDriver: chrome on MAC (110416753f76f5868cfd1719eb1bdd52)] -> xpath: //div[text()='Seats']]
Trying to find Element By : By.xpath: //h1[text()='Seats']
Found Element By : By.xpath: //h1[text()='Seats']
06-09-2020 09:47:04 SeatsPageStepsDefinition.java INFO  [TestNG-tests-1] stepDefinitions.SeatsPageStepsDefinition 151 - Clicked on Seats option under Account
Trying to find Element By : By.xpath: //span[text()='Active']
Found Element By : By.xpath: //span[text()='Active']
Trying to find Element By : By.xpath: //h1[text()='Seats']
Found Element By : By.xpath: //h1[text()='Seats']
Trying to find Element By : By.xpath: //span[text()='Active']
Found Element By : By.xpath: //span[text()='Active']
Trying to find Element By : By.xpath: //span[text()='Active']
Found Element By : By.xpath: //span[text()='Active']
Trying to find Element By : By.xpath: //span[text()='Active']
Found Element By : By.xpath: //span[text()='Active']
Trying to click on: [[ChromeDriver: chrome on MAC (110416753f76f5868cfd1719eb1bdd52)] -> xpath: //span[text()='Active']]
Clicked on: [[ChromeDriver: chrome on MAC (110416753f76f5868cfd1719eb1bdd52)] -> xpath: //span[text()='Active']]
06-09-2020 09:47:04 SeatsPageStepsDefinition.java INFO  [TestNG-tests-1] stepDefinitions.SeatsPageStepsDefinition 153 - Clicked on Active tab
Trying to find Element By : By.all({By.xpath: //table/tbody/tr})
Found Element By : By.all({By.xpath: //table/tbody/tr})
Trying to find Element By : By.all({By.xpath: //table/tbody/tr[1]/td})
Found Element By : By.all({By.xpath: //table/tbody/tr[1]/td})
Trying to find Element By : By.xpath: //*[@id="app"]/div/main/div/div/div/div[2]/div/div[2]/div[4]/button/span/i
Found Element By : By.xpath: //*[@id="app"]/div/main/div/div/div/div[2]/div/div[2]/div[4]/button/span/i
Trying to find Element By : By.xpath: //table/tbody/tr[1]/td[2]
Found Element By : By.xpath: //table/tbody/tr[1]/td[2]
Trying to find Element By : By.xpath: //table/tbody/tr[1]/td[1]
Found Element By : By.xpath: //table/tbody/tr[1]/td[1]
Trying to click on: [[ChromeDriver: chrome on MAC (110416753f76f5868cfd1719eb1bdd52)] -> xpath: //table/tbody/tr[1]/td[1]]
Clicked on: [[ChromeDriver: chrome on MAC (110416753f76f5868cfd1719eb1bdd52)] -> xpath: //table/tbody/tr[1]/td[1]]
Trying to find Element By : By.xpath: //table/tbody/tr[1]/td[2]
Found Element By : By.xpath: //table/tbody/tr[1]/td[2]
Seat ID select :134
06-09-2020 09:47:04 SeatsPageStepsDefinition.java INFO  [TestNG-tests-1] stepDefinitions.SeatsPageStepsDefinition 158 - Clicked on Checkbox of the seat ID :134
Trying to find Element By : By.xpath: //h1[text()='Seats']
Found Element By : By.xpath: //h1[text()='Seats']
Trying to find Element By : By.all({By.xpath: //table/tbody/tr})
Found Element By : By.all({By.xpath: //table/tbody/tr})
Trying to find Element By : By.all({By.xpath: //table/tbody/tr})
Found Element By : By.all({By.xpath: //table/tbody/tr})
Trying to find Element By : By.all({By.xpath: //table/tbody/tr[1]/td})
Found Element By : By.all({By.xpath: //table/tbody/tr[1]/td})
Trying to find Element By : By.xpath: //*[@id="app"]/div/main/div/div/div/div[2]/div/div[2]/div[4]/button/span/i
Found Element By : By.xpath: //*[@id="app"]/div/main/div/div/div/div[2]/div/div[2]/div[4]/button/span/i
Trying to find Element By : By.xpath: //table/tbody/tr[1]/td[2]
Found Element By : By.xpath: //table/tbody/tr[1]/td[2]
Trying to find Element By : By.xpath: //table/tbody/tr[1]/td[2]
Found Element By : By.xpath: //table/tbody/tr[1]/td[2]
Trying to find Element By : By.xpath: //table/tbody/tr[1]/td[3]
Found Element By : By.xpath: //table/tbody/tr[1]/td[3]
Trying to find Element By : By.xpath: //table/tbody/tr[1]/td[4]
Found Element By : By.xpath: //table/tbody/tr[1]/td[4]
Trying to find Element By : By.xpath: //table/tbody/tr[1]/td[5]
Found Element By : By.xpath: //table/tbody/tr[1]/td[5]
06-09-2020 09:47:04 SeatsPageStepsDefinition.java INFO  [TestNG-tests-1] stepDefinitions.SeatsPageStepsDefinition 160 - Before Modify active seat assigned the particular seat row data into the array list
06-09-2020 09:47:04 SeatsPageStepsDefinition.java INFO  [TestNG-tests-1] stepDefinitions.SeatsPageStepsDefinition 162 - Before Modify active seat assigned the seat name from the array list :Test Seat4voi0
06-09-2020 09:47:04 SeatsPageStepsDefinition.java INFO  [TestNG-tests-1] stepDefinitions.SeatsPageStepsDefinition 164 - Before Modify active seat assigned the sales account name from the array list :Merchant
06-09-2020 09:47:04 SeatsPageStepsDefinition.java INFO  [TestNG-tests-1] stepDefinitions.SeatsPageStepsDefinition 166 - Before Modify active seat assigned the email if from the array list :India
Trying to find Element By : By.xpath: //header/div/div[1]/button[3]
Found Element By : By.xpath: //header/div/div[1]/button[3]
Trying to click on: [[ChromeDriver: chrome on MAC (110416753f76f5868cfd1719eb1bdd52)] -> xpath: //header/div/div[1]/button[3]]
Clicked on: [[ChromeDriver: chrome on MAC (110416753f76f5868cfd1719eb1bdd52)] -> xpath: //header/div/div[1]/button[3]]
06-09-2020 09:47:14 SeatsPageStepsDefinition.java INFO  [TestNG-tests-1] stepDefinitions.SeatsPageStepsDefinition 207 - Clicked on paused seat button by selecting Seats from Active tab
Trying to find Element By : By.xpath: //span[text()='Paused']
Found Element By : By.xpath: //span[text()='Paused']
Trying to find Element By : By.xpath: //h1[text()='Seats']
Found Element By : By.xpath: //h1[text()='Seats']
Trying to find Element By : By.xpath: //span[text()='Paused']
Found Element By : By.xpath: //span[text()='Paused']
Trying to find Element By : By.xpath: //span[text()='Paused']
Found Element By : By.xpath: //span[text()='Paused']
Trying to find Element By : By.xpath: //span[text()='Paused']
Found Element By : By.xpath: //span[text()='Paused']
Trying to click on: [[ChromeDriver: chrome on MAC (110416753f76f5868cfd1719eb1bdd52)] -> xpath: //span[text()='Paused']]
Clicked on: [[ChromeDriver: chrome on MAC (110416753f76f5868cfd1719eb1bdd52)] -> xpath: //span[text()='Paused']]
06-09-2020 09:47:14 SeatsPageStepsDefinition.java INFO  [TestNG-tests-1] stepDefinitions.SeatsPageStepsDefinition 209 - Clicked on paused tab : 134
Trying to find Element By : By.xpath: //h1[text()='Seats']
Found Element By : By.xpath: //h1[text()='Seats']
Trying to find Element By : By.all({By.xpath: //table/tbody/tr})
Found Element By : By.all({By.xpath: //table/tbody/tr})
Trying to find Element By : By.all({By.xpath: //table/tbody/tr})
Found Element By : By.all({By.xpath: //table/tbody/tr})
Trying to find Element By : By.all({By.xpath: //table/tbody/tr[1]/td})
Found Element By : By.all({By.xpath: //table/tbody/tr[1]/td})
Trying to find Element By : By.xpath: //*[@id="app"]/div/main/div/div/div/div[2]/div/div[2]/div[4]/button/span/i
Found Element By : By.xpath: //*[@id="app"]/div/main/div/div/div/div[2]/div/div[2]/div[4]/button/span/i
Trying to find Element By : By.xpath: //table/tbody/tr[1]/td[2]
Found Element By : By.xpath: //table/tbody/tr[1]/td[2]
Trying to find Element By : By.xpath: //table/tbody/tr[2]/td[2]
Found Element By : By.xpath: //table/tbody/tr[2]/td[2]
Trying to find Element By : By.xpath: //table/tbody/tr[2]/td[2]
Found Element By : By.xpath: //table/tbody/tr[2]/td[2]
Trying to find Element By : By.xpath: //table/tbody/tr[2]/td[3]
Found Element By : By.xpath: //table/tbody/tr[2]/td[3]
Trying to find Element By : By.xpath: //table/tbody/tr[2]/td[4]
Found Element By : By.xpath: //table/tbody/tr[2]/td[4]
Trying to find Element By : By.xpath: //table/tbody/tr[2]/td[5]
Found Element By : By.xpath: //table/tbody/tr[2]/td[5]
06-09-2020 09:47:15 SeatsPageStepsDefinition.java INFO  [TestNG-tests-1] stepDefinitions.SeatsPageStepsDefinition 212 - Seat name asserted in paused tab :Test Seat4voi0
06-09-2020 09:47:15 SeatsPageStepsDefinition.java INFO  [TestNG-tests-1] stepDefinitions.SeatsPageStepsDefinition 214 - Seat name asserted in paused tab :Merchant
06-09-2020 09:47:15 SeatsPageStepsDefinition.java INFO  [TestNG-tests-1] stepDefinitions.SeatsPageStepsDefinition 216 - Seat name asserted in paused tab :India
Before navigating to: 'http://qa-publisher-portal.rmp.rakuten.com/login'
Navigated to:'http://qa-publisher-portal.rmp.rakuten.com/login'

  Scenario: Verify if user is able to update the Active Seat into Disabled seat with admin role. &amp#27;[90m# RXSeats.feature:86&amp#27;[0m
    &amp#27;[32mGiven &amp#27;[0m&amp#27;[32madmin user login to RX UI with valid username and password&amp#27;[0m                             &amp#27;[90m# ProfileStepDefinition.admin_user_login_to_RX_UI_with_valid_username_and_password()&amp#27;[0m
    &amp#27;[32mWhen &amp#27;[0m&amp#27;[32mSelect the active seat for modify&amp#27;[0m                                                       &amp#27;[90m# SeatsPageStepsDefinition.select_the_active_seat_for_modify()&amp#27;[0m
    &amp#27;[32mThen &amp#27;[0m&amp#27;[32mmodify the selected seat to Disabled or paused&amp#27;[0m                                          &amp#27;[90m# SeatsPageStepsDefinition.modify_the_selected_seat_to_Disabled_or_paused()&amp#27;[0m
Trying to find Element By : By.xpath: //input[@autofocus="autofocus"]
Found Element By : By.xpath: //input[@autofocus="autofocus"]
Value of the:[[ChromeDriver: chrome on MAC (cdcbd56a7cf9402a5df5041dff0bea16)] -> xpath: //input[@autofocus="autofocus"]] before any changes made
Element value changed to: [[ChromeDriver: chrome on MAC (cdcbd56a7cf9402a5df5041dff0bea16)] -> xpath: //input[@autofocus="autofocus"]]
Trying to find Element By : By.xpath: //input[@type="password"]
Found Element By : By.xpath: //input[@type="password"]
Value of the:[[ChromeDriver: chrome on MAC (cdcbd56a7cf9402a5df5041dff0bea16)] -> xpath: //input[@type="password"]] before any changes made
Element value changed to: [[ChromeDriver: chrome on MAC (cdcbd56a7cf9402a5df5041dff0bea16)] -> xpath: //input[@type="password"]]
Trying to find Element By : By.xpath: //span[text()='Login']
Found Element By : By.xpath: //span[text()='Login']
Trying to click on: [[ChromeDriver: chrome on MAC (cdcbd56a7cf9402a5df5041dff0bea16)] -> xpath: //span[text()='Login']]
Clicked on: [[ChromeDriver: chrome on MAC (cdcbd56a7cf9402a5df5041dff0bea16)] -> xpath: //span[text()='Login']]
Trying to find Element By : By.xpath: //div[@class="logo"]
Found Element By : By.xpath: //div[@class="logo"]
Trying to find Element By : By.xpath: //div[text()='Seats']
Found Element By : By.xpath: //div[text()='Seats']
Trying to find Element By : By.xpath: //div[text()='Seats']
Found Element By : By.xpath: //div[text()='Seats']
Trying to click on: [[ChromeDriver: chrome on MAC (cdcbd56a7cf9402a5df5041dff0bea16)] -> xpath: //div[text()='Seats']]
Clicked on: [[ChromeDriver: chrome on MAC (cdcbd56a7cf9402a5df5041dff0bea16)] -> xpath: //div[text()='Seats']]
Trying to find Element By : By.xpath: //h1[text()='Seats']
Found Element By : By.xpath: //h1[text()='Seats']
06-09-2020 09:47:30 SeatsPageStepsDefinition.java INFO  [TestNG-tests-1] stepDefinitions.SeatsPageStepsDefinition 311 - Clicked on Seats option under Account
Trying to find Element By : By.xpath: //span[text()='Paused']
Found Element By : By.xpath: //span[text()='Paused']
Trying to find Element By : By.xpath: //h1[text()='Seats']
Found Element By : By.xpath: //h1[text()='Seats']
Trying to find Element By : By.xpath: //span[text()='Paused']
Found Element By : By.xpath: //span[text()='Paused']
Trying to find Element By : By.xpath: //span[text()='Paused']
Found Element By : By.xpath: //span[text()='Paused']
Trying to find Element By : By.xpath: //span[text()='Paused']
Found Element By : By.xpath: //span[text()='Paused']
Trying to click on: [[ChromeDriver: chrome on MAC (cdcbd56a7cf9402a5df5041dff0bea16)] -> xpath: //span[text()='Paused']]
Clicked on: [[ChromeDriver: chrome on MAC (cdcbd56a7cf9402a5df5041dff0bea16)] -> xpath: //span[text()='Paused']]
06-09-2020 09:47:30 SeatsPageStepsDefinition.java INFO  [TestNG-tests-1] stepDefinitions.SeatsPageStepsDefinition 313 - Clicked on Paused tab
Trying to find Element By : By.all({By.xpath: //table/tbody/tr})
Found Element By : By.all({By.xpath: //table/tbody/tr})
Trying to find Element By : By.all({By.xpath: //table/tbody/tr[1]/td})
Found Element By : By.all({By.xpath: //table/tbody/tr[1]/td})
Trying to find Element By : By.xpath: //*[@id="app"]/div/main/div/div/div/div[2]/div/div[2]/div[4]/button/span/i
Found Element By : By.xpath: //*[@id="app"]/div/main/div/div/div/div[2]/div/div[2]/div[4]/button/span/i
Trying to find Element By : By.xpath: //table/tbody/tr[1]/td[2]
Found Element By : By.xpath: //table/tbody/tr[1]/td[2]
Trying to find Element By : By.xpath: //table/tbody/tr[2]/td[2]
Found Element By : By.xpath: //table/tbody/tr[2]/td[2]
Trying to find Element By : By.xpath: //table/tbody/tr[2]/td[1]
Found Element By : By.xpath: //table/tbody/tr[2]/td[1]
Trying to click on: [[ChromeDriver: chrome on MAC (cdcbd56a7cf9402a5df5041dff0bea16)] -> xpath: //table/tbody/tr[2]/td[1]]
Clicked on: [[ChromeDriver: chrome on MAC (cdcbd56a7cf9402a5df5041dff0bea16)] -> xpath: //table/tbody/tr[2]/td[1]]
Trying to find Element By : By.xpath: //table/tbody/tr[2]/td[2]
Found Element By : By.xpath: //table/tbody/tr[2]/td[2]
Seat ID select :134
06-09-2020 09:47:31 SeatsPageStepsDefinition.java INFO  [TestNG-tests-1] stepDefinitions.SeatsPageStepsDefinition 318 - Clicked on Checkbox of the seat ID :134
Trying to find Element By : By.xpath: //h1[text()='Seats']
Found Element By : By.xpath: //h1[text()='Seats']
Trying to find Element By : By.all({By.xpath: //table/tbody/tr})
Found Element By : By.all({By.xpath: //table/tbody/tr})
Trying to find Element By : By.all({By.xpath: //table/tbody/tr})
Found Element By : By.all({By.xpath: //table/tbody/tr})
Trying to find Element By : By.all({By.xpath: //table/tbody/tr[1]/td})
Found Element By : By.all({By.xpath: //table/tbody/tr[1]/td})
Trying to find Element By : By.xpath: //*[@id="app"]/div/main/div/div/div/div[2]/div/div[2]/div[4]/button/span/i
Found Element By : By.xpath: //*[@id="app"]/div/main/div/div/div/div[2]/div/div[2]/div[4]/button/span/i
Trying to find Element By : By.xpath: //table/tbody/tr[1]/td[2]
Found Element By : By.xpath: //table/tbody/tr[1]/td[2]
Trying to find Element By : By.xpath: //table/tbody/tr[2]/td[2]
Found Element By : By.xpath: //table/tbody/tr[2]/td[2]
Trying to find Element By : By.xpath: //table/tbody/tr[2]/td[2]
Found Element By : By.xpath: //table/tbody/tr[2]/td[2]
Trying to find Element By : By.xpath: //table/tbody/tr[2]/td[3]
Found Element By : By.xpath: //table/tbody/tr[2]/td[3]
Trying to find Element By : By.xpath: //table/tbody/tr[2]/td[4]
Found Element By : By.xpath: //table/tbody/tr[2]/td[4]
Trying to find Element By : By.xpath: //table/tbody/tr[2]/td[5]
Found Element By : By.xpath: //table/tbody/tr[2]/td[5]
06-09-2020 09:47:31 SeatsPageStepsDefinition.java INFO  [TestNG-tests-1] stepDefinitions.SeatsPageStepsDefinition 320 - Before Modify Paused seat assigned the particular seat row data into the array list
06-09-2020 09:47:31 SeatsPageStepsDefinition.java INFO  [TestNG-tests-1] stepDefinitions.SeatsPageStepsDefinition 322 - Before Modify Paused seat assigned the seat name from the array list :Test Seat4voi0
06-09-2020 09:47:31 SeatsPageStepsDefinition.java INFO  [TestNG-tests-1] stepDefinitions.SeatsPageStepsDefinition 324 - Before Modify Paused seat assigned the sales account name from the array list :Merchant
06-09-2020 09:47:31 SeatsPageStepsDefinition.java INFO  [TestNG-tests-1] stepDefinitions.SeatsPageStepsDefinition 326 - Before Modify Paused seat assigned the email if from the array list :India
Trying to find Element By : By.xpath: //header/div/div[1]/button[3]
Found Element By : By.xpath: //header/div/div[1]/button[3]
Trying to click on: [[ChromeDriver: chrome on MAC (cdcbd56a7cf9402a5df5041dff0bea16)] -> xpath: //header/div/div[1]/button[3]]
Clicked on: [[ChromeDriver: chrome on MAC (cdcbd56a7cf9402a5df5041dff0bea16)] -> xpath: //header/div/div[1]/button[3]]
06-09-2020 09:47:41 SeatsPageStepsDefinition.java INFO  [TestNG-tests-1] stepDefinitions.SeatsPageStepsDefinition 367 - Clicked on Deactivate seat button by selecting Seats from paused tab
Trying to find Element By : By.xpath: //span[text()='Inactive']
Found Element By : By.xpath: //span[text()='Inactive']
Trying to find Element By : By.xpath: //h1[text()='Seats']
Found Element By : By.xpath: //h1[text()='Seats']
Trying to find Element By : By.xpath: //span[text()='Inactive']
Found Element By : By.xpath: //span[text()='Inactive']
Trying to find Element By : By.xpath: //span[text()='Inactive']
Found Element By : By.xpath: //span[text()='Inactive']
Trying to find Element By : By.xpath: //span[text()='Inactive']
Found Element By : By.xpath: //span[text()='Inactive']
Trying to click on: [[ChromeDriver: chrome on MAC (cdcbd56a7cf9402a5df5041dff0bea16)] -> xpath: //span[text()='Inactive']]
Clicked on: [[ChromeDriver: chrome on MAC (cdcbd56a7cf9402a5df5041dff0bea16)] -> xpath: //span[text()='Inactive']]
06-09-2020 09:47:46 SeatsPageStepsDefinition.java INFO  [TestNG-tests-1] stepDefinitions.SeatsPageStepsDefinition 369 - Clicked on Inactivate tab : 134
Trying to find Element By : By.xpath: //h1[text()='Seats']
Found Element By : By.xpath: //h1[text()='Seats']
Trying to find Element By : By.all({By.xpath: //table/tbody/tr})
Found Element By : By.all({By.xpath: //table/tbody/tr})
Trying to find Element By : By.all({By.xpath: //table/tbody/tr})
Found Element By : By.all({By.xpath: //table/tbody/tr})
Trying to find Element By : By.all({By.xpath: //table/tbody/tr[1]/td})
Found Element By : By.all({By.xpath: //table/tbody/tr[1]/td})
Trying to find Element By : By.xpath: //*[@id="app"]/div/main/div/div/div/div[2]/div/div[2]/div[4]/button/span/i
Found Element By : By.xpath: //*[@id="app"]/div/main/div/div/div/div[2]/div/div[2]/div[4]/button/span/i
Trying to find Element By : By.xpath: //table/tbody/tr[1]/td[2]
Found Element By : By.xpath: //table/tbody/tr[1]/td[2]
Trying to find Element By : By.xpath: //table/tbody/tr[2]/td[2]
Found Element By : By.xpath: //table/tbody/tr[2]/td[2]
Trying to find Element By : By.xpath: //table/tbody/tr[2]/td[2]
Found Element By : By.xpath: //table/tbody/tr[2]/td[2]
Trying to find Element By : By.xpath: //table/tbody/tr[2]/td[3]
Found Element By : By.xpath: //table/tbody/tr[2]/td[3]
Trying to find Element By : By.xpath: //table/tbody/tr[2]/td[4]
Found Element By : By.xpath: //table/tbody/tr[2]/td[4]
Trying to find Element By : By.xpath: //table/tbody/tr[2]/td[5]
Found Element By : By.xpath: //table/tbody/tr[2]/td[5]
06-09-2020 09:47:46 SeatsPageStepsDefinition.java INFO  [TestNG-tests-1] stepDefinitions.SeatsPageStepsDefinition 372 - Seat name asserted in Inactivate tab :Test Seat4voi0
06-09-2020 09:47:46 SeatsPageStepsDefinition.java INFO  [TestNG-tests-1] stepDefinitions.SeatsPageStepsDefinition 374 - Seat name asserted in Inactivate tab :Merchant
06-09-2020 09:47:46 SeatsPageStepsDefinition.java INFO  [TestNG-tests-1] stepDefinitions.SeatsPageStepsDefinition 376 - Seat name asserted in Inactivate tab :India
Before navigating to: 'http://qa-publisher-portal.rmp.rakuten.com/login'
Navigated to:'http://qa-publisher-portal.rmp.rakuten.com/login'

  Scenario: Verify if user is able to update the Disabled or Paused Seat into Inactive or Deactivate seat with admin role. &amp#27;[90m# RXSeats.feature:92&amp#27;[0m
    &amp#27;[32mGiven &amp#27;[0m&amp#27;[32madmin user login to RX UI with valid username and password&amp#27;[0m                                                       &amp#27;[90m# ProfileStepDefinition.admin_user_login_to_RX_UI_with_valid_username_and_password()&amp#27;[0m
    &amp#27;[32mWhen &amp#27;[0m&amp#27;[32mSelect the Disabled or paused seat for modify&amp#27;[0m                                                                     &amp#27;[90m# SeatsPageStepsDefinition.select_the_Disabled_or_paused_seat_for_modify()&amp#27;[0m
    &amp#27;[32mThen &amp#27;[0m&amp#27;[32mmodify the selected seat to Inactive&amp#27;[0m                                                                              &amp#27;[90m# SeatsPageStepsDefinition.modify_the_selected_seat_to_Inactive()&amp#27;[0m
Trying to find Element By : By.xpath: //input[@autofocus="autofocus"]
Found Element By : By.xpath: //input[@autofocus="autofocus"]
Value of the:[[ChromeDriver: chrome on MAC (fc1c8b092df7d1aacb6c018b15d45b90)] -> xpath: //input[@autofocus="autofocus"]] before any changes made
Element value changed to: [[ChromeDriver: chrome on MAC (fc1c8b092df7d1aacb6c018b15d45b90)] -> xpath: //input[@autofocus="autofocus"]]
Trying to find Element By : By.xpath: //input[@type="password"]
Found Element By : By.xpath: //input[@type="password"]
Value of the:[[ChromeDriver: chrome on MAC (fc1c8b092df7d1aacb6c018b15d45b90)] -> xpath: //input[@type="password"]] before any changes made
Element value changed to: [[ChromeDriver: chrome on MAC (fc1c8b092df7d1aacb6c018b15d45b90)] -> xpath: //input[@type="password"]]
Trying to find Element By : By.xpath: //span[text()='Login']
Found Element By : By.xpath: //span[text()='Login']
Trying to click on: [[ChromeDriver: chrome on MAC (fc1c8b092df7d1aacb6c018b15d45b90)] -> xpath: //span[text()='Login']]
Clicked on: [[ChromeDriver: chrome on MAC (fc1c8b092df7d1aacb6c018b15d45b90)] -> xpath: //span[text()='Login']]
Trying to find Element By : By.xpath: //div[@class="logo"]

  Scenario: Verify if user is able to update the Inactive Seat into Active seat with admin role. &amp#27;[90m# RXSeats.feature:98&amp#27;[0m
    &amp#27;[31mGiven &amp#27;[0m&amp#27;[31madmin user login to RX UI with valid username and password&amp#27;[0m                             &amp#27;[90m# ProfileStepDefinition.admin_user_login_to_RX_UI_with_valid_username_and_password()&amp#27;[0m
      &amp#27;[31morg.openqa.selenium.NoSuchElementException: no such element: Unable to locate element: {"method":"xpath","selector":"//div[@class="logo"]"}
        (Session info: chrome=83.0.4103.97)
      For documentation on this error, please visit: http://seleniumhq.org/exceptions/no_such_element.html
      Build info: version: '3.11.0', revision: 'e59cfb3', time: '2018-03-11T20:26:55.152Z'
      System info: host: 'RINMAC632', ip: 'fe80:0:0:0:48d:2e77:d6ee:c314%en0', os.name: 'Mac OS X', os.arch: 'x86_64', os.version: '10.14.6', java.version: '11.0.5'
      Driver info: org.openqa.selenium.chrome.ChromeDriver
      Capabilities {acceptInsecureCerts: false, browserName: chrome, browserVersion: 83.0.4103.97, chrome: {chromedriverVersion: 83.0.4103.39 (ccbf011cb2d2b..., userDataDir: /var/folders/gx/88xk1g2945q...}, goog:chromeOptions: {debuggerAddress: localhost:60930}, javascriptEnabled: true, networkConnectionEnabled: false, pageLoadStrategy: normal, platform: MAC, platformName: MAC, proxy: Proxy(), setWindowRect: true, strictFileInteractability: false, timeouts: {implicit: 0, pageLoad: 300000, script: 30000}, unhandledPromptBehavior: dismiss and notify, webauthn:virtualAuthenticators: true}
      Session ID: fc1c8b092df7d1aacb6c018b15d45b90
      *** Element info: {Using=xpath, value=//div[@class="logo"]}
      	at java.base/jdk.internal.reflect.NativeConstructorAccessorImpl.newInstance0(Native Method)
      	at java.base/jdk.internal.reflect.NativeConstructorAccessorImpl.newInstance(NativeConstructorAccessorImpl.java:62)
      	at java.base/jdk.internal.reflect.DelegatingConstructorAccessorImpl.newInstance(DelegatingConstructorAccessorImpl.java:45)
      	at java.base/java.lang.reflect.Constructor.newInstance(Constructor.java:490)
      	at org.openqa.selenium.remote.http.W3CHttpResponseCodec.createException(W3CHttpResponseCodec.java:187)
      	at org.openqa.selenium.remote.http.W3CHttpResponseCodec.decode(W3CHttpResponseCodec.java:122)
      	at org.openqa.selenium.remote.http.W3CHttpResponseCodec.decode(W3CHttpResponseCodec.java:49)
      	at org.openqa.selenium.remote.HttpCommandExecutor.execute(HttpCommandExecutor.java:158)
      	at org.openqa.selenium.remote.service.DriverCommandExecutor.execute(DriverCommandExecutor.java:83)
      	at org.openqa.selenium.remote.RemoteWebDriver.execute(RemoteWebDriver.java:545)
      	at org.openqa.selenium.remote.RemoteWebDriver.findElement(RemoteWebDriver.java:319)
      	at org.openqa.selenium.remote.RemoteWebDriver.findElementByXPath(RemoteWebDriver.java:421)
      	at org.openqa.selenium.By$ByXPath.findElement(By.java:361)
      	at org.openqa.selenium.remote.RemoteWebDriver.findElement(RemoteWebDriver.java:311)
      	at jdk.internal.reflect.GeneratedMethodAccessor13.invoke(Unknown Source)
      	at java.base/jdk.internal.reflect.DelegatingMethodAccessorImpl.invoke(DelegatingMethodAccessorImpl.java:43)
      	at java.base/java.lang.reflect.Method.invoke(Method.java:566)
      	at org.openqa.selenium.support.events.EventFiringWebDriver.lambda$new$1(EventFiringWebDriver.java:103)
      	at com.sun.proxy.$Proxy20.findElement(Unknown Source)
      	at org.openqa.selenium.support.events.EventFiringWebDriver.findElement(EventFiringWebDriver.java:186)
      	at org.openqa.selenium.support.pagefactory.DefaultElementLocator.findElement(DefaultElementLocator.java:69)
      	at org.openqa.selenium.support.pagefactory.internal.LocatingElementHandler.invoke(LocatingElementHandler.java:38)
      	at com.sun.proxy.$Proxy23.isDisplayed(Unknown Source)
      	at RXPages.PublisherListPage.logodisplayed(PublisherListPage.java:192)
      	at stepDefinitions.ProfileStepDefinition.admin_user_login_to_RX_UI_with_valid_username_and_password(ProfileStepDefinition.java:48)
      	at ✽.Given admin user login to RX UI with valid username and password(RXSeats.feature:99)
      &amp#27;[0m
    &amp#27;[36mWhen &amp#27;[0m&amp#27;[36mSelect the Inactive seat for modify&amp#27;[0m                                                     &amp#27;[90m# SeatsPageStepsDefinition.select_the_Inactive_seat_for_modify()&amp#27;[0m
    &amp#27;[36mThen &amp#27;[0m&amp#27;[36mmodify the selected seat to Activate&amp#27;[0m                                                    &amp#27;[90m# SeatsPageStepsDefinition.modify_the_selected_seat_to_Activate()&amp#27;[0m
]]></system-out>
    <system-err><![CDATA[Starting ChromeDriver 83.0.4103.39 (ccbf011cb2d2b19b506d844400483861342c20cd-refs/branch-heads/4103@{#416}) on port 28940
Only local connections are allowed.
Please see https://chromedriver.chromium.org/security-considerations for suggestions on keeping ChromeDriver safe.
ChromeDriver was started successfully.
Jun 09, 2020 8:54:29 AM org.openqa.selenium.remote.ProtocolHandshake createSession
INFO: Detected dialect: W3C
Starting ChromeDriver 83.0.4103.39 (ccbf011cb2d2b19b506d844400483861342c20cd-refs/branch-heads/4103@{#416}) on port 16896
Only local connections are allowed.
Please see https://chromedriver.chromium.org/security-considerations for suggestions on keeping ChromeDriver safe.
ChromeDriver was started successfully.
Jun 09, 2020 8:54:37 AM org.openqa.selenium.remote.ProtocolHandshake createSession
INFO: Detected dialect: W3C
Starting ChromeDriver 83.0.4103.39 (ccbf011cb2d2b19b506d844400483861342c20cd-refs/branch-heads/4103@{#416}) on port 17399
Only local connections are allowed.
Please see https://chromedriver.chromium.org/security-considerations for suggestions on keeping ChromeDriver safe.
ChromeDriver was started successfully.
Jun 09, 2020 8:54:46 AM org.openqa.selenium.remote.ProtocolHandshake createSession
INFO: Detected dialect: W3C
Starting ChromeDriver 83.0.4103.39 (ccbf011cb2d2b19b506d844400483861342c20cd-refs/branch-heads/4103@{#416}) on port 13468
Only local connections are allowed.
Please see https://chromedriver.chromium.org/security-considerations for suggestions on keeping ChromeDriver safe.
ChromeDriver was started successfully.
Jun 09, 2020 8:54:55 AM org.openqa.selenium.remote.ProtocolHandshake createSession
INFO: Detected dialect: W3C
Starting ChromeDriver 83.0.4103.39 (ccbf011cb2d2b19b506d844400483861342c20cd-refs/branch-heads/4103@{#416}) on port 25406
Only local connections are allowed.
Please see https://chromedriver.chromium.org/security-considerations for suggestions on keeping ChromeDriver safe.
ChromeDriver was started successfully.
Jun 09, 2020 8:55:04 AM org.openqa.selenium.remote.ProtocolHandshake createSession
INFO: Detected dialect: W3C
[1591674218.696][SEVERE]: Timed out receiving message from renderer: 10.000
[1591674218.697][WARNING]: screenshot failed, retrying timeout: Timed out receiving message from renderer: 10.000
Starting ChromeDriver 83.0.4103.39 (ccbf011cb2d2b19b506d844400483861342c20cd-refs/branch-heads/4103@{#416}) on port 1848
Only local connections are allowed.
Please see https://chromedriver.chromium.org/security-considerations for suggestions on keeping ChromeDriver safe.
ChromeDriver was started successfully.
Jun 09, 2020 9:13:45 AM org.openqa.selenium.remote.ProtocolHandshake createSession
INFO: Detected dialect: W3C
Starting ChromeDriver 83.0.4103.39 (ccbf011cb2d2b19b506d844400483861342c20cd-refs/branch-heads/4103@{#416}) on port 41025
Only local connections are allowed.
Please see https://chromedriver.chromium.org/security-considerations for suggestions on keeping ChromeDriver safe.
ChromeDriver was started successfully.
Jun 09, 2020 9:22:06 AM org.openqa.selenium.remote.ProtocolHandshake createSession
INFO: Detected dialect: W3C
Starting ChromeDriver 83.0.4103.39 (ccbf011cb2d2b19b506d844400483861342c20cd-refs/branch-heads/4103@{#416}) on port 47451
Only local connections are allowed.
Please see https://chromedriver.chromium.org/security-considerations for suggestions on keeping ChromeDriver safe.
ChromeDriver was started successfully.
Jun 09, 2020 9:39:21 AM org.openqa.selenium.remote.ProtocolHandshake createSession
INFO: Detected dialect: W3C
Starting ChromeDriver 83.0.4103.39 (ccbf011cb2d2b19b506d844400483861342c20cd-refs/branch-heads/4103@{#416}) on port 9553
Only local connections are allowed.
Please see https://chromedriver.chromium.org/security-considerations for suggestions on keeping ChromeDriver safe.
ChromeDriver was started successfully.
Jun 09, 2020 9:40:26 AM org.openqa.selenium.remote.ProtocolHandshake createSession
INFO: Detected dialect: W3C
Starting ChromeDriver 83.0.4103.39 (ccbf011cb2d2b19b506d844400483861342c20cd-refs/branch-heads/4103@{#416}) on port 17017
Only local connections are allowed.
Please see https://chromedriver.chromium.org/security-considerations for suggestions on keeping ChromeDriver safe.
ChromeDriver was started successfully.
Jun 09, 2020 9:41:30 AM org.openqa.selenium.remote.ProtocolHandshake createSession
INFO: Detected dialect: W3C
Starting ChromeDriver 83.0.4103.39 (ccbf011cb2d2b19b506d844400483861342c20cd-refs/branch-heads/4103@{#416}) on port 13258
Only local connections are allowed.
Please see https://chromedriver.chromium.org/security-considerations for suggestions on keeping ChromeDriver safe.
ChromeDriver was started successfully.
Jun 09, 2020 9:42:36 AM org.openqa.selenium.remote.ProtocolHandshake createSession
INFO: Detected dialect: W3C
Starting ChromeDriver 83.0.4103.39 (ccbf011cb2d2b19b506d844400483861342c20cd-refs/branch-heads/4103@{#416}) on port 20161
Only local connections are allowed.
Please see https://chromedriver.chromium.org/security-considerations for suggestions on keeping ChromeDriver safe.
ChromeDriver was started successfully.
Jun 09, 2020 9:43:41 AM org.openqa.selenium.remote.ProtocolHandshake createSession
INFO: Detected dialect: W3C
Starting ChromeDriver 83.0.4103.39 (ccbf011cb2d2b19b506d844400483861342c20cd-refs/branch-heads/4103@{#416}) on port 20782
Only local connections are allowed.
Please see https://chromedriver.chromium.org/security-considerations for suggestions on keeping ChromeDriver safe.
ChromeDriver was started successfully.
Jun 09, 2020 9:44:46 AM org.openqa.selenium.remote.ProtocolHandshake createSession
INFO: Detected dialect: W3C
Starting ChromeDriver 83.0.4103.39 (ccbf011cb2d2b19b506d844400483861342c20cd-refs/branch-heads/4103@{#416}) on port 14225
Only local connections are allowed.
Please see https://chromedriver.chromium.org/security-considerations for suggestions on keeping ChromeDriver safe.
ChromeDriver was started successfully.
Jun 09, 2020 9:46:49 AM org.openqa.selenium.remote.ProtocolHandshake createSession
INFO: Detected dialect: W3C
Starting ChromeDriver 83.0.4103.39 (ccbf011cb2d2b19b506d844400483861342c20cd-refs/branch-heads/4103@{#416}) on port 31839
Only local connections are allowed.
Please see https://chromedriver.chromium.org/security-considerations for suggestions on keeping ChromeDriver safe.
ChromeDriver was started successfully.
Jun 09, 2020 9:47:16 AM org.openqa.selenium.remote.ProtocolHandshake createSession
INFO: Detected dialect: W3C
Starting ChromeDriver 83.0.4103.39 (ccbf011cb2d2b19b506d844400483861342c20cd-refs/branch-heads/4103@{#416}) on port 35515
Only local connections are allowed.
Please see https://chromedriver.chromium.org/security-considerations for suggestions on keeping ChromeDriver safe.
ChromeDriver was started successfully.
Jun 09, 2020 9:47:48 AM org.openqa.selenium.remote.ProtocolHandshake createSession
INFO: Detected dialect: W3C
]]></system-err>
  </testcase>
  <testcase name="feature" classname="MyRunner.TestRunner" time="1,961.017">
    <failure message="org.openqa.selenium.NoSuchElementException: no such element: Unable to locate element: {&quot;method&quot;:&quot;xpath&quot;,&quot;selector&quot;:&quot;//div[@class=&quot;logo&quot;]&quot;}&#10;  (Session info: chrome=83.0.4103.97)&#10;For documentation on this error, please visit: http://seleniumhq.org/exceptions/no_such_element.html&#10;Build info: version: &apos;3.11.0&apos;, revision: &apos;e59cfb3&apos;, time: &apos;2018-03-11T20:26:55.152Z&apos;&#10;System info: host: &apos;RINMAC632&apos;, ip: &apos;fe80:0:0:0:48d:2e77:d6ee:c314%en0&apos;, os.name: &apos;Mac OS X&apos;, os.arch: &apos;x86_64&apos;, os.version: &apos;10.14.6&apos;, java.version: &apos;11.0.5&apos;&#10;Driver info: org.openqa.selenium.chrome.ChromeDriver&#10;Capabilities {acceptInsecureCerts: false, browserName: chrome, browserVersion: 83.0.4103.97, chrome: {chromedriverVersion: 83.0.4103.39 (ccbf011cb2d2b..., userDataDir: /var/folders/gx/88xk1g2945q...}, goog:chromeOptions: {debuggerAddress: localhost:61205}, javascriptEnabled: true, networkConnectionEnabled: false, pageLoadStrategy: normal, platform: MAC, platformName: MAC, proxy: Proxy(), setWindowRect: true, strictFileInteractability: false, timeouts: {implicit: 0, pageLoad: 300000, script: 30000}, unhandledPromptBehavior: dismiss and notify, webauthn:virtualAuthenticators: true}&#10;Session ID: 77262825d39a5b683c2423ffe366ca06&#10;*** Element info: {Using=xpath, value=//div[@class=&quot;logo&quot;]}" type="cucumber.runtime.CucumberException">cucumber.runtime.CucumberException: 
org.openqa.selenium.NoSuchElementException: no such element: Unable to locate element: {"method":"xpath","selector":"//div[@class="logo"]"}
  (Session info: chrome=83.0.4103.97)
For documentation on this error, please visit: http://seleniumhq.org/exceptions/no_such_element.html
Build info: version: '3.11.0', revision: 'e59cfb3', time: '2018-03-11T20:26:55.152Z'
System info: host: 'RINMAC632', ip: 'fe80:0:0:0:48d:2e77:d6ee:c314%en0', os.name: 'Mac OS X', os.arch: 'x86_64', os.version: '10.14.6', java.version: '11.0.5'
Driver info: org.openqa.selenium.chrome.ChromeDriver
Capabilities {acceptInsecureCerts: false, browserName: chrome, browserVersion: 83.0.4103.97, chrome: {chromedriverVersion: 83.0.4103.39 (ccbf011cb2d2b..., userDataDir: /var/folders/gx/88xk1g2945q...}, goog:chromeOptions: {debuggerAddress: localhost:61205}, javascriptEnabled: true, networkConnectionEnabled: false, pageLoadStrategy: normal, platform: MAC, platformName: MAC, proxy: Proxy(), setWindowRect: true, strictFileInteractability: false, timeouts: {implicit: 0, pageLoad: 300000, script: 30000}, unhandledPromptBehavior: dismiss and notify, webauthn:virtualAuthenticators: true}
Session ID: 77262825d39a5b683c2423ffe366ca06
*** Element info: {Using=xpath, value=//div[@class="logo"]}
	at MyRunner.TestRunner.feature(TestRunner.java:44)
Caused by: org.openqa.selenium.NoSuchElementException: 
no such element: Unable to locate element: {"method":"xpath","selector":"//div[@class="logo"]"}
  (Session info: chrome=83.0.4103.97)
For documentation on this error, please visit: http://seleniumhq.org/exceptions/no_such_element.html
Build info: version: '3.11.0', revision: 'e59cfb3', time: '2018-03-11T20:26:55.152Z'
System info: host: 'RINMAC632', ip: 'fe80:0:0:0:48d:2e77:d6ee:c314%en0', os.name: 'Mac OS X', os.arch: 'x86_64', os.version: '10.14.6', java.version: '11.0.5'
Driver info: org.openqa.selenium.chrome.ChromeDriver
Capabilities {acceptInsecureCerts: false, browserName: chrome, browserVersion: 83.0.4103.97, chrome: {chromedriverVersion: 83.0.4103.39 (ccbf011cb2d2b..., userDataDir: /var/folders/gx/88xk1g2945q...}, goog:chromeOptions: {debuggerAddress: localhost:61205}, javascriptEnabled: true, networkConnectionEnabled: false, pageLoadStrategy: normal, platform: MAC, platformName: MAC, proxy: Proxy(), setWindowRect: true, strictFileInteractability: false, timeouts: {implicit: 0, pageLoad: 300000, script: 30000}, unhandledPromptBehavior: dismiss and notify, webauthn:virtualAuthenticators: true}
Session ID: 77262825d39a5b683c2423ffe366ca06
*** Element info: {Using=xpath, value=//div[@class="logo"]}
</failure>
    <system-out><![CDATA[Feature: RX Login page Validation
Before navigating to: 'http://qa-publisher-portal.rmp.rakuten.com/login'
Navigated to:'http://qa-publisher-portal.rmp.rakuten.com/login'
Trying to find Element By : By.xpath: //input[@autofocus="autofocus"]
Found Element By : By.xpath: //input[@autofocus="autofocus"]
Value of the:[[ChromeDriver: chrome on MAC (1f1f3fb1e0eff69a661fa15bcb8423f8)] -> xpath: //input[@autofocus="autofocus"]] before any changes made
Element value changed to: [[ChromeDriver: chrome on MAC (1f1f3fb1e0eff69a661fa15bcb8423f8)] -> xpath: //input[@autofocus="autofocus"]]
Trying to find Element By : By.xpath: //input[@type="password"]
Found Element By : By.xpath: //input[@type="password"]
Value of the:[[ChromeDriver: chrome on MAC (1f1f3fb1e0eff69a661fa15bcb8423f8)] -> xpath: //input[@type="password"]] before any changes made
Element value changed to: [[ChromeDriver: chrome on MAC (1f1f3fb1e0eff69a661fa15bcb8423f8)] -> xpath: //input[@type="password"]]
Trying to find Element By : By.xpath: //span[text()='Login']
Found Element By : By.xpath: //span[text()='Login']
Trying to click on: [[ChromeDriver: chrome on MAC (1f1f3fb1e0eff69a661fa15bcb8423f8)] -> xpath: //span[text()='Login']]
Clicked on: [[ChromeDriver: chrome on MAC (1f1f3fb1e0eff69a661fa15bcb8423f8)] -> xpath: //span[text()='Login']]
Trying to find Element By : By.xpath: //div[@class="logo"]
Found Element By : By.xpath: //div[@class="logo"]
06-09-2020 09:49:04 AdminUserStepDefinition.java INFO  [TestNG-tests-1] stepDefinitions.AdminUserStepDefinition 44 - Clicked on Users option under Account
Trying to find Element By : By.xpath: //div[text()='Users']
Found Element By : By.xpath: //div[text()='Users']
Trying to find Element By : By.xpath: //div[text()='Users']
Found Element By : By.xpath: //div[text()='Users']
Trying to click on: [[ChromeDriver: chrome on MAC (1f1f3fb1e0eff69a661fa15bcb8423f8)] -> xpath: //div[text()='Users']]
Clicked on: [[ChromeDriver: chrome on MAC (1f1f3fb1e0eff69a661fa15bcb8423f8)] -> xpath: //div[text()='Users']]
Trying to find Element By : By.xpath: //h1[text()='User Accounts']
Found Element By : By.xpath: //h1[text()='User Accounts']
Trying to find Element By : By.xpath: //h1[text()='User Accounts']
Found Element By : By.xpath: //h1[text()='User Accounts']
User Accounts
Trying to find Element By : By.xpath: //h1[text()='User Accounts']
Found Element By : By.xpath: //h1[text()='User Accounts']
06-09-2020 09:49:06 AdminUserStepDefinition.java INFO  [TestNG-tests-1] stepDefinitions.AdminUserStepDefinition 50 - Seats Page Header is asserts  and it is : User Accounts
Trying to find Element By : By.xpath: //h1[text()='User Accounts']
Found Element By : By.xpath: //h1[text()='User Accounts']
Trying to find Element By : By.xpath: //h1[text()='User Accounts']
Found Element By : By.xpath: //h1[text()='User Accounts']
User Accounts
Trying to find Element By : By.xpath: //h1[text()='User Accounts']
Found Element By : By.xpath: //h1[text()='User Accounts']
Before navigating to: 'http://qa-publisher-portal.rmp.rakuten.com/login'
Navigated to:'http://qa-publisher-portal.rmp.rakuten.com/login'

  Scenario: Verify if user is displayed with list of user accounts for admin login. &amp#27;[90m# RXUsers.feature:2&amp#27;[0m
    &amp#27;[32mGiven &amp#27;[0m&amp#27;[32madmin user login to RX UI with valid username and password&amp#27;[0m                &amp#27;[90m# ProfileStepDefinition.admin_user_login_to_RX_UI_with_valid_username_and_password()&amp#27;[0m
    &amp#27;[32mWhen &amp#27;[0m&amp#27;[32mclick on User option under accounts.&amp#27;[0m                                       &amp#27;[90m# AdminUserStepDefinition.click_on_User_option_under_accounts()&amp#27;[0m
    &amp#27;[32mThen &amp#27;[0m&amp#27;[32muser displayed with User page.&amp#27;[0m                                             &amp#27;[90m# AdminUserStepDefinition.user_displayed_with_User_page()&amp#27;[0m
Trying to find Element By : By.xpath: //input[@autofocus="autofocus"]
Found Element By : By.xpath: //input[@autofocus="autofocus"]
Value of the:[[ChromeDriver: chrome on MAC (1d44df2876637efb2d0b29753149d0cd)] -> xpath: //input[@autofocus="autofocus"]] before any changes made
Element value changed to: [[ChromeDriver: chrome on MAC (1d44df2876637efb2d0b29753149d0cd)] -> xpath: //input[@autofocus="autofocus"]]
Trying to find Element By : By.xpath: //input[@type="password"]
Found Element By : By.xpath: //input[@type="password"]
Value of the:[[ChromeDriver: chrome on MAC (1d44df2876637efb2d0b29753149d0cd)] -> xpath: //input[@type="password"]] before any changes made
Element value changed to: [[ChromeDriver: chrome on MAC (1d44df2876637efb2d0b29753149d0cd)] -> xpath: //input[@type="password"]]
Trying to find Element By : By.xpath: //span[text()='Login']
Found Element By : By.xpath: //span[text()='Login']
Trying to click on: [[ChromeDriver: chrome on MAC (1d44df2876637efb2d0b29753149d0cd)] -> xpath: //span[text()='Login']]
Clicked on: [[ChromeDriver: chrome on MAC (1d44df2876637efb2d0b29753149d0cd)] -> xpath: //span[text()='Login']]
Trying to find Element By : By.xpath: //div[@class="logo"]
Found Element By : By.xpath: //div[@class="logo"]
06-09-2020 09:49:19 AdminUserStepDefinition.java INFO  [TestNG-tests-1] stepDefinitions.AdminUserStepDefinition 44 - Clicked on Users option under Account
Trying to find Element By : By.xpath: //div[text()='Users']
Found Element By : By.xpath: //div[text()='Users']
Trying to find Element By : By.xpath: //div[text()='Users']
Found Element By : By.xpath: //div[text()='Users']
Trying to click on: [[ChromeDriver: chrome on MAC (1d44df2876637efb2d0b29753149d0cd)] -> xpath: //div[text()='Users']]
Clicked on: [[ChromeDriver: chrome on MAC (1d44df2876637efb2d0b29753149d0cd)] -> xpath: //div[text()='Users']]
06-09-2020 09:49:19 AdminUserStepDefinition.java INFO  [TestNG-tests-1] stepDefinitions.AdminUserStepDefinition 60 - Clicked on create user button
Trying to find Element By : By.xpath: //h1[text()='User Accounts']
Found Element By : By.xpath: //h1[text()='User Accounts']
Trying to find Element By : By.xpath: //header/div/div[1]/button[1]
Found Element By : By.xpath: //header/div/div[1]/button[1]
Trying to click on: [[ChromeDriver: chrome on MAC (1d44df2876637efb2d0b29753149d0cd)] -> xpath: //header/div/div[1]/button[1]]
Clicked on: [[ChromeDriver: chrome on MAC (1d44df2876637efb2d0b29753149d0cd)] -> xpath: //header/div/div[1]/button[1]]
06-09-2020 09:49:21 AdminUserStepDefinition.java INFO  [TestNG-tests-1] stepDefinitions.AdminUserStepDefinition 67 - Select publisher user 
Trying to find Element By : By.xpath: //span/form/div[3]/button/span
Found Element By : By.xpath: //span/form/div[3]/button/span
Trying to find Element By : By.xpath: //span/form/div[3]/button/span
Found Element By : By.xpath: //span/form/div[3]/button/span
Trying to find Element By : By.xpath: //form/div[2]/div/div/div[1]/div/div[2]/div/div
Found Element By : By.xpath: //form/div[2]/div/div/div[1]/div/div[2]/div/div
Trying to click on: [[ChromeDriver: chrome on MAC (1d44df2876637efb2d0b29753149d0cd)] -> xpath: //form/div[2]/div/div/div[1]/div/div[2]/div/div]
Clicked on: [[ChromeDriver: chrome on MAC (1d44df2876637efb2d0b29753149d0cd)] -> xpath: //form/div[2]/div/div/div[1]/div/div[2]/div/div]
06-09-2020 09:49:22 AdminUserStepDefinition.java INFO  [TestNG-tests-1] stepDefinitions.AdminUserStepDefinition 69 - Clicked on save button
Trying to find Element By : By.xpath: //span/form/div[3]/button/span
Found Element By : By.xpath: //span/form/div[3]/button/span
Trying to find Element By : By.xpath: //span/form/div[3]/button/span
Found Element By : By.xpath: //span/form/div[3]/button/span
Trying to click on: [[ChromeDriver: chrome on MAC (1d44df2876637efb2d0b29753149d0cd)] -> xpath: //span/form/div[3]/button/span]
Clicked on: [[ChromeDriver: chrome on MAC (1d44df2876637efb2d0b29753149d0cd)] -> xpath: //span/form/div[3]/button/span]
Trying to find Element By : By.xpath: //span/form/div[3]/button/span
Found Element By : By.xpath: //span/form/div[3]/button/span
Trying to find Element By : By.xpath: //span/form/div[3]/button/span
Found Element By : By.xpath: //span/form/div[3]/button/span
Trying to find Element By : By.xpath: //span/form/div[3]/button/span
Found Element By : By.xpath: //span/form/div[3]/button/span
Trying to find Element By : By.xpath: //span[1]/div/div/div[2]/div/div/div
Found Element By : By.xpath: //span[1]/div/div/div[2]/div/div/div
06-09-2020 09:49:22 AdminUserStepDefinition.java INFO  [TestNG-tests-1] stepDefinitions.AdminUserStepDefinition 75 - User Page publisher field mandatory message is asserts  and it is : The publisher field is required
Trying to find Element By : By.xpath: //span/form/div[3]/button/span
Found Element By : By.xpath: //span/form/div[3]/button/span
Trying to find Element By : By.xpath: //span[1]/div/div/div[2]/div/div/div
Found Element By : By.xpath: //span[1]/div/div/div[2]/div/div/div
Trying to find Element By : By.xpath: //span/form/div[3]/button/span
Found Element By : By.xpath: //span/form/div[3]/button/span
Trying to find Element By : By.xpath: //span[2]/div/div/div[2]/div/div/div
Found Element By : By.xpath: //span[2]/div/div/div[2]/div/div/div
06-09-2020 09:49:22 AdminUserStepDefinition.java INFO  [TestNG-tests-1] stepDefinitions.AdminUserStepDefinition 77 - User Page Account Name field mandatory message is asserts  and it is : The account name field is required
Trying to find Element By : By.xpath: //span/form/div[3]/button/span
Found Element By : By.xpath: //span/form/div[3]/button/span
Trying to find Element By : By.xpath: //span[2]/div/div/div[2]/div/div/div
Found Element By : By.xpath: //span[2]/div/div/div[2]/div/div/div
Trying to find Element By : By.xpath: //span/form/div[3]/button/span
Found Element By : By.xpath: //span/form/div[3]/button/span
Trying to find Element By : By.xpath: //span[3]/div/div/div[2]/div/div/div
Found Element By : By.xpath: //span[3]/div/div/div[2]/div/div/div
06-09-2020 09:49:22 AdminUserStepDefinition.java INFO  [TestNG-tests-1] stepDefinitions.AdminUserStepDefinition 79 - User Page Email field mandatory message is asserts  and it is : The e-mail field is required
Trying to find Element By : By.xpath: //span/form/div[3]/button/span
Found Element By : By.xpath: //span/form/div[3]/button/span
Trying to find Element By : By.xpath: //span[3]/div/div/div[2]/div/div/div
Found Element By : By.xpath: //span[3]/div/div/div[2]/div/div/div
Before navigating to: 'http://qa-publisher-portal.rmp.rakuten.com/login'
Navigated to:'http://qa-publisher-portal.rmp.rakuten.com/login'

  Scenario: Verify if user is unable to create new user account without filling the fields from  admin login. &amp#27;[90m# RXUsers.feature:7&amp#27;[0m
    &amp#27;[32mGiven &amp#27;[0m&amp#27;[32madmin user login to RX UI with valid username and password&amp#27;[0m                                          &amp#27;[90m# ProfileStepDefinition.admin_user_login_to_RX_UI_with_valid_username_and_password()&amp#27;[0m
    &amp#27;[32mWhen &amp#27;[0m&amp#27;[32mclick on User option under accounts.&amp#27;[0m                                                                 &amp#27;[90m# AdminUserStepDefinition.click_on_User_option_under_accounts()&amp#27;[0m
    &amp#27;[32mThen &amp#27;[0m&amp#27;[32mclick on create user.&amp#27;[0m                                                                                &amp#27;[90m# AdminUserStepDefinition.click_on_create_user()&amp#27;[0m
    &amp#27;[32mThen &amp#27;[0m&amp#27;[32mDon't fill the create user page and click save&amp#27;[0m                                                       &amp#27;[90m# AdminUserStepDefinition.don_t_fill_the_create_user_page_and_click_save()&amp#27;[0m
    &amp#27;[32mThen &amp#27;[0m&amp#27;[32massert that the mandatory field message displayed at field in the create user page&amp#27;[0m                   &amp#27;[90m# AdminUserStepDefinition.assert_that_the_mandatory_field_message_displayed_at_field_in_the_create_user_page()&amp#27;[0m
Trying to find Element By : By.xpath: //input[@autofocus="autofocus"]
Found Element By : By.xpath: //input[@autofocus="autofocus"]
Value of the:[[ChromeDriver: chrome on MAC (fa75dfb8bc363ef6a957a0c338565b1d)] -> xpath: //input[@autofocus="autofocus"]] before any changes made
Element value changed to: [[ChromeDriver: chrome on MAC (fa75dfb8bc363ef6a957a0c338565b1d)] -> xpath: //input[@autofocus="autofocus"]]
Trying to find Element By : By.xpath: //input[@type="password"]
Found Element By : By.xpath: //input[@type="password"]
Value of the:[[ChromeDriver: chrome on MAC (fa75dfb8bc363ef6a957a0c338565b1d)] -> xpath: //input[@type="password"]] before any changes made
Element value changed to: [[ChromeDriver: chrome on MAC (fa75dfb8bc363ef6a957a0c338565b1d)] -> xpath: //input[@type="password"]]
Trying to find Element By : By.xpath: //span[text()='Login']
Found Element By : By.xpath: //span[text()='Login']
Trying to click on: [[ChromeDriver: chrome on MAC (fa75dfb8bc363ef6a957a0c338565b1d)] -> xpath: //span[text()='Login']]
Clicked on: [[ChromeDriver: chrome on MAC (fa75dfb8bc363ef6a957a0c338565b1d)] -> xpath: //span[text()='Login']]
Trying to find Element By : By.xpath: //div[@class="logo"]
Found Element By : By.xpath: //div[@class="logo"]
06-09-2020 09:49:34 AdminUserStepDefinition.java INFO  [TestNG-tests-1] stepDefinitions.AdminUserStepDefinition 44 - Clicked on Users option under Account
Trying to find Element By : By.xpath: //div[text()='Users']
Found Element By : By.xpath: //div[text()='Users']
Trying to find Element By : By.xpath: //div[text()='Users']
Found Element By : By.xpath: //div[text()='Users']
Trying to click on: [[ChromeDriver: chrome on MAC (fa75dfb8bc363ef6a957a0c338565b1d)] -> xpath: //div[text()='Users']]
Clicked on: [[ChromeDriver: chrome on MAC (fa75dfb8bc363ef6a957a0c338565b1d)] -> xpath: //div[text()='Users']]
06-09-2020 09:49:35 AdminUserStepDefinition.java INFO  [TestNG-tests-1] stepDefinitions.AdminUserStepDefinition 60 - Clicked on create user button
Trying to find Element By : By.xpath: //h1[text()='User Accounts']
Found Element By : By.xpath: //h1[text()='User Accounts']
Trying to find Element By : By.xpath: //header/div/div[1]/button[1]
Found Element By : By.xpath: //header/div/div[1]/button[1]
Trying to click on: [[ChromeDriver: chrome on MAC (fa75dfb8bc363ef6a957a0c338565b1d)] -> xpath: //header/div/div[1]/button[1]]
Clicked on: [[ChromeDriver: chrome on MAC (fa75dfb8bc363ef6a957a0c338565b1d)] -> xpath: //header/div/div[1]/button[1]]
06-09-2020 09:49:37 AdminUserStepDefinition.java INFO  [TestNG-tests-1] stepDefinitions.AdminUserStepDefinition 88 - Fetch the test data from
Trying to find Element By : By.xpath: //span/form/div[3]/button/span
Found Element By : By.xpath: //span/form/div[3]/button/span
Trying to find Element By : By.xpath: //span/form/div[3]/button/span
Found Element By : By.xpath: //span/form/div[3]/button/span
06-09-2020 09:49:37 AdminUserStepDefinition.java INFO  [TestNG-tests-1] stepDefinitions.AdminUserStepDefinition 90 - Store test data in temp variable
06-09-2020 09:49:37 AdminUserStepDefinition.java INFO  [TestNG-tests-1] stepDefinitions.AdminUserStepDefinition 95 - Fill the fields in create user page
Trying to find Element By : By.xpath: //form/div[2]/div/div/div[1]/div/div[1]/div/div
Found Element By : By.xpath: //form/div[2]/div/div/div[1]/div/div[1]/div/div
Trying to click on: [[ChromeDriver: chrome on MAC (fa75dfb8bc363ef6a957a0c338565b1d)] -> xpath: //form/div[2]/div/div/div[1]/div/div[1]/div/div]
Clicked on: [[ChromeDriver: chrome on MAC (fa75dfb8bc363ef6a957a0c338565b1d)] -> xpath: //form/div[2]/div/div/div[1]/div/div[1]/div/div]
Trying to find Element By : By.xpath: //label[text()='Account Name']/following-sibling::input[@type='text']
Found Element By : By.xpath: //label[text()='Account Name']/following-sibling::input[@type='text']
Value of the:[[ChromeDriver: chrome on MAC (fa75dfb8bc363ef6a957a0c338565b1d)] -> xpath: //label[text()='Account Name']/following-sibling::input[@type='text']] before any changes made
Element value changed to: [[ChromeDriver: chrome on MAC (fa75dfb8bc363ef6a957a0c338565b1d)] -> xpath: //label[text()='Account Name']/following-sibling::input[@type='text']]
Trying to find Element By : By.xpath: //label[text()='E-Mail']/following-sibling::input[@type='text']
Found Element By : By.xpath: //label[text()='E-Mail']/following-sibling::input[@type='text']
Value of the:[[ChromeDriver: chrome on MAC (fa75dfb8bc363ef6a957a0c338565b1d)] -> xpath: //label[text()='E-Mail']/following-sibling::input[@type='text']] before any changes made
Element value changed to: [[ChromeDriver: chrome on MAC (fa75dfb8bc363ef6a957a0c338565b1d)] -> xpath: //label[text()='E-Mail']/following-sibling::input[@type='text']]
Trying to find Element By : By.xpath: //label[text()='Password']/following-sibling::input[@type='password']
Found Element By : By.xpath: //label[text()='Password']/following-sibling::input[@type='password']
Value of the:[[ChromeDriver: chrome on MAC (fa75dfb8bc363ef6a957a0c338565b1d)] -> xpath: //label[text()='Password']/following-sibling::input[@type='password']] before any changes made
Element value changed to: [[ChromeDriver: chrome on MAC (fa75dfb8bc363ef6a957a0c338565b1d)] -> xpath: //label[text()='Password']/following-sibling::input[@type='password']]
06-09-2020 09:49:38 AdminUserStepDefinition.java INFO  [TestNG-tests-1] stepDefinitions.AdminUserStepDefinition 101 - Click on Save and assert user created successfully
Trying to find Element By : By.xpath: //span/form/div[3]/button/span
Found Element By : By.xpath: //span/form/div[3]/button/span
Trying to find Element By : By.xpath: //span/form/div[3]/button/span
Found Element By : By.xpath: //span/form/div[3]/button/span
Trying to click on: [[ChromeDriver: chrome on MAC (fa75dfb8bc363ef6a957a0c338565b1d)] -> xpath: //span/form/div[3]/button/span]
Clicked on: [[ChromeDriver: chrome on MAC (fa75dfb8bc363ef6a957a0c338565b1d)] -> xpath: //span/form/div[3]/button/span]
Trying to find Element By : By.xpath: //span/form/div[3]/button/span
Found Element By : By.xpath: //span/form/div[3]/button/span
Trying to find Element By : By.xpath: //span/form/div[3]/button/span
Found Element By : By.xpath: //span/form/div[3]/button/span
Trying to find Element By : By.xpath: //span/form/div[3]/button/span
Found Element By : By.xpath: //span/form/div[3]/button/span
Trying to find Element By : By.xpath: //span/form/div[3]/button/span
Found Element By : By.xpath: //span/form/div[3]/button/span
Trying to find Element By : By.xpath: //span/form/div[3]/button/span
Found Element By : By.xpath: //span/form/div[3]/button/span
Trying to find Element By : By.xpath: //span/form/div[3]/button/span
Found Element By : By.xpath: //span/form/div[3]/button/span
Trying to find Element By : By.xpath: //span/form/div[3]/button/span
Found Element By : By.xpath: //span/form/div[3]/button/span
06-09-2020 09:49:41 AdminUserStepDefinition.java INFO  [TestNG-tests-1] stepDefinitions.AdminUserStepDefinition 103 - Create seat page has been closed 
Trying to find Element By : By.xpath: //aside/header/div/button/span/i
Found Element By : By.xpath: //aside/header/div/button/span/i
Trying to click on: [[ChromeDriver: chrome on MAC (fa75dfb8bc363ef6a957a0c338565b1d)] -> xpath: //aside/header/div/button/span/i]
Clicked on: [[ChromeDriver: chrome on MAC (fa75dfb8bc363ef6a957a0c338565b1d)] -> xpath: //aside/header/div/button/span/i]
Trying to find Element By : By.xpath: //h1[text()='User Accounts']
Found Element By : By.xpath: //h1[text()='User Accounts']
Trying to find Element By : By.xpath: //span[text()='Active']
Found Element By : By.xpath: //span[text()='Active']
Trying to find Element By : By.xpath: //h1[text()='User Accounts']
Found Element By : By.xpath: //h1[text()='User Accounts']
06-09-2020 09:49:41 AdminUserStepDefinition.java INFO  [TestNG-tests-1] stepDefinitions.AdminUserStepDefinition 111 - Click on active tab
Trying to find Element By : By.xpath: //span[text()='Active']
Found Element By : By.xpath: //span[text()='Active']
Trying to find Element By : By.xpath: //span[text()='Active']
Found Element By : By.xpath: //span[text()='Active']
Trying to click on: [[ChromeDriver: chrome on MAC (fa75dfb8bc363ef6a957a0c338565b1d)] -> xpath: //span[text()='Active']]
Clicked on: [[ChromeDriver: chrome on MAC (fa75dfb8bc363ef6a957a0c338565b1d)] -> xpath: //span[text()='Active']]
Trying to find Element By : By.xpath: //h1[text()='User Accounts']
Found Element By : By.xpath: //h1[text()='User Accounts']
Trying to find Element By : By.xpath: //table/tbody/tr[1]/td[3]
Found Element By : By.xpath: //table/tbody/tr[1]/td[3]
Trying to find Element By : By.xpath: //table/tbody/tr[1]/td[1]
Found Element By : By.xpath: //table/tbody/tr[1]/td[1]
Trying to click on: [[ChromeDriver: chrome on MAC (fa75dfb8bc363ef6a957a0c338565b1d)] -> xpath: //table/tbody/tr[1]/td[1]]
Clicked on: [[ChromeDriver: chrome on MAC (fa75dfb8bc363ef6a957a0c338565b1d)] -> xpath: //table/tbody/tr[1]/td[1]]
Trying to find Element By : By.xpath: //table/tbody/tr[1]/td[2]
Found Element By : By.xpath: //table/tbody/tr[1]/td[2]
06-09-2020 09:49:41 AdminUserStepDefinition.java INFO  [TestNG-tests-1] stepDefinitions.AdminUserStepDefinition 116 - Click on created user check box in the table :106
06-09-2020 09:49:41 AdminUserStepDefinition.java INFO  [TestNG-tests-1] stepDefinitions.AdminUserStepDefinition 117 - Click on edit
Trying to find Element By : By.xpath: //h1[text()='User Accounts']
Found Element By : By.xpath: //h1[text()='User Accounts']
Trying to find Element By : By.xpath: //header/div/div[1]/button[1]
Found Element By : By.xpath: //header/div/div[1]/button[1]
Trying to click on: [[ChromeDriver: chrome on MAC (fa75dfb8bc363ef6a957a0c338565b1d)] -> xpath: //header/div/div[1]/button[1]]
Clicked on: [[ChromeDriver: chrome on MAC (fa75dfb8bc363ef6a957a0c338565b1d)] -> xpath: //header/div/div[1]/button[1]]
06-09-2020 09:49:41 AdminUserStepDefinition.java INFO  [TestNG-tests-1] stepDefinitions.AdminUserStepDefinition 120 - Fetch the data from create user page and put it in array list
Trying to find Element By : By.xpath: //span/form/div[3]/button/span
Found Element By : By.xpath: //span/form/div[3]/button/span
Trying to find Element By : By.xpath: //span/form/div[3]/button/span
Found Element By : By.xpath: //span/form/div[3]/button/span
Trying to find Element By : By.xpath: //span/form/div[3]/button/span
Found Element By : By.xpath: //span/form/div[3]/button/span
Trying to find Element By : By.xpath: //form//input[@type='radio' and @value='1']
Found Element By : By.xpath: //form//input[@type='radio' and @value='1']
Trying to find Element By : By.xpath: //label[text()='Account Name']/following-sibling::input[@type='text']
Found Element By : By.xpath: //label[text()='Account Name']/following-sibling::input[@type='text']
Trying to find Element By : By.xpath: //label[text()='E-Mail']/following-sibling::input[@type='text']
Found Element By : By.xpath: //label[text()='E-Mail']/following-sibling::input[@type='text']
Trying to find Element By : By.xpath: //label[text()='Password']/following-sibling::input[@type='password']
Found Element By : By.xpath: //label[text()='Password']/following-sibling::input[@type='password']
06-09-2020 09:49:43 AdminUserStepDefinition.java INFO  [TestNG-tests-1] stepDefinitions.AdminUserStepDefinition 122 - User name asserted in create User page :TestAccount9acez
06-09-2020 09:49:43 AdminUserStepDefinition.java INFO  [TestNG-tests-1] stepDefinitions.AdminUserStepDefinition 124 - Email asserted in create user page :hiyz1qhxna@testqar.com
06-09-2020 09:49:43 AdminUserStepDefinition.java INFO  [TestNG-tests-1] stepDefinitions.AdminUserStepDefinition 126 - Password asserted in create user page :
06-09-2020 09:49:43 AdminUserStepDefinition.java INFO  [TestNG-tests-1] stepDefinitions.AdminUserStepDefinition 128 - Create usage page has been closed 
Trying to find Element By : By.xpath: //aside/header/div/button/span/i
Found Element By : By.xpath: //aside/header/div/button/span/i
Trying to click on: [[ChromeDriver: chrome on MAC (fa75dfb8bc363ef6a957a0c338565b1d)] -> xpath: //aside/header/div/button/span/i]
Clicked on: [[ChromeDriver: chrome on MAC (fa75dfb8bc363ef6a957a0c338565b1d)] -> xpath: //aside/header/div/button/span/i]
Trying to find Element By : By.xpath: //h1[text()='User Accounts']
Found Element By : By.xpath: //h1[text()='User Accounts']
Trying to find Element By : By.xpath: //span[text()='Active']
Found Element By : By.xpath: //span[text()='Active']
06-09-2020 09:49:43 AdminUserStepDefinition.java INFO  [TestNG-tests-1] stepDefinitions.AdminUserStepDefinition 130 - Click on active tab
Trying to find Element By : By.xpath: //h1[text()='User Accounts']
Found Element By : By.xpath: //h1[text()='User Accounts']
Trying to find Element By : By.xpath: //span[text()='Active']
Found Element By : By.xpath: //span[text()='Active']
Trying to find Element By : By.xpath: //span[text()='Active']
Found Element By : By.xpath: //span[text()='Active']
Trying to click on: [[ChromeDriver: chrome on MAC (fa75dfb8bc363ef6a957a0c338565b1d)] -> xpath: //span[text()='Active']]
Clicked on: [[ChromeDriver: chrome on MAC (fa75dfb8bc363ef6a957a0c338565b1d)] -> xpath: //span[text()='Active']]
06-09-2020 09:49:44 AdminUserStepDefinition.java INFO  [TestNG-tests-1] stepDefinitions.AdminUserStepDefinition 139 - Putting rowdata into arraylist 
Trying to find Element By : By.xpath: //h1[text()='User Accounts']
Found Element By : By.xpath: //h1[text()='User Accounts']
Trying to find Element By : By.all({By.xpath: //table/tbody/tr})
Found Element By : By.all({By.xpath: //table/tbody/tr})
Trying to find Element By : By.all({By.xpath: //table/tbody/tr})
Found Element By : By.all({By.xpath: //table/tbody/tr})
Trying to find Element By : By.all({By.xpath: //table/tbody/tr[1]/td})
Found Element By : By.all({By.xpath: //table/tbody/tr[1]/td})
Trying to find Element By : By.xpath: //button[@type='button' and @aria-label='Next page']
Found Element By : By.xpath: //button[@type='button' and @aria-label='Next page']
Trying to find Element By : By.xpath: //table/tbody/tr[1]/td[2]
Found Element By : By.xpath: //table/tbody/tr[1]/td[2]
Trying to find Element By : By.xpath: //table/tbody/tr[1]/td[2]
Found Element By : By.xpath: //table/tbody/tr[1]/td[2]
Trying to find Element By : By.xpath: //table/tbody/tr[1]/td[3]
Found Element By : By.xpath: //table/tbody/tr[1]/td[3]
Trying to find Element By : By.xpath: //table/tbody/tr[1]/td[4]
Found Element By : By.xpath: //table/tbody/tr[1]/td[4]
Trying to find Element By : By.xpath: //table/tbody/tr[1]/td[5]
Found Element By : By.xpath: //table/tbody/tr[1]/td[5]
06-09-2020 09:49:44 AdminUserStepDefinition.java INFO  [TestNG-tests-1] stepDefinitions.AdminUserStepDefinition 141 - User name asserted in tab :TestAccount9acez
06-09-2020 09:49:44 AdminUserStepDefinition.java INFO  [TestNG-tests-1] stepDefinitions.AdminUserStepDefinition 143 - Email asserted in tab :hiyz1qhxna@testqar.com
06-09-2020 09:49:44 AdminUserStepDefinition.java INFO  [TestNG-tests-1] stepDefinitions.AdminUserStepDefinition 145 - Role asserted in tab :Admin
Before navigating to: 'http://qa-publisher-portal.rmp.rakuten.com/login'
Navigated to:'http://qa-publisher-portal.rmp.rakuten.com/login'

  Scenario: Verify if user is able to create new Admin account from admin login.        &amp#27;[90m# RXUsers.feature:14&amp#27;[0m
    &amp#27;[32mGiven &amp#27;[0m&amp#27;[32madmin user login to RX UI with valid username and password&amp#27;[0m                    &amp#27;[90m# ProfileStepDefinition.admin_user_login_to_RX_UI_with_valid_username_and_password()&amp#27;[0m
    &amp#27;[32mWhen &amp#27;[0m&amp#27;[32mclick on User option under accounts.&amp#27;[0m                                           &amp#27;[90m# AdminUserStepDefinition.click_on_User_option_under_accounts()&amp#27;[0m
    &amp#27;[32mThen &amp#27;[0m&amp#27;[32mclick on create user.&amp#27;[0m                                                          &amp#27;[90m# AdminUserStepDefinition.click_on_create_user()&amp#27;[0m
    &amp#27;[32mThen &amp#27;[0m&amp#27;[32mfill the create Admin user page&amp#27;[0m                                                &amp#27;[90m# AdminUserStepDefinition.fill_the_create_user_page()&amp#27;[0m
    &amp#27;[32mThen &amp#27;[0m&amp#27;[32mClick on Save&amp#27;[0m                                                                  &amp#27;[90m# AdminUserStepDefinition.click_on_Save()&amp#27;[0m
    &amp#27;[32mThen &amp#27;[0m&amp#27;[32massert the new Admin user for filled values are displaying in create user page&amp#27;[0m &amp#27;[90m# AdminUserStepDefinition.assert_the_new_Admin_user_for_filled_values_are_displaying_in_create_user_page()&amp#27;[0m
    &amp#27;[32mThen &amp#27;[0m&amp#27;[32massert the new user details in user page table view.&amp#27;[0m                           &amp#27;[90m# AdminUserStepDefinition.assert_the_new_user_details_in_user_page_table_view()&amp#27;[0m
Trying to find Element By : By.xpath: //input[@autofocus="autofocus"]
Found Element By : By.xpath: //input[@autofocus="autofocus"]
Value of the:[[ChromeDriver: chrome on MAC (4ed919e650a52274abcbb10556b88011)] -> xpath: //input[@autofocus="autofocus"]] before any changes made
Element value changed to: [[ChromeDriver: chrome on MAC (4ed919e650a52274abcbb10556b88011)] -> xpath: //input[@autofocus="autofocus"]]
Trying to find Element By : By.xpath: //input[@type="password"]
Found Element By : By.xpath: //input[@type="password"]
Value of the:[[ChromeDriver: chrome on MAC (4ed919e650a52274abcbb10556b88011)] -> xpath: //input[@type="password"]] before any changes made
Element value changed to: [[ChromeDriver: chrome on MAC (4ed919e650a52274abcbb10556b88011)] -> xpath: //input[@type="password"]]
Trying to find Element By : By.xpath: //span[text()='Login']
Found Element By : By.xpath: //span[text()='Login']
Trying to click on: [[ChromeDriver: chrome on MAC (4ed919e650a52274abcbb10556b88011)] -> xpath: //span[text()='Login']]
Clicked on: [[ChromeDriver: chrome on MAC (4ed919e650a52274abcbb10556b88011)] -> xpath: //span[text()='Login']]
Trying to find Element By : By.xpath: //div[@class="logo"]
Found Element By : By.xpath: //div[@class="logo"]
06-09-2020 09:49:57 AdminUserStepDefinition.java INFO  [TestNG-tests-1] stepDefinitions.AdminUserStepDefinition 44 - Clicked on Users option under Account
Trying to find Element By : By.xpath: //div[text()='Users']
Found Element By : By.xpath: //div[text()='Users']
Trying to find Element By : By.xpath: //div[text()='Users']
Found Element By : By.xpath: //div[text()='Users']
Trying to click on: [[ChromeDriver: chrome on MAC (4ed919e650a52274abcbb10556b88011)] -> xpath: //div[text()='Users']]
Clicked on: [[ChromeDriver: chrome on MAC (4ed919e650a52274abcbb10556b88011)] -> xpath: //div[text()='Users']]
06-09-2020 09:49:57 AdminUserStepDefinition.java INFO  [TestNG-tests-1] stepDefinitions.AdminUserStepDefinition 219 - Click on active tab
Trying to find Element By : By.xpath: //h1[text()='User Accounts']
Found Element By : By.xpath: //h1[text()='User Accounts']
Trying to find Element By : By.xpath: //span[text()='Active']
Found Element By : By.xpath: //span[text()='Active']
Trying to find Element By : By.xpath: //span[text()='Active']
Found Element By : By.xpath: //span[text()='Active']
Trying to click on: [[ChromeDriver: chrome on MAC (4ed919e650a52274abcbb10556b88011)] -> xpath: //span[text()='Active']]
Clicked on: [[ChromeDriver: chrome on MAC (4ed919e650a52274abcbb10556b88011)] -> xpath: //span[text()='Active']]
06-09-2020 09:49:59 AdminUserStepDefinition.java INFO  [TestNG-tests-1] stepDefinitions.AdminUserStepDefinition 222 - Looking for a admin role
Trying to find Element By : By.all({By.xpath: //table/tbody/tr})
Found Element By : By.all({By.xpath: //table/tbody/tr})
Trying to find Element By : By.all({By.xpath: //table/tbody/tr[1]/td})
Found Element By : By.all({By.xpath: //table/tbody/tr[1]/td})
Trying to find Element By : By.xpath: //button[@type='button' and @aria-label='Next page']
Found Element By : By.xpath: //button[@type='button' and @aria-label='Next page']
Trying to find Element By : By.xpath: //table/tbody/tr[1]/td[2]
Found Element By : By.xpath: //table/tbody/tr[1]/td[2]
Trying to find Element By : By.xpath: //table/tbody/tr[1]/td[1]
Found Element By : By.xpath: //table/tbody/tr[1]/td[1]
Trying to click on: [[ChromeDriver: chrome on MAC (4ed919e650a52274abcbb10556b88011)] -> xpath: //table/tbody/tr[1]/td[1]]
Clicked on: [[ChromeDriver: chrome on MAC (4ed919e650a52274abcbb10556b88011)] -> xpath: //table/tbody/tr[1]/td[1]]
Trying to find Element By : By.xpath: //table/tbody/tr[1]/td[2]
Found Element By : By.xpath: //table/tbody/tr[1]/td[2]
06-09-2020 09:49:59 AdminUserStepDefinition.java INFO  [TestNG-tests-1] stepDefinitions.AdminUserStepDefinition 227 - Putting rowdata into arraylist 
Trying to find Element By : By.xpath: //h1[text()='User Accounts']
Found Element By : By.xpath: //h1[text()='User Accounts']
Trying to find Element By : By.all({By.xpath: //table/tbody/tr})
Found Element By : By.all({By.xpath: //table/tbody/tr})
Trying to find Element By : By.all({By.xpath: //table/tbody/tr})
Found Element By : By.all({By.xpath: //table/tbody/tr})
Trying to find Element By : By.all({By.xpath: //table/tbody/tr[1]/td})
Found Element By : By.all({By.xpath: //table/tbody/tr[1]/td})
Trying to find Element By : By.xpath: //button[@type='button' and @aria-label='Next page']
Found Element By : By.xpath: //button[@type='button' and @aria-label='Next page']
Trying to find Element By : By.xpath: //table/tbody/tr[1]/td[2]
Found Element By : By.xpath: //table/tbody/tr[1]/td[2]
Trying to find Element By : By.xpath: //table/tbody/tr[1]/td[2]
Found Element By : By.xpath: //table/tbody/tr[1]/td[2]
Trying to find Element By : By.xpath: //table/tbody/tr[1]/td[3]
Found Element By : By.xpath: //table/tbody/tr[1]/td[3]
Trying to find Element By : By.xpath: //table/tbody/tr[1]/td[4]
Found Element By : By.xpath: //table/tbody/tr[1]/td[4]
Trying to find Element By : By.xpath: //table/tbody/tr[1]/td[5]
Found Element By : By.xpath: //table/tbody/tr[1]/td[5]
06-09-2020 09:49:59 AdminUserStepDefinition.java INFO  [TestNG-tests-1] stepDefinitions.AdminUserStepDefinition 231 - User name asserted in tab when selected for modify :TestAccount9acez
06-09-2020 09:49:59 AdminUserStepDefinition.java INFO  [TestNG-tests-1] stepDefinitions.AdminUserStepDefinition 232 - Email asserted in tab when selected for modify :hiyz1qhxna@testqar.com
06-09-2020 09:49:59 AdminUserStepDefinition.java INFO  [TestNG-tests-1] stepDefinitions.AdminUserStepDefinition 233 - Role asserted in tab when selected for modify :Admin
06-09-2020 09:49:59 AdminUserStepDefinition.java INFO  [TestNG-tests-1] stepDefinitions.AdminUserStepDefinition 321 - Clicked on edit user button
Trying to find Element By : By.xpath: //h1[text()='User Accounts']
Found Element By : By.xpath: //h1[text()='User Accounts']
Trying to find Element By : By.xpath: //header/div/div[1]/button[1]
Found Element By : By.xpath: //header/div/div[1]/button[1]
Trying to click on: [[ChromeDriver: chrome on MAC (4ed919e650a52274abcbb10556b88011)] -> xpath: //header/div/div[1]/button[1]]
Clicked on: [[ChromeDriver: chrome on MAC (4ed919e650a52274abcbb10556b88011)] -> xpath: //header/div/div[1]/button[1]]
06-09-2020 09:49:59 AdminUserStepDefinition.java INFO  [TestNG-tests-1] stepDefinitions.AdminUserStepDefinition 381 - Fetch the test data from
Trying to find Element By : By.xpath: //span/form/div[3]/button/span
Found Element By : By.xpath: //span/form/div[3]/button/span
Trying to find Element By : By.xpath: //span/form/div[3]/button/span
Found Element By : By.xpath: //span/form/div[3]/button/span
06-09-2020 09:50:01 AdminUserStepDefinition.java INFO  [TestNG-tests-1] stepDefinitions.AdminUserStepDefinition 384 - Store test data in temp variable
06-09-2020 09:50:01 AdminUserStepDefinition.java INFO  [TestNG-tests-1] stepDefinitions.AdminUserStepDefinition 390 - Fill the fields in create user pageKobo
Trying to find Element By : By.xpath: //span/form/div[3]/button/span
Found Element By : By.xpath: //span/form/div[3]/button/span
Trying to find Element By : By.xpath: //form//input[@type='radio' and @value='1']
Found Element By : By.xpath: //form//input[@type='radio' and @value='1']
Trying to find Element By : By.xpath: //span/form/div[3]/button/span
Found Element By : By.xpath: //span/form/div[3]/button/span
Trying to find Element By : By.xpath: //form/div[2]/div/div/div[1]/div/div[2]/div/div
Found Element By : By.xpath: //form/div[2]/div/div/div[1]/div/div[2]/div/div
Admin user enabled :false
Trying to find Element By : By.xpath: //label[text()='Account Name']/following-sibling::input[@type='text']
Found Element By : By.xpath: //label[text()='Account Name']/following-sibling::input[@type='text']
Trying to find Element By : By.xpath: //label[text()='Account Name']/following-sibling::input[@type='text']
Found Element By : By.xpath: //label[text()='Account Name']/following-sibling::input[@type='text']
Value of the:[[ChromeDriver: chrome on MAC (4ed919e650a52274abcbb10556b88011)] -> xpath: //label[text()='Account Name']/following-sibling::input[@type='text']] before any changes made
Element value changed to: [[ChromeDriver: chrome on MAC (4ed919e650a52274abcbb10556b88011)] -> xpath: //label[text()='Account Name']/following-sibling::input[@type='text']]
Trying to find Element By : By.xpath: //label[text()='Account Name']/following-sibling::input[@type='text']
Found Element By : By.xpath: //label[text()='Account Name']/following-sibling::input[@type='text']
Value of the:[[ChromeDriver: chrome on MAC (4ed919e650a52274abcbb10556b88011)] -> xpath: //label[text()='Account Name']/following-sibling::input[@type='text']] before any changes made
Element value changed to: [[ChromeDriver: chrome on MAC (4ed919e650a52274abcbb10556b88011)] -> xpath: //label[text()='Account Name']/following-sibling::input[@type='text']]
Trying to find Element By : By.xpath: //label[text()='Account Name']/following-sibling::input[@type='text']
Found Element By : By.xpath: //label[text()='Account Name']/following-sibling::input[@type='text']
Value of the:[[ChromeDriver: chrome on MAC (4ed919e650a52274abcbb10556b88011)] -> xpath: //label[text()='Account Name']/following-sibling::input[@type='text']] before any changes made
Element value changed to: [[ChromeDriver: chrome on MAC (4ed919e650a52274abcbb10556b88011)] -> xpath: //label[text()='Account Name']/following-sibling::input[@type='text']]
Trying to find Element By : By.xpath: //label[text()='Account Name']/following-sibling::input[@type='text']
Found Element By : By.xpath: //label[text()='Account Name']/following-sibling::input[@type='text']
Value of the:[[ChromeDriver: chrome on MAC (4ed919e650a52274abcbb10556b88011)] -> xpath: //label[text()='Account Name']/following-sibling::input[@type='text']] before any changes made
Element value changed to: [[ChromeDriver: chrome on MAC (4ed919e650a52274abcbb10556b88011)] -> xpath: //label[text()='Account Name']/following-sibling::input[@type='text']]
Trying to find Element By : By.xpath: //label[text()='Account Name']/following-sibling::input[@type='text']
Found Element By : By.xpath: //label[text()='Account Name']/following-sibling::input[@type='text']
Value of the:[[ChromeDriver: chrome on MAC (4ed919e650a52274abcbb10556b88011)] -> xpath: //label[text()='Account Name']/following-sibling::input[@type='text']] before any changes made
Element value changed to: [[ChromeDriver: chrome on MAC (4ed919e650a52274abcbb10556b88011)] -> xpath: //label[text()='Account Name']/following-sibling::input[@type='text']]
Trying to find Element By : By.xpath: //label[text()='Account Name']/following-sibling::input[@type='text']
Found Element By : By.xpath: //label[text()='Account Name']/following-sibling::input[@type='text']
Value of the:[[ChromeDriver: chrome on MAC (4ed919e650a52274abcbb10556b88011)] -> xpath: //label[text()='Account Name']/following-sibling::input[@type='text']] before any changes made
Element value changed to: [[ChromeDriver: chrome on MAC (4ed919e650a52274abcbb10556b88011)] -> xpath: //label[text()='Account Name']/following-sibling::input[@type='text']]
Trying to find Element By : By.xpath: //label[text()='Account Name']/following-sibling::input[@type='text']
Found Element By : By.xpath: //label[text()='Account Name']/following-sibling::input[@type='text']
Value of the:[[ChromeDriver: chrome on MAC (4ed919e650a52274abcbb10556b88011)] -> xpath: //label[text()='Account Name']/following-sibling::input[@type='text']] before any changes made
Element value changed to: [[ChromeDriver: chrome on MAC (4ed919e650a52274abcbb10556b88011)] -> xpath: //label[text()='Account Name']/following-sibling::input[@type='text']]
Trying to find Element By : By.xpath: //label[text()='Account Name']/following-sibling::input[@type='text']
Found Element By : By.xpath: //label[text()='Account Name']/following-sibling::input[@type='text']
Value of the:[[ChromeDriver: chrome on MAC (4ed919e650a52274abcbb10556b88011)] -> xpath: //label[text()='Account Name']/following-sibling::input[@type='text']] before any changes made
Element value changed to: [[ChromeDriver: chrome on MAC (4ed919e650a52274abcbb10556b88011)] -> xpath: //label[text()='Account Name']/following-sibling::input[@type='text']]
Trying to find Element By : By.xpath: //label[text()='Account Name']/following-sibling::input[@type='text']
Found Element By : By.xpath: //label[text()='Account Name']/following-sibling::input[@type='text']
Value of the:[[ChromeDriver: chrome on MAC (4ed919e650a52274abcbb10556b88011)] -> xpath: //label[text()='Account Name']/following-sibling::input[@type='text']] before any changes made
Element value changed to: [[ChromeDriver: chrome on MAC (4ed919e650a52274abcbb10556b88011)] -> xpath: //label[text()='Account Name']/following-sibling::input[@type='text']]
Trying to find Element By : By.xpath: //label[text()='Account Name']/following-sibling::input[@type='text']
Found Element By : By.xpath: //label[text()='Account Name']/following-sibling::input[@type='text']
Value of the:[[ChromeDriver: chrome on MAC (4ed919e650a52274abcbb10556b88011)] -> xpath: //label[text()='Account Name']/following-sibling::input[@type='text']] before any changes made
Element value changed to: [[ChromeDriver: chrome on MAC (4ed919e650a52274abcbb10556b88011)] -> xpath: //label[text()='Account Name']/following-sibling::input[@type='text']]
Trying to find Element By : By.xpath: //label[text()='Account Name']/following-sibling::input[@type='text']
Found Element By : By.xpath: //label[text()='Account Name']/following-sibling::input[@type='text']
Value of the:[[ChromeDriver: chrome on MAC (4ed919e650a52274abcbb10556b88011)] -> xpath: //label[text()='Account Name']/following-sibling::input[@type='text']] before any changes made
Element value changed to: [[ChromeDriver: chrome on MAC (4ed919e650a52274abcbb10556b88011)] -> xpath: //label[text()='Account Name']/following-sibling::input[@type='text']]
Trying to find Element By : By.xpath: //label[text()='Account Name']/following-sibling::input[@type='text']
Found Element By : By.xpath: //label[text()='Account Name']/following-sibling::input[@type='text']
Value of the:[[ChromeDriver: chrome on MAC (4ed919e650a52274abcbb10556b88011)] -> xpath: //label[text()='Account Name']/following-sibling::input[@type='text']] before any changes made
Element value changed to: [[ChromeDriver: chrome on MAC (4ed919e650a52274abcbb10556b88011)] -> xpath: //label[text()='Account Name']/following-sibling::input[@type='text']]
Trying to find Element By : By.xpath: //label[text()='Account Name']/following-sibling::input[@type='text']
Found Element By : By.xpath: //label[text()='Account Name']/following-sibling::input[@type='text']
Value of the:[[ChromeDriver: chrome on MAC (4ed919e650a52274abcbb10556b88011)] -> xpath: //label[text()='Account Name']/following-sibling::input[@type='text']] before any changes made
Element value changed to: [[ChromeDriver: chrome on MAC (4ed919e650a52274abcbb10556b88011)] -> xpath: //label[text()='Account Name']/following-sibling::input[@type='text']]
Trying to find Element By : By.xpath: //label[text()='Account Name']/following-sibling::input[@type='text']
Found Element By : By.xpath: //label[text()='Account Name']/following-sibling::input[@type='text']
Value of the:[[ChromeDriver: chrome on MAC (4ed919e650a52274abcbb10556b88011)] -> xpath: //label[text()='Account Name']/following-sibling::input[@type='text']] before any changes made
Element value changed to: [[ChromeDriver: chrome on MAC (4ed919e650a52274abcbb10556b88011)] -> xpath: //label[text()='Account Name']/following-sibling::input[@type='text']]
Trying to find Element By : By.xpath: //label[text()='Account Name']/following-sibling::input[@type='text']
Found Element By : By.xpath: //label[text()='Account Name']/following-sibling::input[@type='text']
Value of the:[[ChromeDriver: chrome on MAC (4ed919e650a52274abcbb10556b88011)] -> xpath: //label[text()='Account Name']/following-sibling::input[@type='text']] before any changes made
Element value changed to: [[ChromeDriver: chrome on MAC (4ed919e650a52274abcbb10556b88011)] -> xpath: //label[text()='Account Name']/following-sibling::input[@type='text']]
Trying to find Element By : By.xpath: //label[text()='Account Name']/following-sibling::input[@type='text']
Found Element By : By.xpath: //label[text()='Account Name']/following-sibling::input[@type='text']
Value of the:[[ChromeDriver: chrome on MAC (4ed919e650a52274abcbb10556b88011)] -> xpath: //label[text()='Account Name']/following-sibling::input[@type='text']] before any changes made
Element value changed to: [[ChromeDriver: chrome on MAC (4ed919e650a52274abcbb10556b88011)] -> xpath: //label[text()='Account Name']/following-sibling::input[@type='text']]
Trying to find Element By : By.xpath: //label[text()='E-Mail']/following-sibling::input[@type='text']
Found Element By : By.xpath: //label[text()='E-Mail']/following-sibling::input[@type='text']
Trying to find Element By : By.xpath: //label[text()='E-Mail']/following-sibling::input[@type='text']
Found Element By : By.xpath: //label[text()='E-Mail']/following-sibling::input[@type='text']
Value of the:[[ChromeDriver: chrome on MAC (4ed919e650a52274abcbb10556b88011)] -> xpath: //label[text()='E-Mail']/following-sibling::input[@type='text']] before any changes made
Element value changed to: [[ChromeDriver: chrome on MAC (4ed919e650a52274abcbb10556b88011)] -> xpath: //label[text()='E-Mail']/following-sibling::input[@type='text']]
Trying to find Element By : By.xpath: //label[text()='E-Mail']/following-sibling::input[@type='text']
Found Element By : By.xpath: //label[text()='E-Mail']/following-sibling::input[@type='text']
Value of the:[[ChromeDriver: chrome on MAC (4ed919e650a52274abcbb10556b88011)] -> xpath: //label[text()='E-Mail']/following-sibling::input[@type='text']] before any changes made
Element value changed to: [[ChromeDriver: chrome on MAC (4ed919e650a52274abcbb10556b88011)] -> xpath: //label[text()='E-Mail']/following-sibling::input[@type='text']]
Trying to find Element By : By.xpath: //label[text()='E-Mail']/following-sibling::input[@type='text']
Found Element By : By.xpath: //label[text()='E-Mail']/following-sibling::input[@type='text']
Value of the:[[ChromeDriver: chrome on MAC (4ed919e650a52274abcbb10556b88011)] -> xpath: //label[text()='E-Mail']/following-sibling::input[@type='text']] before any changes made
Element value changed to: [[ChromeDriver: chrome on MAC (4ed919e650a52274abcbb10556b88011)] -> xpath: //label[text()='E-Mail']/following-sibling::input[@type='text']]
Trying to find Element By : By.xpath: //label[text()='E-Mail']/following-sibling::input[@type='text']
Found Element By : By.xpath: //label[text()='E-Mail']/following-sibling::input[@type='text']
Value of the:[[ChromeDriver: chrome on MAC (4ed919e650a52274abcbb10556b88011)] -> xpath: //label[text()='E-Mail']/following-sibling::input[@type='text']] before any changes made
Element value changed to: [[ChromeDriver: chrome on MAC (4ed919e650a52274abcbb10556b88011)] -> xpath: //label[text()='E-Mail']/following-sibling::input[@type='text']]
Trying to find Element By : By.xpath: //label[text()='E-Mail']/following-sibling::input[@type='text']
Found Element By : By.xpath: //label[text()='E-Mail']/following-sibling::input[@type='text']
Value of the:[[ChromeDriver: chrome on MAC (4ed919e650a52274abcbb10556b88011)] -> xpath: //label[text()='E-Mail']/following-sibling::input[@type='text']] before any changes made
Element value changed to: [[ChromeDriver: chrome on MAC (4ed919e650a52274abcbb10556b88011)] -> xpath: //label[text()='E-Mail']/following-sibling::input[@type='text']]
Trying to find Element By : By.xpath: //label[text()='E-Mail']/following-sibling::input[@type='text']
Found Element By : By.xpath: //label[text()='E-Mail']/following-sibling::input[@type='text']
Value of the:[[ChromeDriver: chrome on MAC (4ed919e650a52274abcbb10556b88011)] -> xpath: //label[text()='E-Mail']/following-sibling::input[@type='text']] before any changes made
Element value changed to: [[ChromeDriver: chrome on MAC (4ed919e650a52274abcbb10556b88011)] -> xpath: //label[text()='E-Mail']/following-sibling::input[@type='text']]
Trying to find Element By : By.xpath: //label[text()='E-Mail']/following-sibling::input[@type='text']
Found Element By : By.xpath: //label[text()='E-Mail']/following-sibling::input[@type='text']
Value of the:[[ChromeDriver: chrome on MAC (4ed919e650a52274abcbb10556b88011)] -> xpath: //label[text()='E-Mail']/following-sibling::input[@type='text']] before any changes made
Element value changed to: [[ChromeDriver: chrome on MAC (4ed919e650a52274abcbb10556b88011)] -> xpath: //label[text()='E-Mail']/following-sibling::input[@type='text']]
Trying to find Element By : By.xpath: //label[text()='E-Mail']/following-sibling::input[@type='text']
Found Element By : By.xpath: //label[text()='E-Mail']/following-sibling::input[@type='text']
Value of the:[[ChromeDriver: chrome on MAC (4ed919e650a52274abcbb10556b88011)] -> xpath: //label[text()='E-Mail']/following-sibling::input[@type='text']] before any changes made
Element value changed to: [[ChromeDriver: chrome on MAC (4ed919e650a52274abcbb10556b88011)] -> xpath: //label[text()='E-Mail']/following-sibling::input[@type='text']]
Trying to find Element By : By.xpath: //label[text()='E-Mail']/following-sibling::input[@type='text']
Found Element By : By.xpath: //label[text()='E-Mail']/following-sibling::input[@type='text']
Value of the:[[ChromeDriver: chrome on MAC (4ed919e650a52274abcbb10556b88011)] -> xpath: //label[text()='E-Mail']/following-sibling::input[@type='text']] before any changes made
Element value changed to: [[ChromeDriver: chrome on MAC (4ed919e650a52274abcbb10556b88011)] -> xpath: //label[text()='E-Mail']/following-sibling::input[@type='text']]
Trying to find Element By : By.xpath: //label[text()='E-Mail']/following-sibling::input[@type='text']
Found Element By : By.xpath: //label[text()='E-Mail']/following-sibling::input[@type='text']
Value of the:[[ChromeDriver: chrome on MAC (4ed919e650a52274abcbb10556b88011)] -> xpath: //label[text()='E-Mail']/following-sibling::input[@type='text']] before any changes made
Element value changed to: [[ChromeDriver: chrome on MAC (4ed919e650a52274abcbb10556b88011)] -> xpath: //label[text()='E-Mail']/following-sibling::input[@type='text']]
Trying to find Element By : By.xpath: //label[text()='E-Mail']/following-sibling::input[@type='text']
Found Element By : By.xpath: //label[text()='E-Mail']/following-sibling::input[@type='text']
Value of the:[[ChromeDriver: chrome on MAC (4ed919e650a52274abcbb10556b88011)] -> xpath: //label[text()='E-Mail']/following-sibling::input[@type='text']] before any changes made
Element value changed to: [[ChromeDriver: chrome on MAC (4ed919e650a52274abcbb10556b88011)] -> xpath: //label[text()='E-Mail']/following-sibling::input[@type='text']]
Trying to find Element By : By.xpath: //label[text()='E-Mail']/following-sibling::input[@type='text']
Found Element By : By.xpath: //label[text()='E-Mail']/following-sibling::input[@type='text']
Value of the:[[ChromeDriver: chrome on MAC (4ed919e650a52274abcbb10556b88011)] -> xpath: //label[text()='E-Mail']/following-sibling::input[@type='text']] before any changes made
Element value changed to: [[ChromeDriver: chrome on MAC (4ed919e650a52274abcbb10556b88011)] -> xpath: //label[text()='E-Mail']/following-sibling::input[@type='text']]
Trying to find Element By : By.xpath: //label[text()='E-Mail']/following-sibling::input[@type='text']
Found Element By : By.xpath: //label[text()='E-Mail']/following-sibling::input[@type='text']
Value of the:[[ChromeDriver: chrome on MAC (4ed919e650a52274abcbb10556b88011)] -> xpath: //label[text()='E-Mail']/following-sibling::input[@type='text']] before any changes made
Element value changed to: [[ChromeDriver: chrome on MAC (4ed919e650a52274abcbb10556b88011)] -> xpath: //label[text()='E-Mail']/following-sibling::input[@type='text']]
Trying to find Element By : By.xpath: //label[text()='E-Mail']/following-sibling::input[@type='text']
Found Element By : By.xpath: //label[text()='E-Mail']/following-sibling::input[@type='text']
Value of the:[[ChromeDriver: chrome on MAC (4ed919e650a52274abcbb10556b88011)] -> xpath: //label[text()='E-Mail']/following-sibling::input[@type='text']] before any changes made
Element value changed to: [[ChromeDriver: chrome on MAC (4ed919e650a52274abcbb10556b88011)] -> xpath: //label[text()='E-Mail']/following-sibling::input[@type='text']]
Trying to find Element By : By.xpath: //label[text()='E-Mail']/following-sibling::input[@type='text']
Found Element By : By.xpath: //label[text()='E-Mail']/following-sibling::input[@type='text']
Value of the:[[ChromeDriver: chrome on MAC (4ed919e650a52274abcbb10556b88011)] -> xpath: //label[text()='E-Mail']/following-sibling::input[@type='text']] before any changes made
Element value changed to: [[ChromeDriver: chrome on MAC (4ed919e650a52274abcbb10556b88011)] -> xpath: //label[text()='E-Mail']/following-sibling::input[@type='text']]
Trying to find Element By : By.xpath: //label[text()='E-Mail']/following-sibling::input[@type='text']
Found Element By : By.xpath: //label[text()='E-Mail']/following-sibling::input[@type='text']
Value of the:[[ChromeDriver: chrome on MAC (4ed919e650a52274abcbb10556b88011)] -> xpath: //label[text()='E-Mail']/following-sibling::input[@type='text']] before any changes made
Element value changed to: [[ChromeDriver: chrome on MAC (4ed919e650a52274abcbb10556b88011)] -> xpath: //label[text()='E-Mail']/following-sibling::input[@type='text']]
Trying to find Element By : By.xpath: //label[text()='E-Mail']/following-sibling::input[@type='text']
Found Element By : By.xpath: //label[text()='E-Mail']/following-sibling::input[@type='text']
Value of the:[[ChromeDriver: chrome on MAC (4ed919e650a52274abcbb10556b88011)] -> xpath: //label[text()='E-Mail']/following-sibling::input[@type='text']] before any changes made
Element value changed to: [[ChromeDriver: chrome on MAC (4ed919e650a52274abcbb10556b88011)] -> xpath: //label[text()='E-Mail']/following-sibling::input[@type='text']]
Trying to find Element By : By.xpath: //label[text()='E-Mail']/following-sibling::input[@type='text']
Found Element By : By.xpath: //label[text()='E-Mail']/following-sibling::input[@type='text']
Value of the:[[ChromeDriver: chrome on MAC (4ed919e650a52274abcbb10556b88011)] -> xpath: //label[text()='E-Mail']/following-sibling::input[@type='text']] before any changes made
Element value changed to: [[ChromeDriver: chrome on MAC (4ed919e650a52274abcbb10556b88011)] -> xpath: //label[text()='E-Mail']/following-sibling::input[@type='text']]
Trying to find Element By : By.xpath: //label[text()='E-Mail']/following-sibling::input[@type='text']
Found Element By : By.xpath: //label[text()='E-Mail']/following-sibling::input[@type='text']
Value of the:[[ChromeDriver: chrome on MAC (4ed919e650a52274abcbb10556b88011)] -> xpath: //label[text()='E-Mail']/following-sibling::input[@type='text']] before any changes made
Element value changed to: [[ChromeDriver: chrome on MAC (4ed919e650a52274abcbb10556b88011)] -> xpath: //label[text()='E-Mail']/following-sibling::input[@type='text']]
Trying to find Element By : By.xpath: //label[text()='E-Mail']/following-sibling::input[@type='text']
Found Element By : By.xpath: //label[text()='E-Mail']/following-sibling::input[@type='text']
Value of the:[[ChromeDriver: chrome on MAC (4ed919e650a52274abcbb10556b88011)] -> xpath: //label[text()='E-Mail']/following-sibling::input[@type='text']] before any changes made
Element value changed to: [[ChromeDriver: chrome on MAC (4ed919e650a52274abcbb10556b88011)] -> xpath: //label[text()='E-Mail']/following-sibling::input[@type='text']]
Trying to find Element By : By.xpath: //label[text()='E-Mail']/following-sibling::input[@type='text']
Found Element By : By.xpath: //label[text()='E-Mail']/following-sibling::input[@type='text']
Value of the:[[ChromeDriver: chrome on MAC (4ed919e650a52274abcbb10556b88011)] -> xpath: //label[text()='E-Mail']/following-sibling::input[@type='text']] before any changes made
Element value changed to: [[ChromeDriver: chrome on MAC (4ed919e650a52274abcbb10556b88011)] -> xpath: //label[text()='E-Mail']/following-sibling::input[@type='text']]
Trying to find Element By : By.xpath: //label[text()='E-Mail']/following-sibling::input[@type='text']
Found Element By : By.xpath: //label[text()='E-Mail']/following-sibling::input[@type='text']
Value of the:[[ChromeDriver: chrome on MAC (4ed919e650a52274abcbb10556b88011)] -> xpath: //label[text()='E-Mail']/following-sibling::input[@type='text']] before any changes made
Element value changed to: [[ChromeDriver: chrome on MAC (4ed919e650a52274abcbb10556b88011)] -> xpath: //label[text()='E-Mail']/following-sibling::input[@type='text']]
Trying to find Element By : By.xpath: //label[text()='E-Mail']/following-sibling::input[@type='text']
Found Element By : By.xpath: //label[text()='E-Mail']/following-sibling::input[@type='text']
Trying to find Element By : By.xpath: //form/div[2]/div/div/div[1]/div/div[1]/div/div
Found Element By : By.xpath: //form/div[2]/div/div/div[1]/div/div[1]/div/div
Trying to click on: [[ChromeDriver: chrome on MAC (4ed919e650a52274abcbb10556b88011)] -> xpath: //form/div[2]/div/div/div[1]/div/div[1]/div/div]
Clicked on: [[ChromeDriver: chrome on MAC (4ed919e650a52274abcbb10556b88011)] -> xpath: //form/div[2]/div/div/div[1]/div/div[1]/div/div]
Trying to find Element By : By.xpath: //label[text()='Account Name']/following-sibling::input[@type='text']
Found Element By : By.xpath: //label[text()='Account Name']/following-sibling::input[@type='text']
Value of the:[[ChromeDriver: chrome on MAC (4ed919e650a52274abcbb10556b88011)] -> xpath: //label[text()='Account Name']/following-sibling::input[@type='text']] before any changes made
Element value changed to: [[ChromeDriver: chrome on MAC (4ed919e650a52274abcbb10556b88011)] -> xpath: //label[text()='Account Name']/following-sibling::input[@type='text']]
Trying to find Element By : By.xpath: //label[text()='E-Mail']/following-sibling::input[@type='text']
Found Element By : By.xpath: //label[text()='E-Mail']/following-sibling::input[@type='text']
Value of the:[[ChromeDriver: chrome on MAC (4ed919e650a52274abcbb10556b88011)] -> xpath: //label[text()='E-Mail']/following-sibling::input[@type='text']] before any changes made
Element value changed to: [[ChromeDriver: chrome on MAC (4ed919e650a52274abcbb10556b88011)] -> xpath: //label[text()='E-Mail']/following-sibling::input[@type='text']]
Trying to find Element By : By.xpath: //label[text()='Password']/following-sibling::input[@type='password']
Found Element By : By.xpath: //label[text()='Password']/following-sibling::input[@type='password']
Value of the:[[ChromeDriver: chrome on MAC (4ed919e650a52274abcbb10556b88011)] -> xpath: //label[text()='Password']/following-sibling::input[@type='password']] before any changes made
Element value changed to: [[ChromeDriver: chrome on MAC (4ed919e650a52274abcbb10556b88011)] -> xpath: //label[text()='Password']/following-sibling::input[@type='password']]
06-09-2020 09:50:04 AdminUserStepDefinition.java INFO  [TestNG-tests-1] stepDefinitions.AdminUserStepDefinition 344 - Click on Save and assert user created successfully
Trying to find Element By : By.xpath: //span/form/div[3]/button/span
Found Element By : By.xpath: //span/form/div[3]/button/span
Trying to find Element By : By.xpath: //span/form/div[3]/button/span
Found Element By : By.xpath: //span/form/div[3]/button/span
Trying to click on: [[ChromeDriver: chrome on MAC (4ed919e650a52274abcbb10556b88011)] -> xpath: //span/form/div[3]/button/span]
Clicked on: [[ChromeDriver: chrome on MAC (4ed919e650a52274abcbb10556b88011)] -> xpath: //span/form/div[3]/button/span]
Trying to find Element By : By.xpath: //span/form/div[3]/button/span
Found Element By : By.xpath: //span/form/div[3]/button/span
Trying to find Element By : By.xpath: //span/form/div[3]/button/span
Found Element By : By.xpath: //span/form/div[3]/button/span
Trying to find Element By : By.xpath: //span/form/div[3]/button/span
Found Element By : By.xpath: //span/form/div[3]/button/span
Trying to find Element By : By.xpath: //span/form/div[3]/button/span
Found Element By : By.xpath: //span/form/div[3]/button/span
Trying to find Element By : By.xpath: //span/form/div[3]/button/span
Found Element By : By.xpath: //span/form/div[3]/button/span
Trying to find Element By : By.xpath: //span/form/div[3]/button/span
Found Element By : By.xpath: //span/form/div[3]/button/span
Trying to find Element By : By.xpath: //span/form/div[3]/button/span
Found Element By : By.xpath: //span/form/div[3]/button/span
06-09-2020 09:50:06 AdminUserStepDefinition.java INFO  [TestNG-tests-1] stepDefinitions.AdminUserStepDefinition 346 - Create seat page has been closed 
Trying to find Element By : By.xpath: //aside/header/div/button/span/i
Found Element By : By.xpath: //aside/header/div/button/span/i
Trying to click on: [[ChromeDriver: chrome on MAC (4ed919e650a52274abcbb10556b88011)] -> xpath: //aside/header/div/button/span/i]
Clicked on: [[ChromeDriver: chrome on MAC (4ed919e650a52274abcbb10556b88011)] -> xpath: //aside/header/div/button/span/i]
Trying to find Element By : By.xpath: //h1[text()='User Accounts']
Found Element By : By.xpath: //h1[text()='User Accounts']
Trying to find Element By : By.xpath: //span[text()='Active']
Found Element By : By.xpath: //span[text()='Active']
06-09-2020 09:50:07 AdminUserStepDefinition.java INFO  [TestNG-tests-1] stepDefinitions.AdminUserStepDefinition 399 - Click on edit
Trying to find Element By : By.xpath: //h1[text()='User Accounts']
Found Element By : By.xpath: //h1[text()='User Accounts']
Trying to find Element By : By.xpath: //header/div/div[1]/button[1]
Found Element By : By.xpath: //header/div/div[1]/button[1]
Trying to click on: [[ChromeDriver: chrome on MAC (4ed919e650a52274abcbb10556b88011)] -> xpath: //header/div/div[1]/button[1]]
Clicked on: [[ChromeDriver: chrome on MAC (4ed919e650a52274abcbb10556b88011)] -> xpath: //header/div/div[1]/button[1]]
06-09-2020 09:50:07 AdminUserStepDefinition.java INFO  [TestNG-tests-1] stepDefinitions.AdminUserStepDefinition 402 - Fetch the data from create user page and put it in array list
Trying to find Element By : By.xpath: //span/form/div[3]/button/span
Found Element By : By.xpath: //span/form/div[3]/button/span
Trying to find Element By : By.xpath: //span/form/div[3]/button/span
Found Element By : By.xpath: //span/form/div[3]/button/span
Trying to find Element By : By.xpath: //span/form/div[3]/button/span
Found Element By : By.xpath: //span/form/div[3]/button/span
Trying to find Element By : By.xpath: //form//input[@type='radio' and @value='1']
Found Element By : By.xpath: //form//input[@type='radio' and @value='1']
Trying to find Element By : By.xpath: //label[text()='Account Name']/following-sibling::input[@type='text']
Found Element By : By.xpath: //label[text()='Account Name']/following-sibling::input[@type='text']
Trying to find Element By : By.xpath: //label[text()='E-Mail']/following-sibling::input[@type='text']
Found Element By : By.xpath: //label[text()='E-Mail']/following-sibling::input[@type='text']
Trying to find Element By : By.xpath: //label[text()='Password']/following-sibling::input[@type='password']
Found Element By : By.xpath: //label[text()='Password']/following-sibling::input[@type='password']
06-09-2020 09:50:08 AdminUserStepDefinition.java INFO  [TestNG-tests-1] stepDefinitions.AdminUserStepDefinition 404 - Account name asserted in create User page :TestAccountkool3
06-09-2020 09:50:08 AdminUserStepDefinition.java INFO  [TestNG-tests-1] stepDefinitions.AdminUserStepDefinition 406 - Email asserted in create user page :o5tbppcuwu@testqar.com
06-09-2020 09:50:08 AdminUserStepDefinition.java INFO  [TestNG-tests-1] stepDefinitions.AdminUserStepDefinition 408 - Password asserted in create user page :
06-09-2020 09:50:08 AdminUserStepDefinition.java INFO  [TestNG-tests-1] stepDefinitions.AdminUserStepDefinition 410 - Create usage page has been closed 
Trying to find Element By : By.xpath: //aside/header/div/button/span/i
Found Element By : By.xpath: //aside/header/div/button/span/i
Trying to click on: [[ChromeDriver: chrome on MAC (4ed919e650a52274abcbb10556b88011)] -> xpath: //aside/header/div/button/span/i]
Clicked on: [[ChromeDriver: chrome on MAC (4ed919e650a52274abcbb10556b88011)] -> xpath: //aside/header/div/button/span/i]
Trying to find Element By : By.xpath: //h1[text()='User Accounts']
Found Element By : By.xpath: //h1[text()='User Accounts']
Trying to find Element By : By.xpath: //span[text()='Active']
Found Element By : By.xpath: //span[text()='Active']
06-09-2020 09:50:08 AdminUserStepDefinition.java INFO  [TestNG-tests-1] stepDefinitions.AdminUserStepDefinition 412 - Click on active tab
06-09-2020 09:50:08 AdminUserStepDefinition.java INFO  [TestNG-tests-1] stepDefinitions.AdminUserStepDefinition 139 - Putting rowdata into arraylist 
Trying to find Element By : By.xpath: //h1[text()='User Accounts']
Found Element By : By.xpath: //h1[text()='User Accounts']
Trying to find Element By : By.all({By.xpath: //table/tbody/tr})
Found Element By : By.all({By.xpath: //table/tbody/tr})
Trying to find Element By : By.all({By.xpath: //table/tbody/tr})
Found Element By : By.all({By.xpath: //table/tbody/tr})
Trying to find Element By : By.all({By.xpath: //table/tbody/tr[1]/td})
Found Element By : By.all({By.xpath: //table/tbody/tr[1]/td})
Trying to find Element By : By.xpath: //button[@type='button' and @aria-label='Next page']
Found Element By : By.xpath: //button[@type='button' and @aria-label='Next page']
Trying to find Element By : By.xpath: //table/tbody/tr[1]/td[2]
Found Element By : By.xpath: //table/tbody/tr[1]/td[2]
Trying to find Element By : By.xpath: //table/tbody/tr[1]/td[2]
Found Element By : By.xpath: //table/tbody/tr[1]/td[2]
Trying to find Element By : By.xpath: //table/tbody/tr[1]/td[3]
Found Element By : By.xpath: //table/tbody/tr[1]/td[3]
Trying to find Element By : By.xpath: //table/tbody/tr[1]/td[4]
Found Element By : By.xpath: //table/tbody/tr[1]/td[4]
Trying to find Element By : By.xpath: //table/tbody/tr[1]/td[5]
Found Element By : By.xpath: //table/tbody/tr[1]/td[5]
06-09-2020 09:50:09 AdminUserStepDefinition.java INFO  [TestNG-tests-1] stepDefinitions.AdminUserStepDefinition 141 - User name asserted in tab :TestAccountkool3
06-09-2020 09:50:09 AdminUserStepDefinition.java INFO  [TestNG-tests-1] stepDefinitions.AdminUserStepDefinition 143 - Email asserted in tab :o5tbppcuwu@testqar.com
06-09-2020 09:50:09 AdminUserStepDefinition.java INFO  [TestNG-tests-1] stepDefinitions.AdminUserStepDefinition 145 - Role asserted in tab :Admin
Before navigating to: 'http://qa-publisher-portal.rmp.rakuten.com/login'
Navigated to:'http://qa-publisher-portal.rmp.rakuten.com/login'

  Scenario: Verify if user is able to edit active Admin account from admin login.          &amp#27;[90m# RXUsers.feature:23&amp#27;[0m
    &amp#27;[32mGiven &amp#27;[0m&amp#27;[32madmin user login to RX UI with valid username and password&amp#27;[0m                       &amp#27;[90m# ProfileStepDefinition.admin_user_login_to_RX_UI_with_valid_username_and_password()&amp#27;[0m
    &amp#27;[32mWhen &amp#27;[0m&amp#27;[32mclick on User option under accounts.&amp#27;[0m                                              &amp#27;[90m# AdminUserStepDefinition.click_on_User_option_under_accounts()&amp#27;[0m
    &amp#27;[32mThen &amp#27;[0m&amp#27;[32mclick on active tab and select one of the admin user.&amp#27;[0m                             &amp#27;[90m# AdminUserStepDefinition.click_on_active_tab_and_select_one_of_the_admin_user()&amp#27;[0m
    &amp#27;[32mThen &amp#27;[0m&amp#27;[32mClick on edit button.&amp#27;[0m                                                             &amp#27;[90m# AdminUserStepDefinition.click_on_edit_button()&amp#27;[0m
    &amp#27;[32mThen &amp#27;[0m&amp#27;[32mEdit the Admin user&amp#27;[0m                                                               &amp#27;[90m# AdminUserStepDefinition.edit_the_Admin_user()&amp#27;[0m
    &amp#27;[32mThen &amp#27;[0m&amp#27;[32mClick on Save edited user&amp#27;[0m                                                         &amp#27;[90m# AdminUserStepDefinition.click_on_Save_edited_user()&amp#27;[0m
    &amp#27;[32mThen &amp#27;[0m&amp#27;[32massert the edited Admin user for filled values are displaying in create user page&amp#27;[0m &amp#27;[90m# AdminUserStepDefinition.assert_the_edited_Admin_user_for_filled_values_are_displaying_in_create_user_page()&amp#27;[0m
    &amp#27;[32mThen &amp#27;[0m&amp#27;[32massert the new user details in user page table view.&amp#27;[0m                              &amp#27;[90m# AdminUserStepDefinition.assert_the_new_user_details_in_user_page_table_view()&amp#27;[0m
Trying to find Element By : By.xpath: //input[@autofocus="autofocus"]
Found Element By : By.xpath: //input[@autofocus="autofocus"]
Value of the:[[ChromeDriver: chrome on MAC (e4b93f22d80527d3009c47c4d9eeb789)] -> xpath: //input[@autofocus="autofocus"]] before any changes made
Element value changed to: [[ChromeDriver: chrome on MAC (e4b93f22d80527d3009c47c4d9eeb789)] -> xpath: //input[@autofocus="autofocus"]]
Trying to find Element By : By.xpath: //input[@type="password"]
Found Element By : By.xpath: //input[@type="password"]
Value of the:[[ChromeDriver: chrome on MAC (e4b93f22d80527d3009c47c4d9eeb789)] -> xpath: //input[@type="password"]] before any changes made
Element value changed to: [[ChromeDriver: chrome on MAC (e4b93f22d80527d3009c47c4d9eeb789)] -> xpath: //input[@type="password"]]
Trying to find Element By : By.xpath: //span[text()='Login']
Found Element By : By.xpath: //span[text()='Login']
Trying to click on: [[ChromeDriver: chrome on MAC (e4b93f22d80527d3009c47c4d9eeb789)] -> xpath: //span[text()='Login']]
Clicked on: [[ChromeDriver: chrome on MAC (e4b93f22d80527d3009c47c4d9eeb789)] -> xpath: //span[text()='Login']]
Trying to find Element By : By.xpath: //div[@class="logo"]
Found Element By : By.xpath: //div[@class="logo"]
06-09-2020 09:50:21 AdminUserStepDefinition.java INFO  [TestNG-tests-1] stepDefinitions.AdminUserStepDefinition 44 - Clicked on Users option under Account
Trying to find Element By : By.xpath: //div[text()='Users']
Found Element By : By.xpath: //div[text()='Users']
Trying to find Element By : By.xpath: //div[text()='Users']
Found Element By : By.xpath: //div[text()='Users']
Trying to click on: [[ChromeDriver: chrome on MAC (e4b93f22d80527d3009c47c4d9eeb789)] -> xpath: //div[text()='Users']]
Clicked on: [[ChromeDriver: chrome on MAC (e4b93f22d80527d3009c47c4d9eeb789)] -> xpath: //div[text()='Users']]
06-09-2020 09:50:21 AdminUserStepDefinition.java INFO  [TestNG-tests-1] stepDefinitions.AdminUserStepDefinition 219 - Click on active tab
Trying to find Element By : By.xpath: //h1[text()='User Accounts']
Found Element By : By.xpath: //h1[text()='User Accounts']
Trying to find Element By : By.xpath: //span[text()='Active']
Found Element By : By.xpath: //span[text()='Active']
Trying to find Element By : By.xpath: //span[text()='Active']
Found Element By : By.xpath: //span[text()='Active']
Trying to click on: [[ChromeDriver: chrome on MAC (e4b93f22d80527d3009c47c4d9eeb789)] -> xpath: //span[text()='Active']]
Clicked on: [[ChromeDriver: chrome on MAC (e4b93f22d80527d3009c47c4d9eeb789)] -> xpath: //span[text()='Active']]
06-09-2020 09:50:23 AdminUserStepDefinition.java INFO  [TestNG-tests-1] stepDefinitions.AdminUserStepDefinition 222 - Looking for a admin role
Trying to find Element By : By.all({By.xpath: //table/tbody/tr})
Found Element By : By.all({By.xpath: //table/tbody/tr})
Trying to find Element By : By.all({By.xpath: //table/tbody/tr[1]/td})
Found Element By : By.all({By.xpath: //table/tbody/tr[1]/td})
Trying to find Element By : By.xpath: //button[@type='button' and @aria-label='Next page']
Found Element By : By.xpath: //button[@type='button' and @aria-label='Next page']
Trying to find Element By : By.xpath: //table/tbody/tr[1]/td[2]
Found Element By : By.xpath: //table/tbody/tr[1]/td[2]
Trying to find Element By : By.xpath: //table/tbody/tr[1]/td[1]
Found Element By : By.xpath: //table/tbody/tr[1]/td[1]
Trying to click on: [[ChromeDriver: chrome on MAC (e4b93f22d80527d3009c47c4d9eeb789)] -> xpath: //table/tbody/tr[1]/td[1]]
Clicked on: [[ChromeDriver: chrome on MAC (e4b93f22d80527d3009c47c4d9eeb789)] -> xpath: //table/tbody/tr[1]/td[1]]
Trying to find Element By : By.xpath: //table/tbody/tr[1]/td[2]
Found Element By : By.xpath: //table/tbody/tr[1]/td[2]
06-09-2020 09:50:23 AdminUserStepDefinition.java INFO  [TestNG-tests-1] stepDefinitions.AdminUserStepDefinition 227 - Putting rowdata into arraylist 
Trying to find Element By : By.xpath: //h1[text()='User Accounts']
Found Element By : By.xpath: //h1[text()='User Accounts']
Trying to find Element By : By.all({By.xpath: //table/tbody/tr})
Found Element By : By.all({By.xpath: //table/tbody/tr})
Trying to find Element By : By.all({By.xpath: //table/tbody/tr})
Found Element By : By.all({By.xpath: //table/tbody/tr})
Trying to find Element By : By.all({By.xpath: //table/tbody/tr[1]/td})
Found Element By : By.all({By.xpath: //table/tbody/tr[1]/td})
Trying to find Element By : By.xpath: //button[@type='button' and @aria-label='Next page']
Found Element By : By.xpath: //button[@type='button' and @aria-label='Next page']
Trying to find Element By : By.xpath: //table/tbody/tr[1]/td[2]
Found Element By : By.xpath: //table/tbody/tr[1]/td[2]
Trying to find Element By : By.xpath: //table/tbody/tr[1]/td[2]
Found Element By : By.xpath: //table/tbody/tr[1]/td[2]
Trying to find Element By : By.xpath: //table/tbody/tr[1]/td[3]
Found Element By : By.xpath: //table/tbody/tr[1]/td[3]
Trying to find Element By : By.xpath: //table/tbody/tr[1]/td[4]
Found Element By : By.xpath: //table/tbody/tr[1]/td[4]
Trying to find Element By : By.xpath: //table/tbody/tr[1]/td[5]
Found Element By : By.xpath: //table/tbody/tr[1]/td[5]
06-09-2020 09:50:23 AdminUserStepDefinition.java INFO  [TestNG-tests-1] stepDefinitions.AdminUserStepDefinition 231 - User name asserted in tab when selected for modify :TestAccountkool3
06-09-2020 09:50:23 AdminUserStepDefinition.java INFO  [TestNG-tests-1] stepDefinitions.AdminUserStepDefinition 232 - Email asserted in tab when selected for modify :o5tbppcuwu@testqar.com
06-09-2020 09:50:23 AdminUserStepDefinition.java INFO  [TestNG-tests-1] stepDefinitions.AdminUserStepDefinition 233 - Role asserted in tab when selected for modify :Admin
06-09-2020 09:50:23 AdminUserStepDefinition.java INFO  [TestNG-tests-1] stepDefinitions.AdminUserStepDefinition 321 - Clicked on edit user button
Trying to find Element By : By.xpath: //h1[text()='User Accounts']
Found Element By : By.xpath: //h1[text()='User Accounts']
Trying to find Element By : By.xpath: //header/div/div[1]/button[1]
Found Element By : By.xpath: //header/div/div[1]/button[1]
Trying to click on: [[ChromeDriver: chrome on MAC (e4b93f22d80527d3009c47c4d9eeb789)] -> xpath: //header/div/div[1]/button[1]]
Clicked on: [[ChromeDriver: chrome on MAC (e4b93f22d80527d3009c47c4d9eeb789)] -> xpath: //header/div/div[1]/button[1]]
06-09-2020 09:50:23 AdminUserStepDefinition.java INFO  [TestNG-tests-1] stepDefinitions.AdminUserStepDefinition 420 - Fetch the test data from
Trying to find Element By : By.xpath: //span/form/div[3]/button/span
Found Element By : By.xpath: //span/form/div[3]/button/span
Trying to find Element By : By.xpath: //span/form/div[3]/button/span
Found Element By : By.xpath: //span/form/div[3]/button/span
Trying to find Element By : By.xpath: //form/div[2]/div/div/div[1]/div/div[2]/div/div
Found Element By : By.xpath: //form/div[2]/div/div/div[1]/div/div[2]/div/div
Trying to click on: [[ChromeDriver: chrome on MAC (e4b93f22d80527d3009c47c4d9eeb789)] -> xpath: //form/div[2]/div/div/div[1]/div/div[2]/div/div]
Clicked on: [[ChromeDriver: chrome on MAC (e4b93f22d80527d3009c47c4d9eeb789)] -> xpath: //form/div[2]/div/div/div[1]/div/div[2]/div/div]
Trying to find Element By : By.xpath: //span[1]/div/div/div[1]/div[1]/div[2]/div/i
Found Element By : By.xpath: //span[1]/div/div/div[1]/div[1]/div[2]/div/i
Trying to find Element By : By.xpath: //span[1]/div/div/div[1]/div[1]/div[2]/div/i
Found Element By : By.xpath: //span[1]/div/div/div[1]/div[1]/div[2]/div/i
Trying to click on: [[ChromeDriver: chrome on MAC (e4b93f22d80527d3009c47c4d9eeb789)] -> xpath: //span[1]/div/div/div[1]/div[1]/div[2]/div/i]
Clicked on: [[ChromeDriver: chrome on MAC (e4b93f22d80527d3009c47c4d9eeb789)] -> xpath: //span[1]/div/div/div[1]/div[1]/div[2]/div/i]
Trying to find Element By : By.xpath: //div[text()='Kobo']
Found Element By : By.xpath: //div[text()='Kobo']
Publisher user enabled :Kobo
Trying to click on: [[ChromeDriver: chrome on MAC (e4b93f22d80527d3009c47c4d9eeb789)] -> xpath: //div[text()='Kobo']]
Clicked on: [[ChromeDriver: chrome on MAC (e4b93f22d80527d3009c47c4d9eeb789)] -> xpath: //div[text()='Kobo']]
Trying to find Element By : By.xpath: //span/form/div[3]/button/span
Found Element By : By.xpath: //span/form/div[3]/button/span
Trying to find Element By : By.xpath: //span/form/div[3]/button/span
Found Element By : By.xpath: //span/form/div[3]/button/span
Trying to find Element By : By.xpath: //form//input[@type='radio' and @value='1']
Found Element By : By.xpath: //form//input[@type='radio' and @value='1']
Trying to find Element By : By.xpath: //span/form/div[3]/button/span
Found Element By : By.xpath: //span/form/div[3]/button/span
Trying to find Element By : By.xpath: //form//input[@type='radio' and @value='0']
Found Element By : By.xpath: //form//input[@type='radio' and @value='0']
Trying to find Element By : By.xpath: //div[text()='Kobo']
Found Element By : By.xpath: //div[text()='Kobo']
Entered Publisher Kobo
Trying to find Element By : By.xpath: //div[text()='Kobo']
Found Element By : By.xpath: //div[text()='Kobo']
Trying to find Element By : By.xpath: //label[text()='Account Name']/following-sibling::input[@type='text']
Found Element By : By.xpath: //label[text()='Account Name']/following-sibling::input[@type='text']
Trying to find Element By : By.xpath: //label[text()='E-Mail']/following-sibling::input[@type='text']
Found Element By : By.xpath: //label[text()='E-Mail']/following-sibling::input[@type='text']
Trying to find Element By : By.xpath: //label[text()='Password']/following-sibling::input[@type='password']
Found Element By : By.xpath: //label[text()='Password']/following-sibling::input[@type='password']
06-09-2020 09:50:26 AdminUserStepDefinition.java INFO  [TestNG-tests-1] stepDefinitions.AdminUserStepDefinition 425 - Store test data in temp variable
06-09-2020 09:50:26 AdminUserStepDefinition.java INFO  [TestNG-tests-1] stepDefinitions.AdminUserStepDefinition 431 - Fill the fields in create user pageKobo
06-09-2020 09:50:27 AdminUserStepDefinition.java INFO  [TestNG-tests-1] stepDefinitions.AdminUserStepDefinition 437 - Click on Save and assert user created successfully
Trying to find Element By : By.xpath: //span/form/div[3]/button/span
Found Element By : By.xpath: //span/form/div[3]/button/span
Trying to find Element By : By.xpath: //span/form/div[3]/button/span
Found Element By : By.xpath: //span/form/div[3]/button/span
Trying to click on: [[ChromeDriver: chrome on MAC (e4b93f22d80527d3009c47c4d9eeb789)] -> xpath: //span/form/div[3]/button/span]
Clicked on: [[ChromeDriver: chrome on MAC (e4b93f22d80527d3009c47c4d9eeb789)] -> xpath: //span/form/div[3]/button/span]
Trying to find Element By : By.xpath: //span/form/div[3]/button/span
Found Element By : By.xpath: //span/form/div[3]/button/span
Trying to find Element By : By.xpath: //span/form/div[3]/button/span
Found Element By : By.xpath: //span/form/div[3]/button/span
Trying to find Element By : By.xpath: //span/form/div[3]/button/span
Found Element By : By.xpath: //span/form/div[3]/button/span
Trying to find Element By : By.xpath: //span/form/div[3]/button/span
Found Element By : By.xpath: //span/form/div[3]/button/span
Trying to find Element By : By.xpath: //span/form/div[3]/button/span
Found Element By : By.xpath: //span/form/div[3]/button/span
Trying to find Element By : By.xpath: //span/form/div[3]/button/span
Found Element By : By.xpath: //span/form/div[3]/button/span
Trying to find Element By : By.xpath: //span/form/div[3]/button/span
Found Element By : By.xpath: //span/form/div[3]/button/span
Trying to find Element By : By.xpath: //span/form/div[3]/button/span
Found Element By : By.xpath: //span/form/div[3]/button/span
06-09-2020 09:50:30 AdminUserStepDefinition.java INFO  [TestNG-tests-1] stepDefinitions.AdminUserStepDefinition 439 - Create seat page has been closed 
Trying to find Element By : By.xpath: //aside/header/div/button/span/i
Found Element By : By.xpath: //aside/header/div/button/span/i
Trying to click on: [[ChromeDriver: chrome on MAC (e4b93f22d80527d3009c47c4d9eeb789)] -> xpath: //aside/header/div/button/span/i]
Clicked on: [[ChromeDriver: chrome on MAC (e4b93f22d80527d3009c47c4d9eeb789)] -> xpath: //aside/header/div/button/span/i]
Trying to find Element By : By.xpath: //h1[text()='User Accounts']
Found Element By : By.xpath: //h1[text()='User Accounts']
Trying to find Element By : By.xpath: //span[text()='Active']
Found Element By : By.xpath: //span[text()='Active']
Trying to find Element By : By.xpath: //h1[text()='User Accounts']
Found Element By : By.xpath: //h1[text()='User Accounts']
Trying to find Element By : By.all({By.xpath: //table/tbody/tr})
Found Element By : By.all({By.xpath: //table/tbody/tr})
Trying to find Element By : By.all({By.xpath: //table/tbody/tr[1]/td})
Found Element By : By.all({By.xpath: //table/tbody/tr[1]/td})
Trying to find Element By : By.xpath: //button[@type='button' and @aria-label='Next page']
Found Element By : By.xpath: //button[@type='button' and @aria-label='Next page']
Trying to find Element By : By.xpath: //table/tbody/tr[1]/td[3]
Found Element By : By.xpath: //table/tbody/tr[1]/td[3]
Trying to find Element By : By.xpath: //table/tbody/tr[1]/td[1]
Found Element By : By.xpath: //table/tbody/tr[1]/td[1]
Trying to click on: [[ChromeDriver: chrome on MAC (e4b93f22d80527d3009c47c4d9eeb789)] -> xpath: //table/tbody/tr[1]/td[1]]
Clicked on: [[ChromeDriver: chrome on MAC (e4b93f22d80527d3009c47c4d9eeb789)] -> xpath: //table/tbody/tr[1]/td[1]]
Column value :TestAccountkool3
Trying to find Element By : By.xpath: //table/tbody/tr[1]/td[2]
Found Element By : By.xpath: //table/tbody/tr[1]/td[2]
Column ID :106
Trying to find Element By : By.xpath: //table/tbody/tr[1]/td[2]
Found Element By : By.xpath: //table/tbody/tr[1]/td[2]
Trying to find Element By : By.all({By.xpath: //table/tbody/tr})
Found Element By : By.all({By.xpath: //table/tbody/tr})
Trying to find Element By : By.all({By.xpath: //table/tbody/tr[1]/td})
Found Element By : By.all({By.xpath: //table/tbody/tr[1]/td})
Trying to find Element By : By.xpath: //button[@type='button' and @aria-label='Next page']
Found Element By : By.xpath: //button[@type='button' and @aria-label='Next page']
Trying to find Element By : By.xpath: //table/tbody/tr[1]/td[3]
Found Element By : By.xpath: //table/tbody/tr[1]/td[3]
Trying to find Element By : By.xpath: //table/tbody/tr[1]/td[1]
Found Element By : By.xpath: //table/tbody/tr[1]/td[1]
Trying to click on: [[ChromeDriver: chrome on MAC (e4b93f22d80527d3009c47c4d9eeb789)] -> xpath: //table/tbody/tr[1]/td[1]]
Clicked on: [[ChromeDriver: chrome on MAC (e4b93f22d80527d3009c47c4d9eeb789)] -> xpath: //table/tbody/tr[1]/td[1]]
Column value :TestAccountkool3
Trying to find Element By : By.xpath: //table/tbody/tr[1]/td[2]
Found Element By : By.xpath: //table/tbody/tr[1]/td[2]
Column ID :106
Trying to find Element By : By.xpath: //table/tbody/tr[1]/td[2]
Found Element By : By.xpath: //table/tbody/tr[1]/td[2]
06-09-2020 09:50:31 AdminUserStepDefinition.java INFO  [TestNG-tests-1] stepDefinitions.AdminUserStepDefinition 357 - Click on created user check box in the table :106
06-09-2020 09:50:31 AdminUserStepDefinition.java INFO  [TestNG-tests-1] stepDefinitions.AdminUserStepDefinition 358 - Click on edit
Trying to find Element By : By.xpath: //h1[text()='User Accounts']
Found Element By : By.xpath: //h1[text()='User Accounts']
Trying to find Element By : By.xpath: //header/div/div[1]/button[1]
Found Element By : By.xpath: //header/div/div[1]/button[1]
Trying to click on: [[ChromeDriver: chrome on MAC (e4b93f22d80527d3009c47c4d9eeb789)] -> xpath: //header/div/div[1]/button[1]]
Clicked on: [[ChromeDriver: chrome on MAC (e4b93f22d80527d3009c47c4d9eeb789)] -> xpath: //header/div/div[1]/button[1]]
06-09-2020 09:50:31 AdminUserStepDefinition.java INFO  [TestNG-tests-1] stepDefinitions.AdminUserStepDefinition 361 - Fetch the data from create user page and put it in array list
Trying to find Element By : By.xpath: //span/form/div[3]/button/span
Found Element By : By.xpath: //span/form/div[3]/button/span
Trying to find Element By : By.xpath: //span/form/div[3]/button/span
Found Element By : By.xpath: //span/form/div[3]/button/span
Trying to find Element By : By.xpath: //span/form/div[3]/button/span
Found Element By : By.xpath: //span/form/div[3]/button/span
Trying to find Element By : By.xpath: //form//input[@type='radio' and @value='1']
Found Element By : By.xpath: //form//input[@type='radio' and @value='1']
Trying to find Element By : By.xpath: //span/form/div[3]/button/span
Found Element By : By.xpath: //span/form/div[3]/button/span
Trying to find Element By : By.xpath: //form//input[@type='radio' and @value='0']
Found Element By : By.xpath: //form//input[@type='radio' and @value='0']
Trying to find Element By : By.xpath: //div[text()='Kobo']
Found Element By : By.xpath: //div[text()='Kobo']
Entered Publisher Kobo
Trying to find Element By : By.xpath: //div[text()='Kobo']
Found Element By : By.xpath: //div[text()='Kobo']
Trying to find Element By : By.xpath: //label[text()='Account Name']/following-sibling::input[@type='text']
Found Element By : By.xpath: //label[text()='Account Name']/following-sibling::input[@type='text']
Trying to find Element By : By.xpath: //label[text()='E-Mail']/following-sibling::input[@type='text']
Found Element By : By.xpath: //label[text()='E-Mail']/following-sibling::input[@type='text']
Trying to find Element By : By.xpath: //label[text()='Password']/following-sibling::input[@type='password']
Found Element By : By.xpath: //label[text()='Password']/following-sibling::input[@type='password']
06-09-2020 09:50:32 AdminUserStepDefinition.java INFO  [TestNG-tests-1] stepDefinitions.AdminUserStepDefinition 363 - Publihser name asserted in create User page :4Kobo
06-09-2020 09:50:32 AdminUserStepDefinition.java INFO  [TestNG-tests-1] stepDefinitions.AdminUserStepDefinition 365 - Account name asserted in create User page :TestAccountkool3
06-09-2020 09:50:32 AdminUserStepDefinition.java INFO  [TestNG-tests-1] stepDefinitions.AdminUserStepDefinition 367 - Email asserted in create user page :o5tbppcuwu@testqar.com
06-09-2020 09:50:32 AdminUserStepDefinition.java INFO  [TestNG-tests-1] stepDefinitions.AdminUserStepDefinition 369 - Password asserted in create user page :
06-09-2020 09:50:32 AdminUserStepDefinition.java INFO  [TestNG-tests-1] stepDefinitions.AdminUserStepDefinition 371 - Create usage page has been closed 
Trying to find Element By : By.xpath: //aside/header/div/button/span/i
Found Element By : By.xpath: //aside/header/div/button/span/i
Trying to click on: [[ChromeDriver: chrome on MAC (e4b93f22d80527d3009c47c4d9eeb789)] -> xpath: //aside/header/div/button/span/i]
Clicked on: [[ChromeDriver: chrome on MAC (e4b93f22d80527d3009c47c4d9eeb789)] -> xpath: //aside/header/div/button/span/i]
Trying to find Element By : By.xpath: //h1[text()='User Accounts']
Found Element By : By.xpath: //h1[text()='User Accounts']
Trying to find Element By : By.xpath: //span[text()='Active']
Found Element By : By.xpath: //span[text()='Active']
06-09-2020 09:50:33 AdminUserStepDefinition.java INFO  [TestNG-tests-1] stepDefinitions.AdminUserStepDefinition 373 - Click on active tab
06-09-2020 09:50:33 AdminUserStepDefinition.java INFO  [TestNG-tests-1] stepDefinitions.AdminUserStepDefinition 139 - Putting rowdata into arraylist 
Trying to find Element By : By.xpath: //h1[text()='User Accounts']
Found Element By : By.xpath: //h1[text()='User Accounts']
Trying to find Element By : By.all({By.xpath: //table/tbody/tr})
Found Element By : By.all({By.xpath: //table/tbody/tr})
Trying to find Element By : By.all({By.xpath: //table/tbody/tr})
Found Element By : By.all({By.xpath: //table/tbody/tr})
Trying to find Element By : By.all({By.xpath: //table/tbody/tr[1]/td})
Found Element By : By.all({By.xpath: //table/tbody/tr[1]/td})
Trying to find Element By : By.xpath: //button[@type='button' and @aria-label='Next page']
Found Element By : By.xpath: //button[@type='button' and @aria-label='Next page']
Trying to find Element By : By.xpath: //table/tbody/tr[1]/td[2]
Found Element By : By.xpath: //table/tbody/tr[1]/td[2]
Trying to find Element By : By.xpath: //table/tbody/tr[1]/td[2]
Found Element By : By.xpath: //table/tbody/tr[1]/td[2]
Trying to find Element By : By.xpath: //table/tbody/tr[1]/td[3]
Found Element By : By.xpath: //table/tbody/tr[1]/td[3]
Trying to find Element By : By.xpath: //table/tbody/tr[1]/td[4]
Found Element By : By.xpath: //table/tbody/tr[1]/td[4]
Trying to find Element By : By.xpath: //table/tbody/tr[1]/td[5]
Found Element By : By.xpath: //table/tbody/tr[1]/td[5]
06-09-2020 09:50:33 AdminUserStepDefinition.java INFO  [TestNG-tests-1] stepDefinitions.AdminUserStepDefinition 141 - User name asserted in tab :TestAccountkool3
06-09-2020 09:50:33 AdminUserStepDefinition.java INFO  [TestNG-tests-1] stepDefinitions.AdminUserStepDefinition 143 - Email asserted in tab :o5tbppcuwu@testqar.com
06-09-2020 09:50:33 AdminUserStepDefinition.java INFO  [TestNG-tests-1] stepDefinitions.AdminUserStepDefinition 145 - Role asserted in tab :Publisher
Before navigating to: 'http://qa-publisher-portal.rmp.rakuten.com/login'
Navigated to:'http://qa-publisher-portal.rmp.rakuten.com/login'

  Scenario: Verify if user is able to modify Active Admin account into active publisher account from admin login. &amp#27;[90m# RXUsers.feature:33&amp#27;[0m
    &amp#27;[32mGiven &amp#27;[0m&amp#27;[32madmin user login to RX UI with valid username and password&amp#27;[0m                                              &amp#27;[90m# ProfileStepDefinition.admin_user_login_to_RX_UI_with_valid_username_and_password()&amp#27;[0m
    &amp#27;[32mWhen &amp#27;[0m&amp#27;[32mclick on User option under accounts.&amp#27;[0m                                                                     &amp#27;[90m# AdminUserStepDefinition.click_on_User_option_under_accounts()&amp#27;[0m
    &amp#27;[32mThen &amp#27;[0m&amp#27;[32mclick on active tab and select one of the admin user.&amp#27;[0m                                                    &amp#27;[90m# AdminUserStepDefinition.click_on_active_tab_and_select_one_of_the_admin_user()&amp#27;[0m
    &amp#27;[32mThen &amp#27;[0m&amp#27;[32mClick on edit button.&amp#27;[0m                                                                                    &amp#27;[90m# AdminUserStepDefinition.click_on_edit_button()&amp#27;[0m
    &amp#27;[32mThen &amp#27;[0m&amp#27;[32mEdit the Admin user to modify it into Publisher&amp#27;[0m                                                          &amp#27;[90m# AdminUserStepDefinition.edit_the_Admin_user_to_modify_it_into_Publisher()&amp#27;[0m
    &amp#27;[32mThen &amp#27;[0m&amp#27;[32mClick on Save modify admin user&amp#27;[0m                                                                          &amp#27;[90m# AdminUserStepDefinition.click_on_Save_modify_admin_user()&amp#27;[0m
    &amp#27;[32mThen &amp#27;[0m&amp#27;[32massert the edited Publisher user for filled values are displaying in create user page&amp#27;[0m                    &amp#27;[90m# AdminUserStepDefinition.assert_the_edited_Publisher_user_for_filled_values_are_displaying_in_create_user_page()&amp#27;[0m
    &amp#27;[32mThen &amp#27;[0m&amp#27;[32massert the new user details in user page table view.&amp#27;[0m                                                     &amp#27;[90m# AdminUserStepDefinition.assert_the_new_user_details_in_user_page_table_view()&amp#27;[0m
Trying to find Element By : By.xpath: //input[@autofocus="autofocus"]
Found Element By : By.xpath: //input[@autofocus="autofocus"]
Value of the:[[ChromeDriver: chrome on MAC (80d4ab5af5498da3a8aa0f18ab69fc52)] -> xpath: //input[@autofocus="autofocus"]] before any changes made
Element value changed to: [[ChromeDriver: chrome on MAC (80d4ab5af5498da3a8aa0f18ab69fc52)] -> xpath: //input[@autofocus="autofocus"]]
Trying to find Element By : By.xpath: //input[@type="password"]
Found Element By : By.xpath: //input[@type="password"]
Value of the:[[ChromeDriver: chrome on MAC (80d4ab5af5498da3a8aa0f18ab69fc52)] -> xpath: //input[@type="password"]] before any changes made
Element value changed to: [[ChromeDriver: chrome on MAC (80d4ab5af5498da3a8aa0f18ab69fc52)] -> xpath: //input[@type="password"]]
Trying to find Element By : By.xpath: //span[text()='Login']
Found Element By : By.xpath: //span[text()='Login']
Trying to click on: [[ChromeDriver: chrome on MAC (80d4ab5af5498da3a8aa0f18ab69fc52)] -> xpath: //span[text()='Login']]
Clicked on: [[ChromeDriver: chrome on MAC (80d4ab5af5498da3a8aa0f18ab69fc52)] -> xpath: //span[text()='Login']]
Trying to find Element By : By.xpath: //div[@class="logo"]
Found Element By : By.xpath: //div[@class="logo"]
06-09-2020 09:50:46 AdminUserStepDefinition.java INFO  [TestNG-tests-1] stepDefinitions.AdminUserStepDefinition 44 - Clicked on Users option under Account
Trying to find Element By : By.xpath: //div[text()='Users']
Found Element By : By.xpath: //div[text()='Users']
Trying to find Element By : By.xpath: //div[text()='Users']
Found Element By : By.xpath: //div[text()='Users']
Trying to click on: [[ChromeDriver: chrome on MAC (80d4ab5af5498da3a8aa0f18ab69fc52)] -> xpath: //div[text()='Users']]
Clicked on: [[ChromeDriver: chrome on MAC (80d4ab5af5498da3a8aa0f18ab69fc52)] -> xpath: //div[text()='Users']]
06-09-2020 09:50:46 AdminUserStepDefinition.java INFO  [TestNG-tests-1] stepDefinitions.AdminUserStepDefinition 249 - Click on active tab
Trying to find Element By : By.xpath: //h1[text()='User Accounts']
Found Element By : By.xpath: //h1[text()='User Accounts']
Trying to find Element By : By.xpath: //span[text()='Active']
Found Element By : By.xpath: //span[text()='Active']
Trying to find Element By : By.xpath: //span[text()='Active']
Found Element By : By.xpath: //span[text()='Active']
Trying to click on: [[ChromeDriver: chrome on MAC (80d4ab5af5498da3a8aa0f18ab69fc52)] -> xpath: //span[text()='Active']]
Clicked on: [[ChromeDriver: chrome on MAC (80d4ab5af5498da3a8aa0f18ab69fc52)] -> xpath: //span[text()='Active']]
06-09-2020 09:50:48 AdminUserStepDefinition.java INFO  [TestNG-tests-1] stepDefinitions.AdminUserStepDefinition 252 - Looking for a Publisher role
Trying to find Element By : By.all({By.xpath: //table/tbody/tr})
Found Element By : By.all({By.xpath: //table/tbody/tr})
Trying to find Element By : By.all({By.xpath: //table/tbody/tr[1]/td})
Found Element By : By.all({By.xpath: //table/tbody/tr[1]/td})
Trying to find Element By : By.xpath: //button[@type='button' and @aria-label='Next page']
Found Element By : By.xpath: //button[@type='button' and @aria-label='Next page']
Trying to find Element By : By.xpath: //table/tbody/tr[1]/td[2]
Found Element By : By.xpath: //table/tbody/tr[1]/td[2]
Trying to find Element By : By.xpath: //table/tbody/tr[1]/td[1]
Found Element By : By.xpath: //table/tbody/tr[1]/td[1]
Trying to click on: [[ChromeDriver: chrome on MAC (80d4ab5af5498da3a8aa0f18ab69fc52)] -> xpath: //table/tbody/tr[1]/td[1]]
Clicked on: [[ChromeDriver: chrome on MAC (80d4ab5af5498da3a8aa0f18ab69fc52)] -> xpath: //table/tbody/tr[1]/td[1]]
Trying to find Element By : By.xpath: //table/tbody/tr[1]/td[2]
Found Element By : By.xpath: //table/tbody/tr[1]/td[2]
06-09-2020 09:50:48 AdminUserStepDefinition.java INFO  [TestNG-tests-1] stepDefinitions.AdminUserStepDefinition 257 - Putting rowdata into arraylist 
Trying to find Element By : By.xpath: //h1[text()='User Accounts']
Found Element By : By.xpath: //h1[text()='User Accounts']
Trying to find Element By : By.all({By.xpath: //table/tbody/tr})
Found Element By : By.all({By.xpath: //table/tbody/tr})
Trying to find Element By : By.all({By.xpath: //table/tbody/tr})
Found Element By : By.all({By.xpath: //table/tbody/tr})
Trying to find Element By : By.all({By.xpath: //table/tbody/tr[1]/td})
Found Element By : By.all({By.xpath: //table/tbody/tr[1]/td})
Trying to find Element By : By.xpath: //button[@type='button' and @aria-label='Next page']
Found Element By : By.xpath: //button[@type='button' and @aria-label='Next page']
Trying to find Element By : By.xpath: //table/tbody/tr[1]/td[2]
Found Element By : By.xpath: //table/tbody/tr[1]/td[2]
Trying to find Element By : By.xpath: //table/tbody/tr[1]/td[2]
Found Element By : By.xpath: //table/tbody/tr[1]/td[2]
Trying to find Element By : By.xpath: //table/tbody/tr[1]/td[3]
Found Element By : By.xpath: //table/tbody/tr[1]/td[3]
Trying to find Element By : By.xpath: //table/tbody/tr[1]/td[4]
Found Element By : By.xpath: //table/tbody/tr[1]/td[4]
Trying to find Element By : By.xpath: //table/tbody/tr[1]/td[5]
Found Element By : By.xpath: //table/tbody/tr[1]/td[5]
06-09-2020 09:50:48 AdminUserStepDefinition.java INFO  [TestNG-tests-1] stepDefinitions.AdminUserStepDefinition 262 - User name asserted in tab when selected for modify :TestAccountkool3
06-09-2020 09:50:48 AdminUserStepDefinition.java INFO  [TestNG-tests-1] stepDefinitions.AdminUserStepDefinition 263 - Email asserted in tab when selected for modify :o5tbppcuwu@testqar.com
06-09-2020 09:50:48 AdminUserStepDefinition.java INFO  [TestNG-tests-1] stepDefinitions.AdminUserStepDefinition 264 - Role asserted in tab when selected for modify :Publisher
06-09-2020 09:50:48 AdminUserStepDefinition.java INFO  [TestNG-tests-1] stepDefinitions.AdminUserStepDefinition 321 - Clicked on edit user button
Trying to find Element By : By.xpath: //h1[text()='User Accounts']
Found Element By : By.xpath: //h1[text()='User Accounts']
Trying to find Element By : By.xpath: //header/div/div[1]/button[1]
Found Element By : By.xpath: //header/div/div[1]/button[1]
Trying to click on: [[ChromeDriver: chrome on MAC (80d4ab5af5498da3a8aa0f18ab69fc52)] -> xpath: //header/div/div[1]/button[1]]
Clicked on: [[ChromeDriver: chrome on MAC (80d4ab5af5498da3a8aa0f18ab69fc52)] -> xpath: //header/div/div[1]/button[1]]
06-09-2020 09:50:48 AdminUserStepDefinition.java INFO  [TestNG-tests-1] stepDefinitions.AdminUserStepDefinition 451 - Fetch the test data from
Trying to find Element By : By.xpath: //span/form/div[3]/button/span
Found Element By : By.xpath: //span/form/div[3]/button/span
Trying to find Element By : By.xpath: //span/form/div[3]/button/span
Found Element By : By.xpath: //span/form/div[3]/button/span
Trying to find Element By : By.xpath: //form/div[2]/div/div/div[1]/div/div[1]/div/div
Found Element By : By.xpath: //form/div[2]/div/div/div[1]/div/div[1]/div/div
Trying to click on: [[ChromeDriver: chrome on MAC (80d4ab5af5498da3a8aa0f18ab69fc52)] -> xpath: //form/div[2]/div/div/div[1]/div/div[1]/div/div]
Clicked on: [[ChromeDriver: chrome on MAC (80d4ab5af5498da3a8aa0f18ab69fc52)] -> xpath: //form/div[2]/div/div/div[1]/div/div[1]/div/div]
Trying to find Element By : By.xpath: //span/form/div[3]/button/span
Found Element By : By.xpath: //span/form/div[3]/button/span
Trying to find Element By : By.xpath: //span/form/div[3]/button/span
Found Element By : By.xpath: //span/form/div[3]/button/span
Trying to find Element By : By.xpath: //form//input[@type='radio' and @value='1']
Found Element By : By.xpath: //form//input[@type='radio' and @value='1']
Trying to find Element By : By.xpath: //label[text()='Account Name']/following-sibling::input[@type='text']
Found Element By : By.xpath: //label[text()='Account Name']/following-sibling::input[@type='text']
Trying to find Element By : By.xpath: //label[text()='E-Mail']/following-sibling::input[@type='text']
Found Element By : By.xpath: //label[text()='E-Mail']/following-sibling::input[@type='text']
Trying to find Element By : By.xpath: //label[text()='Password']/following-sibling::input[@type='password']
Found Element By : By.xpath: //label[text()='Password']/following-sibling::input[@type='password']
06-09-2020 09:50:50 AdminUserStepDefinition.java INFO  [TestNG-tests-1] stepDefinitions.AdminUserStepDefinition 455 - Store test data in temp variable
06-09-2020 09:50:50 AdminUserStepDefinition.java INFO  [TestNG-tests-1] stepDefinitions.AdminUserStepDefinition 460 - Fill the fields in create user pageKobo
06-09-2020 09:50:51 AdminUserStepDefinition.java INFO  [TestNG-tests-1] stepDefinitions.AdminUserStepDefinition 465 - Click on Save and assert user created successfully
Trying to find Element By : By.xpath: //span/form/div[3]/button/span
Found Element By : By.xpath: //span/form/div[3]/button/span
Trying to find Element By : By.xpath: //span/form/div[3]/button/span
Found Element By : By.xpath: //span/form/div[3]/button/span
Trying to click on: [[ChromeDriver: chrome on MAC (80d4ab5af5498da3a8aa0f18ab69fc52)] -> xpath: //span/form/div[3]/button/span]
Clicked on: [[ChromeDriver: chrome on MAC (80d4ab5af5498da3a8aa0f18ab69fc52)] -> xpath: //span/form/div[3]/button/span]
Trying to find Element By : By.xpath: //span/form/div[3]/button/span
Found Element By : By.xpath: //span/form/div[3]/button/span
Trying to find Element By : By.xpath: //span/form/div[3]/button/span
Found Element By : By.xpath: //span/form/div[3]/button/span
Trying to find Element By : By.xpath: //span/form/div[3]/button/span
Found Element By : By.xpath: //span/form/div[3]/button/span
Trying to find Element By : By.xpath: //span/form/div[3]/button/span
Found Element By : By.xpath: //span/form/div[3]/button/span
Trying to find Element By : By.xpath: //span/form/div[3]/button/span
Found Element By : By.xpath: //span/form/div[3]/button/span
Trying to find Element By : By.xpath: //span/form/div[3]/button/span
Found Element By : By.xpath: //span/form/div[3]/button/span
Trying to find Element By : By.xpath: //span/form/div[3]/button/span
Found Element By : By.xpath: //span/form/div[3]/button/span
06-09-2020 09:50:54 AdminUserStepDefinition.java INFO  [TestNG-tests-1] stepDefinitions.AdminUserStepDefinition 467 - Create seat page has been closed 
Trying to find Element By : By.xpath: //aside/header/div/button/span/i
Found Element By : By.xpath: //aside/header/div/button/span/i
Trying to click on: [[ChromeDriver: chrome on MAC (80d4ab5af5498da3a8aa0f18ab69fc52)] -> xpath: //aside/header/div/button/span/i]
Clicked on: [[ChromeDriver: chrome on MAC (80d4ab5af5498da3a8aa0f18ab69fc52)] -> xpath: //aside/header/div/button/span/i]
Trying to find Element By : By.xpath: //h1[text()='User Accounts']
Found Element By : By.xpath: //h1[text()='User Accounts']
Trying to find Element By : By.xpath: //span[text()='Active']
Found Element By : By.xpath: //span[text()='Active']
Trying to find Element By : By.xpath: //h1[text()='User Accounts']
Found Element By : By.xpath: //h1[text()='User Accounts']
Trying to find Element By : By.all({By.xpath: //table/tbody/tr})
Found Element By : By.all({By.xpath: //table/tbody/tr})
Trying to find Element By : By.all({By.xpath: //table/tbody/tr[1]/td})
Found Element By : By.all({By.xpath: //table/tbody/tr[1]/td})
Trying to find Element By : By.xpath: //button[@type='button' and @aria-label='Next page']
Found Element By : By.xpath: //button[@type='button' and @aria-label='Next page']
Trying to find Element By : By.xpath: //table/tbody/tr[1]/td[3]
Found Element By : By.xpath: //table/tbody/tr[1]/td[3]
Trying to find Element By : By.xpath: //table/tbody/tr[1]/td[1]
Found Element By : By.xpath: //table/tbody/tr[1]/td[1]
Trying to click on: [[ChromeDriver: chrome on MAC (80d4ab5af5498da3a8aa0f18ab69fc52)] -> xpath: //table/tbody/tr[1]/td[1]]
Clicked on: [[ChromeDriver: chrome on MAC (80d4ab5af5498da3a8aa0f18ab69fc52)] -> xpath: //table/tbody/tr[1]/td[1]]
Column value :TestAccountkool3
Trying to find Element By : By.xpath: //table/tbody/tr[1]/td[2]
Found Element By : By.xpath: //table/tbody/tr[1]/td[2]
Column ID :106
Trying to find Element By : By.xpath: //table/tbody/tr[1]/td[2]
Found Element By : By.xpath: //table/tbody/tr[1]/td[2]
Trying to find Element By : By.all({By.xpath: //table/tbody/tr})
Found Element By : By.all({By.xpath: //table/tbody/tr})
Trying to find Element By : By.all({By.xpath: //table/tbody/tr[1]/td})
Found Element By : By.all({By.xpath: //table/tbody/tr[1]/td})
Trying to find Element By : By.xpath: //button[@type='button' and @aria-label='Next page']
Found Element By : By.xpath: //button[@type='button' and @aria-label='Next page']
Trying to find Element By : By.xpath: //table/tbody/tr[1]/td[3]
Found Element By : By.xpath: //table/tbody/tr[1]/td[3]
Trying to find Element By : By.xpath: //table/tbody/tr[1]/td[1]
Found Element By : By.xpath: //table/tbody/tr[1]/td[1]
Trying to click on: [[ChromeDriver: chrome on MAC (80d4ab5af5498da3a8aa0f18ab69fc52)] -> xpath: //table/tbody/tr[1]/td[1]]
Clicked on: [[ChromeDriver: chrome on MAC (80d4ab5af5498da3a8aa0f18ab69fc52)] -> xpath: //table/tbody/tr[1]/td[1]]
Column value :TestAccountkool3
Trying to find Element By : By.xpath: //table/tbody/tr[1]/td[2]
Found Element By : By.xpath: //table/tbody/tr[1]/td[2]
Column ID :106
Trying to find Element By : By.xpath: //table/tbody/tr[1]/td[2]
Found Element By : By.xpath: //table/tbody/tr[1]/td[2]
06-09-2020 09:50:55 AdminUserStepDefinition.java INFO  [TestNG-tests-1] stepDefinitions.AdminUserStepDefinition 399 - Click on edit
Trying to find Element By : By.xpath: //h1[text()='User Accounts']
Found Element By : By.xpath: //h1[text()='User Accounts']
Trying to find Element By : By.xpath: //header/div/div[1]/button[1]
Found Element By : By.xpath: //header/div/div[1]/button[1]
Trying to click on: [[ChromeDriver: chrome on MAC (80d4ab5af5498da3a8aa0f18ab69fc52)] -> xpath: //header/div/div[1]/button[1]]
Clicked on: [[ChromeDriver: chrome on MAC (80d4ab5af5498da3a8aa0f18ab69fc52)] -> xpath: //header/div/div[1]/button[1]]
06-09-2020 09:50:55 AdminUserStepDefinition.java INFO  [TestNG-tests-1] stepDefinitions.AdminUserStepDefinition 402 - Fetch the data from create user page and put it in array list
Trying to find Element By : By.xpath: //span/form/div[3]/button/span
Found Element By : By.xpath: //span/form/div[3]/button/span
Trying to find Element By : By.xpath: //span/form/div[3]/button/span
Found Element By : By.xpath: //span/form/div[3]/button/span
Trying to find Element By : By.xpath: //span/form/div[3]/button/span
Found Element By : By.xpath: //span/form/div[3]/button/span
Trying to find Element By : By.xpath: //form//input[@type='radio' and @value='1']
Found Element By : By.xpath: //form//input[@type='radio' and @value='1']
Trying to find Element By : By.xpath: //label[text()='Account Name']/following-sibling::input[@type='text']
Found Element By : By.xpath: //label[text()='Account Name']/following-sibling::input[@type='text']
Trying to find Element By : By.xpath: //label[text()='E-Mail']/following-sibling::input[@type='text']
Found Element By : By.xpath: //label[text()='E-Mail']/following-sibling::input[@type='text']
Trying to find Element By : By.xpath: //label[text()='Password']/following-sibling::input[@type='password']
Found Element By : By.xpath: //label[text()='Password']/following-sibling::input[@type='password']
06-09-2020 09:50:56 AdminUserStepDefinition.java INFO  [TestNG-tests-1] stepDefinitions.AdminUserStepDefinition 404 - Account name asserted in create User page :TestAccountkool3
06-09-2020 09:50:56 AdminUserStepDefinition.java INFO  [TestNG-tests-1] stepDefinitions.AdminUserStepDefinition 406 - Email asserted in create user page :o5tbppcuwu@testqar.com
06-09-2020 09:50:56 AdminUserStepDefinition.java INFO  [TestNG-tests-1] stepDefinitions.AdminUserStepDefinition 408 - Password asserted in create user page :
06-09-2020 09:50:56 AdminUserStepDefinition.java INFO  [TestNG-tests-1] stepDefinitions.AdminUserStepDefinition 410 - Create usage page has been closed 
Trying to find Element By : By.xpath: //aside/header/div/button/span/i
Found Element By : By.xpath: //aside/header/div/button/span/i
Trying to click on: [[ChromeDriver: chrome on MAC (80d4ab5af5498da3a8aa0f18ab69fc52)] -> xpath: //aside/header/div/button/span/i]
Clicked on: [[ChromeDriver: chrome on MAC (80d4ab5af5498da3a8aa0f18ab69fc52)] -> xpath: //aside/header/div/button/span/i]
Trying to find Element By : By.xpath: //h1[text()='User Accounts']
Found Element By : By.xpath: //h1[text()='User Accounts']
Trying to find Element By : By.xpath: //span[text()='Active']
Found Element By : By.xpath: //span[text()='Active']
06-09-2020 09:50:56 AdminUserStepDefinition.java INFO  [TestNG-tests-1] stepDefinitions.AdminUserStepDefinition 412 - Click on active tab
06-09-2020 09:50:56 AdminUserStepDefinition.java INFO  [TestNG-tests-1] stepDefinitions.AdminUserStepDefinition 139 - Putting rowdata into arraylist 
Trying to find Element By : By.xpath: //h1[text()='User Accounts']
Found Element By : By.xpath: //h1[text()='User Accounts']
Trying to find Element By : By.all({By.xpath: //table/tbody/tr})
Found Element By : By.all({By.xpath: //table/tbody/tr})
Trying to find Element By : By.all({By.xpath: //table/tbody/tr})
Found Element By : By.all({By.xpath: //table/tbody/tr})
Trying to find Element By : By.all({By.xpath: //table/tbody/tr[1]/td})
Found Element By : By.all({By.xpath: //table/tbody/tr[1]/td})
Trying to find Element By : By.xpath: //button[@type='button' and @aria-label='Next page']
Found Element By : By.xpath: //button[@type='button' and @aria-label='Next page']
Trying to find Element By : By.xpath: //table/tbody/tr[1]/td[2]
Found Element By : By.xpath: //table/tbody/tr[1]/td[2]
Trying to find Element By : By.xpath: //table/tbody/tr[1]/td[2]
Found Element By : By.xpath: //table/tbody/tr[1]/td[2]
Trying to find Element By : By.xpath: //table/tbody/tr[1]/td[3]
Found Element By : By.xpath: //table/tbody/tr[1]/td[3]
Trying to find Element By : By.xpath: //table/tbody/tr[1]/td[4]
Found Element By : By.xpath: //table/tbody/tr[1]/td[4]
Trying to find Element By : By.xpath: //table/tbody/tr[1]/td[5]
Found Element By : By.xpath: //table/tbody/tr[1]/td[5]
06-09-2020 09:50:56 AdminUserStepDefinition.java INFO  [TestNG-tests-1] stepDefinitions.AdminUserStepDefinition 141 - User name asserted in tab :TestAccountkool3
06-09-2020 09:50:56 AdminUserStepDefinition.java INFO  [TestNG-tests-1] stepDefinitions.AdminUserStepDefinition 143 - Email asserted in tab :o5tbppcuwu@testqar.com
06-09-2020 09:50:56 AdminUserStepDefinition.java INFO  [TestNG-tests-1] stepDefinitions.AdminUserStepDefinition 145 - Role asserted in tab :Admin
Before navigating to: 'http://qa-publisher-portal.rmp.rakuten.com/login'
Navigated to:'http://qa-publisher-portal.rmp.rakuten.com/login'

  Scenario: Verify if user is able to modify Active Publisher account into active Admin account from admin login. &amp#27;[90m# RXUsers.feature:43&amp#27;[0m
    &amp#27;[32mGiven &amp#27;[0m&amp#27;[32madmin user login to RX UI with valid username and password&amp#27;[0m                                              &amp#27;[90m# ProfileStepDefinition.admin_user_login_to_RX_UI_with_valid_username_and_password()&amp#27;[0m
    &amp#27;[32mWhen &amp#27;[0m&amp#27;[32mclick on User option under accounts.&amp#27;[0m                                                                     &amp#27;[90m# AdminUserStepDefinition.click_on_User_option_under_accounts()&amp#27;[0m
    &amp#27;[32mThen &amp#27;[0m&amp#27;[32mclick on active tab and select one of the Publisher user.&amp#27;[0m                                                &amp#27;[90m# AdminUserStepDefinition.click_on_active_tab_and_select_one_of_the_Publisher_user()&amp#27;[0m
    &amp#27;[32mThen &amp#27;[0m&amp#27;[32mClick on edit button.&amp#27;[0m                                                                                    &amp#27;[90m# AdminUserStepDefinition.click_on_edit_button()&amp#27;[0m
    &amp#27;[32mThen &amp#27;[0m&amp#27;[32mEdit the Publisher user to modify it into Admin&amp#27;[0m                                                          &amp#27;[90m# AdminUserStepDefinition.edit_the_Publisher_user_to_modify_it_into_Admin()&amp#27;[0m
    &amp#27;[32mThen &amp#27;[0m&amp#27;[32mClick on Save modify Publisher user&amp#27;[0m                                                                      &amp#27;[90m# AdminUserStepDefinition.click_on_Save_modify_Publisher_user()&amp#27;[0m
    &amp#27;[32mThen &amp#27;[0m&amp#27;[32massert the edited Admin user for filled values are displaying in create user page&amp#27;[0m                        &amp#27;[90m# AdminUserStepDefinition.assert_the_edited_Admin_user_for_filled_values_are_displaying_in_create_user_page()&amp#27;[0m
    &amp#27;[32mThen &amp#27;[0m&amp#27;[32massert the new user details in user page table view.&amp#27;[0m                                                     &amp#27;[90m# AdminUserStepDefinition.assert_the_new_user_details_in_user_page_table_view()&amp#27;[0m
Trying to find Element By : By.xpath: //input[@autofocus="autofocus"]
Found Element By : By.xpath: //input[@autofocus="autofocus"]
Value of the:[[ChromeDriver: chrome on MAC (eb351a654be8839d764a4c8feeb517df)] -> xpath: //input[@autofocus="autofocus"]] before any changes made
Element value changed to: [[ChromeDriver: chrome on MAC (eb351a654be8839d764a4c8feeb517df)] -> xpath: //input[@autofocus="autofocus"]]
Trying to find Element By : By.xpath: //input[@type="password"]
Found Element By : By.xpath: //input[@type="password"]
Value of the:[[ChromeDriver: chrome on MAC (eb351a654be8839d764a4c8feeb517df)] -> xpath: //input[@type="password"]] before any changes made
Element value changed to: [[ChromeDriver: chrome on MAC (eb351a654be8839d764a4c8feeb517df)] -> xpath: //input[@type="password"]]
Trying to find Element By : By.xpath: //span[text()='Login']
Found Element By : By.xpath: //span[text()='Login']
Trying to click on: [[ChromeDriver: chrome on MAC (eb351a654be8839d764a4c8feeb517df)] -> xpath: //span[text()='Login']]
Clicked on: [[ChromeDriver: chrome on MAC (eb351a654be8839d764a4c8feeb517df)] -> xpath: //span[text()='Login']]
Trying to find Element By : By.xpath: //div[@class="logo"]
Found Element By : By.xpath: //div[@class="logo"]
06-09-2020 09:51:08 AdminUserStepDefinition.java INFO  [TestNG-tests-1] stepDefinitions.AdminUserStepDefinition 44 - Clicked on Users option under Account
Trying to find Element By : By.xpath: //div[text()='Users']
Found Element By : By.xpath: //div[text()='Users']
Trying to find Element By : By.xpath: //div[text()='Users']
Found Element By : By.xpath: //div[text()='Users']
Trying to click on: [[ChromeDriver: chrome on MAC (eb351a654be8839d764a4c8feeb517df)] -> xpath: //div[text()='Users']]
Clicked on: [[ChromeDriver: chrome on MAC (eb351a654be8839d764a4c8feeb517df)] -> xpath: //div[text()='Users']]
06-09-2020 09:51:08 AdminUserStepDefinition.java INFO  [TestNG-tests-1] stepDefinitions.AdminUserStepDefinition 219 - Click on active tab
Trying to find Element By : By.xpath: //h1[text()='User Accounts']
Found Element By : By.xpath: //h1[text()='User Accounts']
Trying to find Element By : By.xpath: //span[text()='Active']
Found Element By : By.xpath: //span[text()='Active']
Trying to find Element By : By.xpath: //span[text()='Active']
Found Element By : By.xpath: //span[text()='Active']
Trying to click on: [[ChromeDriver: chrome on MAC (eb351a654be8839d764a4c8feeb517df)] -> xpath: //span[text()='Active']]
Clicked on: [[ChromeDriver: chrome on MAC (eb351a654be8839d764a4c8feeb517df)] -> xpath: //span[text()='Active']]
06-09-2020 09:51:10 AdminUserStepDefinition.java INFO  [TestNG-tests-1] stepDefinitions.AdminUserStepDefinition 222 - Looking for a admin role
Trying to find Element By : By.all({By.xpath: //table/tbody/tr})
Found Element By : By.all({By.xpath: //table/tbody/tr})
Trying to find Element By : By.all({By.xpath: //table/tbody/tr[1]/td})
Found Element By : By.all({By.xpath: //table/tbody/tr[1]/td})
Trying to find Element By : By.xpath: //button[@type='button' and @aria-label='Next page']
Found Element By : By.xpath: //button[@type='button' and @aria-label='Next page']
Trying to find Element By : By.xpath: //table/tbody/tr[1]/td[2]
Found Element By : By.xpath: //table/tbody/tr[1]/td[2]
Trying to find Element By : By.xpath: //table/tbody/tr[1]/td[1]
Found Element By : By.xpath: //table/tbody/tr[1]/td[1]
Trying to click on: [[ChromeDriver: chrome on MAC (eb351a654be8839d764a4c8feeb517df)] -> xpath: //table/tbody/tr[1]/td[1]]
Clicked on: [[ChromeDriver: chrome on MAC (eb351a654be8839d764a4c8feeb517df)] -> xpath: //table/tbody/tr[1]/td[1]]
Trying to find Element By : By.xpath: //table/tbody/tr[1]/td[2]
Found Element By : By.xpath: //table/tbody/tr[1]/td[2]
06-09-2020 09:51:10 AdminUserStepDefinition.java INFO  [TestNG-tests-1] stepDefinitions.AdminUserStepDefinition 227 - Putting rowdata into arraylist 
Trying to find Element By : By.xpath: //h1[text()='User Accounts']
Found Element By : By.xpath: //h1[text()='User Accounts']
Trying to find Element By : By.all({By.xpath: //table/tbody/tr})
Found Element By : By.all({By.xpath: //table/tbody/tr})
Trying to find Element By : By.all({By.xpath: //table/tbody/tr})
Found Element By : By.all({By.xpath: //table/tbody/tr})
Trying to find Element By : By.all({By.xpath: //table/tbody/tr[1]/td})
Found Element By : By.all({By.xpath: //table/tbody/tr[1]/td})
Trying to find Element By : By.xpath: //button[@type='button' and @aria-label='Next page']
Found Element By : By.xpath: //button[@type='button' and @aria-label='Next page']
Trying to find Element By : By.xpath: //table/tbody/tr[1]/td[2]
Found Element By : By.xpath: //table/tbody/tr[1]/td[2]
Trying to find Element By : By.xpath: //table/tbody/tr[1]/td[2]
Found Element By : By.xpath: //table/tbody/tr[1]/td[2]
Trying to find Element By : By.xpath: //table/tbody/tr[1]/td[3]
Found Element By : By.xpath: //table/tbody/tr[1]/td[3]
Trying to find Element By : By.xpath: //table/tbody/tr[1]/td[4]
Found Element By : By.xpath: //table/tbody/tr[1]/td[4]
Trying to find Element By : By.xpath: //table/tbody/tr[1]/td[5]
Found Element By : By.xpath: //table/tbody/tr[1]/td[5]
06-09-2020 09:51:11 AdminUserStepDefinition.java INFO  [TestNG-tests-1] stepDefinitions.AdminUserStepDefinition 231 - User name asserted in tab when selected for modify :TestAccountkool3
06-09-2020 09:51:11 AdminUserStepDefinition.java INFO  [TestNG-tests-1] stepDefinitions.AdminUserStepDefinition 232 - Email asserted in tab when selected for modify :o5tbppcuwu@testqar.com
06-09-2020 09:51:11 AdminUserStepDefinition.java INFO  [TestNG-tests-1] stepDefinitions.AdminUserStepDefinition 233 - Role asserted in tab when selected for modify :Admin
06-09-2020 09:51:11 AdminUserStepDefinition.java INFO  [TestNG-tests-1] stepDefinitions.AdminUserStepDefinition 238 - Click on Disabled
Trying to find Element By : By.xpath: //h1[text()='User Accounts']
Found Element By : By.xpath: //h1[text()='User Accounts']
Trying to find Element By : By.xpath: //header/div/div[1]/button[2]
Found Element By : By.xpath: //header/div/div[1]/button[2]
Trying to click on: [[ChromeDriver: chrome on MAC (eb351a654be8839d764a4c8feeb517df)] -> xpath: //header/div/div[1]/button[2]]
Clicked on: [[ChromeDriver: chrome on MAC (eb351a654be8839d764a4c8feeb517df)] -> xpath: //header/div/div[1]/button[2]]
Trying to find Element By : By.xpath: //h1[text()='User Accounts']
Found Element By : By.xpath: //h1[text()='User Accounts']
Trying to find Element By : By.xpath: //span[text()='Disabled']
Found Element By : By.xpath: //span[text()='Disabled']
Trying to find Element By : By.xpath: //span[text()='Disabled']
Found Element By : By.xpath: //span[text()='Disabled']
Trying to click on: [[ChromeDriver: chrome on MAC (eb351a654be8839d764a4c8feeb517df)] -> xpath: //span[text()='Disabled']]
Clicked on: [[ChromeDriver: chrome on MAC (eb351a654be8839d764a4c8feeb517df)] -> xpath: //span[text()='Disabled']]
06-09-2020 09:51:21 AdminUserStepDefinition.java INFO  [TestNG-tests-1] stepDefinitions.AdminUserStepDefinition 139 - Putting rowdata into arraylist 
Trying to find Element By : By.xpath: //h1[text()='User Accounts']
Found Element By : By.xpath: //h1[text()='User Accounts']
Trying to find Element By : By.all({By.xpath: //table/tbody/tr})
Found Element By : By.all({By.xpath: //table/tbody/tr})
Trying to find Element By : By.all({By.xpath: //table/tbody/tr})
Found Element By : By.all({By.xpath: //table/tbody/tr})
Trying to find Element By : By.all({By.xpath: //table/tbody/tr[1]/td})
Found Element By : By.all({By.xpath: //table/tbody/tr[1]/td})
Trying to find Element By : By.xpath: //button[@type='button' and @aria-label='Next page']
Found Element By : By.xpath: //button[@type='button' and @aria-label='Next page']
Trying to find Element By : By.xpath: //table/tbody/tr[1]/td[2]
Found Element By : By.xpath: //table/tbody/tr[1]/td[2]
Trying to find Element By : By.xpath: //table/tbody/tr[1]/td[2]
Found Element By : By.xpath: //table/tbody/tr[1]/td[2]
Trying to find Element By : By.xpath: //table/tbody/tr[1]/td[3]
Found Element By : By.xpath: //table/tbody/tr[1]/td[3]
Trying to find Element By : By.xpath: //table/tbody/tr[1]/td[4]
Found Element By : By.xpath: //table/tbody/tr[1]/td[4]
Trying to find Element By : By.xpath: //table/tbody/tr[1]/td[5]
Found Element By : By.xpath: //table/tbody/tr[1]/td[5]
06-09-2020 09:51:21 AdminUserStepDefinition.java INFO  [TestNG-tests-1] stepDefinitions.AdminUserStepDefinition 141 - User name asserted in tab :TestAccountkool3
06-09-2020 09:51:21 AdminUserStepDefinition.java INFO  [TestNG-tests-1] stepDefinitions.AdminUserStepDefinition 143 - Email asserted in tab :o5tbppcuwu@testqar.com
06-09-2020 09:51:21 AdminUserStepDefinition.java INFO  [TestNG-tests-1] stepDefinitions.AdminUserStepDefinition 145 - Role asserted in tab :Admin
Before navigating to: 'http://qa-publisher-portal.rmp.rakuten.com/login'
Navigated to:'http://qa-publisher-portal.rmp.rakuten.com/login'

  Scenario: Verify if user is able to disable the Active Admin account with admin login. &amp#27;[90m# RXUsers.feature:53&amp#27;[0m
    &amp#27;[32mGiven &amp#27;[0m&amp#27;[32madmin user login to RX UI with valid username and password&amp#27;[0m                     &amp#27;[90m# ProfileStepDefinition.admin_user_login_to_RX_UI_with_valid_username_and_password()&amp#27;[0m
    &amp#27;[32mWhen &amp#27;[0m&amp#27;[32mclick on User option under accounts.&amp#27;[0m                                            &amp#27;[90m# AdminUserStepDefinition.click_on_User_option_under_accounts()&amp#27;[0m
    &amp#27;[32mThen &amp#27;[0m&amp#27;[32mclick on active tab and select one of the admin user.&amp#27;[0m                           &amp#27;[90m# AdminUserStepDefinition.click_on_active_tab_and_select_one_of_the_admin_user()&amp#27;[0m
    &amp#27;[32mThen &amp#27;[0m&amp#27;[32mclick on disable user button and navigate to disabled tab&amp#27;[0m                       &amp#27;[90m# AdminUserStepDefinition.click_on_disable_user_button_and_navigate_to_disabled_tab()&amp#27;[0m
    &amp#27;[32mThen &amp#27;[0m&amp#27;[32massert the new user details in user page table view.&amp#27;[0m                            &amp#27;[90m# AdminUserStepDefinition.assert_the_new_user_details_in_user_page_table_view()&amp#27;[0m
Trying to find Element By : By.xpath: //input[@autofocus="autofocus"]
Found Element By : By.xpath: //input[@autofocus="autofocus"]
Value of the:[[ChromeDriver: chrome on MAC (77262825d39a5b683c2423ffe366ca06)] -> xpath: //input[@autofocus="autofocus"]] before any changes made
Element value changed to: [[ChromeDriver: chrome on MAC (77262825d39a5b683c2423ffe366ca06)] -> xpath: //input[@autofocus="autofocus"]]
Trying to find Element By : By.xpath: //input[@type="password"]
Found Element By : By.xpath: //input[@type="password"]
Value of the:[[ChromeDriver: chrome on MAC (77262825d39a5b683c2423ffe366ca06)] -> xpath: //input[@type="password"]] before any changes made
Element value changed to: [[ChromeDriver: chrome on MAC (77262825d39a5b683c2423ffe366ca06)] -> xpath: //input[@type="password"]]
Trying to find Element By : By.xpath: //span[text()='Login']
Found Element By : By.xpath: //span[text()='Login']
Trying to click on: [[ChromeDriver: chrome on MAC (77262825d39a5b683c2423ffe366ca06)] -> xpath: //span[text()='Login']]
Clicked on: [[ChromeDriver: chrome on MAC (77262825d39a5b683c2423ffe366ca06)] -> xpath: //span[text()='Login']]
Trying to find Element By : By.xpath: //div[@class="logo"]
Before navigating to: 'http://qa-publisher-portal.rmp.rakuten.com/login'
Navigated to:'http://qa-publisher-portal.rmp.rakuten.com/login'

  Scenario: Verify if user is able to search disabled Admin account with admin login. &amp#27;[90m# RXUsers.feature:60&amp#27;[0m
    &amp#27;[31mGiven &amp#27;[0m&amp#27;[31madmin user login to RX UI with valid username and password&amp#27;[0m                  &amp#27;[90m# ProfileStepDefinition.admin_user_login_to_RX_UI_with_valid_username_and_password()&amp#27;[0m
      &amp#27;[31morg.openqa.selenium.NoSuchElementException: no such element: Unable to locate element: {"method":"xpath","selector":"//div[@class="logo"]"}
        (Session info: chrome=83.0.4103.97)
      For documentation on this error, please visit: http://seleniumhq.org/exceptions/no_such_element.html
      Build info: version: '3.11.0', revision: 'e59cfb3', time: '2018-03-11T20:26:55.152Z'
      System info: host: 'RINMAC632', ip: 'fe80:0:0:0:48d:2e77:d6ee:c314%en0', os.name: 'Mac OS X', os.arch: 'x86_64', os.version: '10.14.6', java.version: '11.0.5'
      Driver info: org.openqa.selenium.chrome.ChromeDriver
      Capabilities {acceptInsecureCerts: false, browserName: chrome, browserVersion: 83.0.4103.97, chrome: {chromedriverVersion: 83.0.4103.39 (ccbf011cb2d2b..., userDataDir: /var/folders/gx/88xk1g2945q...}, goog:chromeOptions: {debuggerAddress: localhost:61205}, javascriptEnabled: true, networkConnectionEnabled: false, pageLoadStrategy: normal, platform: MAC, platformName: MAC, proxy: Proxy(), setWindowRect: true, strictFileInteractability: false, timeouts: {implicit: 0, pageLoad: 300000, script: 30000}, unhandledPromptBehavior: dismiss and notify, webauthn:virtualAuthenticators: true}
      Session ID: 77262825d39a5b683c2423ffe366ca06
      *** Element info: {Using=xpath, value=//div[@class="logo"]}
      	at java.base/jdk.internal.reflect.NativeConstructorAccessorImpl.newInstance0(Native Method)
      	at java.base/jdk.internal.reflect.NativeConstructorAccessorImpl.newInstance(NativeConstructorAccessorImpl.java:62)
      	at java.base/jdk.internal.reflect.DelegatingConstructorAccessorImpl.newInstance(DelegatingConstructorAccessorImpl.java:45)
      	at java.base/java.lang.reflect.Constructor.newInstance(Constructor.java:490)
      	at org.openqa.selenium.remote.http.W3CHttpResponseCodec.createException(W3CHttpResponseCodec.java:187)
      	at org.openqa.selenium.remote.http.W3CHttpResponseCodec.decode(W3CHttpResponseCodec.java:122)
      	at org.openqa.selenium.remote.http.W3CHttpResponseCodec.decode(W3CHttpResponseCodec.java:49)
      	at org.openqa.selenium.remote.HttpCommandExecutor.execute(HttpCommandExecutor.java:158)
      	at org.openqa.selenium.remote.service.DriverCommandExecutor.execute(DriverCommandExecutor.java:83)
      	at org.openqa.selenium.remote.RemoteWebDriver.execute(RemoteWebDriver.java:545)
      	at org.openqa.selenium.remote.RemoteWebDriver.findElement(RemoteWebDriver.java:319)
      	at org.openqa.selenium.remote.RemoteWebDriver.findElementByXPath(RemoteWebDriver.java:421)
      	at org.openqa.selenium.By$ByXPath.findElement(By.java:361)
      	at org.openqa.selenium.remote.RemoteWebDriver.findElement(RemoteWebDriver.java:311)
      	at jdk.internal.reflect.GeneratedMethodAccessor13.invoke(Unknown Source)
      	at java.base/jdk.internal.reflect.DelegatingMethodAccessorImpl.invoke(DelegatingMethodAccessorImpl.java:43)
      	at java.base/java.lang.reflect.Method.invoke(Method.java:566)
      	at org.openqa.selenium.support.events.EventFiringWebDriver.lambda$new$1(EventFiringWebDriver.java:103)
      	at com.sun.proxy.$Proxy20.findElement(Unknown Source)
      	at org.openqa.selenium.support.events.EventFiringWebDriver.findElement(EventFiringWebDriver.java:186)
      	at org.openqa.selenium.support.pagefactory.DefaultElementLocator.findElement(DefaultElementLocator.java:69)
      	at org.openqa.selenium.support.pagefactory.internal.LocatingElementHandler.invoke(LocatingElementHandler.java:38)
      	at com.sun.proxy.$Proxy23.isDisplayed(Unknown Source)
      	at RXPages.PublisherListPage.logodisplayed(PublisherListPage.java:192)
      	at stepDefinitions.ProfileStepDefinition.admin_user_login_to_RX_UI_with_valid_username_and_password(ProfileStepDefinition.java:48)
      	at ✽.Given admin user login to RX UI with valid username and password(RXUsers.feature:61)
      &amp#27;[0m
    &amp#27;[36mWhen &amp#27;[0m&amp#27;[36mclick on User option under accounts.&amp#27;[0m                                         &amp#27;[90m# AdminUserStepDefinition.click_on_User_option_under_accounts()&amp#27;[0m
    &amp#27;[36mThen &amp#27;[0m&amp#27;[36mclick on disabled tab and select one of the Admin user.&amp#27;[0m                      &amp#27;[90m# AdminUserStepDefinition.click_on_disabled_tab_and_select_one_of_the_admin_user()&amp#27;[0m
    &amp#27;[36mThen &amp#27;[0m&amp#27;[36msearch for the user&amp#27;[0m                                                          &amp#27;[90m# AdminUserStepDefinition.search_for_the_user()&amp#27;[0m
    &amp#27;[36mThen &amp#27;[0m&amp#27;[36massert the new user details in user page table view.&amp#27;[0m                         &amp#27;[90m# AdminUserStepDefinition.assert_the_new_user_details_in_user_page_table_view()&amp#27;[0m
Trying to find Element By : By.xpath: //input[@autofocus="autofocus"]
Found Element By : By.xpath: //input[@autofocus="autofocus"]
Value of the:[[ChromeDriver: chrome on MAC (5ecd6d6c0f7a817874d0a6503efd6497)] -> xpath: //input[@autofocus="autofocus"]] before any changes made
Element value changed to: [[ChromeDriver: chrome on MAC (5ecd6d6c0f7a817874d0a6503efd6497)] -> xpath: //input[@autofocus="autofocus"]]
Trying to find Element By : By.xpath: //input[@type="password"]
Found Element By : By.xpath: //input[@type="password"]
Value of the:[[ChromeDriver: chrome on MAC (5ecd6d6c0f7a817874d0a6503efd6497)] -> xpath: //input[@type="password"]] before any changes made
Element value changed to: [[ChromeDriver: chrome on MAC (5ecd6d6c0f7a817874d0a6503efd6497)] -> xpath: //input[@type="password"]]
Trying to find Element By : By.xpath: //span[text()='Login']
Found Element By : By.xpath: //span[text()='Login']
Trying to click on: [[ChromeDriver: chrome on MAC (5ecd6d6c0f7a817874d0a6503efd6497)] -> xpath: //span[text()='Login']]
Clicked on: [[ChromeDriver: chrome on MAC (5ecd6d6c0f7a817874d0a6503efd6497)] -> xpath: //span[text()='Login']]
Trying to find Element By : By.xpath: //div[@class="logo"]
Before navigating to: 'http://qa-publisher-portal.rmp.rakuten.com/login'
Navigated to:'http://qa-publisher-portal.rmp.rakuten.com/login'

  Scenario: Verify if user is able to edit disabled admin account from admin login.        &amp#27;[90m# RXUsers.feature:67&amp#27;[0m
    &amp#27;[31mGiven &amp#27;[0m&amp#27;[31madmin user login to RX UI with valid username and password&amp#27;[0m                       &amp#27;[90m# ProfileStepDefinition.admin_user_login_to_RX_UI_with_valid_username_and_password()&amp#27;[0m
      &amp#27;[31morg.openqa.selenium.NoSuchElementException: no such element: Unable to locate element: {"method":"xpath","selector":"//div[@class="logo"]"}
        (Session info: chrome=83.0.4103.97)
      For documentation on this error, please visit: http://seleniumhq.org/exceptions/no_such_element.html
      Build info: version: '3.11.0', revision: 'e59cfb3', time: '2018-03-11T20:26:55.152Z'
      System info: host: 'RINMAC632', ip: 'fe80:0:0:0:48d:2e77:d6ee:c314%en0', os.name: 'Mac OS X', os.arch: 'x86_64', os.version: '10.14.6', java.version: '11.0.5'
      Driver info: org.openqa.selenium.chrome.ChromeDriver
      Capabilities {acceptInsecureCerts: false, browserName: chrome, browserVersion: 83.0.4103.97, chrome: {chromedriverVersion: 83.0.4103.39 (ccbf011cb2d2b..., userDataDir: /var/folders/gx/88xk1g2945q...}, goog:chromeOptions: {debuggerAddress: localhost:61252}, javascriptEnabled: true, networkConnectionEnabled: false, pageLoadStrategy: normal, platform: MAC, platformName: MAC, proxy: Proxy(), setWindowRect: true, strictFileInteractability: false, timeouts: {implicit: 0, pageLoad: 300000, script: 30000}, unhandledPromptBehavior: dismiss and notify, webauthn:virtualAuthenticators: true}
      Session ID: 5ecd6d6c0f7a817874d0a6503efd6497
      *** Element info: {Using=xpath, value=//div[@class="logo"]}
      	at java.base/jdk.internal.reflect.NativeConstructorAccessorImpl.newInstance0(Native Method)
      	at java.base/jdk.internal.reflect.NativeConstructorAccessorImpl.newInstance(NativeConstructorAccessorImpl.java:62)
      	at java.base/jdk.internal.reflect.DelegatingConstructorAccessorImpl.newInstance(DelegatingConstructorAccessorImpl.java:45)
      	at java.base/java.lang.reflect.Constructor.newInstance(Constructor.java:490)
      	at org.openqa.selenium.remote.http.W3CHttpResponseCodec.createException(W3CHttpResponseCodec.java:187)
      	at org.openqa.selenium.remote.http.W3CHttpResponseCodec.decode(W3CHttpResponseCodec.java:122)
      	at org.openqa.selenium.remote.http.W3CHttpResponseCodec.decode(W3CHttpResponseCodec.java:49)
      	at org.openqa.selenium.remote.HttpCommandExecutor.execute(HttpCommandExecutor.java:158)
      	at org.openqa.selenium.remote.service.DriverCommandExecutor.execute(DriverCommandExecutor.java:83)
      	at org.openqa.selenium.remote.RemoteWebDriver.execute(RemoteWebDriver.java:545)
      	at org.openqa.selenium.remote.RemoteWebDriver.findElement(RemoteWebDriver.java:319)
      	at org.openqa.selenium.remote.RemoteWebDriver.findElementByXPath(RemoteWebDriver.java:421)
      	at org.openqa.selenium.By$ByXPath.findElement(By.java:361)
      	at org.openqa.selenium.remote.RemoteWebDriver.findElement(RemoteWebDriver.java:311)
      	at jdk.internal.reflect.GeneratedMethodAccessor13.invoke(Unknown Source)
      	at java.base/jdk.internal.reflect.DelegatingMethodAccessorImpl.invoke(DelegatingMethodAccessorImpl.java:43)
      	at java.base/java.lang.reflect.Method.invoke(Method.java:566)
      	at org.openqa.selenium.support.events.EventFiringWebDriver.lambda$new$1(EventFiringWebDriver.java:103)
      	at com.sun.proxy.$Proxy20.findElement(Unknown Source)
      	at org.openqa.selenium.support.events.EventFiringWebDriver.findElement(EventFiringWebDriver.java:186)
      	at org.openqa.selenium.support.pagefactory.DefaultElementLocator.findElement(DefaultElementLocator.java:69)
      	at org.openqa.selenium.support.pagefactory.internal.LocatingElementHandler.invoke(LocatingElementHandler.java:38)
      	at com.sun.proxy.$Proxy23.isDisplayed(Unknown Source)
      	at RXPages.PublisherListPage.logodisplayed(PublisherListPage.java:192)
      	at stepDefinitions.ProfileStepDefinition.admin_user_login_to_RX_UI_with_valid_username_and_password(ProfileStepDefinition.java:48)
      	at ✽.Given admin user login to RX UI with valid username and password(RXUsers.feature:68)
      &amp#27;[0m
    &amp#27;[36mWhen &amp#27;[0m&amp#27;[36mclick on User option under accounts.&amp#27;[0m                                              &amp#27;[90m# AdminUserStepDefinition.click_on_User_option_under_accounts()&amp#27;[0m
    &amp#27;[36mThen &amp#27;[0m&amp#27;[36mclick on disabled tab and select one of the Admin user.&amp#27;[0m                           &amp#27;[90m# AdminUserStepDefinition.click_on_disabled_tab_and_select_one_of_the_admin_user()&amp#27;[0m
    &amp#27;[36mThen &amp#27;[0m&amp#27;[36mClick on edit button.&amp#27;[0m                                                             &amp#27;[90m# AdminUserStepDefinition.click_on_edit_button()&amp#27;[0m
    &amp#27;[36mThen &amp#27;[0m&amp#27;[36mEdit the Admin user&amp#27;[0m                                                               &amp#27;[90m# AdminUserStepDefinition.edit_the_Admin_user()&amp#27;[0m
    &amp#27;[36mThen &amp#27;[0m&amp#27;[36mClick on Save edited user&amp#27;[0m                                                         &amp#27;[90m# AdminUserStepDefinition.click_on_Save_edited_user()&amp#27;[0m
    &amp#27;[36mThen &amp#27;[0m&amp#27;[36massert the edited Admin user for filled values are displaying in create user page&amp#27;[0m &amp#27;[90m# AdminUserStepDefinition.assert_the_edited_Admin_user_for_filled_values_are_displaying_in_create_user_page()&amp#27;[0m
    &amp#27;[36mThen &amp#27;[0m&amp#27;[36massert the new user details in user page table view.&amp#27;[0m                              &amp#27;[90m# AdminUserStepDefinition.assert_the_new_user_details_in_user_page_table_view()&amp#27;[0m
Trying to find Element By : By.xpath: //input[@autofocus="autofocus"]
Found Element By : By.xpath: //input[@autofocus="autofocus"]
Value of the:[[ChromeDriver: chrome on MAC (6223d82704037b66322d56912f496e1f)] -> xpath: //input[@autofocus="autofocus"]] before any changes made
Element value changed to: [[ChromeDriver: chrome on MAC (6223d82704037b66322d56912f496e1f)] -> xpath: //input[@autofocus="autofocus"]]
Trying to find Element By : By.xpath: //input[@type="password"]
Found Element By : By.xpath: //input[@type="password"]
Value of the:[[ChromeDriver: chrome on MAC (6223d82704037b66322d56912f496e1f)] -> xpath: //input[@type="password"]] before any changes made
Element value changed to: [[ChromeDriver: chrome on MAC (6223d82704037b66322d56912f496e1f)] -> xpath: //input[@type="password"]]
Trying to find Element By : By.xpath: //span[text()='Login']
Found Element By : By.xpath: //span[text()='Login']
Trying to click on: [[ChromeDriver: chrome on MAC (6223d82704037b66322d56912f496e1f)] -> xpath: //span[text()='Login']]
Clicked on: [[ChromeDriver: chrome on MAC (6223d82704037b66322d56912f496e1f)] -> xpath: //span[text()='Login']]
Trying to find Element By : By.xpath: //div[@class="logo"]
Found Element By : By.xpath: //div[@class="logo"]
06-09-2020 09:53:42 AdminUserStepDefinition.java INFO  [TestNG-tests-1] stepDefinitions.AdminUserStepDefinition 44 - Clicked on Users option under Account
Trying to find Element By : By.xpath: //div[text()='Users']
Found Element By : By.xpath: //div[text()='Users']
Trying to find Element By : By.xpath: //div[text()='Users']
Found Element By : By.xpath: //div[text()='Users']
Trying to click on: [[ChromeDriver: chrome on MAC (6223d82704037b66322d56912f496e1f)] -> xpath: //div[text()='Users']]
Clicked on: [[ChromeDriver: chrome on MAC (6223d82704037b66322d56912f496e1f)] -> xpath: //div[text()='Users']]
06-09-2020 09:53:42 AdminUserStepDefinition.java INFO  [TestNG-tests-1] stepDefinitions.AdminUserStepDefinition 272 - Click on Disabled tab
Trying to find Element By : By.xpath: //h1[text()='User Accounts']
Found Element By : By.xpath: //h1[text()='User Accounts']
Trying to find Element By : By.xpath: //span[text()='Disabled']
Found Element By : By.xpath: //span[text()='Disabled']
Trying to find Element By : By.xpath: //span[text()='Disabled']
Found Element By : By.xpath: //span[text()='Disabled']
Trying to click on: [[ChromeDriver: chrome on MAC (6223d82704037b66322d56912f496e1f)] -> xpath: //span[text()='Disabled']]
Clicked on: [[ChromeDriver: chrome on MAC (6223d82704037b66322d56912f496e1f)] -> xpath: //span[text()='Disabled']]
06-09-2020 09:53:44 AdminUserStepDefinition.java INFO  [TestNG-tests-1] stepDefinitions.AdminUserStepDefinition 275 - Looking for a admin role
Trying to find Element By : By.all({By.xpath: //table/tbody/tr})
Found Element By : By.all({By.xpath: //table/tbody/tr})
Trying to find Element By : By.all({By.xpath: //table/tbody/tr[1]/td})
Found Element By : By.all({By.xpath: //table/tbody/tr[1]/td})
Trying to find Element By : By.xpath: //button[@type='button' and @aria-label='Next page']
Found Element By : By.xpath: //button[@type='button' and @aria-label='Next page']
Trying to find Element By : By.xpath: //table/tbody/tr[1]/td[2]
Found Element By : By.xpath: //table/tbody/tr[1]/td[2]
Trying to find Element By : By.xpath: //table/tbody/tr[1]/td[1]
Found Element By : By.xpath: //table/tbody/tr[1]/td[1]
Trying to click on: [[ChromeDriver: chrome on MAC (6223d82704037b66322d56912f496e1f)] -> xpath: //table/tbody/tr[1]/td[1]]
Clicked on: [[ChromeDriver: chrome on MAC (6223d82704037b66322d56912f496e1f)] -> xpath: //table/tbody/tr[1]/td[1]]
Trying to find Element By : By.xpath: //table/tbody/tr[1]/td[2]
Found Element By : By.xpath: //table/tbody/tr[1]/td[2]
06-09-2020 09:53:44 AdminUserStepDefinition.java INFO  [TestNG-tests-1] stepDefinitions.AdminUserStepDefinition 280 - Putting rowdata into arraylist 
Trying to find Element By : By.xpath: //h1[text()='User Accounts']
Found Element By : By.xpath: //h1[text()='User Accounts']
Trying to find Element By : By.all({By.xpath: //table/tbody/tr})
Found Element By : By.all({By.xpath: //table/tbody/tr})
Trying to find Element By : By.all({By.xpath: //table/tbody/tr})
Found Element By : By.all({By.xpath: //table/tbody/tr})
Trying to find Element By : By.all({By.xpath: //table/tbody/tr[1]/td})
Found Element By : By.all({By.xpath: //table/tbody/tr[1]/td})
Trying to find Element By : By.xpath: //button[@type='button' and @aria-label='Next page']
Found Element By : By.xpath: //button[@type='button' and @aria-label='Next page']
Trying to find Element By : By.xpath: //table/tbody/tr[1]/td[2]
Found Element By : By.xpath: //table/tbody/tr[1]/td[2]
Trying to find Element By : By.xpath: //table/tbody/tr[1]/td[2]
Found Element By : By.xpath: //table/tbody/tr[1]/td[2]
Trying to find Element By : By.xpath: //table/tbody/tr[1]/td[3]
Found Element By : By.xpath: //table/tbody/tr[1]/td[3]
Trying to find Element By : By.xpath: //table/tbody/tr[1]/td[4]
Found Element By : By.xpath: //table/tbody/tr[1]/td[4]
Trying to find Element By : By.xpath: //table/tbody/tr[1]/td[5]
Found Element By : By.xpath: //table/tbody/tr[1]/td[5]
06-09-2020 09:53:44 AdminUserStepDefinition.java INFO  [TestNG-tests-1] stepDefinitions.AdminUserStepDefinition 284 - User name asserted in tab when selected for modify :TestAccountkool3
06-09-2020 09:53:44 AdminUserStepDefinition.java INFO  [TestNG-tests-1] stepDefinitions.AdminUserStepDefinition 285 - Email asserted in tab when selected for modify :o5tbppcuwu@testqar.com
06-09-2020 09:53:44 AdminUserStepDefinition.java INFO  [TestNG-tests-1] stepDefinitions.AdminUserStepDefinition 286 - Role asserted in tab when selected for modify :Admin
06-09-2020 09:53:44 AdminUserStepDefinition.java INFO  [TestNG-tests-1] stepDefinitions.AdminUserStepDefinition 321 - Clicked on edit user button
Trying to find Element By : By.xpath: //h1[text()='User Accounts']
Found Element By : By.xpath: //h1[text()='User Accounts']
Trying to find Element By : By.xpath: //header/div/div[1]/button[1]
Found Element By : By.xpath: //header/div/div[1]/button[1]
Trying to click on: [[ChromeDriver: chrome on MAC (6223d82704037b66322d56912f496e1f)] -> xpath: //header/div/div[1]/button[1]]
Clicked on: [[ChromeDriver: chrome on MAC (6223d82704037b66322d56912f496e1f)] -> xpath: //header/div/div[1]/button[1]]
06-09-2020 09:53:44 AdminUserStepDefinition.java INFO  [TestNG-tests-1] stepDefinitions.AdminUserStepDefinition 420 - Fetch the test data from
Trying to find Element By : By.xpath: //span/form/div[3]/button/span
Found Element By : By.xpath: //span/form/div[3]/button/span
Trying to find Element By : By.xpath: //span/form/div[3]/button/span
Found Element By : By.xpath: //span/form/div[3]/button/span
Trying to find Element By : By.xpath: //form/div[2]/div/div/div[1]/div/div[2]/div/div
Found Element By : By.xpath: //form/div[2]/div/div/div[1]/div/div[2]/div/div
Trying to click on: [[ChromeDriver: chrome on MAC (6223d82704037b66322d56912f496e1f)] -> xpath: //form/div[2]/div/div/div[1]/div/div[2]/div/div]
Clicked on: [[ChromeDriver: chrome on MAC (6223d82704037b66322d56912f496e1f)] -> xpath: //form/div[2]/div/div/div[1]/div/div[2]/div/div]
Trying to find Element By : By.xpath: //span[1]/div/div/div[1]/div[1]/div[2]/div/i
Found Element By : By.xpath: //span[1]/div/div/div[1]/div[1]/div[2]/div/i
Trying to find Element By : By.xpath: //span[1]/div/div/div[1]/div[1]/div[2]/div/i
Found Element By : By.xpath: //span[1]/div/div/div[1]/div[1]/div[2]/div/i
Trying to click on: [[ChromeDriver: chrome on MAC (6223d82704037b66322d56912f496e1f)] -> xpath: //span[1]/div/div/div[1]/div[1]/div[2]/div/i]
Clicked on: [[ChromeDriver: chrome on MAC (6223d82704037b66322d56912f496e1f)] -> xpath: //span[1]/div/div/div[1]/div[1]/div[2]/div/i]
Trying to find Element By : By.xpath: //div[text()='Kobo']
Found Element By : By.xpath: //div[text()='Kobo']
Publisher user enabled :Kobo
Trying to click on: [[ChromeDriver: chrome on MAC (6223d82704037b66322d56912f496e1f)] -> xpath: //div[text()='Kobo']]
Clicked on: [[ChromeDriver: chrome on MAC (6223d82704037b66322d56912f496e1f)] -> xpath: //div[text()='Kobo']]
Trying to find Element By : By.xpath: //span/form/div[3]/button/span
Found Element By : By.xpath: //span/form/div[3]/button/span
Trying to find Element By : By.xpath: //span/form/div[3]/button/span
Found Element By : By.xpath: //span/form/div[3]/button/span
Trying to find Element By : By.xpath: //form//input[@type='radio' and @value='1']
Found Element By : By.xpath: //form//input[@type='radio' and @value='1']
Trying to find Element By : By.xpath: //span/form/div[3]/button/span
Found Element By : By.xpath: //span/form/div[3]/button/span
Trying to find Element By : By.xpath: //form//input[@type='radio' and @value='0']
Found Element By : By.xpath: //form//input[@type='radio' and @value='0']
Trying to find Element By : By.xpath: //div[text()='Kobo']
Found Element By : By.xpath: //div[text()='Kobo']
Entered Publisher Kobo
Trying to find Element By : By.xpath: //div[text()='Kobo']
Found Element By : By.xpath: //div[text()='Kobo']
Trying to find Element By : By.xpath: //label[text()='Account Name']/following-sibling::input[@type='text']
Found Element By : By.xpath: //label[text()='Account Name']/following-sibling::input[@type='text']
Trying to find Element By : By.xpath: //label[text()='E-Mail']/following-sibling::input[@type='text']
Found Element By : By.xpath: //label[text()='E-Mail']/following-sibling::input[@type='text']
Trying to find Element By : By.xpath: //label[text()='Password']/following-sibling::input[@type='password']
Found Element By : By.xpath: //label[text()='Password']/following-sibling::input[@type='password']
06-09-2020 09:53:47 AdminUserStepDefinition.java INFO  [TestNG-tests-1] stepDefinitions.AdminUserStepDefinition 425 - Store test data in temp variable
06-09-2020 09:53:47 AdminUserStepDefinition.java INFO  [TestNG-tests-1] stepDefinitions.AdminUserStepDefinition 431 - Fill the fields in create user pageKobo
06-09-2020 09:53:48 AdminUserStepDefinition.java INFO  [TestNG-tests-1] stepDefinitions.AdminUserStepDefinition 437 - Click on Save and assert user created successfully
Trying to find Element By : By.xpath: //span/form/div[3]/button/span
Found Element By : By.xpath: //span/form/div[3]/button/span
Trying to find Element By : By.xpath: //span/form/div[3]/button/span
Found Element By : By.xpath: //span/form/div[3]/button/span
Trying to click on: [[ChromeDriver: chrome on MAC (6223d82704037b66322d56912f496e1f)] -> xpath: //span/form/div[3]/button/span]
Clicked on: [[ChromeDriver: chrome on MAC (6223d82704037b66322d56912f496e1f)] -> xpath: //span/form/div[3]/button/span]
Trying to find Element By : By.xpath: //span/form/div[3]/button/span
Found Element By : By.xpath: //span/form/div[3]/button/span
Trying to find Element By : By.xpath: //span/form/div[3]/button/span
Found Element By : By.xpath: //span/form/div[3]/button/span
Trying to find Element By : By.xpath: //span/form/div[3]/button/span
Found Element By : By.xpath: //span/form/div[3]/button/span
Trying to find Element By : By.xpath: //span/form/div[3]/button/span
Found Element By : By.xpath: //span/form/div[3]/button/span
Trying to find Element By : By.xpath: //span/form/div[3]/button/span
Found Element By : By.xpath: //span/form/div[3]/button/span
Trying to find Element By : By.xpath: //span/form/div[3]/button/span
Found Element By : By.xpath: //span/form/div[3]/button/span
Trying to find Element By : By.xpath: //span/form/div[3]/button/span
Found Element By : By.xpath: //span/form/div[3]/button/span
Trying to find Element By : By.xpath: //span/form/div[3]/button/span
Found Element By : By.xpath: //span/form/div[3]/button/span
06-09-2020 09:53:51 AdminUserStepDefinition.java INFO  [TestNG-tests-1] stepDefinitions.AdminUserStepDefinition 439 - Create seat page has been closed 
Trying to find Element By : By.xpath: //aside/header/div/button/span/i
Found Element By : By.xpath: //aside/header/div/button/span/i
Trying to click on: [[ChromeDriver: chrome on MAC (6223d82704037b66322d56912f496e1f)] -> xpath: //aside/header/div/button/span/i]
Clicked on: [[ChromeDriver: chrome on MAC (6223d82704037b66322d56912f496e1f)] -> xpath: //aside/header/div/button/span/i]
Trying to find Element By : By.xpath: //h1[text()='User Accounts']
Found Element By : By.xpath: //h1[text()='User Accounts']
Trying to find Element By : By.xpath: //span[text()='Active']
Found Element By : By.xpath: //span[text()='Active']
Trying to find Element By : By.xpath: //h1[text()='User Accounts']
Found Element By : By.xpath: //h1[text()='User Accounts']
Trying to find Element By : By.all({By.xpath: //table/tbody/tr})
Found Element By : By.all({By.xpath: //table/tbody/tr})
Trying to find Element By : By.all({By.xpath: //table/tbody/tr[1]/td})
Found Element By : By.all({By.xpath: //table/tbody/tr[1]/td})
Trying to find Element By : By.xpath: //button[@type='button' and @aria-label='Next page']
Found Element By : By.xpath: //button[@type='button' and @aria-label='Next page']
Trying to find Element By : By.xpath: //table/tbody/tr[1]/td[3]
Found Element By : By.xpath: //table/tbody/tr[1]/td[3]
Trying to find Element By : By.xpath: //table/tbody/tr[1]/td[1]
Found Element By : By.xpath: //table/tbody/tr[1]/td[1]
Trying to click on: [[ChromeDriver: chrome on MAC (6223d82704037b66322d56912f496e1f)] -> xpath: //table/tbody/tr[1]/td[1]]
Clicked on: [[ChromeDriver: chrome on MAC (6223d82704037b66322d56912f496e1f)] -> xpath: //table/tbody/tr[1]/td[1]]
Column value :TestAccountkool3
Trying to find Element By : By.xpath: //table/tbody/tr[1]/td[2]
Found Element By : By.xpath: //table/tbody/tr[1]/td[2]
Column ID :106
Trying to find Element By : By.xpath: //table/tbody/tr[1]/td[2]
Found Element By : By.xpath: //table/tbody/tr[1]/td[2]
Trying to find Element By : By.all({By.xpath: //table/tbody/tr})
Found Element By : By.all({By.xpath: //table/tbody/tr})
Trying to find Element By : By.all({By.xpath: //table/tbody/tr[1]/td})
Found Element By : By.all({By.xpath: //table/tbody/tr[1]/td})
Trying to find Element By : By.xpath: //button[@type='button' and @aria-label='Next page']
Found Element By : By.xpath: //button[@type='button' and @aria-label='Next page']
Trying to find Element By : By.xpath: //table/tbody/tr[1]/td[3]
Found Element By : By.xpath: //table/tbody/tr[1]/td[3]
Trying to find Element By : By.xpath: //table/tbody/tr[1]/td[1]
Found Element By : By.xpath: //table/tbody/tr[1]/td[1]
Trying to click on: [[ChromeDriver: chrome on MAC (6223d82704037b66322d56912f496e1f)] -> xpath: //table/tbody/tr[1]/td[1]]
Clicked on: [[ChromeDriver: chrome on MAC (6223d82704037b66322d56912f496e1f)] -> xpath: //table/tbody/tr[1]/td[1]]
Column value :TestAccountkool3
Trying to find Element By : By.xpath: //table/tbody/tr[1]/td[2]
Found Element By : By.xpath: //table/tbody/tr[1]/td[2]
Column ID :106
Trying to find Element By : By.xpath: //table/tbody/tr[1]/td[2]
Found Element By : By.xpath: //table/tbody/tr[1]/td[2]
06-09-2020 09:53:52 AdminUserStepDefinition.java INFO  [TestNG-tests-1] stepDefinitions.AdminUserStepDefinition 357 - Click on created user check box in the table :106
06-09-2020 09:53:52 AdminUserStepDefinition.java INFO  [TestNG-tests-1] stepDefinitions.AdminUserStepDefinition 358 - Click on edit
Trying to find Element By : By.xpath: //h1[text()='User Accounts']
Found Element By : By.xpath: //h1[text()='User Accounts']
Trying to find Element By : By.xpath: //header/div/div[1]/button[1]
Found Element By : By.xpath: //header/div/div[1]/button[1]
Trying to click on: [[ChromeDriver: chrome on MAC (6223d82704037b66322d56912f496e1f)] -> xpath: //header/div/div[1]/button[1]]
Clicked on: [[ChromeDriver: chrome on MAC (6223d82704037b66322d56912f496e1f)] -> xpath: //header/div/div[1]/button[1]]
06-09-2020 09:53:52 AdminUserStepDefinition.java INFO  [TestNG-tests-1] stepDefinitions.AdminUserStepDefinition 361 - Fetch the data from create user page and put it in array list
Trying to find Element By : By.xpath: //span/form/div[3]/button/span
Found Element By : By.xpath: //span/form/div[3]/button/span
Trying to find Element By : By.xpath: //span/form/div[3]/button/span
Found Element By : By.xpath: //span/form/div[3]/button/span
Trying to find Element By : By.xpath: //span/form/div[3]/button/span
Found Element By : By.xpath: //span/form/div[3]/button/span
Trying to find Element By : By.xpath: //form//input[@type='radio' and @value='1']
Found Element By : By.xpath: //form//input[@type='radio' and @value='1']
Trying to find Element By : By.xpath: //span/form/div[3]/button/span
Found Element By : By.xpath: //span/form/div[3]/button/span
Trying to find Element By : By.xpath: //form//input[@type='radio' and @value='0']
Found Element By : By.xpath: //form//input[@type='radio' and @value='0']
Trying to find Element By : By.xpath: //div[text()='Kobo']
Found Element By : By.xpath: //div[text()='Kobo']
Entered Publisher Kobo
Trying to find Element By : By.xpath: //div[text()='Kobo']
Found Element By : By.xpath: //div[text()='Kobo']
Trying to find Element By : By.xpath: //label[text()='Account Name']/following-sibling::input[@type='text']
Found Element By : By.xpath: //label[text()='Account Name']/following-sibling::input[@type='text']
Trying to find Element By : By.xpath: //label[text()='E-Mail']/following-sibling::input[@type='text']
Found Element By : By.xpath: //label[text()='E-Mail']/following-sibling::input[@type='text']
Trying to find Element By : By.xpath: //label[text()='Password']/following-sibling::input[@type='password']
Found Element By : By.xpath: //label[text()='Password']/following-sibling::input[@type='password']
06-09-2020 09:53:53 AdminUserStepDefinition.java INFO  [TestNG-tests-1] stepDefinitions.AdminUserStepDefinition 363 - Publihser name asserted in create User page :4Kobo
06-09-2020 09:53:53 AdminUserStepDefinition.java INFO  [TestNG-tests-1] stepDefinitions.AdminUserStepDefinition 365 - Account name asserted in create User page :TestAccountkool3
06-09-2020 09:53:53 AdminUserStepDefinition.java INFO  [TestNG-tests-1] stepDefinitions.AdminUserStepDefinition 367 - Email asserted in create user page :o5tbppcuwu@testqar.com
06-09-2020 09:53:53 AdminUserStepDefinition.java INFO  [TestNG-tests-1] stepDefinitions.AdminUserStepDefinition 369 - Password asserted in create user page :
06-09-2020 09:53:53 AdminUserStepDefinition.java INFO  [TestNG-tests-1] stepDefinitions.AdminUserStepDefinition 371 - Create usage page has been closed 
Trying to find Element By : By.xpath: //aside/header/div/button/span/i
Found Element By : By.xpath: //aside/header/div/button/span/i
Trying to click on: [[ChromeDriver: chrome on MAC (6223d82704037b66322d56912f496e1f)] -> xpath: //aside/header/div/button/span/i]
Clicked on: [[ChromeDriver: chrome on MAC (6223d82704037b66322d56912f496e1f)] -> xpath: //aside/header/div/button/span/i]
Trying to find Element By : By.xpath: //h1[text()='User Accounts']
Found Element By : By.xpath: //h1[text()='User Accounts']
Trying to find Element By : By.xpath: //span[text()='Active']
Found Element By : By.xpath: //span[text()='Active']
06-09-2020 09:53:54 AdminUserStepDefinition.java INFO  [TestNG-tests-1] stepDefinitions.AdminUserStepDefinition 373 - Click on active tab
06-09-2020 09:53:54 AdminUserStepDefinition.java INFO  [TestNG-tests-1] stepDefinitions.AdminUserStepDefinition 139 - Putting rowdata into arraylist 
Trying to find Element By : By.xpath: //h1[text()='User Accounts']
Found Element By : By.xpath: //h1[text()='User Accounts']
Trying to find Element By : By.all({By.xpath: //table/tbody/tr})
Found Element By : By.all({By.xpath: //table/tbody/tr})
Trying to find Element By : By.all({By.xpath: //table/tbody/tr})
Found Element By : By.all({By.xpath: //table/tbody/tr})
Trying to find Element By : By.all({By.xpath: //table/tbody/tr[1]/td})
Found Element By : By.all({By.xpath: //table/tbody/tr[1]/td})
Trying to find Element By : By.xpath: //button[@type='button' and @aria-label='Next page']
Found Element By : By.xpath: //button[@type='button' and @aria-label='Next page']
Trying to find Element By : By.xpath: //table/tbody/tr[1]/td[2]
Found Element By : By.xpath: //table/tbody/tr[1]/td[2]
Trying to find Element By : By.xpath: //table/tbody/tr[1]/td[2]
Found Element By : By.xpath: //table/tbody/tr[1]/td[2]
Trying to find Element By : By.xpath: //table/tbody/tr[1]/td[3]
Found Element By : By.xpath: //table/tbody/tr[1]/td[3]
Trying to find Element By : By.xpath: //table/tbody/tr[1]/td[4]
Found Element By : By.xpath: //table/tbody/tr[1]/td[4]
Trying to find Element By : By.xpath: //table/tbody/tr[1]/td[5]
Found Element By : By.xpath: //table/tbody/tr[1]/td[5]
06-09-2020 09:53:54 AdminUserStepDefinition.java INFO  [TestNG-tests-1] stepDefinitions.AdminUserStepDefinition 141 - User name asserted in tab :TestAccountkool3
06-09-2020 09:53:54 AdminUserStepDefinition.java INFO  [TestNG-tests-1] stepDefinitions.AdminUserStepDefinition 143 - Email asserted in tab :o5tbppcuwu@testqar.com
06-09-2020 09:53:54 AdminUserStepDefinition.java INFO  [TestNG-tests-1] stepDefinitions.AdminUserStepDefinition 145 - Role asserted in tab :Publisher
Before navigating to: 'http://qa-publisher-portal.rmp.rakuten.com/login'
Navigated to:'http://qa-publisher-portal.rmp.rakuten.com/login'

  Scenario: Verify if user is able to modify disabled Admin account into disabled publisher account from admin login. &amp#27;[90m# RXUsers.feature:77&amp#27;[0m
    &amp#27;[32mGiven &amp#27;[0m&amp#27;[32madmin user login to RX UI with valid username and password&amp#27;[0m                                                  &amp#27;[90m# ProfileStepDefinition.admin_user_login_to_RX_UI_with_valid_username_and_password()&amp#27;[0m
    &amp#27;[32mWhen &amp#27;[0m&amp#27;[32mclick on User option under accounts.&amp#27;[0m                                                                         &amp#27;[90m# AdminUserStepDefinition.click_on_User_option_under_accounts()&amp#27;[0m
    &amp#27;[32mThen &amp#27;[0m&amp#27;[32mclick on disabled tab and select one of the Admin user.&amp#27;[0m                                                      &amp#27;[90m# AdminUserStepDefinition.click_on_disabled_tab_and_select_one_of_the_admin_user()&amp#27;[0m
    &amp#27;[32mThen &amp#27;[0m&amp#27;[32mClick on edit button.&amp#27;[0m                                                                                        &amp#27;[90m# AdminUserStepDefinition.click_on_edit_button()&amp#27;[0m
    &amp#27;[32mThen &amp#27;[0m&amp#27;[32mEdit the Admin user to modify it into Publisher&amp#27;[0m                                                              &amp#27;[90m# AdminUserStepDefinition.edit_the_Admin_user_to_modify_it_into_Publisher()&amp#27;[0m
    &amp#27;[32mThen &amp#27;[0m&amp#27;[32mClick on Save modify admin user&amp#27;[0m                                                                              &amp#27;[90m# AdminUserStepDefinition.click_on_Save_modify_admin_user()&amp#27;[0m
    &amp#27;[32mThen &amp#27;[0m&amp#27;[32massert the edited Publisher user for filled values are displaying in create user page&amp#27;[0m                        &amp#27;[90m# AdminUserStepDefinition.assert_the_edited_Publisher_user_for_filled_values_are_displaying_in_create_user_page()&amp#27;[0m
    &amp#27;[32mThen &amp#27;[0m&amp#27;[32massert the new user details in user page table view.&amp#27;[0m                                                         &amp#27;[90m# AdminUserStepDefinition.assert_the_new_user_details_in_user_page_table_view()&amp#27;[0m
Trying to find Element By : By.xpath: //input[@autofocus="autofocus"]
Found Element By : By.xpath: //input[@autofocus="autofocus"]
Value of the:[[ChromeDriver: chrome on MAC (a5a6b06f14b588a4aa5a91e4dec86dc9)] -> xpath: //input[@autofocus="autofocus"]] before any changes made
Element value changed to: [[ChromeDriver: chrome on MAC (a5a6b06f14b588a4aa5a91e4dec86dc9)] -> xpath: //input[@autofocus="autofocus"]]
Trying to find Element By : By.xpath: //input[@type="password"]
Found Element By : By.xpath: //input[@type="password"]
Value of the:[[ChromeDriver: chrome on MAC (a5a6b06f14b588a4aa5a91e4dec86dc9)] -> xpath: //input[@type="password"]] before any changes made
Element value changed to: [[ChromeDriver: chrome on MAC (a5a6b06f14b588a4aa5a91e4dec86dc9)] -> xpath: //input[@type="password"]]
Trying to find Element By : By.xpath: //span[text()='Login']
Found Element By : By.xpath: //span[text()='Login']
Trying to click on: [[ChromeDriver: chrome on MAC (a5a6b06f14b588a4aa5a91e4dec86dc9)] -> xpath: //span[text()='Login']]
Clicked on: [[ChromeDriver: chrome on MAC (a5a6b06f14b588a4aa5a91e4dec86dc9)] -> xpath: //span[text()='Login']]
Trying to find Element By : By.xpath: //div[@class="logo"]
Found Element By : By.xpath: //div[@class="logo"]
06-09-2020 09:54:06 AdminUserStepDefinition.java INFO  [TestNG-tests-1] stepDefinitions.AdminUserStepDefinition 44 - Clicked on Users option under Account
Trying to find Element By : By.xpath: //div[text()='Users']
Found Element By : By.xpath: //div[text()='Users']
Trying to find Element By : By.xpath: //div[text()='Users']
Found Element By : By.xpath: //div[text()='Users']
Trying to click on: [[ChromeDriver: chrome on MAC (a5a6b06f14b588a4aa5a91e4dec86dc9)] -> xpath: //div[text()='Users']]
Clicked on: [[ChromeDriver: chrome on MAC (a5a6b06f14b588a4aa5a91e4dec86dc9)] -> xpath: //div[text()='Users']]
06-09-2020 09:54:06 AdminUserStepDefinition.java INFO  [TestNG-tests-1] stepDefinitions.AdminUserStepDefinition 301 - Click on Disabled tab
Trying to find Element By : By.xpath: //h1[text()='User Accounts']
Found Element By : By.xpath: //h1[text()='User Accounts']
Trying to find Element By : By.xpath: //span[text()='Disabled']
Found Element By : By.xpath: //span[text()='Disabled']
Trying to find Element By : By.xpath: //span[text()='Disabled']
Found Element By : By.xpath: //span[text()='Disabled']
Trying to click on: [[ChromeDriver: chrome on MAC (a5a6b06f14b588a4aa5a91e4dec86dc9)] -> xpath: //span[text()='Disabled']]
Clicked on: [[ChromeDriver: chrome on MAC (a5a6b06f14b588a4aa5a91e4dec86dc9)] -> xpath: //span[text()='Disabled']]
06-09-2020 09:54:08 AdminUserStepDefinition.java INFO  [TestNG-tests-1] stepDefinitions.AdminUserStepDefinition 304 - Looking for a Publisher role
Trying to find Element By : By.all({By.xpath: //table/tbody/tr})
Found Element By : By.all({By.xpath: //table/tbody/tr})
Trying to find Element By : By.all({By.xpath: //table/tbody/tr[1]/td})
Found Element By : By.all({By.xpath: //table/tbody/tr[1]/td})
Trying to find Element By : By.xpath: //button[@type='button' and @aria-label='Next page']
Found Element By : By.xpath: //button[@type='button' and @aria-label='Next page']
Trying to find Element By : By.xpath: //table/tbody/tr[1]/td[2]
Found Element By : By.xpath: //table/tbody/tr[1]/td[2]
Trying to find Element By : By.xpath: //table/tbody/tr[1]/td[1]
Found Element By : By.xpath: //table/tbody/tr[1]/td[1]
Trying to click on: [[ChromeDriver: chrome on MAC (a5a6b06f14b588a4aa5a91e4dec86dc9)] -> xpath: //table/tbody/tr[1]/td[1]]
Clicked on: [[ChromeDriver: chrome on MAC (a5a6b06f14b588a4aa5a91e4dec86dc9)] -> xpath: //table/tbody/tr[1]/td[1]]
Trying to find Element By : By.xpath: //table/tbody/tr[1]/td[2]
Found Element By : By.xpath: //table/tbody/tr[1]/td[2]
06-09-2020 09:54:08 AdminUserStepDefinition.java INFO  [TestNG-tests-1] stepDefinitions.AdminUserStepDefinition 309 - Putting rowdata into arraylist 
Trying to find Element By : By.xpath: //h1[text()='User Accounts']
Found Element By : By.xpath: //h1[text()='User Accounts']
Trying to find Element By : By.all({By.xpath: //table/tbody/tr})
Found Element By : By.all({By.xpath: //table/tbody/tr})
Trying to find Element By : By.all({By.xpath: //table/tbody/tr})
Found Element By : By.all({By.xpath: //table/tbody/tr})
Trying to find Element By : By.all({By.xpath: //table/tbody/tr[1]/td})
Found Element By : By.all({By.xpath: //table/tbody/tr[1]/td})
Trying to find Element By : By.xpath: //button[@type='button' and @aria-label='Next page']
Found Element By : By.xpath: //button[@type='button' and @aria-label='Next page']
Trying to find Element By : By.xpath: //table/tbody/tr[1]/td[2]
Found Element By : By.xpath: //table/tbody/tr[1]/td[2]
Trying to find Element By : By.xpath: //table/tbody/tr[1]/td[2]
Found Element By : By.xpath: //table/tbody/tr[1]/td[2]
Trying to find Element By : By.xpath: //table/tbody/tr[1]/td[3]
Found Element By : By.xpath: //table/tbody/tr[1]/td[3]
Trying to find Element By : By.xpath: //table/tbody/tr[1]/td[4]
Found Element By : By.xpath: //table/tbody/tr[1]/td[4]
Trying to find Element By : By.xpath: //table/tbody/tr[1]/td[5]
Found Element By : By.xpath: //table/tbody/tr[1]/td[5]
06-09-2020 09:54:08 AdminUserStepDefinition.java INFO  [TestNG-tests-1] stepDefinitions.AdminUserStepDefinition 313 - User name asserted in tab when selected for modify :TestAccountkool3
06-09-2020 09:54:08 AdminUserStepDefinition.java INFO  [TestNG-tests-1] stepDefinitions.AdminUserStepDefinition 314 - Email asserted in tab when selected for modify :o5tbppcuwu@testqar.com
06-09-2020 09:54:08 AdminUserStepDefinition.java INFO  [TestNG-tests-1] stepDefinitions.AdminUserStepDefinition 315 - Role asserted in tab when selected for modify :Publisher
06-09-2020 09:54:08 AdminUserStepDefinition.java INFO  [TestNG-tests-1] stepDefinitions.AdminUserStepDefinition 321 - Clicked on edit user button
Trying to find Element By : By.xpath: //h1[text()='User Accounts']
Found Element By : By.xpath: //h1[text()='User Accounts']
Trying to find Element By : By.xpath: //header/div/div[1]/button[1]
Found Element By : By.xpath: //header/div/div[1]/button[1]
Trying to click on: [[ChromeDriver: chrome on MAC (a5a6b06f14b588a4aa5a91e4dec86dc9)] -> xpath: //header/div/div[1]/button[1]]
Clicked on: [[ChromeDriver: chrome on MAC (a5a6b06f14b588a4aa5a91e4dec86dc9)] -> xpath: //header/div/div[1]/button[1]]
06-09-2020 09:54:08 AdminUserStepDefinition.java INFO  [TestNG-tests-1] stepDefinitions.AdminUserStepDefinition 451 - Fetch the test data from
Trying to find Element By : By.xpath: //span/form/div[3]/button/span
Found Element By : By.xpath: //span/form/div[3]/button/span
Trying to find Element By : By.xpath: //span/form/div[3]/button/span
Found Element By : By.xpath: //span/form/div[3]/button/span
Trying to find Element By : By.xpath: //form/div[2]/div/div/div[1]/div/div[1]/div/div
Found Element By : By.xpath: //form/div[2]/div/div/div[1]/div/div[1]/div/div
Trying to click on: [[ChromeDriver: chrome on MAC (a5a6b06f14b588a4aa5a91e4dec86dc9)] -> xpath: //form/div[2]/div/div/div[1]/div/div[1]/div/div]
Clicked on: [[ChromeDriver: chrome on MAC (a5a6b06f14b588a4aa5a91e4dec86dc9)] -> xpath: //form/div[2]/div/div/div[1]/div/div[1]/div/div]
Trying to find Element By : By.xpath: //span/form/div[3]/button/span
Found Element By : By.xpath: //span/form/div[3]/button/span
Trying to find Element By : By.xpath: //span/form/div[3]/button/span
Found Element By : By.xpath: //span/form/div[3]/button/span
Trying to find Element By : By.xpath: //form//input[@type='radio' and @value='1']
Found Element By : By.xpath: //form//input[@type='radio' and @value='1']
Trying to find Element By : By.xpath: //label[text()='Account Name']/following-sibling::input[@type='text']
Found Element By : By.xpath: //label[text()='Account Name']/following-sibling::input[@type='text']
Trying to find Element By : By.xpath: //label[text()='E-Mail']/following-sibling::input[@type='text']
Found Element By : By.xpath: //label[text()='E-Mail']/following-sibling::input[@type='text']
Trying to find Element By : By.xpath: //label[text()='Password']/following-sibling::input[@type='password']
Found Element By : By.xpath: //label[text()='Password']/following-sibling::input[@type='password']
06-09-2020 09:54:10 AdminUserStepDefinition.java INFO  [TestNG-tests-1] stepDefinitions.AdminUserStepDefinition 455 - Store test data in temp variable
06-09-2020 09:54:10 AdminUserStepDefinition.java INFO  [TestNG-tests-1] stepDefinitions.AdminUserStepDefinition 460 - Fill the fields in create user pageKobo
06-09-2020 09:54:11 AdminUserStepDefinition.java INFO  [TestNG-tests-1] stepDefinitions.AdminUserStepDefinition 465 - Click on Save and assert user created successfully
Trying to find Element By : By.xpath: //span/form/div[3]/button/span
Found Element By : By.xpath: //span/form/div[3]/button/span
Trying to find Element By : By.xpath: //span/form/div[3]/button/span
Found Element By : By.xpath: //span/form/div[3]/button/span
Trying to click on: [[ChromeDriver: chrome on MAC (a5a6b06f14b588a4aa5a91e4dec86dc9)] -> xpath: //span/form/div[3]/button/span]
Clicked on: [[ChromeDriver: chrome on MAC (a5a6b06f14b588a4aa5a91e4dec86dc9)] -> xpath: //span/form/div[3]/button/span]
Trying to find Element By : By.xpath: //span/form/div[3]/button/span
Found Element By : By.xpath: //span/form/div[3]/button/span
Trying to find Element By : By.xpath: //span/form/div[3]/button/span
Found Element By : By.xpath: //span/form/div[3]/button/span
Trying to find Element By : By.xpath: //span/form/div[3]/button/span
Found Element By : By.xpath: //span/form/div[3]/button/span
Trying to find Element By : By.xpath: //span/form/div[3]/button/span
Found Element By : By.xpath: //span/form/div[3]/button/span
Trying to find Element By : By.xpath: //span/form/div[3]/button/span
Found Element By : By.xpath: //span/form/div[3]/button/span
Trying to find Element By : By.xpath: //span/form/div[3]/button/span
Found Element By : By.xpath: //span/form/div[3]/button/span
Trying to find Element By : By.xpath: //span/form/div[3]/button/span
Found Element By : By.xpath: //span/form/div[3]/button/span
06-09-2020 09:54:14 AdminUserStepDefinition.java INFO  [TestNG-tests-1] stepDefinitions.AdminUserStepDefinition 467 - Create seat page has been closed 
Trying to find Element By : By.xpath: //aside/header/div/button/span/i
Found Element By : By.xpath: //aside/header/div/button/span/i
Trying to click on: [[ChromeDriver: chrome on MAC (a5a6b06f14b588a4aa5a91e4dec86dc9)] -> xpath: //aside/header/div/button/span/i]
Clicked on: [[ChromeDriver: chrome on MAC (a5a6b06f14b588a4aa5a91e4dec86dc9)] -> xpath: //aside/header/div/button/span/i]
Trying to find Element By : By.xpath: //h1[text()='User Accounts']
Found Element By : By.xpath: //h1[text()='User Accounts']
Trying to find Element By : By.xpath: //span[text()='Active']
Found Element By : By.xpath: //span[text()='Active']
Trying to find Element By : By.xpath: //h1[text()='User Accounts']
Found Element By : By.xpath: //h1[text()='User Accounts']
Trying to find Element By : By.all({By.xpath: //table/tbody/tr})
Found Element By : By.all({By.xpath: //table/tbody/tr})
Trying to find Element By : By.all({By.xpath: //table/tbody/tr[1]/td})
Found Element By : By.all({By.xpath: //table/tbody/tr[1]/td})
Trying to find Element By : By.xpath: //button[@type='button' and @aria-label='Next page']
Found Element By : By.xpath: //button[@type='button' and @aria-label='Next page']
Trying to find Element By : By.xpath: //table/tbody/tr[1]/td[3]
Found Element By : By.xpath: //table/tbody/tr[1]/td[3]
Trying to find Element By : By.xpath: //table/tbody/tr[1]/td[1]
Found Element By : By.xpath: //table/tbody/tr[1]/td[1]
Trying to click on: [[ChromeDriver: chrome on MAC (a5a6b06f14b588a4aa5a91e4dec86dc9)] -> xpath: //table/tbody/tr[1]/td[1]]
Clicked on: [[ChromeDriver: chrome on MAC (a5a6b06f14b588a4aa5a91e4dec86dc9)] -> xpath: //table/tbody/tr[1]/td[1]]
Column value :TestAccountkool3
Trying to find Element By : By.xpath: //table/tbody/tr[1]/td[2]
Found Element By : By.xpath: //table/tbody/tr[1]/td[2]
Column ID :106
Trying to find Element By : By.xpath: //table/tbody/tr[1]/td[2]
Found Element By : By.xpath: //table/tbody/tr[1]/td[2]
Trying to find Element By : By.all({By.xpath: //table/tbody/tr})
Found Element By : By.all({By.xpath: //table/tbody/tr})
Trying to find Element By : By.all({By.xpath: //table/tbody/tr[1]/td})
Found Element By : By.all({By.xpath: //table/tbody/tr[1]/td})
Trying to find Element By : By.xpath: //button[@type='button' and @aria-label='Next page']
Found Element By : By.xpath: //button[@type='button' and @aria-label='Next page']
Trying to find Element By : By.xpath: //table/tbody/tr[1]/td[3]
Found Element By : By.xpath: //table/tbody/tr[1]/td[3]
Trying to find Element By : By.xpath: //table/tbody/tr[1]/td[1]
Found Element By : By.xpath: //table/tbody/tr[1]/td[1]
Trying to click on: [[ChromeDriver: chrome on MAC (a5a6b06f14b588a4aa5a91e4dec86dc9)] -> xpath: //table/tbody/tr[1]/td[1]]
Clicked on: [[ChromeDriver: chrome on MAC (a5a6b06f14b588a4aa5a91e4dec86dc9)] -> xpath: //table/tbody/tr[1]/td[1]]
Column value :TestAccountkool3
Trying to find Element By : By.xpath: //table/tbody/tr[1]/td[2]
Found Element By : By.xpath: //table/tbody/tr[1]/td[2]
Column ID :106
Trying to find Element By : By.xpath: //table/tbody/tr[1]/td[2]
Found Element By : By.xpath: //table/tbody/tr[1]/td[2]
06-09-2020 09:54:15 AdminUserStepDefinition.java INFO  [TestNG-tests-1] stepDefinitions.AdminUserStepDefinition 399 - Click on edit
Trying to find Element By : By.xpath: //h1[text()='User Accounts']
Found Element By : By.xpath: //h1[text()='User Accounts']
Trying to find Element By : By.xpath: //header/div/div[1]/button[1]
Found Element By : By.xpath: //header/div/div[1]/button[1]
Trying to click on: [[ChromeDriver: chrome on MAC (a5a6b06f14b588a4aa5a91e4dec86dc9)] -> xpath: //header/div/div[1]/button[1]]
Clicked on: [[ChromeDriver: chrome on MAC (a5a6b06f14b588a4aa5a91e4dec86dc9)] -> xpath: //header/div/div[1]/button[1]]
06-09-2020 09:54:15 AdminUserStepDefinition.java INFO  [TestNG-tests-1] stepDefinitions.AdminUserStepDefinition 402 - Fetch the data from create user page and put it in array list
Trying to find Element By : By.xpath: //span/form/div[3]/button/span
Found Element By : By.xpath: //span/form/div[3]/button/span
Trying to find Element By : By.xpath: //span/form/div[3]/button/span
Found Element By : By.xpath: //span/form/div[3]/button/span
Trying to find Element By : By.xpath: //span/form/div[3]/button/span
Found Element By : By.xpath: //span/form/div[3]/button/span
Trying to find Element By : By.xpath: //form//input[@type='radio' and @value='1']
Found Element By : By.xpath: //form//input[@type='radio' and @value='1']
Trying to find Element By : By.xpath: //label[text()='Account Name']/following-sibling::input[@type='text']
Found Element By : By.xpath: //label[text()='Account Name']/following-sibling::input[@type='text']
Trying to find Element By : By.xpath: //label[text()='E-Mail']/following-sibling::input[@type='text']
Found Element By : By.xpath: //label[text()='E-Mail']/following-sibling::input[@type='text']
Trying to find Element By : By.xpath: //label[text()='Password']/following-sibling::input[@type='password']
Found Element By : By.xpath: //label[text()='Password']/following-sibling::input[@type='password']
06-09-2020 09:54:16 AdminUserStepDefinition.java INFO  [TestNG-tests-1] stepDefinitions.AdminUserStepDefinition 404 - Account name asserted in create User page :TestAccountkool3
06-09-2020 09:54:16 AdminUserStepDefinition.java INFO  [TestNG-tests-1] stepDefinitions.AdminUserStepDefinition 406 - Email asserted in create user page :o5tbppcuwu@testqar.com
06-09-2020 09:54:16 AdminUserStepDefinition.java INFO  [TestNG-tests-1] stepDefinitions.AdminUserStepDefinition 408 - Password asserted in create user page :
06-09-2020 09:54:16 AdminUserStepDefinition.java INFO  [TestNG-tests-1] stepDefinitions.AdminUserStepDefinition 410 - Create usage page has been closed 
Trying to find Element By : By.xpath: //aside/header/div/button/span/i
Found Element By : By.xpath: //aside/header/div/button/span/i
Trying to click on: [[ChromeDriver: chrome on MAC (a5a6b06f14b588a4aa5a91e4dec86dc9)] -> xpath: //aside/header/div/button/span/i]
Clicked on: [[ChromeDriver: chrome on MAC (a5a6b06f14b588a4aa5a91e4dec86dc9)] -> xpath: //aside/header/div/button/span/i]
Trying to find Element By : By.xpath: //h1[text()='User Accounts']
Found Element By : By.xpath: //h1[text()='User Accounts']
Trying to find Element By : By.xpath: //span[text()='Active']
Found Element By : By.xpath: //span[text()='Active']
06-09-2020 09:54:16 AdminUserStepDefinition.java INFO  [TestNG-tests-1] stepDefinitions.AdminUserStepDefinition 412 - Click on active tab
06-09-2020 09:54:16 AdminUserStepDefinition.java INFO  [TestNG-tests-1] stepDefinitions.AdminUserStepDefinition 139 - Putting rowdata into arraylist 
Trying to find Element By : By.xpath: //h1[text()='User Accounts']
Found Element By : By.xpath: //h1[text()='User Accounts']
Trying to find Element By : By.all({By.xpath: //table/tbody/tr})
Found Element By : By.all({By.xpath: //table/tbody/tr})
Trying to find Element By : By.all({By.xpath: //table/tbody/tr})
Found Element By : By.all({By.xpath: //table/tbody/tr})
Trying to find Element By : By.all({By.xpath: //table/tbody/tr[1]/td})
Found Element By : By.all({By.xpath: //table/tbody/tr[1]/td})
Trying to find Element By : By.xpath: //button[@type='button' and @aria-label='Next page']
Found Element By : By.xpath: //button[@type='button' and @aria-label='Next page']
Trying to find Element By : By.xpath: //table/tbody/tr[1]/td[2]
Found Element By : By.xpath: //table/tbody/tr[1]/td[2]
Trying to find Element By : By.xpath: //table/tbody/tr[1]/td[2]
Found Element By : By.xpath: //table/tbody/tr[1]/td[2]
Trying to find Element By : By.xpath: //table/tbody/tr[1]/td[3]
Found Element By : By.xpath: //table/tbody/tr[1]/td[3]
Trying to find Element By : By.xpath: //table/tbody/tr[1]/td[4]
Found Element By : By.xpath: //table/tbody/tr[1]/td[4]
Trying to find Element By : By.xpath: //table/tbody/tr[1]/td[5]
Found Element By : By.xpath: //table/tbody/tr[1]/td[5]
06-09-2020 09:54:16 AdminUserStepDefinition.java INFO  [TestNG-tests-1] stepDefinitions.AdminUserStepDefinition 141 - User name asserted in tab :TestAccountkool3
06-09-2020 09:54:16 AdminUserStepDefinition.java INFO  [TestNG-tests-1] stepDefinitions.AdminUserStepDefinition 143 - Email asserted in tab :o5tbppcuwu@testqar.com
06-09-2020 09:54:16 AdminUserStepDefinition.java INFO  [TestNG-tests-1] stepDefinitions.AdminUserStepDefinition 145 - Role asserted in tab :Admin
Before navigating to: 'http://qa-publisher-portal.rmp.rakuten.com/login'
Navigated to:'http://qa-publisher-portal.rmp.rakuten.com/login'

  Scenario: Verify if user is able to modify disabled publisher account into disabled admin account from admin login. &amp#27;[90m# RXUsers.feature:87&amp#27;[0m
    &amp#27;[32mGiven &amp#27;[0m&amp#27;[32madmin user login to RX UI with valid username and password&amp#27;[0m                                                  &amp#27;[90m# ProfileStepDefinition.admin_user_login_to_RX_UI_with_valid_username_and_password()&amp#27;[0m
    &amp#27;[32mWhen &amp#27;[0m&amp#27;[32mclick on User option under accounts.&amp#27;[0m                                                                         &amp#27;[90m# AdminUserStepDefinition.click_on_User_option_under_accounts()&amp#27;[0m
    &amp#27;[32mThen &amp#27;[0m&amp#27;[32mclick on disabled tab and select one of the Publisher user.&amp#27;[0m                                                  &amp#27;[90m# AdminUserStepDefinition.click_on_disabled_tab_and_select_one_of_the_Publisher_user()&amp#27;[0m
    &amp#27;[32mThen &amp#27;[0m&amp#27;[32mClick on edit button.&amp#27;[0m                                                                                        &amp#27;[90m# AdminUserStepDefinition.click_on_edit_button()&amp#27;[0m
    &amp#27;[32mThen &amp#27;[0m&amp#27;[32mEdit the Publisher user to modify it into Admin&amp#27;[0m                                                              &amp#27;[90m# AdminUserStepDefinition.edit_the_Publisher_user_to_modify_it_into_Admin()&amp#27;[0m
    &amp#27;[32mThen &amp#27;[0m&amp#27;[32mClick on Save modify Publisher user&amp#27;[0m                                                                          &amp#27;[90m# AdminUserStepDefinition.click_on_Save_modify_Publisher_user()&amp#27;[0m
    &amp#27;[32mThen &amp#27;[0m&amp#27;[32massert the edited Admin user for filled values are displaying in create user page&amp#27;[0m                            &amp#27;[90m# AdminUserStepDefinition.assert_the_edited_Admin_user_for_filled_values_are_displaying_in_create_user_page()&amp#27;[0m
    &amp#27;[32mThen &amp#27;[0m&amp#27;[32massert the new user details in user page table view.&amp#27;[0m                                                         &amp#27;[90m# AdminUserStepDefinition.assert_the_new_user_details_in_user_page_table_view()&amp#27;[0m
Trying to find Element By : By.xpath: //input[@autofocus="autofocus"]
Found Element By : By.xpath: //input[@autofocus="autofocus"]
Value of the:[[ChromeDriver: chrome on MAC (210b3338f765cd31a2f4e5d11c18e7c5)] -> xpath: //input[@autofocus="autofocus"]] before any changes made
Element value changed to: [[ChromeDriver: chrome on MAC (210b3338f765cd31a2f4e5d11c18e7c5)] -> xpath: //input[@autofocus="autofocus"]]
Trying to find Element By : By.xpath: //input[@type="password"]
Found Element By : By.xpath: //input[@type="password"]
Value of the:[[ChromeDriver: chrome on MAC (210b3338f765cd31a2f4e5d11c18e7c5)] -> xpath: //input[@type="password"]] before any changes made
Element value changed to: [[ChromeDriver: chrome on MAC (210b3338f765cd31a2f4e5d11c18e7c5)] -> xpath: //input[@type="password"]]
Trying to find Element By : By.xpath: //span[text()='Login']
Found Element By : By.xpath: //span[text()='Login']
Trying to click on: [[ChromeDriver: chrome on MAC (210b3338f765cd31a2f4e5d11c18e7c5)] -> xpath: //span[text()='Login']]
Clicked on: [[ChromeDriver: chrome on MAC (210b3338f765cd31a2f4e5d11c18e7c5)] -> xpath: //span[text()='Login']]
Trying to find Element By : By.xpath: //div[@class="logo"]
Found Element By : By.xpath: //div[@class="logo"]
06-09-2020 09:54:29 AdminUserStepDefinition.java INFO  [TestNG-tests-1] stepDefinitions.AdminUserStepDefinition 44 - Clicked on Users option under Account
Trying to find Element By : By.xpath: //div[text()='Users']
Found Element By : By.xpath: //div[text()='Users']
Trying to find Element By : By.xpath: //div[text()='Users']
Found Element By : By.xpath: //div[text()='Users']
Trying to click on: [[ChromeDriver: chrome on MAC (210b3338f765cd31a2f4e5d11c18e7c5)] -> xpath: //div[text()='Users']]
Clicked on: [[ChromeDriver: chrome on MAC (210b3338f765cd31a2f4e5d11c18e7c5)] -> xpath: //div[text()='Users']]
06-09-2020 09:54:29 AdminUserStepDefinition.java INFO  [TestNG-tests-1] stepDefinitions.AdminUserStepDefinition 272 - Click on Disabled tab
Trying to find Element By : By.xpath: //h1[text()='User Accounts']
Found Element By : By.xpath: //h1[text()='User Accounts']
Trying to find Element By : By.xpath: //span[text()='Disabled']
Found Element By : By.xpath: //span[text()='Disabled']
Trying to find Element By : By.xpath: //span[text()='Disabled']
Found Element By : By.xpath: //span[text()='Disabled']
Trying to click on: [[ChromeDriver: chrome on MAC (210b3338f765cd31a2f4e5d11c18e7c5)] -> xpath: //span[text()='Disabled']]
Clicked on: [[ChromeDriver: chrome on MAC (210b3338f765cd31a2f4e5d11c18e7c5)] -> xpath: //span[text()='Disabled']]
06-09-2020 09:54:31 AdminUserStepDefinition.java INFO  [TestNG-tests-1] stepDefinitions.AdminUserStepDefinition 275 - Looking for a admin role
Trying to find Element By : By.all({By.xpath: //table/tbody/tr})
Found Element By : By.all({By.xpath: //table/tbody/tr})
Trying to find Element By : By.all({By.xpath: //table/tbody/tr[1]/td})
Found Element By : By.all({By.xpath: //table/tbody/tr[1]/td})
Trying to find Element By : By.xpath: //button[@type='button' and @aria-label='Next page']
Found Element By : By.xpath: //button[@type='button' and @aria-label='Next page']
Trying to find Element By : By.xpath: //table/tbody/tr[1]/td[2]
Found Element By : By.xpath: //table/tbody/tr[1]/td[2]
Trying to find Element By : By.xpath: //table/tbody/tr[1]/td[1]
Found Element By : By.xpath: //table/tbody/tr[1]/td[1]
Trying to click on: [[ChromeDriver: chrome on MAC (210b3338f765cd31a2f4e5d11c18e7c5)] -> xpath: //table/tbody/tr[1]/td[1]]
Clicked on: [[ChromeDriver: chrome on MAC (210b3338f765cd31a2f4e5d11c18e7c5)] -> xpath: //table/tbody/tr[1]/td[1]]
Trying to find Element By : By.xpath: //table/tbody/tr[1]/td[2]
Found Element By : By.xpath: //table/tbody/tr[1]/td[2]
06-09-2020 09:54:31 AdminUserStepDefinition.java INFO  [TestNG-tests-1] stepDefinitions.AdminUserStepDefinition 280 - Putting rowdata into arraylist 
Trying to find Element By : By.xpath: //h1[text()='User Accounts']
Found Element By : By.xpath: //h1[text()='User Accounts']
Trying to find Element By : By.all({By.xpath: //table/tbody/tr})
Found Element By : By.all({By.xpath: //table/tbody/tr})
Trying to find Element By : By.all({By.xpath: //table/tbody/tr})
Found Element By : By.all({By.xpath: //table/tbody/tr})
Trying to find Element By : By.all({By.xpath: //table/tbody/tr[1]/td})
Found Element By : By.all({By.xpath: //table/tbody/tr[1]/td})
Trying to find Element By : By.xpath: //button[@type='button' and @aria-label='Next page']
Found Element By : By.xpath: //button[@type='button' and @aria-label='Next page']
Trying to find Element By : By.xpath: //table/tbody/tr[1]/td[2]
Found Element By : By.xpath: //table/tbody/tr[1]/td[2]
Trying to find Element By : By.xpath: //table/tbody/tr[1]/td[2]
Found Element By : By.xpath: //table/tbody/tr[1]/td[2]
Trying to find Element By : By.xpath: //table/tbody/tr[1]/td[3]
Found Element By : By.xpath: //table/tbody/tr[1]/td[3]
Trying to find Element By : By.xpath: //table/tbody/tr[1]/td[4]
Found Element By : By.xpath: //table/tbody/tr[1]/td[4]
Trying to find Element By : By.xpath: //table/tbody/tr[1]/td[5]
Found Element By : By.xpath: //table/tbody/tr[1]/td[5]
06-09-2020 09:54:31 AdminUserStepDefinition.java INFO  [TestNG-tests-1] stepDefinitions.AdminUserStepDefinition 284 - User name asserted in tab when selected for modify :TestAccountkool3
06-09-2020 09:54:31 AdminUserStepDefinition.java INFO  [TestNG-tests-1] stepDefinitions.AdminUserStepDefinition 285 - Email asserted in tab when selected for modify :o5tbppcuwu@testqar.com
06-09-2020 09:54:31 AdminUserStepDefinition.java INFO  [TestNG-tests-1] stepDefinitions.AdminUserStepDefinition 286 - Role asserted in tab when selected for modify :Admin
Trying to find Element By : By.xpath: //h1[text()='User Accounts']
Found Element By : By.xpath: //h1[text()='User Accounts']
Trying to find Element By : By.xpath: //header/div/div[1]/button[2]
Found Element By : By.xpath: //header/div/div[1]/button[2]
Trying to click on: [[ChromeDriver: chrome on MAC (210b3338f765cd31a2f4e5d11c18e7c5)] -> xpath: //header/div/div[1]/button[2]]
Clicked on: [[ChromeDriver: chrome on MAC (210b3338f765cd31a2f4e5d11c18e7c5)] -> xpath: //header/div/div[1]/button[2]]
Trying to find Element By : By.xpath: //h1[text()='User Accounts']
Found Element By : By.xpath: //h1[text()='User Accounts']
Trying to find Element By : By.xpath: //span[text()='Active']
Found Element By : By.xpath: //span[text()='Active']
Trying to find Element By : By.xpath: //span[text()='Active']
Found Element By : By.xpath: //span[text()='Active']
Trying to click on: [[ChromeDriver: chrome on MAC (210b3338f765cd31a2f4e5d11c18e7c5)] -> xpath: //span[text()='Active']]
Clicked on: [[ChromeDriver: chrome on MAC (210b3338f765cd31a2f4e5d11c18e7c5)] -> xpath: //span[text()='Active']]
06-09-2020 09:54:41 AdminUserStepDefinition.java INFO  [TestNG-tests-1] stepDefinitions.AdminUserStepDefinition 139 - Putting rowdata into arraylist 
Trying to find Element By : By.xpath: //h1[text()='User Accounts']
Found Element By : By.xpath: //h1[text()='User Accounts']
Trying to find Element By : By.all({By.xpath: //table/tbody/tr})
Found Element By : By.all({By.xpath: //table/tbody/tr})
Trying to find Element By : By.all({By.xpath: //table/tbody/tr})
Found Element By : By.all({By.xpath: //table/tbody/tr})
Trying to find Element By : By.all({By.xpath: //table/tbody/tr[1]/td})
Found Element By : By.all({By.xpath: //table/tbody/tr[1]/td})
Trying to find Element By : By.xpath: //button[@type='button' and @aria-label='Next page']
Found Element By : By.xpath: //button[@type='button' and @aria-label='Next page']
Trying to find Element By : By.xpath: //table/tbody/tr[1]/td[2]
Found Element By : By.xpath: //table/tbody/tr[1]/td[2]
Trying to find Element By : By.xpath: //table/tbody/tr[1]/td[2]
Found Element By : By.xpath: //table/tbody/tr[1]/td[2]
Trying to find Element By : By.xpath: //table/tbody/tr[1]/td[3]
Found Element By : By.xpath: //table/tbody/tr[1]/td[3]
Trying to find Element By : By.xpath: //table/tbody/tr[1]/td[4]
Found Element By : By.xpath: //table/tbody/tr[1]/td[4]
Trying to find Element By : By.xpath: //table/tbody/tr[1]/td[5]
Found Element By : By.xpath: //table/tbody/tr[1]/td[5]
06-09-2020 09:54:42 AdminUserStepDefinition.java INFO  [TestNG-tests-1] stepDefinitions.AdminUserStepDefinition 141 - User name asserted in tab :TestAccountkool3
06-09-2020 09:54:42 AdminUserStepDefinition.java INFO  [TestNG-tests-1] stepDefinitions.AdminUserStepDefinition 143 - Email asserted in tab :o5tbppcuwu@testqar.com
06-09-2020 09:54:42 AdminUserStepDefinition.java INFO  [TestNG-tests-1] stepDefinitions.AdminUserStepDefinition 145 - Role asserted in tab :Admin
Before navigating to: 'http://qa-publisher-portal.rmp.rakuten.com/login'
Navigated to:'http://qa-publisher-portal.rmp.rakuten.com/login'

  Scenario: Verify if user is able to Activate the disabled Admin account with admin login. &amp#27;[90m# RXUsers.feature:97&amp#27;[0m
    &amp#27;[32mGiven &amp#27;[0m&amp#27;[32madmin user login to RX UI with valid username and password&amp#27;[0m                        &amp#27;[90m# ProfileStepDefinition.admin_user_login_to_RX_UI_with_valid_username_and_password()&amp#27;[0m
    &amp#27;[32mWhen &amp#27;[0m&amp#27;[32mclick on User option under accounts.&amp#27;[0m                                               &amp#27;[90m# AdminUserStepDefinition.click_on_User_option_under_accounts()&amp#27;[0m
    &amp#27;[32mThen &amp#27;[0m&amp#27;[32mclick on disabled tab and select one of the Admin user.&amp#27;[0m                            &amp#27;[90m# AdminUserStepDefinition.click_on_disabled_tab_and_select_one_of_the_admin_user()&amp#27;[0m
    &amp#27;[32mThen &amp#27;[0m&amp#27;[32mclick on Enable user button and navigate to Activate tab&amp#27;[0m                           &amp#27;[90m# AdminUserStepDefinition.click_on_Enable_user_button_and_navigate_to_Activate_tab()&amp#27;[0m
    &amp#27;[32mThen &amp#27;[0m&amp#27;[32massert the new user details in user page table view.&amp#27;[0m                               &amp#27;[90m# AdminUserStepDefinition.assert_the_new_user_details_in_user_page_table_view()&amp#27;[0m
Trying to find Element By : By.xpath: //input[@autofocus="autofocus"]
Found Element By : By.xpath: //input[@autofocus="autofocus"]
Value of the:[[ChromeDriver: chrome on MAC (b0ea6659f44669d880a13887aae2e6c4)] -> xpath: //input[@autofocus="autofocus"]] before any changes made
Element value changed to: [[ChromeDriver: chrome on MAC (b0ea6659f44669d880a13887aae2e6c4)] -> xpath: //input[@autofocus="autofocus"]]
Trying to find Element By : By.xpath: //input[@type="password"]
Found Element By : By.xpath: //input[@type="password"]
Value of the:[[ChromeDriver: chrome on MAC (b0ea6659f44669d880a13887aae2e6c4)] -> xpath: //input[@type="password"]] before any changes made
Element value changed to: [[ChromeDriver: chrome on MAC (b0ea6659f44669d880a13887aae2e6c4)] -> xpath: //input[@type="password"]]
Trying to find Element By : By.xpath: //span[text()='Login']
Found Element By : By.xpath: //span[text()='Login']
Trying to click on: [[ChromeDriver: chrome on MAC (b0ea6659f44669d880a13887aae2e6c4)] -> xpath: //span[text()='Login']]
Clicked on: [[ChromeDriver: chrome on MAC (b0ea6659f44669d880a13887aae2e6c4)] -> xpath: //span[text()='Login']]
Trying to find Element By : By.xpath: //div[@class="logo"]
Found Element By : By.xpath: //div[@class="logo"]
06-09-2020 09:54:54 AdminUserStepDefinition.java INFO  [TestNG-tests-1] stepDefinitions.AdminUserStepDefinition 44 - Clicked on Users option under Account
Trying to find Element By : By.xpath: //div[text()='Users']
Found Element By : By.xpath: //div[text()='Users']
Trying to find Element By : By.xpath: //div[text()='Users']
Found Element By : By.xpath: //div[text()='Users']
Trying to click on: [[ChromeDriver: chrome on MAC (b0ea6659f44669d880a13887aae2e6c4)] -> xpath: //div[text()='Users']]
Clicked on: [[ChromeDriver: chrome on MAC (b0ea6659f44669d880a13887aae2e6c4)] -> xpath: //div[text()='Users']]
06-09-2020 09:54:54 AdminUserStepDefinition.java INFO  [TestNG-tests-1] stepDefinitions.AdminUserStepDefinition 60 - Clicked on create user button
Trying to find Element By : By.xpath: //h1[text()='User Accounts']
Found Element By : By.xpath: //h1[text()='User Accounts']
Trying to find Element By : By.xpath: //header/div/div[1]/button[1]
Found Element By : By.xpath: //header/div/div[1]/button[1]
Trying to click on: [[ChromeDriver: chrome on MAC (b0ea6659f44669d880a13887aae2e6c4)] -> xpath: //header/div/div[1]/button[1]]
Clicked on: [[ChromeDriver: chrome on MAC (b0ea6659f44669d880a13887aae2e6c4)] -> xpath: //header/div/div[1]/button[1]]
06-09-2020 09:54:56 AdminUserStepDefinition.java INFO  [TestNG-tests-1] stepDefinitions.AdminUserStepDefinition 163 - Fetch the test data from
Trying to find Element By : By.xpath: //span/form/div[3]/button/span
Found Element By : By.xpath: //span/form/div[3]/button/span
Trying to find Element By : By.xpath: //span/form/div[3]/button/span
Found Element By : By.xpath: //span/form/div[3]/button/span
06-09-2020 09:54:57 AdminUserStepDefinition.java INFO  [TestNG-tests-1] stepDefinitions.AdminUserStepDefinition 165 - Store test data in temp variable
06-09-2020 09:54:57 AdminUserStepDefinition.java INFO  [TestNG-tests-1] stepDefinitions.AdminUserStepDefinition 171 - Fill the fields in create user pageMark Mceachran-Test1
Trying to find Element By : By.xpath: //form/div[2]/div/div/div[1]/div/div[2]/div/div
Found Element By : By.xpath: //form/div[2]/div/div/div[1]/div/div[2]/div/div
Trying to click on: [[ChromeDriver: chrome on MAC (b0ea6659f44669d880a13887aae2e6c4)] -> xpath: //form/div[2]/div/div/div[1]/div/div[2]/div/div]
Clicked on: [[ChromeDriver: chrome on MAC (b0ea6659f44669d880a13887aae2e6c4)] -> xpath: //form/div[2]/div/div/div[1]/div/div[2]/div/div]
Trying to find Element By : By.xpath: //label[text()='Account Name']/following-sibling::input[@type='text']
Found Element By : By.xpath: //label[text()='Account Name']/following-sibling::input[@type='text']
Value of the:[[ChromeDriver: chrome on MAC (b0ea6659f44669d880a13887aae2e6c4)] -> xpath: //label[text()='Account Name']/following-sibling::input[@type='text']] before any changes made
Element value changed to: [[ChromeDriver: chrome on MAC (b0ea6659f44669d880a13887aae2e6c4)] -> xpath: //label[text()='Account Name']/following-sibling::input[@type='text']]
Trying to find Element By : By.xpath: //label[text()='E-Mail']/following-sibling::input[@type='text']
Found Element By : By.xpath: //label[text()='E-Mail']/following-sibling::input[@type='text']
Value of the:[[ChromeDriver: chrome on MAC (b0ea6659f44669d880a13887aae2e6c4)] -> xpath: //label[text()='E-Mail']/following-sibling::input[@type='text']] before any changes made
Element value changed to: [[ChromeDriver: chrome on MAC (b0ea6659f44669d880a13887aae2e6c4)] -> xpath: //label[text()='E-Mail']/following-sibling::input[@type='text']]
Trying to find Element By : By.xpath: //label[text()='Password']/following-sibling::input[@type='password']
Found Element By : By.xpath: //label[text()='Password']/following-sibling::input[@type='password']
Value of the:[[ChromeDriver: chrome on MAC (b0ea6659f44669d880a13887aae2e6c4)] -> xpath: //label[text()='Password']/following-sibling::input[@type='password']] before any changes made
Element value changed to: [[ChromeDriver: chrome on MAC (b0ea6659f44669d880a13887aae2e6c4)] -> xpath: //label[text()='Password']/following-sibling::input[@type='password']]
Trying to find Element By : By.xpath: //span[1]/div/div/div[1]/div[1]/div[2]/div/i
Found Element By : By.xpath: //span[1]/div/div/div[1]/div[1]/div[2]/div/i
Trying to find Element By : By.xpath: //span[1]/div/div/div[1]/div[1]/div[2]/div/i
Found Element By : By.xpath: //span[1]/div/div/div[1]/div[1]/div[2]/div/i
Trying to click on: [[ChromeDriver: chrome on MAC (b0ea6659f44669d880a13887aae2e6c4)] -> xpath: //span[1]/div/div/div[1]/div[1]/div[2]/div/i]
Clicked on: [[ChromeDriver: chrome on MAC (b0ea6659f44669d880a13887aae2e6c4)] -> xpath: //span[1]/div/div/div[1]/div[1]/div[2]/div/i]
Trying to find Element By : By.xpath: //div[text()='Mark Mceachran-Test1']
Found Element By : By.xpath: //div[text()='Mark Mceachran-Test1']
Trying to click on: [[ChromeDriver: chrome on MAC (b0ea6659f44669d880a13887aae2e6c4)] -> xpath: //div[text()='Mark Mceachran-Test1']]
Clicked on: [[ChromeDriver: chrome on MAC (b0ea6659f44669d880a13887aae2e6c4)] -> xpath: //div[text()='Mark Mceachran-Test1']]
Trying to find Element By : By.xpath: //div[text()='Mark Mceachran-Test1']
Found Element By : By.xpath: //div[text()='Mark Mceachran-Test1']
Publisher selected :Mark Mceachran-Test1
06-09-2020 09:54:58 AdminUserStepDefinition.java INFO  [TestNG-tests-1] stepDefinitions.AdminUserStepDefinition 101 - Click on Save and assert user created successfully
Trying to find Element By : By.xpath: //span/form/div[3]/button/span
Found Element By : By.xpath: //span/form/div[3]/button/span
Trying to find Element By : By.xpath: //span/form/div[3]/button/span
Found Element By : By.xpath: //span/form/div[3]/button/span
Trying to click on: [[ChromeDriver: chrome on MAC (b0ea6659f44669d880a13887aae2e6c4)] -> xpath: //span/form/div[3]/button/span]
Clicked on: [[ChromeDriver: chrome on MAC (b0ea6659f44669d880a13887aae2e6c4)] -> xpath: //span/form/div[3]/button/span]
Trying to find Element By : By.xpath: //span/form/div[3]/button/span
Found Element By : By.xpath: //span/form/div[3]/button/span
Trying to find Element By : By.xpath: //span/form/div[3]/button/span
Found Element By : By.xpath: //span/form/div[3]/button/span
Trying to find Element By : By.xpath: //span/form/div[3]/button/span
Found Element By : By.xpath: //span/form/div[3]/button/span
Trying to find Element By : By.xpath: //span/form/div[3]/button/span
Found Element By : By.xpath: //span/form/div[3]/button/span
Trying to find Element By : By.xpath: //span/form/div[3]/button/span
Found Element By : By.xpath: //span/form/div[3]/button/span
Trying to find Element By : By.xpath: //span/form/div[3]/button/span
Found Element By : By.xpath: //span/form/div[3]/button/span
Trying to find Element By : By.xpath: //span/form/div[3]/button/span
Found Element By : By.xpath: //span/form/div[3]/button/span
06-09-2020 09:55:00 AdminUserStepDefinition.java INFO  [TestNG-tests-1] stepDefinitions.AdminUserStepDefinition 103 - Create seat page has been closed 
Trying to find Element By : By.xpath: //aside/header/div/button/span/i
Found Element By : By.xpath: //aside/header/div/button/span/i
Trying to click on: [[ChromeDriver: chrome on MAC (b0ea6659f44669d880a13887aae2e6c4)] -> xpath: //aside/header/div/button/span/i]
Clicked on: [[ChromeDriver: chrome on MAC (b0ea6659f44669d880a13887aae2e6c4)] -> xpath: //aside/header/div/button/span/i]
Trying to find Element By : By.xpath: //h1[text()='User Accounts']
Found Element By : By.xpath: //h1[text()='User Accounts']
Trying to find Element By : By.xpath: //span[text()='Active']
Found Element By : By.xpath: //span[text()='Active']
06-09-2020 09:55:00 AdminUserStepDefinition.java INFO  [TestNG-tests-1] stepDefinitions.AdminUserStepDefinition 186 - Click on active tab
Trying to find Element By : By.xpath: //h1[text()='User Accounts']
Found Element By : By.xpath: //h1[text()='User Accounts']
Trying to find Element By : By.xpath: //span[text()='Active']
Found Element By : By.xpath: //span[text()='Active']
Trying to find Element By : By.xpath: //span[text()='Active']
Found Element By : By.xpath: //span[text()='Active']
Trying to click on: [[ChromeDriver: chrome on MAC (b0ea6659f44669d880a13887aae2e6c4)] -> xpath: //span[text()='Active']]
Clicked on: [[ChromeDriver: chrome on MAC (b0ea6659f44669d880a13887aae2e6c4)] -> xpath: //span[text()='Active']]
Trying to find Element By : By.xpath: //h1[text()='User Accounts']
Found Element By : By.xpath: //h1[text()='User Accounts']
Trying to find Element By : By.xpath: //table/tbody/tr[1]/td[3]
Found Element By : By.xpath: //table/tbody/tr[1]/td[3]
Trying to find Element By : By.xpath: //table/tbody/tr[1]/td[1]
Found Element By : By.xpath: //table/tbody/tr[1]/td[1]
Trying to click on: [[ChromeDriver: chrome on MAC (b0ea6659f44669d880a13887aae2e6c4)] -> xpath: //table/tbody/tr[1]/td[1]]
Clicked on: [[ChromeDriver: chrome on MAC (b0ea6659f44669d880a13887aae2e6c4)] -> xpath: //table/tbody/tr[1]/td[1]]
Trying to find Element By : By.xpath: //table/tbody/tr[1]/td[2]
Found Element By : By.xpath: //table/tbody/tr[1]/td[2]
06-09-2020 09:55:01 AdminUserStepDefinition.java INFO  [TestNG-tests-1] stepDefinitions.AdminUserStepDefinition 192 - Click on created user check box in the table :107
06-09-2020 09:55:01 AdminUserStepDefinition.java INFO  [TestNG-tests-1] stepDefinitions.AdminUserStepDefinition 193 - Click on edit
Trying to find Element By : By.xpath: //h1[text()='User Accounts']
Found Element By : By.xpath: //h1[text()='User Accounts']
Trying to find Element By : By.xpath: //header/div/div[1]/button[1]
Found Element By : By.xpath: //header/div/div[1]/button[1]
Trying to click on: [[ChromeDriver: chrome on MAC (b0ea6659f44669d880a13887aae2e6c4)] -> xpath: //header/div/div[1]/button[1]]
Clicked on: [[ChromeDriver: chrome on MAC (b0ea6659f44669d880a13887aae2e6c4)] -> xpath: //header/div/div[1]/button[1]]
06-09-2020 09:55:01 AdminUserStepDefinition.java INFO  [TestNG-tests-1] stepDefinitions.AdminUserStepDefinition 196 - Fetch the data from create user page and put it in array list
Trying to find Element By : By.xpath: //span/form/div[3]/button/span
Found Element By : By.xpath: //span/form/div[3]/button/span
Trying to find Element By : By.xpath: //span/form/div[3]/button/span
Found Element By : By.xpath: //span/form/div[3]/button/span
Trying to find Element By : By.xpath: //span/form/div[3]/button/span
Found Element By : By.xpath: //span/form/div[3]/button/span
Trying to find Element By : By.xpath: //form//input[@type='radio' and @value='1']
Found Element By : By.xpath: //form//input[@type='radio' and @value='1']
Trying to find Element By : By.xpath: //span/form/div[3]/button/span
Found Element By : By.xpath: //span/form/div[3]/button/span
Trying to find Element By : By.xpath: //form//input[@type='radio' and @value='0']
Found Element By : By.xpath: //form//input[@type='radio' and @value='0']
Trying to find Element By : By.xpath: //div[text()='Mark Mceachran-Test1']
Found Element By : By.xpath: //div[text()='Mark Mceachran-Test1']
Entered Publisher Mark Mceachran-Test1
Trying to find Element By : By.xpath: //div[text()='Mark Mceachran-Test1']
Found Element By : By.xpath: //div[text()='Mark Mceachran-Test1']
Trying to find Element By : By.xpath: //label[text()='Account Name']/following-sibling::input[@type='text']
Found Element By : By.xpath: //label[text()='Account Name']/following-sibling::input[@type='text']
Trying to find Element By : By.xpath: //label[text()='E-Mail']/following-sibling::input[@type='text']
Found Element By : By.xpath: //label[text()='E-Mail']/following-sibling::input[@type='text']
Trying to find Element By : By.xpath: //label[text()='Password']/following-sibling::input[@type='password']
Found Element By : By.xpath: //label[text()='Password']/following-sibling::input[@type='password']
06-09-2020 09:55:03 AdminUserStepDefinition.java INFO  [TestNG-tests-1] stepDefinitions.AdminUserStepDefinition 198 - Publihser name asserted in create User page :4Mark Mceachran-Test1
06-09-2020 09:55:03 AdminUserStepDefinition.java INFO  [TestNG-tests-1] stepDefinitions.AdminUserStepDefinition 200 - Account name asserted in create User page :TestAccountm0ldi
06-09-2020 09:55:03 AdminUserStepDefinition.java INFO  [TestNG-tests-1] stepDefinitions.AdminUserStepDefinition 202 - Email asserted in create user page :7uuyedx9bc@testqar.com
06-09-2020 09:55:03 AdminUserStepDefinition.java INFO  [TestNG-tests-1] stepDefinitions.AdminUserStepDefinition 204 - Password asserted in create user page :
06-09-2020 09:55:03 AdminUserStepDefinition.java INFO  [TestNG-tests-1] stepDefinitions.AdminUserStepDefinition 206 - Create usage page has been closed 
Trying to find Element By : By.xpath: //aside/header/div/button/span/i
Found Element By : By.xpath: //aside/header/div/button/span/i
Trying to click on: [[ChromeDriver: chrome on MAC (b0ea6659f44669d880a13887aae2e6c4)] -> xpath: //aside/header/div/button/span/i]
Clicked on: [[ChromeDriver: chrome on MAC (b0ea6659f44669d880a13887aae2e6c4)] -> xpath: //aside/header/div/button/span/i]
Trying to find Element By : By.xpath: //h1[text()='User Accounts']
Found Element By : By.xpath: //h1[text()='User Accounts']
Trying to find Element By : By.xpath: //span[text()='Active']
Found Element By : By.xpath: //span[text()='Active']
06-09-2020 09:55:03 AdminUserStepDefinition.java INFO  [TestNG-tests-1] stepDefinitions.AdminUserStepDefinition 208 - Click on active tab
Trying to find Element By : By.xpath: //h1[text()='User Accounts']
Found Element By : By.xpath: //h1[text()='User Accounts']
Trying to find Element By : By.xpath: //span[text()='Active']
Found Element By : By.xpath: //span[text()='Active']
Trying to find Element By : By.xpath: //span[text()='Active']
Found Element By : By.xpath: //span[text()='Active']
Trying to click on: [[ChromeDriver: chrome on MAC (b0ea6659f44669d880a13887aae2e6c4)] -> xpath: //span[text()='Active']]
Clicked on: [[ChromeDriver: chrome on MAC (b0ea6659f44669d880a13887aae2e6c4)] -> xpath: //span[text()='Active']]
06-09-2020 09:55:03 AdminUserStepDefinition.java INFO  [TestNG-tests-1] stepDefinitions.AdminUserStepDefinition 139 - Putting rowdata into arraylist 
Trying to find Element By : By.xpath: //h1[text()='User Accounts']
Found Element By : By.xpath: //h1[text()='User Accounts']
Trying to find Element By : By.all({By.xpath: //table/tbody/tr})
Found Element By : By.all({By.xpath: //table/tbody/tr})
Trying to find Element By : By.all({By.xpath: //table/tbody/tr})
Found Element By : By.all({By.xpath: //table/tbody/tr})
Trying to find Element By : By.all({By.xpath: //table/tbody/tr[1]/td})
Found Element By : By.all({By.xpath: //table/tbody/tr[1]/td})
Trying to find Element By : By.xpath: //button[@type='button' and @aria-label='Next page']
Found Element By : By.xpath: //button[@type='button' and @aria-label='Next page']
Trying to find Element By : By.xpath: //table/tbody/tr[1]/td[2]
Found Element By : By.xpath: //table/tbody/tr[1]/td[2]
Trying to find Element By : By.xpath: //table/tbody/tr[1]/td[2]
Found Element By : By.xpath: //table/tbody/tr[1]/td[2]
Trying to find Element By : By.xpath: //table/tbody/tr[1]/td[3]
Found Element By : By.xpath: //table/tbody/tr[1]/td[3]
Trying to find Element By : By.xpath: //table/tbody/tr[1]/td[4]
Found Element By : By.xpath: //table/tbody/tr[1]/td[4]
Trying to find Element By : By.xpath: //table/tbody/tr[1]/td[5]
Found Element By : By.xpath: //table/tbody/tr[1]/td[5]
06-09-2020 09:55:03 AdminUserStepDefinition.java INFO  [TestNG-tests-1] stepDefinitions.AdminUserStepDefinition 141 - User name asserted in tab :TestAccountm0ldi
06-09-2020 09:55:03 AdminUserStepDefinition.java INFO  [TestNG-tests-1] stepDefinitions.AdminUserStepDefinition 143 - Email asserted in tab :7uuyedx9bc@testqar.com
06-09-2020 09:55:03 AdminUserStepDefinition.java INFO  [TestNG-tests-1] stepDefinitions.AdminUserStepDefinition 145 - Role asserted in tab :Publisher
Before navigating to: 'http://qa-publisher-portal.rmp.rakuten.com/login'
Navigated to:'http://qa-publisher-portal.rmp.rakuten.com/login'

  Scenario: Verify if user is able to create new publisher account from  admin login.       &amp#27;[90m# RXUsers.feature:104&amp#27;[0m
    &amp#27;[32mGiven &amp#27;[0m&amp#27;[32madmin user login to RX UI with valid username and password&amp#27;[0m                        &amp#27;[90m# ProfileStepDefinition.admin_user_login_to_RX_UI_with_valid_username_and_password()&amp#27;[0m
    &amp#27;[32mWhen &amp#27;[0m&amp#27;[32mclick on User option under accounts.&amp#27;[0m                                               &amp#27;[90m# AdminUserStepDefinition.click_on_User_option_under_accounts()&amp#27;[0m
    &amp#27;[32mThen &amp#27;[0m&amp#27;[32mclick on create user.&amp#27;[0m                                                              &amp#27;[90m# AdminUserStepDefinition.click_on_create_user()&amp#27;[0m
    &amp#27;[32mThen &amp#27;[0m&amp#27;[32mfill the create Publisher user page&amp#27;[0m                                                &amp#27;[90m# AdminUserStepDefinition.fill_the_create_Publisher_user_page()&amp#27;[0m
    &amp#27;[32mThen &amp#27;[0m&amp#27;[32mClick on Save&amp#27;[0m                                                                      &amp#27;[90m# AdminUserStepDefinition.click_on_Save()&amp#27;[0m
    &amp#27;[32mThen &amp#27;[0m&amp#27;[32massert the new Publisher user for filled values are displaying in create user page&amp#27;[0m &amp#27;[90m# AdminUserStepDefinition.assert_the_new_Publisher_user_for_filled_values_are_displaying_in_create_user_page()&amp#27;[0m
    &amp#27;[32mThen &amp#27;[0m&amp#27;[32massert the new user details in user page table view.&amp#27;[0m                               &amp#27;[90m# AdminUserStepDefinition.assert_the_new_user_details_in_user_page_table_view()&amp#27;[0m
Trying to find Element By : By.xpath: //input[@autofocus="autofocus"]
Found Element By : By.xpath: //input[@autofocus="autofocus"]
Value of the:[[ChromeDriver: chrome on MAC (5337e365afb1721425744998eeb8a45c)] -> xpath: //input[@autofocus="autofocus"]] before any changes made
Element value changed to: [[ChromeDriver: chrome on MAC (5337e365afb1721425744998eeb8a45c)] -> xpath: //input[@autofocus="autofocus"]]
Trying to find Element By : By.xpath: //input[@type="password"]
Found Element By : By.xpath: //input[@type="password"]
Value of the:[[ChromeDriver: chrome on MAC (5337e365afb1721425744998eeb8a45c)] -> xpath: //input[@type="password"]] before any changes made
Element value changed to: [[ChromeDriver: chrome on MAC (5337e365afb1721425744998eeb8a45c)] -> xpath: //input[@type="password"]]
Trying to find Element By : By.xpath: //span[text()='Login']
Found Element By : By.xpath: //span[text()='Login']
Trying to click on: [[ChromeDriver: chrome on MAC (5337e365afb1721425744998eeb8a45c)] -> xpath: //span[text()='Login']]
Clicked on: [[ChromeDriver: chrome on MAC (5337e365afb1721425744998eeb8a45c)] -> xpath: //span[text()='Login']]
Trying to find Element By : By.xpath: //div[@class="logo"]
Found Element By : By.xpath: //div[@class="logo"]
06-09-2020 09:55:15 AdminUserStepDefinition.java INFO  [TestNG-tests-1] stepDefinitions.AdminUserStepDefinition 44 - Clicked on Users option under Account
Trying to find Element By : By.xpath: //div[text()='Users']
Found Element By : By.xpath: //div[text()='Users']
Trying to find Element By : By.xpath: //div[text()='Users']
Found Element By : By.xpath: //div[text()='Users']
Trying to click on: [[ChromeDriver: chrome on MAC (5337e365afb1721425744998eeb8a45c)] -> xpath: //div[text()='Users']]
Clicked on: [[ChromeDriver: chrome on MAC (5337e365afb1721425744998eeb8a45c)] -> xpath: //div[text()='Users']]
06-09-2020 09:55:16 AdminUserStepDefinition.java INFO  [TestNG-tests-1] stepDefinitions.AdminUserStepDefinition 249 - Click on active tab
Trying to find Element By : By.xpath: //h1[text()='User Accounts']
Found Element By : By.xpath: //h1[text()='User Accounts']
Trying to find Element By : By.xpath: //span[text()='Active']
Found Element By : By.xpath: //span[text()='Active']
Trying to find Element By : By.xpath: //span[text()='Active']
Found Element By : By.xpath: //span[text()='Active']
Trying to click on: [[ChromeDriver: chrome on MAC (5337e365afb1721425744998eeb8a45c)] -> xpath: //span[text()='Active']]
Clicked on: [[ChromeDriver: chrome on MAC (5337e365afb1721425744998eeb8a45c)] -> xpath: //span[text()='Active']]
06-09-2020 09:55:18 AdminUserStepDefinition.java INFO  [TestNG-tests-1] stepDefinitions.AdminUserStepDefinition 252 - Looking for a Publisher role
Trying to find Element By : By.all({By.xpath: //table/tbody/tr})
Found Element By : By.all({By.xpath: //table/tbody/tr})
Trying to find Element By : By.all({By.xpath: //table/tbody/tr[1]/td})
Found Element By : By.all({By.xpath: //table/tbody/tr[1]/td})
Trying to find Element By : By.xpath: //button[@type='button' and @aria-label='Next page']
Found Element By : By.xpath: //button[@type='button' and @aria-label='Next page']
Trying to find Element By : By.xpath: //table/tbody/tr[1]/td[2]
Found Element By : By.xpath: //table/tbody/tr[1]/td[2]
Trying to find Element By : By.xpath: //table/tbody/tr[1]/td[1]
Found Element By : By.xpath: //table/tbody/tr[1]/td[1]
Trying to click on: [[ChromeDriver: chrome on MAC (5337e365afb1721425744998eeb8a45c)] -> xpath: //table/tbody/tr[1]/td[1]]
Clicked on: [[ChromeDriver: chrome on MAC (5337e365afb1721425744998eeb8a45c)] -> xpath: //table/tbody/tr[1]/td[1]]
Trying to find Element By : By.xpath: //table/tbody/tr[1]/td[2]
Found Element By : By.xpath: //table/tbody/tr[1]/td[2]
06-09-2020 09:55:23 AdminUserStepDefinition.java INFO  [TestNG-tests-1] stepDefinitions.AdminUserStepDefinition 257 - Putting rowdata into arraylist 
Trying to find Element By : By.xpath: //h1[text()='User Accounts']
Found Element By : By.xpath: //h1[text()='User Accounts']
Trying to find Element By : By.all({By.xpath: //table/tbody/tr})
Found Element By : By.all({By.xpath: //table/tbody/tr})
Trying to find Element By : By.all({By.xpath: //table/tbody/tr})
Found Element By : By.all({By.xpath: //table/tbody/tr})
Trying to find Element By : By.all({By.xpath: //table/tbody/tr[1]/td})
Found Element By : By.all({By.xpath: //table/tbody/tr[1]/td})
Trying to find Element By : By.xpath: //button[@type='button' and @aria-label='Next page']
Found Element By : By.xpath: //button[@type='button' and @aria-label='Next page']
Trying to find Element By : By.xpath: //table/tbody/tr[1]/td[2]
Found Element By : By.xpath: //table/tbody/tr[1]/td[2]
Trying to find Element By : By.xpath: //table/tbody/tr[1]/td[2]
Found Element By : By.xpath: //table/tbody/tr[1]/td[2]
Trying to find Element By : By.xpath: //table/tbody/tr[1]/td[3]
Found Element By : By.xpath: //table/tbody/tr[1]/td[3]
Trying to find Element By : By.xpath: //table/tbody/tr[1]/td[4]
Found Element By : By.xpath: //table/tbody/tr[1]/td[4]
Trying to find Element By : By.xpath: //table/tbody/tr[1]/td[5]
Found Element By : By.xpath: //table/tbody/tr[1]/td[5]
06-09-2020 09:55:23 AdminUserStepDefinition.java INFO  [TestNG-tests-1] stepDefinitions.AdminUserStepDefinition 262 - User name asserted in tab when selected for modify :TestAccountm0ldi
06-09-2020 09:55:23 AdminUserStepDefinition.java INFO  [TestNG-tests-1] stepDefinitions.AdminUserStepDefinition 263 - Email asserted in tab when selected for modify :7uuyedx9bc@testqar.com
06-09-2020 09:55:23 AdminUserStepDefinition.java INFO  [TestNG-tests-1] stepDefinitions.AdminUserStepDefinition 264 - Role asserted in tab when selected for modify :Publisher
06-09-2020 09:55:23 AdminUserStepDefinition.java INFO  [TestNG-tests-1] stepDefinitions.AdminUserStepDefinition 321 - Clicked on edit user button
Trying to find Element By : By.xpath: //h1[text()='User Accounts']
Found Element By : By.xpath: //h1[text()='User Accounts']
Trying to find Element By : By.xpath: //header/div/div[1]/button[1]
Found Element By : By.xpath: //header/div/div[1]/button[1]
Trying to click on: [[ChromeDriver: chrome on MAC (5337e365afb1721425744998eeb8a45c)] -> xpath: //header/div/div[1]/button[1]]
Clicked on: [[ChromeDriver: chrome on MAC (5337e365afb1721425744998eeb8a45c)] -> xpath: //header/div/div[1]/button[1]]
06-09-2020 09:55:28 AdminUserStepDefinition.java INFO  [TestNG-tests-1] stepDefinitions.AdminUserStepDefinition 327 - Fetch the test data from
Trying to find Element By : By.xpath: //span/form/div[3]/button/span
Found Element By : By.xpath: //span/form/div[3]/button/span
Trying to find Element By : By.xpath: //span/form/div[3]/button/span
Found Element By : By.xpath: //span/form/div[3]/button/span
Trying to find Element By : By.xpath: //span/form/div[3]/button/span
Found Element By : By.xpath: //span/form/div[3]/button/span
Trying to find Element By : By.xpath: //span/form/div[3]/button/span
Found Element By : By.xpath: //span/form/div[3]/button/span
Trying to find Element By : By.xpath: //span/form/div[3]/button/span
Found Element By : By.xpath: //span/form/div[3]/button/span
Trying to find Element By : By.xpath: //span/form/div[3]/button/span
Found Element By : By.xpath: //span/form/div[3]/button/span
Trying to find Element By : By.xpath: //span/form/div[3]/button/span
Found Element By : By.xpath: //span/form/div[3]/button/span
Trying to find Element By : By.xpath: //span/form/div[3]/button/span
Found Element By : By.xpath: //span/form/div[3]/button/span
Trying to find Element By : By.xpath: //span/form/div[3]/button/span
Found Element By : By.xpath: //span/form/div[3]/button/span
Trying to find Element By : By.xpath: //span/form/div[3]/button/span
Found Element By : By.xpath: //span/form/div[3]/button/span
Trying to find Element By : By.xpath: //span/form/div[3]/button/span
Found Element By : By.xpath: //span/form/div[3]/button/span
Trying to find Element By : By.xpath: //span/form/div[3]/button/span
Found Element By : By.xpath: //span/form/div[3]/button/span
Trying to find Element By : By.xpath: //span/form/div[3]/button/span
Found Element By : By.xpath: //span/form/div[3]/button/span
Trying to find Element By : By.xpath: //span/form/div[3]/button/span
Found Element By : By.xpath: //span/form/div[3]/button/span
Trying to find Element By : By.xpath: //span/form/div[3]/button/span
Found Element By : By.xpath: //span/form/div[3]/button/span
Trying to find Element By : By.xpath: //span/form/div[3]/button/span
Found Element By : By.xpath: //span/form/div[3]/button/span
Trying to find Element By : By.xpath: //span/form/div[3]/button/span
Found Element By : By.xpath: //span/form/div[3]/button/span
Trying to find Element By : By.xpath: //span/form/div[3]/button/span
Found Element By : By.xpath: //span/form/div[3]/button/span
Trying to find Element By : By.xpath: //span/form/div[3]/button/span
Found Element By : By.xpath: //span/form/div[3]/button/span
Trying to find Element By : By.xpath: //span/form/div[3]/button/span
Found Element By : By.xpath: //span/form/div[3]/button/span
Trying to find Element By : By.xpath: //span/form/div[3]/button/span
Found Element By : By.xpath: //span/form/div[3]/button/span
Trying to find Element By : By.xpath: //span/form/div[3]/button/span
Found Element By : By.xpath: //span/form/div[3]/button/span
Trying to find Element By : By.xpath: //span/form/div[3]/button/span
Found Element By : By.xpath: //span/form/div[3]/button/span
Trying to find Element By : By.xpath: //span/form/div[3]/button/span
Found Element By : By.xpath: //span/form/div[3]/button/span
Trying to find Element By : By.xpath: //span/form/div[3]/button/span
Found Element By : By.xpath: //span/form/div[3]/button/span
Trying to find Element By : By.xpath: //span/form/div[3]/button/span
Found Element By : By.xpath: //span/form/div[3]/button/span
Trying to find Element By : By.xpath: //span/form/div[3]/button/span
Found Element By : By.xpath: //span/form/div[3]/button/span
Trying to find Element By : By.xpath: //span/form/div[3]/button/span
Found Element By : By.xpath: //span/form/div[3]/button/span
Trying to find Element By : By.xpath: //span/form/div[3]/button/span
Found Element By : By.xpath: //span/form/div[3]/button/span
Trying to find Element By : By.xpath: //span/form/div[3]/button/span
Found Element By : By.xpath: //span/form/div[3]/button/span
Trying to find Element By : By.xpath: //span/form/div[3]/button/span
Found Element By : By.xpath: //span/form/div[3]/button/span
Trying to find Element By : By.xpath: //span/form/div[3]/button/span
Found Element By : By.xpath: //span/form/div[3]/button/span
Trying to find Element By : By.xpath: //span/form/div[3]/button/span
Found Element By : By.xpath: //span/form/div[3]/button/span
Trying to find Element By : By.xpath: //span/form/div[3]/button/span
Found Element By : By.xpath: //span/form/div[3]/button/span
Trying to find Element By : By.xpath: //span/form/div[3]/button/span
Found Element By : By.xpath: //span/form/div[3]/button/span
Trying to find Element By : By.xpath: //span/form/div[3]/button/span
Found Element By : By.xpath: //span/form/div[3]/button/span
Trying to find Element By : By.xpath: //span/form/div[3]/button/span
Found Element By : By.xpath: //span/form/div[3]/button/span
Trying to find Element By : By.xpath: //span/form/div[3]/button/span
Found Element By : By.xpath: //span/form/div[3]/button/span
Trying to find Element By : By.xpath: //span/form/div[3]/button/span
Found Element By : By.xpath: //span/form/div[3]/button/span
Trying to find Element By : By.xpath: //span/form/div[3]/button/span
Found Element By : By.xpath: //span/form/div[3]/button/span
Trying to find Element By : By.xpath: //span/form/div[3]/button/span
Found Element By : By.xpath: //span/form/div[3]/button/span
Trying to find Element By : By.xpath: //span/form/div[3]/button/span
Found Element By : By.xpath: //span/form/div[3]/button/span
Trying to find Element By : By.xpath: //span/form/div[3]/button/span
Found Element By : By.xpath: //span/form/div[3]/button/span
Trying to find Element By : By.xpath: //span/form/div[3]/button/span
Found Element By : By.xpath: //span/form/div[3]/button/span
Trying to find Element By : By.xpath: //span/form/div[3]/button/span
Found Element By : By.xpath: //span/form/div[3]/button/span
Trying to find Element By : By.xpath: //span/form/div[3]/button/span
Found Element By : By.xpath: //span/form/div[3]/button/span
Trying to find Element By : By.xpath: //span/form/div[3]/button/span
Found Element By : By.xpath: //span/form/div[3]/button/span
Trying to find Element By : By.xpath: //span/form/div[3]/button/span
Found Element By : By.xpath: //span/form/div[3]/button/span
Trying to find Element By : By.xpath: //span/form/div[3]/button/span
Found Element By : By.xpath: //span/form/div[3]/button/span
Trying to find Element By : By.xpath: //span/form/div[3]/button/span
Found Element By : By.xpath: //span/form/div[3]/button/span
Trying to find Element By : By.xpath: //span/form/div[3]/button/span
Found Element By : By.xpath: //span/form/div[3]/button/span
Trying to find Element By : By.xpath: //span/form/div[3]/button/span
Found Element By : By.xpath: //span/form/div[3]/button/span
Trying to find Element By : By.xpath: //span/form/div[3]/button/span
Found Element By : By.xpath: //span/form/div[3]/button/span
Trying to find Element By : By.xpath: //span/form/div[3]/button/span
Found Element By : By.xpath: //span/form/div[3]/button/span
Trying to find Element By : By.xpath: //span/form/div[3]/button/span
Found Element By : By.xpath: //span/form/div[3]/button/span
Trying to find Element By : By.xpath: //span/form/div[3]/button/span
Found Element By : By.xpath: //span/form/div[3]/button/span
Trying to find Element By : By.xpath: //span/form/div[3]/button/span
Found Element By : By.xpath: //span/form/div[3]/button/span
Trying to find Element By : By.xpath: //span/form/div[3]/button/span
Found Element By : By.xpath: //span/form/div[3]/button/span
Trying to find Element By : By.xpath: //span/form/div[3]/button/span
Found Element By : By.xpath: //span/form/div[3]/button/span
Trying to find Element By : By.xpath: //span/form/div[3]/button/span
Found Element By : By.xpath: //span/form/div[3]/button/span
Trying to find Element By : By.xpath: //span/form/div[3]/button/span
Found Element By : By.xpath: //span/form/div[3]/button/span
Trying to find Element By : By.xpath: //span/form/div[3]/button/span
Found Element By : By.xpath: //span/form/div[3]/button/span
Trying to find Element By : By.xpath: //span/form/div[3]/button/span
Found Element By : By.xpath: //span/form/div[3]/button/span
Trying to find Element By : By.xpath: //span/form/div[3]/button/span
Found Element By : By.xpath: //span/form/div[3]/button/span
Trying to find Element By : By.xpath: //span/form/div[3]/button/span
Found Element By : By.xpath: //span/form/div[3]/button/span
Trying to find Element By : By.xpath: //span/form/div[3]/button/span
Found Element By : By.xpath: //span/form/div[3]/button/span
Trying to find Element By : By.xpath: //span/form/div[3]/button/span
Found Element By : By.xpath: //span/form/div[3]/button/span
Trying to find Element By : By.xpath: //span/form/div[3]/button/span
Found Element By : By.xpath: //span/form/div[3]/button/span
Trying to find Element By : By.xpath: //span/form/div[3]/button/span
Found Element By : By.xpath: //span/form/div[3]/button/span
Trying to find Element By : By.xpath: //span/form/div[3]/button/span
Found Element By : By.xpath: //span/form/div[3]/button/span
Trying to find Element By : By.xpath: //span/form/div[3]/button/span
Found Element By : By.xpath: //span/form/div[3]/button/span
Trying to find Element By : By.xpath: //span/form/div[3]/button/span
Found Element By : By.xpath: //span/form/div[3]/button/span
Trying to find Element By : By.xpath: //span/form/div[3]/button/span
Found Element By : By.xpath: //span/form/div[3]/button/span
Trying to find Element By : By.xpath: //span/form/div[3]/button/span
Found Element By : By.xpath: //span/form/div[3]/button/span
Trying to find Element By : By.xpath: //span/form/div[3]/button/span
Found Element By : By.xpath: //span/form/div[3]/button/span
Trying to find Element By : By.xpath: //span/form/div[3]/button/span
Found Element By : By.xpath: //span/form/div[3]/button/span
Trying to find Element By : By.xpath: //span/form/div[3]/button/span
Found Element By : By.xpath: //span/form/div[3]/button/span
Trying to find Element By : By.xpath: //span/form/div[3]/button/span
Found Element By : By.xpath: //span/form/div[3]/button/span
Trying to find Element By : By.xpath: //span/form/div[3]/button/span
Found Element By : By.xpath: //span/form/div[3]/button/span
Trying to find Element By : By.xpath: //span/form/div[3]/button/span
Found Element By : By.xpath: //span/form/div[3]/button/span
Trying to find Element By : By.xpath: //span/form/div[3]/button/span
Found Element By : By.xpath: //span/form/div[3]/button/span
Trying to find Element By : By.xpath: //span/form/div[3]/button/span
Found Element By : By.xpath: //span/form/div[3]/button/span
Trying to find Element By : By.xpath: //span/form/div[3]/button/span
Found Element By : By.xpath: //span/form/div[3]/button/span
Trying to find Element By : By.xpath: //span/form/div[3]/button/span
Found Element By : By.xpath: //span/form/div[3]/button/span
Trying to find Element By : By.xpath: //span/form/div[3]/button/span
Found Element By : By.xpath: //span/form/div[3]/button/span
Trying to find Element By : By.xpath: //span/form/div[3]/button/span
Found Element By : By.xpath: //span/form/div[3]/button/span
Trying to find Element By : By.xpath: //span/form/div[3]/button/span
Found Element By : By.xpath: //span/form/div[3]/button/span
Trying to find Element By : By.xpath: //span/form/div[3]/button/span
Found Element By : By.xpath: //span/form/div[3]/button/span
Trying to find Element By : By.xpath: //span/form/div[3]/button/span
Found Element By : By.xpath: //span/form/div[3]/button/span
Trying to find Element By : By.xpath: //span/form/div[3]/button/span
Found Element By : By.xpath: //span/form/div[3]/button/span
Trying to find Element By : By.xpath: //span/form/div[3]/button/span
Found Element By : By.xpath: //span/form/div[3]/button/span
Trying to find Element By : By.xpath: //span/form/div[3]/button/span
Found Element By : By.xpath: //span/form/div[3]/button/span
Trying to find Element By : By.xpath: //span/form/div[3]/button/span
Found Element By : By.xpath: //span/form/div[3]/button/span
Trying to find Element By : By.xpath: //span/form/div[3]/button/span
Found Element By : By.xpath: //span/form/div[3]/button/span
Trying to find Element By : By.xpath: //span/form/div[3]/button/span
Found Element By : By.xpath: //span/form/div[3]/button/span
Trying to find Element By : By.xpath: //span/form/div[3]/button/span
Found Element By : By.xpath: //span/form/div[3]/button/span
Trying to find Element By : By.xpath: //span/form/div[3]/button/span
Found Element By : By.xpath: //span/form/div[3]/button/span
Trying to find Element By : By.xpath: //span/form/div[3]/button/span
Found Element By : By.xpath: //span/form/div[3]/button/span
Trying to find Element By : By.xpath: //span/form/div[3]/button/span
Found Element By : By.xpath: //span/form/div[3]/button/span
Trying to find Element By : By.xpath: //span/form/div[3]/button/span
Found Element By : By.xpath: //span/form/div[3]/button/span
Trying to find Element By : By.xpath: //span/form/div[3]/button/span
Found Element By : By.xpath: //span/form/div[3]/button/span
Trying to find Element By : By.xpath: //span/form/div[3]/button/span
Found Element By : By.xpath: //span/form/div[3]/button/span
Trying to find Element By : By.xpath: //span/form/div[3]/button/span
Found Element By : By.xpath: //span/form/div[3]/button/span
Trying to find Element By : By.xpath: //span/form/div[3]/button/span
Found Element By : By.xpath: //span/form/div[3]/button/span
Trying to find Element By : By.xpath: //span/form/div[3]/button/span
Found Element By : By.xpath: //span/form/div[3]/button/span
Trying to find Element By : By.xpath: //span/form/div[3]/button/span
Found Element By : By.xpath: //span/form/div[3]/button/span
Trying to find Element By : By.xpath: //span/form/div[3]/button/span
Found Element By : By.xpath: //span/form/div[3]/button/span
Trying to find Element By : By.xpath: //span/form/div[3]/button/span
Found Element By : By.xpath: //span/form/div[3]/button/span
Trying to find Element By : By.xpath: //span/form/div[3]/button/span
Found Element By : By.xpath: //span/form/div[3]/button/span
Trying to find Element By : By.xpath: //span/form/div[3]/button/span
Found Element By : By.xpath: //span/form/div[3]/button/span
Trying to find Element By : By.xpath: //span/form/div[3]/button/span
Found Element By : By.xpath: //span/form/div[3]/button/span
Trying to find Element By : By.xpath: //span/form/div[3]/button/span
Found Element By : By.xpath: //span/form/div[3]/button/span
Trying to find Element By : By.xpath: //span/form/div[3]/button/span
Found Element By : By.xpath: //span/form/div[3]/button/span
Trying to find Element By : By.xpath: //span/form/div[3]/button/span
Found Element By : By.xpath: //span/form/div[3]/button/span
Trying to find Element By : By.xpath: //span/form/div[3]/button/span
Found Element By : By.xpath: //span/form/div[3]/button/span
Trying to find Element By : By.xpath: //span/form/div[3]/button/span
Found Element By : By.xpath: //span/form/div[3]/button/span
Trying to find Element By : By.xpath: //span/form/div[3]/button/span
Found Element By : By.xpath: //span/form/div[3]/button/span
Trying to find Element By : By.xpath: //span/form/div[3]/button/span
Found Element By : By.xpath: //span/form/div[3]/button/span
Trying to find Element By : By.xpath: //span/form/div[3]/button/span
Found Element By : By.xpath: //span/form/div[3]/button/span
Trying to find Element By : By.xpath: //span/form/div[3]/button/span
Found Element By : By.xpath: //span/form/div[3]/button/span
Trying to find Element By : By.xpath: //span/form/div[3]/button/span
Found Element By : By.xpath: //span/form/div[3]/button/span
Trying to find Element By : By.xpath: //span/form/div[3]/button/span
Found Element By : By.xpath: //span/form/div[3]/button/span
Trying to find Element By : By.xpath: //span/form/div[3]/button/span
Found Element By : By.xpath: //span/form/div[3]/button/span
Trying to find Element By : By.xpath: //span/form/div[3]/button/span
Found Element By : By.xpath: //span/form/div[3]/button/span
Trying to find Element By : By.xpath: //span/form/div[3]/button/span
Found Element By : By.xpath: //span/form/div[3]/button/span
Trying to find Element By : By.xpath: //span/form/div[3]/button/span
Found Element By : By.xpath: //span/form/div[3]/button/span
Trying to find Element By : By.xpath: //span/form/div[3]/button/span
Found Element By : By.xpath: //span/form/div[3]/button/span
Trying to find Element By : By.xpath: //span/form/div[3]/button/span
Found Element By : By.xpath: //span/form/div[3]/button/span
Trying to find Element By : By.xpath: //span/form/div[3]/button/span
Found Element By : By.xpath: //span/form/div[3]/button/span
Trying to find Element By : By.xpath: //span/form/div[3]/button/span
Found Element By : By.xpath: //span/form/div[3]/button/span
Trying to find Element By : By.xpath: //span/form/div[3]/button/span
Found Element By : By.xpath: //span/form/div[3]/button/span
Trying to find Element By : By.xpath: //span/form/div[3]/button/span
Found Element By : By.xpath: //span/form/div[3]/button/span
Trying to find Element By : By.xpath: //span/form/div[3]/button/span
Found Element By : By.xpath: //span/form/div[3]/button/span
Trying to find Element By : By.xpath: //span/form/div[3]/button/span
Found Element By : By.xpath: //span/form/div[3]/button/span
Trying to find Element By : By.xpath: //span/form/div[3]/button/span
Found Element By : By.xpath: //span/form/div[3]/button/span
Trying to find Element By : By.xpath: //span/form/div[3]/button/span
Found Element By : By.xpath: //span/form/div[3]/button/span
Trying to find Element By : By.xpath: //span/form/div[3]/button/span
Found Element By : By.xpath: //span/form/div[3]/button/span
Trying to find Element By : By.xpath: //span/form/div[3]/button/span
Found Element By : By.xpath: //span/form/div[3]/button/span
Trying to find Element By : By.xpath: //span/form/div[3]/button/span
Found Element By : By.xpath: //span/form/div[3]/button/span
Trying to find Element By : By.xpath: //span/form/div[3]/button/span
Found Element By : By.xpath: //span/form/div[3]/button/span
Trying to find Element By : By.xpath: //span/form/div[3]/button/span
Found Element By : By.xpath: //span/form/div[3]/button/span
Trying to find Element By : By.xpath: //span/form/div[3]/button/span
Found Element By : By.xpath: //span/form/div[3]/button/span
Trying to find Element By : By.xpath: //span/form/div[3]/button/span
Found Element By : By.xpath: //span/form/div[3]/button/span
Trying to find Element By : By.xpath: //span/form/div[3]/button/span
Found Element By : By.xpath: //span/form/div[3]/button/span
Trying to find Element By : By.xpath: //span/form/div[3]/button/span
Found Element By : By.xpath: //span/form/div[3]/button/span
Trying to find Element By : By.xpath: //span/form/div[3]/button/span
Found Element By : By.xpath: //span/form/div[3]/button/span
Trying to find Element By : By.xpath: //span/form/div[3]/button/span
Found Element By : By.xpath: //span/form/div[3]/button/span
Trying to find Element By : By.xpath: //span/form/div[3]/button/span
Found Element By : By.xpath: //span/form/div[3]/button/span
Trying to find Element By : By.xpath: //span/form/div[3]/button/span
Found Element By : By.xpath: //span/form/div[3]/button/span
Trying to find Element By : By.xpath: //span/form/div[3]/button/span
Found Element By : By.xpath: //span/form/div[3]/button/span
Trying to find Element By : By.xpath: //span/form/div[3]/button/span
Found Element By : By.xpath: //span/form/div[3]/button/span
Trying to find Element By : By.xpath: //span/form/div[3]/button/span
Found Element By : By.xpath: //span/form/div[3]/button/span
Trying to find Element By : By.xpath: //span/form/div[3]/button/span
Found Element By : By.xpath: //span/form/div[3]/button/span
Trying to find Element By : By.xpath: //span/form/div[3]/button/span
Found Element By : By.xpath: //span/form/div[3]/button/span
Trying to find Element By : By.xpath: //span/form/div[3]/button/span
Found Element By : By.xpath: //span/form/div[3]/button/span
Trying to find Element By : By.xpath: //span/form/div[3]/button/span
Found Element By : By.xpath: //span/form/div[3]/button/span
Trying to find Element By : By.xpath: //span/form/div[3]/button/span
Found Element By : By.xpath: //span/form/div[3]/button/span
Trying to find Element By : By.xpath: //span/form/div[3]/button/span
Found Element By : By.xpath: //span/form/div[3]/button/span
Trying to find Element By : By.xpath: //span/form/div[3]/button/span
Found Element By : By.xpath: //span/form/div[3]/button/span
Trying to find Element By : By.xpath: //span/form/div[3]/button/span
Found Element By : By.xpath: //span/form/div[3]/button/span
Trying to find Element By : By.xpath: //span/form/div[3]/button/span
Found Element By : By.xpath: //span/form/div[3]/button/span
Trying to find Element By : By.xpath: //span/form/div[3]/button/span
Found Element By : By.xpath: //span/form/div[3]/button/span
Trying to find Element By : By.xpath: //span/form/div[3]/button/span
Found Element By : By.xpath: //span/form/div[3]/button/span
Trying to find Element By : By.xpath: //span/form/div[3]/button/span
Found Element By : By.xpath: //span/form/div[3]/button/span
Trying to find Element By : By.xpath: //span/form/div[3]/button/span
Found Element By : By.xpath: //span/form/div[3]/button/span
Trying to find Element By : By.xpath: //span/form/div[3]/button/span
Found Element By : By.xpath: //span/form/div[3]/button/span
Trying to find Element By : By.xpath: //span/form/div[3]/button/span
Found Element By : By.xpath: //span/form/div[3]/button/span
Trying to find Element By : By.xpath: //span/form/div[3]/button/span
Found Element By : By.xpath: //span/form/div[3]/button/span
Trying to find Element By : By.xpath: //span/form/div[3]/button/span
Found Element By : By.xpath: //span/form/div[3]/button/span
Trying to find Element By : By.xpath: //span/form/div[3]/button/span
Found Element By : By.xpath: //span/form/div[3]/button/span
Trying to find Element By : By.xpath: //span/form/div[3]/button/span
Found Element By : By.xpath: //span/form/div[3]/button/span
Trying to find Element By : By.xpath: //span/form/div[3]/button/span
Found Element By : By.xpath: //span/form/div[3]/button/span
Trying to find Element By : By.xpath: //span/form/div[3]/button/span
Found Element By : By.xpath: //span/form/div[3]/button/span
Trying to find Element By : By.xpath: //span/form/div[3]/button/span
Found Element By : By.xpath: //span/form/div[3]/button/span
Trying to find Element By : By.xpath: //span/form/div[3]/button/span
Found Element By : By.xpath: //span/form/div[3]/button/span
Trying to find Element By : By.xpath: //span/form/div[3]/button/span
Found Element By : By.xpath: //span/form/div[3]/button/span
Trying to find Element By : By.xpath: //span/form/div[3]/button/span
Found Element By : By.xpath: //span/form/div[3]/button/span
Trying to find Element By : By.xpath: //span/form/div[3]/button/span
Found Element By : By.xpath: //span/form/div[3]/button/span
Trying to find Element By : By.xpath: //span/form/div[3]/button/span
Found Element By : By.xpath: //span/form/div[3]/button/span
Trying to find Element By : By.xpath: //span/form/div[3]/button/span
Found Element By : By.xpath: //span/form/div[3]/button/span
Trying to find Element By : By.xpath: //span/form/div[3]/button/span
Found Element By : By.xpath: //span/form/div[3]/button/span
Trying to find Element By : By.xpath: //span/form/div[3]/button/span
Found Element By : By.xpath: //span/form/div[3]/button/span
Trying to find Element By : By.xpath: //span/form/div[3]/button/span
Found Element By : By.xpath: //span/form/div[3]/button/span
Trying to find Element By : By.xpath: //span/form/div[3]/button/span
Found Element By : By.xpath: //span/form/div[3]/button/span
Trying to find Element By : By.xpath: //span/form/div[3]/button/span
Found Element By : By.xpath: //span/form/div[3]/button/span
Trying to find Element By : By.xpath: //span/form/div[3]/button/span
Found Element By : By.xpath: //span/form/div[3]/button/span
Trying to find Element By : By.xpath: //span/form/div[3]/button/span
Found Element By : By.xpath: //span/form/div[3]/button/span
Trying to find Element By : By.xpath: //span/form/div[3]/button/span
Found Element By : By.xpath: //span/form/div[3]/button/span
Trying to find Element By : By.xpath: //span/form/div[3]/button/span
Found Element By : By.xpath: //span/form/div[3]/button/span
Trying to find Element By : By.xpath: //span/form/div[3]/button/span
Found Element By : By.xpath: //span/form/div[3]/button/span
Trying to find Element By : By.xpath: //span/form/div[3]/button/span
Found Element By : By.xpath: //span/form/div[3]/button/span
Trying to find Element By : By.xpath: //span/form/div[3]/button/span
Found Element By : By.xpath: //span/form/div[3]/button/span
Trying to find Element By : By.xpath: //span/form/div[3]/button/span
Found Element By : By.xpath: //span/form/div[3]/button/span
Trying to find Element By : By.xpath: //span/form/div[3]/button/span
Found Element By : By.xpath: //span/form/div[3]/button/span
Trying to find Element By : By.xpath: //span/form/div[3]/button/span
Found Element By : By.xpath: //span/form/div[3]/button/span
Trying to find Element By : By.xpath: //span/form/div[3]/button/span
Found Element By : By.xpath: //span/form/div[3]/button/span
Trying to find Element By : By.xpath: //span/form/div[3]/button/span
Found Element By : By.xpath: //span/form/div[3]/button/span
Trying to find Element By : By.xpath: //span/form/div[3]/button/span
Found Element By : By.xpath: //span/form/div[3]/button/span
Trying to find Element By : By.xpath: //span/form/div[3]/button/span
Found Element By : By.xpath: //span/form/div[3]/button/span
Trying to find Element By : By.xpath: //span/form/div[3]/button/span
Found Element By : By.xpath: //span/form/div[3]/button/span
Trying to find Element By : By.xpath: //span/form/div[3]/button/span
Found Element By : By.xpath: //span/form/div[3]/button/span
Trying to find Element By : By.xpath: //span/form/div[3]/button/span
Found Element By : By.xpath: //span/form/div[3]/button/span
Trying to find Element By : By.xpath: //span/form/div[3]/button/span
Found Element By : By.xpath: //span/form/div[3]/button/span
Trying to find Element By : By.xpath: //span/form/div[3]/button/span
Found Element By : By.xpath: //span/form/div[3]/button/span
Trying to find Element By : By.xpath: //span/form/div[3]/button/span
Found Element By : By.xpath: //span/form/div[3]/button/span
Trying to find Element By : By.xpath: //span/form/div[3]/button/span
Found Element By : By.xpath: //span/form/div[3]/button/span
Trying to find Element By : By.xpath: //span/form/div[3]/button/span
Found Element By : By.xpath: //span/form/div[3]/button/span
Trying to find Element By : By.xpath: //span/form/div[3]/button/span
Found Element By : By.xpath: //span/form/div[3]/button/span
Trying to find Element By : By.xpath: //span/form/div[3]/button/span
Found Element By : By.xpath: //span/form/div[3]/button/span
Trying to find Element By : By.xpath: //span/form/div[3]/button/span
Found Element By : By.xpath: //span/form/div[3]/button/span
Trying to find Element By : By.xpath: //span/form/div[3]/button/span
Found Element By : By.xpath: //span/form/div[3]/button/span
Trying to find Element By : By.xpath: //span/form/div[3]/button/span
Found Element By : By.xpath: //span/form/div[3]/button/span
Trying to find Element By : By.xpath: //span/form/div[3]/button/span
Found Element By : By.xpath: //span/form/div[3]/button/span
Trying to find Element By : By.xpath: //span/form/div[3]/button/span
Found Element By : By.xpath: //span/form/div[3]/button/span
Trying to find Element By : By.xpath: //span/form/div[3]/button/span
Found Element By : By.xpath: //span/form/div[3]/button/span
Trying to find Element By : By.xpath: //span/form/div[3]/button/span
Found Element By : By.xpath: //span/form/div[3]/button/span
Trying to find Element By : By.xpath: //span/form/div[3]/button/span
Found Element By : By.xpath: //span/form/div[3]/button/span
Trying to find Element By : By.xpath: //span/form/div[3]/button/span
Found Element By : By.xpath: //span/form/div[3]/button/span
Trying to find Element By : By.xpath: //span/form/div[3]/button/span
Found Element By : By.xpath: //span/form/div[3]/button/span
Trying to find Element By : By.xpath: //span/form/div[3]/button/span
Found Element By : By.xpath: //span/form/div[3]/button/span
Trying to find Element By : By.xpath: //span/form/div[3]/button/span
Found Element By : By.xpath: //span/form/div[3]/button/span
Trying to find Element By : By.xpath: //span/form/div[3]/button/span
Found Element By : By.xpath: //span/form/div[3]/button/span
Trying to find Element By : By.xpath: //span/form/div[3]/button/span
Found Element By : By.xpath: //span/form/div[3]/button/span
Trying to find Element By : By.xpath: //span/form/div[3]/button/span
Found Element By : By.xpath: //span/form/div[3]/button/span
Trying to find Element By : By.xpath: //span/form/div[3]/button/span
Found Element By : By.xpath: //span/form/div[3]/button/span
Trying to find Element By : By.xpath: //span/form/div[3]/button/span
Found Element By : By.xpath: //span/form/div[3]/button/span
Trying to find Element By : By.xpath: //span/form/div[3]/button/span
Found Element By : By.xpath: //span/form/div[3]/button/span
Trying to find Element By : By.xpath: //span/form/div[3]/button/span
Found Element By : By.xpath: //span/form/div[3]/button/span
Trying to find Element By : By.xpath: //span/form/div[3]/button/span
Found Element By : By.xpath: //span/form/div[3]/button/span
Trying to find Element By : By.xpath: //span/form/div[3]/button/span
Found Element By : By.xpath: //span/form/div[3]/button/span
Trying to find Element By : By.xpath: //span/form/div[3]/button/span
Found Element By : By.xpath: //span/form/div[3]/button/span
Trying to find Element By : By.xpath: //span/form/div[3]/button/span
Found Element By : By.xpath: //span/form/div[3]/button/span
Trying to find Element By : By.xpath: //span/form/div[3]/button/span
Found Element By : By.xpath: //span/form/div[3]/button/span
Trying to find Element By : By.xpath: //span/form/div[3]/button/span
Found Element By : By.xpath: //span/form/div[3]/button/span
Trying to find Element By : By.xpath: //span/form/div[3]/button/span
Found Element By : By.xpath: //span/form/div[3]/button/span
Trying to find Element By : By.xpath: //span/form/div[3]/button/span
Found Element By : By.xpath: //span/form/div[3]/button/span
Trying to find Element By : By.xpath: //span/form/div[3]/button/span
Found Element By : By.xpath: //span/form/div[3]/button/span
Trying to find Element By : By.xpath: //span/form/div[3]/button/span
Found Element By : By.xpath: //span/form/div[3]/button/span
Trying to find Element By : By.xpath: //span/form/div[3]/button/span
Found Element By : By.xpath: //span/form/div[3]/button/span
Trying to find Element By : By.xpath: //span/form/div[3]/button/span
Found Element By : By.xpath: //span/form/div[3]/button/span
Trying to find Element By : By.xpath: //span/form/div[3]/button/span
Found Element By : By.xpath: //span/form/div[3]/button/span
Trying to find Element By : By.xpath: //span/form/div[3]/button/span
Found Element By : By.xpath: //span/form/div[3]/button/span
Trying to find Element By : By.xpath: //span/form/div[3]/button/span
Found Element By : By.xpath: //span/form/div[3]/button/span
Trying to find Element By : By.xpath: //span/form/div[3]/button/span
Found Element By : By.xpath: //span/form/div[3]/button/span
Trying to find Element By : By.xpath: //span/form/div[3]/button/span
Found Element By : By.xpath: //span/form/div[3]/button/span
Trying to find Element By : By.xpath: //span/form/div[3]/button/span
Found Element By : By.xpath: //span/form/div[3]/button/span
Trying to find Element By : By.xpath: //span/form/div[3]/button/span
Found Element By : By.xpath: //span/form/div[3]/button/span
Trying to find Element By : By.xpath: //span/form/div[3]/button/span
Found Element By : By.xpath: //span/form/div[3]/button/span
Trying to find Element By : By.xpath: //span/form/div[3]/button/span
Found Element By : By.xpath: //span/form/div[3]/button/span
Trying to find Element By : By.xpath: //span/form/div[3]/button/span
Found Element By : By.xpath: //span/form/div[3]/button/span
Trying to find Element By : By.xpath: //span/form/div[3]/button/span
Found Element By : By.xpath: //span/form/div[3]/button/span
Trying to find Element By : By.xpath: //span/form/div[3]/button/span
Found Element By : By.xpath: //span/form/div[3]/button/span
Trying to find Element By : By.xpath: //span/form/div[3]/button/span
Found Element By : By.xpath: //span/form/div[3]/button/span
Trying to find Element By : By.xpath: //span/form/div[3]/button/span
Found Element By : By.xpath: //span/form/div[3]/button/span
Trying to find Element By : By.xpath: //span/form/div[3]/button/span
Found Element By : By.xpath: //span/form/div[3]/button/span
Trying to find Element By : By.xpath: //span/form/div[3]/button/span
Found Element By : By.xpath: //span/form/div[3]/button/span
Trying to find Element By : By.xpath: //span/form/div[3]/button/span
Found Element By : By.xpath: //span/form/div[3]/button/span
Trying to find Element By : By.xpath: //span/form/div[3]/button/span
Found Element By : By.xpath: //span/form/div[3]/button/span
Trying to find Element By : By.xpath: //span/form/div[3]/button/span
Found Element By : By.xpath: //span/form/div[3]/button/span
Trying to find Element By : By.xpath: //span/form/div[3]/button/span
Found Element By : By.xpath: //span/form/div[3]/button/span
Trying to find Element By : By.xpath: //span/form/div[3]/button/span
Found Element By : By.xpath: //span/form/div[3]/button/span
Trying to find Element By : By.xpath: //span/form/div[3]/button/span
Found Element By : By.xpath: //span/form/div[3]/button/span
Trying to find Element By : By.xpath: //span/form/div[3]/button/span
Found Element By : By.xpath: //span/form/div[3]/button/span
Trying to find Element By : By.xpath: //span/form/div[3]/button/span
Found Element By : By.xpath: //span/form/div[3]/button/span
Trying to find Element By : By.xpath: //span/form/div[3]/button/span
Found Element By : By.xpath: //span/form/div[3]/button/span
Trying to find Element By : By.xpath: //span/form/div[3]/button/span
Found Element By : By.xpath: //span/form/div[3]/button/span
Trying to find Element By : By.xpath: //span/form/div[3]/button/span
Found Element By : By.xpath: //span/form/div[3]/button/span
Trying to find Element By : By.xpath: //span/form/div[3]/button/span
Found Element By : By.xpath: //span/form/div[3]/button/span
Trying to find Element By : By.xpath: //span/form/div[3]/button/span
Found Element By : By.xpath: //span/form/div[3]/button/span
Trying to find Element By : By.xpath: //span/form/div[3]/button/span
Found Element By : By.xpath: //span/form/div[3]/button/span
Trying to find Element By : By.xpath: //span/form/div[3]/button/span
Found Element By : By.xpath: //span/form/div[3]/button/span
Trying to find Element By : By.xpath: //span/form/div[3]/button/span
Found Element By : By.xpath: //span/form/div[3]/button/span
Trying to find Element By : By.xpath: //span/form/div[3]/button/span
Found Element By : By.xpath: //span/form/div[3]/button/span
Trying to find Element By : By.xpath: //span/form/div[3]/button/span
Found Element By : By.xpath: //span/form/div[3]/button/span
Trying to find Element By : By.xpath: //span/form/div[3]/button/span
Found Element By : By.xpath: //span/form/div[3]/button/span
Trying to find Element By : By.xpath: //span/form/div[3]/button/span
Found Element By : By.xpath: //span/form/div[3]/button/span
Trying to find Element By : By.xpath: //span/form/div[3]/button/span
Found Element By : By.xpath: //span/form/div[3]/button/span
Trying to find Element By : By.xpath: //span/form/div[3]/button/span
Found Element By : By.xpath: //span/form/div[3]/button/span
Trying to find Element By : By.xpath: //span/form/div[3]/button/span
Found Element By : By.xpath: //span/form/div[3]/button/span
Trying to find Element By : By.xpath: //span/form/div[3]/button/span
Found Element By : By.xpath: //span/form/div[3]/button/span
Trying to find Element By : By.xpath: //span/form/div[3]/button/span
Found Element By : By.xpath: //span/form/div[3]/button/span
Trying to find Element By : By.xpath: //span/form/div[3]/button/span
Found Element By : By.xpath: //span/form/div[3]/button/span
Trying to find Element By : By.xpath: //span/form/div[3]/button/span
Found Element By : By.xpath: //span/form/div[3]/button/span
Trying to find Element By : By.xpath: //span/form/div[3]/button/span
Found Element By : By.xpath: //span/form/div[3]/button/span
Trying to find Element By : By.xpath: //span/form/div[3]/button/span
Found Element By : By.xpath: //span/form/div[3]/button/span
Trying to find Element By : By.xpath: //span/form/div[3]/button/span
Found Element By : By.xpath: //span/form/div[3]/button/span
Trying to find Element By : By.xpath: //span/form/div[3]/button/span
Found Element By : By.xpath: //span/form/div[3]/button/span
Trying to find Element By : By.xpath: //span/form/div[3]/button/span
Found Element By : By.xpath: //span/form/div[3]/button/span
Trying to find Element By : By.xpath: //span/form/div[3]/button/span
Found Element By : By.xpath: //span/form/div[3]/button/span
Trying to find Element By : By.xpath: //span/form/div[3]/button/span
Found Element By : By.xpath: //span/form/div[3]/button/span
Trying to find Element By : By.xpath: //span/form/div[3]/button/span
Found Element By : By.xpath: //span/form/div[3]/button/span
Trying to find Element By : By.xpath: //span/form/div[3]/button/span
Found Element By : By.xpath: //span/form/div[3]/button/span
Trying to find Element By : By.xpath: //span/form/div[3]/button/span
Found Element By : By.xpath: //span/form/div[3]/button/span
Trying to find Element By : By.xpath: //span/form/div[3]/button/span
Found Element By : By.xpath: //span/form/div[3]/button/span
Trying to find Element By : By.xpath: //span/form/div[3]/button/span
Found Element By : By.xpath: //span/form/div[3]/button/span
Trying to find Element By : By.xpath: //span/form/div[3]/button/span
Found Element By : By.xpath: //span/form/div[3]/button/span
Trying to find Element By : By.xpath: //span/form/div[3]/button/span
Found Element By : By.xpath: //span/form/div[3]/button/span
Trying to find Element By : By.xpath: //span/form/div[3]/button/span
Found Element By : By.xpath: //span/form/div[3]/button/span
Trying to find Element By : By.xpath: //span/form/div[3]/button/span
Found Element By : By.xpath: //span/form/div[3]/button/span
Trying to find Element By : By.xpath: //span/form/div[3]/button/span
Found Element By : By.xpath: //span/form/div[3]/button/span
Trying to find Element By : By.xpath: //span/form/div[3]/button/span
Found Element By : By.xpath: //span/form/div[3]/button/span
Trying to find Element By : By.xpath: //span/form/div[3]/button/span
Found Element By : By.xpath: //span/form/div[3]/button/span
Trying to find Element By : By.xpath: //span/form/div[3]/button/span
Found Element By : By.xpath: //span/form/div[3]/button/span
Trying to find Element By : By.xpath: //span/form/div[3]/button/span
Found Element By : By.xpath: //span/form/div[3]/button/span
Trying to find Element By : By.xpath: //span/form/div[3]/button/span
Found Element By : By.xpath: //span/form/div[3]/button/span
Trying to find Element By : By.xpath: //span/form/div[3]/button/span
Found Element By : By.xpath: //span/form/div[3]/button/span
Trying to find Element By : By.xpath: //span/form/div[3]/button/span
Found Element By : By.xpath: //span/form/div[3]/button/span
Trying to find Element By : By.xpath: //span/form/div[3]/button/span
Found Element By : By.xpath: //span/form/div[3]/button/span
Trying to find Element By : By.xpath: //span/form/div[3]/button/span
Found Element By : By.xpath: //span/form/div[3]/button/span
Trying to find Element By : By.xpath: //span/form/div[3]/button/span
Found Element By : By.xpath: //span/form/div[3]/button/span
Trying to find Element By : By.xpath: //span/form/div[3]/button/span
Found Element By : By.xpath: //span/form/div[3]/button/span
Trying to find Element By : By.xpath: //span/form/div[3]/button/span
Found Element By : By.xpath: //span/form/div[3]/button/span
Trying to find Element By : By.xpath: //span/form/div[3]/button/span
Found Element By : By.xpath: //span/form/div[3]/button/span
Trying to find Element By : By.xpath: //span/form/div[3]/button/span
Found Element By : By.xpath: //span/form/div[3]/button/span
Trying to find Element By : By.xpath: //span/form/div[3]/button/span
Found Element By : By.xpath: //span/form/div[3]/button/span
Trying to find Element By : By.xpath: //span/form/div[3]/button/span
Found Element By : By.xpath: //span/form/div[3]/button/span
Trying to find Element By : By.xpath: //span/form/div[3]/button/span
Found Element By : By.xpath: //span/form/div[3]/button/span
Trying to find Element By : By.xpath: //span/form/div[3]/button/span
Found Element By : By.xpath: //span/form/div[3]/button/span
Trying to find Element By : By.xpath: //span/form/div[3]/button/span
Found Element By : By.xpath: //span/form/div[3]/button/span
Trying to find Element By : By.xpath: //span/form/div[3]/button/span
Found Element By : By.xpath: //span/form/div[3]/button/span
Trying to find Element By : By.xpath: //span/form/div[3]/button/span
Found Element By : By.xpath: //span/form/div[3]/button/span
Trying to find Element By : By.xpath: //span/form/div[3]/button/span
Found Element By : By.xpath: //span/form/div[3]/button/span
Trying to find Element By : By.xpath: //span/form/div[3]/button/span
Found Element By : By.xpath: //span/form/div[3]/button/span
Trying to find Element By : By.xpath: //span/form/div[3]/button/span
Found Element By : By.xpath: //span/form/div[3]/button/span
Trying to find Element By : By.xpath: //span/form/div[3]/button/span
Found Element By : By.xpath: //span/form/div[3]/button/span
Trying to find Element By : By.xpath: //span/form/div[3]/button/span
Found Element By : By.xpath: //span/form/div[3]/button/span
Trying to find Element By : By.xpath: //span/form/div[3]/button/span
Found Element By : By.xpath: //span/form/div[3]/button/span
Trying to find Element By : By.xpath: //span/form/div[3]/button/span
Found Element By : By.xpath: //span/form/div[3]/button/span
Trying to find Element By : By.xpath: //span/form/div[3]/button/span
Found Element By : By.xpath: //span/form/div[3]/button/span
Trying to find Element By : By.xpath: //span/form/div[3]/button/span
Found Element By : By.xpath: //span/form/div[3]/button/span
Trying to find Element By : By.xpath: //span/form/div[3]/button/span
Found Element By : By.xpath: //span/form/div[3]/button/span
Trying to find Element By : By.xpath: //span/form/div[3]/button/span
Found Element By : By.xpath: //span/form/div[3]/button/span
Trying to find Element By : By.xpath: //span/form/div[3]/button/span
Found Element By : By.xpath: //span/form/div[3]/button/span
Trying to find Element By : By.xpath: //span/form/div[3]/button/span
Found Element By : By.xpath: //span/form/div[3]/button/span
Trying to find Element By : By.xpath: //span/form/div[3]/button/span
Found Element By : By.xpath: //span/form/div[3]/button/span
Trying to find Element By : By.xpath: //span/form/div[3]/button/span
Found Element By : By.xpath: //span/form/div[3]/button/span
Trying to find Element By : By.xpath: //span/form/div[3]/button/span
Found Element By : By.xpath: //span/form/div[3]/button/span
Trying to find Element By : By.xpath: //span/form/div[3]/button/span
Found Element By : By.xpath: //span/form/div[3]/button/span
Trying to find Element By : By.xpath: //span/form/div[3]/button/span
Found Element By : By.xpath: //span/form/div[3]/button/span
Trying to find Element By : By.xpath: //span/form/div[3]/button/span
Found Element By : By.xpath: //span/form/div[3]/button/span
Trying to find Element By : By.xpath: //span/form/div[3]/button/span
Found Element By : By.xpath: //span/form/div[3]/button/span
Trying to find Element By : By.xpath: //span/form/div[3]/button/span
Found Element By : By.xpath: //span/form/div[3]/button/span
Trying to find Element By : By.xpath: //span/form/div[3]/button/span
Found Element By : By.xpath: //span/form/div[3]/button/span
Trying to find Element By : By.xpath: //span/form/div[3]/button/span
Found Element By : By.xpath: //span/form/div[3]/button/span
Trying to find Element By : By.xpath: //span/form/div[3]/button/span
Found Element By : By.xpath: //span/form/div[3]/button/span
Trying to find Element By : By.xpath: //span/form/div[3]/button/span
Found Element By : By.xpath: //span/form/div[3]/button/span
Trying to find Element By : By.xpath: //span/form/div[3]/button/span
Found Element By : By.xpath: //span/form/div[3]/button/span
Trying to find Element By : By.xpath: //span/form/div[3]/button/span
Found Element By : By.xpath: //span/form/div[3]/button/span
Trying to find Element By : By.xpath: //span/form/div[3]/button/span
Found Element By : By.xpath: //span/form/div[3]/button/span
Trying to find Element By : By.xpath: //span/form/div[3]/button/span
Found Element By : By.xpath: //span/form/div[3]/button/span
Trying to find Element By : By.xpath: //span/form/div[3]/button/span
Found Element By : By.xpath: //span/form/div[3]/button/span
Trying to find Element By : By.xpath: //span/form/div[3]/button/span
Found Element By : By.xpath: //span/form/div[3]/button/span
Trying to find Element By : By.xpath: //span/form/div[3]/button/span
Found Element By : By.xpath: //span/form/div[3]/button/span
Trying to find Element By : By.xpath: //span/form/div[3]/button/span
Found Element By : By.xpath: //span/form/div[3]/button/span
Trying to find Element By : By.xpath: //span/form/div[3]/button/span
Found Element By : By.xpath: //span/form/div[3]/button/span
Trying to find Element By : By.xpath: //span/form/div[3]/button/span
Found Element By : By.xpath: //span/form/div[3]/button/span
Trying to find Element By : By.xpath: //span/form/div[3]/button/span
Found Element By : By.xpath: //span/form/div[3]/button/span
Trying to find Element By : By.xpath: //span/form/div[3]/button/span
Found Element By : By.xpath: //span/form/div[3]/button/span
Trying to find Element By : By.xpath: //span/form/div[3]/button/span
Found Element By : By.xpath: //span/form/div[3]/button/span
Trying to find Element By : By.xpath: //span/form/div[3]/button/span
Found Element By : By.xpath: //span/form/div[3]/button/span
Trying to find Element By : By.xpath: //span/form/div[3]/button/span
Found Element By : By.xpath: //span/form/div[3]/button/span
Trying to find Element By : By.xpath: //span/form/div[3]/button/span
Found Element By : By.xpath: //span/form/div[3]/button/span
Trying to find Element By : By.xpath: //span/form/div[3]/button/span
Found Element By : By.xpath: //span/form/div[3]/button/span
Trying to find Element By : By.xpath: //span/form/div[3]/button/span
Found Element By : By.xpath: //span/form/div[3]/button/span
Trying to find Element By : By.xpath: //span/form/div[3]/button/span
Found Element By : By.xpath: //span/form/div[3]/button/span
Trying to find Element By : By.xpath: //span/form/div[3]/button/span
Found Element By : By.xpath: //span/form/div[3]/button/span
Trying to find Element By : By.xpath: //span/form/div[3]/button/span
Found Element By : By.xpath: //span/form/div[3]/button/span
Trying to find Element By : By.xpath: //span/form/div[3]/button/span
Found Element By : By.xpath: //span/form/div[3]/button/span
Trying to find Element By : By.xpath: //span/form/div[3]/button/span
Found Element By : By.xpath: //span/form/div[3]/button/span
Trying to find Element By : By.xpath: //span/form/div[3]/button/span
Found Element By : By.xpath: //span/form/div[3]/button/span
Trying to find Element By : By.xpath: //span/form/div[3]/button/span
Found Element By : By.xpath: //span/form/div[3]/button/span
Trying to find Element By : By.xpath: //span/form/div[3]/button/span
Found Element By : By.xpath: //span/form/div[3]/button/span
Trying to find Element By : By.xpath: //span/form/div[3]/button/span
Found Element By : By.xpath: //span/form/div[3]/button/span
Trying to find Element By : By.xpath: //span/form/div[3]/button/span
Found Element By : By.xpath: //span/form/div[3]/button/span
Trying to find Element By : By.xpath: //span/form/div[3]/button/span
Found Element By : By.xpath: //span/form/div[3]/button/span
Trying to find Element By : By.xpath: //span/form/div[3]/button/span
Found Element By : By.xpath: //span/form/div[3]/button/span
Trying to find Element By : By.xpath: //span/form/div[3]/button/span
Found Element By : By.xpath: //span/form/div[3]/button/span
Trying to find Element By : By.xpath: //span/form/div[3]/button/span
Found Element By : By.xpath: //span/form/div[3]/button/span
Trying to find Element By : By.xpath: //span/form/div[3]/button/span
Found Element By : By.xpath: //span/form/div[3]/button/span
Trying to find Element By : By.xpath: //span/form/div[3]/button/span
Found Element By : By.xpath: //span/form/div[3]/button/span
Trying to find Element By : By.xpath: //span/form/div[3]/button/span
Found Element By : By.xpath: //span/form/div[3]/button/span
Trying to find Element By : By.xpath: //span/form/div[3]/button/span
Found Element By : By.xpath: //span/form/div[3]/button/span
Trying to find Element By : By.xpath: //span/form/div[3]/button/span
Found Element By : By.xpath: //span/form/div[3]/button/span
Trying to find Element By : By.xpath: //span/form/div[3]/button/span
Found Element By : By.xpath: //span/form/div[3]/button/span
Trying to find Element By : By.xpath: //span/form/div[3]/button/span
Found Element By : By.xpath: //span/form/div[3]/button/span
Trying to find Element By : By.xpath: //span/form/div[3]/button/span
Found Element By : By.xpath: //span/form/div[3]/button/span
Trying to find Element By : By.xpath: //span/form/div[3]/button/span
Found Element By : By.xpath: //span/form/div[3]/button/span
Trying to find Element By : By.xpath: //span/form/div[3]/button/span
Found Element By : By.xpath: //span/form/div[3]/button/span
Trying to find Element By : By.xpath: //span/form/div[3]/button/span
Found Element By : By.xpath: //span/form/div[3]/button/span
Trying to find Element By : By.xpath: //span/form/div[3]/button/span
Found Element By : By.xpath: //span/form/div[3]/button/span
Trying to find Element By : By.xpath: //span/form/div[3]/button/span
Found Element By : By.xpath: //span/form/div[3]/button/span
Trying to find Element By : By.xpath: //span/form/div[3]/button/span
Found Element By : By.xpath: //span/form/div[3]/button/span
Trying to find Element By : By.xpath: //span/form/div[3]/button/span
Found Element By : By.xpath: //span/form/div[3]/button/span
Trying to find Element By : By.xpath: //span/form/div[3]/button/span
Found Element By : By.xpath: //span/form/div[3]/button/span
Trying to find Element By : By.xpath: //span/form/div[3]/button/span
Found Element By : By.xpath: //span/form/div[3]/button/span
Trying to find Element By : By.xpath: //span/form/div[3]/button/span
Found Element By : By.xpath: //span/form/div[3]/button/span
Trying to find Element By : By.xpath: //span/form/div[3]/button/span
Found Element By : By.xpath: //span/form/div[3]/button/span
Trying to find Element By : By.xpath: //span/form/div[3]/button/span
Found Element By : By.xpath: //span/form/div[3]/button/span
Trying to find Element By : By.xpath: //span/form/div[3]/button/span
Found Element By : By.xpath: //span/form/div[3]/button/span
Trying to find Element By : By.xpath: //span/form/div[3]/button/span
Found Element By : By.xpath: //span/form/div[3]/button/span
Trying to find Element By : By.xpath: //span/form/div[3]/button/span
Found Element By : By.xpath: //span/form/div[3]/button/span
Trying to find Element By : By.xpath: //span/form/div[3]/button/span
Found Element By : By.xpath: //span/form/div[3]/button/span
Trying to find Element By : By.xpath: //span/form/div[3]/button/span
Found Element By : By.xpath: //span/form/div[3]/button/span
Trying to find Element By : By.xpath: //span/form/div[3]/button/span
Found Element By : By.xpath: //span/form/div[3]/button/span
Trying to find Element By : By.xpath: //span/form/div[3]/button/span
Found Element By : By.xpath: //span/form/div[3]/button/span
Trying to find Element By : By.xpath: //span/form/div[3]/button/span
Found Element By : By.xpath: //span/form/div[3]/button/span
Trying to find Element By : By.xpath: //span/form/div[3]/button/span
Found Element By : By.xpath: //span/form/div[3]/button/span
Trying to find Element By : By.xpath: //span/form/div[3]/button/span
Found Element By : By.xpath: //span/form/div[3]/button/span
Trying to find Element By : By.xpath: //span/form/div[3]/button/span
Found Element By : By.xpath: //span/form/div[3]/button/span
Trying to find Element By : By.xpath: //span/form/div[3]/button/span
Found Element By : By.xpath: //span/form/div[3]/button/span
Trying to find Element By : By.xpath: //span/form/div[3]/button/span
Found Element By : By.xpath: //span/form/div[3]/button/span
Trying to find Element By : By.xpath: //span/form/div[3]/button/span
Found Element By : By.xpath: //span/form/div[3]/button/span
Trying to find Element By : By.xpath: //span/form/div[3]/button/span
Found Element By : By.xpath: //span/form/div[3]/button/span
Trying to find Element By : By.xpath: //span/form/div[3]/button/span
Found Element By : By.xpath: //span/form/div[3]/button/span
Trying to find Element By : By.xpath: //span/form/div[3]/button/span
Found Element By : By.xpath: //span/form/div[3]/button/span
Trying to find Element By : By.xpath: //span/form/div[3]/button/span
Found Element By : By.xpath: //span/form/div[3]/button/span
Trying to find Element By : By.xpath: //span/form/div[3]/button/span
Found Element By : By.xpath: //span/form/div[3]/button/span
Trying to find Element By : By.xpath: //span/form/div[3]/button/span
Found Element By : By.xpath: //span/form/div[3]/button/span
Trying to find Element By : By.xpath: //span/form/div[3]/button/span
Found Element By : By.xpath: //span/form/div[3]/button/span
Trying to find Element By : By.xpath: //span/form/div[3]/button/span
Found Element By : By.xpath: //span/form/div[3]/button/span
Trying to find Element By : By.xpath: //span/form/div[3]/button/span
Found Element By : By.xpath: //span/form/div[3]/button/span
Trying to find Element By : By.xpath: //span/form/div[3]/button/span
Found Element By : By.xpath: //span/form/div[3]/button/span
Trying to find Element By : By.xpath: //span/form/div[3]/button/span
Found Element By : By.xpath: //span/form/div[3]/button/span
Trying to find Element By : By.xpath: //span/form/div[3]/button/span
Found Element By : By.xpath: //span/form/div[3]/button/span
Trying to find Element By : By.xpath: //span/form/div[3]/button/span
Found Element By : By.xpath: //span/form/div[3]/button/span
Trying to find Element By : By.xpath: //span/form/div[3]/button/span
Found Element By : By.xpath: //span/form/div[3]/button/span
Trying to find Element By : By.xpath: //span/form/div[3]/button/span
Found Element By : By.xpath: //span/form/div[3]/button/span
Trying to find Element By : By.xpath: //span/form/div[3]/button/span
Found Element By : By.xpath: //span/form/div[3]/button/span
Trying to find Element By : By.xpath: //span/form/div[3]/button/span
Found Element By : By.xpath: //span/form/div[3]/button/span
Trying to find Element By : By.xpath: //span/form/div[3]/button/span
Found Element By : By.xpath: //span/form/div[3]/button/span
Trying to find Element By : By.xpath: //span/form/div[3]/button/span
Found Element By : By.xpath: //span/form/div[3]/button/span
Trying to find Element By : By.xpath: //span/form/div[3]/button/span
Found Element By : By.xpath: //span/form/div[3]/button/span
Trying to find Element By : By.xpath: //span/form/div[3]/button/span
Found Element By : By.xpath: //span/form/div[3]/button/span
Trying to find Element By : By.xpath: //span/form/div[3]/button/span
Found Element By : By.xpath: //span/form/div[3]/button/span
Trying to find Element By : By.xpath: //span/form/div[3]/button/span
Found Element By : By.xpath: //span/form/div[3]/button/span
Trying to find Element By : By.xpath: //span/form/div[3]/button/span
Found Element By : By.xpath: //span/form/div[3]/button/span
Trying to find Element By : By.xpath: //span/form/div[3]/button/span
Found Element By : By.xpath: //span/form/div[3]/button/span
Trying to find Element By : By.xpath: //span/form/div[3]/button/span
Found Element By : By.xpath: //span/form/div[3]/button/span
Trying to find Element By : By.xpath: //span/form/div[3]/button/span
Found Element By : By.xpath: //span/form/div[3]/button/span
Trying to find Element By : By.xpath: //span/form/div[3]/button/span
Found Element By : By.xpath: //span/form/div[3]/button/span
Trying to find Element By : By.xpath: //span/form/div[3]/button/span
Found Element By : By.xpath: //span/form/div[3]/button/span
Trying to find Element By : By.xpath: //span/form/div[3]/button/span
Found Element By : By.xpath: //span/form/div[3]/button/span
Trying to find Element By : By.xpath: //span/form/div[3]/button/span
Found Element By : By.xpath: //span/form/div[3]/button/span
Trying to find Element By : By.xpath: //span/form/div[3]/button/span
Found Element By : By.xpath: //span/form/div[3]/button/span
Trying to find Element By : By.xpath: //span/form/div[3]/button/span
Found Element By : By.xpath: //span/form/div[3]/button/span
Trying to find Element By : By.xpath: //span/form/div[3]/button/span
Found Element By : By.xpath: //span/form/div[3]/button/span
Trying to find Element By : By.xpath: //span/form/div[3]/button/span
Found Element By : By.xpath: //span/form/div[3]/button/span
Trying to find Element By : By.xpath: //span/form/div[3]/button/span
Found Element By : By.xpath: //span/form/div[3]/button/span
Trying to find Element By : By.xpath: //span/form/div[3]/button/span
Found Element By : By.xpath: //span/form/div[3]/button/span
Trying to find Element By : By.xpath: //span/form/div[3]/button/span
Found Element By : By.xpath: //span/form/div[3]/button/span
Trying to find Element By : By.xpath: //span/form/div[3]/button/span
Found Element By : By.xpath: //span/form/div[3]/button/span
Trying to find Element By : By.xpath: //span/form/div[3]/button/span
Found Element By : By.xpath: //span/form/div[3]/button/span
Trying to find Element By : By.xpath: //span/form/div[3]/button/span
Found Element By : By.xpath: //span/form/div[3]/button/span
Trying to find Element By : By.xpath: //span/form/div[3]/button/span
Found Element By : By.xpath: //span/form/div[3]/button/span
Trying to find Element By : By.xpath: //span/form/div[3]/button/span
Found Element By : By.xpath: //span/form/div[3]/button/span
Trying to find Element By : By.xpath: //span/form/div[3]/button/span
Found Element By : By.xpath: //span/form/div[3]/button/span
Trying to find Element By : By.xpath: //span/form/div[3]/button/span
Found Element By : By.xpath: //span/form/div[3]/button/span
Trying to find Element By : By.xpath: //span/form/div[3]/button/span
Found Element By : By.xpath: //span/form/div[3]/button/span
Trying to find Element By : By.xpath: //span/form/div[3]/button/span
Found Element By : By.xpath: //span/form/div[3]/button/span
Trying to find Element By : By.xpath: //span/form/div[3]/button/span
Found Element By : By.xpath: //span/form/div[3]/button/span
Trying to find Element By : By.xpath: //span/form/div[3]/button/span
Found Element By : By.xpath: //span/form/div[3]/button/span
Trying to find Element By : By.xpath: //span/form/div[3]/button/span
Found Element By : By.xpath: //span/form/div[3]/button/span
Trying to find Element By : By.xpath: //span/form/div[3]/button/span
Found Element By : By.xpath: //span/form/div[3]/button/span
Trying to find Element By : By.xpath: //span/form/div[3]/button/span
Found Element By : By.xpath: //span/form/div[3]/button/span
Trying to find Element By : By.xpath: //span/form/div[3]/button/span
Found Element By : By.xpath: //span/form/div[3]/button/span
Trying to find Element By : By.xpath: //span/form/div[3]/button/span
Found Element By : By.xpath: //span/form/div[3]/button/span
Trying to find Element By : By.xpath: //span/form/div[3]/button/span
Found Element By : By.xpath: //span/form/div[3]/button/span
Trying to find Element By : By.xpath: //span/form/div[3]/button/span
Found Element By : By.xpath: //span/form/div[3]/button/span
Trying to find Element By : By.xpath: //span/form/div[3]/button/span
Found Element By : By.xpath: //span/form/div[3]/button/span
Trying to find Element By : By.xpath: //span/form/div[3]/button/span
Found Element By : By.xpath: //span/form/div[3]/button/span
Trying to find Element By : By.xpath: //span/form/div[3]/button/span
Found Element By : By.xpath: //span/form/div[3]/button/span
Trying to find Element By : By.xpath: //span/form/div[3]/button/span
Found Element By : By.xpath: //span/form/div[3]/button/span
Trying to find Element By : By.xpath: //span/form/div[3]/button/span
Found Element By : By.xpath: //span/form/div[3]/button/span
Trying to find Element By : By.xpath: //span/form/div[3]/button/span
Found Element By : By.xpath: //span/form/div[3]/button/span
Trying to find Element By : By.xpath: //span/form/div[3]/button/span
Found Element By : By.xpath: //span/form/div[3]/button/span
Trying to find Element By : By.xpath: //span/form/div[3]/button/span
Found Element By : By.xpath: //span/form/div[3]/button/span
Trying to find Element By : By.xpath: //span/form/div[3]/button/span
Found Element By : By.xpath: //span/form/div[3]/button/span
Trying to find Element By : By.xpath: //span/form/div[3]/button/span
Found Element By : By.xpath: //span/form/div[3]/button/span
Trying to find Element By : By.xpath: //span/form/div[3]/button/span
Found Element By : By.xpath: //span/form/div[3]/button/span
Trying to find Element By : By.xpath: //span/form/div[3]/button/span
Found Element By : By.xpath: //span/form/div[3]/button/span
Trying to find Element By : By.xpath: //span/form/div[3]/button/span
Found Element By : By.xpath: //span/form/div[3]/button/span
Trying to find Element By : By.xpath: //span/form/div[3]/button/span
Found Element By : By.xpath: //span/form/div[3]/button/span
Trying to find Element By : By.xpath: //span/form/div[3]/button/span
Found Element By : By.xpath: //span/form/div[3]/button/span
Trying to find Element By : By.xpath: //span/form/div[3]/button/span
Found Element By : By.xpath: //span/form/div[3]/button/span
Trying to find Element By : By.xpath: //span/form/div[3]/button/span
Found Element By : By.xpath: //span/form/div[3]/button/span
Trying to find Element By : By.xpath: //span/form/div[3]/button/span
Found Element By : By.xpath: //span/form/div[3]/button/span
Trying to find Element By : By.xpath: //span/form/div[3]/button/span
Found Element By : By.xpath: //span/form/div[3]/button/span
Trying to find Element By : By.xpath: //span/form/div[3]/button/span
Found Element By : By.xpath: //span/form/div[3]/button/span
Trying to find Element By : By.xpath: //span/form/div[3]/button/span
Found Element By : By.xpath: //span/form/div[3]/button/span
Trying to find Element By : By.xpath: //span/form/div[3]/button/span
Found Element By : By.xpath: //span/form/div[3]/button/span
Trying to find Element By : By.xpath: //span/form/div[3]/button/span
Found Element By : By.xpath: //span/form/div[3]/button/span
Trying to find Element By : By.xpath: //span/form/div[3]/button/span
Found Element By : By.xpath: //span/form/div[3]/button/span
Trying to find Element By : By.xpath: //span/form/div[3]/button/span
Found Element By : By.xpath: //span/form/div[3]/button/span
Trying to find Element By : By.xpath: //span/form/div[3]/button/span
Found Element By : By.xpath: //span/form/div[3]/button/span
Trying to find Element By : By.xpath: //span/form/div[3]/button/span
Found Element By : By.xpath: //span/form/div[3]/button/span
Trying to find Element By : By.xpath: //span/form/div[3]/button/span
Found Element By : By.xpath: //span/form/div[3]/button/span
Trying to find Element By : By.xpath: //span/form/div[3]/button/span
Found Element By : By.xpath: //span/form/div[3]/button/span
Trying to find Element By : By.xpath: //span/form/div[3]/button/span
Found Element By : By.xpath: //span/form/div[3]/button/span
Trying to find Element By : By.xpath: //span/form/div[3]/button/span
Found Element By : By.xpath: //span/form/div[3]/button/span
Trying to find Element By : By.xpath: //span/form/div[3]/button/span
Found Element By : By.xpath: //span/form/div[3]/button/span
Trying to find Element By : By.xpath: //span/form/div[3]/button/span
Found Element By : By.xpath: //span/form/div[3]/button/span
Trying to find Element By : By.xpath: //span/form/div[3]/button/span
Found Element By : By.xpath: //span/form/div[3]/button/span
Trying to find Element By : By.xpath: //span/form/div[3]/button/span
Found Element By : By.xpath: //span/form/div[3]/button/span
Trying to find Element By : By.xpath: //span/form/div[3]/button/span
Found Element By : By.xpath: //span/form/div[3]/button/span
Trying to find Element By : By.xpath: //span/form/div[3]/button/span
Found Element By : By.xpath: //span/form/div[3]/button/span
Trying to find Element By : By.xpath: //span/form/div[3]/button/span
Found Element By : By.xpath: //span/form/div[3]/button/span
Trying to find Element By : By.xpath: //span/form/div[3]/button/span
Found Element By : By.xpath: //span/form/div[3]/button/span
Trying to find Element By : By.xpath: //span/form/div[3]/button/span
Found Element By : By.xpath: //span/form/div[3]/button/span
Trying to find Element By : By.xpath: //span/form/div[3]/button/span
Found Element By : By.xpath: //span/form/div[3]/button/span
Trying to find Element By : By.xpath: //span/form/div[3]/button/span
Found Element By : By.xpath: //span/form/div[3]/button/span
Trying to find Element By : By.xpath: //span/form/div[3]/button/span
Found Element By : By.xpath: //span/form/div[3]/button/span
Trying to find Element By : By.xpath: //span/form/div[3]/button/span
Found Element By : By.xpath: //span/form/div[3]/button/span
Trying to find Element By : By.xpath: //span/form/div[3]/button/span
Found Element By : By.xpath: //span/form/div[3]/button/span
Trying to find Element By : By.xpath: //span/form/div[3]/button/span
Found Element By : By.xpath: //span/form/div[3]/button/span
Trying to find Element By : By.xpath: //span/form/div[3]/button/span
Found Element By : By.xpath: //span/form/div[3]/button/span
Trying to find Element By : By.xpath: //span/form/div[3]/button/span
Found Element By : By.xpath: //span/form/div[3]/button/span
Trying to find Element By : By.xpath: //span/form/div[3]/button/span
Found Element By : By.xpath: //span/form/div[3]/button/span
Trying to find Element By : By.xpath: //span/form/div[3]/button/span
Found Element By : By.xpath: //span/form/div[3]/button/span
Trying to find Element By : By.xpath: //span/form/div[3]/button/span
Found Element By : By.xpath: //span/form/div[3]/button/span
Trying to find Element By : By.xpath: //span/form/div[3]/button/span
Found Element By : By.xpath: //span/form/div[3]/button/span
Trying to find Element By : By.xpath: //span/form/div[3]/button/span
Found Element By : By.xpath: //span/form/div[3]/button/span
Trying to find Element By : By.xpath: //span/form/div[3]/button/span
Found Element By : By.xpath: //span/form/div[3]/button/span
Trying to find Element By : By.xpath: //span/form/div[3]/button/span
Found Element By : By.xpath: //span/form/div[3]/button/span
Trying to find Element By : By.xpath: //span/form/div[3]/button/span
Found Element By : By.xpath: //span/form/div[3]/button/span
Trying to find Element By : By.xpath: //span/form/div[3]/button/span
Found Element By : By.xpath: //span/form/div[3]/button/span
Trying to find Element By : By.xpath: //span/form/div[3]/button/span
Found Element By : By.xpath: //span/form/div[3]/button/span
Trying to find Element By : By.xpath: //span/form/div[3]/button/span
Found Element By : By.xpath: //span/form/div[3]/button/span
Trying to find Element By : By.xpath: //span/form/div[3]/button/span
Found Element By : By.xpath: //span/form/div[3]/button/span
Trying to find Element By : By.xpath: //span/form/div[3]/button/span
Found Element By : By.xpath: //span/form/div[3]/button/span
Trying to find Element By : By.xpath: //span/form/div[3]/button/span
Found Element By : By.xpath: //span/form/div[3]/button/span
Trying to find Element By : By.xpath: //span/form/div[3]/button/span
Found Element By : By.xpath: //span/form/div[3]/button/span
Trying to find Element By : By.xpath: //span/form/div[3]/button/span
Found Element By : By.xpath: //span/form/div[3]/button/span
Trying to find Element By : By.xpath: //span/form/div[3]/button/span
Found Element By : By.xpath: //span/form/div[3]/button/span
Trying to find Element By : By.xpath: //span/form/div[3]/button/span
Found Element By : By.xpath: //span/form/div[3]/button/span
Trying to find Element By : By.xpath: //span/form/div[3]/button/span
Found Element By : By.xpath: //span/form/div[3]/button/span
Trying to find Element By : By.xpath: //span/form/div[3]/button/span
Found Element By : By.xpath: //span/form/div[3]/button/span
Trying to find Element By : By.xpath: //span/form/div[3]/button/span
Found Element By : By.xpath: //span/form/div[3]/button/span
Trying to find Element By : By.xpath: //span/form/div[3]/button/span
Found Element By : By.xpath: //span/form/div[3]/button/span
Trying to find Element By : By.xpath: //span/form/div[3]/button/span
Found Element By : By.xpath: //span/form/div[3]/button/span
Trying to find Element By : By.xpath: //span/form/div[3]/button/span
Found Element By : By.xpath: //span/form/div[3]/button/span
Trying to find Element By : By.xpath: //span/form/div[3]/button/span
Found Element By : By.xpath: //span/form/div[3]/button/span
Trying to find Element By : By.xpath: //span/form/div[3]/button/span
Found Element By : By.xpath: //span/form/div[3]/button/span
Trying to find Element By : By.xpath: //span/form/div[3]/button/span
Found Element By : By.xpath: //span/form/div[3]/button/span
Trying to find Element By : By.xpath: //span/form/div[3]/button/span
Found Element By : By.xpath: //span/form/div[3]/button/span
Trying to find Element By : By.xpath: //span/form/div[3]/button/span
Found Element By : By.xpath: //span/form/div[3]/button/span
Trying to find Element By : By.xpath: //span/form/div[3]/button/span
Found Element By : By.xpath: //span/form/div[3]/button/span
Trying to find Element By : By.xpath: //span/form/div[3]/button/span
Found Element By : By.xpath: //span/form/div[3]/button/span
Trying to find Element By : By.xpath: //span/form/div[3]/button/span
Found Element By : By.xpath: //span/form/div[3]/button/span
Trying to find Element By : By.xpath: //span/form/div[3]/button/span
Found Element By : By.xpath: //span/form/div[3]/button/span
Trying to find Element By : By.xpath: //span/form/div[3]/button/span
Found Element By : By.xpath: //span/form/div[3]/button/span
Trying to find Element By : By.xpath: //span/form/div[3]/button/span
Found Element By : By.xpath: //span/form/div[3]/button/span
Trying to find Element By : By.xpath: //span/form/div[3]/button/span
Found Element By : By.xpath: //span/form/div[3]/button/span
Trying to find Element By : By.xpath: //span/form/div[3]/button/span
Found Element By : By.xpath: //span/form/div[3]/button/span
Trying to find Element By : By.xpath: //span/form/div[3]/button/span
Found Element By : By.xpath: //span/form/div[3]/button/span
Trying to find Element By : By.xpath: //span/form/div[3]/button/span
Found Element By : By.xpath: //span/form/div[3]/button/span
Trying to find Element By : By.xpath: //span/form/div[3]/button/span
Found Element By : By.xpath: //span/form/div[3]/button/span
Trying to find Element By : By.xpath: //span/form/div[3]/button/span
Found Element By : By.xpath: //span/form/div[3]/button/span
Trying to find Element By : By.xpath: //span/form/div[3]/button/span
Found Element By : By.xpath: //span/form/div[3]/button/span
Trying to find Element By : By.xpath: //span/form/div[3]/button/span
Found Element By : By.xpath: //span/form/div[3]/button/span
Trying to find Element By : By.xpath: //span/form/div[3]/button/span
Found Element By : By.xpath: //span/form/div[3]/button/span
Trying to find Element By : By.xpath: //span/form/div[3]/button/span
Found Element By : By.xpath: //span/form/div[3]/button/span
Trying to find Element By : By.xpath: //span/form/div[3]/button/span
Found Element By : By.xpath: //span/form/div[3]/button/span
Trying to find Element By : By.xpath: //span/form/div[3]/button/span
Found Element By : By.xpath: //span/form/div[3]/button/span
Trying to find Element By : By.xpath: //span/form/div[3]/button/span
Found Element By : By.xpath: //span/form/div[3]/button/span
Trying to find Element By : By.xpath: //span/form/div[3]/button/span
Found Element By : By.xpath: //span/form/div[3]/button/span
Trying to find Element By : By.xpath: //span/form/div[3]/button/span
Found Element By : By.xpath: //span/form/div[3]/button/span
Trying to find Element By : By.xpath: //span/form/div[3]/button/span
Found Element By : By.xpath: //span/form/div[3]/button/span
Trying to find Element By : By.xpath: //span/form/div[3]/button/span
Found Element By : By.xpath: //span/form/div[3]/button/span
Trying to find Element By : By.xpath: //span/form/div[3]/button/span
Found Element By : By.xpath: //span/form/div[3]/button/span
Trying to find Element By : By.xpath: //span/form/div[3]/button/span
Found Element By : By.xpath: //span/form/div[3]/button/span
Trying to find Element By : By.xpath: //span/form/div[3]/button/span
Found Element By : By.xpath: //span/form/div[3]/button/span
Trying to find Element By : By.xpath: //span/form/div[3]/button/span
Found Element By : By.xpath: //span/form/div[3]/button/span
Trying to find Element By : By.xpath: //span/form/div[3]/button/span
Found Element By : By.xpath: //span/form/div[3]/button/span
Trying to find Element By : By.xpath: //span/form/div[3]/button/span
Found Element By : By.xpath: //span/form/div[3]/button/span
Trying to find Element By : By.xpath: //span/form/div[3]/button/span
Found Element By : By.xpath: //span/form/div[3]/button/span
Trying to find Element By : By.xpath: //span/form/div[3]/button/span
Found Element By : By.xpath: //span/form/div[3]/button/span
Trying to find Element By : By.xpath: //span/form/div[3]/button/span
Found Element By : By.xpath: //span/form/div[3]/button/span
Trying to find Element By : By.xpath: //span/form/div[3]/button/span
Found Element By : By.xpath: //span/form/div[3]/button/span
Trying to find Element By : By.xpath: //span/form/div[3]/button/span
Found Element By : By.xpath: //span/form/div[3]/button/span
Trying to find Element By : By.xpath: //span/form/div[3]/button/span
Found Element By : By.xpath: //span/form/div[3]/button/span
Trying to find Element By : By.xpath: //span/form/div[3]/button/span
Found Element By : By.xpath: //span/form/div[3]/button/span
Trying to find Element By : By.xpath: //span/form/div[3]/button/span
Found Element By : By.xpath: //span/form/div[3]/button/span
Trying to find Element By : By.xpath: //span/form/div[3]/button/span
Found Element By : By.xpath: //span/form/div[3]/button/span
Trying to find Element By : By.xpath: //span/form/div[3]/button/span
Found Element By : By.xpath: //span/form/div[3]/button/span
Trying to find Element By : By.xpath: //span/form/div[3]/button/span
Found Element By : By.xpath: //span/form/div[3]/button/span
Trying to find Element By : By.xpath: //span/form/div[3]/button/span
Found Element By : By.xpath: //span/form/div[3]/button/span
Trying to find Element By : By.xpath: //span/form/div[3]/button/span
Found Element By : By.xpath: //span/form/div[3]/button/span
Trying to find Element By : By.xpath: //span/form/div[3]/button/span
Found Element By : By.xpath: //span/form/div[3]/button/span
Trying to find Element By : By.xpath: //span/form/div[3]/button/span
Found Element By : By.xpath: //span/form/div[3]/button/span
Trying to find Element By : By.xpath: //span/form/div[3]/button/span
Found Element By : By.xpath: //span/form/div[3]/button/span
Trying to find Element By : By.xpath: //span/form/div[3]/button/span
Found Element By : By.xpath: //span/form/div[3]/button/span
Trying to find Element By : By.xpath: //span/form/div[3]/button/span
Found Element By : By.xpath: //span/form/div[3]/button/span
Trying to find Element By : By.xpath: //span/form/div[3]/button/span
Found Element By : By.xpath: //span/form/div[3]/button/span
Trying to find Element By : By.xpath: //span/form/div[3]/button/span
Found Element By : By.xpath: //span/form/div[3]/button/span
Trying to find Element By : By.xpath: //span/form/div[3]/button/span
Found Element By : By.xpath: //span/form/div[3]/button/span
Trying to find Element By : By.xpath: //span/form/div[3]/button/span
Found Element By : By.xpath: //span/form/div[3]/button/span
Trying to find Element By : By.xpath: //span/form/div[3]/button/span
Found Element By : By.xpath: //span/form/div[3]/button/span
Trying to find Element By : By.xpath: //span/form/div[3]/button/span
Found Element By : By.xpath: //span/form/div[3]/button/span
Trying to find Element By : By.xpath: //span/form/div[3]/button/span
Found Element By : By.xpath: //span/form/div[3]/button/span
Trying to find Element By : By.xpath: //span/form/div[3]/button/span
Found Element By : By.xpath: //span/form/div[3]/button/span
Trying to find Element By : By.xpath: //span/form/div[3]/button/span
Found Element By : By.xpath: //span/form/div[3]/button/span
Trying to find Element By : By.xpath: //span/form/div[3]/button/span
Found Element By : By.xpath: //span/form/div[3]/button/span
Trying to find Element By : By.xpath: //span/form/div[3]/button/span
Found Element By : By.xpath: //span/form/div[3]/button/span
Trying to find Element By : By.xpath: //span/form/div[3]/button/span
Found Element By : By.xpath: //span/form/div[3]/button/span
Trying to find Element By : By.xpath: //span/form/div[3]/button/span
Found Element By : By.xpath: //span/form/div[3]/button/span
Trying to find Element By : By.xpath: //span/form/div[3]/button/span
Found Element By : By.xpath: //span/form/div[3]/button/span
Trying to find Element By : By.xpath: //span/form/div[3]/button/span
Found Element By : By.xpath: //span/form/div[3]/button/span
Trying to find Element By : By.xpath: //span/form/div[3]/button/span
Found Element By : By.xpath: //span/form/div[3]/button/span
Trying to find Element By : By.xpath: //span/form/div[3]/button/span
Found Element By : By.xpath: //span/form/div[3]/button/span
Trying to find Element By : By.xpath: //span/form/div[3]/button/span
Found Element By : By.xpath: //span/form/div[3]/button/span
Trying to find Element By : By.xpath: //span/form/div[3]/button/span
Found Element By : By.xpath: //span/form/div[3]/button/span
Trying to find Element By : By.xpath: //span/form/div[3]/button/span
Found Element By : By.xpath: //span/form/div[3]/button/span
Trying to find Element By : By.xpath: //span/form/div[3]/button/span
Found Element By : By.xpath: //span/form/div[3]/button/span
Trying to find Element By : By.xpath: //span/form/div[3]/button/span
Found Element By : By.xpath: //span/form/div[3]/button/span
Trying to find Element By : By.xpath: //span/form/div[3]/button/span
Found Element By : By.xpath: //span/form/div[3]/button/span
Trying to find Element By : By.xpath: //span/form/div[3]/button/span
Found Element By : By.xpath: //span/form/div[3]/button/span
Trying to find Element By : By.xpath: //span/form/div[3]/button/span
Found Element By : By.xpath: //span/form/div[3]/button/span
Trying to find Element By : By.xpath: //span/form/div[3]/button/span
Found Element By : By.xpath: //span/form/div[3]/button/span
Trying to find Element By : By.xpath: //span/form/div[3]/button/span
Found Element By : By.xpath: //span/form/div[3]/button/span
Trying to find Element By : By.xpath: //span/form/div[3]/button/span
Found Element By : By.xpath: //span/form/div[3]/button/span
Trying to find Element By : By.xpath: //span/form/div[3]/button/span
Found Element By : By.xpath: //span/form/div[3]/button/span
Trying to find Element By : By.xpath: //span/form/div[3]/button/span
Found Element By : By.xpath: //span/form/div[3]/button/span
Trying to find Element By : By.xpath: //span/form/div[3]/button/span
Found Element By : By.xpath: //span/form/div[3]/button/span
Trying to find Element By : By.xpath: //span/form/div[3]/button/span
Found Element By : By.xpath: //span/form/div[3]/button/span
Trying to find Element By : By.xpath: //span/form/div[3]/button/span
Found Element By : By.xpath: //span/form/div[3]/button/span
Trying to find Element By : By.xpath: //span/form/div[3]/button/span
Found Element By : By.xpath: //span/form/div[3]/button/span
Trying to find Element By : By.xpath: //span/form/div[3]/button/span
Found Element By : By.xpath: //span/form/div[3]/button/span
Trying to find Element By : By.xpath: //span/form/div[3]/button/span
Found Element By : By.xpath: //span/form/div[3]/button/span
Trying to find Element By : By.xpath: //span/form/div[3]/button/span
Found Element By : By.xpath: //span/form/div[3]/button/span
Trying to find Element By : By.xpath: //span/form/div[3]/button/span
Found Element By : By.xpath: //span/form/div[3]/button/span
Trying to find Element By : By.xpath: //span/form/div[3]/button/span
Found Element By : By.xpath: //span/form/div[3]/button/span
Trying to find Element By : By.xpath: //span/form/div[3]/button/span
Found Element By : By.xpath: //span/form/div[3]/button/span
Trying to find Element By : By.xpath: //span/form/div[3]/button/span
Found Element By : By.xpath: //span/form/div[3]/button/span
Trying to find Element By : By.xpath: //span/form/div[3]/button/span
Found Element By : By.xpath: //span/form/div[3]/button/span
Trying to find Element By : By.xpath: //span/form/div[3]/button/span
Found Element By : By.xpath: //span/form/div[3]/button/span
Trying to find Element By : By.xpath: //span/form/div[3]/button/span
Found Element By : By.xpath: //span/form/div[3]/button/span
Trying to find Element By : By.xpath: //span/form/div[3]/button/span
Found Element By : By.xpath: //span/form/div[3]/button/span
Trying to find Element By : By.xpath: //span/form/div[3]/button/span
Found Element By : By.xpath: //span/form/div[3]/button/span
Trying to find Element By : By.xpath: //span/form/div[3]/button/span
Found Element By : By.xpath: //span/form/div[3]/button/span
Trying to find Element By : By.xpath: //span/form/div[3]/button/span
Found Element By : By.xpath: //span/form/div[3]/button/span
Trying to find Element By : By.xpath: //span/form/div[3]/button/span
Found Element By : By.xpath: //span/form/div[3]/button/span
Trying to find Element By : By.xpath: //span/form/div[3]/button/span
Found Element By : By.xpath: //span/form/div[3]/button/span
Trying to find Element By : By.xpath: //span/form/div[3]/button/span
Found Element By : By.xpath: //span/form/div[3]/button/span
Trying to find Element By : By.xpath: //span/form/div[3]/button/span
Found Element By : By.xpath: //span/form/div[3]/button/span
Trying to find Element By : By.xpath: //span/form/div[3]/button/span
Found Element By : By.xpath: //span/form/div[3]/button/span
Trying to find Element By : By.xpath: //span/form/div[3]/button/span
Found Element By : By.xpath: //span/form/div[3]/button/span
Trying to find Element By : By.xpath: //span/form/div[3]/button/span
Found Element By : By.xpath: //span/form/div[3]/button/span
Trying to find Element By : By.xpath: //span/form/div[3]/button/span
Found Element By : By.xpath: //span/form/div[3]/button/span
Trying to find Element By : By.xpath: //span/form/div[3]/button/span
Found Element By : By.xpath: //span/form/div[3]/button/span
Trying to find Element By : By.xpath: //span/form/div[3]/button/span
Found Element By : By.xpath: //span/form/div[3]/button/span
Trying to find Element By : By.xpath: //span/form/div[3]/button/span
Found Element By : By.xpath: //span/form/div[3]/button/span
Trying to find Element By : By.xpath: //span/form/div[3]/button/span
Found Element By : By.xpath: //span/form/div[3]/button/span
Trying to find Element By : By.xpath: //span/form/div[3]/button/span
Found Element By : By.xpath: //span/form/div[3]/button/span
Trying to find Element By : By.xpath: //span/form/div[3]/button/span
Found Element By : By.xpath: //span/form/div[3]/button/span
Trying to find Element By : By.xpath: //span/form/div[3]/button/span
Found Element By : By.xpath: //span/form/div[3]/button/span
Trying to find Element By : By.xpath: //span/form/div[3]/button/span
Found Element By : By.xpath: //span/form/div[3]/button/span
Trying to find Element By : By.xpath: //span/form/div[3]/button/span
Found Element By : By.xpath: //span/form/div[3]/button/span
Trying to find Element By : By.xpath: //span/form/div[3]/button/span
Found Element By : By.xpath: //span/form/div[3]/button/span
Trying to find Element By : By.xpath: //span/form/div[3]/button/span
Found Element By : By.xpath: //span/form/div[3]/button/span
Trying to find Element By : By.xpath: //span/form/div[3]/button/span
Found Element By : By.xpath: //span/form/div[3]/button/span
Trying to find Element By : By.xpath: //span/form/div[3]/button/span
Found Element By : By.xpath: //span/form/div[3]/button/span
Trying to find Element By : By.xpath: //span/form/div[3]/button/span
Found Element By : By.xpath: //span/form/div[3]/button/span
Trying to find Element By : By.xpath: //span/form/div[3]/button/span
Found Element By : By.xpath: //span/form/div[3]/button/span
Trying to find Element By : By.xpath: //span/form/div[3]/button/span
Found Element By : By.xpath: //span/form/div[3]/button/span
Trying to find Element By : By.xpath: //span/form/div[3]/button/span
Found Element By : By.xpath: //span/form/div[3]/button/span
Trying to find Element By : By.xpath: //span/form/div[3]/button/span
Found Element By : By.xpath: //span/form/div[3]/button/span
Trying to find Element By : By.xpath: //span/form/div[3]/button/span
Found Element By : By.xpath: //span/form/div[3]/button/span
Trying to find Element By : By.xpath: //span/form/div[3]/button/span
Found Element By : By.xpath: //span/form/div[3]/button/span
Trying to find Element By : By.xpath: //span/form/div[3]/button/span
Found Element By : By.xpath: //span/form/div[3]/button/span
Trying to find Element By : By.xpath: //span/form/div[3]/button/span
Found Element By : By.xpath: //span/form/div[3]/button/span
Trying to find Element By : By.xpath: //span/form/div[3]/button/span
Found Element By : By.xpath: //span/form/div[3]/button/span
Trying to find Element By : By.xpath: //span/form/div[3]/button/span
Found Element By : By.xpath: //span/form/div[3]/button/span
Trying to find Element By : By.xpath: //span/form/div[3]/button/span
Found Element By : By.xpath: //span/form/div[3]/button/span
Trying to find Element By : By.xpath: //span/form/div[3]/button/span
Found Element By : By.xpath: //span/form/div[3]/button/span
Trying to find Element By : By.xpath: //span/form/div[3]/button/span
Found Element By : By.xpath: //span/form/div[3]/button/span
Trying to find Element By : By.xpath: //span/form/div[3]/button/span
Found Element By : By.xpath: //span/form/div[3]/button/span
Trying to find Element By : By.xpath: //span/form/div[3]/button/span
Found Element By : By.xpath: //span/form/div[3]/button/span
Trying to find Element By : By.xpath: //span/form/div[3]/button/span
Found Element By : By.xpath: //span/form/div[3]/button/span
Trying to find Element By : By.xpath: //span/form/div[3]/button/span
Found Element By : By.xpath: //span/form/div[3]/button/span
Trying to find Element By : By.xpath: //span/form/div[3]/button/span
Found Element By : By.xpath: //span/form/div[3]/button/span
Trying to find Element By : By.xpath: //span/form/div[3]/button/span
Found Element By : By.xpath: //span/form/div[3]/button/span
Trying to find Element By : By.xpath: //span/form/div[3]/button/span
Found Element By : By.xpath: //span/form/div[3]/button/span
Trying to find Element By : By.xpath: //span/form/div[3]/button/span
Found Element By : By.xpath: //span/form/div[3]/button/span
Trying to find Element By : By.xpath: //span/form/div[3]/button/span
Found Element By : By.xpath: //span/form/div[3]/button/span
Trying to find Element By : By.xpath: //span/form/div[3]/button/span
Found Element By : By.xpath: //span/form/div[3]/button/span
Trying to find Element By : By.xpath: //span/form/div[3]/button/span
Found Element By : By.xpath: //span/form/div[3]/button/span
Trying to find Element By : By.xpath: //span/form/div[3]/button/span
Found Element By : By.xpath: //span/form/div[3]/button/span
Trying to find Element By : By.xpath: //span/form/div[3]/button/span
Found Element By : By.xpath: //span/form/div[3]/button/span
Trying to find Element By : By.xpath: //span/form/div[3]/button/span
Found Element By : By.xpath: //span/form/div[3]/button/span
Trying to find Element By : By.xpath: //span/form/div[3]/button/span
Found Element By : By.xpath: //span/form/div[3]/button/span
Trying to find Element By : By.xpath: //span/form/div[3]/button/span
Found Element By : By.xpath: //span/form/div[3]/button/span
Trying to find Element By : By.xpath: //span/form/div[3]/button/span
Found Element By : By.xpath: //span/form/div[3]/button/span
Trying to find Element By : By.xpath: //span/form/div[3]/button/span
Found Element By : By.xpath: //span/form/div[3]/button/span
Trying to find Element By : By.xpath: //span/form/div[3]/button/span
Found Element By : By.xpath: //span/form/div[3]/button/span
Trying to find Element By : By.xpath: //span/form/div[3]/button/span
Found Element By : By.xpath: //span/form/div[3]/button/span
Trying to find Element By : By.xpath: //span/form/div[3]/button/span
Found Element By : By.xpath: //span/form/div[3]/button/span
Trying to find Element By : By.xpath: //span/form/div[3]/button/span
Found Element By : By.xpath: //span/form/div[3]/button/span
Trying to find Element By : By.xpath: //span/form/div[3]/button/span
Found Element By : By.xpath: //span/form/div[3]/button/span
Trying to find Element By : By.xpath: //span/form/div[3]/button/span
Found Element By : By.xpath: //span/form/div[3]/button/span
Trying to find Element By : By.xpath: //span/form/div[3]/button/span
Found Element By : By.xpath: //span/form/div[3]/button/span
Trying to find Element By : By.xpath: //span/form/div[3]/button/span
Found Element By : By.xpath: //span/form/div[3]/button/span
Trying to find Element By : By.xpath: //span/form/div[3]/button/span
Found Element By : By.xpath: //span/form/div[3]/button/span
Trying to find Element By : By.xpath: //span/form/div[3]/button/span
Found Element By : By.xpath: //span/form/div[3]/button/span
Trying to find Element By : By.xpath: //span/form/div[3]/button/span
Found Element By : By.xpath: //span/form/div[3]/button/span
Trying to find Element By : By.xpath: //span/form/div[3]/button/span
Found Element By : By.xpath: //span/form/div[3]/button/span
Trying to find Element By : By.xpath: //span/form/div[3]/button/span
Found Element By : By.xpath: //span/form/div[3]/button/span
Trying to find Element By : By.xpath: //span/form/div[3]/button/span
Found Element By : By.xpath: //span/form/div[3]/button/span
Trying to find Element By : By.xpath: //span/form/div[3]/button/span
Found Element By : By.xpath: //span/form/div[3]/button/span
Trying to find Element By : By.xpath: //span/form/div[3]/button/span
Found Element By : By.xpath: //span/form/div[3]/button/span
Trying to find Element By : By.xpath: //span/form/div[3]/button/span
Found Element By : By.xpath: //span/form/div[3]/button/span
Trying to find Element By : By.xpath: //span/form/div[3]/button/span
Found Element By : By.xpath: //span/form/div[3]/button/span
Trying to find Element By : By.xpath: //span/form/div[3]/button/span
Found Element By : By.xpath: //span/form/div[3]/button/span
Trying to find Element By : By.xpath: //span/form/div[3]/button/span
Found Element By : By.xpath: //span/form/div[3]/button/span
Trying to find Element By : By.xpath: //span/form/div[3]/button/span
Found Element By : By.xpath: //span/form/div[3]/button/span
Trying to find Element By : By.xpath: //span/form/div[3]/button/span
Found Element By : By.xpath: //span/form/div[3]/button/span
Trying to find Element By : By.xpath: //span/form/div[3]/button/span
Found Element By : By.xpath: //span/form/div[3]/button/span
Trying to find Element By : By.xpath: //span/form/div[3]/button/span
Found Element By : By.xpath: //span/form/div[3]/button/span
Trying to find Element By : By.xpath: //span/form/div[3]/button/span
Found Element By : By.xpath: //span/form/div[3]/button/span
Trying to find Element By : By.xpath: //span/form/div[3]/button/span
Found Element By : By.xpath: //span/form/div[3]/button/span
Trying to find Element By : By.xpath: //span/form/div[3]/button/span
Found Element By : By.xpath: //span/form/div[3]/button/span
Trying to find Element By : By.xpath: //span/form/div[3]/button/span
Found Element By : By.xpath: //span/form/div[3]/button/span
Trying to find Element By : By.xpath: //span/form/div[3]/button/span
Found Element By : By.xpath: //span/form/div[3]/button/span
Trying to find Element By : By.xpath: //span/form/div[3]/button/span
Found Element By : By.xpath: //span/form/div[3]/button/span
Trying to find Element By : By.xpath: //span/form/div[3]/button/span
Found Element By : By.xpath: //span/form/div[3]/button/span
Trying to find Element By : By.xpath: //span/form/div[3]/button/span
Found Element By : By.xpath: //span/form/div[3]/button/span
Trying to find Element By : By.xpath: //span/form/div[3]/button/span
Found Element By : By.xpath: //span/form/div[3]/button/span
Trying to find Element By : By.xpath: //span/form/div[3]/button/span
Found Element By : By.xpath: //span/form/div[3]/button/span
Trying to find Element By : By.xpath: //span/form/div[3]/button/span
Found Element By : By.xpath: //span/form/div[3]/button/span
Trying to find Element By : By.xpath: //span/form/div[3]/button/span
Found Element By : By.xpath: //span/form/div[3]/button/span
Trying to find Element By : By.xpath: //span/form/div[3]/button/span
Found Element By : By.xpath: //span/form/div[3]/button/span
Trying to find Element By : By.xpath: //span/form/div[3]/button/span
Found Element By : By.xpath: //span/form/div[3]/button/span
Trying to find Element By : By.xpath: //span/form/div[3]/button/span
Found Element By : By.xpath: //span/form/div[3]/button/span
Trying to find Element By : By.xpath: //span/form/div[3]/button/span
Found Element By : By.xpath: //span/form/div[3]/button/span
Trying to find Element By : By.xpath: //span/form/div[3]/button/span
Found Element By : By.xpath: //span/form/div[3]/button/span
Trying to find Element By : By.xpath: //span/form/div[3]/button/span
Found Element By : By.xpath: //span/form/div[3]/button/span
Trying to find Element By : By.xpath: //span/form/div[3]/button/span
Found Element By : By.xpath: //span/form/div[3]/button/span
Trying to find Element By : By.xpath: //span/form/div[3]/button/span
Found Element By : By.xpath: //span/form/div[3]/button/span
Trying to find Element By : By.xpath: //span/form/div[3]/button/span
Found Element By : By.xpath: //span/form/div[3]/button/span
Trying to find Element By : By.xpath: //span/form/div[3]/button/span
Found Element By : By.xpath: //span/form/div[3]/button/span
Trying to find Element By : By.xpath: //span/form/div[3]/button/span
Found Element By : By.xpath: //span/form/div[3]/button/span
Trying to find Element By : By.xpath: //span/form/div[3]/button/span
Found Element By : By.xpath: //span/form/div[3]/button/span
Trying to find Element By : By.xpath: //span/form/div[3]/button/span
Found Element By : By.xpath: //span/form/div[3]/button/span
Trying to find Element By : By.xpath: //span/form/div[3]/button/span
Found Element By : By.xpath: //span/form/div[3]/button/span
Trying to find Element By : By.xpath: //span/form/div[3]/button/span
Found Element By : By.xpath: //span/form/div[3]/button/span
Trying to find Element By : By.xpath: //span/form/div[3]/button/span
Found Element By : By.xpath: //span/form/div[3]/button/span
Trying to find Element By : By.xpath: //span/form/div[3]/button/span
Found Element By : By.xpath: //span/form/div[3]/button/span
Trying to find Element By : By.xpath: //span/form/div[3]/button/span
Found Element By : By.xpath: //span/form/div[3]/button/span
Trying to find Element By : By.xpath: //span/form/div[3]/button/span
Found Element By : By.xpath: //span/form/div[3]/button/span
Trying to find Element By : By.xpath: //span/form/div[3]/button/span
Found Element By : By.xpath: //span/form/div[3]/button/span
Trying to find Element By : By.xpath: //span/form/div[3]/button/span
Found Element By : By.xpath: //span/form/div[3]/button/span
Trying to find Element By : By.xpath: //span/form/div[3]/button/span
Found Element By : By.xpath: //span/form/div[3]/button/span
Trying to find Element By : By.xpath: //span/form/div[3]/button/span
Found Element By : By.xpath: //span/form/div[3]/button/span
Trying to find Element By : By.xpath: //span/form/div[3]/button/span
Found Element By : By.xpath: //span/form/div[3]/button/span
Trying to find Element By : By.xpath: //span/form/div[3]/button/span
Found Element By : By.xpath: //span/form/div[3]/button/span
Trying to find Element By : By.xpath: //span/form/div[3]/button/span
Found Element By : By.xpath: //span/form/div[3]/button/span
Trying to find Element By : By.xpath: //span/form/div[3]/button/span
Found Element By : By.xpath: //span/form/div[3]/button/span
Trying to find Element By : By.xpath: //span/form/div[3]/button/span
Found Element By : By.xpath: //span/form/div[3]/button/span
Trying to find Element By : By.xpath: //span/form/div[3]/button/span
Found Element By : By.xpath: //span/form/div[3]/button/span
Trying to find Element By : By.xpath: //span/form/div[3]/button/span
Found Element By : By.xpath: //span/form/div[3]/button/span
Trying to find Element By : By.xpath: //span/form/div[3]/button/span
Found Element By : By.xpath: //span/form/div[3]/button/span
Trying to find Element By : By.xpath: //span/form/div[3]/button/span
Found Element By : By.xpath: //span/form/div[3]/button/span
Trying to find Element By : By.xpath: //span/form/div[3]/button/span
Found Element By : By.xpath: //span/form/div[3]/button/span
Trying to find Element By : By.xpath: //span/form/div[3]/button/span
Found Element By : By.xpath: //span/form/div[3]/button/span
Trying to find Element By : By.xpath: //span/form/div[3]/button/span
Found Element By : By.xpath: //span/form/div[3]/button/span
Trying to find Element By : By.xpath: //span/form/div[3]/button/span
Found Element By : By.xpath: //span/form/div[3]/button/span
Trying to find Element By : By.xpath: //span/form/div[3]/button/span
Found Element By : By.xpath: //span/form/div[3]/button/span
Trying to find Element By : By.xpath: //span/form/div[3]/button/span
Found Element By : By.xpath: //span/form/div[3]/button/span
Trying to find Element By : By.xpath: //span/form/div[3]/button/span
Found Element By : By.xpath: //span/form/div[3]/button/span
Trying to find Element By : By.xpath: //span/form/div[3]/button/span
Found Element By : By.xpath: //span/form/div[3]/button/span
Trying to find Element By : By.xpath: //span/form/div[3]/button/span
Found Element By : By.xpath: //span/form/div[3]/button/span
Trying to find Element By : By.xpath: //span/form/div[3]/button/span
Found Element By : By.xpath: //span/form/div[3]/button/span
Trying to find Element By : By.xpath: //span/form/div[3]/button/span
Found Element By : By.xpath: //span/form/div[3]/button/span
Trying to find Element By : By.xpath: //span/form/div[3]/button/span
Found Element By : By.xpath: //span/form/div[3]/button/span
Trying to find Element By : By.xpath: //span/form/div[3]/button/span
Found Element By : By.xpath: //span/form/div[3]/button/span
Trying to find Element By : By.xpath: //span/form/div[3]/button/span
Found Element By : By.xpath: //span/form/div[3]/button/span
Trying to find Element By : By.xpath: //span/form/div[3]/button/span
Found Element By : By.xpath: //span/form/div[3]/button/span
Trying to find Element By : By.xpath: //span/form/div[3]/button/span
Found Element By : By.xpath: //span/form/div[3]/button/span
Trying to find Element By : By.xpath: //span/form/div[3]/button/span
Found Element By : By.xpath: //span/form/div[3]/button/span
Trying to find Element By : By.xpath: //span/form/div[3]/button/span
Found Element By : By.xpath: //span/form/div[3]/button/span
Trying to find Element By : By.xpath: //span/form/div[3]/button/span
Found Element By : By.xpath: //span/form/div[3]/button/span
Trying to find Element By : By.xpath: //span/form/div[3]/button/span
Found Element By : By.xpath: //span/form/div[3]/button/span
Trying to find Element By : By.xpath: //span/form/div[3]/button/span
Found Element By : By.xpath: //span/form/div[3]/button/span
Trying to find Element By : By.xpath: //span/form/div[3]/button/span
Found Element By : By.xpath: //span/form/div[3]/button/span
Trying to find Element By : By.xpath: //span/form/div[3]/button/span
Found Element By : By.xpath: //span/form/div[3]/button/span
Trying to find Element By : By.xpath: //span/form/div[3]/button/span
Found Element By : By.xpath: //span/form/div[3]/button/span
Trying to find Element By : By.xpath: //span/form/div[3]/button/span
Found Element By : By.xpath: //span/form/div[3]/button/span
Trying to find Element By : By.xpath: //span/form/div[3]/button/span
Found Element By : By.xpath: //span/form/div[3]/button/span
Trying to find Element By : By.xpath: //span/form/div[3]/button/span
Found Element By : By.xpath: //span/form/div[3]/button/span
Trying to find Element By : By.xpath: //span/form/div[3]/button/span
Found Element By : By.xpath: //span/form/div[3]/button/span
Trying to find Element By : By.xpath: //span/form/div[3]/button/span
Found Element By : By.xpath: //span/form/div[3]/button/span
Trying to find Element By : By.xpath: //span/form/div[3]/button/span
Found Element By : By.xpath: //span/form/div[3]/button/span
Trying to find Element By : By.xpath: //span/form/div[3]/button/span
Found Element By : By.xpath: //span/form/div[3]/button/span
Trying to find Element By : By.xpath: //span/form/div[3]/button/span
Found Element By : By.xpath: //span/form/div[3]/button/span
Trying to find Element By : By.xpath: //span/form/div[3]/button/span
Found Element By : By.xpath: //span/form/div[3]/button/span
Trying to find Element By : By.xpath: //span/form/div[3]/button/span
Found Element By : By.xpath: //span/form/div[3]/button/span
Trying to find Element By : By.xpath: //span/form/div[3]/button/span
Found Element By : By.xpath: //span/form/div[3]/button/span
Trying to find Element By : By.xpath: //span/form/div[3]/button/span
Found Element By : By.xpath: //span/form/div[3]/button/span
Trying to find Element By : By.xpath: //span/form/div[3]/button/span
Found Element By : By.xpath: //span/form/div[3]/button/span
Trying to find Element By : By.xpath: //span/form/div[3]/button/span
Found Element By : By.xpath: //span/form/div[3]/button/span
Trying to find Element By : By.xpath: //span/form/div[3]/button/span
Found Element By : By.xpath: //span/form/div[3]/button/span
Trying to find Element By : By.xpath: //span/form/div[3]/button/span
Found Element By : By.xpath: //span/form/div[3]/button/span
Trying to find Element By : By.xpath: //span/form/div[3]/button/span
Found Element By : By.xpath: //span/form/div[3]/button/span
Trying to find Element By : By.xpath: //span/form/div[3]/button/span
Found Element By : By.xpath: //span/form/div[3]/button/span
Trying to find Element By : By.xpath: //span/form/div[3]/button/span
Found Element By : By.xpath: //span/form/div[3]/button/span
Trying to find Element By : By.xpath: //span/form/div[3]/button/span
Found Element By : By.xpath: //span/form/div[3]/button/span
Trying to find Element By : By.xpath: //span/form/div[3]/button/span
Found Element By : By.xpath: //span/form/div[3]/button/span
Trying to find Element By : By.xpath: //span/form/div[3]/button/span
Found Element By : By.xpath: //span/form/div[3]/button/span
Trying to find Element By : By.xpath: //span/form/div[3]/button/span
Found Element By : By.xpath: //span/form/div[3]/button/span
Trying to find Element By : By.xpath: //span/form/div[3]/button/span
Found Element By : By.xpath: //span/form/div[3]/button/span
Trying to find Element By : By.xpath: //span/form/div[3]/button/span
Found Element By : By.xpath: //span/form/div[3]/button/span
Trying to find Element By : By.xpath: //span/form/div[3]/button/span
Found Element By : By.xpath: //span/form/div[3]/button/span
Trying to find Element By : By.xpath: //span/form/div[3]/button/span
Found Element By : By.xpath: //span/form/div[3]/button/span
Trying to find Element By : By.xpath: //span/form/div[3]/button/span
Found Element By : By.xpath: //span/form/div[3]/button/span
Trying to find Element By : By.xpath: //span/form/div[3]/button/span
Found Element By : By.xpath: //span/form/div[3]/button/span
Trying to find Element By : By.xpath: //span/form/div[3]/button/span
Found Element By : By.xpath: //span/form/div[3]/button/span
Trying to find Element By : By.xpath: //span/form/div[3]/button/span
Found Element By : By.xpath: //span/form/div[3]/button/span
Trying to find Element By : By.xpath: //span/form/div[3]/button/span
Found Element By : By.xpath: //span/form/div[3]/button/span
Trying to find Element By : By.xpath: //span/form/div[3]/button/span
Found Element By : By.xpath: //span/form/div[3]/button/span
Trying to find Element By : By.xpath: //span/form/div[3]/button/span
Found Element By : By.xpath: //span/form/div[3]/button/span
Trying to find Element By : By.xpath: //span/form/div[3]/button/span
Found Element By : By.xpath: //span/form/div[3]/button/span
Trying to find Element By : By.xpath: //span/form/div[3]/button/span
Found Element By : By.xpath: //span/form/div[3]/button/span
Trying to find Element By : By.xpath: //span/form/div[3]/button/span
Found Element By : By.xpath: //span/form/div[3]/button/span
Trying to find Element By : By.xpath: //span/form/div[3]/button/span
Found Element By : By.xpath: //span/form/div[3]/button/span
Trying to find Element By : By.xpath: //span/form/div[3]/button/span
Found Element By : By.xpath: //span/form/div[3]/button/span
Trying to find Element By : By.xpath: //span/form/div[3]/button/span
Found Element By : By.xpath: //span/form/div[3]/button/span
Trying to find Element By : By.xpath: //span/form/div[3]/button/span
Found Element By : By.xpath: //span/form/div[3]/button/span
Trying to find Element By : By.xpath: //span/form/div[3]/button/span
Found Element By : By.xpath: //span/form/div[3]/button/span
Trying to find Element By : By.xpath: //span/form/div[3]/button/span
Found Element By : By.xpath: //span/form/div[3]/button/span
Trying to find Element By : By.xpath: //span/form/div[3]/button/span
Found Element By : By.xpath: //span/form/div[3]/button/span
Trying to find Element By : By.xpath: //span/form/div[3]/button/span
Found Element By : By.xpath: //span/form/div[3]/button/span
Trying to find Element By : By.xpath: //span/form/div[3]/button/span
Found Element By : By.xpath: //span/form/div[3]/button/span
Trying to find Element By : By.xpath: //span/form/div[3]/button/span
Found Element By : By.xpath: //span/form/div[3]/button/span
Trying to find Element By : By.xpath: //span/form/div[3]/button/span
Found Element By : By.xpath: //span/form/div[3]/button/span
Trying to find Element By : By.xpath: //span/form/div[3]/button/span
Found Element By : By.xpath: //span/form/div[3]/button/span
Trying to find Element By : By.xpath: //span/form/div[3]/button/span
Found Element By : By.xpath: //span/form/div[3]/button/span
Trying to find Element By : By.xpath: //span/form/div[3]/button/span
Found Element By : By.xpath: //span/form/div[3]/button/span
Trying to find Element By : By.xpath: //span/form/div[3]/button/span
Found Element By : By.xpath: //span/form/div[3]/button/span
Trying to find Element By : By.xpath: //span/form/div[3]/button/span
Found Element By : By.xpath: //span/form/div[3]/button/span
Trying to find Element By : By.xpath: //span/form/div[3]/button/span
Found Element By : By.xpath: //span/form/div[3]/button/span
Trying to find Element By : By.xpath: //span/form/div[3]/button/span
Found Element By : By.xpath: //span/form/div[3]/button/span
Trying to find Element By : By.xpath: //span/form/div[3]/button/span
Found Element By : By.xpath: //span/form/div[3]/button/span
Trying to find Element By : By.xpath: //span/form/div[3]/button/span
Found Element By : By.xpath: //span/form/div[3]/button/span
Trying to find Element By : By.xpath: //span/form/div[3]/button/span
Found Element By : By.xpath: //span/form/div[3]/button/span
Trying to find Element By : By.xpath: //span/form/div[3]/button/span
Found Element By : By.xpath: //span/form/div[3]/button/span
Trying to find Element By : By.xpath: //span/form/div[3]/button/span
Found Element By : By.xpath: //span/form/div[3]/button/span
Trying to find Element By : By.xpath: //span/form/div[3]/button/span
Found Element By : By.xpath: //span/form/div[3]/button/span
Trying to find Element By : By.xpath: //span/form/div[3]/button/span
Found Element By : By.xpath: //span/form/div[3]/button/span
Trying to find Element By : By.xpath: //span/form/div[3]/button/span
Found Element By : By.xpath: //span/form/div[3]/button/span
Trying to find Element By : By.xpath: //span/form/div[3]/button/span
Found Element By : By.xpath: //span/form/div[3]/button/span
Trying to find Element By : By.xpath: //span/form/div[3]/button/span
Found Element By : By.xpath: //span/form/div[3]/button/span
Trying to find Element By : By.xpath: //span/form/div[3]/button/span
Found Element By : By.xpath: //span/form/div[3]/button/span
Trying to find Element By : By.xpath: //span/form/div[3]/button/span
Found Element By : By.xpath: //span/form/div[3]/button/span
Trying to find Element By : By.xpath: //span/form/div[3]/button/span
Found Element By : By.xpath: //span/form/div[3]/button/span
Trying to find Element By : By.xpath: //span/form/div[3]/button/span
Found Element By : By.xpath: //span/form/div[3]/button/span
Trying to find Element By : By.xpath: //span/form/div[3]/button/span
Found Element By : By.xpath: //span/form/div[3]/button/span
Trying to find Element By : By.xpath: //span/form/div[3]/button/span
Found Element By : By.xpath: //span/form/div[3]/button/span
Trying to find Element By : By.xpath: //span/form/div[3]/button/span
Found Element By : By.xpath: //span/form/div[3]/button/span
Trying to find Element By : By.xpath: //span/form/div[3]/button/span
Found Element By : By.xpath: //span/form/div[3]/button/span
Trying to find Element By : By.xpath: //span/form/div[3]/button/span
Found Element By : By.xpath: //span/form/div[3]/button/span
Trying to find Element By : By.xpath: //span/form/div[3]/button/span
Found Element By : By.xpath: //span/form/div[3]/button/span
Trying to find Element By : By.xpath: //span/form/div[3]/button/span
Found Element By : By.xpath: //span/form/div[3]/button/span
Trying to find Element By : By.xpath: //span/form/div[3]/button/span
Found Element By : By.xpath: //span/form/div[3]/button/span
Trying to find Element By : By.xpath: //span/form/div[3]/button/span
Found Element By : By.xpath: //span/form/div[3]/button/span
Trying to find Element By : By.xpath: //span/form/div[3]/button/span
Found Element By : By.xpath: //span/form/div[3]/button/span
Trying to find Element By : By.xpath: //span/form/div[3]/button/span
Found Element By : By.xpath: //span/form/div[3]/button/span
Trying to find Element By : By.xpath: //span/form/div[3]/button/span
Found Element By : By.xpath: //span/form/div[3]/button/span
Trying to find Element By : By.xpath: //span/form/div[3]/button/span
Found Element By : By.xpath: //span/form/div[3]/button/span
Trying to find Element By : By.xpath: //span/form/div[3]/button/span
Found Element By : By.xpath: //span/form/div[3]/button/span
Trying to find Element By : By.xpath: //span/form/div[3]/button/span
Found Element By : By.xpath: //span/form/div[3]/button/span
Trying to find Element By : By.xpath: //span/form/div[3]/button/span
Found Element By : By.xpath: //span/form/div[3]/button/span
Trying to find Element By : By.xpath: //span/form/div[3]/button/span
Found Element By : By.xpath: //span/form/div[3]/button/span
Trying to find Element By : By.xpath: //span/form/div[3]/button/span
Found Element By : By.xpath: //span/form/div[3]/button/span
Trying to find Element By : By.xpath: //span/form/div[3]/button/span
Found Element By : By.xpath: //span/form/div[3]/button/span
Trying to find Element By : By.xpath: //span/form/div[3]/button/span
Found Element By : By.xpath: //span/form/div[3]/button/span
Trying to find Element By : By.xpath: //span/form/div[3]/button/span
Found Element By : By.xpath: //span/form/div[3]/button/span
Trying to find Element By : By.xpath: //span/form/div[3]/button/span
Found Element By : By.xpath: //span/form/div[3]/button/span
Trying to find Element By : By.xpath: //span/form/div[3]/button/span
Found Element By : By.xpath: //span/form/div[3]/button/span
Trying to find Element By : By.xpath: //span/form/div[3]/button/span
Found Element By : By.xpath: //span/form/div[3]/button/span
Trying to find Element By : By.xpath: //span/form/div[3]/button/span
Found Element By : By.xpath: //span/form/div[3]/button/span
Trying to find Element By : By.xpath: //span/form/div[3]/button/span
Found Element By : By.xpath: //span/form/div[3]/button/span
Trying to find Element By : By.xpath: //span/form/div[3]/button/span
Found Element By : By.xpath: //span/form/div[3]/button/span
Trying to find Element By : By.xpath: //span/form/div[3]/button/span
Found Element By : By.xpath: //span/form/div[3]/button/span
Trying to find Element By : By.xpath: //span/form/div[3]/button/span
Found Element By : By.xpath: //span/form/div[3]/button/span
Trying to find Element By : By.xpath: //span/form/div[3]/button/span
Found Element By : By.xpath: //span/form/div[3]/button/span
Trying to find Element By : By.xpath: //span/form/div[3]/button/span
Found Element By : By.xpath: //span/form/div[3]/button/span
Trying to find Element By : By.xpath: //span/form/div[3]/button/span
Found Element By : By.xpath: //span/form/div[3]/button/span
Trying to find Element By : By.xpath: //span/form/div[3]/button/span
Found Element By : By.xpath: //span/form/div[3]/button/span
Trying to find Element By : By.xpath: //span/form/div[3]/button/span
Found Element By : By.xpath: //span/form/div[3]/button/span
Trying to find Element By : By.xpath: //span/form/div[3]/button/span
Found Element By : By.xpath: //span/form/div[3]/button/span
Trying to find Element By : By.xpath: //span/form/div[3]/button/span
Found Element By : By.xpath: //span/form/div[3]/button/span
Trying to find Element By : By.xpath: //span/form/div[3]/button/span
Found Element By : By.xpath: //span/form/div[3]/button/span
Trying to find Element By : By.xpath: //span/form/div[3]/button/span
Found Element By : By.xpath: //span/form/div[3]/button/span
Trying to find Element By : By.xpath: //span/form/div[3]/button/span
Found Element By : By.xpath: //span/form/div[3]/button/span
Trying to find Element By : By.xpath: //span/form/div[3]/button/span
Found Element By : By.xpath: //span/form/div[3]/button/span
Trying to find Element By : By.xpath: //span/form/div[3]/button/span
Found Element By : By.xpath: //span/form/div[3]/button/span
Trying to find Element By : By.xpath: //span/form/div[3]/button/span
Found Element By : By.xpath: //span/form/div[3]/button/span
Trying to find Element By : By.xpath: //span/form/div[3]/button/span
Found Element By : By.xpath: //span/form/div[3]/button/span
Trying to find Element By : By.xpath: //span/form/div[3]/button/span
Found Element By : By.xpath: //span/form/div[3]/button/span
Trying to find Element By : By.xpath: //span/form/div[3]/button/span
Found Element By : By.xpath: //span/form/div[3]/button/span
Trying to find Element By : By.xpath: //span/form/div[3]/button/span
Found Element By : By.xpath: //span/form/div[3]/button/span
Trying to find Element By : By.xpath: //span/form/div[3]/button/span
Found Element By : By.xpath: //span/form/div[3]/button/span
Trying to find Element By : By.xpath: //span/form/div[3]/button/span
Found Element By : By.xpath: //span/form/div[3]/button/span
Trying to find Element By : By.xpath: //span/form/div[3]/button/span
Found Element By : By.xpath: //span/form/div[3]/button/span
Trying to find Element By : By.xpath: //span/form/div[3]/button/span
Found Element By : By.xpath: //span/form/div[3]/button/span
Trying to find Element By : By.xpath: //span/form/div[3]/button/span
Found Element By : By.xpath: //span/form/div[3]/button/span
Trying to find Element By : By.xpath: //span/form/div[3]/button/span
Found Element By : By.xpath: //span/form/div[3]/button/span
Trying to find Element By : By.xpath: //span/form/div[3]/button/span
Found Element By : By.xpath: //span/form/div[3]/button/span
Trying to find Element By : By.xpath: //span/form/div[3]/button/span
Found Element By : By.xpath: //span/form/div[3]/button/span
Trying to find Element By : By.xpath: //span/form/div[3]/button/span
Found Element By : By.xpath: //span/form/div[3]/button/span
Trying to find Element By : By.xpath: //span/form/div[3]/button/span
Found Element By : By.xpath: //span/form/div[3]/button/span
Trying to find Element By : By.xpath: //span/form/div[3]/button/span
Found Element By : By.xpath: //span/form/div[3]/button/span
Trying to find Element By : By.xpath: //span/form/div[3]/button/span
Found Element By : By.xpath: //span/form/div[3]/button/span
Trying to find Element By : By.xpath: //span/form/div[3]/button/span
Found Element By : By.xpath: //span/form/div[3]/button/span
Trying to find Element By : By.xpath: //span/form/div[3]/button/span
Found Element By : By.xpath: //span/form/div[3]/button/span
Trying to find Element By : By.xpath: //span/form/div[3]/button/span
Found Element By : By.xpath: //span/form/div[3]/button/span
Trying to find Element By : By.xpath: //span/form/div[3]/button/span
Found Element By : By.xpath: //span/form/div[3]/button/span
Trying to find Element By : By.xpath: //span/form/div[3]/button/span
Found Element By : By.xpath: //span/form/div[3]/button/span
Trying to find Element By : By.xpath: //span/form/div[3]/button/span
Found Element By : By.xpath: //span/form/div[3]/button/span
Trying to find Element By : By.xpath: //span/form/div[3]/button/span
Found Element By : By.xpath: //span/form/div[3]/button/span
Trying to find Element By : By.xpath: //span/form/div[3]/button/span
Found Element By : By.xpath: //span/form/div[3]/button/span
Trying to find Element By : By.xpath: //span/form/div[3]/button/span
Found Element By : By.xpath: //span/form/div[3]/button/span
Trying to find Element By : By.xpath: //span/form/div[3]/button/span
Found Element By : By.xpath: //span/form/div[3]/button/span
Trying to find Element By : By.xpath: //span/form/div[3]/button/span
Found Element By : By.xpath: //span/form/div[3]/button/span
Trying to find Element By : By.xpath: //span/form/div[3]/button/span
Found Element By : By.xpath: //span/form/div[3]/button/span
Trying to find Element By : By.xpath: //span/form/div[3]/button/span
Found Element By : By.xpath: //span/form/div[3]/button/span
Trying to find Element By : By.xpath: //span/form/div[3]/button/span
Found Element By : By.xpath: //span/form/div[3]/button/span
Trying to find Element By : By.xpath: //span/form/div[3]/button/span
Found Element By : By.xpath: //span/form/div[3]/button/span
Trying to find Element By : By.xpath: //span/form/div[3]/button/span
Found Element By : By.xpath: //span/form/div[3]/button/span
Trying to find Element By : By.xpath: //span/form/div[3]/button/span
Found Element By : By.xpath: //span/form/div[3]/button/span
Trying to find Element By : By.xpath: //span/form/div[3]/button/span
Found Element By : By.xpath: //span/form/div[3]/button/span
Trying to find Element By : By.xpath: //span/form/div[3]/button/span
Found Element By : By.xpath: //span/form/div[3]/button/span
Trying to find Element By : By.xpath: //span/form/div[3]/button/span
Found Element By : By.xpath: //span/form/div[3]/button/span
Trying to find Element By : By.xpath: //span/form/div[3]/button/span
Found Element By : By.xpath: //span/form/div[3]/button/span
Trying to find Element By : By.xpath: //span/form/div[3]/button/span
Found Element By : By.xpath: //span/form/div[3]/button/span
Trying to find Element By : By.xpath: //span/form/div[3]/button/span
Found Element By : By.xpath: //span/form/div[3]/button/span
Trying to find Element By : By.xpath: //span/form/div[3]/button/span
Found Element By : By.xpath: //span/form/div[3]/button/span
Trying to find Element By : By.xpath: //span/form/div[3]/button/span
Found Element By : By.xpath: //span/form/div[3]/button/span
Trying to find Element By : By.xpath: //span/form/div[3]/button/span
Found Element By : By.xpath: //span/form/div[3]/button/span
Trying to find Element By : By.xpath: //span/form/div[3]/button/span
Found Element By : By.xpath: //span/form/div[3]/button/span
Trying to find Element By : By.xpath: //span/form/div[3]/button/span
Found Element By : By.xpath: //span/form/div[3]/button/span
Trying to find Element By : By.xpath: //span/form/div[3]/button/span
Found Element By : By.xpath: //span/form/div[3]/button/span
Trying to find Element By : By.xpath: //span/form/div[3]/button/span
Found Element By : By.xpath: //span/form/div[3]/button/span
Trying to find Element By : By.xpath: //span/form/div[3]/button/span
Found Element By : By.xpath: //span/form/div[3]/button/span
Trying to find Element By : By.xpath: //span/form/div[3]/button/span
Found Element By : By.xpath: //span/form/div[3]/button/span
Trying to find Element By : By.xpath: //span/form/div[3]/button/span
Found Element By : By.xpath: //span/form/div[3]/button/span
Trying to find Element By : By.xpath: //span/form/div[3]/button/span
Found Element By : By.xpath: //span/form/div[3]/button/span
Trying to find Element By : By.xpath: //span/form/div[3]/button/span
Found Element By : By.xpath: //span/form/div[3]/button/span
Trying to find Element By : By.xpath: //span/form/div[3]/button/span
Found Element By : By.xpath: //span/form/div[3]/button/span
Trying to find Element By : By.xpath: //span/form/div[3]/button/span
Found Element By : By.xpath: //span/form/div[3]/button/span
Trying to find Element By : By.xpath: //span/form/div[3]/button/span
Found Element By : By.xpath: //span/form/div[3]/button/span
Trying to find Element By : By.xpath: //span/form/div[3]/button/span
Found Element By : By.xpath: //span/form/div[3]/button/span
Trying to find Element By : By.xpath: //span/form/div[3]/button/span
Found Element By : By.xpath: //span/form/div[3]/button/span
Trying to find Element By : By.xpath: //span/form/div[3]/button/span
Found Element By : By.xpath: //span/form/div[3]/button/span
Trying to find Element By : By.xpath: //span/form/div[3]/button/span
Found Element By : By.xpath: //span/form/div[3]/button/span
Trying to find Element By : By.xpath: //span/form/div[3]/button/span
Found Element By : By.xpath: //span/form/div[3]/button/span
Trying to find Element By : By.xpath: //span/form/div[3]/button/span
Found Element By : By.xpath: //span/form/div[3]/button/span
Trying to find Element By : By.xpath: //span/form/div[3]/button/span
Found Element By : By.xpath: //span/form/div[3]/button/span
Trying to find Element By : By.xpath: //span/form/div[3]/button/span
Found Element By : By.xpath: //span/form/div[3]/button/span
Trying to find Element By : By.xpath: //span/form/div[3]/button/span
Found Element By : By.xpath: //span/form/div[3]/button/span
Trying to find Element By : By.xpath: //span/form/div[3]/button/span
Found Element By : By.xpath: //span/form/div[3]/button/span
Trying to find Element By : By.xpath: //span/form/div[3]/button/span
Found Element By : By.xpath: //span/form/div[3]/button/span
Trying to find Element By : By.xpath: //span/form/div[3]/button/span
Found Element By : By.xpath: //span/form/div[3]/button/span
Trying to find Element By : By.xpath: //span/form/div[3]/button/span
Found Element By : By.xpath: //span/form/div[3]/button/span
Trying to find Element By : By.xpath: //span/form/div[3]/button/span
Found Element By : By.xpath: //span/form/div[3]/button/span
Trying to find Element By : By.xpath: //span/form/div[3]/button/span
Found Element By : By.xpath: //span/form/div[3]/button/span
Trying to find Element By : By.xpath: //span/form/div[3]/button/span
Found Element By : By.xpath: //span/form/div[3]/button/span
Trying to find Element By : By.xpath: //span/form/div[3]/button/span
Found Element By : By.xpath: //span/form/div[3]/button/span
Trying to find Element By : By.xpath: //span/form/div[3]/button/span
Found Element By : By.xpath: //span/form/div[3]/button/span
Trying to find Element By : By.xpath: //span/form/div[3]/button/span
Found Element By : By.xpath: //span/form/div[3]/button/span
Trying to find Element By : By.xpath: //span/form/div[3]/button/span
Found Element By : By.xpath: //span/form/div[3]/button/span
Trying to find Element By : By.xpath: //span/form/div[3]/button/span
Found Element By : By.xpath: //span/form/div[3]/button/span
Trying to find Element By : By.xpath: //span/form/div[3]/button/span
Found Element By : By.xpath: //span/form/div[3]/button/span
Trying to find Element By : By.xpath: //span/form/div[3]/button/span
Found Element By : By.xpath: //span/form/div[3]/button/span
Trying to find Element By : By.xpath: //span/form/div[3]/button/span
Found Element By : By.xpath: //span/form/div[3]/button/span
Trying to find Element By : By.xpath: //span/form/div[3]/button/span
Found Element By : By.xpath: //span/form/div[3]/button/span
Trying to find Element By : By.xpath: //span/form/div[3]/button/span
Found Element By : By.xpath: //span/form/div[3]/button/span
Trying to find Element By : By.xpath: //span/form/div[3]/button/span
Found Element By : By.xpath: //span/form/div[3]/button/span
Trying to find Element By : By.xpath: //span/form/div[3]/button/span
Found Element By : By.xpath: //span/form/div[3]/button/span
Trying to find Element By : By.xpath: //span/form/div[3]/button/span
Found Element By : By.xpath: //span/form/div[3]/button/span
Trying to find Element By : By.xpath: //span/form/div[3]/button/span
Found Element By : By.xpath: //span/form/div[3]/button/span
Trying to find Element By : By.xpath: //span/form/div[3]/button/span
Found Element By : By.xpath: //span/form/div[3]/button/span
Trying to find Element By : By.xpath: //span/form/div[3]/button/span
Found Element By : By.xpath: //span/form/div[3]/button/span
Trying to find Element By : By.xpath: //span/form/div[3]/button/span
Found Element By : By.xpath: //span/form/div[3]/button/span
Trying to find Element By : By.xpath: //span/form/div[3]/button/span
Found Element By : By.xpath: //span/form/div[3]/button/span
Trying to find Element By : By.xpath: //span/form/div[3]/button/span
Found Element By : By.xpath: //span/form/div[3]/button/span
Trying to find Element By : By.xpath: //span/form/div[3]/button/span
Found Element By : By.xpath: //span/form/div[3]/button/span
Trying to find Element By : By.xpath: //span/form/div[3]/button/span
Found Element By : By.xpath: //span/form/div[3]/button/span
Trying to find Element By : By.xpath: //span/form/div[3]/button/span
Found Element By : By.xpath: //span/form/div[3]/button/span
Trying to find Element By : By.xpath: //span/form/div[3]/button/span
Found Element By : By.xpath: //span/form/div[3]/button/span
Trying to find Element By : By.xpath: //span/form/div[3]/button/span
Found Element By : By.xpath: //span/form/div[3]/button/span
Trying to find Element By : By.xpath: //span/form/div[3]/button/span
Found Element By : By.xpath: //span/form/div[3]/button/span
Trying to find Element By : By.xpath: //span/form/div[3]/button/span
Found Element By : By.xpath: //span/form/div[3]/button/span
Trying to find Element By : By.xpath: //span/form/div[3]/button/span
Found Element By : By.xpath: //span/form/div[3]/button/span
Trying to find Element By : By.xpath: //span/form/div[3]/button/span
Found Element By : By.xpath: //span/form/div[3]/button/span
Trying to find Element By : By.xpath: //span/form/div[3]/button/span
Found Element By : By.xpath: //span/form/div[3]/button/span
Trying to find Element By : By.xpath: //span/form/div[3]/button/span
Found Element By : By.xpath: //span/form/div[3]/button/span
Trying to find Element By : By.xpath: //span/form/div[3]/button/span
Found Element By : By.xpath: //span/form/div[3]/button/span
Trying to find Element By : By.xpath: //span/form/div[3]/button/span
Found Element By : By.xpath: //span/form/div[3]/button/span
Trying to find Element By : By.xpath: //span/form/div[3]/button/span
Found Element By : By.xpath: //span/form/div[3]/button/span
Trying to find Element By : By.xpath: //span/form/div[3]/button/span
Found Element By : By.xpath: //span/form/div[3]/button/span
Trying to find Element By : By.xpath: //span/form/div[3]/button/span
Found Element By : By.xpath: //span/form/div[3]/button/span
Trying to find Element By : By.xpath: //span/form/div[3]/button/span
Found Element By : By.xpath: //span/form/div[3]/button/span
Trying to find Element By : By.xpath: //span/form/div[3]/button/span
Found Element By : By.xpath: //span/form/div[3]/button/span
Trying to find Element By : By.xpath: //span/form/div[3]/button/span
Found Element By : By.xpath: //span/form/div[3]/button/span
Trying to find Element By : By.xpath: //span/form/div[3]/button/span
Found Element By : By.xpath: //span/form/div[3]/button/span
Trying to find Element By : By.xpath: //span/form/div[3]/button/span
Found Element By : By.xpath: //span/form/div[3]/button/span
Trying to find Element By : By.xpath: //span/form/div[3]/button/span
Found Element By : By.xpath: //span/form/div[3]/button/span
Trying to find Element By : By.xpath: //span/form/div[3]/button/span
Found Element By : By.xpath: //span/form/div[3]/button/span
Trying to find Element By : By.xpath: //span/form/div[3]/button/span
Found Element By : By.xpath: //span/form/div[3]/button/span
Trying to find Element By : By.xpath: //span/form/div[3]/button/span
Found Element By : By.xpath: //span/form/div[3]/button/span
Trying to find Element By : By.xpath: //span/form/div[3]/button/span
Found Element By : By.xpath: //span/form/div[3]/button/span
Trying to find Element By : By.xpath: //span/form/div[3]/button/span
Found Element By : By.xpath: //span/form/div[3]/button/span
Trying to find Element By : By.xpath: //span/form/div[3]/button/span
Found Element By : By.xpath: //span/form/div[3]/button/span
Trying to find Element By : By.xpath: //span/form/div[3]/button/span
Found Element By : By.xpath: //span/form/div[3]/button/span
Trying to find Element By : By.xpath: //span/form/div[3]/button/span
Found Element By : By.xpath: //span/form/div[3]/button/span
Trying to find Element By : By.xpath: //span/form/div[3]/button/span
Found Element By : By.xpath: //span/form/div[3]/button/span
Trying to find Element By : By.xpath: //span/form/div[3]/button/span
Found Element By : By.xpath: //span/form/div[3]/button/span
Trying to find Element By : By.xpath: //span/form/div[3]/button/span
Found Element By : By.xpath: //span/form/div[3]/button/span
Trying to find Element By : By.xpath: //span/form/div[3]/button/span
Found Element By : By.xpath: //span/form/div[3]/button/span
Trying to find Element By : By.xpath: //span/form/div[3]/button/span
Found Element By : By.xpath: //span/form/div[3]/button/span
Trying to find Element By : By.xpath: //span/form/div[3]/button/span
Found Element By : By.xpath: //span/form/div[3]/button/span
Trying to find Element By : By.xpath: //span/form/div[3]/button/span
Found Element By : By.xpath: //span/form/div[3]/button/span
Trying to find Element By : By.xpath: //span/form/div[3]/button/span
Found Element By : By.xpath: //span/form/div[3]/button/span
Trying to find Element By : By.xpath: //span/form/div[3]/button/span
Found Element By : By.xpath: //span/form/div[3]/button/span
Trying to find Element By : By.xpath: //span/form/div[3]/button/span
Found Element By : By.xpath: //span/form/div[3]/button/span
Trying to find Element By : By.xpath: //span/form/div[3]/button/span
Found Element By : By.xpath: //span/form/div[3]/button/span
Trying to find Element By : By.xpath: //span/form/div[3]/button/span
Found Element By : By.xpath: //span/form/div[3]/button/span
Trying to find Element By : By.xpath: //span/form/div[3]/button/span
Found Element By : By.xpath: //span/form/div[3]/button/span
Trying to find Element By : By.xpath: //span/form/div[3]/button/span
Found Element By : By.xpath: //span/form/div[3]/button/span
Trying to find Element By : By.xpath: //span/form/div[3]/button/span
Found Element By : By.xpath: //span/form/div[3]/button/span
Trying to find Element By : By.xpath: //span/form/div[3]/button/span
Found Element By : By.xpath: //span/form/div[3]/button/span
Trying to find Element By : By.xpath: //span/form/div[3]/button/span
Found Element By : By.xpath: //span/form/div[3]/button/span
Trying to find Element By : By.xpath: //span/form/div[3]/button/span
Found Element By : By.xpath: //span/form/div[3]/button/span
Trying to find Element By : By.xpath: //span/form/div[3]/button/span
Found Element By : By.xpath: //span/form/div[3]/button/span
Trying to find Element By : By.xpath: //span/form/div[3]/button/span
Found Element By : By.xpath: //span/form/div[3]/button/span
Trying to find Element By : By.xpath: //span/form/div[3]/button/span
Found Element By : By.xpath: //span/form/div[3]/button/span
Trying to find Element By : By.xpath: //span/form/div[3]/button/span
Found Element By : By.xpath: //span/form/div[3]/button/span
Trying to find Element By : By.xpath: //span/form/div[3]/button/span
Found Element By : By.xpath: //span/form/div[3]/button/span
Trying to find Element By : By.xpath: //span/form/div[3]/button/span
Found Element By : By.xpath: //span/form/div[3]/button/span
Trying to find Element By : By.xpath: //span/form/div[3]/button/span
Found Element By : By.xpath: //span/form/div[3]/button/span
Trying to find Element By : By.xpath: //span/form/div[3]/button/span
Found Element By : By.xpath: //span/form/div[3]/button/span
Trying to find Element By : By.xpath: //span/form/div[3]/button/span
Found Element By : By.xpath: //span/form/div[3]/button/span
Trying to find Element By : By.xpath: //span/form/div[3]/button/span
Found Element By : By.xpath: //span/form/div[3]/button/span
Trying to find Element By : By.xpath: //span/form/div[3]/button/span
Found Element By : By.xpath: //span/form/div[3]/button/span
Trying to find Element By : By.xpath: //span/form/div[3]/button/span
Found Element By : By.xpath: //span/form/div[3]/button/span
Trying to find Element By : By.xpath: //span/form/div[3]/button/span
Found Element By : By.xpath: //span/form/div[3]/button/span
Trying to find Element By : By.xpath: //span/form/div[3]/button/span
Found Element By : By.xpath: //span/form/div[3]/button/span
Trying to find Element By : By.xpath: //span/form/div[3]/button/span
Found Element By : By.xpath: //span/form/div[3]/button/span
Trying to find Element By : By.xpath: //span/form/div[3]/button/span
Found Element By : By.xpath: //span/form/div[3]/button/span
Trying to find Element By : By.xpath: //span/form/div[3]/button/span
Found Element By : By.xpath: //span/form/div[3]/button/span
Trying to find Element By : By.xpath: //span/form/div[3]/button/span
Found Element By : By.xpath: //span/form/div[3]/button/span
Trying to find Element By : By.xpath: //span/form/div[3]/button/span
Found Element By : By.xpath: //span/form/div[3]/button/span
Trying to find Element By : By.xpath: //span/form/div[3]/button/span
Found Element By : By.xpath: //span/form/div[3]/button/span
Trying to find Element By : By.xpath: //span/form/div[3]/button/span
Found Element By : By.xpath: //span/form/div[3]/button/span
Trying to find Element By : By.xpath: //span/form/div[3]/button/span
Found Element By : By.xpath: //span/form/div[3]/button/span
Trying to find Element By : By.xpath: //span/form/div[3]/button/span
Found Element By : By.xpath: //span/form/div[3]/button/span
Trying to find Element By : By.xpath: //span/form/div[3]/button/span
Found Element By : By.xpath: //span/form/div[3]/button/span
Trying to find Element By : By.xpath: //span/form/div[3]/button/span
Found Element By : By.xpath: //span/form/div[3]/button/span
Trying to find Element By : By.xpath: //span/form/div[3]/button/span
Found Element By : By.xpath: //span/form/div[3]/button/span
Trying to find Element By : By.xpath: //span/form/div[3]/button/span
Found Element By : By.xpath: //span/form/div[3]/button/span
Trying to find Element By : By.xpath: //span/form/div[3]/button/span
Found Element By : By.xpath: //span/form/div[3]/button/span
Trying to find Element By : By.xpath: //span/form/div[3]/button/span
Found Element By : By.xpath: //span/form/div[3]/button/span
Trying to find Element By : By.xpath: //span/form/div[3]/button/span
Found Element By : By.xpath: //span/form/div[3]/button/span
Trying to find Element By : By.xpath: //span/form/div[3]/button/span
Found Element By : By.xpath: //span/form/div[3]/button/span
Trying to find Element By : By.xpath: //span/form/div[3]/button/span
Found Element By : By.xpath: //span/form/div[3]/button/span
Trying to find Element By : By.xpath: //span/form/div[3]/button/span
Found Element By : By.xpath: //span/form/div[3]/button/span
Trying to find Element By : By.xpath: //span/form/div[3]/button/span
Found Element By : By.xpath: //span/form/div[3]/button/span
Trying to find Element By : By.xpath: //span/form/div[3]/button/span
Found Element By : By.xpath: //span/form/div[3]/button/span
Trying to find Element By : By.xpath: //span/form/div[3]/button/span
Found Element By : By.xpath: //span/form/div[3]/button/span
Trying to find Element By : By.xpath: //span/form/div[3]/button/span
Found Element By : By.xpath: //span/form/div[3]/button/span
Trying to find Element By : By.xpath: //span/form/div[3]/button/span
Found Element By : By.xpath: //span/form/div[3]/button/span
Trying to find Element By : By.xpath: //span/form/div[3]/button/span
Found Element By : By.xpath: //span/form/div[3]/button/span
Trying to find Element By : By.xpath: //span/form/div[3]/button/span
Found Element By : By.xpath: //span/form/div[3]/button/span
Trying to find Element By : By.xpath: //span/form/div[3]/button/span
Found Element By : By.xpath: //span/form/div[3]/button/span
Trying to find Element By : By.xpath: //span/form/div[3]/button/span
Found Element By : By.xpath: //span/form/div[3]/button/span
Trying to find Element By : By.xpath: //span/form/div[3]/button/span
Found Element By : By.xpath: //span/form/div[3]/button/span
Trying to find Element By : By.xpath: //span/form/div[3]/button/span
Found Element By : By.xpath: //span/form/div[3]/button/span
Trying to find Element By : By.xpath: //span/form/div[3]/button/span
Found Element By : By.xpath: //span/form/div[3]/button/span
Trying to find Element By : By.xpath: //span/form/div[3]/button/span
Found Element By : By.xpath: //span/form/div[3]/button/span
Trying to find Element By : By.xpath: //span/form/div[3]/button/span
Found Element By : By.xpath: //span/form/div[3]/button/span
Trying to find Element By : By.xpath: //span/form/div[3]/button/span
Found Element By : By.xpath: //span/form/div[3]/button/span
Trying to find Element By : By.xpath: //span/form/div[3]/button/span
Found Element By : By.xpath: //span/form/div[3]/button/span
Trying to find Element By : By.xpath: //span/form/div[3]/button/span
Found Element By : By.xpath: //span/form/div[3]/button/span
Trying to find Element By : By.xpath: //span/form/div[3]/button/span
Found Element By : By.xpath: //span/form/div[3]/button/span
Trying to find Element By : By.xpath: //span/form/div[3]/button/span
Found Element By : By.xpath: //span/form/div[3]/button/span
Trying to find Element By : By.xpath: //span/form/div[3]/button/span
Found Element By : By.xpath: //span/form/div[3]/button/span
Trying to find Element By : By.xpath: //span/form/div[3]/button/span
Found Element By : By.xpath: //span/form/div[3]/button/span
Trying to find Element By : By.xpath: //span/form/div[3]/button/span
Found Element By : By.xpath: //span/form/div[3]/button/span
Trying to find Element By : By.xpath: //span/form/div[3]/button/span
Found Element By : By.xpath: //span/form/div[3]/button/span
Trying to find Element By : By.xpath: //span/form/div[3]/button/span
Found Element By : By.xpath: //span/form/div[3]/button/span
Trying to find Element By : By.xpath: //span/form/div[3]/button/span
Found Element By : By.xpath: //span/form/div[3]/button/span
Trying to find Element By : By.xpath: //span/form/div[3]/button/span
Found Element By : By.xpath: //span/form/div[3]/button/span
Trying to find Element By : By.xpath: //span/form/div[3]/button/span
Found Element By : By.xpath: //span/form/div[3]/button/span
Trying to find Element By : By.xpath: //span/form/div[3]/button/span
Found Element By : By.xpath: //span/form/div[3]/button/span
Trying to find Element By : By.xpath: //span/form/div[3]/button/span
Found Element By : By.xpath: //span/form/div[3]/button/span
Trying to find Element By : By.xpath: //span/form/div[3]/button/span
Found Element By : By.xpath: //span/form/div[3]/button/span
Trying to find Element By : By.xpath: //span/form/div[3]/button/span
Found Element By : By.xpath: //span/form/div[3]/button/span
Trying to find Element By : By.xpath: //span/form/div[3]/button/span
Found Element By : By.xpath: //span/form/div[3]/button/span
Trying to find Element By : By.xpath: //span/form/div[3]/button/span
Found Element By : By.xpath: //span/form/div[3]/button/span
Trying to find Element By : By.xpath: //span/form/div[3]/button/span
Found Element By : By.xpath: //span/form/div[3]/button/span
Trying to find Element By : By.xpath: //span/form/div[3]/button/span
Found Element By : By.xpath: //span/form/div[3]/button/span
Trying to find Element By : By.xpath: //span/form/div[3]/button/span
Found Element By : By.xpath: //span/form/div[3]/button/span
Trying to find Element By : By.xpath: //span/form/div[3]/button/span
Found Element By : By.xpath: //span/form/div[3]/button/span
Trying to find Element By : By.xpath: //span/form/div[3]/button/span
Found Element By : By.xpath: //span/form/div[3]/button/span
Trying to find Element By : By.xpath: //span/form/div[3]/button/span
Found Element By : By.xpath: //span/form/div[3]/button/span
Trying to find Element By : By.xpath: //span/form/div[3]/button/span
Found Element By : By.xpath: //span/form/div[3]/button/span
Trying to find Element By : By.xpath: //span/form/div[3]/button/span
Found Element By : By.xpath: //span/form/div[3]/button/span
Trying to find Element By : By.xpath: //span/form/div[3]/button/span
Found Element By : By.xpath: //span/form/div[3]/button/span
Trying to find Element By : By.xpath: //span/form/div[3]/button/span
Found Element By : By.xpath: //span/form/div[3]/button/span
Trying to find Element By : By.xpath: //span/form/div[3]/button/span
Found Element By : By.xpath: //span/form/div[3]/button/span
Trying to find Element By : By.xpath: //span/form/div[3]/button/span
Found Element By : By.xpath: //span/form/div[3]/button/span
Trying to find Element By : By.xpath: //span/form/div[3]/button/span
Found Element By : By.xpath: //span/form/div[3]/button/span
Trying to find Element By : By.xpath: //span/form/div[3]/button/span
Found Element By : By.xpath: //span/form/div[3]/button/span
Trying to find Element By : By.xpath: //span/form/div[3]/button/span
Found Element By : By.xpath: //span/form/div[3]/button/span
Trying to find Element By : By.xpath: //span/form/div[3]/button/span
Found Element By : By.xpath: //span/form/div[3]/button/span
Trying to find Element By : By.xpath: //span/form/div[3]/button/span
Found Element By : By.xpath: //span/form/div[3]/button/span
Trying to find Element By : By.xpath: //span/form/div[3]/button/span
Found Element By : By.xpath: //span/form/div[3]/button/span
Trying to find Element By : By.xpath: //span/form/div[3]/button/span
Found Element By : By.xpath: //span/form/div[3]/button/span
Trying to find Element By : By.xpath: //span/form/div[3]/button/span
Found Element By : By.xpath: //span/form/div[3]/button/span
Trying to find Element By : By.xpath: //span/form/div[3]/button/span
Found Element By : By.xpath: //span/form/div[3]/button/span
Trying to find Element By : By.xpath: //span/form/div[3]/button/span
Found Element By : By.xpath: //span/form/div[3]/button/span
Trying to find Element By : By.xpath: //span/form/div[3]/button/span
Found Element By : By.xpath: //span/form/div[3]/button/span
Trying to find Element By : By.xpath: //span/form/div[3]/button/span
Found Element By : By.xpath: //span/form/div[3]/button/span
Trying to find Element By : By.xpath: //span/form/div[3]/button/span
Found Element By : By.xpath: //span/form/div[3]/button/span
Trying to find Element By : By.xpath: //span/form/div[3]/button/span
Found Element By : By.xpath: //span/form/div[3]/button/span
Trying to find Element By : By.xpath: //span/form/div[3]/button/span
Found Element By : By.xpath: //span/form/div[3]/button/span
Trying to find Element By : By.xpath: //span/form/div[3]/button/span
Found Element By : By.xpath: //span/form/div[3]/button/span
Trying to find Element By : By.xpath: //span/form/div[3]/button/span
Found Element By : By.xpath: //span/form/div[3]/button/span
Trying to find Element By : By.xpath: //span/form/div[3]/button/span
Found Element By : By.xpath: //span/form/div[3]/button/span
Trying to find Element By : By.xpath: //span/form/div[3]/button/span
Found Element By : By.xpath: //span/form/div[3]/button/span
Trying to find Element By : By.xpath: //span/form/div[3]/button/span
Found Element By : By.xpath: //span/form/div[3]/button/span
Trying to find Element By : By.xpath: //span/form/div[3]/button/span
Found Element By : By.xpath: //span/form/div[3]/button/span
Trying to find Element By : By.xpath: //span/form/div[3]/button/span
Found Element By : By.xpath: //span/form/div[3]/button/span
Trying to find Element By : By.xpath: //span/form/div[3]/button/span
Found Element By : By.xpath: //span/form/div[3]/button/span
Trying to find Element By : By.xpath: //span/form/div[3]/button/span
Found Element By : By.xpath: //span/form/div[3]/button/span
Trying to find Element By : By.xpath: //span/form/div[3]/button/span
Found Element By : By.xpath: //span/form/div[3]/button/span
Trying to find Element By : By.xpath: //span/form/div[3]/button/span
Found Element By : By.xpath: //span/form/div[3]/button/span
Trying to find Element By : By.xpath: //span/form/div[3]/button/span
Found Element By : By.xpath: //span/form/div[3]/button/span
Trying to find Element By : By.xpath: //span/form/div[3]/button/span
Found Element By : By.xpath: //span/form/div[3]/button/span
Trying to find Element By : By.xpath: //span/form/div[3]/button/span
Found Element By : By.xpath: //span/form/div[3]/button/span
Trying to find Element By : By.xpath: //span/form/div[3]/button/span
Found Element By : By.xpath: //span/form/div[3]/button/span
Trying to find Element By : By.xpath: //span/form/div[3]/button/span
Found Element By : By.xpath: //span/form/div[3]/button/span
Trying to find Element By : By.xpath: //span/form/div[3]/button/span
Found Element By : By.xpath: //span/form/div[3]/button/span
Trying to find Element By : By.xpath: //span/form/div[3]/button/span
Found Element By : By.xpath: //span/form/div[3]/button/span
Trying to find Element By : By.xpath: //span/form/div[3]/button/span
Found Element By : By.xpath: //span/form/div[3]/button/span
Trying to find Element By : By.xpath: //span/form/div[3]/button/span
Found Element By : By.xpath: //span/form/div[3]/button/span
Trying to find Element By : By.xpath: //span/form/div[3]/button/span
Found Element By : By.xpath: //span/form/div[3]/button/span
Trying to find Element By : By.xpath: //span/form/div[3]/button/span
Found Element By : By.xpath: //span/form/div[3]/button/span
Trying to find Element By : By.xpath: //span/form/div[3]/button/span
Found Element By : By.xpath: //span/form/div[3]/button/span
Trying to find Element By : By.xpath: //span/form/div[3]/button/span
Found Element By : By.xpath: //span/form/div[3]/button/span
Trying to find Element By : By.xpath: //span/form/div[3]/button/span
Found Element By : By.xpath: //span/form/div[3]/button/span
Trying to find Element By : By.xpath: //span/form/div[3]/button/span
Found Element By : By.xpath: //span/form/div[3]/button/span
Trying to find Element By : By.xpath: //span/form/div[3]/button/span
Found Element By : By.xpath: //span/form/div[3]/button/span
Trying to find Element By : By.xpath: //span/form/div[3]/button/span
Found Element By : By.xpath: //span/form/div[3]/button/span
Trying to find Element By : By.xpath: //span/form/div[3]/button/span
Found Element By : By.xpath: //span/form/div[3]/button/span
Trying to find Element By : By.xpath: //span/form/div[3]/button/span
Found Element By : By.xpath: //span/form/div[3]/button/span
Trying to find Element By : By.xpath: //span/form/div[3]/button/span
Found Element By : By.xpath: //span/form/div[3]/button/span
Trying to find Element By : By.xpath: //span/form/div[3]/button/span
Found Element By : By.xpath: //span/form/div[3]/button/span
Trying to find Element By : By.xpath: //span/form/div[3]/button/span
Found Element By : By.xpath: //span/form/div[3]/button/span
Trying to find Element By : By.xpath: //span/form/div[3]/button/span
Found Element By : By.xpath: //span/form/div[3]/button/span
Trying to find Element By : By.xpath: //span/form/div[3]/button/span
Found Element By : By.xpath: //span/form/div[3]/button/span
Trying to find Element By : By.xpath: //span/form/div[3]/button/span
Found Element By : By.xpath: //span/form/div[3]/button/span
Trying to find Element By : By.xpath: //span/form/div[3]/button/span
Found Element By : By.xpath: //span/form/div[3]/button/span
Trying to find Element By : By.xpath: //span/form/div[3]/button/span
Found Element By : By.xpath: //span/form/div[3]/button/span
Trying to find Element By : By.xpath: //span/form/div[3]/button/span
Found Element By : By.xpath: //span/form/div[3]/button/span
Trying to find Element By : By.xpath: //span/form/div[3]/button/span
Found Element By : By.xpath: //span/form/div[3]/button/span
Trying to find Element By : By.xpath: //span/form/div[3]/button/span
Found Element By : By.xpath: //span/form/div[3]/button/span
Trying to find Element By : By.xpath: //span/form/div[3]/button/span
Found Element By : By.xpath: //span/form/div[3]/button/span
Trying to find Element By : By.xpath: //span/form/div[3]/button/span
Found Element By : By.xpath: //span/form/div[3]/button/span
Trying to find Element By : By.xpath: //span/form/div[3]/button/span
Found Element By : By.xpath: //span/form/div[3]/button/span
Trying to find Element By : By.xpath: //span/form/div[3]/button/span
Found Element By : By.xpath: //span/form/div[3]/button/span
Trying to find Element By : By.xpath: //span/form/div[3]/button/span
Found Element By : By.xpath: //span/form/div[3]/button/span
Trying to find Element By : By.xpath: //span/form/div[3]/button/span
Found Element By : By.xpath: //span/form/div[3]/button/span
Trying to find Element By : By.xpath: //span/form/div[3]/button/span
Found Element By : By.xpath: //span/form/div[3]/button/span
Trying to find Element By : By.xpath: //span/form/div[3]/button/span
Found Element By : By.xpath: //span/form/div[3]/button/span
Trying to find Element By : By.xpath: //span/form/div[3]/button/span
Found Element By : By.xpath: //span/form/div[3]/button/span
Trying to find Element By : By.xpath: //span/form/div[3]/button/span
Found Element By : By.xpath: //span/form/div[3]/button/span
Trying to find Element By : By.xpath: //span/form/div[3]/button/span
Found Element By : By.xpath: //span/form/div[3]/button/span
Trying to find Element By : By.xpath: //span/form/div[3]/button/span
Found Element By : By.xpath: //span/form/div[3]/button/span
Trying to find Element By : By.xpath: //span/form/div[3]/button/span
Found Element By : By.xpath: //span/form/div[3]/button/span
Trying to find Element By : By.xpath: //span/form/div[3]/button/span
Found Element By : By.xpath: //span/form/div[3]/button/span
Trying to find Element By : By.xpath: //span/form/div[3]/button/span
Found Element By : By.xpath: //span/form/div[3]/button/span
Trying to find Element By : By.xpath: //span/form/div[3]/button/span
Found Element By : By.xpath: //span/form/div[3]/button/span
Trying to find Element By : By.xpath: //span/form/div[3]/button/span
Found Element By : By.xpath: //span/form/div[3]/button/span
Trying to find Element By : By.xpath: //span/form/div[3]/button/span
Found Element By : By.xpath: //span/form/div[3]/button/span
Trying to find Element By : By.xpath: //span/form/div[3]/button/span
Found Element By : By.xpath: //span/form/div[3]/button/span
Trying to find Element By : By.xpath: //span/form/div[3]/button/span
Found Element By : By.xpath: //span/form/div[3]/button/span
Trying to find Element By : By.xpath: //span/form/div[3]/button/span
Found Element By : By.xpath: //span/form/div[3]/button/span
Trying to find Element By : By.xpath: //span/form/div[3]/button/span
Found Element By : By.xpath: //span/form/div[3]/button/span
Trying to find Element By : By.xpath: //span/form/div[3]/button/span
Found Element By : By.xpath: //span/form/div[3]/button/span
Trying to find Element By : By.xpath: //span/form/div[3]/button/span
Found Element By : By.xpath: //span/form/div[3]/button/span
Trying to find Element By : By.xpath: //span/form/div[3]/button/span
Found Element By : By.xpath: //span/form/div[3]/button/span
Trying to find Element By : By.xpath: //span/form/div[3]/button/span
Found Element By : By.xpath: //span/form/div[3]/button/span
Trying to find Element By : By.xpath: //span/form/div[3]/button/span
Found Element By : By.xpath: //span/form/div[3]/button/span
Trying to find Element By : By.xpath: //span/form/div[3]/button/span
Found Element By : By.xpath: //span/form/div[3]/button/span
Trying to find Element By : By.xpath: //span/form/div[3]/button/span
Found Element By : By.xpath: //span/form/div[3]/button/span
Trying to find Element By : By.xpath: //span/form/div[3]/button/span
Found Element By : By.xpath: //span/form/div[3]/button/span
Trying to find Element By : By.xpath: //span/form/div[3]/button/span
Found Element By : By.xpath: //span/form/div[3]/button/span
Trying to find Element By : By.xpath: //span/form/div[3]/button/span
Found Element By : By.xpath: //span/form/div[3]/button/span
Trying to find Element By : By.xpath: //span/form/div[3]/button/span
Found Element By : By.xpath: //span/form/div[3]/button/span
Trying to find Element By : By.xpath: //span/form/div[3]/button/span
Found Element By : By.xpath: //span/form/div[3]/button/span
Trying to find Element By : By.xpath: //span/form/div[3]/button/span
Found Element By : By.xpath: //span/form/div[3]/button/span
Trying to find Element By : By.xpath: //span/form/div[3]/button/span
Found Element By : By.xpath: //span/form/div[3]/button/span
Trying to find Element By : By.xpath: //span/form/div[3]/button/span
Found Element By : By.xpath: //span/form/div[3]/button/span
Trying to find Element By : By.xpath: //span/form/div[3]/button/span
Found Element By : By.xpath: //span/form/div[3]/button/span
Trying to find Element By : By.xpath: //span/form/div[3]/button/span
Found Element By : By.xpath: //span/form/div[3]/button/span
Trying to find Element By : By.xpath: //span/form/div[3]/button/span
Found Element By : By.xpath: //span/form/div[3]/button/span
Trying to find Element By : By.xpath: //span/form/div[3]/button/span
Found Element By : By.xpath: //span/form/div[3]/button/span
Trying to find Element By : By.xpath: //span/form/div[3]/button/span
Found Element By : By.xpath: //span/form/div[3]/button/span
Trying to find Element By : By.xpath: //span/form/div[3]/button/span
Found Element By : By.xpath: //span/form/div[3]/button/span
Trying to find Element By : By.xpath: //span/form/div[3]/button/span
Found Element By : By.xpath: //span/form/div[3]/button/span
Trying to find Element By : By.xpath: //span/form/div[3]/button/span
Found Element By : By.xpath: //span/form/div[3]/button/span
Trying to find Element By : By.xpath: //span/form/div[3]/button/span
Found Element By : By.xpath: //span/form/div[3]/button/span
Trying to find Element By : By.xpath: //span/form/div[3]/button/span
Found Element By : By.xpath: //span/form/div[3]/button/span
Trying to find Element By : By.xpath: //span/form/div[3]/button/span
Found Element By : By.xpath: //span/form/div[3]/button/span
Trying to find Element By : By.xpath: //span/form/div[3]/button/span
Found Element By : By.xpath: //span/form/div[3]/button/span
Trying to find Element By : By.xpath: //span/form/div[3]/button/span
Found Element By : By.xpath: //span/form/div[3]/button/span
Trying to find Element By : By.xpath: //span/form/div[3]/button/span
Found Element By : By.xpath: //span/form/div[3]/button/span
Trying to find Element By : By.xpath: //span/form/div[3]/button/span
Found Element By : By.xpath: //span/form/div[3]/button/span
Trying to find Element By : By.xpath: //span/form/div[3]/button/span
Found Element By : By.xpath: //span/form/div[3]/button/span
Trying to find Element By : By.xpath: //span/form/div[3]/button/span
Found Element By : By.xpath: //span/form/div[3]/button/span
Trying to find Element By : By.xpath: //span/form/div[3]/button/span
Found Element By : By.xpath: //span/form/div[3]/button/span
Trying to find Element By : By.xpath: //span/form/div[3]/button/span
Found Element By : By.xpath: //span/form/div[3]/button/span
Trying to find Element By : By.xpath: //span/form/div[3]/button/span
Found Element By : By.xpath: //span/form/div[3]/button/span
Trying to find Element By : By.xpath: //span/form/div[3]/button/span
Found Element By : By.xpath: //span/form/div[3]/button/span
Trying to find Element By : By.xpath: //span/form/div[3]/button/span
Found Element By : By.xpath: //span/form/div[3]/button/span
Trying to find Element By : By.xpath: //span/form/div[3]/button/span
Found Element By : By.xpath: //span/form/div[3]/button/span
Trying to find Element By : By.xpath: //span/form/div[3]/button/span
Found Element By : By.xpath: //span/form/div[3]/button/span
Trying to find Element By : By.xpath: //span/form/div[3]/button/span
Found Element By : By.xpath: //span/form/div[3]/button/span
Trying to find Element By : By.xpath: //span/form/div[3]/button/span
Found Element By : By.xpath: //span/form/div[3]/button/span
Trying to find Element By : By.xpath: //span/form/div[3]/button/span
Found Element By : By.xpath: //span/form/div[3]/button/span
Trying to find Element By : By.xpath: //span/form/div[3]/button/span
Found Element By : By.xpath: //span/form/div[3]/button/span
Trying to find Element By : By.xpath: //span/form/div[3]/button/span
Found Element By : By.xpath: //span/form/div[3]/button/span
Trying to find Element By : By.xpath: //span/form/div[3]/button/span
Found Element By : By.xpath: //span/form/div[3]/button/span
Trying to find Element By : By.xpath: //span/form/div[3]/button/span
Found Element By : By.xpath: //span/form/div[3]/button/span
Trying to find Element By : By.xpath: //span/form/div[3]/button/span
Found Element By : By.xpath: //span/form/div[3]/button/span
Trying to find Element By : By.xpath: //span/form/div[3]/button/span
Found Element By : By.xpath: //span/form/div[3]/button/span
Trying to find Element By : By.xpath: //span/form/div[3]/button/span
Found Element By : By.xpath: //span/form/div[3]/button/span
Trying to find Element By : By.xpath: //span/form/div[3]/button/span
Found Element By : By.xpath: //span/form/div[3]/button/span
Trying to find Element By : By.xpath: //span/form/div[3]/button/span
Found Element By : By.xpath: //span/form/div[3]/button/span
Trying to find Element By : By.xpath: //span/form/div[3]/button/span
Found Element By : By.xpath: //span/form/div[3]/button/span
Trying to find Element By : By.xpath: //span/form/div[3]/button/span
Found Element By : By.xpath: //span/form/div[3]/button/span
Trying to find Element By : By.xpath: //span/form/div[3]/button/span
Found Element By : By.xpath: //span/form/div[3]/button/span
Trying to find Element By : By.xpath: //span/form/div[3]/button/span
Found Element By : By.xpath: //span/form/div[3]/button/span
Trying to find Element By : By.xpath: //span/form/div[3]/button/span
Found Element By : By.xpath: //span/form/div[3]/button/span
Trying to find Element By : By.xpath: //span/form/div[3]/button/span
Found Element By : By.xpath: //span/form/div[3]/button/span
Trying to find Element By : By.xpath: //span/form/div[3]/button/span
Found Element By : By.xpath: //span/form/div[3]/button/span
Trying to find Element By : By.xpath: //span/form/div[3]/button/span
Found Element By : By.xpath: //span/form/div[3]/button/span
Trying to find Element By : By.xpath: //span/form/div[3]/button/span
Found Element By : By.xpath: //span/form/div[3]/button/span
Trying to find Element By : By.xpath: //span/form/div[3]/button/span
Found Element By : By.xpath: //span/form/div[3]/button/span
Trying to find Element By : By.xpath: //span/form/div[3]/button/span
Found Element By : By.xpath: //span/form/div[3]/button/span
Trying to find Element By : By.xpath: //span/form/div[3]/button/span
Found Element By : By.xpath: //span/form/div[3]/button/span
Trying to find Element By : By.xpath: //span/form/div[3]/button/span
Found Element By : By.xpath: //span/form/div[3]/button/span
Trying to find Element By : By.xpath: //span/form/div[3]/button/span
Found Element By : By.xpath: //span/form/div[3]/button/span
Trying to find Element By : By.xpath: //span/form/div[3]/button/span
Found Element By : By.xpath: //span/form/div[3]/button/span
Trying to find Element By : By.xpath: //span/form/div[3]/button/span
Found Element By : By.xpath: //span/form/div[3]/button/span
Trying to find Element By : By.xpath: //span/form/div[3]/button/span
Found Element By : By.xpath: //span/form/div[3]/button/span
Trying to find Element By : By.xpath: //span/form/div[3]/button/span
Found Element By : By.xpath: //span/form/div[3]/button/span
Trying to find Element By : By.xpath: //span/form/div[3]/button/span
Found Element By : By.xpath: //span/form/div[3]/button/span
Trying to find Element By : By.xpath: //span/form/div[3]/button/span
Found Element By : By.xpath: //span/form/div[3]/button/span
Trying to find Element By : By.xpath: //span/form/div[3]/button/span
Found Element By : By.xpath: //span/form/div[3]/button/span
Trying to find Element By : By.xpath: //span/form/div[3]/button/span
Found Element By : By.xpath: //span/form/div[3]/button/span
Trying to find Element By : By.xpath: //span/form/div[3]/button/span
Found Element By : By.xpath: //span/form/div[3]/button/span
Trying to find Element By : By.xpath: //span/form/div[3]/button/span
Found Element By : By.xpath: //span/form/div[3]/button/span
Trying to find Element By : By.xpath: //span/form/div[3]/button/span
Found Element By : By.xpath: //span/form/div[3]/button/span
Trying to find Element By : By.xpath: //span/form/div[3]/button/span
Found Element By : By.xpath: //span/form/div[3]/button/span
Trying to find Element By : By.xpath: //span/form/div[3]/button/span
Found Element By : By.xpath: //span/form/div[3]/button/span
Trying to find Element By : By.xpath: //span/form/div[3]/button/span
Found Element By : By.xpath: //span/form/div[3]/button/span
Trying to find Element By : By.xpath: //span/form/div[3]/button/span
Found Element By : By.xpath: //span/form/div[3]/button/span
Trying to find Element By : By.xpath: //span/form/div[3]/button/span
Found Element By : By.xpath: //span/form/div[3]/button/span
Trying to find Element By : By.xpath: //span/form/div[3]/button/span
Found Element By : By.xpath: //span/form/div[3]/button/span
Trying to find Element By : By.xpath: //span/form/div[3]/button/span
Found Element By : By.xpath: //span/form/div[3]/button/span
Trying to find Element By : By.xpath: //span/form/div[3]/button/span
Found Element By : By.xpath: //span/form/div[3]/button/span
Trying to find Element By : By.xpath: //span/form/div[3]/button/span
Found Element By : By.xpath: //span/form/div[3]/button/span
Trying to find Element By : By.xpath: //span/form/div[3]/button/span
Found Element By : By.xpath: //span/form/div[3]/button/span
Trying to find Element By : By.xpath: //span/form/div[3]/button/span
Found Element By : By.xpath: //span/form/div[3]/button/span
Trying to find Element By : By.xpath: //span/form/div[3]/button/span
Found Element By : By.xpath: //span/form/div[3]/button/span
Trying to find Element By : By.xpath: //span/form/div[3]/button/span
Found Element By : By.xpath: //span/form/div[3]/button/span
Trying to find Element By : By.xpath: //span/form/div[3]/button/span
Found Element By : By.xpath: //span/form/div[3]/button/span
Trying to find Element By : By.xpath: //span/form/div[3]/button/span
Found Element By : By.xpath: //span/form/div[3]/button/span
Trying to find Element By : By.xpath: //span/form/div[3]/button/span
Found Element By : By.xpath: //span/form/div[3]/button/span
Trying to find Element By : By.xpath: //span/form/div[3]/button/span
Found Element By : By.xpath: //span/form/div[3]/button/span
Trying to find Element By : By.xpath: //span/form/div[3]/button/span
Found Element By : By.xpath: //span/form/div[3]/button/span
Trying to find Element By : By.xpath: //span/form/div[3]/button/span
Found Element By : By.xpath: //span/form/div[3]/button/span
Trying to find Element By : By.xpath: //span/form/div[3]/button/span
Found Element By : By.xpath: //span/form/div[3]/button/span
Trying to find Element By : By.xpath: //span/form/div[3]/button/span
Found Element By : By.xpath: //span/form/div[3]/button/span
Trying to find Element By : By.xpath: //span/form/div[3]/button/span
Found Element By : By.xpath: //span/form/div[3]/button/span
Trying to find Element By : By.xpath: //span/form/div[3]/button/span
Found Element By : By.xpath: //span/form/div[3]/button/span
Trying to find Element By : By.xpath: //span/form/div[3]/button/span
Found Element By : By.xpath: //span/form/div[3]/button/span
Trying to find Element By : By.xpath: //span/form/div[3]/button/span
Found Element By : By.xpath: //span/form/div[3]/button/span
Trying to find Element By : By.xpath: //span/form/div[3]/button/span
Found Element By : By.xpath: //span/form/div[3]/button/span
Trying to find Element By : By.xpath: //span/form/div[3]/button/span
Found Element By : By.xpath: //span/form/div[3]/button/span
Trying to find Element By : By.xpath: //span/form/div[3]/button/span
Found Element By : By.xpath: //span/form/div[3]/button/span
Trying to find Element By : By.xpath: //span/form/div[3]/button/span
Found Element By : By.xpath: //span/form/div[3]/button/span
Trying to find Element By : By.xpath: //span/form/div[3]/button/span
Found Element By : By.xpath: //span/form/div[3]/button/span
Trying to find Element By : By.xpath: //span/form/div[3]/button/span
Found Element By : By.xpath: //span/form/div[3]/button/span
Trying to find Element By : By.xpath: //span/form/div[3]/button/span
Found Element By : By.xpath: //span/form/div[3]/button/span
Trying to find Element By : By.xpath: //span/form/div[3]/button/span
Found Element By : By.xpath: //span/form/div[3]/button/span
Trying to find Element By : By.xpath: //span/form/div[3]/button/span
Found Element By : By.xpath: //span/form/div[3]/button/span
Trying to find Element By : By.xpath: //span/form/div[3]/button/span
Found Element By : By.xpath: //span/form/div[3]/button/span
Trying to find Element By : By.xpath: //span/form/div[3]/button/span
Found Element By : By.xpath: //span/form/div[3]/button/span
Trying to find Element By : By.xpath: //span/form/div[3]/button/span
Found Element By : By.xpath: //span/form/div[3]/button/span
Trying to find Element By : By.xpath: //span/form/div[3]/button/span
Found Element By : By.xpath: //span/form/div[3]/button/span
Trying to find Element By : By.xpath: //span/form/div[3]/button/span
Found Element By : By.xpath: //span/form/div[3]/button/span
Trying to find Element By : By.xpath: //span/form/div[3]/button/span
Found Element By : By.xpath: //span/form/div[3]/button/span
Trying to find Element By : By.xpath: //span/form/div[3]/button/span
Found Element By : By.xpath: //span/form/div[3]/button/span
Trying to find Element By : By.xpath: //span/form/div[3]/button/span
Found Element By : By.xpath: //span/form/div[3]/button/span
Trying to find Element By : By.xpath: //span/form/div[3]/button/span
Found Element By : By.xpath: //span/form/div[3]/button/span
Trying to find Element By : By.xpath: //span/form/div[3]/button/span
Found Element By : By.xpath: //span/form/div[3]/button/span
Trying to find Element By : By.xpath: //span/form/div[3]/button/span
Found Element By : By.xpath: //span/form/div[3]/button/span
Trying to find Element By : By.xpath: //span/form/div[3]/button/span
Found Element By : By.xpath: //span/form/div[3]/button/span
Trying to find Element By : By.xpath: //span/form/div[3]/button/span
Found Element By : By.xpath: //span/form/div[3]/button/span
Trying to find Element By : By.xpath: //span/form/div[3]/button/span
Found Element By : By.xpath: //span/form/div[3]/button/span
Trying to find Element By : By.xpath: //span/form/div[3]/button/span
Found Element By : By.xpath: //span/form/div[3]/button/span
Trying to find Element By : By.xpath: //span/form/div[3]/button/span
Found Element By : By.xpath: //span/form/div[3]/button/span
Trying to find Element By : By.xpath: //span/form/div[3]/button/span
Found Element By : By.xpath: //span/form/div[3]/button/span
Trying to find Element By : By.xpath: //span/form/div[3]/button/span
Found Element By : By.xpath: //span/form/div[3]/button/span
Trying to find Element By : By.xpath: //span/form/div[3]/button/span
Found Element By : By.xpath: //span/form/div[3]/button/span
Trying to find Element By : By.xpath: //span/form/div[3]/button/span
Found Element By : By.xpath: //span/form/div[3]/button/span
Trying to find Element By : By.xpath: //span/form/div[3]/button/span
Found Element By : By.xpath: //span/form/div[3]/button/span
Trying to find Element By : By.xpath: //span/form/div[3]/button/span
Found Element By : By.xpath: //span/form/div[3]/button/span
Trying to find Element By : By.xpath: //span/form/div[3]/button/span
Found Element By : By.xpath: //span/form/div[3]/button/span
Trying to find Element By : By.xpath: //span/form/div[3]/button/span
Found Element By : By.xpath: //span/form/div[3]/button/span
Trying to find Element By : By.xpath: //span/form/div[3]/button/span
Found Element By : By.xpath: //span/form/div[3]/button/span
Trying to find Element By : By.xpath: //span/form/div[3]/button/span
Found Element By : By.xpath: //span/form/div[3]/button/span
Trying to find Element By : By.xpath: //span/form/div[3]/button/span
Found Element By : By.xpath: //span/form/div[3]/button/span
Trying to find Element By : By.xpath: //span/form/div[3]/button/span
Found Element By : By.xpath: //span/form/div[3]/button/span
Trying to find Element By : By.xpath: //span/form/div[3]/button/span
Found Element By : By.xpath: //span/form/div[3]/button/span
Trying to find Element By : By.xpath: //span/form/div[3]/button/span
Found Element By : By.xpath: //span/form/div[3]/button/span
Trying to find Element By : By.xpath: //span/form/div[3]/button/span
Found Element By : By.xpath: //span/form/div[3]/button/span
Trying to find Element By : By.xpath: //span/form/div[3]/button/span
Found Element By : By.xpath: //span/form/div[3]/button/span
Trying to find Element By : By.xpath: //span/form/div[3]/button/span
Found Element By : By.xpath: //span/form/div[3]/button/span
Trying to find Element By : By.xpath: //span/form/div[3]/button/span
Found Element By : By.xpath: //span/form/div[3]/button/span
Trying to find Element By : By.xpath: //span/form/div[3]/button/span
Found Element By : By.xpath: //span/form/div[3]/button/span
Trying to find Element By : By.xpath: //span/form/div[3]/button/span
Found Element By : By.xpath: //span/form/div[3]/button/span
Trying to find Element By : By.xpath: //span/form/div[3]/button/span
Found Element By : By.xpath: //span/form/div[3]/button/span
Trying to find Element By : By.xpath: //span/form/div[3]/button/span
Found Element By : By.xpath: //span/form/div[3]/button/span
Trying to find Element By : By.xpath: //span/form/div[3]/button/span
Found Element By : By.xpath: //span/form/div[3]/button/span
Trying to find Element By : By.xpath: //span/form/div[3]/button/span
Found Element By : By.xpath: //span/form/div[3]/button/span
Trying to find Element By : By.xpath: //span/form/div[3]/button/span
Found Element By : By.xpath: //span/form/div[3]/button/span
Trying to find Element By : By.xpath: //span/form/div[3]/button/span
Found Element By : By.xpath: //span/form/div[3]/button/span
Trying to find Element By : By.xpath: //span/form/div[3]/button/span
Found Element By : By.xpath: //span/form/div[3]/button/span
Trying to find Element By : By.xpath: //span/form/div[3]/button/span
Found Element By : By.xpath: //span/form/div[3]/button/span
Trying to find Element By : By.xpath: //span/form/div[3]/button/span
Found Element By : By.xpath: //span/form/div[3]/button/span
Trying to find Element By : By.xpath: //span/form/div[3]/button/span
Found Element By : By.xpath: //span/form/div[3]/button/span
Trying to find Element By : By.xpath: //span/form/div[3]/button/span
Found Element By : By.xpath: //span/form/div[3]/button/span
Trying to find Element By : By.xpath: //span/form/div[3]/button/span
Found Element By : By.xpath: //span/form/div[3]/button/span
Trying to find Element By : By.xpath: //span/form/div[3]/button/span
Found Element By : By.xpath: //span/form/div[3]/button/span
Trying to find Element By : By.xpath: //span/form/div[3]/button/span
Found Element By : By.xpath: //span/form/div[3]/button/span
Trying to find Element By : By.xpath: //span/form/div[3]/button/span
Found Element By : By.xpath: //span/form/div[3]/button/span
Trying to find Element By : By.xpath: //span/form/div[3]/button/span
Found Element By : By.xpath: //span/form/div[3]/button/span
Trying to find Element By : By.xpath: //span/form/div[3]/button/span
Found Element By : By.xpath: //span/form/div[3]/button/span
Trying to find Element By : By.xpath: //span/form/div[3]/button/span
Found Element By : By.xpath: //span/form/div[3]/button/span
Trying to find Element By : By.xpath: //span/form/div[3]/button/span
Found Element By : By.xpath: //span/form/div[3]/button/span
Trying to find Element By : By.xpath: //span/form/div[3]/button/span
Found Element By : By.xpath: //span/form/div[3]/button/span
Trying to find Element By : By.xpath: //span/form/div[3]/button/span
Found Element By : By.xpath: //span/form/div[3]/button/span
Trying to find Element By : By.xpath: //span/form/div[3]/button/span
Found Element By : By.xpath: //span/form/div[3]/button/span
Trying to find Element By : By.xpath: //span/form/div[3]/button/span
Found Element By : By.xpath: //span/form/div[3]/button/span
Trying to find Element By : By.xpath: //span/form/div[3]/button/span
Found Element By : By.xpath: //span/form/div[3]/button/span
Trying to find Element By : By.xpath: //span/form/div[3]/button/span
Found Element By : By.xpath: //span/form/div[3]/button/span
Trying to find Element By : By.xpath: //span/form/div[3]/button/span
Found Element By : By.xpath: //span/form/div[3]/button/span
Trying to find Element By : By.xpath: //span/form/div[3]/button/span
Found Element By : By.xpath: //span/form/div[3]/button/span
Trying to find Element By : By.xpath: //span/form/div[3]/button/span
Found Element By : By.xpath: //span/form/div[3]/button/span
Trying to find Element By : By.xpath: //span/form/div[3]/button/span
Found Element By : By.xpath: //span/form/div[3]/button/span
Trying to find Element By : By.xpath: //span/form/div[3]/button/span
Found Element By : By.xpath: //span/form/div[3]/button/span
Trying to find Element By : By.xpath: //span/form/div[3]/button/span
Found Element By : By.xpath: //span/form/div[3]/button/span
Trying to find Element By : By.xpath: //span/form/div[3]/button/span
Found Element By : By.xpath: //span/form/div[3]/button/span
Trying to find Element By : By.xpath: //span/form/div[3]/button/span
Found Element By : By.xpath: //span/form/div[3]/button/span
Trying to find Element By : By.xpath: //span/form/div[3]/button/span
Found Element By : By.xpath: //span/form/div[3]/button/span
Trying to find Element By : By.xpath: //span/form/div[3]/button/span
Found Element By : By.xpath: //span/form/div[3]/button/span
Trying to find Element By : By.xpath: //span/form/div[3]/button/span
Found Element By : By.xpath: //span/form/div[3]/button/span
Trying to find Element By : By.xpath: //span/form/div[3]/button/span
Found Element By : By.xpath: //span/form/div[3]/button/span
Trying to find Element By : By.xpath: //span/form/div[3]/button/span
Found Element By : By.xpath: //span/form/div[3]/button/span
Trying to find Element By : By.xpath: //span/form/div[3]/button/span
Found Element By : By.xpath: //span/form/div[3]/button/span
Trying to find Element By : By.xpath: //span/form/div[3]/button/span
Found Element By : By.xpath: //span/form/div[3]/button/span
Trying to find Element By : By.xpath: //span/form/div[3]/button/span
Found Element By : By.xpath: //span/form/div[3]/button/span
Trying to find Element By : By.xpath: //span/form/div[3]/button/span
Found Element By : By.xpath: //span/form/div[3]/button/span
Trying to find Element By : By.xpath: //span/form/div[3]/button/span
Found Element By : By.xpath: //span/form/div[3]/button/span
Trying to find Element By : By.xpath: //span/form/div[3]/button/span
Found Element By : By.xpath: //span/form/div[3]/button/span
Trying to find Element By : By.xpath: //span/form/div[3]/button/span
Found Element By : By.xpath: //span/form/div[3]/button/span
Trying to find Element By : By.xpath: //span/form/div[3]/button/span
Found Element By : By.xpath: //span/form/div[3]/button/span
Trying to find Element By : By.xpath: //span/form/div[3]/button/span
Found Element By : By.xpath: //span/form/div[3]/button/span
Trying to find Element By : By.xpath: //span/form/div[3]/button/span
Found Element By : By.xpath: //span/form/div[3]/button/span
Trying to find Element By : By.xpath: //span/form/div[3]/button/span
Found Element By : By.xpath: //span/form/div[3]/button/span
Trying to find Element By : By.xpath: //span/form/div[3]/button/span
Found Element By : By.xpath: //span/form/div[3]/button/span
Trying to find Element By : By.xpath: //span/form/div[3]/button/span
Found Element By : By.xpath: //span/form/div[3]/button/span
Trying to find Element By : By.xpath: //span/form/div[3]/button/span
Found Element By : By.xpath: //span/form/div[3]/button/span
Trying to find Element By : By.xpath: //span/form/div[3]/button/span
Found Element By : By.xpath: //span/form/div[3]/button/span
Trying to find Element By : By.xpath: //span/form/div[3]/button/span
Found Element By : By.xpath: //span/form/div[3]/button/span
Trying to find Element By : By.xpath: //span/form/div[3]/button/span
Found Element By : By.xpath: //span/form/div[3]/button/span
Trying to find Element By : By.xpath: //span/form/div[3]/button/span
Found Element By : By.xpath: //span/form/div[3]/button/span
Trying to find Element By : By.xpath: //span/form/div[3]/button/span
Found Element By : By.xpath: //span/form/div[3]/button/span
Trying to find Element By : By.xpath: //span/form/div[3]/button/span
Found Element By : By.xpath: //span/form/div[3]/button/span
Trying to find Element By : By.xpath: //span/form/div[3]/button/span
Found Element By : By.xpath: //span/form/div[3]/button/span
Trying to find Element By : By.xpath: //span/form/div[3]/button/span
Found Element By : By.xpath: //span/form/div[3]/button/span
Trying to find Element By : By.xpath: //span/form/div[3]/button/span
Found Element By : By.xpath: //span/form/div[3]/button/span
Trying to find Element By : By.xpath: //span/form/div[3]/button/span
Found Element By : By.xpath: //span/form/div[3]/button/span
Trying to find Element By : By.xpath: //span/form/div[3]/button/span
Found Element By : By.xpath: //span/form/div[3]/button/span
Trying to find Element By : By.xpath: //span/form/div[3]/button/span
Found Element By : By.xpath: //span/form/div[3]/button/span
Trying to find Element By : By.xpath: //span/form/div[3]/button/span
Found Element By : By.xpath: //span/form/div[3]/button/span
Trying to find Element By : By.xpath: //span/form/div[3]/button/span
Found Element By : By.xpath: //span/form/div[3]/button/span
Trying to find Element By : By.xpath: //span/form/div[3]/button/span
Found Element By : By.xpath: //span/form/div[3]/button/span
Trying to find Element By : By.xpath: //span/form/div[3]/button/span
Found Element By : By.xpath: //span/form/div[3]/button/span
Trying to find Element By : By.xpath: //span/form/div[3]/button/span
Found Element By : By.xpath: //span/form/div[3]/button/span
Trying to find Element By : By.xpath: //span/form/div[3]/button/span
Found Element By : By.xpath: //span/form/div[3]/button/span
Trying to find Element By : By.xpath: //span/form/div[3]/button/span
Found Element By : By.xpath: //span/form/div[3]/button/span
Trying to find Element By : By.xpath: //span/form/div[3]/button/span
Found Element By : By.xpath: //span/form/div[3]/button/span
Trying to find Element By : By.xpath: //span/form/div[3]/button/span
Found Element By : By.xpath: //span/form/div[3]/button/span
Trying to find Element By : By.xpath: //span/form/div[3]/button/span
Found Element By : By.xpath: //span/form/div[3]/button/span
Trying to find Element By : By.xpath: //span/form/div[3]/button/span
Found Element By : By.xpath: //span/form/div[3]/button/span
Trying to find Element By : By.xpath: //span/form/div[3]/button/span
Found Element By : By.xpath: //span/form/div[3]/button/span
Trying to find Element By : By.xpath: //span/form/div[3]/button/span
Found Element By : By.xpath: //span/form/div[3]/button/span
Trying to find Element By : By.xpath: //span/form/div[3]/button/span
Found Element By : By.xpath: //span/form/div[3]/button/span
Trying to find Element By : By.xpath: //span/form/div[3]/button/span
Found Element By : By.xpath: //span/form/div[3]/button/span
Trying to find Element By : By.xpath: //span/form/div[3]/button/span
Found Element By : By.xpath: //span/form/div[3]/button/span
Trying to find Element By : By.xpath: //span/form/div[3]/button/span
Found Element By : By.xpath: //span/form/div[3]/button/span
Trying to find Element By : By.xpath: //span/form/div[3]/button/span
Found Element By : By.xpath: //span/form/div[3]/button/span
Trying to find Element By : By.xpath: //span/form/div[3]/button/span
Found Element By : By.xpath: //span/form/div[3]/button/span
Trying to find Element By : By.xpath: //span/form/div[3]/button/span
Found Element By : By.xpath: //span/form/div[3]/button/span
Trying to find Element By : By.xpath: //span/form/div[3]/button/span
Found Element By : By.xpath: //span/form/div[3]/button/span
Trying to find Element By : By.xpath: //span/form/div[3]/button/span
Found Element By : By.xpath: //span/form/div[3]/button/span
Trying to find Element By : By.xpath: //span/form/div[3]/button/span
Found Element By : By.xpath: //span/form/div[3]/button/span
Trying to find Element By : By.xpath: //span/form/div[3]/button/span
Found Element By : By.xpath: //span/form/div[3]/button/span
Trying to find Element By : By.xpath: //span/form/div[3]/button/span
Found Element By : By.xpath: //span/form/div[3]/button/span
Trying to find Element By : By.xpath: //span/form/div[3]/button/span
Found Element By : By.xpath: //span/form/div[3]/button/span
Trying to find Element By : By.xpath: //span/form/div[3]/button/span
Found Element By : By.xpath: //span/form/div[3]/button/span
Trying to find Element By : By.xpath: //span/form/div[3]/button/span
Found Element By : By.xpath: //span/form/div[3]/button/span
Trying to find Element By : By.xpath: //span/form/div[3]/button/span
Found Element By : By.xpath: //span/form/div[3]/button/span
Trying to find Element By : By.xpath: //span/form/div[3]/button/span
Found Element By : By.xpath: //span/form/div[3]/button/span
Trying to find Element By : By.xpath: //span/form/div[3]/button/span
Found Element By : By.xpath: //span/form/div[3]/button/span
Trying to find Element By : By.xpath: //span/form/div[3]/button/span
Found Element By : By.xpath: //span/form/div[3]/button/span
Trying to find Element By : By.xpath: //span/form/div[3]/button/span
Found Element By : By.xpath: //span/form/div[3]/button/span
Trying to find Element By : By.xpath: //span/form/div[3]/button/span
Found Element By : By.xpath: //span/form/div[3]/button/span
Trying to find Element By : By.xpath: //span/form/div[3]/button/span
Found Element By : By.xpath: //span/form/div[3]/button/span
Trying to find Element By : By.xpath: //span/form/div[3]/button/span
Found Element By : By.xpath: //span/form/div[3]/button/span
Trying to find Element By : By.xpath: //span/form/div[3]/button/span
Found Element By : By.xpath: //span/form/div[3]/button/span
Trying to find Element By : By.xpath: //span/form/div[3]/button/span
Found Element By : By.xpath: //span/form/div[3]/button/span
Trying to find Element By : By.xpath: //span/form/div[3]/button/span
Found Element By : By.xpath: //span/form/div[3]/button/span
Trying to find Element By : By.xpath: //span/form/div[3]/button/span
Found Element By : By.xpath: //span/form/div[3]/button/span
Trying to find Element By : By.xpath: //span/form/div[3]/button/span
Found Element By : By.xpath: //span/form/div[3]/button/span
Trying to find Element By : By.xpath: //span/form/div[3]/button/span
Found Element By : By.xpath: //span/form/div[3]/button/span
Trying to find Element By : By.xpath: //span/form/div[3]/button/span
Found Element By : By.xpath: //span/form/div[3]/button/span
Trying to find Element By : By.xpath: //span/form/div[3]/button/span
Found Element By : By.xpath: //span/form/div[3]/button/span
Trying to find Element By : By.xpath: //span/form/div[3]/button/span
Found Element By : By.xpath: //span/form/div[3]/button/span
Trying to find Element By : By.xpath: //span/form/div[3]/button/span
Found Element By : By.xpath: //span/form/div[3]/button/span
Trying to find Element By : By.xpath: //span/form/div[3]/button/span
Found Element By : By.xpath: //span/form/div[3]/button/span
Trying to find Element By : By.xpath: //span/form/div[3]/button/span
Found Element By : By.xpath: //span/form/div[3]/button/span
Trying to find Element By : By.xpath: //span/form/div[3]/button/span
Found Element By : By.xpath: //span/form/div[3]/button/span
Trying to find Element By : By.xpath: //span/form/div[3]/button/span
Found Element By : By.xpath: //span/form/div[3]/button/span
Trying to find Element By : By.xpath: //span/form/div[3]/button/span
Found Element By : By.xpath: //span/form/div[3]/button/span
Trying to find Element By : By.xpath: //span/form/div[3]/button/span
Found Element By : By.xpath: //span/form/div[3]/button/span
Trying to find Element By : By.xpath: //span/form/div[3]/button/span
Found Element By : By.xpath: //span/form/div[3]/button/span
Trying to find Element By : By.xpath: //span/form/div[3]/button/span
Found Element By : By.xpath: //span/form/div[3]/button/span
Trying to find Element By : By.xpath: //span/form/div[3]/button/span
Found Element By : By.xpath: //span/form/div[3]/button/span
Trying to find Element By : By.xpath: //span/form/div[3]/button/span
Found Element By : By.xpath: //span/form/div[3]/button/span
Trying to find Element By : By.xpath: //span/form/div[3]/button/span
Found Element By : By.xpath: //span/form/div[3]/button/span
Trying to find Element By : By.xpath: //span/form/div[3]/button/span
Found Element By : By.xpath: //span/form/div[3]/button/span
Trying to find Element By : By.xpath: //span/form/div[3]/button/span
Found Element By : By.xpath: //span/form/div[3]/button/span
Trying to find Element By : By.xpath: //span/form/div[3]/button/span
Found Element By : By.xpath: //span/form/div[3]/button/span
Trying to find Element By : By.xpath: //span/form/div[3]/button/span
Found Element By : By.xpath: //span/form/div[3]/button/span
Trying to find Element By : By.xpath: //span/form/div[3]/button/span
Found Element By : By.xpath: //span/form/div[3]/button/span
Trying to find Element By : By.xpath: //span/form/div[3]/button/span
Found Element By : By.xpath: //span/form/div[3]/button/span
Trying to find Element By : By.xpath: //span/form/div[3]/button/span
Found Element By : By.xpath: //span/form/div[3]/button/span
Trying to find Element By : By.xpath: //span/form/div[3]/button/span
Found Element By : By.xpath: //span/form/div[3]/button/span
Trying to find Element By : By.xpath: //span/form/div[3]/button/span
Found Element By : By.xpath: //span/form/div[3]/button/span
Trying to find Element By : By.xpath: //span/form/div[3]/button/span
Found Element By : By.xpath: //span/form/div[3]/button/span
Trying to find Element By : By.xpath: //span/form/div[3]/button/span
Found Element By : By.xpath: //span/form/div[3]/button/span
Trying to find Element By : By.xpath: //span/form/div[3]/button/span
Found Element By : By.xpath: //span/form/div[3]/button/span
Trying to find Element By : By.xpath: //span/form/div[3]/button/span
Found Element By : By.xpath: //span/form/div[3]/button/span
Trying to find Element By : By.xpath: //span/form/div[3]/button/span
Found Element By : By.xpath: //span/form/div[3]/button/span
Trying to find Element By : By.xpath: //span/form/div[3]/button/span
Found Element By : By.xpath: //span/form/div[3]/button/span
Trying to find Element By : By.xpath: //span/form/div[3]/button/span
Found Element By : By.xpath: //span/form/div[3]/button/span
Trying to find Element By : By.xpath: //span/form/div[3]/button/span
Found Element By : By.xpath: //span/form/div[3]/button/span
Trying to find Element By : By.xpath: //span/form/div[3]/button/span
Found Element By : By.xpath: //span/form/div[3]/button/span
Trying to find Element By : By.xpath: //span/form/div[3]/button/span
Found Element By : By.xpath: //span/form/div[3]/button/span
Trying to find Element By : By.xpath: //span/form/div[3]/button/span
Found Element By : By.xpath: //span/form/div[3]/button/span
Trying to find Element By : By.xpath: //span/form/div[3]/button/span
Found Element By : By.xpath: //span/form/div[3]/button/span
Trying to find Element By : By.xpath: //span/form/div[3]/button/span
Found Element By : By.xpath: //span/form/div[3]/button/span
Trying to find Element By : By.xpath: //span/form/div[3]/button/span
Found Element By : By.xpath: //span/form/div[3]/button/span
Trying to find Element By : By.xpath: //span/form/div[3]/button/span
Found Element By : By.xpath: //span/form/div[3]/button/span
Trying to find Element By : By.xpath: //span/form/div[3]/button/span
Found Element By : By.xpath: //span/form/div[3]/button/span
Trying to find Element By : By.xpath: //span/form/div[3]/button/span
Found Element By : By.xpath: //span/form/div[3]/button/span
Trying to find Element By : By.xpath: //span/form/div[3]/button/span
Found Element By : By.xpath: //span/form/div[3]/button/span
Trying to find Element By : By.xpath: //span/form/div[3]/button/span
Found Element By : By.xpath: //span/form/div[3]/button/span
Trying to find Element By : By.xpath: //span/form/div[3]/button/span
Found Element By : By.xpath: //span/form/div[3]/button/span
Trying to find Element By : By.xpath: //span/form/div[3]/button/span
Found Element By : By.xpath: //span/form/div[3]/button/span
Trying to find Element By : By.xpath: //span/form/div[3]/button/span
Found Element By : By.xpath: //span/form/div[3]/button/span
Trying to find Element By : By.xpath: //span/form/div[3]/button/span
Found Element By : By.xpath: //span/form/div[3]/button/span
Trying to find Element By : By.xpath: //span/form/div[3]/button/span
Found Element By : By.xpath: //span/form/div[3]/button/span
Trying to find Element By : By.xpath: //span/form/div[3]/button/span
Found Element By : By.xpath: //span/form/div[3]/button/span
Trying to find Element By : By.xpath: //span/form/div[3]/button/span
Found Element By : By.xpath: //span/form/div[3]/button/span
Trying to find Element By : By.xpath: //span/form/div[3]/button/span
Found Element By : By.xpath: //span/form/div[3]/button/span
Trying to find Element By : By.xpath: //span/form/div[3]/button/span
Found Element By : By.xpath: //span/form/div[3]/button/span
Trying to find Element By : By.xpath: //span/form/div[3]/button/span
Found Element By : By.xpath: //span/form/div[3]/button/span
Trying to find Element By : By.xpath: //span/form/div[3]/button/span
Found Element By : By.xpath: //span/form/div[3]/button/span
Trying to find Element By : By.xpath: //span/form/div[3]/button/span
Found Element By : By.xpath: //span/form/div[3]/button/span
Trying to find Element By : By.xpath: //span/form/div[3]/button/span
Found Element By : By.xpath: //span/form/div[3]/button/span
Trying to find Element By : By.xpath: //span/form/div[3]/button/span
Found Element By : By.xpath: //span/form/div[3]/button/span
Trying to find Element By : By.xpath: //span/form/div[3]/button/span
Found Element By : By.xpath: //span/form/div[3]/button/span
Trying to find Element By : By.xpath: //span/form/div[3]/button/span
Found Element By : By.xpath: //span/form/div[3]/button/span
Trying to find Element By : By.xpath: //span/form/div[3]/button/span
Found Element By : By.xpath: //span/form/div[3]/button/span
Trying to find Element By : By.xpath: //span/form/div[3]/button/span
Found Element By : By.xpath: //span/form/div[3]/button/span
Trying to find Element By : By.xpath: //span/form/div[3]/button/span
Found Element By : By.xpath: //span/form/div[3]/button/span
Trying to find Element By : By.xpath: //span/form/div[3]/button/span
Found Element By : By.xpath: //span/form/div[3]/button/span
Trying to find Element By : By.xpath: //span/form/div[3]/button/span
Found Element By : By.xpath: //span/form/div[3]/button/span
Trying to find Element By : By.xpath: //span/form/div[3]/button/span
Found Element By : By.xpath: //span/form/div[3]/button/span
Trying to find Element By : By.xpath: //span/form/div[3]/button/span
Found Element By : By.xpath: //span/form/div[3]/button/span
Trying to find Element By : By.xpath: //span/form/div[3]/button/span
Found Element By : By.xpath: //span/form/div[3]/button/span
Trying to find Element By : By.xpath: //span/form/div[3]/button/span
Found Element By : By.xpath: //span/form/div[3]/button/span
Trying to find Element By : By.xpath: //span/form/div[3]/button/span
Found Element By : By.xpath: //span/form/div[3]/button/span
Trying to find Element By : By.xpath: //span/form/div[3]/button/span
Found Element By : By.xpath: //span/form/div[3]/button/span
Trying to find Element By : By.xpath: //span/form/div[3]/button/span
Found Element By : By.xpath: //span/form/div[3]/button/span
Trying to find Element By : By.xpath: //span/form/div[3]/button/span
Found Element By : By.xpath: //span/form/div[3]/button/span
Trying to find Element By : By.xpath: //span/form/div[3]/button/span
Found Element By : By.xpath: //span/form/div[3]/button/span
Trying to find Element By : By.xpath: //span/form/div[3]/button/span
Found Element By : By.xpath: //span/form/div[3]/button/span
Trying to find Element By : By.xpath: //span/form/div[3]/button/span
Found Element By : By.xpath: //span/form/div[3]/button/span
Trying to find Element By : By.xpath: //span/form/div[3]/button/span
Found Element By : By.xpath: //span/form/div[3]/button/span
Trying to find Element By : By.xpath: //span/form/div[3]/button/span
Found Element By : By.xpath: //span/form/div[3]/button/span
Trying to find Element By : By.xpath: //span/form/div[3]/button/span
Found Element By : By.xpath: //span/form/div[3]/button/span
Trying to find Element By : By.xpath: //span/form/div[3]/button/span
Found Element By : By.xpath: //span/form/div[3]/button/span
Trying to find Element By : By.xpath: //span/form/div[3]/button/span
Found Element By : By.xpath: //span/form/div[3]/button/span
Trying to find Element By : By.xpath: //span/form/div[3]/button/span
Found Element By : By.xpath: //span/form/div[3]/button/span
Trying to find Element By : By.xpath: //span/form/div[3]/button/span
Found Element By : By.xpath: //span/form/div[3]/button/span
Trying to find Element By : By.xpath: //span/form/div[3]/button/span
Found Element By : By.xpath: //span/form/div[3]/button/span
Trying to find Element By : By.xpath: //span/form/div[3]/button/span
Found Element By : By.xpath: //span/form/div[3]/button/span
Trying to find Element By : By.xpath: //span/form/div[3]/button/span
Found Element By : By.xpath: //span/form/div[3]/button/span
Trying to find Element By : By.xpath: //span/form/div[3]/button/span
Found Element By : By.xpath: //span/form/div[3]/button/span
Trying to find Element By : By.xpath: //span/form/div[3]/button/span
Found Element By : By.xpath: //span/form/div[3]/button/span
Trying to find Element By : By.xpath: //span/form/div[3]/button/span
Found Element By : By.xpath: //span/form/div[3]/button/span
Trying to find Element By : By.xpath: //span/form/div[3]/button/span
Found Element By : By.xpath: //span/form/div[3]/button/span
Trying to find Element By : By.xpath: //span/form/div[3]/button/span
Found Element By : By.xpath: //span/form/div[3]/button/span
Trying to find Element By : By.xpath: //span/form/div[3]/button/span
Found Element By : By.xpath: //span/form/div[3]/button/span
Trying to find Element By : By.xpath: //span/form/div[3]/button/span
Found Element By : By.xpath: //span/form/div[3]/button/span
Trying to find Element By : By.xpath: //span/form/div[3]/button/span
Found Element By : By.xpath: //span/form/div[3]/button/span
Trying to find Element By : By.xpath: //span/form/div[3]/button/span
Found Element By : By.xpath: //span/form/div[3]/button/span
Trying to find Element By : By.xpath: //span/form/div[3]/button/span
Found Element By : By.xpath: //span/form/div[3]/button/span
Trying to find Element By : By.xpath: //span/form/div[3]/button/span
Found Element By : By.xpath: //span/form/div[3]/button/span
Trying to find Element By : By.xpath: //span/form/div[3]/button/span
Found Element By : By.xpath: //span/form/div[3]/button/span
Trying to find Element By : By.xpath: //span/form/div[3]/button/span
Found Element By : By.xpath: //span/form/div[3]/button/span
Trying to find Element By : By.xpath: //span/form/div[3]/button/span
Found Element By : By.xpath: //span/form/div[3]/button/span
Trying to find Element By : By.xpath: //span/form/div[3]/button/span
Found Element By : By.xpath: //span/form/div[3]/button/span
Trying to find Element By : By.xpath: //span/form/div[3]/button/span
Found Element By : By.xpath: //span/form/div[3]/button/span
Trying to find Element By : By.xpath: //span/form/div[3]/button/span
Found Element By : By.xpath: //span/form/div[3]/button/span
Trying to find Element By : By.xpath: //span/form/div[3]/button/span
Found Element By : By.xpath: //span/form/div[3]/button/span
Trying to find Element By : By.xpath: //span/form/div[3]/button/span
Found Element By : By.xpath: //span/form/div[3]/button/span
Trying to find Element By : By.xpath: //span/form/div[3]/button/span
Found Element By : By.xpath: //span/form/div[3]/button/span
Trying to find Element By : By.xpath: //span/form/div[3]/button/span
Found Element By : By.xpath: //span/form/div[3]/button/span
Trying to find Element By : By.xpath: //span/form/div[3]/button/span
Found Element By : By.xpath: //span/form/div[3]/button/span
Trying to find Element By : By.xpath: //span/form/div[3]/button/span
Found Element By : By.xpath: //span/form/div[3]/button/span
Trying to find Element By : By.xpath: //span/form/div[3]/button/span
Found Element By : By.xpath: //span/form/div[3]/button/span
Trying to find Element By : By.xpath: //span/form/div[3]/button/span
Found Element By : By.xpath: //span/form/div[3]/button/span
Trying to find Element By : By.xpath: //span/form/div[3]/button/span
Found Element By : By.xpath: //span/form/div[3]/button/span
Trying to find Element By : By.xpath: //span/form/div[3]/button/span
Found Element By : By.xpath: //span/form/div[3]/button/span
Trying to find Element By : By.xpath: //span/form/div[3]/button/span
Found Element By : By.xpath: //span/form/div[3]/button/span
Trying to find Element By : By.xpath: //span/form/div[3]/button/span
Found Element By : By.xpath: //span/form/div[3]/button/span
Trying to find Element By : By.xpath: //span/form/div[3]/button/span
Found Element By : By.xpath: //span/form/div[3]/button/span
Trying to find Element By : By.xpath: //span/form/div[3]/button/span
Found Element By : By.xpath: //span/form/div[3]/button/span
Trying to find Element By : By.xpath: //span/form/div[3]/button/span
Found Element By : By.xpath: //span/form/div[3]/button/span
Trying to find Element By : By.xpath: //span/form/div[3]/button/span
Found Element By : By.xpath: //span/form/div[3]/button/span
Trying to find Element By : By.xpath: //span/form/div[3]/button/span
Found Element By : By.xpath: //span/form/div[3]/button/span
Trying to find Element By : By.xpath: //span/form/div[3]/button/span
Found Element By : By.xpath: //span/form/div[3]/button/span
Trying to find Element By : By.xpath: //span/form/div[3]/button/span
Found Element By : By.xpath: //span/form/div[3]/button/span
Trying to find Element By : By.xpath: //span/form/div[3]/button/span
Found Element By : By.xpath: //span/form/div[3]/button/span
Trying to find Element By : By.xpath: //span/form/div[3]/button/span
Found Element By : By.xpath: //span/form/div[3]/button/span
Trying to find Element By : By.xpath: //span/form/div[3]/button/span
Found Element By : By.xpath: //span/form/div[3]/button/span
Trying to find Element By : By.xpath: //span/form/div[3]/button/span
Found Element By : By.xpath: //span/form/div[3]/button/span
Trying to find Element By : By.xpath: //span/form/div[3]/button/span
Found Element By : By.xpath: //span/form/div[3]/button/span
Trying to find Element By : By.xpath: //span/form/div[3]/button/span
Found Element By : By.xpath: //span/form/div[3]/button/span
Trying to find Element By : By.xpath: //span/form/div[3]/button/span
Found Element By : By.xpath: //span/form/div[3]/button/span
Trying to find Element By : By.xpath: //span/form/div[3]/button/span
Found Element By : By.xpath: //span/form/div[3]/button/span
Trying to find Element By : By.xpath: //span/form/div[3]/button/span
Found Element By : By.xpath: //span/form/div[3]/button/span
Trying to find Element By : By.xpath: //span/form/div[3]/button/span
Found Element By : By.xpath: //span/form/div[3]/button/span
Trying to find Element By : By.xpath: //span/form/div[3]/button/span
Found Element By : By.xpath: //span/form/div[3]/button/span
Trying to find Element By : By.xpath: //span/form/div[3]/button/span
Found Element By : By.xpath: //span/form/div[3]/button/span
Trying to find Element By : By.xpath: //span/form/div[3]/button/span
Found Element By : By.xpath: //span/form/div[3]/button/span
Trying to find Element By : By.xpath: //span/form/div[3]/button/span
Found Element By : By.xpath: //span/form/div[3]/button/span
Trying to find Element By : By.xpath: //span/form/div[3]/button/span
Found Element By : By.xpath: //span/form/div[3]/button/span
Trying to find Element By : By.xpath: //span/form/div[3]/button/span
Found Element By : By.xpath: //span/form/div[3]/button/span
Trying to find Element By : By.xpath: //span/form/div[3]/button/span
Found Element By : By.xpath: //span/form/div[3]/button/span
Trying to find Element By : By.xpath: //span/form/div[3]/button/span
Found Element By : By.xpath: //span/form/div[3]/button/span
Trying to find Element By : By.xpath: //span/form/div[3]/button/span
Found Element By : By.xpath: //span/form/div[3]/button/span
Trying to find Element By : By.xpath: //span/form/div[3]/button/span
Found Element By : By.xpath: //span/form/div[3]/button/span
Trying to find Element By : By.xpath: //span/form/div[3]/button/span
Found Element By : By.xpath: //span/form/div[3]/button/span
Trying to find Element By : By.xpath: //span/form/div[3]/button/span
Found Element By : By.xpath: //span/form/div[3]/button/span
Trying to find Element By : By.xpath: //span/form/div[3]/button/span
Found Element By : By.xpath: //span/form/div[3]/button/span
Trying to find Element By : By.xpath: //span/form/div[3]/button/span
Found Element By : By.xpath: //span/form/div[3]/button/span
Trying to find Element By : By.xpath: //span/form/div[3]/button/span
Found Element By : By.xpath: //span/form/div[3]/button/span
Trying to find Element By : By.xpath: //span/form/div[3]/button/span
Found Element By : By.xpath: //span/form/div[3]/button/span
Trying to find Element By : By.xpath: //span/form/div[3]/button/span
Found Element By : By.xpath: //span/form/div[3]/button/span
Trying to find Element By : By.xpath: //span/form/div[3]/button/span
Found Element By : By.xpath: //span/form/div[3]/button/span
Trying to find Element By : By.xpath: //span/form/div[3]/button/span
Found Element By : By.xpath: //span/form/div[3]/button/span
Trying to find Element By : By.xpath: //span/form/div[3]/button/span
Found Element By : By.xpath: //span/form/div[3]/button/span
Trying to find Element By : By.xpath: //span/form/div[3]/button/span
Found Element By : By.xpath: //span/form/div[3]/button/span
Trying to find Element By : By.xpath: //span/form/div[3]/button/span
Found Element By : By.xpath: //span/form/div[3]/button/span
Trying to find Element By : By.xpath: //span/form/div[3]/button/span
Found Element By : By.xpath: //span/form/div[3]/button/span
Trying to find Element By : By.xpath: //span/form/div[3]/button/span
Found Element By : By.xpath: //span/form/div[3]/button/span
Trying to find Element By : By.xpath: //span/form/div[3]/button/span
Found Element By : By.xpath: //span/form/div[3]/button/span
Trying to find Element By : By.xpath: //span/form/div[3]/button/span
Found Element By : By.xpath: //span/form/div[3]/button/span
Trying to find Element By : By.xpath: //span/form/div[3]/button/span
Found Element By : By.xpath: //span/form/div[3]/button/span
Trying to find Element By : By.xpath: //span/form/div[3]/button/span
Found Element By : By.xpath: //span/form/div[3]/button/span
Trying to find Element By : By.xpath: //span/form/div[3]/button/span
Found Element By : By.xpath: //span/form/div[3]/button/span
Trying to find Element By : By.xpath: //span/form/div[3]/button/span
Found Element By : By.xpath: //span/form/div[3]/button/span
Trying to find Element By : By.xpath: //span/form/div[3]/button/span
Found Element By : By.xpath: //span/form/div[3]/button/span
Trying to find Element By : By.xpath: //span/form/div[3]/button/span
Found Element By : By.xpath: //span/form/div[3]/button/span
Trying to find Element By : By.xpath: //span/form/div[3]/button/span
Found Element By : By.xpath: //span/form/div[3]/button/span
Trying to find Element By : By.xpath: //span/form/div[3]/button/span
Found Element By : By.xpath: //span/form/div[3]/button/span
Trying to find Element By : By.xpath: //span/form/div[3]/button/span
Found Element By : By.xpath: //span/form/div[3]/button/span
Trying to find Element By : By.xpath: //span/form/div[3]/button/span
Found Element By : By.xpath: //span/form/div[3]/button/span
Trying to find Element By : By.xpath: //span/form/div[3]/button/span
Found Element By : By.xpath: //span/form/div[3]/button/span
Trying to find Element By : By.xpath: //span/form/div[3]/button/span
Found Element By : By.xpath: //span/form/div[3]/button/span
Trying to find Element By : By.xpath: //span/form/div[3]/button/span
Found Element By : By.xpath: //span/form/div[3]/button/span
Trying to find Element By : By.xpath: //span/form/div[3]/button/span
Found Element By : By.xpath: //span/form/div[3]/button/span
Trying to find Element By : By.xpath: //span/form/div[3]/button/span
Found Element By : By.xpath: //span/form/div[3]/button/span
Trying to find Element By : By.xpath: //span/form/div[3]/button/span
Found Element By : By.xpath: //span/form/div[3]/button/span
Trying to find Element By : By.xpath: //span/form/div[3]/button/span
Found Element By : By.xpath: //span/form/div[3]/button/span
Trying to find Element By : By.xpath: //span/form/div[3]/button/span
Found Element By : By.xpath: //span/form/div[3]/button/span
Trying to find Element By : By.xpath: //span/form/div[3]/button/span
Found Element By : By.xpath: //span/form/div[3]/button/span
Trying to find Element By : By.xpath: //span/form/div[3]/button/span
Found Element By : By.xpath: //span/form/div[3]/button/span
Trying to find Element By : By.xpath: //span/form/div[3]/button/span
Found Element By : By.xpath: //span/form/div[3]/button/span
Trying to find Element By : By.xpath: //span/form/div[3]/button/span
Found Element By : By.xpath: //span/form/div[3]/button/span
Trying to find Element By : By.xpath: //span/form/div[3]/button/span
Found Element By : By.xpath: //span/form/div[3]/button/span
Trying to find Element By : By.xpath: //span/form/div[3]/button/span
Found Element By : By.xpath: //span/form/div[3]/button/span
Trying to find Element By : By.xpath: //span/form/div[3]/button/span
Found Element By : By.xpath: //span/form/div[3]/button/span
Trying to find Element By : By.xpath: //span/form/div[3]/button/span
Found Element By : By.xpath: //span/form/div[3]/button/span
Trying to find Element By : By.xpath: //span/form/div[3]/button/span
Found Element By : By.xpath: //span/form/div[3]/button/span
Trying to find Element By : By.xpath: //span/form/div[3]/button/span
Found Element By : By.xpath: //span/form/div[3]/button/span
Trying to find Element By : By.xpath: //span/form/div[3]/button/span
Found Element By : By.xpath: //span/form/div[3]/button/span
Trying to find Element By : By.xpath: //span/form/div[3]/button/span
Found Element By : By.xpath: //span/form/div[3]/button/span
Trying to find Element By : By.xpath: //span/form/div[3]/button/span
Found Element By : By.xpath: //span/form/div[3]/button/span
Trying to find Element By : By.xpath: //span/form/div[3]/button/span
Found Element By : By.xpath: //span/form/div[3]/button/span
Trying to find Element By : By.xpath: //span/form/div[3]/button/span
Found Element By : By.xpath: //span/form/div[3]/button/span
Trying to find Element By : By.xpath: //span/form/div[3]/button/span
Found Element By : By.xpath: //span/form/div[3]/button/span
Trying to find Element By : By.xpath: //span/form/div[3]/button/span
Found Element By : By.xpath: //span/form/div[3]/button/span
Trying to find Element By : By.xpath: //span/form/div[3]/button/span
Found Element By : By.xpath: //span/form/div[3]/button/span
Trying to find Element By : By.xpath: //span/form/div[3]/button/span
Found Element By : By.xpath: //span/form/div[3]/button/span
Trying to find Element By : By.xpath: //span/form/div[3]/button/span
Found Element By : By.xpath: //span/form/div[3]/button/span
Trying to find Element By : By.xpath: //span/form/div[3]/button/span
Found Element By : By.xpath: //span/form/div[3]/button/span
Trying to find Element By : By.xpath: //span/form/div[3]/button/span
Found Element By : By.xpath: //span/form/div[3]/button/span
Trying to find Element By : By.xpath: //span/form/div[3]/button/span
Found Element By : By.xpath: //span/form/div[3]/button/span
Trying to find Element By : By.xpath: //span/form/div[3]/button/span
Found Element By : By.xpath: //span/form/div[3]/button/span
Trying to find Element By : By.xpath: //span/form/div[3]/button/span
Found Element By : By.xpath: //span/form/div[3]/button/span
Trying to find Element By : By.xpath: //span/form/div[3]/button/span
Found Element By : By.xpath: //span/form/div[3]/button/span
Trying to find Element By : By.xpath: //span/form/div[3]/button/span
Found Element By : By.xpath: //span/form/div[3]/button/span
Trying to find Element By : By.xpath: //span/form/div[3]/button/span
Found Element By : By.xpath: //span/form/div[3]/button/span
Trying to find Element By : By.xpath: //span/form/div[3]/button/span
Found Element By : By.xpath: //span/form/div[3]/button/span
Trying to find Element By : By.xpath: //span/form/div[3]/button/span
Found Element By : By.xpath: //span/form/div[3]/button/span
Trying to find Element By : By.xpath: //span/form/div[3]/button/span
Found Element By : By.xpath: //span/form/div[3]/button/span
Trying to find Element By : By.xpath: //span/form/div[3]/button/span
Found Element By : By.xpath: //span/form/div[3]/button/span
Trying to find Element By : By.xpath: //span/form/div[3]/button/span
Found Element By : By.xpath: //span/form/div[3]/button/span
Trying to find Element By : By.xpath: //span/form/div[3]/button/span
Found Element By : By.xpath: //span/form/div[3]/button/span
Trying to find Element By : By.xpath: //span/form/div[3]/button/span
Found Element By : By.xpath: //span/form/div[3]/button/span
Trying to find Element By : By.xpath: //span/form/div[3]/button/span
Found Element By : By.xpath: //span/form/div[3]/button/span
Trying to find Element By : By.xpath: //span/form/div[3]/button/span
Found Element By : By.xpath: //span/form/div[3]/button/span
Trying to find Element By : By.xpath: //span/form/div[3]/button/span
Found Element By : By.xpath: //span/form/div[3]/button/span
Trying to find Element By : By.xpath: //span/form/div[3]/button/span
Found Element By : By.xpath: //span/form/div[3]/button/span
Trying to find Element By : By.xpath: //span/form/div[3]/button/span
Found Element By : By.xpath: //span/form/div[3]/button/span
Trying to find Element By : By.xpath: //span/form/div[3]/button/span
Found Element By : By.xpath: //span/form/div[3]/button/span
Trying to find Element By : By.xpath: //span/form/div[3]/button/span
Found Element By : By.xpath: //span/form/div[3]/button/span
Trying to find Element By : By.xpath: //span/form/div[3]/button/span
Found Element By : By.xpath: //span/form/div[3]/button/span
Trying to find Element By : By.xpath: //span/form/div[3]/button/span
Found Element By : By.xpath: //span/form/div[3]/button/span
Trying to find Element By : By.xpath: //span/form/div[3]/button/span
Found Element By : By.xpath: //span/form/div[3]/button/span
Trying to find Element By : By.xpath: //span/form/div[3]/button/span
Found Element By : By.xpath: //span/form/div[3]/button/span
Trying to find Element By : By.xpath: //span/form/div[3]/button/span
Found Element By : By.xpath: //span/form/div[3]/button/span
Trying to find Element By : By.xpath: //span/form/div[3]/button/span
Found Element By : By.xpath: //span/form/div[3]/button/span
Trying to find Element By : By.xpath: //span/form/div[3]/button/span
Found Element By : By.xpath: //span/form/div[3]/button/span
Trying to find Element By : By.xpath: //span/form/div[3]/button/span
Found Element By : By.xpath: //span/form/div[3]/button/span
Trying to find Element By : By.xpath: //span/form/div[3]/button/span
Found Element By : By.xpath: //span/form/div[3]/button/span
Trying to find Element By : By.xpath: //span/form/div[3]/button/span
Found Element By : By.xpath: //span/form/div[3]/button/span
Trying to find Element By : By.xpath: //span/form/div[3]/button/span
Found Element By : By.xpath: //span/form/div[3]/button/span
Trying to find Element By : By.xpath: //span/form/div[3]/button/span
Found Element By : By.xpath: //span/form/div[3]/button/span
Trying to find Element By : By.xpath: //span/form/div[3]/button/span
Found Element By : By.xpath: //span/form/div[3]/button/span
Trying to find Element By : By.xpath: //span/form/div[3]/button/span
Found Element By : By.xpath: //span/form/div[3]/button/span
Trying to find Element By : By.xpath: //span/form/div[3]/button/span
Found Element By : By.xpath: //span/form/div[3]/button/span
Trying to find Element By : By.xpath: //span/form/div[3]/button/span
Found Element By : By.xpath: //span/form/div[3]/button/span
Trying to find Element By : By.xpath: //span/form/div[3]/button/span
Found Element By : By.xpath: //span/form/div[3]/button/span
Trying to find Element By : By.xpath: //span/form/div[3]/button/span
Found Element By : By.xpath: //span/form/div[3]/button/span
Trying to find Element By : By.xpath: //span/form/div[3]/button/span
Found Element By : By.xpath: //span/form/div[3]/button/span
Trying to find Element By : By.xpath: //span/form/div[3]/button/span
Found Element By : By.xpath: //span/form/div[3]/button/span
Trying to find Element By : By.xpath: //span/form/div[3]/button/span
Found Element By : By.xpath: //span/form/div[3]/button/span
Trying to find Element By : By.xpath: //span/form/div[3]/button/span
Found Element By : By.xpath: //span/form/div[3]/button/span
Trying to find Element By : By.xpath: //span/form/div[3]/button/span
Found Element By : By.xpath: //span/form/div[3]/button/span
Trying to find Element By : By.xpath: //span/form/div[3]/button/span
Found Element By : By.xpath: //span/form/div[3]/button/span
Trying to find Element By : By.xpath: //span/form/div[3]/button/span
Found Element By : By.xpath: //span/form/div[3]/button/span
Trying to find Element By : By.xpath: //span/form/div[3]/button/span
Found Element By : By.xpath: //span/form/div[3]/button/span
Trying to find Element By : By.xpath: //span/form/div[3]/button/span
Found Element By : By.xpath: //span/form/div[3]/button/span
Trying to find Element By : By.xpath: //span/form/div[3]/button/span
Found Element By : By.xpath: //span/form/div[3]/button/span
Trying to find Element By : By.xpath: //span/form/div[3]/button/span
Found Element By : By.xpath: //span/form/div[3]/button/span
Trying to find Element By : By.xpath: //span/form/div[3]/button/span
Found Element By : By.xpath: //span/form/div[3]/button/span
Trying to find Element By : By.xpath: //span/form/div[3]/button/span
Found Element By : By.xpath: //span/form/div[3]/button/span
Trying to find Element By : By.xpath: //span/form/div[3]/button/span
Found Element By : By.xpath: //span/form/div[3]/button/span
Trying to find Element By : By.xpath: //span/form/div[3]/button/span
Found Element By : By.xpath: //span/form/div[3]/button/span
Trying to find Element By : By.xpath: //span/form/div[3]/button/span
Found Element By : By.xpath: //span/form/div[3]/button/span
Trying to find Element By : By.xpath: //span/form/div[3]/button/span
Found Element By : By.xpath: //span/form/div[3]/button/span
Trying to find Element By : By.xpath: //span/form/div[3]/button/span
Found Element By : By.xpath: //span/form/div[3]/button/span
Trying to find Element By : By.xpath: //span/form/div[3]/button/span
Found Element By : By.xpath: //span/form/div[3]/button/span
Trying to find Element By : By.xpath: //span/form/div[3]/button/span
Found Element By : By.xpath: //span/form/div[3]/button/span
Trying to find Element By : By.xpath: //span/form/div[3]/button/span
Found Element By : By.xpath: //span/form/div[3]/button/span
Trying to find Element By : By.xpath: //span/form/div[3]/button/span
Found Element By : By.xpath: //span/form/div[3]/button/span
Trying to find Element By : By.xpath: //span/form/div[3]/button/span
Found Element By : By.xpath: //span/form/div[3]/button/span
Trying to find Element By : By.xpath: //span/form/div[3]/button/span
Found Element By : By.xpath: //span/form/div[3]/button/span
Trying to find Element By : By.xpath: //span/form/div[3]/button/span
Found Element By : By.xpath: //span/form/div[3]/button/span
Trying to find Element By : By.xpath: //span/form/div[3]/button/span
Found Element By : By.xpath: //span/form/div[3]/button/span
Trying to find Element By : By.xpath: //span/form/div[3]/button/span
Found Element By : By.xpath: //span/form/div[3]/button/span
Trying to find Element By : By.xpath: //span/form/div[3]/button/span
Found Element By : By.xpath: //span/form/div[3]/button/span
Trying to find Element By : By.xpath: //span/form/div[3]/button/span
Found Element By : By.xpath: //span/form/div[3]/button/span
Trying to find Element By : By.xpath: //span/form/div[3]/button/span
Found Element By : By.xpath: //span/form/div[3]/button/span
Trying to find Element By : By.xpath: //span/form/div[3]/button/span
Found Element By : By.xpath: //span/form/div[3]/button/span
Trying to find Element By : By.xpath: //span/form/div[3]/button/span
Found Element By : By.xpath: //span/form/div[3]/button/span
Trying to find Element By : By.xpath: //span/form/div[3]/button/span
Found Element By : By.xpath: //span/form/div[3]/button/span
Trying to find Element By : By.xpath: //span/form/div[3]/button/span
Found Element By : By.xpath: //span/form/div[3]/button/span
Trying to find Element By : By.xpath: //span/form/div[3]/button/span
Found Element By : By.xpath: //span/form/div[3]/button/span
Trying to find Element By : By.xpath: //span/form/div[3]/button/span
Found Element By : By.xpath: //span/form/div[3]/button/span
Trying to find Element By : By.xpath: //span/form/div[3]/button/span
Found Element By : By.xpath: //span/form/div[3]/button/span
Trying to find Element By : By.xpath: //span/form/div[3]/button/span
Found Element By : By.xpath: //span/form/div[3]/button/span
Trying to find Element By : By.xpath: //span/form/div[3]/button/span
Found Element By : By.xpath: //span/form/div[3]/button/span
Trying to find Element By : By.xpath: //span/form/div[3]/button/span
Found Element By : By.xpath: //span/form/div[3]/button/span
Trying to find Element By : By.xpath: //span/form/div[3]/button/span
Found Element By : By.xpath: //span/form/div[3]/button/span
Trying to find Element By : By.xpath: //span/form/div[3]/button/span
Found Element By : By.xpath: //span/form/div[3]/button/span
Trying to find Element By : By.xpath: //span/form/div[3]/button/span
Found Element By : By.xpath: //span/form/div[3]/button/span
Trying to find Element By : By.xpath: //span/form/div[3]/button/span
Found Element By : By.xpath: //span/form/div[3]/button/span
Trying to find Element By : By.xpath: //span/form/div[3]/button/span
Found Element By : By.xpath: //span/form/div[3]/button/span
Trying to find Element By : By.xpath: //span/form/div[3]/button/span
Found Element By : By.xpath: //span/form/div[3]/button/span
Trying to find Element By : By.xpath: //span/form/div[3]/button/span
Found Element By : By.xpath: //span/form/div[3]/button/span
Trying to find Element By : By.xpath: //span/form/div[3]/button/span
Found Element By : By.xpath: //span/form/div[3]/button/span
Trying to find Element By : By.xpath: //span/form/div[3]/button/span
Found Element By : By.xpath: //span/form/div[3]/button/span
Trying to find Element By : By.xpath: //span/form/div[3]/button/span
Found Element By : By.xpath: //span/form/div[3]/button/span
Trying to find Element By : By.xpath: //span/form/div[3]/button/span
Found Element By : By.xpath: //span/form/div[3]/button/span
Trying to find Element By : By.xpath: //span/form/div[3]/button/span
Found Element By : By.xpath: //span/form/div[3]/button/span
Trying to find Element By : By.xpath: //span/form/div[3]/button/span
Found Element By : By.xpath: //span/form/div[3]/button/span
Trying to find Element By : By.xpath: //span/form/div[3]/button/span
Found Element By : By.xpath: //span/form/div[3]/button/span
Trying to find Element By : By.xpath: //span/form/div[3]/button/span
Found Element By : By.xpath: //span/form/div[3]/button/span
Trying to find Element By : By.xpath: //span/form/div[3]/button/span
Found Element By : By.xpath: //span/form/div[3]/button/span
Trying to find Element By : By.xpath: //span/form/div[3]/button/span
Found Element By : By.xpath: //span/form/div[3]/button/span
Trying to find Element By : By.xpath: //span/form/div[3]/button/span
Found Element By : By.xpath: //span/form/div[3]/button/span
Trying to find Element By : By.xpath: //span/form/div[3]/button/span
Found Element By : By.xpath: //span/form/div[3]/button/span
Trying to find Element By : By.xpath: //span/form/div[3]/button/span
Found Element By : By.xpath: //span/form/div[3]/button/span
Trying to find Element By : By.xpath: //span/form/div[3]/button/span
Found Element By : By.xpath: //span/form/div[3]/button/span
Trying to find Element By : By.xpath: //span/form/div[3]/button/span
Found Element By : By.xpath: //span/form/div[3]/button/span
Trying to find Element By : By.xpath: //span/form/div[3]/button/span
Found Element By : By.xpath: //span/form/div[3]/button/span
Trying to find Element By : By.xpath: //span/form/div[3]/button/span
Found Element By : By.xpath: //span/form/div[3]/button/span
Trying to find Element By : By.xpath: //span/form/div[3]/button/span
Found Element By : By.xpath: //span/form/div[3]/button/span
Trying to find Element By : By.xpath: //span/form/div[3]/button/span
Found Element By : By.xpath: //span/form/div[3]/button/span
Trying to find Element By : By.xpath: //span/form/div[3]/button/span
Found Element By : By.xpath: //span/form/div[3]/button/span
Trying to find Element By : By.xpath: //span/form/div[3]/button/span
Found Element By : By.xpath: //span/form/div[3]/button/span
Trying to find Element By : By.xpath: //span/form/div[3]/button/span
Found Element By : By.xpath: //span/form/div[3]/button/span
Trying to find Element By : By.xpath: //span/form/div[3]/button/span
Found Element By : By.xpath: //span/form/div[3]/button/span
Trying to find Element By : By.xpath: //span/form/div[3]/button/span
Found Element By : By.xpath: //span/form/div[3]/button/span
Trying to find Element By : By.xpath: //span/form/div[3]/button/span
Found Element By : By.xpath: //span/form/div[3]/button/span
Trying to find Element By : By.xpath: //span/form/div[3]/button/span
Found Element By : By.xpath: //span/form/div[3]/button/span
Trying to find Element By : By.xpath: //span/form/div[3]/button/span
Found Element By : By.xpath: //span/form/div[3]/button/span
Trying to find Element By : By.xpath: //span/form/div[3]/button/span
Found Element By : By.xpath: //span/form/div[3]/button/span
Trying to find Element By : By.xpath: //span/form/div[3]/button/span
Found Element By : By.xpath: //span/form/div[3]/button/span
Trying to find Element By : By.xpath: //span/form/div[3]/button/span
Found Element By : By.xpath: //span/form/div[3]/button/span
Trying to find Element By : By.xpath: //span/form/div[3]/button/span
Found Element By : By.xpath: //span/form/div[3]/button/span
Trying to find Element By : By.xpath: //span/form/div[3]/button/span
Found Element By : By.xpath: //span/form/div[3]/button/span
Trying to find Element By : By.xpath: //span/form/div[3]/button/span
Found Element By : By.xpath: //span/form/div[3]/button/span
Trying to find Element By : By.xpath: //span/form/div[3]/button/span
Found Element By : By.xpath: //span/form/div[3]/button/span
Trying to find Element By : By.xpath: //span/form/div[3]/button/span
Found Element By : By.xpath: //span/form/div[3]/button/span
Trying to find Element By : By.xpath: //span/form/div[3]/button/span
Found Element By : By.xpath: //span/form/div[3]/button/span
Trying to find Element By : By.xpath: //span/form/div[3]/button/span
Found Element By : By.xpath: //span/form/div[3]/button/span
Trying to find Element By : By.xpath: //span/form/div[3]/button/span
Found Element By : By.xpath: //span/form/div[3]/button/span
Trying to find Element By : By.xpath: //span/form/div[3]/button/span
Found Element By : By.xpath: //span/form/div[3]/button/span
Trying to find Element By : By.xpath: //span/form/div[3]/button/span
Found Element By : By.xpath: //span/form/div[3]/button/span
Trying to find Element By : By.xpath: //span/form/div[3]/button/span
Found Element By : By.xpath: //span/form/div[3]/button/span
Trying to find Element By : By.xpath: //span/form/div[3]/button/span
Found Element By : By.xpath: //span/form/div[3]/button/span
Trying to find Element By : By.xpath: //span/form/div[3]/button/span
Found Element By : By.xpath: //span/form/div[3]/button/span
Trying to find Element By : By.xpath: //span/form/div[3]/button/span
Found Element By : By.xpath: //span/form/div[3]/button/span
Trying to find Element By : By.xpath: //span/form/div[3]/button/span
Found Element By : By.xpath: //span/form/div[3]/button/span
Trying to find Element By : By.xpath: //span/form/div[3]/button/span
Found Element By : By.xpath: //span/form/div[3]/button/span
Trying to find Element By : By.xpath: //span/form/div[3]/button/span
Found Element By : By.xpath: //span/form/div[3]/button/span
Trying to find Element By : By.xpath: //span/form/div[3]/button/span
Found Element By : By.xpath: //span/form/div[3]/button/span
Trying to find Element By : By.xpath: //span/form/div[3]/button/span
Found Element By : By.xpath: //span/form/div[3]/button/span
Trying to find Element By : By.xpath: //span/form/div[3]/button/span
Found Element By : By.xpath: //span/form/div[3]/button/span
Trying to find Element By : By.xpath: //span/form/div[3]/button/span
Found Element By : By.xpath: //span/form/div[3]/button/span
Trying to find Element By : By.xpath: //span/form/div[3]/button/span
Found Element By : By.xpath: //span/form/div[3]/button/span
Trying to find Element By : By.xpath: //span/form/div[3]/button/span
Found Element By : By.xpath: //span/form/div[3]/button/span
Trying to find Element By : By.xpath: //span/form/div[3]/button/span
Found Element By : By.xpath: //span/form/div[3]/button/span
Trying to find Element By : By.xpath: //span/form/div[3]/button/span
Found Element By : By.xpath: //span/form/div[3]/button/span
Trying to find Element By : By.xpath: //span/form/div[3]/button/span
Found Element By : By.xpath: //span/form/div[3]/button/span
Trying to find Element By : By.xpath: //span/form/div[3]/button/span
Found Element By : By.xpath: //span/form/div[3]/button/span
Trying to find Element By : By.xpath: //span/form/div[3]/button/span
Found Element By : By.xpath: //span/form/div[3]/button/span
Trying to find Element By : By.xpath: //span/form/div[3]/button/span
Found Element By : By.xpath: //span/form/div[3]/button/span
Trying to find Element By : By.xpath: //span/form/div[3]/button/span
Found Element By : By.xpath: //span/form/div[3]/button/span
Trying to find Element By : By.xpath: //span/form/div[3]/button/span
Found Element By : By.xpath: //span/form/div[3]/button/span
Trying to find Element By : By.xpath: //span/form/div[3]/button/span
Found Element By : By.xpath: //span/form/div[3]/button/span
Trying to find Element By : By.xpath: //span/form/div[3]/button/span
Found Element By : By.xpath: //span/form/div[3]/button/span
Trying to find Element By : By.xpath: //span/form/div[3]/button/span
Found Element By : By.xpath: //span/form/div[3]/button/span
Trying to find Element By : By.xpath: //span/form/div[3]/button/span
Found Element By : By.xpath: //span/form/div[3]/button/span
Trying to find Element By : By.xpath: //span/form/div[3]/button/span
Found Element By : By.xpath: //span/form/div[3]/button/span
Trying to find Element By : By.xpath: //span/form/div[3]/button/span
Found Element By : By.xpath: //span/form/div[3]/button/span
Trying to find Element By : By.xpath: //span/form/div[3]/button/span
Found Element By : By.xpath: //span/form/div[3]/button/span
Trying to find Element By : By.xpath: //span/form/div[3]/button/span
Found Element By : By.xpath: //span/form/div[3]/button/span
Trying to find Element By : By.xpath: //span/form/div[3]/button/span
Found Element By : By.xpath: //span/form/div[3]/button/span
Trying to find Element By : By.xpath: //span/form/div[3]/button/span
Found Element By : By.xpath: //span/form/div[3]/button/span
Trying to find Element By : By.xpath: //span/form/div[3]/button/span
Found Element By : By.xpath: //span/form/div[3]/button/span
Trying to find Element By : By.xpath: //span/form/div[3]/button/span
Found Element By : By.xpath: //span/form/div[3]/button/span
Trying to find Element By : By.xpath: //span/form/div[3]/button/span
Found Element By : By.xpath: //span/form/div[3]/button/span
Trying to find Element By : By.xpath: //span/form/div[3]/button/span
Found Element By : By.xpath: //span/form/div[3]/button/span
Trying to find Element By : By.xpath: //span/form/div[3]/button/span
Found Element By : By.xpath: //span/form/div[3]/button/span
Trying to find Element By : By.xpath: //span/form/div[3]/button/span
Found Element By : By.xpath: //span/form/div[3]/button/span
Trying to find Element By : By.xpath: //span/form/div[3]/button/span
Found Element By : By.xpath: //span/form/div[3]/button/span
Trying to find Element By : By.xpath: //span/form/div[3]/button/span
Found Element By : By.xpath: //span/form/div[3]/button/span
Trying to find Element By : By.xpath: //span/form/div[3]/button/span
Found Element By : By.xpath: //span/form/div[3]/button/span
Trying to find Element By : By.xpath: //span/form/div[3]/button/span
Found Element By : By.xpath: //span/form/div[3]/button/span
Trying to find Element By : By.xpath: //span/form/div[3]/button/span
Found Element By : By.xpath: //span/form/div[3]/button/span
Trying to find Element By : By.xpath: //span/form/div[3]/button/span
Found Element By : By.xpath: //span/form/div[3]/button/span
Trying to find Element By : By.xpath: //span/form/div[3]/button/span
Found Element By : By.xpath: //span/form/div[3]/button/span
Trying to find Element By : By.xpath: //span/form/div[3]/button/span
Found Element By : By.xpath: //span/form/div[3]/button/span
Trying to find Element By : By.xpath: //span/form/div[3]/button/span
Found Element By : By.xpath: //span/form/div[3]/button/span
Trying to find Element By : By.xpath: //span/form/div[3]/button/span
Found Element By : By.xpath: //span/form/div[3]/button/span
Trying to find Element By : By.xpath: //span/form/div[3]/button/span
Found Element By : By.xpath: //span/form/div[3]/button/span
Trying to find Element By : By.xpath: //span/form/div[3]/button/span
Found Element By : By.xpath: //span/form/div[3]/button/span
Trying to find Element By : By.xpath: //span/form/div[3]/button/span
Found Element By : By.xpath: //span/form/div[3]/button/span
Trying to find Element By : By.xpath: //span/form/div[3]/button/span
Found Element By : By.xpath: //span/form/div[3]/button/span
Trying to find Element By : By.xpath: //span/form/div[3]/button/span
Found Element By : By.xpath: //span/form/div[3]/button/span
Trying to find Element By : By.xpath: //span/form/div[3]/button/span
Found Element By : By.xpath: //span/form/div[3]/button/span
Trying to find Element By : By.xpath: //span/form/div[3]/button/span
Found Element By : By.xpath: //span/form/div[3]/button/span
Trying to find Element By : By.xpath: //span/form/div[3]/button/span
Found Element By : By.xpath: //span/form/div[3]/button/span
Trying to find Element By : By.xpath: //span/form/div[3]/button/span
Found Element By : By.xpath: //span/form/div[3]/button/span
Trying to find Element By : By.xpath: //span/form/div[3]/button/span
Found Element By : By.xpath: //span/form/div[3]/button/span
Trying to find Element By : By.xpath: //span/form/div[3]/button/span
Found Element By : By.xpath: //span/form/div[3]/button/span
Trying to find Element By : By.xpath: //span/form/div[3]/button/span
Found Element By : By.xpath: //span/form/div[3]/button/span
Trying to find Element By : By.xpath: //span/form/div[3]/button/span
Found Element By : By.xpath: //span/form/div[3]/button/span
Trying to find Element By : By.xpath: //span/form/div[3]/button/span
Found Element By : By.xpath: //span/form/div[3]/button/span
Trying to find Element By : By.xpath: //span/form/div[3]/button/span
Found Element By : By.xpath: //span/form/div[3]/button/span
Trying to find Element By : By.xpath: //span/form/div[3]/button/span
Found Element By : By.xpath: //span/form/div[3]/button/span
Trying to find Element By : By.xpath: //span/form/div[3]/button/span
Found Element By : By.xpath: //span/form/div[3]/button/span
Trying to find Element By : By.xpath: //span/form/div[3]/button/span
Found Element By : By.xpath: //span/form/div[3]/button/span
Trying to find Element By : By.xpath: //span/form/div[3]/button/span
Found Element By : By.xpath: //span/form/div[3]/button/span
Trying to find Element By : By.xpath: //span/form/div[3]/button/span
Found Element By : By.xpath: //span/form/div[3]/button/span
Trying to find Element By : By.xpath: //span/form/div[3]/button/span
Found Element By : By.xpath: //span/form/div[3]/button/span
Trying to find Element By : By.xpath: //span/form/div[3]/button/span
Found Element By : By.xpath: //span/form/div[3]/button/span
Trying to find Element By : By.xpath: //span/form/div[3]/button/span
Found Element By : By.xpath: //span/form/div[3]/button/span
Trying to find Element By : By.xpath: //span/form/div[3]/button/span
Found Element By : By.xpath: //span/form/div[3]/button/span
Trying to find Element By : By.xpath: //span/form/div[3]/button/span
Found Element By : By.xpath: //span/form/div[3]/button/span
Trying to find Element By : By.xpath: //span/form/div[3]/button/span
Found Element By : By.xpath: //span/form/div[3]/button/span
Trying to find Element By : By.xpath: //span/form/div[3]/button/span
Found Element By : By.xpath: //span/form/div[3]/button/span
Trying to find Element By : By.xpath: //span/form/div[3]/button/span
Found Element By : By.xpath: //span/form/div[3]/button/span
Trying to find Element By : By.xpath: //span/form/div[3]/button/span
Found Element By : By.xpath: //span/form/div[3]/button/span
Trying to find Element By : By.xpath: //span/form/div[3]/button/span
Found Element By : By.xpath: //span/form/div[3]/button/span
Trying to find Element By : By.xpath: //span/form/div[3]/button/span
Found Element By : By.xpath: //span/form/div[3]/button/span
Trying to find Element By : By.xpath: //span/form/div[3]/button/span
Found Element By : By.xpath: //span/form/div[3]/button/span
Trying to find Element By : By.xpath: //span/form/div[3]/button/span
Found Element By : By.xpath: //span/form/div[3]/button/span
Trying to find Element By : By.xpath: //span/form/div[3]/button/span
Found Element By : By.xpath: //span/form/div[3]/button/span
Trying to find Element By : By.xpath: //span/form/div[3]/button/span
Found Element By : By.xpath: //span/form/div[3]/button/span
Trying to find Element By : By.xpath: //span/form/div[3]/button/span
Found Element By : By.xpath: //span/form/div[3]/button/span
Trying to find Element By : By.xpath: //span/form/div[3]/button/span
Found Element By : By.xpath: //span/form/div[3]/button/span
Trying to find Element By : By.xpath: //span/form/div[3]/button/span
Found Element By : By.xpath: //span/form/div[3]/button/span
Trying to find Element By : By.xpath: //span/form/div[3]/button/span
Found Element By : By.xpath: //span/form/div[3]/button/span
Trying to find Element By : By.xpath: //span/form/div[3]/button/span
Found Element By : By.xpath: //span/form/div[3]/button/span
Trying to find Element By : By.xpath: //span/form/div[3]/button/span
Found Element By : By.xpath: //span/form/div[3]/button/span
Trying to find Element By : By.xpath: //span/form/div[3]/button/span
Found Element By : By.xpath: //span/form/div[3]/button/span
Trying to find Element By : By.xpath: //span/form/div[3]/button/span
Found Element By : By.xpath: //span/form/div[3]/button/span
Trying to find Element By : By.xpath: //span/form/div[3]/button/span
Found Element By : By.xpath: //span/form/div[3]/button/span
Trying to find Element By : By.xpath: //span/form/div[3]/button/span
Found Element By : By.xpath: //span/form/div[3]/button/span
Trying to find Element By : By.xpath: //span/form/div[3]/button/span
Found Element By : By.xpath: //span/form/div[3]/button/span
Trying to find Element By : By.xpath: //span/form/div[3]/button/span
Found Element By : By.xpath: //span/form/div[3]/button/span
Trying to find Element By : By.xpath: //span/form/div[3]/button/span
Found Element By : By.xpath: //span/form/div[3]/button/span
Trying to find Element By : By.xpath: //span/form/div[3]/button/span
Found Element By : By.xpath: //span/form/div[3]/button/span
Trying to find Element By : By.xpath: //span/form/div[3]/button/span
Found Element By : By.xpath: //span/form/div[3]/button/span
Trying to find Element By : By.xpath: //span/form/div[3]/button/span
Found Element By : By.xpath: //span/form/div[3]/button/span
Trying to find Element By : By.xpath: //span/form/div[3]/button/span
Found Element By : By.xpath: //span/form/div[3]/button/span
Trying to find Element By : By.xpath: //span/form/div[3]/button/span
Found Element By : By.xpath: //span/form/div[3]/button/span
Trying to find Element By : By.xpath: //span/form/div[3]/button/span
Found Element By : By.xpath: //span/form/div[3]/button/span
Trying to find Element By : By.xpath: //span/form/div[3]/button/span
Found Element By : By.xpath: //span/form/div[3]/button/span
Trying to find Element By : By.xpath: //span/form/div[3]/button/span
Found Element By : By.xpath: //span/form/div[3]/button/span
Trying to find Element By : By.xpath: //span/form/div[3]/button/span
Found Element By : By.xpath: //span/form/div[3]/button/span
Trying to find Element By : By.xpath: //span/form/div[3]/button/span
Found Element By : By.xpath: //span/form/div[3]/button/span
Trying to find Element By : By.xpath: //span/form/div[3]/button/span
Found Element By : By.xpath: //span/form/div[3]/button/span
Trying to find Element By : By.xpath: //span/form/div[3]/button/span
Found Element By : By.xpath: //span/form/div[3]/button/span
Trying to find Element By : By.xpath: //span/form/div[3]/button/span
Found Element By : By.xpath: //span/form/div[3]/button/span
Trying to find Element By : By.xpath: //span/form/div[3]/button/span
Found Element By : By.xpath: //span/form/div[3]/button/span
Trying to find Element By : By.xpath: //span/form/div[3]/button/span
Found Element By : By.xpath: //span/form/div[3]/button/span
Trying to find Element By : By.xpath: //span/form/div[3]/button/span
Found Element By : By.xpath: //span/form/div[3]/button/span
Trying to find Element By : By.xpath: //span/form/div[3]/button/span
Found Element By : By.xpath: //span/form/div[3]/button/span
Trying to find Element By : By.xpath: //span/form/div[3]/button/span
Found Element By : By.xpath: //span/form/div[3]/button/span
Trying to find Element By : By.xpath: //span/form/div[3]/button/span
Found Element By : By.xpath: //span/form/div[3]/button/span
Trying to find Element By : By.xpath: //span/form/div[3]/button/span
Found Element By : By.xpath: //span/form/div[3]/button/span
Trying to find Element By : By.xpath: //span/form/div[3]/button/span
Found Element By : By.xpath: //span/form/div[3]/button/span
Trying to find Element By : By.xpath: //span/form/div[3]/button/span
Found Element By : By.xpath: //span/form/div[3]/button/span
Trying to find Element By : By.xpath: //span/form/div[3]/button/span
Found Element By : By.xpath: //span/form/div[3]/button/span
Trying to find Element By : By.xpath: //span/form/div[3]/button/span
Found Element By : By.xpath: //span/form/div[3]/button/span
Trying to find Element By : By.xpath: //span/form/div[3]/button/span
Found Element By : By.xpath: //span/form/div[3]/button/span
Trying to find Element By : By.xpath: //span/form/div[3]/button/span
Found Element By : By.xpath: //span/form/div[3]/button/span
Trying to find Element By : By.xpath: //span/form/div[3]/button/span
Found Element By : By.xpath: //span/form/div[3]/button/span
Trying to find Element By : By.xpath: //span/form/div[3]/button/span
Found Element By : By.xpath: //span/form/div[3]/button/span
Trying to find Element By : By.xpath: //span/form/div[3]/button/span
Found Element By : By.xpath: //span/form/div[3]/button/span
Trying to find Element By : By.xpath: //span/form/div[3]/button/span
Found Element By : By.xpath: //span/form/div[3]/button/span
Trying to find Element By : By.xpath: //span/form/div[3]/button/span
Found Element By : By.xpath: //span/form/div[3]/button/span
Trying to find Element By : By.xpath: //span/form/div[3]/button/span
Found Element By : By.xpath: //span/form/div[3]/button/span
Trying to find Element By : By.xpath: //span/form/div[3]/button/span
Found Element By : By.xpath: //span/form/div[3]/button/span
Trying to find Element By : By.xpath: //span/form/div[3]/button/span
Found Element By : By.xpath: //span/form/div[3]/button/span
Trying to find Element By : By.xpath: //span/form/div[3]/button/span
Found Element By : By.xpath: //span/form/div[3]/button/span
Trying to find Element By : By.xpath: //span/form/div[3]/button/span
Found Element By : By.xpath: //span/form/div[3]/button/span
Trying to find Element By : By.xpath: //span/form/div[3]/button/span
Found Element By : By.xpath: //span/form/div[3]/button/span
Trying to find Element By : By.xpath: //span/form/div[3]/button/span
Found Element By : By.xpath: //span/form/div[3]/button/span
Trying to find Element By : By.xpath: //span/form/div[3]/button/span
Found Element By : By.xpath: //span/form/div[3]/button/span
Trying to find Element By : By.xpath: //span/form/div[3]/button/span
Found Element By : By.xpath: //span/form/div[3]/button/span
Trying to find Element By : By.xpath: //span/form/div[3]/button/span
Found Element By : By.xpath: //span/form/div[3]/button/span
Trying to find Element By : By.xpath: //span/form/div[3]/button/span
Found Element By : By.xpath: //span/form/div[3]/button/span
Trying to find Element By : By.xpath: //span/form/div[3]/button/span
Found Element By : By.xpath: //span/form/div[3]/button/span
Trying to find Element By : By.xpath: //span/form/div[3]/button/span
Found Element By : By.xpath: //span/form/div[3]/button/span
Trying to find Element By : By.xpath: //span/form/div[3]/button/span
Found Element By : By.xpath: //span/form/div[3]/button/span
Trying to find Element By : By.xpath: //span/form/div[3]/button/span
Found Element By : By.xpath: //span/form/div[3]/button/span
Trying to find Element By : By.xpath: //span/form/div[3]/button/span
Found Element By : By.xpath: //span/form/div[3]/button/span
Trying to find Element By : By.xpath: //span/form/div[3]/button/span
Found Element By : By.xpath: //span/form/div[3]/button/span
Trying to find Element By : By.xpath: //span/form/div[3]/button/span
Found Element By : By.xpath: //span/form/div[3]/button/span
Trying to find Element By : By.xpath: //span/form/div[3]/button/span
Found Element By : By.xpath: //span/form/div[3]/button/span
Trying to find Element By : By.xpath: //span/form/div[3]/button/span
Found Element By : By.xpath: //span/form/div[3]/button/span
Trying to find Element By : By.xpath: //span/form/div[3]/button/span
Found Element By : By.xpath: //span/form/div[3]/button/span
Trying to find Element By : By.xpath: //span/form/div[3]/button/span
Found Element By : By.xpath: //span/form/div[3]/button/span
Trying to find Element By : By.xpath: //span/form/div[3]/button/span
Found Element By : By.xpath: //span/form/div[3]/button/span
Trying to find Element By : By.xpath: //span/form/div[3]/button/span
Found Element By : By.xpath: //span/form/div[3]/button/span
Trying to find Element By : By.xpath: //span/form/div[3]/button/span
Found Element By : By.xpath: //span/form/div[3]/button/span
Trying to find Element By : By.xpath: //span/form/div[3]/button/span
Found Element By : By.xpath: //span/form/div[3]/button/span
Trying to find Element By : By.xpath: //span/form/div[3]/button/span
Found Element By : By.xpath: //span/form/div[3]/button/span
Trying to find Element By : By.xpath: //span/form/div[3]/button/span
Found Element By : By.xpath: //span/form/div[3]/button/span
Trying to find Element By : By.xpath: //span/form/div[3]/button/span
Found Element By : By.xpath: //span/form/div[3]/button/span
Trying to find Element By : By.xpath: //span/form/div[3]/button/span
Found Element By : By.xpath: //span/form/div[3]/button/span
Trying to find Element By : By.xpath: //span/form/div[3]/button/span
Found Element By : By.xpath: //span/form/div[3]/button/span
Trying to find Element By : By.xpath: //span/form/div[3]/button/span
Found Element By : By.xpath: //span/form/div[3]/button/span
Trying to find Element By : By.xpath: //span/form/div[3]/button/span
Found Element By : By.xpath: //span/form/div[3]/button/span
Trying to find Element By : By.xpath: //span/form/div[3]/button/span
Found Element By : By.xpath: //span/form/div[3]/button/span
Trying to find Element By : By.xpath: //span/form/div[3]/button/span
Found Element By : By.xpath: //span/form/div[3]/button/span
Trying to find Element By : By.xpath: //span/form/div[3]/button/span
Found Element By : By.xpath: //span/form/div[3]/button/span
Trying to find Element By : By.xpath: //span/form/div[3]/button/span
Found Element By : By.xpath: //span/form/div[3]/button/span
Trying to find Element By : By.xpath: //span/form/div[3]/button/span
Found Element By : By.xpath: //span/form/div[3]/button/span
Trying to find Element By : By.xpath: //span/form/div[3]/button/span
Found Element By : By.xpath: //span/form/div[3]/button/span
Trying to find Element By : By.xpath: //span/form/div[3]/button/span
Found Element By : By.xpath: //span/form/div[3]/button/span
Trying to find Element By : By.xpath: //span/form/div[3]/button/span
Found Element By : By.xpath: //span/form/div[3]/button/span
Trying to find Element By : By.xpath: //span/form/div[3]/button/span
Found Element By : By.xpath: //span/form/div[3]/button/span
Trying to find Element By : By.xpath: //span/form/div[3]/button/span
Found Element By : By.xpath: //span/form/div[3]/button/span
Trying to find Element By : By.xpath: //span/form/div[3]/button/span
Found Element By : By.xpath: //span/form/div[3]/button/span
Trying to find Element By : By.xpath: //span/form/div[3]/button/span
Found Element By : By.xpath: //span/form/div[3]/button/span
Trying to find Element By : By.xpath: //span/form/div[3]/button/span
Found Element By : By.xpath: //span/form/div[3]/button/span
Trying to find Element By : By.xpath: //span/form/div[3]/button/span
Found Element By : By.xpath: //span/form/div[3]/button/span
Trying to find Element By : By.xpath: //span/form/div[3]/button/span
Found Element By : By.xpath: //span/form/div[3]/button/span
Trying to find Element By : By.xpath: //span/form/div[3]/button/span
Found Element By : By.xpath: //span/form/div[3]/button/span
Trying to find Element By : By.xpath: //span/form/div[3]/button/span
Found Element By : By.xpath: //span/form/div[3]/button/span
Trying to find Element By : By.xpath: //span/form/div[3]/button/span
Found Element By : By.xpath: //span/form/div[3]/button/span
Trying to find Element By : By.xpath: //span/form/div[3]/button/span
Found Element By : By.xpath: //span/form/div[3]/button/span
Trying to find Element By : By.xpath: //span/form/div[3]/button/span
Found Element By : By.xpath: //span/form/div[3]/button/span
Trying to find Element By : By.xpath: //span/form/div[3]/button/span
Found Element By : By.xpath: //span/form/div[3]/button/span
Trying to find Element By : By.xpath: //span/form/div[3]/button/span
Found Element By : By.xpath: //span/form/div[3]/button/span
Trying to find Element By : By.xpath: //span/form/div[3]/button/span
Found Element By : By.xpath: //span/form/div[3]/button/span
Trying to find Element By : By.xpath: //span/form/div[3]/button/span
Found Element By : By.xpath: //span/form/div[3]/button/span
Trying to find Element By : By.xpath: //span/form/div[3]/button/span
Found Element By : By.xpath: //span/form/div[3]/button/span
Trying to find Element By : By.xpath: //span/form/div[3]/button/span
Found Element By : By.xpath: //span/form/div[3]/button/span
Trying to find Element By : By.xpath: //span/form/div[3]/button/span
Found Element By : By.xpath: //span/form/div[3]/button/span
Trying to find Element By : By.xpath: //span/form/div[3]/button/span
Found Element By : By.xpath: //span/form/div[3]/button/span
Trying to find Element By : By.xpath: //span/form/div[3]/button/span
Found Element By : By.xpath: //span/form/div[3]/button/span
Trying to find Element By : By.xpath: //span/form/div[3]/button/span
Found Element By : By.xpath: //span/form/div[3]/button/span
Trying to find Element By : By.xpath: //span/form/div[3]/button/span
Found Element By : By.xpath: //span/form/div[3]/button/span
Trying to find Element By : By.xpath: //span/form/div[3]/button/span
Found Element By : By.xpath: //span/form/div[3]/button/span
Trying to find Element By : By.xpath: //span/form/div[3]/button/span
Found Element By : By.xpath: //span/form/div[3]/button/span
Trying to find Element By : By.xpath: //span/form/div[3]/button/span
Found Element By : By.xpath: //span/form/div[3]/button/span
Trying to find Element By : By.xpath: //span/form/div[3]/button/span
Found Element By : By.xpath: //span/form/div[3]/button/span
Trying to find Element By : By.xpath: //span/form/div[3]/button/span
Found Element By : By.xpath: //span/form/div[3]/button/span
Trying to find Element By : By.xpath: //span/form/div[3]/button/span
Found Element By : By.xpath: //span/form/div[3]/button/span
Trying to find Element By : By.xpath: //span/form/div[3]/button/span
Found Element By : By.xpath: //span/form/div[3]/button/span
Trying to find Element By : By.xpath: //span/form/div[3]/button/span
Found Element By : By.xpath: //span/form/div[3]/button/span
Trying to find Element By : By.xpath: //span/form/div[3]/button/span
Found Element By : By.xpath: //span/form/div[3]/button/span
Trying to find Element By : By.xpath: //span/form/div[3]/button/span
Found Element By : By.xpath: //span/form/div[3]/button/span
Trying to find Element By : By.xpath: //span/form/div[3]/button/span
Found Element By : By.xpath: //span/form/div[3]/button/span
Trying to find Element By : By.xpath: //span/form/div[3]/button/span
Found Element By : By.xpath: //span/form/div[3]/button/span
Trying to find Element By : By.xpath: //span/form/div[3]/button/span
Found Element By : By.xpath: //span/form/div[3]/button/span
Trying to find Element By : By.xpath: //span/form/div[3]/button/span
Found Element By : By.xpath: //span/form/div[3]/button/span
Trying to find Element By : By.xpath: //span/form/div[3]/button/span
Found Element By : By.xpath: //span/form/div[3]/button/span
Trying to find Element By : By.xpath: //span/form/div[3]/button/span
Found Element By : By.xpath: //span/form/div[3]/button/span
Trying to find Element By : By.xpath: //span/form/div[3]/button/span
Found Element By : By.xpath: //span/form/div[3]/button/span
Trying to find Element By : By.xpath: //span/form/div[3]/button/span
Found Element By : By.xpath: //span/form/div[3]/button/span
Trying to find Element By : By.xpath: //span/form/div[3]/button/span
Found Element By : By.xpath: //span/form/div[3]/button/span
Trying to find Element By : By.xpath: //span/form/div[3]/button/span
Found Element By : By.xpath: //span/form/div[3]/button/span
Trying to find Element By : By.xpath: //span/form/div[3]/button/span
Found Element By : By.xpath: //span/form/div[3]/button/span
Trying to find Element By : By.xpath: //span/form/div[3]/button/span
Found Element By : By.xpath: //span/form/div[3]/button/span
Trying to find Element By : By.xpath: //span/form/div[3]/button/span
Found Element By : By.xpath: //span/form/div[3]/button/span
Trying to find Element By : By.xpath: //span/form/div[3]/button/span
Found Element By : By.xpath: //span/form/div[3]/button/span
Trying to find Element By : By.xpath: //span/form/div[3]/button/span
Found Element By : By.xpath: //span/form/div[3]/button/span
Trying to find Element By : By.xpath: //span/form/div[3]/button/span
Found Element By : By.xpath: //span/form/div[3]/button/span
Trying to find Element By : By.xpath: //span/form/div[3]/button/span
Found Element By : By.xpath: //span/form/div[3]/button/span
Trying to find Element By : By.xpath: //span/form/div[3]/button/span
Found Element By : By.xpath: //span/form/div[3]/button/span
Trying to find Element By : By.xpath: //span/form/div[3]/button/span
Found Element By : By.xpath: //span/form/div[3]/button/span
Trying to find Element By : By.xpath: //span/form/div[3]/button/span
Found Element By : By.xpath: //span/form/div[3]/button/span
Trying to find Element By : By.xpath: //span/form/div[3]/button/span
Found Element By : By.xpath: //span/form/div[3]/button/span
Trying to find Element By : By.xpath: //span/form/div[3]/button/span
Found Element By : By.xpath: //span/form/div[3]/button/span
Trying to find Element By : By.xpath: //span/form/div[3]/button/span
Found Element By : By.xpath: //span/form/div[3]/button/span
Trying to find Element By : By.xpath: //span/form/div[3]/button/span
Found Element By : By.xpath: //span/form/div[3]/button/span
Trying to find Element By : By.xpath: //span/form/div[3]/button/span
Found Element By : By.xpath: //span/form/div[3]/button/span
Trying to find Element By : By.xpath: //span/form/div[3]/button/span
Found Element By : By.xpath: //span/form/div[3]/button/span
Trying to find Element By : By.xpath: //span/form/div[3]/button/span
Found Element By : By.xpath: //span/form/div[3]/button/span
Trying to find Element By : By.xpath: //span/form/div[3]/button/span
Found Element By : By.xpath: //span/form/div[3]/button/span
Trying to find Element By : By.xpath: //span/form/div[3]/button/span
Found Element By : By.xpath: //span/form/div[3]/button/span
Trying to find Element By : By.xpath: //span/form/div[3]/button/span
Found Element By : By.xpath: //span/form/div[3]/button/span
Trying to find Element By : By.xpath: //span/form/div[3]/button/span
Found Element By : By.xpath: //span/form/div[3]/button/span
Trying to find Element By : By.xpath: //span/form/div[3]/button/span
Found Element By : By.xpath: //span/form/div[3]/button/span
Trying to find Element By : By.xpath: //span/form/div[3]/button/span
Found Element By : By.xpath: //span/form/div[3]/button/span
Trying to find Element By : By.xpath: //span/form/div[3]/button/span
Found Element By : By.xpath: //span/form/div[3]/button/span
Trying to find Element By : By.xpath: //span/form/div[3]/button/span
Found Element By : By.xpath: //span/form/div[3]/button/span
Trying to find Element By : By.xpath: //span/form/div[3]/button/span
Found Element By : By.xpath: //span/form/div[3]/button/span
Trying to find Element By : By.xpath: //span/form/div[3]/button/span
Found Element By : By.xpath: //span/form/div[3]/button/span
Trying to find Element By : By.xpath: //span/form/div[3]/button/span
Found Element By : By.xpath: //span/form/div[3]/button/span
Trying to find Element By : By.xpath: //span/form/div[3]/button/span
Found Element By : By.xpath: //span/form/div[3]/button/span
Trying to find Element By : By.xpath: //span/form/div[3]/button/span
Found Element By : By.xpath: //span/form/div[3]/button/span
Trying to find Element By : By.xpath: //span/form/div[3]/button/span
Found Element By : By.xpath: //span/form/div[3]/button/span
Trying to find Element By : By.xpath: //span/form/div[3]/button/span
Found Element By : By.xpath: //span/form/div[3]/button/span
Trying to find Element By : By.xpath: //span/form/div[3]/button/span
Found Element By : By.xpath: //span/form/div[3]/button/span
Trying to find Element By : By.xpath: //span/form/div[3]/button/span
Found Element By : By.xpath: //span/form/div[3]/button/span
Trying to find Element By : By.xpath: //span/form/div[3]/button/span
Found Element By : By.xpath: //span/form/div[3]/button/span
Trying to find Element By : By.xpath: //span/form/div[3]/button/span
Found Element By : By.xpath: //span/form/div[3]/button/span
Trying to find Element By : By.xpath: //span/form/div[3]/button/span
Found Element By : By.xpath: //span/form/div[3]/button/span
Trying to find Element By : By.xpath: //span/form/div[3]/button/span
Found Element By : By.xpath: //span/form/div[3]/button/span
Trying to find Element By : By.xpath: //span/form/div[3]/button/span
Found Element By : By.xpath: //span/form/div[3]/button/span
Trying to find Element By : By.xpath: //span/form/div[3]/button/span
Found Element By : By.xpath: //span/form/div[3]/button/span
Trying to find Element By : By.xpath: //span/form/div[3]/button/span
Found Element By : By.xpath: //span/form/div[3]/button/span
Trying to find Element By : By.xpath: //span/form/div[3]/button/span
Found Element By : By.xpath: //span/form/div[3]/button/span
Trying to find Element By : By.xpath: //span/form/div[3]/button/span
Found Element By : By.xpath: //span/form/div[3]/button/span
Trying to find Element By : By.xpath: //span/form/div[3]/button/span
Found Element By : By.xpath: //span/form/div[3]/button/span
Trying to find Element By : By.xpath: //span/form/div[3]/button/span
Found Element By : By.xpath: //span/form/div[3]/button/span
Trying to find Element By : By.xpath: //span/form/div[3]/button/span
Found Element By : By.xpath: //span/form/div[3]/button/span
Trying to find Element By : By.xpath: //span/form/div[3]/button/span
Found Element By : By.xpath: //span/form/div[3]/button/span
Trying to find Element By : By.xpath: //span/form/div[3]/button/span
Found Element By : By.xpath: //span/form/div[3]/button/span
Trying to find Element By : By.xpath: //span/form/div[3]/button/span
Found Element By : By.xpath: //span/form/div[3]/button/span
Trying to find Element By : By.xpath: //span/form/div[3]/button/span
Found Element By : By.xpath: //span/form/div[3]/button/span
Trying to find Element By : By.xpath: //span/form/div[3]/button/span
Found Element By : By.xpath: //span/form/div[3]/button/span
Trying to find Element By : By.xpath: //span/form/div[3]/button/span
Found Element By : By.xpath: //span/form/div[3]/button/span
Trying to find Element By : By.xpath: //span/form/div[3]/button/span
Found Element By : By.xpath: //span/form/div[3]/button/span
Trying to find Element By : By.xpath: //span/form/div[3]/button/span
Found Element By : By.xpath: //span/form/div[3]/button/span
Trying to find Element By : By.xpath: //span/form/div[3]/button/span
Found Element By : By.xpath: //span/form/div[3]/button/span
Trying to find Element By : By.xpath: //span/form/div[3]/button/span
Found Element By : By.xpath: //span/form/div[3]/button/span
Trying to find Element By : By.xpath: //span/form/div[3]/button/span
Found Element By : By.xpath: //span/form/div[3]/button/span
Trying to find Element By : By.xpath: //span/form/div[3]/button/span
Found Element By : By.xpath: //span/form/div[3]/button/span
Trying to find Element By : By.xpath: //span/form/div[3]/button/span
Found Element By : By.xpath: //span/form/div[3]/button/span
Trying to find Element By : By.xpath: //span/form/div[3]/button/span
Found Element By : By.xpath: //span/form/div[3]/button/span
Trying to find Element By : By.xpath: //span/form/div[3]/button/span
Found Element By : By.xpath: //span/form/div[3]/button/span
Trying to find Element By : By.xpath: //span/form/div[3]/button/span
Found Element By : By.xpath: //span/form/div[3]/button/span
Trying to find Element By : By.xpath: //span/form/div[3]/button/span
Found Element By : By.xpath: //span/form/div[3]/button/span
Trying to find Element By : By.xpath: //span/form/div[3]/button/span
Found Element By : By.xpath: //span/form/div[3]/button/span
Trying to find Element By : By.xpath: //span/form/div[3]/button/span
Found Element By : By.xpath: //span/form/div[3]/button/span
Trying to find Element By : By.xpath: //span/form/div[3]/button/span
Found Element By : By.xpath: //span/form/div[3]/button/span
Trying to find Element By : By.xpath: //span/form/div[3]/button/span
Found Element By : By.xpath: //span/form/div[3]/button/span
Trying to find Element By : By.xpath: //span/form/div[3]/button/span
Found Element By : By.xpath: //span/form/div[3]/button/span
Trying to find Element By : By.xpath: //span/form/div[3]/button/span
Found Element By : By.xpath: //span/form/div[3]/button/span
Trying to find Element By : By.xpath: //span/form/div[3]/button/span
Found Element By : By.xpath: //span/form/div[3]/button/span
Trying to find Element By : By.xpath: //span/form/div[3]/button/span
Found Element By : By.xpath: //span/form/div[3]/button/span
Trying to find Element By : By.xpath: //span/form/div[3]/button/span
Found Element By : By.xpath: //span/form/div[3]/button/span
Trying to find Element By : By.xpath: //span/form/div[3]/button/span
Found Element By : By.xpath: //span/form/div[3]/button/span
Trying to find Element By : By.xpath: //span/form/div[3]/button/span
Found Element By : By.xpath: //span/form/div[3]/button/span
Trying to find Element By : By.xpath: //span/form/div[3]/button/span
Found Element By : By.xpath: //span/form/div[3]/button/span
Trying to find Element By : By.xpath: //span/form/div[3]/button/span
Found Element By : By.xpath: //span/form/div[3]/button/span
Trying to find Element By : By.xpath: //span/form/div[3]/button/span
Found Element By : By.xpath: //span/form/div[3]/button/span
Trying to find Element By : By.xpath: //span/form/div[3]/button/span
Found Element By : By.xpath: //span/form/div[3]/button/span
Trying to find Element By : By.xpath: //span/form/div[3]/button/span
Found Element By : By.xpath: //span/form/div[3]/button/span
Trying to find Element By : By.xpath: //span/form/div[3]/button/span
Found Element By : By.xpath: //span/form/div[3]/button/span
Trying to find Element By : By.xpath: //span/form/div[3]/button/span
Found Element By : By.xpath: //span/form/div[3]/button/span
Trying to find Element By : By.xpath: //span/form/div[3]/button/span
Found Element By : By.xpath: //span/form/div[3]/button/span
Trying to find Element By : By.xpath: //span/form/div[3]/button/span
Found Element By : By.xpath: //span/form/div[3]/button/span
Trying to find Element By : By.xpath: //span/form/div[3]/button/span
Found Element By : By.xpath: //span/form/div[3]/button/span
Trying to find Element By : By.xpath: //span/form/div[3]/button/span
Found Element By : By.xpath: //span/form/div[3]/button/span
Trying to find Element By : By.xpath: //span/form/div[3]/button/span
Found Element By : By.xpath: //span/form/div[3]/button/span
Trying to find Element By : By.xpath: //span/form/div[3]/button/span
Found Element By : By.xpath: //span/form/div[3]/button/span
Trying to find Element By : By.xpath: //span/form/div[3]/button/span
Found Element By : By.xpath: //span/form/div[3]/button/span
Trying to find Element By : By.xpath: //span/form/div[3]/button/span
Found Element By : By.xpath: //span/form/div[3]/button/span
Trying to find Element By : By.xpath: //span/form/div[3]/button/span
Found Element By : By.xpath: //span/form/div[3]/button/span
Trying to find Element By : By.xpath: //span/form/div[3]/button/span
Found Element By : By.xpath: //span/form/div[3]/button/span
Trying to find Element By : By.xpath: //span/form/div[3]/button/span
Found Element By : By.xpath: //span/form/div[3]/button/span
Trying to find Element By : By.xpath: //span/form/div[3]/button/span
Found Element By : By.xpath: //span/form/div[3]/button/span
Trying to find Element By : By.xpath: //span/form/div[3]/button/span
Found Element By : By.xpath: //span/form/div[3]/button/span
Trying to find Element By : By.xpath: //span/form/div[3]/button/span
Found Element By : By.xpath: //span/form/div[3]/button/span
Trying to find Element By : By.xpath: //span/form/div[3]/button/span
Found Element By : By.xpath: //span/form/div[3]/button/span
Trying to find Element By : By.xpath: //span/form/div[3]/button/span
Found Element By : By.xpath: //span/form/div[3]/button/span
Trying to find Element By : By.xpath: //span/form/div[3]/button/span
Found Element By : By.xpath: //span/form/div[3]/button/span
Trying to find Element By : By.xpath: //span/form/div[3]/button/span
Found Element By : By.xpath: //span/form/div[3]/button/span
Trying to find Element By : By.xpath: //span/form/div[3]/button/span
Found Element By : By.xpath: //span/form/div[3]/button/span
Trying to find Element By : By.xpath: //span/form/div[3]/button/span
Found Element By : By.xpath: //span/form/div[3]/button/span
Trying to find Element By : By.xpath: //span/form/div[3]/button/span
Found Element By : By.xpath: //span/form/div[3]/button/span
Trying to find Element By : By.xpath: //span/form/div[3]/button/span
Found Element By : By.xpath: //span/form/div[3]/button/span
Trying to find Element By : By.xpath: //span/form/div[3]/button/span
Found Element By : By.xpath: //span/form/div[3]/button/span
Trying to find Element By : By.xpath: //span/form/div[3]/button/span
Found Element By : By.xpath: //span/form/div[3]/button/span
Trying to find Element By : By.xpath: //span/form/div[3]/button/span
Found Element By : By.xpath: //span/form/div[3]/button/span
Trying to find Element By : By.xpath: //span/form/div[3]/button/span
Found Element By : By.xpath: //span/form/div[3]/button/span
Trying to find Element By : By.xpath: //span/form/div[3]/button/span
Found Element By : By.xpath: //span/form/div[3]/button/span
Trying to find Element By : By.xpath: //span/form/div[3]/button/span
Found Element By : By.xpath: //span/form/div[3]/button/span
Trying to find Element By : By.xpath: //span/form/div[3]/button/span
Found Element By : By.xpath: //span/form/div[3]/button/span
Trying to find Element By : By.xpath: //span/form/div[3]/button/span
Found Element By : By.xpath: //span/form/div[3]/button/span
Trying to find Element By : By.xpath: //span/form/div[3]/button/span
Found Element By : By.xpath: //span/form/div[3]/button/span
Trying to find Element By : By.xpath: //span/form/div[3]/button/span
Found Element By : By.xpath: //span/form/div[3]/button/span
Trying to find Element By : By.xpath: //span/form/div[3]/button/span
Found Element By : By.xpath: //span/form/div[3]/button/span
Trying to find Element By : By.xpath: //span/form/div[3]/button/span
Found Element By : By.xpath: //span/form/div[3]/button/span
Trying to find Element By : By.xpath: //span/form/div[3]/button/span
Found Element By : By.xpath: //span/form/div[3]/button/span
Trying to find Element By : By.xpath: //span/form/div[3]/button/span
Found Element By : By.xpath: //span/form/div[3]/button/span
Trying to find Element By : By.xpath: //span/form/div[3]/button/span
Found Element By : By.xpath: //span/form/div[3]/button/span
Trying to find Element By : By.xpath: //span/form/div[3]/button/span
Found Element By : By.xpath: //span/form/div[3]/button/span
Trying to find Element By : By.xpath: //span/form/div[3]/button/span
Found Element By : By.xpath: //span/form/div[3]/button/span
Trying to find Element By : By.xpath: //span/form/div[3]/button/span
Found Element By : By.xpath: //span/form/div[3]/button/span
Trying to find Element By : By.xpath: //span/form/div[3]/button/span
Found Element By : By.xpath: //span/form/div[3]/button/span
Trying to find Element By : By.xpath: //span/form/div[3]/button/span
Found Element By : By.xpath: //span/form/div[3]/button/span
Trying to find Element By : By.xpath: //span/form/div[3]/button/span
Found Element By : By.xpath: //span/form/div[3]/button/span
Trying to find Element By : By.xpath: //span/form/div[3]/button/span
Found Element By : By.xpath: //span/form/div[3]/button/span
Trying to find Element By : By.xpath: //span/form/div[3]/button/span
Found Element By : By.xpath: //span/form/div[3]/button/span
Trying to find Element By : By.xpath: //span/form/div[3]/button/span
Found Element By : By.xpath: //span/form/div[3]/button/span
Trying to find Element By : By.xpath: //span/form/div[3]/button/span
Found Element By : By.xpath: //span/form/div[3]/button/span
Trying to find Element By : By.xpath: //span/form/div[3]/button/span
Found Element By : By.xpath: //span/form/div[3]/button/span
Trying to find Element By : By.xpath: //span/form/div[3]/button/span
Found Element By : By.xpath: //span/form/div[3]/button/span
Trying to find Element By : By.xpath: //span/form/div[3]/button/span
Found Element By : By.xpath: //span/form/div[3]/button/span
Trying to find Element By : By.xpath: //span/form/div[3]/button/span
Found Element By : By.xpath: //span/form/div[3]/button/span
Trying to find Element By : By.xpath: //span/form/div[3]/button/span
Found Element By : By.xpath: //span/form/div[3]/button/span
Trying to find Element By : By.xpath: //span/form/div[3]/button/span
Found Element By : By.xpath: //span/form/div[3]/button/span
Trying to find Element By : By.xpath: //span/form/div[3]/button/span
Found Element By : By.xpath: //span/form/div[3]/button/span
Trying to find Element By : By.xpath: //span/form/div[3]/button/span
Found Element By : By.xpath: //span/form/div[3]/button/span
Trying to find Element By : By.xpath: //span/form/div[3]/button/span
Found Element By : By.xpath: //span/form/div[3]/button/span
Trying to find Element By : By.xpath: //span/form/div[3]/button/span
Found Element By : By.xpath: //span/form/div[3]/button/span
Trying to find Element By : By.xpath: //span/form/div[3]/button/span
Found Element By : By.xpath: //span/form/div[3]/button/span
Trying to find Element By : By.xpath: //span/form/div[3]/button/span
Found Element By : By.xpath: //span/form/div[3]/button/span
Trying to find Element By : By.xpath: //span/form/div[3]/button/span
Found Element By : By.xpath: //span/form/div[3]/button/span
Trying to find Element By : By.xpath: //span/form/div[3]/button/span
Found Element By : By.xpath: //span/form/div[3]/button/span
Trying to find Element By : By.xpath: //span/form/div[3]/button/span
Found Element By : By.xpath: //span/form/div[3]/button/span
Trying to find Element By : By.xpath: //span/form/div[3]/button/span
Found Element By : By.xpath: //span/form/div[3]/button/span
Trying to find Element By : By.xpath: //span/form/div[3]/button/span
Found Element By : By.xpath: //span/form/div[3]/button/span
Trying to find Element By : By.xpath: //span/form/div[3]/button/span
Found Element By : By.xpath: //span/form/div[3]/button/span
Trying to find Element By : By.xpath: //span/form/div[3]/button/span
Found Element By : By.xpath: //span/form/div[3]/button/span
Trying to find Element By : By.xpath: //span/form/div[3]/button/span
Found Element By : By.xpath: //span/form/div[3]/button/span
Trying to find Element By : By.xpath: //span/form/div[3]/button/span
Found Element By : By.xpath: //span/form/div[3]/button/span
Trying to find Element By : By.xpath: //span/form/div[3]/button/span
Found Element By : By.xpath: //span/form/div[3]/button/span
Trying to find Element By : By.xpath: //span/form/div[3]/button/span
Found Element By : By.xpath: //span/form/div[3]/button/span
Trying to find Element By : By.xpath: //span/form/div[3]/button/span
Found Element By : By.xpath: //span/form/div[3]/button/span
Trying to find Element By : By.xpath: //span/form/div[3]/button/span
Found Element By : By.xpath: //span/form/div[3]/button/span
Trying to find Element By : By.xpath: //span/form/div[3]/button/span
Found Element By : By.xpath: //span/form/div[3]/button/span
Trying to find Element By : By.xpath: //span/form/div[3]/button/span
Found Element By : By.xpath: //span/form/div[3]/button/span
Trying to find Element By : By.xpath: //span/form/div[3]/button/span
Found Element By : By.xpath: //span/form/div[3]/button/span
Trying to find Element By : By.xpath: //span/form/div[3]/button/span
Found Element By : By.xpath: //span/form/div[3]/button/span
Trying to find Element By : By.xpath: //span/form/div[3]/button/span
Found Element By : By.xpath: //span/form/div[3]/button/span
Trying to find Element By : By.xpath: //span/form/div[3]/button/span
Found Element By : By.xpath: //span/form/div[3]/button/span
Trying to find Element By : By.xpath: //span/form/div[3]/button/span
Found Element By : By.xpath: //span/form/div[3]/button/span
Trying to find Element By : By.xpath: //span/form/div[3]/button/span
Found Element By : By.xpath: //span/form/div[3]/button/span
Trying to find Element By : By.xpath: //span/form/div[3]/button/span
Found Element By : By.xpath: //span/form/div[3]/button/span
Trying to find Element By : By.xpath: //span/form/div[3]/button/span
Found Element By : By.xpath: //span/form/div[3]/button/span
Trying to find Element By : By.xpath: //span/form/div[3]/button/span
Found Element By : By.xpath: //span/form/div[3]/button/span
Trying to find Element By : By.xpath: //span/form/div[3]/button/span
Found Element By : By.xpath: //span/form/div[3]/button/span
Trying to find Element By : By.xpath: //span/form/div[3]/button/span
Found Element By : By.xpath: //span/form/div[3]/button/span
Trying to find Element By : By.xpath: //span/form/div[3]/button/span
Found Element By : By.xpath: //span/form/div[3]/button/span
Trying to find Element By : By.xpath: //span/form/div[3]/button/span
Found Element By : By.xpath: //span/form/div[3]/button/span
Trying to find Element By : By.xpath: //span/form/div[3]/button/span
Found Element By : By.xpath: //span/form/div[3]/button/span
Trying to find Element By : By.xpath: //span/form/div[3]/button/span
Found Element By : By.xpath: //span/form/div[3]/button/span
Trying to find Element By : By.xpath: //span/form/div[3]/button/span
Found Element By : By.xpath: //span/form/div[3]/button/span
Trying to find Element By : By.xpath: //span/form/div[3]/button/span
Found Element By : By.xpath: //span/form/div[3]/button/span
Trying to find Element By : By.xpath: //span/form/div[3]/button/span
Found Element By : By.xpath: //span/form/div[3]/button/span
Trying to find Element By : By.xpath: //span/form/div[3]/button/span
Found Element By : By.xpath: //span/form/div[3]/button/span
Trying to find Element By : By.xpath: //span/form/div[3]/button/span
Found Element By : By.xpath: //span/form/div[3]/button/span
Trying to find Element By : By.xpath: //span/form/div[3]/button/span
Found Element By : By.xpath: //span/form/div[3]/button/span
Trying to find Element By : By.xpath: //span/form/div[3]/button/span
Found Element By : By.xpath: //span/form/div[3]/button/span
Trying to find Element By : By.xpath: //span/form/div[3]/button/span
Found Element By : By.xpath: //span/form/div[3]/button/span
Trying to find Element By : By.xpath: //span/form/div[3]/button/span
Found Element By : By.xpath: //span/form/div[3]/button/span
Trying to find Element By : By.xpath: //span/form/div[3]/button/span
Found Element By : By.xpath: //span/form/div[3]/button/span
Trying to find Element By : By.xpath: //span/form/div[3]/button/span
Found Element By : By.xpath: //span/form/div[3]/button/span
Trying to find Element By : By.xpath: //span/form/div[3]/button/span
Found Element By : By.xpath: //span/form/div[3]/button/span
Trying to find Element By : By.xpath: //span/form/div[3]/button/span
Found Element By : By.xpath: //span/form/div[3]/button/span
Trying to find Element By : By.xpath: //span/form/div[3]/button/span
Found Element By : By.xpath: //span/form/div[3]/button/span
Trying to find Element By : By.xpath: //span/form/div[3]/button/span
Found Element By : By.xpath: //span/form/div[3]/button/span
Trying to find Element By : By.xpath: //span/form/div[3]/button/span
Found Element By : By.xpath: //span/form/div[3]/button/span
Trying to find Element By : By.xpath: //span/form/div[3]/button/span
Found Element By : By.xpath: //span/form/div[3]/button/span
Trying to find Element By : By.xpath: //span/form/div[3]/button/span
Found Element By : By.xpath: //span/form/div[3]/button/span
Trying to find Element By : By.xpath: //span/form/div[3]/button/span
Found Element By : By.xpath: //span/form/div[3]/button/span
Trying to find Element By : By.xpath: //span/form/div[3]/button/span
Found Element By : By.xpath: //span/form/div[3]/button/span
Trying to find Element By : By.xpath: //span/form/div[3]/button/span
Found Element By : By.xpath: //span/form/div[3]/button/span
Trying to find Element By : By.xpath: //span/form/div[3]/button/span
Found Element By : By.xpath: //span/form/div[3]/button/span
Trying to find Element By : By.xpath: //span/form/div[3]/button/span
Found Element By : By.xpath: //span/form/div[3]/button/span
Trying to find Element By : By.xpath: //span/form/div[3]/button/span
Found Element By : By.xpath: //span/form/div[3]/button/span
Trying to find Element By : By.xpath: //span/form/div[3]/button/span
Found Element By : By.xpath: //span/form/div[3]/button/span
Trying to find Element By : By.xpath: //span/form/div[3]/button/span
Found Element By : By.xpath: //span/form/div[3]/button/span
Trying to find Element By : By.xpath: //span/form/div[3]/button/span
Found Element By : By.xpath: //span/form/div[3]/button/span
Trying to find Element By : By.xpath: //span/form/div[3]/button/span
Found Element By : By.xpath: //span/form/div[3]/button/span
Trying to find Element By : By.xpath: //span/form/div[3]/button/span
Found Element By : By.xpath: //span/form/div[3]/button/span
Trying to find Element By : By.xpath: //span/form/div[3]/button/span
Found Element By : By.xpath: //span/form/div[3]/button/span
Trying to find Element By : By.xpath: //span/form/div[3]/button/span
Found Element By : By.xpath: //span/form/div[3]/button/span
Trying to find Element By : By.xpath: //span/form/div[3]/button/span
Found Element By : By.xpath: //span/form/div[3]/button/span
Trying to find Element By : By.xpath: //span/form/div[3]/button/span
Found Element By : By.xpath: //span/form/div[3]/button/span
Trying to find Element By : By.xpath: //span/form/div[3]/button/span
Found Element By : By.xpath: //span/form/div[3]/button/span
Trying to find Element By : By.xpath: //span/form/div[3]/button/span
Found Element By : By.xpath: //span/form/div[3]/button/span
Trying to find Element By : By.xpath: //span/form/div[3]/button/span
Found Element By : By.xpath: //span/form/div[3]/button/span
Trying to find Element By : By.xpath: //span/form/div[3]/button/span
Found Element By : By.xpath: //span/form/div[3]/button/span
Trying to find Element By : By.xpath: //span/form/div[3]/button/span
Found Element By : By.xpath: //span/form/div[3]/button/span
Trying to find Element By : By.xpath: //span/form/div[3]/button/span
Found Element By : By.xpath: //span/form/div[3]/button/span
Trying to find Element By : By.xpath: //span/form/div[3]/button/span
Found Element By : By.xpath: //span/form/div[3]/button/span
Trying to find Element By : By.xpath: //span/form/div[3]/button/span
Found Element By : By.xpath: //span/form/div[3]/button/span
Trying to find Element By : By.xpath: //span/form/div[3]/button/span
Found Element By : By.xpath: //span/form/div[3]/button/span
Trying to find Element By : By.xpath: //span/form/div[3]/button/span
Found Element By : By.xpath: //span/form/div[3]/button/span
Trying to find Element By : By.xpath: //span/form/div[3]/button/span
Found Element By : By.xpath: //span/form/div[3]/button/span
Trying to find Element By : By.xpath: //span/form/div[3]/button/span
Found Element By : By.xpath: //span/form/div[3]/button/span
Trying to find Element By : By.xpath: //span/form/div[3]/button/span
Found Element By : By.xpath: //span/form/div[3]/button/span
Trying to find Element By : By.xpath: //span/form/div[3]/button/span
Found Element By : By.xpath: //span/form/div[3]/button/span
Trying to find Element By : By.xpath: //span/form/div[3]/button/span
Found Element By : By.xpath: //span/form/div[3]/button/span
Trying to find Element By : By.xpath: //span/form/div[3]/button/span
Found Element By : By.xpath: //span/form/div[3]/button/span
Trying to find Element By : By.xpath: //span/form/div[3]/button/span
Found Element By : By.xpath: //span/form/div[3]/button/span
Trying to find Element By : By.xpath: //span/form/div[3]/button/span
Found Element By : By.xpath: //span/form/div[3]/button/span
Trying to find Element By : By.xpath: //span/form/div[3]/button/span
Found Element By : By.xpath: //span/form/div[3]/button/span
Trying to find Element By : By.xpath: //span/form/div[3]/button/span
Found Element By : By.xpath: //span/form/div[3]/button/span
Trying to find Element By : By.xpath: //span/form/div[3]/button/span
Found Element By : By.xpath: //span/form/div[3]/button/span
Trying to find Element By : By.xpath: //span/form/div[3]/button/span
Found Element By : By.xpath: //span/form/div[3]/button/span
Trying to find Element By : By.xpath: //span/form/div[3]/button/span
Found Element By : By.xpath: //span/form/div[3]/button/span
Trying to find Element By : By.xpath: //span/form/div[3]/button/span
Found Element By : By.xpath: //span/form/div[3]/button/span
Trying to find Element By : By.xpath: //span/form/div[3]/button/span
Found Element By : By.xpath: //span/form/div[3]/button/span
Trying to find Element By : By.xpath: //span/form/div[3]/button/span
Found Element By : By.xpath: //span/form/div[3]/button/span
Trying to find Element By : By.xpath: //span/form/div[3]/button/span
Found Element By : By.xpath: //span/form/div[3]/button/span
Trying to find Element By : By.xpath: //span/form/div[3]/button/span
Found Element By : By.xpath: //span/form/div[3]/button/span
Trying to find Element By : By.xpath: //span/form/div[3]/button/span
Found Element By : By.xpath: //span/form/div[3]/button/span
Trying to find Element By : By.xpath: //span/form/div[3]/button/span
Found Element By : By.xpath: //span/form/div[3]/button/span
Trying to find Element By : By.xpath: //span/form/div[3]/button/span
Found Element By : By.xpath: //span/form/div[3]/button/span
Trying to find Element By : By.xpath: //span/form/div[3]/button/span
Found Element By : By.xpath: //span/form/div[3]/button/span
Trying to find Element By : By.xpath: //span/form/div[3]/button/span
Found Element By : By.xpath: //span/form/div[3]/button/span
Trying to find Element By : By.xpath: //span/form/div[3]/button/span
Found Element By : By.xpath: //span/form/div[3]/button/span
Trying to find Element By : By.xpath: //span/form/div[3]/button/span
Found Element By : By.xpath: //span/form/div[3]/button/span
Trying to find Element By : By.xpath: //span/form/div[3]/button/span
Found Element By : By.xpath: //span/form/div[3]/button/span
Trying to find Element By : By.xpath: //span/form/div[3]/button/span
Found Element By : By.xpath: //span/form/div[3]/button/span
Trying to find Element By : By.xpath: //span/form/div[3]/button/span
Found Element By : By.xpath: //span/form/div[3]/button/span
Trying to find Element By : By.xpath: //span/form/div[3]/button/span
Found Element By : By.xpath: //span/form/div[3]/button/span
Trying to find Element By : By.xpath: //span/form/div[3]/button/span
Found Element By : By.xpath: //span/form/div[3]/button/span
Trying to find Element By : By.xpath: //span/form/div[3]/button/span
Found Element By : By.xpath: //span/form/div[3]/button/span
Trying to find Element By : By.xpath: //span/form/div[3]/button/span
Found Element By : By.xpath: //span/form/div[3]/button/span
Trying to find Element By : By.xpath: //span/form/div[3]/button/span
Found Element By : By.xpath: //span/form/div[3]/button/span
Trying to find Element By : By.xpath: //span/form/div[3]/button/span
Found Element By : By.xpath: //span/form/div[3]/button/span
Trying to find Element By : By.xpath: //span/form/div[3]/button/span
Found Element By : By.xpath: //span/form/div[3]/button/span
Trying to find Element By : By.xpath: //span/form/div[3]/button/span
Found Element By : By.xpath: //span/form/div[3]/button/span
Trying to find Element By : By.xpath: //span/form/div[3]/button/span
Found Element By : By.xpath: //span/form/div[3]/button/span
Trying to find Element By : By.xpath: //span/form/div[3]/button/span
Found Element By : By.xpath: //span/form/div[3]/button/span
Trying to find Element By : By.xpath: //span/form/div[3]/button/span
Found Element By : By.xpath: //span/form/div[3]/button/span
Trying to find Element By : By.xpath: //span/form/div[3]/button/span
Found Element By : By.xpath: //span/form/div[3]/button/span
Trying to find Element By : By.xpath: //span/form/div[3]/button/span
Found Element By : By.xpath: //span/form/div[3]/button/span
Trying to find Element By : By.xpath: //span/form/div[3]/button/span
Found Element By : By.xpath: //span/form/div[3]/button/span
Trying to find Element By : By.xpath: //span/form/div[3]/button/span
Found Element By : By.xpath: //span/form/div[3]/button/span
Trying to find Element By : By.xpath: //span/form/div[3]/button/span
Found Element By : By.xpath: //span/form/div[3]/button/span
Trying to find Element By : By.xpath: //span/form/div[3]/button/span
Found Element By : By.xpath: //span/form/div[3]/button/span
Trying to find Element By : By.xpath: //span/form/div[3]/button/span
Found Element By : By.xpath: //span/form/div[3]/button/span
Trying to find Element By : By.xpath: //span/form/div[3]/button/span
Found Element By : By.xpath: //span/form/div[3]/button/span
Trying to find Element By : By.xpath: //span/form/div[3]/button/span
Found Element By : By.xpath: //span/form/div[3]/button/span
Trying to find Element By : By.xpath: //span/form/div[3]/button/span
Found Element By : By.xpath: //span/form/div[3]/button/span
Trying to find Element By : By.xpath: //span/form/div[3]/button/span
Found Element By : By.xpath: //span/form/div[3]/button/span
Trying to find Element By : By.xpath: //span/form/div[3]/button/span
Found Element By : By.xpath: //span/form/div[3]/button/span
Trying to find Element By : By.xpath: //span/form/div[3]/button/span
Found Element By : By.xpath: //span/form/div[3]/button/span
Trying to find Element By : By.xpath: //span/form/div[3]/button/span
Found Element By : By.xpath: //span/form/div[3]/button/span
Trying to find Element By : By.xpath: //span/form/div[3]/button/span
Found Element By : By.xpath: //span/form/div[3]/button/span
Trying to find Element By : By.xpath: //span/form/div[3]/button/span
Found Element By : By.xpath: //span/form/div[3]/button/span
Trying to find Element By : By.xpath: //span/form/div[3]/button/span
Found Element By : By.xpath: //span/form/div[3]/button/span
Trying to find Element By : By.xpath: //span/form/div[3]/button/span
Found Element By : By.xpath: //span/form/div[3]/button/span
Trying to find Element By : By.xpath: //span/form/div[3]/button/span
Found Element By : By.xpath: //span/form/div[3]/button/span
Trying to find Element By : By.xpath: //span/form/div[3]/button/span
Found Element By : By.xpath: //span/form/div[3]/button/span
Trying to find Element By : By.xpath: //span/form/div[3]/button/span
Found Element By : By.xpath: //span/form/div[3]/button/span
Trying to find Element By : By.xpath: //span/form/div[3]/button/span
Found Element By : By.xpath: //span/form/div[3]/button/span
Trying to find Element By : By.xpath: //span/form/div[3]/button/span
Found Element By : By.xpath: //span/form/div[3]/button/span
Trying to find Element By : By.xpath: //span/form/div[3]/button/span
Found Element By : By.xpath: //span/form/div[3]/button/span
Trying to find Element By : By.xpath: //span/form/div[3]/button/span
Found Element By : By.xpath: //span/form/div[3]/button/span
Trying to find Element By : By.xpath: //span/form/div[3]/button/span
Found Element By : By.xpath: //span/form/div[3]/button/span
Trying to find Element By : By.xpath: //span/form/div[3]/button/span
Found Element By : By.xpath: //span/form/div[3]/button/span
Trying to find Element By : By.xpath: //span/form/div[3]/button/span
Found Element By : By.xpath: //span/form/div[3]/button/span
Trying to find Element By : By.xpath: //span/form/div[3]/button/span
Found Element By : By.xpath: //span/form/div[3]/button/span
Trying to find Element By : By.xpath: //span/form/div[3]/button/span
Found Element By : By.xpath: //span/form/div[3]/button/span
Trying to find Element By : By.xpath: //span/form/div[3]/button/span
Found Element By : By.xpath: //span/form/div[3]/button/span
Trying to find Element By : By.xpath: //span/form/div[3]/button/span
Found Element By : By.xpath: //span/form/div[3]/button/span
Trying to find Element By : By.xpath: //span/form/div[3]/button/span
Found Element By : By.xpath: //span/form/div[3]/button/span
Trying to find Element By : By.xpath: //span/form/div[3]/button/span
Found Element By : By.xpath: //span/form/div[3]/button/span
Trying to find Element By : By.xpath: //span/form/div[3]/button/span
Found Element By : By.xpath: //span/form/div[3]/button/span
Trying to find Element By : By.xpath: //span/form/div[3]/button/span
Found Element By : By.xpath: //span/form/div[3]/button/span
Trying to find Element By : By.xpath: //span/form/div[3]/button/span
Found Element By : By.xpath: //span/form/div[3]/button/span
Trying to find Element By : By.xpath: //span/form/div[3]/button/span
Found Element By : By.xpath: //span/form/div[3]/button/span
Trying to find Element By : By.xpath: //span/form/div[3]/button/span
Found Element By : By.xpath: //span/form/div[3]/button/span
Trying to find Element By : By.xpath: //span/form/div[3]/button/span
Found Element By : By.xpath: //span/form/div[3]/button/span
Trying to find Element By : By.xpath: //span/form/div[3]/button/span
Found Element By : By.xpath: //span/form/div[3]/button/span
Trying to find Element By : By.xpath: //span/form/div[3]/button/span
Found Element By : By.xpath: //span/form/div[3]/button/span
Trying to find Element By : By.xpath: //span/form/div[3]/button/span
Found Element By : By.xpath: //span/form/div[3]/button/span
Trying to find Element By : By.xpath: //span/form/div[3]/button/span
Found Element By : By.xpath: //span/form/div[3]/button/span
Trying to find Element By : By.xpath: //span/form/div[3]/button/span
Found Element By : By.xpath: //span/form/div[3]/button/span
Trying to find Element By : By.xpath: //span/form/div[3]/button/span
Found Element By : By.xpath: //span/form/div[3]/button/span
Trying to find Element By : By.xpath: //span/form/div[3]/button/span
Found Element By : By.xpath: //span/form/div[3]/button/span
Trying to find Element By : By.xpath: //span/form/div[3]/button/span
Found Element By : By.xpath: //span/form/div[3]/button/span
Trying to find Element By : By.xpath: //span/form/div[3]/button/span
Found Element By : By.xpath: //span/form/div[3]/button/span
Trying to find Element By : By.xpath: //span/form/div[3]/button/span
Found Element By : By.xpath: //span/form/div[3]/button/span
Trying to find Element By : By.xpath: //span/form/div[3]/button/span
Found Element By : By.xpath: //span/form/div[3]/button/span
Trying to find Element By : By.xpath: //span/form/div[3]/button/span
Found Element By : By.xpath: //span/form/div[3]/button/span
Trying to find Element By : By.xpath: //span/form/div[3]/button/span
Found Element By : By.xpath: //span/form/div[3]/button/span
Trying to find Element By : By.xpath: //span/form/div[3]/button/span
Found Element By : By.xpath: //span/form/div[3]/button/span
Trying to find Element By : By.xpath: //span/form/div[3]/button/span
Found Element By : By.xpath: //span/form/div[3]/button/span
Trying to find Element By : By.xpath: //span/form/div[3]/button/span
Found Element By : By.xpath: //span/form/div[3]/button/span
Trying to find Element By : By.xpath: //span/form/div[3]/button/span
Found Element By : By.xpath: //span/form/div[3]/button/span
Trying to find Element By : By.xpath: //span/form/div[3]/button/span
Found Element By : By.xpath: //span/form/div[3]/button/span
Trying to find Element By : By.xpath: //span/form/div[3]/button/span
Found Element By : By.xpath: //span/form/div[3]/button/span
Trying to find Element By : By.xpath: //span/form/div[3]/button/span
Found Element By : By.xpath: //span/form/div[3]/button/span
Trying to find Element By : By.xpath: //span/form/div[3]/button/span
Found Element By : By.xpath: //span/form/div[3]/button/span
Trying to find Element By : By.xpath: //span/form/div[3]/button/span
Found Element By : By.xpath: //span/form/div[3]/button/span
Trying to find Element By : By.xpath: //span/form/div[3]/button/span
Found Element By : By.xpath: //span/form/div[3]/button/span
Trying to find Element By : By.xpath: //span/form/div[3]/button/span
Found Element By : By.xpath: //span/form/div[3]/button/span
Trying to find Element By : By.xpath: //span/form/div[3]/button/span
Found Element By : By.xpath: //span/form/div[3]/button/span
Trying to find Element By : By.xpath: //span/form/div[3]/button/span
Found Element By : By.xpath: //span/form/div[3]/button/span
Trying to find Element By : By.xpath: //span/form/div[3]/button/span
Found Element By : By.xpath: //span/form/div[3]/button/span
Trying to find Element By : By.xpath: //span/form/div[3]/button/span
Found Element By : By.xpath: //span/form/div[3]/button/span
Trying to find Element By : By.xpath: //span/form/div[3]/button/span
Found Element By : By.xpath: //span/form/div[3]/button/span
Trying to find Element By : By.xpath: //span/form/div[3]/button/span
Found Element By : By.xpath: //span/form/div[3]/button/span
Trying to find Element By : By.xpath: //span/form/div[3]/button/span
Found Element By : By.xpath: //span/form/div[3]/button/span
Trying to find Element By : By.xpath: //span/form/div[3]/button/span
Found Element By : By.xpath: //span/form/div[3]/button/span
Trying to find Element By : By.xpath: //span/form/div[3]/button/span
Found Element By : By.xpath: //span/form/div[3]/button/span
Trying to find Element By : By.xpath: //span/form/div[3]/button/span
Found Element By : By.xpath: //span/form/div[3]/button/span
Trying to find Element By : By.xpath: //span/form/div[3]/button/span
Found Element By : By.xpath: //span/form/div[3]/button/span
Trying to find Element By : By.xpath: //span/form/div[3]/button/span
Found Element By : By.xpath: //span/form/div[3]/button/span
Trying to find Element By : By.xpath: //span/form/div[3]/button/span
Found Element By : By.xpath: //span/form/div[3]/button/span
Trying to find Element By : By.xpath: //span/form/div[3]/button/span
Found Element By : By.xpath: //span/form/div[3]/button/span
Trying to find Element By : By.xpath: //span/form/div[3]/button/span
Found Element By : By.xpath: //span/form/div[3]/button/span
Trying to find Element By : By.xpath: //span/form/div[3]/button/span
Found Element By : By.xpath: //span/form/div[3]/button/span
Trying to find Element By : By.xpath: //span/form/div[3]/button/span
Found Element By : By.xpath: //span/form/div[3]/button/span
Trying to find Element By : By.xpath: //span/form/div[3]/button/span
Found Element By : By.xpath: //span/form/div[3]/button/span
Trying to find Element By : By.xpath: //span/form/div[3]/button/span
Found Element By : By.xpath: //span/form/div[3]/button/span
Trying to find Element By : By.xpath: //span/form/div[3]/button/span
Found Element By : By.xpath: //span/form/div[3]/button/span
Trying to find Element By : By.xpath: //span/form/div[3]/button/span
Found Element By : By.xpath: //span/form/div[3]/button/span
Trying to find Element By : By.xpath: //span/form/div[3]/button/span
Found Element By : By.xpath: //span/form/div[3]/button/span
Trying to find Element By : By.xpath: //span/form/div[3]/button/span
Found Element By : By.xpath: //span/form/div[3]/button/span
Trying to find Element By : By.xpath: //span/form/div[3]/button/span
Found Element By : By.xpath: //span/form/div[3]/button/span
Trying to find Element By : By.xpath: //span/form/div[3]/button/span
Found Element By : By.xpath: //span/form/div[3]/button/span
Trying to find Element By : By.xpath: //span/form/div[3]/button/span
Found Element By : By.xpath: //span/form/div[3]/button/span
Trying to find Element By : By.xpath: //span/form/div[3]/button/span
Found Element By : By.xpath: //span/form/div[3]/button/span
Trying to find Element By : By.xpath: //span/form/div[3]/button/span
Found Element By : By.xpath: //span/form/div[3]/button/span
Trying to find Element By : By.xpath: //span/form/div[3]/button/span
Found Element By : By.xpath: //span/form/div[3]/button/span
Trying to find Element By : By.xpath: //span/form/div[3]/button/span
Found Element By : By.xpath: //span/form/div[3]/button/span
Trying to find Element By : By.xpath: //span/form/div[3]/button/span
Found Element By : By.xpath: //span/form/div[3]/button/span
Trying to find Element By : By.xpath: //span/form/div[3]/button/span
Found Element By : By.xpath: //span/form/div[3]/button/span
Trying to find Element By : By.xpath: //span/form/div[3]/button/span
Found Element By : By.xpath: //span/form/div[3]/button/span
Trying to find Element By : By.xpath: //span/form/div[3]/button/span
Found Element By : By.xpath: //span/form/div[3]/button/span
Trying to find Element By : By.xpath: //span/form/div[3]/button/span
Found Element By : By.xpath: //span/form/div[3]/button/span
Trying to find Element By : By.xpath: //span/form/div[3]/button/span
Found Element By : By.xpath: //span/form/div[3]/button/span
Trying to find Element By : By.xpath: //span/form/div[3]/button/span
Found Element By : By.xpath: //span/form/div[3]/button/span
Trying to find Element By : By.xpath: //span/form/div[3]/button/span
Found Element By : By.xpath: //span/form/div[3]/button/span
Trying to find Element By : By.xpath: //span/form/div[3]/button/span
Found Element By : By.xpath: //span/form/div[3]/button/span
Trying to find Element By : By.xpath: //span/form/div[3]/button/span
Found Element By : By.xpath: //span/form/div[3]/button/span
Trying to find Element By : By.xpath: //span/form/div[3]/button/span
Found Element By : By.xpath: //span/form/div[3]/button/span
Trying to find Element By : By.xpath: //span/form/div[3]/button/span
Found Element By : By.xpath: //span/form/div[3]/button/span
Trying to find Element By : By.xpath: //span/form/div[3]/button/span
Found Element By : By.xpath: //span/form/div[3]/button/span
Trying to find Element By : By.xpath: //span/form/div[3]/button/span
Found Element By : By.xpath: //span/form/div[3]/button/span
Trying to find Element By : By.xpath: //span/form/div[3]/button/span
Found Element By : By.xpath: //span/form/div[3]/button/span
Trying to find Element By : By.xpath: //span/form/div[3]/button/span
Found Element By : By.xpath: //span/form/div[3]/button/span
Trying to find Element By : By.xpath: //span/form/div[3]/button/span
Found Element By : By.xpath: //span/form/div[3]/button/span
Trying to find Element By : By.xpath: //span/form/div[3]/button/span
Found Element By : By.xpath: //span/form/div[3]/button/span
Trying to find Element By : By.xpath: //span/form/div[3]/button/span
Found Element By : By.xpath: //span/form/div[3]/button/span
Trying to find Element By : By.xpath: //span/form/div[3]/button/span
Found Element By : By.xpath: //span/form/div[3]/button/span
Trying to find Element By : By.xpath: //span/form/div[3]/button/span
Found Element By : By.xpath: //span/form/div[3]/button/span
Trying to find Element By : By.xpath: //span/form/div[3]/button/span
Found Element By : By.xpath: //span/form/div[3]/button/span
Trying to find Element By : By.xpath: //span/form/div[3]/button/span
Found Element By : By.xpath: //span/form/div[3]/button/span
Trying to find Element By : By.xpath: //span/form/div[3]/button/span
Found Element By : By.xpath: //span/form/div[3]/button/span
Trying to find Element By : By.xpath: //span/form/div[3]/button/span
Found Element By : By.xpath: //span/form/div[3]/button/span
Trying to find Element By : By.xpath: //span/form/div[3]/button/span
Found Element By : By.xpath: //span/form/div[3]/button/span
Trying to find Element By : By.xpath: //span/form/div[3]/button/span
Found Element By : By.xpath: //span/form/div[3]/button/span
Trying to find Element By : By.xpath: //span/form/div[3]/button/span
Found Element By : By.xpath: //span/form/div[3]/button/span
Trying to find Element By : By.xpath: //span/form/div[3]/button/span
Found Element By : By.xpath: //span/form/div[3]/button/span
Trying to find Element By : By.xpath: //span/form/div[3]/button/span
Found Element By : By.xpath: //span/form/div[3]/button/span
Trying to find Element By : By.xpath: //span/form/div[3]/button/span
Found Element By : By.xpath: //span/form/div[3]/button/span
Trying to find Element By : By.xpath: //span/form/div[3]/button/span
Found Element By : By.xpath: //span/form/div[3]/button/span
Trying to find Element By : By.xpath: //span/form/div[3]/button/span
Found Element By : By.xpath: //span/form/div[3]/button/span
Trying to find Element By : By.xpath: //span/form/div[3]/button/span
Found Element By : By.xpath: //span/form/div[3]/button/span
Trying to find Element By : By.xpath: //span/form/div[3]/button/span
Found Element By : By.xpath: //span/form/div[3]/button/span
Trying to find Element By : By.xpath: //span/form/div[3]/button/span
Found Element By : By.xpath: //span/form/div[3]/button/span
Trying to find Element By : By.xpath: //span/form/div[3]/button/span
Found Element By : By.xpath: //span/form/div[3]/button/span
Trying to find Element By : By.xpath: //span/form/div[3]/button/span
Found Element By : By.xpath: //span/form/div[3]/button/span
Trying to find Element By : By.xpath: //span/form/div[3]/button/span
Found Element By : By.xpath: //span/form/div[3]/button/span
Trying to find Element By : By.xpath: //span/form/div[3]/button/span
Found Element By : By.xpath: //span/form/div[3]/button/span
Trying to find Element By : By.xpath: //span/form/div[3]/button/span
Found Element By : By.xpath: //span/form/div[3]/button/span
Trying to find Element By : By.xpath: //span/form/div[3]/button/span
Found Element By : By.xpath: //span/form/div[3]/button/span
Trying to find Element By : By.xpath: //span/form/div[3]/button/span
Found Element By : By.xpath: //span/form/div[3]/button/span
Trying to find Element By : By.xpath: //span/form/div[3]/button/span
Found Element By : By.xpath: //span/form/div[3]/button/span
Trying to find Element By : By.xpath: //span/form/div[3]/button/span
Found Element By : By.xpath: //span/form/div[3]/button/span
Trying to find Element By : By.xpath: //span/form/div[3]/button/span
Found Element By : By.xpath: //span/form/div[3]/button/span
Trying to find Element By : By.xpath: //span/form/div[3]/button/span
Found Element By : By.xpath: //span/form/div[3]/button/span
Trying to find Element By : By.xpath: //span/form/div[3]/button/span
Found Element By : By.xpath: //span/form/div[3]/button/span
Trying to find Element By : By.xpath: //span/form/div[3]/button/span
Found Element By : By.xpath: //span/form/div[3]/button/span
Trying to find Element By : By.xpath: //span/form/div[3]/button/span
Found Element By : By.xpath: //span/form/div[3]/button/span
Trying to find Element By : By.xpath: //span/form/div[3]/button/span
Found Element By : By.xpath: //span/form/div[3]/button/span
Trying to find Element By : By.xpath: //span/form/div[3]/button/span
Found Element By : By.xpath: //span/form/div[3]/button/span
Trying to find Element By : By.xpath: //span/form/div[3]/button/span
Found Element By : By.xpath: //span/form/div[3]/button/span
Trying to find Element By : By.xpath: //span/form/div[3]/button/span
Found Element By : By.xpath: //span/form/div[3]/button/span
Trying to find Element By : By.xpath: //span/form/div[3]/button/span
Found Element By : By.xpath: //span/form/div[3]/button/span
Trying to find Element By : By.xpath: //span/form/div[3]/button/span
Found Element By : By.xpath: //span/form/div[3]/button/span
Trying to find Element By : By.xpath: //span/form/div[3]/button/span
Found Element By : By.xpath: //span/form/div[3]/button/span
Trying to find Element By : By.xpath: //span/form/div[3]/button/span
Found Element By : By.xpath: //span/form/div[3]/button/span
Trying to find Element By : By.xpath: //span/form/div[3]/button/span
Found Element By : By.xpath: //span/form/div[3]/button/span
Trying to find Element By : By.xpath: //span/form/div[3]/button/span
Found Element By : By.xpath: //span/form/div[3]/button/span
Trying to find Element By : By.xpath: //span/form/div[3]/button/span
Found Element By : By.xpath: //span/form/div[3]/button/span
Trying to find Element By : By.xpath: //span/form/div[3]/button/span
Found Element By : By.xpath: //span/form/div[3]/button/span
Trying to find Element By : By.xpath: //span/form/div[3]/button/span
Found Element By : By.xpath: //span/form/div[3]/button/span
Trying to find Element By : By.xpath: //span/form/div[3]/button/span
Found Element By : By.xpath: //span/form/div[3]/button/span
Trying to find Element By : By.xpath: //span/form/div[3]/button/span
Found Element By : By.xpath: //span/form/div[3]/button/span
Trying to find Element By : By.xpath: //span/form/div[3]/button/span
Found Element By : By.xpath: //span/form/div[3]/button/span
Trying to find Element By : By.xpath: //span/form/div[3]/button/span
Found Element By : By.xpath: //span/form/div[3]/button/span
Trying to find Element By : By.xpath: //span/form/div[3]/button/span
Found Element By : By.xpath: //span/form/div[3]/button/span
Trying to find Element By : By.xpath: //span/form/div[3]/button/span
Found Element By : By.xpath: //span/form/div[3]/button/span
Trying to find Element By : By.xpath: //span/form/div[3]/button/span
Found Element By : By.xpath: //span/form/div[3]/button/span
Trying to find Element By : By.xpath: //span/form/div[3]/button/span
Found Element By : By.xpath: //span/form/div[3]/button/span
Trying to find Element By : By.xpath: //span/form/div[3]/button/span
Found Element By : By.xpath: //span/form/div[3]/button/span
Trying to find Element By : By.xpath: //span/form/div[3]/button/span
Found Element By : By.xpath: //span/form/div[3]/button/span
Trying to find Element By : By.xpath: //span/form/div[3]/button/span
Found Element By : By.xpath: //span/form/div[3]/button/span
Trying to find Element By : By.xpath: //span/form/div[3]/button/span
Found Element By : By.xpath: //span/form/div[3]/button/span
Trying to find Element By : By.xpath: //span/form/div[3]/button/span
Found Element By : By.xpath: //span/form/div[3]/button/span
Trying to find Element By : By.xpath: //span/form/div[3]/button/span
Found Element By : By.xpath: //span/form/div[3]/button/span
Trying to find Element By : By.xpath: //span/form/div[3]/button/span
Found Element By : By.xpath: //span/form/div[3]/button/span
Trying to find Element By : By.xpath: //span/form/div[3]/button/span
Found Element By : By.xpath: //span/form/div[3]/button/span
Trying to find Element By : By.xpath: //span/form/div[3]/button/span
Found Element By : By.xpath: //span/form/div[3]/button/span
Trying to find Element By : By.xpath: //span/form/div[3]/button/span
Found Element By : By.xpath: //span/form/div[3]/button/span
Trying to find Element By : By.xpath: //span/form/div[3]/button/span
Found Element By : By.xpath: //span/form/div[3]/button/span
Trying to find Element By : By.xpath: //span/form/div[3]/button/span
Found Element By : By.xpath: //span/form/div[3]/button/span
Trying to find Element By : By.xpath: //span/form/div[3]/button/span
Found Element By : By.xpath: //span/form/div[3]/button/span
Trying to find Element By : By.xpath: //span/form/div[3]/button/span
Found Element By : By.xpath: //span/form/div[3]/button/span
Trying to find Element By : By.xpath: //span/form/div[3]/button/span
Found Element By : By.xpath: //span/form/div[3]/button/span
Trying to find Element By : By.xpath: //span/form/div[3]/button/span
Found Element By : By.xpath: //span/form/div[3]/button/span
Trying to find Element By : By.xpath: //span/form/div[3]/button/span
Found Element By : By.xpath: //span/form/div[3]/button/span
Trying to find Element By : By.xpath: //span/form/div[3]/button/span
Found Element By : By.xpath: //span/form/div[3]/button/span
Trying to find Element By : By.xpath: //span/form/div[3]/button/span
Found Element By : By.xpath: //span/form/div[3]/button/span
Trying to find Element By : By.xpath: //span/form/div[3]/button/span
Found Element By : By.xpath: //span/form/div[3]/button/span
Trying to find Element By : By.xpath: //span/form/div[3]/button/span
Found Element By : By.xpath: //span/form/div[3]/button/span
Trying to find Element By : By.xpath: //span/form/div[3]/button/span
Found Element By : By.xpath: //span/form/div[3]/button/span
Trying to find Element By : By.xpath: //span/form/div[3]/button/span
Found Element By : By.xpath: //span/form/div[3]/button/span
Trying to find Element By : By.xpath: //span/form/div[3]/button/span
Found Element By : By.xpath: //span/form/div[3]/button/span
Trying to find Element By : By.xpath: //span/form/div[3]/button/span
Found Element By : By.xpath: //span/form/div[3]/button/span
Trying to find Element By : By.xpath: //span/form/div[3]/button/span
Found Element By : By.xpath: //span/form/div[3]/button/span
Trying to find Element By : By.xpath: //span/form/div[3]/button/span
Found Element By : By.xpath: //span/form/div[3]/button/span
Trying to find Element By : By.xpath: //span/form/div[3]/button/span
Found Element By : By.xpath: //span/form/div[3]/button/span
Trying to find Element By : By.xpath: //span/form/div[3]/button/span
Found Element By : By.xpath: //span/form/div[3]/button/span
Trying to find Element By : By.xpath: //span/form/div[3]/button/span
Found Element By : By.xpath: //span/form/div[3]/button/span
Trying to find Element By : By.xpath: //span/form/div[3]/button/span
Found Element By : By.xpath: //span/form/div[3]/button/span
Trying to find Element By : By.xpath: //span/form/div[3]/button/span
Found Element By : By.xpath: //span/form/div[3]/button/span
Trying to find Element By : By.xpath: //span/form/div[3]/button/span
Found Element By : By.xpath: //span/form/div[3]/button/span
Trying to find Element By : By.xpath: //span/form/div[3]/button/span
Found Element By : By.xpath: //span/form/div[3]/button/span
Trying to find Element By : By.xpath: //span/form/div[3]/button/span
Found Element By : By.xpath: //span/form/div[3]/button/span
Trying to find Element By : By.xpath: //span/form/div[3]/button/span
Found Element By : By.xpath: //span/form/div[3]/button/span
Trying to find Element By : By.xpath: //span/form/div[3]/button/span
Found Element By : By.xpath: //span/form/div[3]/button/span
Trying to find Element By : By.xpath: //span/form/div[3]/button/span
Found Element By : By.xpath: //span/form/div[3]/button/span
Trying to find Element By : By.xpath: //span/form/div[3]/button/span
Found Element By : By.xpath: //span/form/div[3]/button/span
Trying to find Element By : By.xpath: //span/form/div[3]/button/span
Found Element By : By.xpath: //span/form/div[3]/button/span
Trying to find Element By : By.xpath: //span/form/div[3]/button/span
Found Element By : By.xpath: //span/form/div[3]/button/span
Trying to find Element By : By.xpath: //span/form/div[3]/button/span
Found Element By : By.xpath: //span/form/div[3]/button/span
Trying to find Element By : By.xpath: //span/form/div[3]/button/span
Found Element By : By.xpath: //span/form/div[3]/button/span
Trying to find Element By : By.xpath: //span/form/div[3]/button/span
Found Element By : By.xpath: //span/form/div[3]/button/span
Trying to find Element By : By.xpath: //span/form/div[3]/button/span
Found Element By : By.xpath: //span/form/div[3]/button/span
Trying to find Element By : By.xpath: //span/form/div[3]/button/span
Found Element By : By.xpath: //span/form/div[3]/button/span
Trying to find Element By : By.xpath: //span/form/div[3]/button/span
Found Element By : By.xpath: //span/form/div[3]/button/span
Trying to find Element By : By.xpath: //span/form/div[3]/button/span
Found Element By : By.xpath: //span/form/div[3]/button/span
Trying to find Element By : By.xpath: //span/form/div[3]/button/span
Found Element By : By.xpath: //span/form/div[3]/button/span
Trying to find Element By : By.xpath: //span/form/div[3]/button/span
Found Element By : By.xpath: //span/form/div[3]/button/span
Trying to find Element By : By.xpath: //span/form/div[3]/button/span
Found Element By : By.xpath: //span/form/div[3]/button/span
Trying to find Element By : By.xpath: //span/form/div[3]/button/span
Found Element By : By.xpath: //span/form/div[3]/button/span
Trying to find Element By : By.xpath: //span/form/div[3]/button/span
Found Element By : By.xpath: //span/form/div[3]/button/span
Trying to find Element By : By.xpath: //span/form/div[3]/button/span
Found Element By : By.xpath: //span/form/div[3]/button/span
Trying to find Element By : By.xpath: //span/form/div[3]/button/span
Found Element By : By.xpath: //span/form/div[3]/button/span
Trying to find Element By : By.xpath: //span/form/div[3]/button/span
Found Element By : By.xpath: //span/form/div[3]/button/span
Trying to find Element By : By.xpath: //span/form/div[3]/button/span
Found Element By : By.xpath: //span/form/div[3]/button/span
Trying to find Element By : By.xpath: //span/form/div[3]/button/span
Found Element By : By.xpath: //span/form/div[3]/button/span
Trying to find Element By : By.xpath: //span/form/div[3]/button/span
Found Element By : By.xpath: //span/form/div[3]/button/span
Trying to find Element By : By.xpath: //span/form/div[3]/button/span
Found Element By : By.xpath: //span/form/div[3]/button/span
Trying to find Element By : By.xpath: //span/form/div[3]/button/span
Found Element By : By.xpath: //span/form/div[3]/button/span
Trying to find Element By : By.xpath: //span/form/div[3]/button/span
Found Element By : By.xpath: //span/form/div[3]/button/span
Trying to find Element By : By.xpath: //span/form/div[3]/button/span
Found Element By : By.xpath: //span/form/div[3]/button/span
Trying to find Element By : By.xpath: //span/form/div[3]/button/span
Found Element By : By.xpath: //span/form/div[3]/button/span
Trying to find Element By : By.xpath: //span/form/div[3]/button/span
Found Element By : By.xpath: //span/form/div[3]/button/span
Trying to find Element By : By.xpath: //span/form/div[3]/button/span
Found Element By : By.xpath: //span/form/div[3]/button/span
Trying to find Element By : By.xpath: //span/form/div[3]/button/span
Found Element By : By.xpath: //span/form/div[3]/button/span
Trying to find Element By : By.xpath: //span/form/div[3]/button/span
Found Element By : By.xpath: //span/form/div[3]/button/span
Trying to find Element By : By.xpath: //span/form/div[3]/button/span
Found Element By : By.xpath: //span/form/div[3]/button/span
Trying to find Element By : By.xpath: //span/form/div[3]/button/span
Found Element By : By.xpath: //span/form/div[3]/button/span
Trying to find Element By : By.xpath: //span/form/div[3]/button/span
Found Element By : By.xpath: //span/form/div[3]/button/span
Trying to find Element By : By.xpath: //span/form/div[3]/button/span
Found Element By : By.xpath: //span/form/div[3]/button/span
Trying to find Element By : By.xpath: //span/form/div[3]/button/span
Found Element By : By.xpath: //span/form/div[3]/button/span
Trying to find Element By : By.xpath: //span/form/div[3]/button/span
Found Element By : By.xpath: //span/form/div[3]/button/span
Trying to find Element By : By.xpath: //span/form/div[3]/button/span
Found Element By : By.xpath: //span/form/div[3]/button/span
Trying to find Element By : By.xpath: //span/form/div[3]/button/span
Found Element By : By.xpath: //span/form/div[3]/button/span
Trying to find Element By : By.xpath: //span/form/div[3]/button/span
Found Element By : By.xpath: //span/form/div[3]/button/span
Trying to find Element By : By.xpath: //span/form/div[3]/button/span
Found Element By : By.xpath: //span/form/div[3]/button/span
Trying to find Element By : By.xpath: //span/form/div[3]/button/span
Found Element By : By.xpath: //span/form/div[3]/button/span
Trying to find Element By : By.xpath: //span/form/div[3]/button/span
Found Element By : By.xpath: //span/form/div[3]/button/span
Trying to find Element By : By.xpath: //span/form/div[3]/button/span
Found Element By : By.xpath: //span/form/div[3]/button/span
Trying to find Element By : By.xpath: //span/form/div[3]/button/span
Found Element By : By.xpath: //span/form/div[3]/button/span
Trying to find Element By : By.xpath: //span/form/div[3]/button/span
Found Element By : By.xpath: //span/form/div[3]/button/span
Trying to find Element By : By.xpath: //span/form/div[3]/button/span
Found Element By : By.xpath: //span/form/div[3]/button/span
Trying to find Element By : By.xpath: //span/form/div[3]/button/span
Found Element By : By.xpath: //span/form/div[3]/button/span
Trying to find Element By : By.xpath: //span/form/div[3]/button/span
Found Element By : By.xpath: //span/form/div[3]/button/span
Trying to find Element By : By.xpath: //span/form/div[3]/button/span
Found Element By : By.xpath: //span/form/div[3]/button/span
Trying to find Element By : By.xpath: //span/form/div[3]/button/span
Found Element By : By.xpath: //span/form/div[3]/button/span
Trying to find Element By : By.xpath: //span/form/div[3]/button/span
Found Element By : By.xpath: //span/form/div[3]/button/span
Trying to find Element By : By.xpath: //span/form/div[3]/button/span
Found Element By : By.xpath: //span/form/div[3]/button/span
Trying to find Element By : By.xpath: //span/form/div[3]/button/span
Found Element By : By.xpath: //span/form/div[3]/button/span
Trying to find Element By : By.xpath: //span/form/div[3]/button/span
Found Element By : By.xpath: //span/form/div[3]/button/span
Trying to find Element By : By.xpath: //span/form/div[3]/button/span
Found Element By : By.xpath: //span/form/div[3]/button/span
Trying to find Element By : By.xpath: //span/form/div[3]/button/span
Found Element By : By.xpath: //span/form/div[3]/button/span
Trying to find Element By : By.xpath: //span/form/div[3]/button/span
Found Element By : By.xpath: //span/form/div[3]/button/span
Trying to find Element By : By.xpath: //span/form/div[3]/button/span
Found Element By : By.xpath: //span/form/div[3]/button/span
Trying to find Element By : By.xpath: //span/form/div[3]/button/span
Found Element By : By.xpath: //span/form/div[3]/button/span
Trying to find Element By : By.xpath: //span/form/div[3]/button/span
Found Element By : By.xpath: //span/form/div[3]/button/span
Trying to find Element By : By.xpath: //span/form/div[3]/button/span
Found Element By : By.xpath: //span/form/div[3]/button/span
Trying to find Element By : By.xpath: //span/form/div[3]/button/span
Found Element By : By.xpath: //span/form/div[3]/button/span
Trying to find Element By : By.xpath: //span/form/div[3]/button/span
Found Element By : By.xpath: //span/form/div[3]/button/span
Trying to find Element By : By.xpath: //span/form/div[3]/button/span
Found Element By : By.xpath: //span/form/div[3]/button/span
Trying to find Element By : By.xpath: //span/form/div[3]/button/span
Found Element By : By.xpath: //span/form/div[3]/button/span
Trying to find Element By : By.xpath: //span/form/div[3]/button/span
Found Element By : By.xpath: //span/form/div[3]/button/span
Trying to find Element By : By.xpath: //span/form/div[3]/button/span
Found Element By : By.xpath: //span/form/div[3]/button/span
Trying to find Element By : By.xpath: //span/form/div[3]/button/span
Found Element By : By.xpath: //span/form/div[3]/button/span
Trying to find Element By : By.xpath: //span/form/div[3]/button/span
Found Element By : By.xpath: //span/form/div[3]/button/span
Trying to find Element By : By.xpath: //span/form/div[3]/button/span
Found Element By : By.xpath: //span/form/div[3]/button/span
Trying to find Element By : By.xpath: //span/form/div[3]/button/span
Found Element By : By.xpath: //span/form/div[3]/button/span
Trying to find Element By : By.xpath: //span/form/div[3]/button/span
Found Element By : By.xpath: //span/form/div[3]/button/span
Trying to find Element By : By.xpath: //span/form/div[3]/button/span
Found Element By : By.xpath: //span/form/div[3]/button/span
Trying to find Element By : By.xpath: //span/form/div[3]/button/span
Found Element By : By.xpath: //span/form/div[3]/button/span
Trying to find Element By : By.xpath: //span/form/div[3]/button/span
Found Element By : By.xpath: //span/form/div[3]/button/span
Trying to find Element By : By.xpath: //span/form/div[3]/button/span
Found Element By : By.xpath: //span/form/div[3]/button/span
Trying to find Element By : By.xpath: //span/form/div[3]/button/span
Found Element By : By.xpath: //span/form/div[3]/button/span
Trying to find Element By : By.xpath: //span/form/div[3]/button/span
Found Element By : By.xpath: //span/form/div[3]/button/span
Trying to find Element By : By.xpath: //span/form/div[3]/button/span
Found Element By : By.xpath: //span/form/div[3]/button/span
Trying to find Element By : By.xpath: //span/form/div[3]/button/span
Found Element By : By.xpath: //span/form/div[3]/button/span
Trying to find Element By : By.xpath: //span/form/div[3]/button/span
Found Element By : By.xpath: //span/form/div[3]/button/span
Trying to find Element By : By.xpath: //span/form/div[3]/button/span
Found Element By : By.xpath: //span/form/div[3]/button/span
Trying to find Element By : By.xpath: //span/form/div[3]/button/span
Found Element By : By.xpath: //span/form/div[3]/button/span
Trying to find Element By : By.xpath: //span/form/div[3]/button/span
Found Element By : By.xpath: //span/form/div[3]/button/span
Trying to find Element By : By.xpath: //span/form/div[3]/button/span
Found Element By : By.xpath: //span/form/div[3]/button/span
Trying to find Element By : By.xpath: //span/form/div[3]/button/span
Found Element By : By.xpath: //span/form/div[3]/button/span
Trying to find Element By : By.xpath: //span/form/div[3]/button/span
Found Element By : By.xpath: //span/form/div[3]/button/span
Trying to find Element By : By.xpath: //span/form/div[3]/button/span
Found Element By : By.xpath: //span/form/div[3]/button/span
Trying to find Element By : By.xpath: //span/form/div[3]/button/span
Found Element By : By.xpath: //span/form/div[3]/button/span
Trying to find Element By : By.xpath: //span/form/div[3]/button/span
Found Element By : By.xpath: //span/form/div[3]/button/span
Trying to find Element By : By.xpath: //span/form/div[3]/button/span
Found Element By : By.xpath: //span/form/div[3]/button/span
Trying to find Element By : By.xpath: //span/form/div[3]/button/span
Found Element By : By.xpath: //span/form/div[3]/button/span
Trying to find Element By : By.xpath: //span/form/div[3]/button/span
Found Element By : By.xpath: //span/form/div[3]/button/span
Trying to find Element By : By.xpath: //span/form/div[3]/button/span
Found Element By : By.xpath: //span/form/div[3]/button/span
Trying to find Element By : By.xpath: //span/form/div[3]/button/span
Found Element By : By.xpath: //span/form/div[3]/button/span
Trying to find Element By : By.xpath: //span/form/div[3]/button/span
Found Element By : By.xpath: //span/form/div[3]/button/span
Trying to find Element By : By.xpath: //span/form/div[3]/button/span
Found Element By : By.xpath: //span/form/div[3]/button/span
Trying to find Element By : By.xpath: //span/form/div[3]/button/span
Found Element By : By.xpath: //span/form/div[3]/button/span
Trying to find Element By : By.xpath: //span/form/div[3]/button/span
Found Element By : By.xpath: //span/form/div[3]/button/span
Trying to find Element By : By.xpath: //span/form/div[3]/button/span
Found Element By : By.xpath: //span/form/div[3]/button/span
Trying to find Element By : By.xpath: //span/form/div[3]/button/span
Found Element By : By.xpath: //span/form/div[3]/button/span
Trying to find Element By : By.xpath: //span/form/div[3]/button/span
Found Element By : By.xpath: //span/form/div[3]/button/span
Trying to find Element By : By.xpath: //span/form/div[3]/button/span
Found Element By : By.xpath: //span/form/div[3]/button/span
Trying to find Element By : By.xpath: //span/form/div[3]/button/span
Found Element By : By.xpath: //span/form/div[3]/button/span
Trying to find Element By : By.xpath: //span/form/div[3]/button/span
Found Element By : By.xpath: //span/form/div[3]/button/span
Trying to find Element By : By.xpath: //span/form/div[3]/button/span
Found Element By : By.xpath: //span/form/div[3]/button/span
Trying to find Element By : By.xpath: //span/form/div[3]/button/span
Found Element By : By.xpath: //span/form/div[3]/button/span
Trying to find Element By : By.xpath: //span/form/div[3]/button/span
Found Element By : By.xpath: //span/form/div[3]/button/span
Trying to find Element By : By.xpath: //span/form/div[3]/button/span
Found Element By : By.xpath: //span/form/div[3]/button/span
Trying to find Element By : By.xpath: //span/form/div[3]/button/span
Found Element By : By.xpath: //span/form/div[3]/button/span
Trying to find Element By : By.xpath: //span/form/div[3]/button/span
Found Element By : By.xpath: //span/form/div[3]/button/span
Trying to find Element By : By.xpath: //span/form/div[3]/button/span
Found Element By : By.xpath: //span/form/div[3]/button/span
Trying to find Element By : By.xpath: //span/form/div[3]/button/span
Found Element By : By.xpath: //span/form/div[3]/button/span
Trying to find Element By : By.xpath: //span/form/div[3]/button/span
Found Element By : By.xpath: //span/form/div[3]/button/span
Trying to find Element By : By.xpath: //span/form/div[3]/button/span
Found Element By : By.xpath: //span/form/div[3]/button/span
Trying to find Element By : By.xpath: //span/form/div[3]/button/span
Found Element By : By.xpath: //span/form/div[3]/button/span
Trying to find Element By : By.xpath: //span/form/div[3]/button/span
Found Element By : By.xpath: //span/form/div[3]/button/span
Trying to find Element By : By.xpath: //span/form/div[3]/button/span
Found Element By : By.xpath: //span/form/div[3]/button/span
Trying to find Element By : By.xpath: //span/form/div[3]/button/span
Found Element By : By.xpath: //span/form/div[3]/button/span
Trying to find Element By : By.xpath: //span/form/div[3]/button/span
Found Element By : By.xpath: //span/form/div[3]/button/span
Trying to find Element By : By.xpath: //span/form/div[3]/button/span
Found Element By : By.xpath: //span/form/div[3]/button/span
Trying to find Element By : By.xpath: //span/form/div[3]/button/span
Found Element By : By.xpath: //span/form/div[3]/button/span
Trying to find Element By : By.xpath: //span/form/div[3]/button/span
Found Element By : By.xpath: //span/form/div[3]/button/span
Trying to find Element By : By.xpath: //span/form/div[3]/button/span
Found Element By : By.xpath: //span/form/div[3]/button/span
Trying to find Element By : By.xpath: //span/form/div[3]/button/span
Found Element By : By.xpath: //span/form/div[3]/button/span
Trying to find Element By : By.xpath: //span/form/div[3]/button/span
Found Element By : By.xpath: //span/form/div[3]/button/span
Trying to find Element By : By.xpath: //span/form/div[3]/button/span
Found Element By : By.xpath: //span/form/div[3]/button/span
Trying to find Element By : By.xpath: //span/form/div[3]/button/span
Found Element By : By.xpath: //span/form/div[3]/button/span
Trying to find Element By : By.xpath: //span/form/div[3]/button/span
Found Element By : By.xpath: //span/form/div[3]/button/span
Trying to find Element By : By.xpath: //span/form/div[3]/button/span
Found Element By : By.xpath: //span/form/div[3]/button/span
Trying to find Element By : By.xpath: //span/form/div[3]/button/span
Found Element By : By.xpath: //span/form/div[3]/button/span
Trying to find Element By : By.xpath: //span/form/div[3]/button/span
Found Element By : By.xpath: //span/form/div[3]/button/span
Trying to find Element By : By.xpath: //span/form/div[3]/button/span
Found Element By : By.xpath: //span/form/div[3]/button/span
Trying to find Element By : By.xpath: //span/form/div[3]/button/span
Found Element By : By.xpath: //span/form/div[3]/button/span
Trying to find Element By : By.xpath: //span/form/div[3]/button/span
Found Element By : By.xpath: //span/form/div[3]/button/span
Trying to find Element By : By.xpath: //span/form/div[3]/button/span
Found Element By : By.xpath: //span/form/div[3]/button/span
Trying to find Element By : By.xpath: //span/form/div[3]/button/span
Found Element By : By.xpath: //span/form/div[3]/button/span
Trying to find Element By : By.xpath: //span/form/div[3]/button/span
Found Element By : By.xpath: //span/form/div[3]/button/span
Trying to find Element By : By.xpath: //span/form/div[3]/button/span
Found Element By : By.xpath: //span/form/div[3]/button/span
Trying to find Element By : By.xpath: //span/form/div[3]/button/span
Found Element By : By.xpath: //span/form/div[3]/button/span
Trying to find Element By : By.xpath: //span/form/div[3]/button/span
Found Element By : By.xpath: //span/form/div[3]/button/span
Trying to find Element By : By.xpath: //span/form/div[3]/button/span
Found Element By : By.xpath: //span/form/div[3]/button/span
Trying to find Element By : By.xpath: //span/form/div[3]/button/span
Found Element By : By.xpath: //span/form/div[3]/button/span
Trying to find Element By : By.xpath: //span/form/div[3]/button/span
Found Element By : By.xpath: //span/form/div[3]/button/span
Trying to find Element By : By.xpath: //span/form/div[3]/button/span
Found Element By : By.xpath: //span/form/div[3]/button/span
Trying to find Element By : By.xpath: //span/form/div[3]/button/span
Found Element By : By.xpath: //span/form/div[3]/button/span
Trying to find Element By : By.xpath: //span/form/div[3]/button/span
Found Element By : By.xpath: //span/form/div[3]/button/span
Trying to find Element By : By.xpath: //span/form/div[3]/button/span
Found Element By : By.xpath: //span/form/div[3]/button/span
Trying to find Element By : By.xpath: //span/form/div[3]/button/span
Found Element By : By.xpath: //span/form/div[3]/button/span
Trying to find Element By : By.xpath: //span/form/div[3]/button/span
Found Element By : By.xpath: //span/form/div[3]/button/span
Trying to find Element By : By.xpath: //span/form/div[3]/button/span
Found Element By : By.xpath: //span/form/div[3]/button/span
Trying to find Element By : By.xpath: //span/form/div[3]/button/span
Found Element By : By.xpath: //span/form/div[3]/button/span
Trying to find Element By : By.xpath: //span/form/div[3]/button/span
Found Element By : By.xpath: //span/form/div[3]/button/span
Trying to find Element By : By.xpath: //span/form/div[3]/button/span
Found Element By : By.xpath: //span/form/div[3]/button/span
Trying to find Element By : By.xpath: //span/form/div[3]/button/span
Found Element By : By.xpath: //span/form/div[3]/button/span
Trying to find Element By : By.xpath: //span/form/div[3]/button/span
Found Element By : By.xpath: //span/form/div[3]/button/span
Trying to find Element By : By.xpath: //span/form/div[3]/button/span
Found Element By : By.xpath: //span/form/div[3]/button/span
Trying to find Element By : By.xpath: //span/form/div[3]/button/span
Found Element By : By.xpath: //span/form/div[3]/button/span
Trying to find Element By : By.xpath: //span/form/div[3]/button/span
Found Element By : By.xpath: //span/form/div[3]/button/span
Trying to find Element By : By.xpath: //span/form/div[3]/button/span
Found Element By : By.xpath: //span/form/div[3]/button/span
Trying to find Element By : By.xpath: //span/form/div[3]/button/span
Found Element By : By.xpath: //span/form/div[3]/button/span
Trying to find Element By : By.xpath: //span/form/div[3]/button/span
Found Element By : By.xpath: //span/form/div[3]/button/span
Trying to find Element By : By.xpath: //span/form/div[3]/button/span
Found Element By : By.xpath: //span/form/div[3]/button/span
Trying to find Element By : By.xpath: //span/form/div[3]/button/span
Found Element By : By.xpath: //span/form/div[3]/button/span
Trying to find Element By : By.xpath: //span/form/div[3]/button/span
Found Element By : By.xpath: //span/form/div[3]/button/span
Trying to find Element By : By.xpath: //span/form/div[3]/button/span
Found Element By : By.xpath: //span/form/div[3]/button/span
Trying to find Element By : By.xpath: //span/form/div[3]/button/span
Found Element By : By.xpath: //span/form/div[3]/button/span
Trying to find Element By : By.xpath: //span/form/div[3]/button/span
Found Element By : By.xpath: //span/form/div[3]/button/span
Trying to find Element By : By.xpath: //span/form/div[3]/button/span
Found Element By : By.xpath: //span/form/div[3]/button/span
Trying to find Element By : By.xpath: //span/form/div[3]/button/span
Found Element By : By.xpath: //span/form/div[3]/button/span
Trying to find Element By : By.xpath: //span/form/div[3]/button/span
Found Element By : By.xpath: //span/form/div[3]/button/span
Trying to find Element By : By.xpath: //span/form/div[3]/button/span
Found Element By : By.xpath: //span/form/div[3]/button/span
Trying to find Element By : By.xpath: //span/form/div[3]/button/span
Found Element By : By.xpath: //span/form/div[3]/button/span
Trying to find Element By : By.xpath: //span/form/div[3]/button/span
Found Element By : By.xpath: //span/form/div[3]/button/span
Trying to find Element By : By.xpath: //span/form/div[3]/button/span
Found Element By : By.xpath: //span/form/div[3]/button/span
Trying to find Element By : By.xpath: //span/form/div[3]/button/span
Found Element By : By.xpath: //span/form/div[3]/button/span
Trying to find Element By : By.xpath: //span/form/div[3]/button/span
Found Element By : By.xpath: //span/form/div[3]/button/span
Trying to find Element By : By.xpath: //span/form/div[3]/button/span
Found Element By : By.xpath: //span/form/div[3]/button/span
Trying to find Element By : By.xpath: //span/form/div[3]/button/span
Found Element By : By.xpath: //span/form/div[3]/button/span
Trying to find Element By : By.xpath: //span/form/div[3]/button/span
Found Element By : By.xpath: //span/form/div[3]/button/span
Trying to find Element By : By.xpath: //span/form/div[3]/button/span
Found Element By : By.xpath: //span/form/div[3]/button/span
Trying to find Element By : By.xpath: //span/form/div[3]/button/span
Found Element By : By.xpath: //span/form/div[3]/button/span
Trying to find Element By : By.xpath: //span/form/div[3]/button/span
Found Element By : By.xpath: //span/form/div[3]/button/span
Trying to find Element By : By.xpath: //span/form/div[3]/button/span
Found Element By : By.xpath: //span/form/div[3]/button/span
Trying to find Element By : By.xpath: //span/form/div[3]/button/span
Found Element By : By.xpath: //span/form/div[3]/button/span
Trying to find Element By : By.xpath: //span/form/div[3]/button/span
Found Element By : By.xpath: //span/form/div[3]/button/span
Trying to find Element By : By.xpath: //span/form/div[3]/button/span
Found Element By : By.xpath: //span/form/div[3]/button/span
Trying to find Element By : By.xpath: //span/form/div[3]/button/span
Found Element By : By.xpath: //span/form/div[3]/button/span
Trying to find Element By : By.xpath: //span/form/div[3]/button/span
Found Element By : By.xpath: //span/form/div[3]/button/span
Trying to find Element By : By.xpath: //span/form/div[3]/button/span
Found Element By : By.xpath: //span/form/div[3]/button/span
Trying to find Element By : By.xpath: //span/form/div[3]/button/span
Found Element By : By.xpath: //span/form/div[3]/button/span
Trying to find Element By : By.xpath: //span/form/div[3]/button/span
Found Element By : By.xpath: //span/form/div[3]/button/span
Trying to find Element By : By.xpath: //span/form/div[3]/button/span
Found Element By : By.xpath: //span/form/div[3]/button/span
Trying to find Element By : By.xpath: //span/form/div[3]/button/span
Found Element By : By.xpath: //span/form/div[3]/button/span
Trying to find Element By : By.xpath: //span/form/div[3]/button/span
Found Element By : By.xpath: //span/form/div[3]/button/span
Trying to find Element By : By.xpath: //span/form/div[3]/button/span
Found Element By : By.xpath: //span/form/div[3]/button/span
Trying to find Element By : By.xpath: //span/form/div[3]/button/span
Found Element By : By.xpath: //span/form/div[3]/button/span
Trying to find Element By : By.xpath: //span/form/div[3]/button/span
Found Element By : By.xpath: //span/form/div[3]/button/span
Trying to find Element By : By.xpath: //span/form/div[3]/button/span
Found Element By : By.xpath: //span/form/div[3]/button/span
Trying to find Element By : By.xpath: //span/form/div[3]/button/span
Found Element By : By.xpath: //span/form/div[3]/button/span
Trying to find Element By : By.xpath: //span/form/div[3]/button/span
Found Element By : By.xpath: //span/form/div[3]/button/span
Trying to find Element By : By.xpath: //span/form/div[3]/button/span
Found Element By : By.xpath: //span/form/div[3]/button/span
Trying to find Element By : By.xpath: //span/form/div[3]/button/span
Found Element By : By.xpath: //span/form/div[3]/button/span
Trying to find Element By : By.xpath: //span/form/div[3]/button/span
Found Element By : By.xpath: //span/form/div[3]/button/span
Trying to find Element By : By.xpath: //span/form/div[3]/button/span
Found Element By : By.xpath: //span/form/div[3]/button/span
Trying to find Element By : By.xpath: //span/form/div[3]/button/span
Found Element By : By.xpath: //span/form/div[3]/button/span
Trying to find Element By : By.xpath: //span/form/div[3]/button/span
Found Element By : By.xpath: //span/form/div[3]/button/span
Trying to find Element By : By.xpath: //span/form/div[3]/button/span
Found Element By : By.xpath: //span/form/div[3]/button/span
Trying to find Element By : By.xpath: //span/form/div[3]/button/span
Found Element By : By.xpath: //span/form/div[3]/button/span
Trying to find Element By : By.xpath: //span/form/div[3]/button/span
Found Element By : By.xpath: //span/form/div[3]/button/span
Trying to find Element By : By.xpath: //span/form/div[3]/button/span
Found Element By : By.xpath: //span/form/div[3]/button/span
Trying to find Element By : By.xpath: //span/form/div[3]/button/span
Found Element By : By.xpath: //span/form/div[3]/button/span
Trying to find Element By : By.xpath: //span/form/div[3]/button/span
Found Element By : By.xpath: //span/form/div[3]/button/span
Trying to find Element By : By.xpath: //span/form/div[3]/button/span
Found Element By : By.xpath: //span/form/div[3]/button/span
Trying to find Element By : By.xpath: //span/form/div[3]/button/span
Found Element By : By.xpath: //span/form/div[3]/button/span
Trying to find Element By : By.xpath: //span/form/div[3]/button/span
Found Element By : By.xpath: //span/form/div[3]/button/span
Trying to find Element By : By.xpath: //span/form/div[3]/button/span
Found Element By : By.xpath: //span/form/div[3]/button/span
Trying to find Element By : By.xpath: //span/form/div[3]/button/span
Found Element By : By.xpath: //span/form/div[3]/button/span
Trying to find Element By : By.xpath: //span/form/div[3]/button/span
Found Element By : By.xpath: //span/form/div[3]/button/span
Trying to find Element By : By.xpath: //span/form/div[3]/button/span
Found Element By : By.xpath: //span/form/div[3]/button/span
Trying to find Element By : By.xpath: //span/form/div[3]/button/span
Found Element By : By.xpath: //span/form/div[3]/button/span
Trying to find Element By : By.xpath: //span/form/div[3]/button/span
Found Element By : By.xpath: //span/form/div[3]/button/span
Trying to find Element By : By.xpath: //span/form/div[3]/button/span
Found Element By : By.xpath: //span/form/div[3]/button/span
Trying to find Element By : By.xpath: //span/form/div[3]/button/span
Found Element By : By.xpath: //span/form/div[3]/button/span
Trying to find Element By : By.xpath: //span/form/div[3]/button/span
Found Element By : By.xpath: //span/form/div[3]/button/span
Trying to find Element By : By.xpath: //span/form/div[3]/button/span
Found Element By : By.xpath: //span/form/div[3]/button/span
Trying to find Element By : By.xpath: //span/form/div[3]/button/span
Found Element By : By.xpath: //span/form/div[3]/button/span
Trying to find Element By : By.xpath: //span/form/div[3]/button/span
Found Element By : By.xpath: //span/form/div[3]/button/span
Trying to find Element By : By.xpath: //span/form/div[3]/button/span
Found Element By : By.xpath: //span/form/div[3]/button/span
Trying to find Element By : By.xpath: //span/form/div[3]/button/span
Found Element By : By.xpath: //span/form/div[3]/button/span
Trying to find Element By : By.xpath: //span/form/div[3]/button/span
Found Element By : By.xpath: //span/form/div[3]/button/span
Trying to find Element By : By.xpath: //span/form/div[3]/button/span
Found Element By : By.xpath: //span/form/div[3]/button/span
Trying to find Element By : By.xpath: //span/form/div[3]/button/span
Found Element By : By.xpath: //span/form/div[3]/button/span
Trying to find Element By : By.xpath: //span/form/div[3]/button/span
Found Element By : By.xpath: //span/form/div[3]/button/span
Trying to find Element By : By.xpath: //span/form/div[3]/button/span
Found Element By : By.xpath: //span/form/div[3]/button/span
Trying to find Element By : By.xpath: //span/form/div[3]/button/span
Found Element By : By.xpath: //span/form/div[3]/button/span
Trying to find Element By : By.xpath: //span/form/div[3]/button/span
Found Element By : By.xpath: //span/form/div[3]/button/span
Trying to find Element By : By.xpath: //span/form/div[3]/button/span
Found Element By : By.xpath: //span/form/div[3]/button/span
Trying to find Element By : By.xpath: //span/form/div[3]/button/span
Found Element By : By.xpath: //span/form/div[3]/button/span
Trying to find Element By : By.xpath: //span/form/div[3]/button/span
Found Element By : By.xpath: //span/form/div[3]/button/span
Trying to find Element By : By.xpath: //span/form/div[3]/button/span
Found Element By : By.xpath: //span/form/div[3]/button/span
Trying to find Element By : By.xpath: //span/form/div[3]/button/span
Found Element By : By.xpath: //span/form/div[3]/button/span
Trying to find Element By : By.xpath: //span/form/div[3]/button/span
Found Element By : By.xpath: //span/form/div[3]/button/span
Trying to find Element By : By.xpath: //span/form/div[3]/button/span
Found Element By : By.xpath: //span/form/div[3]/button/span
Trying to find Element By : By.xpath: //span/form/div[3]/button/span
Found Element By : By.xpath: //span/form/div[3]/button/span
Trying to find Element By : By.xpath: //span/form/div[3]/button/span
Found Element By : By.xpath: //span/form/div[3]/button/span
Trying to find Element By : By.xpath: //span/form/div[3]/button/span
Found Element By : By.xpath: //span/form/div[3]/button/span
Trying to find Element By : By.xpath: //span/form/div[3]/button/span
Found Element By : By.xpath: //span/form/div[3]/button/span
Trying to find Element By : By.xpath: //span/form/div[3]/button/span
Found Element By : By.xpath: //span/form/div[3]/button/span
Trying to find Element By : By.xpath: //span/form/div[3]/button/span
Found Element By : By.xpath: //span/form/div[3]/button/span
Trying to find Element By : By.xpath: //span/form/div[3]/button/span
Found Element By : By.xpath: //span/form/div[3]/button/span
Trying to find Element By : By.xpath: //span/form/div[3]/button/span
Found Element By : By.xpath: //span/form/div[3]/button/span
Trying to find Element By : By.xpath: //span/form/div[3]/button/span
Found Element By : By.xpath: //span/form/div[3]/button/span
Trying to find Element By : By.xpath: //span/form/div[3]/button/span
Found Element By : By.xpath: //span/form/div[3]/button/span
Trying to find Element By : By.xpath: //span/form/div[3]/button/span
Found Element By : By.xpath: //span/form/div[3]/button/span
Trying to find Element By : By.xpath: //span/form/div[3]/button/span
Found Element By : By.xpath: //span/form/div[3]/button/span
Trying to find Element By : By.xpath: //span/form/div[3]/button/span
Found Element By : By.xpath: //span/form/div[3]/button/span
Trying to find Element By : By.xpath: //span/form/div[3]/button/span
Found Element By : By.xpath: //span/form/div[3]/button/span
Trying to find Element By : By.xpath: //span/form/div[3]/button/span
Found Element By : By.xpath: //span/form/div[3]/button/span
Trying to find Element By : By.xpath: //span/form/div[3]/button/span
Found Element By : By.xpath: //span/form/div[3]/button/span
Trying to find Element By : By.xpath: //span/form/div[3]/button/span
Found Element By : By.xpath: //span/form/div[3]/button/span
Trying to find Element By : By.xpath: //span/form/div[3]/button/span
Found Element By : By.xpath: //span/form/div[3]/button/span
Trying to find Element By : By.xpath: //span/form/div[3]/button/span
Found Element By : By.xpath: //span/form/div[3]/button/span
Trying to find Element By : By.xpath: //span/form/div[3]/button/span
Found Element By : By.xpath: //span/form/div[3]/button/span
Trying to find Element By : By.xpath: //span/form/div[3]/button/span
Found Element By : By.xpath: //span/form/div[3]/button/span
Trying to find Element By : By.xpath: //span/form/div[3]/button/span
Found Element By : By.xpath: //span/form/div[3]/button/span
Trying to find Element By : By.xpath: //span/form/div[3]/button/span
Found Element By : By.xpath: //span/form/div[3]/button/span
Trying to find Element By : By.xpath: //span/form/div[3]/button/span
Found Element By : By.xpath: //span/form/div[3]/button/span
Trying to find Element By : By.xpath: //span/form/div[3]/button/span
Found Element By : By.xpath: //span/form/div[3]/button/span
Trying to find Element By : By.xpath: //span/form/div[3]/button/span
Found Element By : By.xpath: //span/form/div[3]/button/span
Trying to find Element By : By.xpath: //span/form/div[3]/button/span
Found Element By : By.xpath: //span/form/div[3]/button/span
Trying to find Element By : By.xpath: //span/form/div[3]/button/span
Found Element By : By.xpath: //span/form/div[3]/button/span
Trying to find Element By : By.xpath: //span/form/div[3]/button/span
Found Element By : By.xpath: //span/form/div[3]/button/span
Trying to find Element By : By.xpath: //span/form/div[3]/button/span
Found Element By : By.xpath: //span/form/div[3]/button/span
Trying to find Element By : By.xpath: //form//input[@type='radio' and @value='1']
Found Element By : By.xpath: //form//input[@type='radio' and @value='1']
Trying to find Element By : By.xpath: //form//input[@type='radio' and @value='0']
Found Element By : By.xpath: //form//input[@type='radio' and @value='0']
Trying to find Element By : By.xpath: //span/form/div[3]/button/span
Found Element By : By.xpath: //span/form/div[3]/button/span
Trying to find Element By : By.xpath: //label[text()='Account Name']/following-sibling::input[@type='text']
Found Element By : By.xpath: //label[text()='Account Name']/following-sibling::input[@type='text']
Trying to find Element By : By.xpath: //label[text()='Account Name']/following-sibling::input[@type='text']
Found Element By : By.xpath: //label[text()='Account Name']/following-sibling::input[@type='text']
Value of the:[[ChromeDriver: chrome on MAC (5337e365afb1721425744998eeb8a45c)] -> xpath: //label[text()='Account Name']/following-sibling::input[@type='text']] before any changes made
Element value changed to: [[ChromeDriver: chrome on MAC (5337e365afb1721425744998eeb8a45c)] -> xpath: //label[text()='Account Name']/following-sibling::input[@type='text']]
Trying to find Element By : By.xpath: //label[text()='Account Name']/following-sibling::input[@type='text']
Found Element By : By.xpath: //label[text()='Account Name']/following-sibling::input[@type='text']
Value of the:[[ChromeDriver: chrome on MAC (5337e365afb1721425744998eeb8a45c)] -> xpath: //label[text()='Account Name']/following-sibling::input[@type='text']] before any changes made
Element value changed to: [[ChromeDriver: chrome on MAC (5337e365afb1721425744998eeb8a45c)] -> xpath: //label[text()='Account Name']/following-sibling::input[@type='text']]
Trying to find Element By : By.xpath: //label[text()='Account Name']/following-sibling::input[@type='text']
Found Element By : By.xpath: //label[text()='Account Name']/following-sibling::input[@type='text']
Value of the:[[ChromeDriver: chrome on MAC (5337e365afb1721425744998eeb8a45c)] -> xpath: //label[text()='Account Name']/following-sibling::input[@type='text']] before any changes made
Element value changed to: [[ChromeDriver: chrome on MAC (5337e365afb1721425744998eeb8a45c)] -> xpath: //label[text()='Account Name']/following-sibling::input[@type='text']]
Trying to find Element By : By.xpath: //label[text()='Account Name']/following-sibling::input[@type='text']
Found Element By : By.xpath: //label[text()='Account Name']/following-sibling::input[@type='text']
Value of the:[[ChromeDriver: chrome on MAC (5337e365afb1721425744998eeb8a45c)] -> xpath: //label[text()='Account Name']/following-sibling::input[@type='text']] before any changes made
Element value changed to: [[ChromeDriver: chrome on MAC (5337e365afb1721425744998eeb8a45c)] -> xpath: //label[text()='Account Name']/following-sibling::input[@type='text']]
Trying to find Element By : By.xpath: //label[text()='Account Name']/following-sibling::input[@type='text']
Found Element By : By.xpath: //label[text()='Account Name']/following-sibling::input[@type='text']
Value of the:[[ChromeDriver: chrome on MAC (5337e365afb1721425744998eeb8a45c)] -> xpath: //label[text()='Account Name']/following-sibling::input[@type='text']] before any changes made
Element value changed to: [[ChromeDriver: chrome on MAC (5337e365afb1721425744998eeb8a45c)] -> xpath: //label[text()='Account Name']/following-sibling::input[@type='text']]
Trying to find Element By : By.xpath: //label[text()='Account Name']/following-sibling::input[@type='text']
Found Element By : By.xpath: //label[text()='Account Name']/following-sibling::input[@type='text']
Value of the:[[ChromeDriver: chrome on MAC (5337e365afb1721425744998eeb8a45c)] -> xpath: //label[text()='Account Name']/following-sibling::input[@type='text']] before any changes made
Element value changed to: [[ChromeDriver: chrome on MAC (5337e365afb1721425744998eeb8a45c)] -> xpath: //label[text()='Account Name']/following-sibling::input[@type='text']]
Trying to find Element By : By.xpath: //label[text()='Account Name']/following-sibling::input[@type='text']
Found Element By : By.xpath: //label[text()='Account Name']/following-sibling::input[@type='text']
Value of the:[[ChromeDriver: chrome on MAC (5337e365afb1721425744998eeb8a45c)] -> xpath: //label[text()='Account Name']/following-sibling::input[@type='text']] before any changes made
Element value changed to: [[ChromeDriver: chrome on MAC (5337e365afb1721425744998eeb8a45c)] -> xpath: //label[text()='Account Name']/following-sibling::input[@type='text']]
Trying to find Element By : By.xpath: //label[text()='Account Name']/following-sibling::input[@type='text']
Found Element By : By.xpath: //label[text()='Account Name']/following-sibling::input[@type='text']
Value of the:[[ChromeDriver: chrome on MAC (5337e365afb1721425744998eeb8a45c)] -> xpath: //label[text()='Account Name']/following-sibling::input[@type='text']] before any changes made
Element value changed to: [[ChromeDriver: chrome on MAC (5337e365afb1721425744998eeb8a45c)] -> xpath: //label[text()='Account Name']/following-sibling::input[@type='text']]
Trying to find Element By : By.xpath: //label[text()='Account Name']/following-sibling::input[@type='text']
Found Element By : By.xpath: //label[text()='Account Name']/following-sibling::input[@type='text']
Value of the:[[ChromeDriver: chrome on MAC (5337e365afb1721425744998eeb8a45c)] -> xpath: //label[text()='Account Name']/following-sibling::input[@type='text']] before any changes made
Element value changed to: [[ChromeDriver: chrome on MAC (5337e365afb1721425744998eeb8a45c)] -> xpath: //label[text()='Account Name']/following-sibling::input[@type='text']]
Trying to find Element By : By.xpath: //label[text()='Account Name']/following-sibling::input[@type='text']
Found Element By : By.xpath: //label[text()='Account Name']/following-sibling::input[@type='text']
Value of the:[[ChromeDriver: chrome on MAC (5337e365afb1721425744998eeb8a45c)] -> xpath: //label[text()='Account Name']/following-sibling::input[@type='text']] before any changes made
Element value changed to: [[ChromeDriver: chrome on MAC (5337e365afb1721425744998eeb8a45c)] -> xpath: //label[text()='Account Name']/following-sibling::input[@type='text']]
Trying to find Element By : By.xpath: //label[text()='Account Name']/following-sibling::input[@type='text']
Found Element By : By.xpath: //label[text()='Account Name']/following-sibling::input[@type='text']
Value of the:[[ChromeDriver: chrome on MAC (5337e365afb1721425744998eeb8a45c)] -> xpath: //label[text()='Account Name']/following-sibling::input[@type='text']] before any changes made
Element value changed to: [[ChromeDriver: chrome on MAC (5337e365afb1721425744998eeb8a45c)] -> xpath: //label[text()='Account Name']/following-sibling::input[@type='text']]
Trying to find Element By : By.xpath: //label[text()='Account Name']/following-sibling::input[@type='text']
Found Element By : By.xpath: //label[text()='Account Name']/following-sibling::input[@type='text']
Value of the:[[ChromeDriver: chrome on MAC (5337e365afb1721425744998eeb8a45c)] -> xpath: //label[text()='Account Name']/following-sibling::input[@type='text']] before any changes made
Element value changed to: [[ChromeDriver: chrome on MAC (5337e365afb1721425744998eeb8a45c)] -> xpath: //label[text()='Account Name']/following-sibling::input[@type='text']]
Trying to find Element By : By.xpath: //label[text()='Account Name']/following-sibling::input[@type='text']
Found Element By : By.xpath: //label[text()='Account Name']/following-sibling::input[@type='text']
Value of the:[[ChromeDriver: chrome on MAC (5337e365afb1721425744998eeb8a45c)] -> xpath: //label[text()='Account Name']/following-sibling::input[@type='text']] before any changes made
Element value changed to: [[ChromeDriver: chrome on MAC (5337e365afb1721425744998eeb8a45c)] -> xpath: //label[text()='Account Name']/following-sibling::input[@type='text']]
Trying to find Element By : By.xpath: //label[text()='Account Name']/following-sibling::input[@type='text']
Found Element By : By.xpath: //label[text()='Account Name']/following-sibling::input[@type='text']
Value of the:[[ChromeDriver: chrome on MAC (5337e365afb1721425744998eeb8a45c)] -> xpath: //label[text()='Account Name']/following-sibling::input[@type='text']] before any changes made
Element value changed to: [[ChromeDriver: chrome on MAC (5337e365afb1721425744998eeb8a45c)] -> xpath: //label[text()='Account Name']/following-sibling::input[@type='text']]
Trying to find Element By : By.xpath: //label[text()='Account Name']/following-sibling::input[@type='text']
Found Element By : By.xpath: //label[text()='Account Name']/following-sibling::input[@type='text']
Value of the:[[ChromeDriver: chrome on MAC (5337e365afb1721425744998eeb8a45c)] -> xpath: //label[text()='Account Name']/following-sibling::input[@type='text']] before any changes made
Element value changed to: [[ChromeDriver: chrome on MAC (5337e365afb1721425744998eeb8a45c)] -> xpath: //label[text()='Account Name']/following-sibling::input[@type='text']]
Trying to find Element By : By.xpath: //label[text()='Account Name']/following-sibling::input[@type='text']
Found Element By : By.xpath: //label[text()='Account Name']/following-sibling::input[@type='text']
Value of the:[[ChromeDriver: chrome on MAC (5337e365afb1721425744998eeb8a45c)] -> xpath: //label[text()='Account Name']/following-sibling::input[@type='text']] before any changes made
Element value changed to: [[ChromeDriver: chrome on MAC (5337e365afb1721425744998eeb8a45c)] -> xpath: //label[text()='Account Name']/following-sibling::input[@type='text']]
Trying to find Element By : By.xpath: //label[text()='E-Mail']/following-sibling::input[@type='text']
Found Element By : By.xpath: //label[text()='E-Mail']/following-sibling::input[@type='text']
Trying to find Element By : By.xpath: //label[text()='E-Mail']/following-sibling::input[@type='text']
Found Element By : By.xpath: //label[text()='E-Mail']/following-sibling::input[@type='text']
Value of the:[[ChromeDriver: chrome on MAC (5337e365afb1721425744998eeb8a45c)] -> xpath: //label[text()='E-Mail']/following-sibling::input[@type='text']] before any changes made
Element value changed to: [[ChromeDriver: chrome on MAC (5337e365afb1721425744998eeb8a45c)] -> xpath: //label[text()='E-Mail']/following-sibling::input[@type='text']]
Trying to find Element By : By.xpath: //label[text()='E-Mail']/following-sibling::input[@type='text']
Found Element By : By.xpath: //label[text()='E-Mail']/following-sibling::input[@type='text']
Value of the:[[ChromeDriver: chrome on MAC (5337e365afb1721425744998eeb8a45c)] -> xpath: //label[text()='E-Mail']/following-sibling::input[@type='text']] before any changes made
Element value changed to: [[ChromeDriver: chrome on MAC (5337e365afb1721425744998eeb8a45c)] -> xpath: //label[text()='E-Mail']/following-sibling::input[@type='text']]
Trying to find Element By : By.xpath: //label[text()='E-Mail']/following-sibling::input[@type='text']
Found Element By : By.xpath: //label[text()='E-Mail']/following-sibling::input[@type='text']
Value of the:[[ChromeDriver: chrome on MAC (5337e365afb1721425744998eeb8a45c)] -> xpath: //label[text()='E-Mail']/following-sibling::input[@type='text']] before any changes made
Element value changed to: [[ChromeDriver: chrome on MAC (5337e365afb1721425744998eeb8a45c)] -> xpath: //label[text()='E-Mail']/following-sibling::input[@type='text']]
Trying to find Element By : By.xpath: //label[text()='E-Mail']/following-sibling::input[@type='text']
Found Element By : By.xpath: //label[text()='E-Mail']/following-sibling::input[@type='text']
Value of the:[[ChromeDriver: chrome on MAC (5337e365afb1721425744998eeb8a45c)] -> xpath: //label[text()='E-Mail']/following-sibling::input[@type='text']] before any changes made
Element value changed to: [[ChromeDriver: chrome on MAC (5337e365afb1721425744998eeb8a45c)] -> xpath: //label[text()='E-Mail']/following-sibling::input[@type='text']]
Trying to find Element By : By.xpath: //label[text()='E-Mail']/following-sibling::input[@type='text']
Found Element By : By.xpath: //label[text()='E-Mail']/following-sibling::input[@type='text']
Value of the:[[ChromeDriver: chrome on MAC (5337e365afb1721425744998eeb8a45c)] -> xpath: //label[text()='E-Mail']/following-sibling::input[@type='text']] before any changes made
Element value changed to: [[ChromeDriver: chrome on MAC (5337e365afb1721425744998eeb8a45c)] -> xpath: //label[text()='E-Mail']/following-sibling::input[@type='text']]
Trying to find Element By : By.xpath: //label[text()='E-Mail']/following-sibling::input[@type='text']
Found Element By : By.xpath: //label[text()='E-Mail']/following-sibling::input[@type='text']
Value of the:[[ChromeDriver: chrome on MAC (5337e365afb1721425744998eeb8a45c)] -> xpath: //label[text()='E-Mail']/following-sibling::input[@type='text']] before any changes made
Element value changed to: [[ChromeDriver: chrome on MAC (5337e365afb1721425744998eeb8a45c)] -> xpath: //label[text()='E-Mail']/following-sibling::input[@type='text']]
Trying to find Element By : By.xpath: //label[text()='E-Mail']/following-sibling::input[@type='text']
Found Element By : By.xpath: //label[text()='E-Mail']/following-sibling::input[@type='text']
Value of the:[[ChromeDriver: chrome on MAC (5337e365afb1721425744998eeb8a45c)] -> xpath: //label[text()='E-Mail']/following-sibling::input[@type='text']] before any changes made
Element value changed to: [[ChromeDriver: chrome on MAC (5337e365afb1721425744998eeb8a45c)] -> xpath: //label[text()='E-Mail']/following-sibling::input[@type='text']]
Trying to find Element By : By.xpath: //label[text()='E-Mail']/following-sibling::input[@type='text']
Found Element By : By.xpath: //label[text()='E-Mail']/following-sibling::input[@type='text']
Value of the:[[ChromeDriver: chrome on MAC (5337e365afb1721425744998eeb8a45c)] -> xpath: //label[text()='E-Mail']/following-sibling::input[@type='text']] before any changes made
Element value changed to: [[ChromeDriver: chrome on MAC (5337e365afb1721425744998eeb8a45c)] -> xpath: //label[text()='E-Mail']/following-sibling::input[@type='text']]
Trying to find Element By : By.xpath: //label[text()='E-Mail']/following-sibling::input[@type='text']
Found Element By : By.xpath: //label[text()='E-Mail']/following-sibling::input[@type='text']
Value of the:[[ChromeDriver: chrome on MAC (5337e365afb1721425744998eeb8a45c)] -> xpath: //label[text()='E-Mail']/following-sibling::input[@type='text']] before any changes made
Element value changed to: [[ChromeDriver: chrome on MAC (5337e365afb1721425744998eeb8a45c)] -> xpath: //label[text()='E-Mail']/following-sibling::input[@type='text']]
Trying to find Element By : By.xpath: //label[text()='E-Mail']/following-sibling::input[@type='text']
Found Element By : By.xpath: //label[text()='E-Mail']/following-sibling::input[@type='text']
Value of the:[[ChromeDriver: chrome on MAC (5337e365afb1721425744998eeb8a45c)] -> xpath: //label[text()='E-Mail']/following-sibling::input[@type='text']] before any changes made
Element value changed to: [[ChromeDriver: chrome on MAC (5337e365afb1721425744998eeb8a45c)] -> xpath: //label[text()='E-Mail']/following-sibling::input[@type='text']]
Trying to find Element By : By.xpath: //label[text()='E-Mail']/following-sibling::input[@type='text']
Found Element By : By.xpath: //label[text()='E-Mail']/following-sibling::input[@type='text']
Value of the:[[ChromeDriver: chrome on MAC (5337e365afb1721425744998eeb8a45c)] -> xpath: //label[text()='E-Mail']/following-sibling::input[@type='text']] before any changes made
Element value changed to: [[ChromeDriver: chrome on MAC (5337e365afb1721425744998eeb8a45c)] -> xpath: //label[text()='E-Mail']/following-sibling::input[@type='text']]
Trying to find Element By : By.xpath: //label[text()='E-Mail']/following-sibling::input[@type='text']
Found Element By : By.xpath: //label[text()='E-Mail']/following-sibling::input[@type='text']
Value of the:[[ChromeDriver: chrome on MAC (5337e365afb1721425744998eeb8a45c)] -> xpath: //label[text()='E-Mail']/following-sibling::input[@type='text']] before any changes made
Element value changed to: [[ChromeDriver: chrome on MAC (5337e365afb1721425744998eeb8a45c)] -> xpath: //label[text()='E-Mail']/following-sibling::input[@type='text']]
Trying to find Element By : By.xpath: //label[text()='E-Mail']/following-sibling::input[@type='text']
Found Element By : By.xpath: //label[text()='E-Mail']/following-sibling::input[@type='text']
Value of the:[[ChromeDriver: chrome on MAC (5337e365afb1721425744998eeb8a45c)] -> xpath: //label[text()='E-Mail']/following-sibling::input[@type='text']] before any changes made
Element value changed to: [[ChromeDriver: chrome on MAC (5337e365afb1721425744998eeb8a45c)] -> xpath: //label[text()='E-Mail']/following-sibling::input[@type='text']]
Trying to find Element By : By.xpath: //label[text()='E-Mail']/following-sibling::input[@type='text']
Found Element By : By.xpath: //label[text()='E-Mail']/following-sibling::input[@type='text']
Value of the:[[ChromeDriver: chrome on MAC (5337e365afb1721425744998eeb8a45c)] -> xpath: //label[text()='E-Mail']/following-sibling::input[@type='text']] before any changes made
Element value changed to: [[ChromeDriver: chrome on MAC (5337e365afb1721425744998eeb8a45c)] -> xpath: //label[text()='E-Mail']/following-sibling::input[@type='text']]
Trying to find Element By : By.xpath: //label[text()='E-Mail']/following-sibling::input[@type='text']
Found Element By : By.xpath: //label[text()='E-Mail']/following-sibling::input[@type='text']
Value of the:[[ChromeDriver: chrome on MAC (5337e365afb1721425744998eeb8a45c)] -> xpath: //label[text()='E-Mail']/following-sibling::input[@type='text']] before any changes made
Element value changed to: [[ChromeDriver: chrome on MAC (5337e365afb1721425744998eeb8a45c)] -> xpath: //label[text()='E-Mail']/following-sibling::input[@type='text']]
Trying to find Element By : By.xpath: //label[text()='E-Mail']/following-sibling::input[@type='text']
Found Element By : By.xpath: //label[text()='E-Mail']/following-sibling::input[@type='text']
Value of the:[[ChromeDriver: chrome on MAC (5337e365afb1721425744998eeb8a45c)] -> xpath: //label[text()='E-Mail']/following-sibling::input[@type='text']] before any changes made
Element value changed to: [[ChromeDriver: chrome on MAC (5337e365afb1721425744998eeb8a45c)] -> xpath: //label[text()='E-Mail']/following-sibling::input[@type='text']]
Trying to find Element By : By.xpath: //label[text()='E-Mail']/following-sibling::input[@type='text']
Found Element By : By.xpath: //label[text()='E-Mail']/following-sibling::input[@type='text']
Value of the:[[ChromeDriver: chrome on MAC (5337e365afb1721425744998eeb8a45c)] -> xpath: //label[text()='E-Mail']/following-sibling::input[@type='text']] before any changes made
Element value changed to: [[ChromeDriver: chrome on MAC (5337e365afb1721425744998eeb8a45c)] -> xpath: //label[text()='E-Mail']/following-sibling::input[@type='text']]
Trying to find Element By : By.xpath: //label[text()='E-Mail']/following-sibling::input[@type='text']
Found Element By : By.xpath: //label[text()='E-Mail']/following-sibling::input[@type='text']
Value of the:[[ChromeDriver: chrome on MAC (5337e365afb1721425744998eeb8a45c)] -> xpath: //label[text()='E-Mail']/following-sibling::input[@type='text']] before any changes made
Element value changed to: [[ChromeDriver: chrome on MAC (5337e365afb1721425744998eeb8a45c)] -> xpath: //label[text()='E-Mail']/following-sibling::input[@type='text']]
Trying to find Element By : By.xpath: //label[text()='E-Mail']/following-sibling::input[@type='text']
Found Element By : By.xpath: //label[text()='E-Mail']/following-sibling::input[@type='text']
Value of the:[[ChromeDriver: chrome on MAC (5337e365afb1721425744998eeb8a45c)] -> xpath: //label[text()='E-Mail']/following-sibling::input[@type='text']] before any changes made
Element value changed to: [[ChromeDriver: chrome on MAC (5337e365afb1721425744998eeb8a45c)] -> xpath: //label[text()='E-Mail']/following-sibling::input[@type='text']]
Trying to find Element By : By.xpath: //label[text()='E-Mail']/following-sibling::input[@type='text']
Found Element By : By.xpath: //label[text()='E-Mail']/following-sibling::input[@type='text']
Value of the:[[ChromeDriver: chrome on MAC (5337e365afb1721425744998eeb8a45c)] -> xpath: //label[text()='E-Mail']/following-sibling::input[@type='text']] before any changes made
Element value changed to: [[ChromeDriver: chrome on MAC (5337e365afb1721425744998eeb8a45c)] -> xpath: //label[text()='E-Mail']/following-sibling::input[@type='text']]
Trying to find Element By : By.xpath: //label[text()='E-Mail']/following-sibling::input[@type='text']
Found Element By : By.xpath: //label[text()='E-Mail']/following-sibling::input[@type='text']
Value of the:[[ChromeDriver: chrome on MAC (5337e365afb1721425744998eeb8a45c)] -> xpath: //label[text()='E-Mail']/following-sibling::input[@type='text']] before any changes made
Element value changed to: [[ChromeDriver: chrome on MAC (5337e365afb1721425744998eeb8a45c)] -> xpath: //label[text()='E-Mail']/following-sibling::input[@type='text']]
Trying to find Element By : By.xpath: //label[text()='E-Mail']/following-sibling::input[@type='text']
Found Element By : By.xpath: //label[text()='E-Mail']/following-sibling::input[@type='text']
Value of the:[[ChromeDriver: chrome on MAC (5337e365afb1721425744998eeb8a45c)] -> xpath: //label[text()='E-Mail']/following-sibling::input[@type='text']] before any changes made
Element value changed to: [[ChromeDriver: chrome on MAC (5337e365afb1721425744998eeb8a45c)] -> xpath: //label[text()='E-Mail']/following-sibling::input[@type='text']]
Trying to find Element By : By.xpath: //label[text()='E-Mail']/following-sibling::input[@type='text']
Found Element By : By.xpath: //label[text()='E-Mail']/following-sibling::input[@type='text']
Trying to find Element By : By.xpath: //span[1]/div/div/div[1]/div[1]/div[1]
Found Element By : By.xpath: //span[1]/div/div/div[1]/div[1]/div[1]
Trying to find Element By : By.xpath: //span[1]/div/div/div[1]/div[1]/div[2]/div/i
Found Element By : By.xpath: //span[1]/div/div/div[1]/div[1]/div[2]/div/i
Trying to find Element By : By.xpath: //span[1]/div/div/div[1]/div[1]/div[2]/div/i
Found Element By : By.xpath: //span[1]/div/div/div[1]/div[1]/div[2]/div/i
Trying to click on: [[ChromeDriver: chrome on MAC (5337e365afb1721425744998eeb8a45c)] -> xpath: //span[1]/div/div/div[1]/div[1]/div[2]/div/i]
Clicked on: [[ChromeDriver: chrome on MAC (5337e365afb1721425744998eeb8a45c)] -> xpath: //span[1]/div/div/div[1]/div[1]/div[2]/div/i]
Trying to find Element By : By.xpath: //div[text()='Kobo']
Found Element By : By.xpath: //div[text()='Kobo']
Publisher user enabled :Kobo
Trying to click on: [[ChromeDriver: chrome on MAC (5337e365afb1721425744998eeb8a45c)] -> xpath: //div[text()='Kobo']]
Clicked on: [[ChromeDriver: chrome on MAC (5337e365afb1721425744998eeb8a45c)] -> xpath: //div[text()='Kobo']]
Trying to find Element By : By.xpath: //span/form/div[3]/button/span
Found Element By : By.xpath: //span/form/div[3]/button/span
06-09-2020 10:19:05 AdminUserStepDefinition.java INFO  [TestNG-tests-1] stepDefinitions.AdminUserStepDefinition 331 - Store test data in temp variable
06-09-2020 10:19:05 AdminUserStepDefinition.java INFO  [TestNG-tests-1] stepDefinitions.AdminUserStepDefinition 337 - Fill the fields in create user pageKobo
Trying to find Element By : By.xpath: //label[text()='Account Name']/following-sibling::input[@type='text']
Found Element By : By.xpath: //label[text()='Account Name']/following-sibling::input[@type='text']
Value of the:[[ChromeDriver: chrome on MAC (5337e365afb1721425744998eeb8a45c)] -> xpath: //label[text()='Account Name']/following-sibling::input[@type='text']] before any changes made
Element value changed to: [[ChromeDriver: chrome on MAC (5337e365afb1721425744998eeb8a45c)] -> xpath: //label[text()='Account Name']/following-sibling::input[@type='text']]
Trying to find Element By : By.xpath: //label[text()='E-Mail']/following-sibling::input[@type='text']
Found Element By : By.xpath: //label[text()='E-Mail']/following-sibling::input[@type='text']
Value of the:[[ChromeDriver: chrome on MAC (5337e365afb1721425744998eeb8a45c)] -> xpath: //label[text()='E-Mail']/following-sibling::input[@type='text']] before any changes made
Element value changed to: [[ChromeDriver: chrome on MAC (5337e365afb1721425744998eeb8a45c)] -> xpath: //label[text()='E-Mail']/following-sibling::input[@type='text']]
Trying to find Element By : By.xpath: //label[text()='Password']/following-sibling::input[@type='password']
Found Element By : By.xpath: //label[text()='Password']/following-sibling::input[@type='password']
Value of the:[[ChromeDriver: chrome on MAC (5337e365afb1721425744998eeb8a45c)] -> xpath: //label[text()='Password']/following-sibling::input[@type='password']] before any changes made
Element value changed to: [[ChromeDriver: chrome on MAC (5337e365afb1721425744998eeb8a45c)] -> xpath: //label[text()='Password']/following-sibling::input[@type='password']]
06-09-2020 10:19:06 AdminUserStepDefinition.java INFO  [TestNG-tests-1] stepDefinitions.AdminUserStepDefinition 344 - Click on Save and assert user created successfully
Trying to find Element By : By.xpath: //span/form/div[3]/button/span
Found Element By : By.xpath: //span/form/div[3]/button/span
Trying to find Element By : By.xpath: //span/form/div[3]/button/span
Found Element By : By.xpath: //span/form/div[3]/button/span
Trying to click on: [[ChromeDriver: chrome on MAC (5337e365afb1721425744998eeb8a45c)] -> xpath: //span/form/div[3]/button/span]
Clicked on: [[ChromeDriver: chrome on MAC (5337e365afb1721425744998eeb8a45c)] -> xpath: //span/form/div[3]/button/span]
Trying to find Element By : By.xpath: //span/form/div[3]/button/span
Found Element By : By.xpath: //span/form/div[3]/button/span
Trying to find Element By : By.xpath: //span/form/div[3]/button/span
Found Element By : By.xpath: //span/form/div[3]/button/span
Trying to find Element By : By.xpath: //span/form/div[3]/button/span
Found Element By : By.xpath: //span/form/div[3]/button/span
Trying to find Element By : By.xpath: //span/form/div[3]/button/span
Found Element By : By.xpath: //span/form/div[3]/button/span
Trying to find Element By : By.xpath: //span/form/div[3]/button/span
Found Element By : By.xpath: //span/form/div[3]/button/span
Trying to find Element By : By.xpath: //span/form/div[3]/button/span
Found Element By : By.xpath: //span/form/div[3]/button/span
Trying to find Element By : By.xpath: //span/form/div[3]/button/span
Found Element By : By.xpath: //span/form/div[3]/button/span
Trying to find Element By : By.xpath: //span/form/div[3]/button/span
Found Element By : By.xpath: //span/form/div[3]/button/span
Trying to find Element By : By.xpath: //span/form/div[3]/button/span
Found Element By : By.xpath: //span/form/div[3]/button/span
Trying to find Element By : By.xpath: //span/form/div[3]/button/span
Found Element By : By.xpath: //span/form/div[3]/button/span
06-09-2020 10:19:13 AdminUserStepDefinition.java INFO  [TestNG-tests-1] stepDefinitions.AdminUserStepDefinition 346 - Create seat page has been closed 
Trying to find Element By : By.xpath: //aside/header/div/button/span/i
Found Element By : By.xpath: //aside/header/div/button/span/i
Trying to click on: [[ChromeDriver: chrome on MAC (5337e365afb1721425744998eeb8a45c)] -> xpath: //aside/header/div/button/span/i]
Clicked on: [[ChromeDriver: chrome on MAC (5337e365afb1721425744998eeb8a45c)] -> xpath: //aside/header/div/button/span/i]
Trying to find Element By : By.xpath: //h1[text()='User Accounts']
Found Element By : By.xpath: //h1[text()='User Accounts']
Trying to find Element By : By.xpath: //span[text()='Active']
Found Element By : By.xpath: //span[text()='Active']
06-09-2020 10:19:13 AdminUserStepDefinition.java INFO  [TestNG-tests-1] stepDefinitions.AdminUserStepDefinition 357 - Click on created user check box in the table :107
06-09-2020 10:19:13 AdminUserStepDefinition.java INFO  [TestNG-tests-1] stepDefinitions.AdminUserStepDefinition 358 - Click on edit
Trying to find Element By : By.xpath: //h1[text()='User Accounts']
Found Element By : By.xpath: //h1[text()='User Accounts']
Trying to find Element By : By.xpath: //header/div/div[1]/button[1]
Found Element By : By.xpath: //header/div/div[1]/button[1]
Trying to click on: [[ChromeDriver: chrome on MAC (5337e365afb1721425744998eeb8a45c)] -> xpath: //header/div/div[1]/button[1]]
Clicked on: [[ChromeDriver: chrome on MAC (5337e365afb1721425744998eeb8a45c)] -> xpath: //header/div/div[1]/button[1]]
06-09-2020 10:19:13 AdminUserStepDefinition.java INFO  [TestNG-tests-1] stepDefinitions.AdminUserStepDefinition 361 - Fetch the data from create user page and put it in array list
Trying to find Element By : By.xpath: //span/form/div[3]/button/span
Found Element By : By.xpath: //span/form/div[3]/button/span
Trying to find Element By : By.xpath: //span/form/div[3]/button/span
Found Element By : By.xpath: //span/form/div[3]/button/span
Trying to find Element By : By.xpath: //span/form/div[3]/button/span
Found Element By : By.xpath: //span/form/div[3]/button/span
Trying to find Element By : By.xpath: //form//input[@type='radio' and @value='1']
Found Element By : By.xpath: //form//input[@type='radio' and @value='1']
Trying to find Element By : By.xpath: //span/form/div[3]/button/span
Found Element By : By.xpath: //span/form/div[3]/button/span
Trying to find Element By : By.xpath: //form//input[@type='radio' and @value='0']
Found Element By : By.xpath: //form//input[@type='radio' and @value='0']
Trying to find Element By : By.xpath: //div[text()='Kobo']
Found Element By : By.xpath: //div[text()='Kobo']
Entered Publisher Kobo
Trying to find Element By : By.xpath: //div[text()='Kobo']
Found Element By : By.xpath: //div[text()='Kobo']
Trying to find Element By : By.xpath: //label[text()='Account Name']/following-sibling::input[@type='text']
Found Element By : By.xpath: //label[text()='Account Name']/following-sibling::input[@type='text']
Trying to find Element By : By.xpath: //label[text()='E-Mail']/following-sibling::input[@type='text']
Found Element By : By.xpath: //label[text()='E-Mail']/following-sibling::input[@type='text']
Trying to find Element By : By.xpath: //label[text()='Password']/following-sibling::input[@type='password']
Found Element By : By.xpath: //label[text()='Password']/following-sibling::input[@type='password']
06-09-2020 10:19:15 AdminUserStepDefinition.java INFO  [TestNG-tests-1] stepDefinitions.AdminUserStepDefinition 363 - Publihser name asserted in create User page :4Kobo
06-09-2020 10:19:15 AdminUserStepDefinition.java INFO  [TestNG-tests-1] stepDefinitions.AdminUserStepDefinition 365 - Account name asserted in create User page :TestAccountq9urz
06-09-2020 10:19:15 AdminUserStepDefinition.java INFO  [TestNG-tests-1] stepDefinitions.AdminUserStepDefinition 367 - Email asserted in create user page :70gfrk8g0t@testqar.com
06-09-2020 10:19:15 AdminUserStepDefinition.java INFO  [TestNG-tests-1] stepDefinitions.AdminUserStepDefinition 369 - Password asserted in create user page :
06-09-2020 10:19:15 AdminUserStepDefinition.java INFO  [TestNG-tests-1] stepDefinitions.AdminUserStepDefinition 371 - Create usage page has been closed 
Trying to find Element By : By.xpath: //aside/header/div/button/span/i
Found Element By : By.xpath: //aside/header/div/button/span/i
Trying to click on: [[ChromeDriver: chrome on MAC (5337e365afb1721425744998eeb8a45c)] -> xpath: //aside/header/div/button/span/i]
Clicked on: [[ChromeDriver: chrome on MAC (5337e365afb1721425744998eeb8a45c)] -> xpath: //aside/header/div/button/span/i]
Trying to find Element By : By.xpath: //h1[text()='User Accounts']
Found Element By : By.xpath: //h1[text()='User Accounts']
Trying to find Element By : By.xpath: //span[text()='Active']
Found Element By : By.xpath: //span[text()='Active']
06-09-2020 10:19:15 AdminUserStepDefinition.java INFO  [TestNG-tests-1] stepDefinitions.AdminUserStepDefinition 373 - Click on active tab
06-09-2020 10:19:15 AdminUserStepDefinition.java INFO  [TestNG-tests-1] stepDefinitions.AdminUserStepDefinition 139 - Putting rowdata into arraylist 
Trying to find Element By : By.xpath: //h1[text()='User Accounts']
Found Element By : By.xpath: //h1[text()='User Accounts']
Trying to find Element By : By.all({By.xpath: //table/tbody/tr})
Found Element By : By.all({By.xpath: //table/tbody/tr})
Trying to find Element By : By.all({By.xpath: //table/tbody/tr})
Found Element By : By.all({By.xpath: //table/tbody/tr})
Trying to find Element By : By.all({By.xpath: //table/tbody/tr[1]/td})
Found Element By : By.all({By.xpath: //table/tbody/tr[1]/td})
Trying to find Element By : By.xpath: //button[@type='button' and @aria-label='Next page']
Found Element By : By.xpath: //button[@type='button' and @aria-label='Next page']
Trying to find Element By : By.xpath: //table/tbody/tr[1]/td[2]
Found Element By : By.xpath: //table/tbody/tr[1]/td[2]
Trying to find Element By : By.xpath: //table/tbody/tr[1]/td[2]
Found Element By : By.xpath: //table/tbody/tr[1]/td[2]
Trying to find Element By : By.xpath: //table/tbody/tr[1]/td[3]
Found Element By : By.xpath: //table/tbody/tr[1]/td[3]
Trying to find Element By : By.xpath: //table/tbody/tr[1]/td[4]
Found Element By : By.xpath: //table/tbody/tr[1]/td[4]
Trying to find Element By : By.xpath: //table/tbody/tr[1]/td[5]
Found Element By : By.xpath: //table/tbody/tr[1]/td[5]
06-09-2020 10:19:15 AdminUserStepDefinition.java INFO  [TestNG-tests-1] stepDefinitions.AdminUserStepDefinition 141 - User name asserted in tab :TestAccountq9urz
06-09-2020 10:19:15 AdminUserStepDefinition.java INFO  [TestNG-tests-1] stepDefinitions.AdminUserStepDefinition 143 - Email asserted in tab :70gfrk8g0t@testqar.com
06-09-2020 10:19:15 AdminUserStepDefinition.java INFO  [TestNG-tests-1] stepDefinitions.AdminUserStepDefinition 145 - Role asserted in tab :Publisher
Before navigating to: 'http://qa-publisher-portal.rmp.rakuten.com/login'
Navigated to:'http://qa-publisher-portal.rmp.rakuten.com/login'

  Scenario: Verify if user is able to edit active publisher account from admin login.          &amp#27;[90m# RXUsers.feature:113&amp#27;[0m
    &amp#27;[32mGiven &amp#27;[0m&amp#27;[32madmin user login to RX UI with valid username and password&amp#27;[0m                           &amp#27;[90m# ProfileStepDefinition.admin_user_login_to_RX_UI_with_valid_username_and_password()&amp#27;[0m
    &amp#27;[32mWhen &amp#27;[0m&amp#27;[32mclick on User option under accounts.&amp#27;[0m                                                  &amp#27;[90m# AdminUserStepDefinition.click_on_User_option_under_accounts()&amp#27;[0m
    &amp#27;[32mThen &amp#27;[0m&amp#27;[32mclick on active tab and select one of the Publisher user.&amp#27;[0m                             &amp#27;[90m# AdminUserStepDefinition.click_on_active_tab_and_select_one_of_the_Publisher_user()&amp#27;[0m
    &amp#27;[32mThen &amp#27;[0m&amp#27;[32mClick on edit button.&amp#27;[0m                                                                 &amp#27;[90m# AdminUserStepDefinition.click_on_edit_button()&amp#27;[0m
    &amp#27;[32mThen &amp#27;[0m&amp#27;[32mEdit the publisher user&amp#27;[0m                                                               &amp#27;[90m# AdminUserStepDefinition.edit_the_publisher_user()&amp#27;[0m
    &amp#27;[32mThen &amp#27;[0m&amp#27;[32mClick on Save edited user&amp#27;[0m                                                             &amp#27;[90m# AdminUserStepDefinition.click_on_Save_edited_user()&amp#27;[0m
    &amp#27;[32mThen &amp#27;[0m&amp#27;[32massert the edited Publisher user for filled values are displaying in create user page&amp#27;[0m &amp#27;[90m# AdminUserStepDefinition.assert_the_edited_Publisher_user_for_filled_values_are_displaying_in_create_user_page()&amp#27;[0m
    &amp#27;[32mThen &amp#27;[0m&amp#27;[32massert the new user details in user page table view.&amp#27;[0m                                  &amp#27;[90m# AdminUserStepDefinition.assert_the_new_user_details_in_user_page_table_view()&amp#27;[0m
Trying to find Element By : By.xpath: //input[@autofocus="autofocus"]
Found Element By : By.xpath: //input[@autofocus="autofocus"]
Value of the:[[ChromeDriver: chrome on MAC (58084119e1ec2dba31a44c933dec48ff)] -> xpath: //input[@autofocus="autofocus"]] before any changes made
Element value changed to: [[ChromeDriver: chrome on MAC (58084119e1ec2dba31a44c933dec48ff)] -> xpath: //input[@autofocus="autofocus"]]
Trying to find Element By : By.xpath: //input[@type="password"]
Found Element By : By.xpath: //input[@type="password"]
Value of the:[[ChromeDriver: chrome on MAC (58084119e1ec2dba31a44c933dec48ff)] -> xpath: //input[@type="password"]] before any changes made
Element value changed to: [[ChromeDriver: chrome on MAC (58084119e1ec2dba31a44c933dec48ff)] -> xpath: //input[@type="password"]]
Trying to find Element By : By.xpath: //span[text()='Login']
Found Element By : By.xpath: //span[text()='Login']
Trying to click on: [[ChromeDriver: chrome on MAC (58084119e1ec2dba31a44c933dec48ff)] -> xpath: //span[text()='Login']]
Clicked on: [[ChromeDriver: chrome on MAC (58084119e1ec2dba31a44c933dec48ff)] -> xpath: //span[text()='Login']]
Trying to find Element By : By.xpath: //div[@class="logo"]
Found Element By : By.xpath: //div[@class="logo"]
06-09-2020 10:19:30 AdminUserStepDefinition.java INFO  [TestNG-tests-1] stepDefinitions.AdminUserStepDefinition 44 - Clicked on Users option under Account
Trying to find Element By : By.xpath: //div[text()='Users']
Found Element By : By.xpath: //div[text()='Users']
Trying to find Element By : By.xpath: //div[text()='Users']
Found Element By : By.xpath: //div[text()='Users']
Trying to click on: [[ChromeDriver: chrome on MAC (58084119e1ec2dba31a44c933dec48ff)] -> xpath: //div[text()='Users']]
Clicked on: [[ChromeDriver: chrome on MAC (58084119e1ec2dba31a44c933dec48ff)] -> xpath: //div[text()='Users']]
06-09-2020 10:19:30 AdminUserStepDefinition.java INFO  [TestNG-tests-1] stepDefinitions.AdminUserStepDefinition 249 - Click on active tab
Trying to find Element By : By.xpath: //h1[text()='User Accounts']
Found Element By : By.xpath: //h1[text()='User Accounts']
Trying to find Element By : By.xpath: //span[text()='Active']
Found Element By : By.xpath: //span[text()='Active']
Trying to find Element By : By.xpath: //span[text()='Active']
Found Element By : By.xpath: //span[text()='Active']
Trying to click on: [[ChromeDriver: chrome on MAC (58084119e1ec2dba31a44c933dec48ff)] -> xpath: //span[text()='Active']]
Clicked on: [[ChromeDriver: chrome on MAC (58084119e1ec2dba31a44c933dec48ff)] -> xpath: //span[text()='Active']]
06-09-2020 10:19:32 AdminUserStepDefinition.java INFO  [TestNG-tests-1] stepDefinitions.AdminUserStepDefinition 252 - Looking for a Publisher role
Trying to find Element By : By.all({By.xpath: //table/tbody/tr})
Found Element By : By.all({By.xpath: //table/tbody/tr})
Trying to find Element By : By.all({By.xpath: //table/tbody/tr[1]/td})
Found Element By : By.all({By.xpath: //table/tbody/tr[1]/td})
Trying to find Element By : By.xpath: //button[@type='button' and @aria-label='Next page']
Found Element By : By.xpath: //button[@type='button' and @aria-label='Next page']
Trying to find Element By : By.xpath: //table/tbody/tr[1]/td[2]
Found Element By : By.xpath: //table/tbody/tr[1]/td[2]
Trying to find Element By : By.xpath: //table/tbody/tr[1]/td[1]
Found Element By : By.xpath: //table/tbody/tr[1]/td[1]
Trying to click on: [[ChromeDriver: chrome on MAC (58084119e1ec2dba31a44c933dec48ff)] -> xpath: //table/tbody/tr[1]/td[1]]
Clicked on: [[ChromeDriver: chrome on MAC (58084119e1ec2dba31a44c933dec48ff)] -> xpath: //table/tbody/tr[1]/td[1]]
Trying to find Element By : By.xpath: //table/tbody/tr[1]/td[2]
Found Element By : By.xpath: //table/tbody/tr[1]/td[2]
06-09-2020 10:19:32 AdminUserStepDefinition.java INFO  [TestNG-tests-1] stepDefinitions.AdminUserStepDefinition 257 - Putting rowdata into arraylist 
Trying to find Element By : By.xpath: //h1[text()='User Accounts']
Found Element By : By.xpath: //h1[text()='User Accounts']
Trying to find Element By : By.all({By.xpath: //table/tbody/tr})
Found Element By : By.all({By.xpath: //table/tbody/tr})
Trying to find Element By : By.all({By.xpath: //table/tbody/tr})
Found Element By : By.all({By.xpath: //table/tbody/tr})
Trying to find Element By : By.all({By.xpath: //table/tbody/tr[1]/td})
Found Element By : By.all({By.xpath: //table/tbody/tr[1]/td})
Trying to find Element By : By.xpath: //button[@type='button' and @aria-label='Next page']
Found Element By : By.xpath: //button[@type='button' and @aria-label='Next page']
Trying to find Element By : By.xpath: //table/tbody/tr[1]/td[2]
Found Element By : By.xpath: //table/tbody/tr[1]/td[2]
Trying to find Element By : By.xpath: //table/tbody/tr[1]/td[2]
Found Element By : By.xpath: //table/tbody/tr[1]/td[2]
Trying to find Element By : By.xpath: //table/tbody/tr[1]/td[3]
Found Element By : By.xpath: //table/tbody/tr[1]/td[3]
Trying to find Element By : By.xpath: //table/tbody/tr[1]/td[4]
Found Element By : By.xpath: //table/tbody/tr[1]/td[4]
Trying to find Element By : By.xpath: //table/tbody/tr[1]/td[5]
Found Element By : By.xpath: //table/tbody/tr[1]/td[5]
06-09-2020 10:19:32 AdminUserStepDefinition.java INFO  [TestNG-tests-1] stepDefinitions.AdminUserStepDefinition 262 - User name asserted in tab when selected for modify :TestAccountq9urz
06-09-2020 10:19:32 AdminUserStepDefinition.java INFO  [TestNG-tests-1] stepDefinitions.AdminUserStepDefinition 263 - Email asserted in tab when selected for modify :70gfrk8g0t@testqar.com
06-09-2020 10:19:32 AdminUserStepDefinition.java INFO  [TestNG-tests-1] stepDefinitions.AdminUserStepDefinition 264 - Role asserted in tab when selected for modify :Publisher
06-09-2020 10:19:32 AdminUserStepDefinition.java INFO  [TestNG-tests-1] stepDefinitions.AdminUserStepDefinition 238 - Click on Disabled
Trying to find Element By : By.xpath: //h1[text()='User Accounts']
Found Element By : By.xpath: //h1[text()='User Accounts']
Trying to find Element By : By.xpath: //header/div/div[1]/button[2]
Found Element By : By.xpath: //header/div/div[1]/button[2]
Trying to click on: [[ChromeDriver: chrome on MAC (58084119e1ec2dba31a44c933dec48ff)] -> xpath: //header/div/div[1]/button[2]]
Clicked on: [[ChromeDriver: chrome on MAC (58084119e1ec2dba31a44c933dec48ff)] -> xpath: //header/div/div[1]/button[2]]
Trying to find Element By : By.xpath: //h1[text()='User Accounts']
Found Element By : By.xpath: //h1[text()='User Accounts']
Trying to find Element By : By.xpath: //span[text()='Disabled']
Found Element By : By.xpath: //span[text()='Disabled']
Trying to find Element By : By.xpath: //span[text()='Disabled']
Found Element By : By.xpath: //span[text()='Disabled']
Trying to click on: [[ChromeDriver: chrome on MAC (58084119e1ec2dba31a44c933dec48ff)] -> xpath: //span[text()='Disabled']]
Clicked on: [[ChromeDriver: chrome on MAC (58084119e1ec2dba31a44c933dec48ff)] -> xpath: //span[text()='Disabled']]
06-09-2020 10:19:42 AdminUserStepDefinition.java INFO  [TestNG-tests-1] stepDefinitions.AdminUserStepDefinition 139 - Putting rowdata into arraylist 
Trying to find Element By : By.xpath: //h1[text()='User Accounts']
Found Element By : By.xpath: //h1[text()='User Accounts']
Trying to find Element By : By.all({By.xpath: //table/tbody/tr})
Found Element By : By.all({By.xpath: //table/tbody/tr})
Trying to find Element By : By.all({By.xpath: //table/tbody/tr})
Found Element By : By.all({By.xpath: //table/tbody/tr})
Trying to find Element By : By.all({By.xpath: //table/tbody/tr[1]/td})
Found Element By : By.all({By.xpath: //table/tbody/tr[1]/td})
Trying to find Element By : By.xpath: //button[@type='button' and @aria-label='Next page']
Found Element By : By.xpath: //button[@type='button' and @aria-label='Next page']
Trying to find Element By : By.xpath: //table/tbody/tr[1]/td[2]
Found Element By : By.xpath: //table/tbody/tr[1]/td[2]
Trying to find Element By : By.xpath: //table/tbody/tr[1]/td[2]
Found Element By : By.xpath: //table/tbody/tr[1]/td[2]
Trying to find Element By : By.xpath: //table/tbody/tr[1]/td[3]
Found Element By : By.xpath: //table/tbody/tr[1]/td[3]
Trying to find Element By : By.xpath: //table/tbody/tr[1]/td[4]
Found Element By : By.xpath: //table/tbody/tr[1]/td[4]
Trying to find Element By : By.xpath: //table/tbody/tr[1]/td[5]
Found Element By : By.xpath: //table/tbody/tr[1]/td[5]
06-09-2020 10:19:42 AdminUserStepDefinition.java INFO  [TestNG-tests-1] stepDefinitions.AdminUserStepDefinition 141 - User name asserted in tab :TestAccountq9urz
06-09-2020 10:19:42 AdminUserStepDefinition.java INFO  [TestNG-tests-1] stepDefinitions.AdminUserStepDefinition 143 - Email asserted in tab :70gfrk8g0t@testqar.com
06-09-2020 10:19:42 AdminUserStepDefinition.java INFO  [TestNG-tests-1] stepDefinitions.AdminUserStepDefinition 145 - Role asserted in tab :Publisher
Before navigating to: 'http://qa-publisher-portal.rmp.rakuten.com/login'
Navigated to:'http://qa-publisher-portal.rmp.rakuten.com/login'

  Scenario: Verify if user is able to disable the Active Publisher account with admin login. &amp#27;[90m# RXUsers.feature:123&amp#27;[0m
    &amp#27;[32mGiven &amp#27;[0m&amp#27;[32madmin user login to RX UI with valid username and password&amp#27;[0m                         &amp#27;[90m# ProfileStepDefinition.admin_user_login_to_RX_UI_with_valid_username_and_password()&amp#27;[0m
    &amp#27;[32mWhen &amp#27;[0m&amp#27;[32mclick on User option under accounts.&amp#27;[0m                                                &amp#27;[90m# AdminUserStepDefinition.click_on_User_option_under_accounts()&amp#27;[0m
    &amp#27;[32mThen &amp#27;[0m&amp#27;[32mclick on active tab and select one of the Publisher user.&amp#27;[0m                           &amp#27;[90m# AdminUserStepDefinition.click_on_active_tab_and_select_one_of_the_Publisher_user()&amp#27;[0m
    &amp#27;[32mThen &amp#27;[0m&amp#27;[32mclick on disable user button and navigate to disabled tab&amp#27;[0m                           &amp#27;[90m# AdminUserStepDefinition.click_on_disable_user_button_and_navigate_to_disabled_tab()&amp#27;[0m
    &amp#27;[32mThen &amp#27;[0m&amp#27;[32massert the new user details in user page table view.&amp#27;[0m                                &amp#27;[90m# AdminUserStepDefinition.assert_the_new_user_details_in_user_page_table_view()&amp#27;[0m
Trying to find Element By : By.xpath: //input[@autofocus="autofocus"]
Found Element By : By.xpath: //input[@autofocus="autofocus"]
Value of the:[[ChromeDriver: chrome on MAC (4380320dd7a295092cdc488804a41951)] -> xpath: //input[@autofocus="autofocus"]] before any changes made
Element value changed to: [[ChromeDriver: chrome on MAC (4380320dd7a295092cdc488804a41951)] -> xpath: //input[@autofocus="autofocus"]]
Trying to find Element By : By.xpath: //input[@type="password"]
Found Element By : By.xpath: //input[@type="password"]
Value of the:[[ChromeDriver: chrome on MAC (4380320dd7a295092cdc488804a41951)] -> xpath: //input[@type="password"]] before any changes made
Element value changed to: [[ChromeDriver: chrome on MAC (4380320dd7a295092cdc488804a41951)] -> xpath: //input[@type="password"]]
Trying to find Element By : By.xpath: //span[text()='Login']
Found Element By : By.xpath: //span[text()='Login']
Trying to click on: [[ChromeDriver: chrome on MAC (4380320dd7a295092cdc488804a41951)] -> xpath: //span[text()='Login']]
Clicked on: [[ChromeDriver: chrome on MAC (4380320dd7a295092cdc488804a41951)] -> xpath: //span[text()='Login']]
Trying to find Element By : By.xpath: //div[@class="logo"]
Found Element By : By.xpath: //div[@class="logo"]
06-09-2020 10:19:55 AdminUserStepDefinition.java INFO  [TestNG-tests-1] stepDefinitions.AdminUserStepDefinition 44 - Clicked on Users option under Account
Trying to find Element By : By.xpath: //div[text()='Users']
Found Element By : By.xpath: //div[text()='Users']
Trying to find Element By : By.xpath: //div[text()='Users']
Found Element By : By.xpath: //div[text()='Users']
Trying to click on: [[ChromeDriver: chrome on MAC (4380320dd7a295092cdc488804a41951)] -> xpath: //div[text()='Users']]
Clicked on: [[ChromeDriver: chrome on MAC (4380320dd7a295092cdc488804a41951)] -> xpath: //div[text()='Users']]
06-09-2020 10:19:56 AdminUserStepDefinition.java INFO  [TestNG-tests-1] stepDefinitions.AdminUserStepDefinition 301 - Click on Disabled tab
Trying to find Element By : By.xpath: //h1[text()='User Accounts']
Found Element By : By.xpath: //h1[text()='User Accounts']
Trying to find Element By : By.xpath: //span[text()='Disabled']
Found Element By : By.xpath: //span[text()='Disabled']
Trying to find Element By : By.xpath: //span[text()='Disabled']
Found Element By : By.xpath: //span[text()='Disabled']
Trying to click on: [[ChromeDriver: chrome on MAC (4380320dd7a295092cdc488804a41951)] -> xpath: //span[text()='Disabled']]
Clicked on: [[ChromeDriver: chrome on MAC (4380320dd7a295092cdc488804a41951)] -> xpath: //span[text()='Disabled']]
06-09-2020 10:19:58 AdminUserStepDefinition.java INFO  [TestNG-tests-1] stepDefinitions.AdminUserStepDefinition 304 - Looking for a Publisher role
Trying to find Element By : By.all({By.xpath: //table/tbody/tr})
Found Element By : By.all({By.xpath: //table/tbody/tr})
Trying to find Element By : By.all({By.xpath: //table/tbody/tr[1]/td})
Found Element By : By.all({By.xpath: //table/tbody/tr[1]/td})
Trying to find Element By : By.xpath: //button[@type='button' and @aria-label='Next page']
Found Element By : By.xpath: //button[@type='button' and @aria-label='Next page']
Trying to find Element By : By.xpath: //table/tbody/tr[1]/td[2]
Found Element By : By.xpath: //table/tbody/tr[1]/td[2]
Trying to find Element By : By.xpath: //table/tbody/tr[1]/td[1]
Found Element By : By.xpath: //table/tbody/tr[1]/td[1]
Trying to click on: [[ChromeDriver: chrome on MAC (4380320dd7a295092cdc488804a41951)] -> xpath: //table/tbody/tr[1]/td[1]]
Clicked on: [[ChromeDriver: chrome on MAC (4380320dd7a295092cdc488804a41951)] -> xpath: //table/tbody/tr[1]/td[1]]
Trying to find Element By : By.xpath: //table/tbody/tr[1]/td[2]
Found Element By : By.xpath: //table/tbody/tr[1]/td[2]
06-09-2020 10:19:58 AdminUserStepDefinition.java INFO  [TestNG-tests-1] stepDefinitions.AdminUserStepDefinition 309 - Putting rowdata into arraylist 
Trying to find Element By : By.xpath: //h1[text()='User Accounts']
Found Element By : By.xpath: //h1[text()='User Accounts']
Trying to find Element By : By.all({By.xpath: //table/tbody/tr})
Found Element By : By.all({By.xpath: //table/tbody/tr})
Trying to find Element By : By.all({By.xpath: //table/tbody/tr})
Found Element By : By.all({By.xpath: //table/tbody/tr})
Trying to find Element By : By.all({By.xpath: //table/tbody/tr[1]/td})
Found Element By : By.all({By.xpath: //table/tbody/tr[1]/td})
Trying to find Element By : By.xpath: //button[@type='button' and @aria-label='Next page']
Found Element By : By.xpath: //button[@type='button' and @aria-label='Next page']
Trying to find Element By : By.xpath: //table/tbody/tr[1]/td[2]
Found Element By : By.xpath: //table/tbody/tr[1]/td[2]
Trying to find Element By : By.xpath: //table/tbody/tr[1]/td[2]
Found Element By : By.xpath: //table/tbody/tr[1]/td[2]
Trying to find Element By : By.xpath: //table/tbody/tr[1]/td[3]
Found Element By : By.xpath: //table/tbody/tr[1]/td[3]
Trying to find Element By : By.xpath: //table/tbody/tr[1]/td[4]
Found Element By : By.xpath: //table/tbody/tr[1]/td[4]
Trying to find Element By : By.xpath: //table/tbody/tr[1]/td[5]
Found Element By : By.xpath: //table/tbody/tr[1]/td[5]
06-09-2020 10:19:58 AdminUserStepDefinition.java INFO  [TestNG-tests-1] stepDefinitions.AdminUserStepDefinition 313 - User name asserted in tab when selected for modify :TestAccountq9urz
06-09-2020 10:19:58 AdminUserStepDefinition.java INFO  [TestNG-tests-1] stepDefinitions.AdminUserStepDefinition 314 - Email asserted in tab when selected for modify :70gfrk8g0t@testqar.com
06-09-2020 10:19:58 AdminUserStepDefinition.java INFO  [TestNG-tests-1] stepDefinitions.AdminUserStepDefinition 315 - Role asserted in tab when selected for modify :Publisher
Trying to find Element By : By.xpath: //input[@autocomplete='nope']
Found Element By : By.xpath: //input[@autocomplete='nope']
Value of the:[[ChromeDriver: chrome on MAC (4380320dd7a295092cdc488804a41951)] -> xpath: //input[@autocomplete='nope']] before any changes made
Element value changed to: [[ChromeDriver: chrome on MAC (4380320dd7a295092cdc488804a41951)] -> xpath: //input[@autocomplete='nope']]
06-09-2020 10:19:58 AdminUserStepDefinition.java INFO  [TestNG-tests-1] stepDefinitions.AdminUserStepDefinition 139 - Putting rowdata into arraylist 
Trying to find Element By : By.xpath: //h1[text()='User Accounts']
Found Element By : By.xpath: //h1[text()='User Accounts']
Trying to find Element By : By.all({By.xpath: //table/tbody/tr})
Found Element By : By.all({By.xpath: //table/tbody/tr})
Trying to find Element By : By.all({By.xpath: //table/tbody/tr})
Found Element By : By.all({By.xpath: //table/tbody/tr})
Trying to find Element By : By.all({By.xpath: //table/tbody/tr[1]/td})
Found Element By : By.all({By.xpath: //table/tbody/tr[1]/td})
Trying to find Element By : By.xpath: //button[@type='button' and @aria-label='Next page']
Found Element By : By.xpath: //button[@type='button' and @aria-label='Next page']
Trying to find Element By : By.xpath: //table/tbody/tr[1]/td[2]
Found Element By : By.xpath: //table/tbody/tr[1]/td[2]
Trying to find Element By : By.xpath: //table/tbody/tr[1]/td[2]
Found Element By : By.xpath: //table/tbody/tr[1]/td[2]
Trying to find Element By : By.xpath: //table/tbody/tr[1]/td[3]
Found Element By : By.xpath: //table/tbody/tr[1]/td[3]
Trying to find Element By : By.xpath: //table/tbody/tr[1]/td[4]
Found Element By : By.xpath: //table/tbody/tr[1]/td[4]
Trying to find Element By : By.xpath: //table/tbody/tr[1]/td[5]
Found Element By : By.xpath: //table/tbody/tr[1]/td[5]
06-09-2020 10:19:58 AdminUserStepDefinition.java INFO  [TestNG-tests-1] stepDefinitions.AdminUserStepDefinition 141 - User name asserted in tab :TestAccountq9urz
06-09-2020 10:19:58 AdminUserStepDefinition.java INFO  [TestNG-tests-1] stepDefinitions.AdminUserStepDefinition 143 - Email asserted in tab :70gfrk8g0t@testqar.com
06-09-2020 10:19:58 AdminUserStepDefinition.java INFO  [TestNG-tests-1] stepDefinitions.AdminUserStepDefinition 145 - Role asserted in tab :Publisher
Before navigating to: 'http://qa-publisher-portal.rmp.rakuten.com/login'
Navigated to:'http://qa-publisher-portal.rmp.rakuten.com/login'

  Scenario: Verify if user is able to search disabled publisher account with admin login. &amp#27;[90m# RXUsers.feature:130&amp#27;[0m
    &amp#27;[32mGiven &amp#27;[0m&amp#27;[32madmin user login to RX UI with valid username and password&amp#27;[0m                      &amp#27;[90m# ProfileStepDefinition.admin_user_login_to_RX_UI_with_valid_username_and_password()&amp#27;[0m
    &amp#27;[32mWhen &amp#27;[0m&amp#27;[32mclick on User option under accounts.&amp#27;[0m                                             &amp#27;[90m# AdminUserStepDefinition.click_on_User_option_under_accounts()&amp#27;[0m
    &amp#27;[32mThen &amp#27;[0m&amp#27;[32mclick on disabled tab and select one of the Publisher user.&amp#27;[0m                      &amp#27;[90m# AdminUserStepDefinition.click_on_disabled_tab_and_select_one_of_the_Publisher_user()&amp#27;[0m
    &amp#27;[32mThen &amp#27;[0m&amp#27;[32msearch for the user&amp#27;[0m                                                              &amp#27;[90m# AdminUserStepDefinition.search_for_the_user()&amp#27;[0m
    &amp#27;[32mThen &amp#27;[0m&amp#27;[32massert the new user details in user page table view.&amp#27;[0m                             &amp#27;[90m# AdminUserStepDefinition.assert_the_new_user_details_in_user_page_table_view()&amp#27;[0m
Trying to find Element By : By.xpath: //input[@autofocus="autofocus"]
Found Element By : By.xpath: //input[@autofocus="autofocus"]
Value of the:[[ChromeDriver: chrome on MAC (0068a22f6880761d1863a2269b998ce1)] -> xpath: //input[@autofocus="autofocus"]] before any changes made
Element value changed to: [[ChromeDriver: chrome on MAC (0068a22f6880761d1863a2269b998ce1)] -> xpath: //input[@autofocus="autofocus"]]
Trying to find Element By : By.xpath: //input[@type="password"]
Found Element By : By.xpath: //input[@type="password"]
Value of the:[[ChromeDriver: chrome on MAC (0068a22f6880761d1863a2269b998ce1)] -> xpath: //input[@type="password"]] before any changes made
Element value changed to: [[ChromeDriver: chrome on MAC (0068a22f6880761d1863a2269b998ce1)] -> xpath: //input[@type="password"]]
Trying to find Element By : By.xpath: //span[text()='Login']
Found Element By : By.xpath: //span[text()='Login']
Trying to click on: [[ChromeDriver: chrome on MAC (0068a22f6880761d1863a2269b998ce1)] -> xpath: //span[text()='Login']]
Clicked on: [[ChromeDriver: chrome on MAC (0068a22f6880761d1863a2269b998ce1)] -> xpath: //span[text()='Login']]
Trying to find Element By : By.xpath: //div[@class="logo"]
Found Element By : By.xpath: //div[@class="logo"]
06-09-2020 10:20:11 AdminUserStepDefinition.java INFO  [TestNG-tests-1] stepDefinitions.AdminUserStepDefinition 44 - Clicked on Users option under Account
Trying to find Element By : By.xpath: //div[text()='Users']
Found Element By : By.xpath: //div[text()='Users']
Trying to find Element By : By.xpath: //div[text()='Users']
Found Element By : By.xpath: //div[text()='Users']
Trying to click on: [[ChromeDriver: chrome on MAC (0068a22f6880761d1863a2269b998ce1)] -> xpath: //div[text()='Users']]
Clicked on: [[ChromeDriver: chrome on MAC (0068a22f6880761d1863a2269b998ce1)] -> xpath: //div[text()='Users']]
06-09-2020 10:20:12 AdminUserStepDefinition.java INFO  [TestNG-tests-1] stepDefinitions.AdminUserStepDefinition 301 - Click on Disabled tab
Trying to find Element By : By.xpath: //h1[text()='User Accounts']
Found Element By : By.xpath: //h1[text()='User Accounts']
Trying to find Element By : By.xpath: //span[text()='Disabled']
Found Element By : By.xpath: //span[text()='Disabled']
Trying to find Element By : By.xpath: //span[text()='Disabled']
Found Element By : By.xpath: //span[text()='Disabled']
Trying to click on: [[ChromeDriver: chrome on MAC (0068a22f6880761d1863a2269b998ce1)] -> xpath: //span[text()='Disabled']]
Clicked on: [[ChromeDriver: chrome on MAC (0068a22f6880761d1863a2269b998ce1)] -> xpath: //span[text()='Disabled']]
06-09-2020 10:20:14 AdminUserStepDefinition.java INFO  [TestNG-tests-1] stepDefinitions.AdminUserStepDefinition 304 - Looking for a Publisher role
Trying to find Element By : By.all({By.xpath: //table/tbody/tr})
Found Element By : By.all({By.xpath: //table/tbody/tr})
Trying to find Element By : By.all({By.xpath: //table/tbody/tr[1]/td})
Found Element By : By.all({By.xpath: //table/tbody/tr[1]/td})
Trying to find Element By : By.xpath: //button[@type='button' and @aria-label='Next page']
Found Element By : By.xpath: //button[@type='button' and @aria-label='Next page']
Trying to find Element By : By.xpath: //table/tbody/tr[1]/td[2]
Found Element By : By.xpath: //table/tbody/tr[1]/td[2]
Trying to find Element By : By.xpath: //table/tbody/tr[1]/td[1]
Found Element By : By.xpath: //table/tbody/tr[1]/td[1]
Trying to click on: [[ChromeDriver: chrome on MAC (0068a22f6880761d1863a2269b998ce1)] -> xpath: //table/tbody/tr[1]/td[1]]
Clicked on: [[ChromeDriver: chrome on MAC (0068a22f6880761d1863a2269b998ce1)] -> xpath: //table/tbody/tr[1]/td[1]]
Trying to find Element By : By.xpath: //table/tbody/tr[1]/td[2]
Found Element By : By.xpath: //table/tbody/tr[1]/td[2]
06-09-2020 10:20:14 AdminUserStepDefinition.java INFO  [TestNG-tests-1] stepDefinitions.AdminUserStepDefinition 309 - Putting rowdata into arraylist 
Trying to find Element By : By.xpath: //h1[text()='User Accounts']
Found Element By : By.xpath: //h1[text()='User Accounts']
Trying to find Element By : By.all({By.xpath: //table/tbody/tr})
Found Element By : By.all({By.xpath: //table/tbody/tr})
Trying to find Element By : By.all({By.xpath: //table/tbody/tr})
Found Element By : By.all({By.xpath: //table/tbody/tr})
Trying to find Element By : By.all({By.xpath: //table/tbody/tr[1]/td})
Found Element By : By.all({By.xpath: //table/tbody/tr[1]/td})
Trying to find Element By : By.xpath: //button[@type='button' and @aria-label='Next page']
Found Element By : By.xpath: //button[@type='button' and @aria-label='Next page']
Trying to find Element By : By.xpath: //table/tbody/tr[1]/td[2]
Found Element By : By.xpath: //table/tbody/tr[1]/td[2]
Trying to find Element By : By.xpath: //table/tbody/tr[1]/td[2]
Found Element By : By.xpath: //table/tbody/tr[1]/td[2]
Trying to find Element By : By.xpath: //table/tbody/tr[1]/td[3]
Found Element By : By.xpath: //table/tbody/tr[1]/td[3]
Trying to find Element By : By.xpath: //table/tbody/tr[1]/td[4]
Found Element By : By.xpath: //table/tbody/tr[1]/td[4]
Trying to find Element By : By.xpath: //table/tbody/tr[1]/td[5]
Found Element By : By.xpath: //table/tbody/tr[1]/td[5]
06-09-2020 10:20:14 AdminUserStepDefinition.java INFO  [TestNG-tests-1] stepDefinitions.AdminUserStepDefinition 313 - User name asserted in tab when selected for modify :TestAccountq9urz
06-09-2020 10:20:14 AdminUserStepDefinition.java INFO  [TestNG-tests-1] stepDefinitions.AdminUserStepDefinition 314 - Email asserted in tab when selected for modify :70gfrk8g0t@testqar.com
06-09-2020 10:20:14 AdminUserStepDefinition.java INFO  [TestNG-tests-1] stepDefinitions.AdminUserStepDefinition 315 - Role asserted in tab when selected for modify :Publisher
06-09-2020 10:20:14 AdminUserStepDefinition.java INFO  [TestNG-tests-1] stepDefinitions.AdminUserStepDefinition 321 - Clicked on edit user button
Trying to find Element By : By.xpath: //h1[text()='User Accounts']
Found Element By : By.xpath: //h1[text()='User Accounts']
Trying to find Element By : By.xpath: //header/div/div[1]/button[1]
Found Element By : By.xpath: //header/div/div[1]/button[1]
Trying to click on: [[ChromeDriver: chrome on MAC (0068a22f6880761d1863a2269b998ce1)] -> xpath: //header/div/div[1]/button[1]]
Clicked on: [[ChromeDriver: chrome on MAC (0068a22f6880761d1863a2269b998ce1)] -> xpath: //header/div/div[1]/button[1]]
06-09-2020 10:20:14 AdminUserStepDefinition.java INFO  [TestNG-tests-1] stepDefinitions.AdminUserStepDefinition 327 - Fetch the test data from
Trying to find Element By : By.xpath: //span/form/div[3]/button/span
Found Element By : By.xpath: //span/form/div[3]/button/span
Trying to find Element By : By.xpath: //span/form/div[3]/button/span
Found Element By : By.xpath: //span/form/div[3]/button/span
Trying to find Element By : By.xpath: //form//input[@type='radio' and @value='1']
Found Element By : By.xpath: //form//input[@type='radio' and @value='1']
Trying to find Element By : By.xpath: //form//input[@type='radio' and @value='0']
Found Element By : By.xpath: //form//input[@type='radio' and @value='0']
Trying to find Element By : By.xpath: //span/form/div[3]/button/span
Found Element By : By.xpath: //span/form/div[3]/button/span
Trying to find Element By : By.xpath: //label[text()='Account Name']/following-sibling::input[@type='text']
Found Element By : By.xpath: //label[text()='Account Name']/following-sibling::input[@type='text']
Trying to find Element By : By.xpath: //label[text()='Account Name']/following-sibling::input[@type='text']
Found Element By : By.xpath: //label[text()='Account Name']/following-sibling::input[@type='text']
Value of the:[[ChromeDriver: chrome on MAC (0068a22f6880761d1863a2269b998ce1)] -> xpath: //label[text()='Account Name']/following-sibling::input[@type='text']] before any changes made
Element value changed to: [[ChromeDriver: chrome on MAC (0068a22f6880761d1863a2269b998ce1)] -> xpath: //label[text()='Account Name']/following-sibling::input[@type='text']]
Trying to find Element By : By.xpath: //label[text()='Account Name']/following-sibling::input[@type='text']
Found Element By : By.xpath: //label[text()='Account Name']/following-sibling::input[@type='text']
Value of the:[[ChromeDriver: chrome on MAC (0068a22f6880761d1863a2269b998ce1)] -> xpath: //label[text()='Account Name']/following-sibling::input[@type='text']] before any changes made
Element value changed to: [[ChromeDriver: chrome on MAC (0068a22f6880761d1863a2269b998ce1)] -> xpath: //label[text()='Account Name']/following-sibling::input[@type='text']]
Trying to find Element By : By.xpath: //label[text()='Account Name']/following-sibling::input[@type='text']
Found Element By : By.xpath: //label[text()='Account Name']/following-sibling::input[@type='text']
Value of the:[[ChromeDriver: chrome on MAC (0068a22f6880761d1863a2269b998ce1)] -> xpath: //label[text()='Account Name']/following-sibling::input[@type='text']] before any changes made
Element value changed to: [[ChromeDriver: chrome on MAC (0068a22f6880761d1863a2269b998ce1)] -> xpath: //label[text()='Account Name']/following-sibling::input[@type='text']]
Trying to find Element By : By.xpath: //label[text()='Account Name']/following-sibling::input[@type='text']
Found Element By : By.xpath: //label[text()='Account Name']/following-sibling::input[@type='text']
Value of the:[[ChromeDriver: chrome on MAC (0068a22f6880761d1863a2269b998ce1)] -> xpath: //label[text()='Account Name']/following-sibling::input[@type='text']] before any changes made
Element value changed to: [[ChromeDriver: chrome on MAC (0068a22f6880761d1863a2269b998ce1)] -> xpath: //label[text()='Account Name']/following-sibling::input[@type='text']]
Trying to find Element By : By.xpath: //label[text()='Account Name']/following-sibling::input[@type='text']
Found Element By : By.xpath: //label[text()='Account Name']/following-sibling::input[@type='text']
Value of the:[[ChromeDriver: chrome on MAC (0068a22f6880761d1863a2269b998ce1)] -> xpath: //label[text()='Account Name']/following-sibling::input[@type='text']] before any changes made
Element value changed to: [[ChromeDriver: chrome on MAC (0068a22f6880761d1863a2269b998ce1)] -> xpath: //label[text()='Account Name']/following-sibling::input[@type='text']]
Trying to find Element By : By.xpath: //label[text()='Account Name']/following-sibling::input[@type='text']
Found Element By : By.xpath: //label[text()='Account Name']/following-sibling::input[@type='text']
Value of the:[[ChromeDriver: chrome on MAC (0068a22f6880761d1863a2269b998ce1)] -> xpath: //label[text()='Account Name']/following-sibling::input[@type='text']] before any changes made
Element value changed to: [[ChromeDriver: chrome on MAC (0068a22f6880761d1863a2269b998ce1)] -> xpath: //label[text()='Account Name']/following-sibling::input[@type='text']]
Trying to find Element By : By.xpath: //label[text()='Account Name']/following-sibling::input[@type='text']
Found Element By : By.xpath: //label[text()='Account Name']/following-sibling::input[@type='text']
Value of the:[[ChromeDriver: chrome on MAC (0068a22f6880761d1863a2269b998ce1)] -> xpath: //label[text()='Account Name']/following-sibling::input[@type='text']] before any changes made
Element value changed to: [[ChromeDriver: chrome on MAC (0068a22f6880761d1863a2269b998ce1)] -> xpath: //label[text()='Account Name']/following-sibling::input[@type='text']]
Trying to find Element By : By.xpath: //label[text()='Account Name']/following-sibling::input[@type='text']
Found Element By : By.xpath: //label[text()='Account Name']/following-sibling::input[@type='text']
Value of the:[[ChromeDriver: chrome on MAC (0068a22f6880761d1863a2269b998ce1)] -> xpath: //label[text()='Account Name']/following-sibling::input[@type='text']] before any changes made
Element value changed to: [[ChromeDriver: chrome on MAC (0068a22f6880761d1863a2269b998ce1)] -> xpath: //label[text()='Account Name']/following-sibling::input[@type='text']]
Trying to find Element By : By.xpath: //label[text()='Account Name']/following-sibling::input[@type='text']
Found Element By : By.xpath: //label[text()='Account Name']/following-sibling::input[@type='text']
Value of the:[[ChromeDriver: chrome on MAC (0068a22f6880761d1863a2269b998ce1)] -> xpath: //label[text()='Account Name']/following-sibling::input[@type='text']] before any changes made
Element value changed to: [[ChromeDriver: chrome on MAC (0068a22f6880761d1863a2269b998ce1)] -> xpath: //label[text()='Account Name']/following-sibling::input[@type='text']]
Trying to find Element By : By.xpath: //label[text()='Account Name']/following-sibling::input[@type='text']
Found Element By : By.xpath: //label[text()='Account Name']/following-sibling::input[@type='text']
Value of the:[[ChromeDriver: chrome on MAC (0068a22f6880761d1863a2269b998ce1)] -> xpath: //label[text()='Account Name']/following-sibling::input[@type='text']] before any changes made
Element value changed to: [[ChromeDriver: chrome on MAC (0068a22f6880761d1863a2269b998ce1)] -> xpath: //label[text()='Account Name']/following-sibling::input[@type='text']]
Trying to find Element By : By.xpath: //label[text()='Account Name']/following-sibling::input[@type='text']
Found Element By : By.xpath: //label[text()='Account Name']/following-sibling::input[@type='text']
Value of the:[[ChromeDriver: chrome on MAC (0068a22f6880761d1863a2269b998ce1)] -> xpath: //label[text()='Account Name']/following-sibling::input[@type='text']] before any changes made
Element value changed to: [[ChromeDriver: chrome on MAC (0068a22f6880761d1863a2269b998ce1)] -> xpath: //label[text()='Account Name']/following-sibling::input[@type='text']]
Trying to find Element By : By.xpath: //label[text()='Account Name']/following-sibling::input[@type='text']
Found Element By : By.xpath: //label[text()='Account Name']/following-sibling::input[@type='text']
Value of the:[[ChromeDriver: chrome on MAC (0068a22f6880761d1863a2269b998ce1)] -> xpath: //label[text()='Account Name']/following-sibling::input[@type='text']] before any changes made
Element value changed to: [[ChromeDriver: chrome on MAC (0068a22f6880761d1863a2269b998ce1)] -> xpath: //label[text()='Account Name']/following-sibling::input[@type='text']]
Trying to find Element By : By.xpath: //label[text()='Account Name']/following-sibling::input[@type='text']
Found Element By : By.xpath: //label[text()='Account Name']/following-sibling::input[@type='text']
Value of the:[[ChromeDriver: chrome on MAC (0068a22f6880761d1863a2269b998ce1)] -> xpath: //label[text()='Account Name']/following-sibling::input[@type='text']] before any changes made
Element value changed to: [[ChromeDriver: chrome on MAC (0068a22f6880761d1863a2269b998ce1)] -> xpath: //label[text()='Account Name']/following-sibling::input[@type='text']]
Trying to find Element By : By.xpath: //label[text()='Account Name']/following-sibling::input[@type='text']
Found Element By : By.xpath: //label[text()='Account Name']/following-sibling::input[@type='text']
Value of the:[[ChromeDriver: chrome on MAC (0068a22f6880761d1863a2269b998ce1)] -> xpath: //label[text()='Account Name']/following-sibling::input[@type='text']] before any changes made
Element value changed to: [[ChromeDriver: chrome on MAC (0068a22f6880761d1863a2269b998ce1)] -> xpath: //label[text()='Account Name']/following-sibling::input[@type='text']]
Trying to find Element By : By.xpath: //label[text()='Account Name']/following-sibling::input[@type='text']
Found Element By : By.xpath: //label[text()='Account Name']/following-sibling::input[@type='text']
Value of the:[[ChromeDriver: chrome on MAC (0068a22f6880761d1863a2269b998ce1)] -> xpath: //label[text()='Account Name']/following-sibling::input[@type='text']] before any changes made
Element value changed to: [[ChromeDriver: chrome on MAC (0068a22f6880761d1863a2269b998ce1)] -> xpath: //label[text()='Account Name']/following-sibling::input[@type='text']]
Trying to find Element By : By.xpath: //label[text()='Account Name']/following-sibling::input[@type='text']
Found Element By : By.xpath: //label[text()='Account Name']/following-sibling::input[@type='text']
Value of the:[[ChromeDriver: chrome on MAC (0068a22f6880761d1863a2269b998ce1)] -> xpath: //label[text()='Account Name']/following-sibling::input[@type='text']] before any changes made
Element value changed to: [[ChromeDriver: chrome on MAC (0068a22f6880761d1863a2269b998ce1)] -> xpath: //label[text()='Account Name']/following-sibling::input[@type='text']]
Trying to find Element By : By.xpath: //label[text()='E-Mail']/following-sibling::input[@type='text']
Found Element By : By.xpath: //label[text()='E-Mail']/following-sibling::input[@type='text']
Trying to find Element By : By.xpath: //label[text()='E-Mail']/following-sibling::input[@type='text']
Found Element By : By.xpath: //label[text()='E-Mail']/following-sibling::input[@type='text']
Value of the:[[ChromeDriver: chrome on MAC (0068a22f6880761d1863a2269b998ce1)] -> xpath: //label[text()='E-Mail']/following-sibling::input[@type='text']] before any changes made
Element value changed to: [[ChromeDriver: chrome on MAC (0068a22f6880761d1863a2269b998ce1)] -> xpath: //label[text()='E-Mail']/following-sibling::input[@type='text']]
Trying to find Element By : By.xpath: //label[text()='E-Mail']/following-sibling::input[@type='text']
Found Element By : By.xpath: //label[text()='E-Mail']/following-sibling::input[@type='text']
Value of the:[[ChromeDriver: chrome on MAC (0068a22f6880761d1863a2269b998ce1)] -> xpath: //label[text()='E-Mail']/following-sibling::input[@type='text']] before any changes made
Element value changed to: [[ChromeDriver: chrome on MAC (0068a22f6880761d1863a2269b998ce1)] -> xpath: //label[text()='E-Mail']/following-sibling::input[@type='text']]
Trying to find Element By : By.xpath: //label[text()='E-Mail']/following-sibling::input[@type='text']
Found Element By : By.xpath: //label[text()='E-Mail']/following-sibling::input[@type='text']
Value of the:[[ChromeDriver: chrome on MAC (0068a22f6880761d1863a2269b998ce1)] -> xpath: //label[text()='E-Mail']/following-sibling::input[@type='text']] before any changes made
Element value changed to: [[ChromeDriver: chrome on MAC (0068a22f6880761d1863a2269b998ce1)] -> xpath: //label[text()='E-Mail']/following-sibling::input[@type='text']]
Trying to find Element By : By.xpath: //label[text()='E-Mail']/following-sibling::input[@type='text']
Found Element By : By.xpath: //label[text()='E-Mail']/following-sibling::input[@type='text']
Value of the:[[ChromeDriver: chrome on MAC (0068a22f6880761d1863a2269b998ce1)] -> xpath: //label[text()='E-Mail']/following-sibling::input[@type='text']] before any changes made
Element value changed to: [[ChromeDriver: chrome on MAC (0068a22f6880761d1863a2269b998ce1)] -> xpath: //label[text()='E-Mail']/following-sibling::input[@type='text']]
Trying to find Element By : By.xpath: //label[text()='E-Mail']/following-sibling::input[@type='text']
Found Element By : By.xpath: //label[text()='E-Mail']/following-sibling::input[@type='text']
Value of the:[[ChromeDriver: chrome on MAC (0068a22f6880761d1863a2269b998ce1)] -> xpath: //label[text()='E-Mail']/following-sibling::input[@type='text']] before any changes made
Element value changed to: [[ChromeDriver: chrome on MAC (0068a22f6880761d1863a2269b998ce1)] -> xpath: //label[text()='E-Mail']/following-sibling::input[@type='text']]
Trying to find Element By : By.xpath: //label[text()='E-Mail']/following-sibling::input[@type='text']
Found Element By : By.xpath: //label[text()='E-Mail']/following-sibling::input[@type='text']
Value of the:[[ChromeDriver: chrome on MAC (0068a22f6880761d1863a2269b998ce1)] -> xpath: //label[text()='E-Mail']/following-sibling::input[@type='text']] before any changes made
Element value changed to: [[ChromeDriver: chrome on MAC (0068a22f6880761d1863a2269b998ce1)] -> xpath: //label[text()='E-Mail']/following-sibling::input[@type='text']]
Trying to find Element By : By.xpath: //label[text()='E-Mail']/following-sibling::input[@type='text']
Found Element By : By.xpath: //label[text()='E-Mail']/following-sibling::input[@type='text']
Value of the:[[ChromeDriver: chrome on MAC (0068a22f6880761d1863a2269b998ce1)] -> xpath: //label[text()='E-Mail']/following-sibling::input[@type='text']] before any changes made
Element value changed to: [[ChromeDriver: chrome on MAC (0068a22f6880761d1863a2269b998ce1)] -> xpath: //label[text()='E-Mail']/following-sibling::input[@type='text']]
Trying to find Element By : By.xpath: //label[text()='E-Mail']/following-sibling::input[@type='text']
Found Element By : By.xpath: //label[text()='E-Mail']/following-sibling::input[@type='text']
Value of the:[[ChromeDriver: chrome on MAC (0068a22f6880761d1863a2269b998ce1)] -> xpath: //label[text()='E-Mail']/following-sibling::input[@type='text']] before any changes made
Element value changed to: [[ChromeDriver: chrome on MAC (0068a22f6880761d1863a2269b998ce1)] -> xpath: //label[text()='E-Mail']/following-sibling::input[@type='text']]
Trying to find Element By : By.xpath: //label[text()='E-Mail']/following-sibling::input[@type='text']
Found Element By : By.xpath: //label[text()='E-Mail']/following-sibling::input[@type='text']
Value of the:[[ChromeDriver: chrome on MAC (0068a22f6880761d1863a2269b998ce1)] -> xpath: //label[text()='E-Mail']/following-sibling::input[@type='text']] before any changes made
Element value changed to: [[ChromeDriver: chrome on MAC (0068a22f6880761d1863a2269b998ce1)] -> xpath: //label[text()='E-Mail']/following-sibling::input[@type='text']]
Trying to find Element By : By.xpath: //label[text()='E-Mail']/following-sibling::input[@type='text']
Found Element By : By.xpath: //label[text()='E-Mail']/following-sibling::input[@type='text']
Value of the:[[ChromeDriver: chrome on MAC (0068a22f6880761d1863a2269b998ce1)] -> xpath: //label[text()='E-Mail']/following-sibling::input[@type='text']] before any changes made
Element value changed to: [[ChromeDriver: chrome on MAC (0068a22f6880761d1863a2269b998ce1)] -> xpath: //label[text()='E-Mail']/following-sibling::input[@type='text']]
Trying to find Element By : By.xpath: //label[text()='E-Mail']/following-sibling::input[@type='text']
Found Element By : By.xpath: //label[text()='E-Mail']/following-sibling::input[@type='text']
Value of the:[[ChromeDriver: chrome on MAC (0068a22f6880761d1863a2269b998ce1)] -> xpath: //label[text()='E-Mail']/following-sibling::input[@type='text']] before any changes made
Element value changed to: [[ChromeDriver: chrome on MAC (0068a22f6880761d1863a2269b998ce1)] -> xpath: //label[text()='E-Mail']/following-sibling::input[@type='text']]
Trying to find Element By : By.xpath: //label[text()='E-Mail']/following-sibling::input[@type='text']
Found Element By : By.xpath: //label[text()='E-Mail']/following-sibling::input[@type='text']
Value of the:[[ChromeDriver: chrome on MAC (0068a22f6880761d1863a2269b998ce1)] -> xpath: //label[text()='E-Mail']/following-sibling::input[@type='text']] before any changes made
Element value changed to: [[ChromeDriver: chrome on MAC (0068a22f6880761d1863a2269b998ce1)] -> xpath: //label[text()='E-Mail']/following-sibling::input[@type='text']]
Trying to find Element By : By.xpath: //label[text()='E-Mail']/following-sibling::input[@type='text']
Found Element By : By.xpath: //label[text()='E-Mail']/following-sibling::input[@type='text']
Value of the:[[ChromeDriver: chrome on MAC (0068a22f6880761d1863a2269b998ce1)] -> xpath: //label[text()='E-Mail']/following-sibling::input[@type='text']] before any changes made
Element value changed to: [[ChromeDriver: chrome on MAC (0068a22f6880761d1863a2269b998ce1)] -> xpath: //label[text()='E-Mail']/following-sibling::input[@type='text']]
Trying to find Element By : By.xpath: //label[text()='E-Mail']/following-sibling::input[@type='text']
Found Element By : By.xpath: //label[text()='E-Mail']/following-sibling::input[@type='text']
Value of the:[[ChromeDriver: chrome on MAC (0068a22f6880761d1863a2269b998ce1)] -> xpath: //label[text()='E-Mail']/following-sibling::input[@type='text']] before any changes made
Element value changed to: [[ChromeDriver: chrome on MAC (0068a22f6880761d1863a2269b998ce1)] -> xpath: //label[text()='E-Mail']/following-sibling::input[@type='text']]
Trying to find Element By : By.xpath: //label[text()='E-Mail']/following-sibling::input[@type='text']
Found Element By : By.xpath: //label[text()='E-Mail']/following-sibling::input[@type='text']
Value of the:[[ChromeDriver: chrome on MAC (0068a22f6880761d1863a2269b998ce1)] -> xpath: //label[text()='E-Mail']/following-sibling::input[@type='text']] before any changes made
Element value changed to: [[ChromeDriver: chrome on MAC (0068a22f6880761d1863a2269b998ce1)] -> xpath: //label[text()='E-Mail']/following-sibling::input[@type='text']]
Trying to find Element By : By.xpath: //label[text()='E-Mail']/following-sibling::input[@type='text']
Found Element By : By.xpath: //label[text()='E-Mail']/following-sibling::input[@type='text']
Value of the:[[ChromeDriver: chrome on MAC (0068a22f6880761d1863a2269b998ce1)] -> xpath: //label[text()='E-Mail']/following-sibling::input[@type='text']] before any changes made
Element value changed to: [[ChromeDriver: chrome on MAC (0068a22f6880761d1863a2269b998ce1)] -> xpath: //label[text()='E-Mail']/following-sibling::input[@type='text']]
Trying to find Element By : By.xpath: //label[text()='E-Mail']/following-sibling::input[@type='text']
Found Element By : By.xpath: //label[text()='E-Mail']/following-sibling::input[@type='text']
Value of the:[[ChromeDriver: chrome on MAC (0068a22f6880761d1863a2269b998ce1)] -> xpath: //label[text()='E-Mail']/following-sibling::input[@type='text']] before any changes made
Element value changed to: [[ChromeDriver: chrome on MAC (0068a22f6880761d1863a2269b998ce1)] -> xpath: //label[text()='E-Mail']/following-sibling::input[@type='text']]
Trying to find Element By : By.xpath: //label[text()='E-Mail']/following-sibling::input[@type='text']
Found Element By : By.xpath: //label[text()='E-Mail']/following-sibling::input[@type='text']
Value of the:[[ChromeDriver: chrome on MAC (0068a22f6880761d1863a2269b998ce1)] -> xpath: //label[text()='E-Mail']/following-sibling::input[@type='text']] before any changes made
Element value changed to: [[ChromeDriver: chrome on MAC (0068a22f6880761d1863a2269b998ce1)] -> xpath: //label[text()='E-Mail']/following-sibling::input[@type='text']]
Trying to find Element By : By.xpath: //label[text()='E-Mail']/following-sibling::input[@type='text']
Found Element By : By.xpath: //label[text()='E-Mail']/following-sibling::input[@type='text']
Value of the:[[ChromeDriver: chrome on MAC (0068a22f6880761d1863a2269b998ce1)] -> xpath: //label[text()='E-Mail']/following-sibling::input[@type='text']] before any changes made
Element value changed to: [[ChromeDriver: chrome on MAC (0068a22f6880761d1863a2269b998ce1)] -> xpath: //label[text()='E-Mail']/following-sibling::input[@type='text']]
Trying to find Element By : By.xpath: //label[text()='E-Mail']/following-sibling::input[@type='text']
Found Element By : By.xpath: //label[text()='E-Mail']/following-sibling::input[@type='text']
Value of the:[[ChromeDriver: chrome on MAC (0068a22f6880761d1863a2269b998ce1)] -> xpath: //label[text()='E-Mail']/following-sibling::input[@type='text']] before any changes made
Element value changed to: [[ChromeDriver: chrome on MAC (0068a22f6880761d1863a2269b998ce1)] -> xpath: //label[text()='E-Mail']/following-sibling::input[@type='text']]
Trying to find Element By : By.xpath: //label[text()='E-Mail']/following-sibling::input[@type='text']
Found Element By : By.xpath: //label[text()='E-Mail']/following-sibling::input[@type='text']
Value of the:[[ChromeDriver: chrome on MAC (0068a22f6880761d1863a2269b998ce1)] -> xpath: //label[text()='E-Mail']/following-sibling::input[@type='text']] before any changes made
Element value changed to: [[ChromeDriver: chrome on MAC (0068a22f6880761d1863a2269b998ce1)] -> xpath: //label[text()='E-Mail']/following-sibling::input[@type='text']]
Trying to find Element By : By.xpath: //label[text()='E-Mail']/following-sibling::input[@type='text']
Found Element By : By.xpath: //label[text()='E-Mail']/following-sibling::input[@type='text']
Value of the:[[ChromeDriver: chrome on MAC (0068a22f6880761d1863a2269b998ce1)] -> xpath: //label[text()='E-Mail']/following-sibling::input[@type='text']] before any changes made
Element value changed to: [[ChromeDriver: chrome on MAC (0068a22f6880761d1863a2269b998ce1)] -> xpath: //label[text()='E-Mail']/following-sibling::input[@type='text']]
Trying to find Element By : By.xpath: //label[text()='E-Mail']/following-sibling::input[@type='text']
Found Element By : By.xpath: //label[text()='E-Mail']/following-sibling::input[@type='text']
Trying to find Element By : By.xpath: //span[1]/div/div/div[1]/div[1]/div[1]
Found Element By : By.xpath: //span[1]/div/div/div[1]/div[1]/div[1]
Trying to find Element By : By.xpath: //span[1]/div/div/div[1]/div[1]/div[2]/div/i
Found Element By : By.xpath: //span[1]/div/div/div[1]/div[1]/div[2]/div/i
Trying to find Element By : By.xpath: //span[1]/div/div/div[1]/div[1]/div[2]/div/i
Found Element By : By.xpath: //span[1]/div/div/div[1]/div[1]/div[2]/div/i
Trying to click on: [[ChromeDriver: chrome on MAC (0068a22f6880761d1863a2269b998ce1)] -> xpath: //span[1]/div/div/div[1]/div[1]/div[2]/div/i]
Clicked on: [[ChromeDriver: chrome on MAC (0068a22f6880761d1863a2269b998ce1)] -> xpath: //span[1]/div/div/div[1]/div[1]/div[2]/div/i]
Trying to find Element By : By.xpath: //div[text()='Mark Mceachran-Test1']
Found Element By : By.xpath: //div[text()='Mark Mceachran-Test1']
Publisher user enabled :Mark Mceachran-Test1
Trying to click on: [[ChromeDriver: chrome on MAC (0068a22f6880761d1863a2269b998ce1)] -> xpath: //div[text()='Mark Mceachran-Test1']]
Clicked on: [[ChromeDriver: chrome on MAC (0068a22f6880761d1863a2269b998ce1)] -> xpath: //div[text()='Mark Mceachran-Test1']]
Trying to find Element By : By.xpath: //span/form/div[3]/button/span
Found Element By : By.xpath: //span/form/div[3]/button/span
06-09-2020 10:20:18 AdminUserStepDefinition.java INFO  [TestNG-tests-1] stepDefinitions.AdminUserStepDefinition 331 - Store test data in temp variable
06-09-2020 10:20:18 AdminUserStepDefinition.java INFO  [TestNG-tests-1] stepDefinitions.AdminUserStepDefinition 337 - Fill the fields in create user pageMark Mceachran-Test1
Trying to find Element By : By.xpath: //label[text()='Account Name']/following-sibling::input[@type='text']
Found Element By : By.xpath: //label[text()='Account Name']/following-sibling::input[@type='text']
Value of the:[[ChromeDriver: chrome on MAC (0068a22f6880761d1863a2269b998ce1)] -> xpath: //label[text()='Account Name']/following-sibling::input[@type='text']] before any changes made
Element value changed to: [[ChromeDriver: chrome on MAC (0068a22f6880761d1863a2269b998ce1)] -> xpath: //label[text()='Account Name']/following-sibling::input[@type='text']]
Trying to find Element By : By.xpath: //label[text()='E-Mail']/following-sibling::input[@type='text']
Found Element By : By.xpath: //label[text()='E-Mail']/following-sibling::input[@type='text']
Value of the:[[ChromeDriver: chrome on MAC (0068a22f6880761d1863a2269b998ce1)] -> xpath: //label[text()='E-Mail']/following-sibling::input[@type='text']] before any changes made
Element value changed to: [[ChromeDriver: chrome on MAC (0068a22f6880761d1863a2269b998ce1)] -> xpath: //label[text()='E-Mail']/following-sibling::input[@type='text']]
Trying to find Element By : By.xpath: //label[text()='Password']/following-sibling::input[@type='password']
Found Element By : By.xpath: //label[text()='Password']/following-sibling::input[@type='password']
Value of the:[[ChromeDriver: chrome on MAC (0068a22f6880761d1863a2269b998ce1)] -> xpath: //label[text()='Password']/following-sibling::input[@type='password']] before any changes made
Element value changed to: [[ChromeDriver: chrome on MAC (0068a22f6880761d1863a2269b998ce1)] -> xpath: //label[text()='Password']/following-sibling::input[@type='password']]
06-09-2020 10:20:19 AdminUserStepDefinition.java INFO  [TestNG-tests-1] stepDefinitions.AdminUserStepDefinition 344 - Click on Save and assert user created successfully
Trying to find Element By : By.xpath: //span/form/div[3]/button/span
Found Element By : By.xpath: //span/form/div[3]/button/span
Trying to find Element By : By.xpath: //span/form/div[3]/button/span
Found Element By : By.xpath: //span/form/div[3]/button/span
Trying to click on: [[ChromeDriver: chrome on MAC (0068a22f6880761d1863a2269b998ce1)] -> xpath: //span/form/div[3]/button/span]
Clicked on: [[ChromeDriver: chrome on MAC (0068a22f6880761d1863a2269b998ce1)] -> xpath: //span/form/div[3]/button/span]
Trying to find Element By : By.xpath: //span/form/div[3]/button/span
Found Element By : By.xpath: //span/form/div[3]/button/span
Trying to find Element By : By.xpath: //span/form/div[3]/button/span
Found Element By : By.xpath: //span/form/div[3]/button/span
Trying to find Element By : By.xpath: //span/form/div[3]/button/span
Found Element By : By.xpath: //span/form/div[3]/button/span
Trying to find Element By : By.xpath: //span/form/div[3]/button/span
Found Element By : By.xpath: //span/form/div[3]/button/span
Trying to find Element By : By.xpath: //span/form/div[3]/button/span
Found Element By : By.xpath: //span/form/div[3]/button/span
Trying to find Element By : By.xpath: //span/form/div[3]/button/span
Found Element By : By.xpath: //span/form/div[3]/button/span
Trying to find Element By : By.xpath: //span/form/div[3]/button/span
Found Element By : By.xpath: //span/form/div[3]/button/span
Trying to find Element By : By.xpath: //span/form/div[3]/button/span
Found Element By : By.xpath: //span/form/div[3]/button/span
06-09-2020 10:20:23 AdminUserStepDefinition.java INFO  [TestNG-tests-1] stepDefinitions.AdminUserStepDefinition 346 - Create seat page has been closed 
Trying to find Element By : By.xpath: //aside/header/div/button/span/i
Found Element By : By.xpath: //aside/header/div/button/span/i
Trying to click on: [[ChromeDriver: chrome on MAC (0068a22f6880761d1863a2269b998ce1)] -> xpath: //aside/header/div/button/span/i]
Clicked on: [[ChromeDriver: chrome on MAC (0068a22f6880761d1863a2269b998ce1)] -> xpath: //aside/header/div/button/span/i]
Trying to find Element By : By.xpath: //h1[text()='User Accounts']
Found Element By : By.xpath: //h1[text()='User Accounts']
Trying to find Element By : By.xpath: //span[text()='Active']
Found Element By : By.xpath: //span[text()='Active']
06-09-2020 10:20:23 AdminUserStepDefinition.java INFO  [TestNG-tests-1] stepDefinitions.AdminUserStepDefinition 357 - Click on created user check box in the table :107
06-09-2020 10:20:23 AdminUserStepDefinition.java INFO  [TestNG-tests-1] stepDefinitions.AdminUserStepDefinition 358 - Click on edit
Trying to find Element By : By.xpath: //h1[text()='User Accounts']
Found Element By : By.xpath: //h1[text()='User Accounts']
Trying to find Element By : By.xpath: //header/div/div[1]/button[1]
Found Element By : By.xpath: //header/div/div[1]/button[1]
Trying to click on: [[ChromeDriver: chrome on MAC (0068a22f6880761d1863a2269b998ce1)] -> xpath: //header/div/div[1]/button[1]]
Clicked on: [[ChromeDriver: chrome on MAC (0068a22f6880761d1863a2269b998ce1)] -> xpath: //header/div/div[1]/button[1]]
06-09-2020 10:20:23 AdminUserStepDefinition.java INFO  [TestNG-tests-1] stepDefinitions.AdminUserStepDefinition 361 - Fetch the data from create user page and put it in array list
Trying to find Element By : By.xpath: //span/form/div[3]/button/span
Found Element By : By.xpath: //span/form/div[3]/button/span
Trying to find Element By : By.xpath: //span/form/div[3]/button/span
Found Element By : By.xpath: //span/form/div[3]/button/span
Trying to find Element By : By.xpath: //span/form/div[3]/button/span
Found Element By : By.xpath: //span/form/div[3]/button/span
Trying to find Element By : By.xpath: //form//input[@type='radio' and @value='1']
Found Element By : By.xpath: //form//input[@type='radio' and @value='1']
Trying to find Element By : By.xpath: //span/form/div[3]/button/span
Found Element By : By.xpath: //span/form/div[3]/button/span
Trying to find Element By : By.xpath: //form//input[@type='radio' and @value='0']
Found Element By : By.xpath: //form//input[@type='radio' and @value='0']
Trying to find Element By : By.xpath: //div[text()='Mark Mceachran-Test1']
Found Element By : By.xpath: //div[text()='Mark Mceachran-Test1']
Entered Publisher Mark Mceachran-Test1
Trying to find Element By : By.xpath: //div[text()='Mark Mceachran-Test1']
Found Element By : By.xpath: //div[text()='Mark Mceachran-Test1']
Trying to find Element By : By.xpath: //label[text()='Account Name']/following-sibling::input[@type='text']
Found Element By : By.xpath: //label[text()='Account Name']/following-sibling::input[@type='text']
Trying to find Element By : By.xpath: //label[text()='E-Mail']/following-sibling::input[@type='text']
Found Element By : By.xpath: //label[text()='E-Mail']/following-sibling::input[@type='text']
Trying to find Element By : By.xpath: //label[text()='Password']/following-sibling::input[@type='password']
Found Element By : By.xpath: //label[text()='Password']/following-sibling::input[@type='password']
06-09-2020 10:20:26 AdminUserStepDefinition.java INFO  [TestNG-tests-1] stepDefinitions.AdminUserStepDefinition 363 - Publihser name asserted in create User page :4Mark Mceachran-Test1
06-09-2020 10:20:26 AdminUserStepDefinition.java INFO  [TestNG-tests-1] stepDefinitions.AdminUserStepDefinition 365 - Account name asserted in create User page :TestAccountuqkft
06-09-2020 10:20:26 AdminUserStepDefinition.java INFO  [TestNG-tests-1] stepDefinitions.AdminUserStepDefinition 367 - Email asserted in create user page :30mbhwn9ff@testqar.com
06-09-2020 10:20:26 AdminUserStepDefinition.java INFO  [TestNG-tests-1] stepDefinitions.AdminUserStepDefinition 369 - Password asserted in create user page :
06-09-2020 10:20:26 AdminUserStepDefinition.java INFO  [TestNG-tests-1] stepDefinitions.AdminUserStepDefinition 371 - Create usage page has been closed 
Trying to find Element By : By.xpath: //aside/header/div/button/span/i
Found Element By : By.xpath: //aside/header/div/button/span/i
Trying to click on: [[ChromeDriver: chrome on MAC (0068a22f6880761d1863a2269b998ce1)] -> xpath: //aside/header/div/button/span/i]
Clicked on: [[ChromeDriver: chrome on MAC (0068a22f6880761d1863a2269b998ce1)] -> xpath: //aside/header/div/button/span/i]
Trying to find Element By : By.xpath: //h1[text()='User Accounts']
Found Element By : By.xpath: //h1[text()='User Accounts']
Trying to find Element By : By.xpath: //span[text()='Active']
Found Element By : By.xpath: //span[text()='Active']
06-09-2020 10:20:26 AdminUserStepDefinition.java INFO  [TestNG-tests-1] stepDefinitions.AdminUserStepDefinition 373 - Click on active tab
06-09-2020 10:20:26 AdminUserStepDefinition.java INFO  [TestNG-tests-1] stepDefinitions.AdminUserStepDefinition 139 - Putting rowdata into arraylist 
Trying to find Element By : By.xpath: //h1[text()='User Accounts']
Found Element By : By.xpath: //h1[text()='User Accounts']
Trying to find Element By : By.all({By.xpath: //table/tbody/tr})
Found Element By : By.all({By.xpath: //table/tbody/tr})
Trying to find Element By : By.all({By.xpath: //table/tbody/tr})
Found Element By : By.all({By.xpath: //table/tbody/tr})
Trying to find Element By : By.all({By.xpath: //table/tbody/tr[1]/td})
Found Element By : By.all({By.xpath: //table/tbody/tr[1]/td})
Trying to find Element By : By.xpath: //button[@type='button' and @aria-label='Next page']
Found Element By : By.xpath: //button[@type='button' and @aria-label='Next page']
Trying to find Element By : By.xpath: //table/tbody/tr[1]/td[2]
Found Element By : By.xpath: //table/tbody/tr[1]/td[2]
Trying to find Element By : By.xpath: //table/tbody/tr[1]/td[2]
Found Element By : By.xpath: //table/tbody/tr[1]/td[2]
Trying to find Element By : By.xpath: //table/tbody/tr[1]/td[3]
Found Element By : By.xpath: //table/tbody/tr[1]/td[3]
Trying to find Element By : By.xpath: //table/tbody/tr[1]/td[4]
Found Element By : By.xpath: //table/tbody/tr[1]/td[4]
Trying to find Element By : By.xpath: //table/tbody/tr[1]/td[5]
Found Element By : By.xpath: //table/tbody/tr[1]/td[5]
06-09-2020 10:20:26 AdminUserStepDefinition.java INFO  [TestNG-tests-1] stepDefinitions.AdminUserStepDefinition 141 - User name asserted in tab :TestAccountuqkft
06-09-2020 10:20:26 AdminUserStepDefinition.java INFO  [TestNG-tests-1] stepDefinitions.AdminUserStepDefinition 143 - Email asserted in tab :30mbhwn9ff@testqar.com
06-09-2020 10:20:26 AdminUserStepDefinition.java INFO  [TestNG-tests-1] stepDefinitions.AdminUserStepDefinition 145 - Role asserted in tab :Publisher
Before navigating to: 'http://qa-publisher-portal.rmp.rakuten.com/login'
Navigated to:'http://qa-publisher-portal.rmp.rakuten.com/login'

  Scenario: Verify if user is able to Edit Disabled publisher account from publisher login.    &amp#27;[90m# RXUsers.feature:137&amp#27;[0m
    &amp#27;[32mGiven &amp#27;[0m&amp#27;[32madmin user login to RX UI with valid username and password&amp#27;[0m                           &amp#27;[90m# ProfileStepDefinition.admin_user_login_to_RX_UI_with_valid_username_and_password()&amp#27;[0m
    &amp#27;[32mWhen &amp#27;[0m&amp#27;[32mclick on User option under accounts.&amp#27;[0m                                                  &amp#27;[90m# AdminUserStepDefinition.click_on_User_option_under_accounts()&amp#27;[0m
    &amp#27;[32mThen &amp#27;[0m&amp#27;[32mclick on disabled tab and select one of the Publisher user.&amp#27;[0m                           &amp#27;[90m# AdminUserStepDefinition.click_on_disabled_tab_and_select_one_of_the_Publisher_user()&amp#27;[0m
    &amp#27;[32mThen &amp#27;[0m&amp#27;[32mClick on edit button.&amp#27;[0m                                                                 &amp#27;[90m# AdminUserStepDefinition.click_on_edit_button()&amp#27;[0m
    &amp#27;[32mThen &amp#27;[0m&amp#27;[32mEdit the publisher user&amp#27;[0m                                                               &amp#27;[90m# AdminUserStepDefinition.edit_the_publisher_user()&amp#27;[0m
    &amp#27;[32mThen &amp#27;[0m&amp#27;[32mClick on Save edited user&amp#27;[0m                                                             &amp#27;[90m# AdminUserStepDefinition.click_on_Save_edited_user()&amp#27;[0m
    &amp#27;[32mThen &amp#27;[0m&amp#27;[32massert the edited Publisher user for filled values are displaying in create user page&amp#27;[0m &amp#27;[90m# AdminUserStepDefinition.assert_the_edited_Publisher_user_for_filled_values_are_displaying_in_create_user_page()&amp#27;[0m
    &amp#27;[32mThen &amp#27;[0m&amp#27;[32massert the new user details in user page table view.&amp#27;[0m                                  &amp#27;[90m# AdminUserStepDefinition.assert_the_new_user_details_in_user_page_table_view()&amp#27;[0m
Trying to find Element By : By.xpath: //input[@autofocus="autofocus"]
Found Element By : By.xpath: //input[@autofocus="autofocus"]
Value of the:[[ChromeDriver: chrome on MAC (6801d6afa52781fb069f387c593174cb)] -> xpath: //input[@autofocus="autofocus"]] before any changes made
Element value changed to: [[ChromeDriver: chrome on MAC (6801d6afa52781fb069f387c593174cb)] -> xpath: //input[@autofocus="autofocus"]]
Trying to find Element By : By.xpath: //input[@type="password"]
Found Element By : By.xpath: //input[@type="password"]
Value of the:[[ChromeDriver: chrome on MAC (6801d6afa52781fb069f387c593174cb)] -> xpath: //input[@type="password"]] before any changes made
Element value changed to: [[ChromeDriver: chrome on MAC (6801d6afa52781fb069f387c593174cb)] -> xpath: //input[@type="password"]]
Trying to find Element By : By.xpath: //span[text()='Login']
Found Element By : By.xpath: //span[text()='Login']
Trying to click on: [[ChromeDriver: chrome on MAC (6801d6afa52781fb069f387c593174cb)] -> xpath: //span[text()='Login']]
Clicked on: [[ChromeDriver: chrome on MAC (6801d6afa52781fb069f387c593174cb)] -> xpath: //span[text()='Login']]
Trying to find Element By : By.xpath: //div[@class="logo"]
Found Element By : By.xpath: //div[@class="logo"]
06-09-2020 10:20:47 AdminUserStepDefinition.java INFO  [TestNG-tests-1] stepDefinitions.AdminUserStepDefinition 44 - Clicked on Users option under Account
Trying to find Element By : By.xpath: //div[text()='Users']
Found Element By : By.xpath: //div[text()='Users']
Trying to find Element By : By.xpath: //div[text()='Users']
Found Element By : By.xpath: //div[text()='Users']
Trying to click on: [[ChromeDriver: chrome on MAC (6801d6afa52781fb069f387c593174cb)] -> xpath: //div[text()='Users']]
Clicked on: [[ChromeDriver: chrome on MAC (6801d6afa52781fb069f387c593174cb)] -> xpath: //div[text()='Users']]
06-09-2020 10:20:48 AdminUserStepDefinition.java INFO  [TestNG-tests-1] stepDefinitions.AdminUserStepDefinition 301 - Click on Disabled tab
Trying to find Element By : By.xpath: //h1[text()='User Accounts']
Found Element By : By.xpath: //h1[text()='User Accounts']
Trying to find Element By : By.xpath: //span[text()='Disabled']
Found Element By : By.xpath: //span[text()='Disabled']
Trying to find Element By : By.xpath: //span[text()='Disabled']
Found Element By : By.xpath: //span[text()='Disabled']
Trying to click on: [[ChromeDriver: chrome on MAC (6801d6afa52781fb069f387c593174cb)] -> xpath: //span[text()='Disabled']]
Clicked on: [[ChromeDriver: chrome on MAC (6801d6afa52781fb069f387c593174cb)] -> xpath: //span[text()='Disabled']]
06-09-2020 10:20:50 AdminUserStepDefinition.java INFO  [TestNG-tests-1] stepDefinitions.AdminUserStepDefinition 304 - Looking for a Publisher role
Trying to find Element By : By.all({By.xpath: //table/tbody/tr})
Found Element By : By.all({By.xpath: //table/tbody/tr})
Trying to find Element By : By.all({By.xpath: //table/tbody/tr[1]/td})
Found Element By : By.all({By.xpath: //table/tbody/tr[1]/td})
Trying to find Element By : By.xpath: //button[@type='button' and @aria-label='Next page']
Found Element By : By.xpath: //button[@type='button' and @aria-label='Next page']
Trying to find Element By : By.xpath: //table/tbody/tr[1]/td[2]
Found Element By : By.xpath: //table/tbody/tr[1]/td[2]
Trying to find Element By : By.xpath: //table/tbody/tr[1]/td[1]
Found Element By : By.xpath: //table/tbody/tr[1]/td[1]
Trying to click on: [[ChromeDriver: chrome on MAC (6801d6afa52781fb069f387c593174cb)] -> xpath: //table/tbody/tr[1]/td[1]]
Clicked on: [[ChromeDriver: chrome on MAC (6801d6afa52781fb069f387c593174cb)] -> xpath: //table/tbody/tr[1]/td[1]]
Trying to find Element By : By.xpath: //table/tbody/tr[1]/td[2]
Found Element By : By.xpath: //table/tbody/tr[1]/td[2]
06-09-2020 10:20:50 AdminUserStepDefinition.java INFO  [TestNG-tests-1] stepDefinitions.AdminUserStepDefinition 309 - Putting rowdata into arraylist 
Trying to find Element By : By.xpath: //h1[text()='User Accounts']
Found Element By : By.xpath: //h1[text()='User Accounts']
Trying to find Element By : By.all({By.xpath: //table/tbody/tr})
Found Element By : By.all({By.xpath: //table/tbody/tr})
Trying to find Element By : By.all({By.xpath: //table/tbody/tr})
Found Element By : By.all({By.xpath: //table/tbody/tr})
Trying to find Element By : By.all({By.xpath: //table/tbody/tr[1]/td})
Found Element By : By.all({By.xpath: //table/tbody/tr[1]/td})
Trying to find Element By : By.xpath: //button[@type='button' and @aria-label='Next page']
Found Element By : By.xpath: //button[@type='button' and @aria-label='Next page']
Trying to find Element By : By.xpath: //table/tbody/tr[1]/td[2]
Found Element By : By.xpath: //table/tbody/tr[1]/td[2]
Trying to find Element By : By.xpath: //table/tbody/tr[1]/td[2]
Found Element By : By.xpath: //table/tbody/tr[1]/td[2]
Trying to find Element By : By.xpath: //table/tbody/tr[1]/td[3]
Found Element By : By.xpath: //table/tbody/tr[1]/td[3]
Trying to find Element By : By.xpath: //table/tbody/tr[1]/td[4]
Found Element By : By.xpath: //table/tbody/tr[1]/td[4]
Trying to find Element By : By.xpath: //table/tbody/tr[1]/td[5]
Found Element By : By.xpath: //table/tbody/tr[1]/td[5]
06-09-2020 10:20:50 AdminUserStepDefinition.java INFO  [TestNG-tests-1] stepDefinitions.AdminUserStepDefinition 313 - User name asserted in tab when selected for modify :TestAccountuqkft
06-09-2020 10:20:51 AdminUserStepDefinition.java INFO  [TestNG-tests-1] stepDefinitions.AdminUserStepDefinition 314 - Email asserted in tab when selected for modify :30mbhwn9ff@testqar.com
06-09-2020 10:20:51 AdminUserStepDefinition.java INFO  [TestNG-tests-1] stepDefinitions.AdminUserStepDefinition 315 - Role asserted in tab when selected for modify :Publisher
Trying to find Element By : By.xpath: //h1[text()='User Accounts']
Found Element By : By.xpath: //h1[text()='User Accounts']
Trying to find Element By : By.xpath: //header/div/div[1]/button[2]
Found Element By : By.xpath: //header/div/div[1]/button[2]
Trying to click on: [[ChromeDriver: chrome on MAC (6801d6afa52781fb069f387c593174cb)] -> xpath: //header/div/div[1]/button[2]]
Clicked on: [[ChromeDriver: chrome on MAC (6801d6afa52781fb069f387c593174cb)] -> xpath: //header/div/div[1]/button[2]]
Trying to find Element By : By.xpath: //h1[text()='User Accounts']
Found Element By : By.xpath: //h1[text()='User Accounts']
Trying to find Element By : By.xpath: //span[text()='Active']
Found Element By : By.xpath: //span[text()='Active']
Trying to find Element By : By.xpath: //span[text()='Active']
Found Element By : By.xpath: //span[text()='Active']
Trying to click on: [[ChromeDriver: chrome on MAC (6801d6afa52781fb069f387c593174cb)] -> xpath: //span[text()='Active']]
Clicked on: [[ChromeDriver: chrome on MAC (6801d6afa52781fb069f387c593174cb)] -> xpath: //span[text()='Active']]
06-09-2020 10:21:01 AdminUserStepDefinition.java INFO  [TestNG-tests-1] stepDefinitions.AdminUserStepDefinition 139 - Putting rowdata into arraylist 
Trying to find Element By : By.xpath: //h1[text()='User Accounts']
Found Element By : By.xpath: //h1[text()='User Accounts']
Trying to find Element By : By.all({By.xpath: //table/tbody/tr})
Found Element By : By.all({By.xpath: //table/tbody/tr})
Trying to find Element By : By.all({By.xpath: //table/tbody/tr})
Found Element By : By.all({By.xpath: //table/tbody/tr})
Trying to find Element By : By.all({By.xpath: //table/tbody/tr[1]/td})
Found Element By : By.all({By.xpath: //table/tbody/tr[1]/td})
Trying to find Element By : By.xpath: //button[@type='button' and @aria-label='Next page']
Found Element By : By.xpath: //button[@type='button' and @aria-label='Next page']
Trying to find Element By : By.xpath: //table/tbody/tr[1]/td[2]
Found Element By : By.xpath: //table/tbody/tr[1]/td[2]
Trying to find Element By : By.xpath: //table/tbody/tr[1]/td[2]
Found Element By : By.xpath: //table/tbody/tr[1]/td[2]
Trying to find Element By : By.xpath: //table/tbody/tr[1]/td[3]
Found Element By : By.xpath: //table/tbody/tr[1]/td[3]
Trying to find Element By : By.xpath: //table/tbody/tr[1]/td[4]
Found Element By : By.xpath: //table/tbody/tr[1]/td[4]
Trying to find Element By : By.xpath: //table/tbody/tr[1]/td[5]
Found Element By : By.xpath: //table/tbody/tr[1]/td[5]
06-09-2020 10:21:01 AdminUserStepDefinition.java INFO  [TestNG-tests-1] stepDefinitions.AdminUserStepDefinition 141 - User name asserted in tab :TestAccountuqkft
06-09-2020 10:21:01 AdminUserStepDefinition.java INFO  [TestNG-tests-1] stepDefinitions.AdminUserStepDefinition 143 - Email asserted in tab :30mbhwn9ff@testqar.com
06-09-2020 10:21:01 AdminUserStepDefinition.java INFO  [TestNG-tests-1] stepDefinitions.AdminUserStepDefinition 145 - Role asserted in tab :Publisher
Before navigating to: 'http://qa-publisher-portal.rmp.rakuten.com/login'
Navigated to:'http://qa-publisher-portal.rmp.rakuten.com/login'

  Scenario: Verify if user is able to Activate the disabled Publisher account with admin login. &amp#27;[90m# RXUsers.feature:147&amp#27;[0m
    &amp#27;[32mGiven &amp#27;[0m&amp#27;[32madmin user login to RX UI with valid username and password&amp#27;[0m                            &amp#27;[90m# ProfileStepDefinition.admin_user_login_to_RX_UI_with_valid_username_and_password()&amp#27;[0m
    &amp#27;[32mWhen &amp#27;[0m&amp#27;[32mclick on User option under accounts.&amp#27;[0m                                                   &amp#27;[90m# AdminUserStepDefinition.click_on_User_option_under_accounts()&amp#27;[0m
    &amp#27;[32mThen &amp#27;[0m&amp#27;[32mclick on disabled tab and select one of the Publisher user.&amp#27;[0m                            &amp#27;[90m# AdminUserStepDefinition.click_on_disabled_tab_and_select_one_of_the_Publisher_user()&amp#27;[0m
    &amp#27;[32mThen &amp#27;[0m&amp#27;[32mclick on Enable user button and navigate to Activate tab&amp#27;[0m                               &amp#27;[90m# AdminUserStepDefinition.click_on_Enable_user_button_and_navigate_to_Activate_tab()&amp#27;[0m
    &amp#27;[32mThen &amp#27;[0m&amp#27;[32massert the new user details in user page table view.&amp#27;[0m                                   &amp#27;[90m# AdminUserStepDefinition.assert_the_new_user_details_in_user_page_table_view()&amp#27;[0m
Trying to find Element By : By.xpath: //input[@autofocus="autofocus"]
Found Element By : By.xpath: //input[@autofocus="autofocus"]
Value of the:[[ChromeDriver: chrome on MAC (a9d6199fa74502cee2c5dfee2e2533d7)] -> xpath: //input[@autofocus="autofocus"]] before any changes made
Element value changed to: [[ChromeDriver: chrome on MAC (a9d6199fa74502cee2c5dfee2e2533d7)] -> xpath: //input[@autofocus="autofocus"]]
Trying to find Element By : By.xpath: //input[@type="password"]
Found Element By : By.xpath: //input[@type="password"]
Value of the:[[ChromeDriver: chrome on MAC (a9d6199fa74502cee2c5dfee2e2533d7)] -> xpath: //input[@type="password"]] before any changes made
Element value changed to: [[ChromeDriver: chrome on MAC (a9d6199fa74502cee2c5dfee2e2533d7)] -> xpath: //input[@type="password"]]
Trying to find Element By : By.xpath: //span[text()='Login']
Found Element By : By.xpath: //span[text()='Login']
Trying to click on: [[ChromeDriver: chrome on MAC (a9d6199fa74502cee2c5dfee2e2533d7)] -> xpath: //span[text()='Login']]
Clicked on: [[ChromeDriver: chrome on MAC (a9d6199fa74502cee2c5dfee2e2533d7)] -> xpath: //span[text()='Login']]
Trying to find Element By : By.xpath: //div[@class="logo"]
Found Element By : By.xpath: //div[@class="logo"]
06-09-2020 10:21:14 AdminUserStepDefinition.java INFO  [TestNG-tests-1] stepDefinitions.AdminUserStepDefinition 44 - Clicked on Users option under Account
Trying to find Element By : By.xpath: //div[text()='Users']
Found Element By : By.xpath: //div[text()='Users']
Trying to find Element By : By.xpath: //div[text()='Users']
Found Element By : By.xpath: //div[text()='Users']
Trying to click on: [[ChromeDriver: chrome on MAC (a9d6199fa74502cee2c5dfee2e2533d7)] -> xpath: //div[text()='Users']]
Clicked on: [[ChromeDriver: chrome on MAC (a9d6199fa74502cee2c5dfee2e2533d7)] -> xpath: //div[text()='Users']]
06-09-2020 10:21:14 AdminUserStepDefinition.java INFO  [TestNG-tests-1] stepDefinitions.AdminUserStepDefinition 219 - Click on active tab
Trying to find Element By : By.xpath: //h1[text()='User Accounts']
Found Element By : By.xpath: //h1[text()='User Accounts']
Trying to find Element By : By.xpath: //span[text()='Active']
Found Element By : By.xpath: //span[text()='Active']
Trying to find Element By : By.xpath: //span[text()='Active']
Found Element By : By.xpath: //span[text()='Active']
Trying to click on: [[ChromeDriver: chrome on MAC (a9d6199fa74502cee2c5dfee2e2533d7)] -> xpath: //span[text()='Active']]
Clicked on: [[ChromeDriver: chrome on MAC (a9d6199fa74502cee2c5dfee2e2533d7)] -> xpath: //span[text()='Active']]
06-09-2020 10:21:16 AdminUserStepDefinition.java INFO  [TestNG-tests-1] stepDefinitions.AdminUserStepDefinition 222 - Looking for a admin role
Trying to find Element By : By.all({By.xpath: //table/tbody/tr})
Found Element By : By.all({By.xpath: //table/tbody/tr})
Trying to find Element By : By.all({By.xpath: //table/tbody/tr[1]/td})
Found Element By : By.all({By.xpath: //table/tbody/tr[1]/td})
Trying to find Element By : By.xpath: //button[@type='button' and @aria-label='Next page']
Found Element By : By.xpath: //button[@type='button' and @aria-label='Next page']
Trying to find Element By : By.xpath: //table/tbody/tr[1]/td[2]
Found Element By : By.xpath: //table/tbody/tr[1]/td[2]
Trying to find Element By : By.xpath: //table/tbody/tr[2]/td[2]
Found Element By : By.xpath: //table/tbody/tr[2]/td[2]
Trying to find Element By : By.xpath: //table/tbody/tr[2]/td[1]
Found Element By : By.xpath: //table/tbody/tr[2]/td[1]
Trying to click on: [[ChromeDriver: chrome on MAC (a9d6199fa74502cee2c5dfee2e2533d7)] -> xpath: //table/tbody/tr[2]/td[1]]
Clicked on: [[ChromeDriver: chrome on MAC (a9d6199fa74502cee2c5dfee2e2533d7)] -> xpath: //table/tbody/tr[2]/td[1]]
Trying to find Element By : By.xpath: //table/tbody/tr[2]/td[2]
Found Element By : By.xpath: //table/tbody/tr[2]/td[2]
06-09-2020 10:21:16 AdminUserStepDefinition.java INFO  [TestNG-tests-1] stepDefinitions.AdminUserStepDefinition 227 - Putting rowdata into arraylist 
Trying to find Element By : By.xpath: //h1[text()='User Accounts']
Found Element By : By.xpath: //h1[text()='User Accounts']
Trying to find Element By : By.all({By.xpath: //table/tbody/tr})
Found Element By : By.all({By.xpath: //table/tbody/tr})
Trying to find Element By : By.all({By.xpath: //table/tbody/tr})
Found Element By : By.all({By.xpath: //table/tbody/tr})
Trying to find Element By : By.all({By.xpath: //table/tbody/tr[1]/td})
Found Element By : By.all({By.xpath: //table/tbody/tr[1]/td})
Trying to find Element By : By.xpath: //button[@type='button' and @aria-label='Next page']
Found Element By : By.xpath: //button[@type='button' and @aria-label='Next page']
Trying to find Element By : By.xpath: //table/tbody/tr[1]/td[2]
Found Element By : By.xpath: //table/tbody/tr[1]/td[2]
Trying to find Element By : By.xpath: //table/tbody/tr[2]/td[2]
Found Element By : By.xpath: //table/tbody/tr[2]/td[2]
Trying to find Element By : By.xpath: //table/tbody/tr[2]/td[2]
Found Element By : By.xpath: //table/tbody/tr[2]/td[2]
Trying to find Element By : By.xpath: //table/tbody/tr[2]/td[3]
Found Element By : By.xpath: //table/tbody/tr[2]/td[3]
Trying to find Element By : By.xpath: //table/tbody/tr[2]/td[4]
Found Element By : By.xpath: //table/tbody/tr[2]/td[4]
Trying to find Element By : By.xpath: //table/tbody/tr[2]/td[5]
Found Element By : By.xpath: //table/tbody/tr[2]/td[5]
06-09-2020 10:21:16 AdminUserStepDefinition.java INFO  [TestNG-tests-1] stepDefinitions.AdminUserStepDefinition 231 - User name asserted in tab when selected for modify :TestAccountkool3
06-09-2020 10:21:16 AdminUserStepDefinition.java INFO  [TestNG-tests-1] stepDefinitions.AdminUserStepDefinition 232 - Email asserted in tab when selected for modify :o5tbppcuwu@testqar.com
06-09-2020 10:21:16 AdminUserStepDefinition.java INFO  [TestNG-tests-1] stepDefinitions.AdminUserStepDefinition 233 - Role asserted in tab when selected for modify :Admin
Trying to find Element By : By.xpath: //input[@autocomplete='nope']
Found Element By : By.xpath: //input[@autocomplete='nope']
Value of the:[[ChromeDriver: chrome on MAC (a9d6199fa74502cee2c5dfee2e2533d7)] -> xpath: //input[@autocomplete='nope']] before any changes made
Element value changed to: [[ChromeDriver: chrome on MAC (a9d6199fa74502cee2c5dfee2e2533d7)] -> xpath: //input[@autocomplete='nope']]
06-09-2020 10:21:17 AdminUserStepDefinition.java INFO  [TestNG-tests-1] stepDefinitions.AdminUserStepDefinition 139 - Putting rowdata into arraylist 
Trying to find Element By : By.xpath: //h1[text()='User Accounts']
Found Element By : By.xpath: //h1[text()='User Accounts']
Trying to find Element By : By.all({By.xpath: //table/tbody/tr})
Found Element By : By.all({By.xpath: //table/tbody/tr})
Trying to find Element By : By.all({By.xpath: //table/tbody/tr})
Found Element By : By.all({By.xpath: //table/tbody/tr})
Trying to find Element By : By.all({By.xpath: //table/tbody/tr[1]/td})
Found Element By : By.all({By.xpath: //table/tbody/tr[1]/td})
Trying to find Element By : By.xpath: //button[@type='button' and @aria-label='Next page']
Found Element By : By.xpath: //button[@type='button' and @aria-label='Next page']
Trying to find Element By : By.xpath: //table/tbody/tr[1]/td[2]
Found Element By : By.xpath: //table/tbody/tr[1]/td[2]
Trying to find Element By : By.xpath: //table/tbody/tr[1]/td[2]
Found Element By : By.xpath: //table/tbody/tr[1]/td[2]
Trying to find Element By : By.xpath: //table/tbody/tr[1]/td[3]
Found Element By : By.xpath: //table/tbody/tr[1]/td[3]
Trying to find Element By : By.xpath: //table/tbody/tr[1]/td[4]
Found Element By : By.xpath: //table/tbody/tr[1]/td[4]
Trying to find Element By : By.xpath: //table/tbody/tr[1]/td[5]
Found Element By : By.xpath: //table/tbody/tr[1]/td[5]
06-09-2020 10:21:17 AdminUserStepDefinition.java INFO  [TestNG-tests-1] stepDefinitions.AdminUserStepDefinition 141 - User name asserted in tab :TestAccountkool3
06-09-2020 10:21:17 AdminUserStepDefinition.java INFO  [TestNG-tests-1] stepDefinitions.AdminUserStepDefinition 143 - Email asserted in tab :o5tbppcuwu@testqar.com
06-09-2020 10:21:17 AdminUserStepDefinition.java INFO  [TestNG-tests-1] stepDefinitions.AdminUserStepDefinition 145 - Role asserted in tab :Admin
Before navigating to: 'http://qa-publisher-portal.rmp.rakuten.com/login'
Navigated to:'http://qa-publisher-portal.rmp.rakuten.com/login'

  Scenario: Verify if user is able to search active Admin account with admin login. &amp#27;[90m# RXUsers.feature:154&amp#27;[0m
    &amp#27;[32mGiven &amp#27;[0m&amp#27;[32madmin user login to RX UI with valid username and password&amp#27;[0m                &amp#27;[90m# ProfileStepDefinition.admin_user_login_to_RX_UI_with_valid_username_and_password()&amp#27;[0m
    &amp#27;[32mWhen &amp#27;[0m&amp#27;[32mclick on User option under accounts.&amp#27;[0m                                       &amp#27;[90m# AdminUserStepDefinition.click_on_User_option_under_accounts()&amp#27;[0m
    &amp#27;[32mThen &amp#27;[0m&amp#27;[32mclick on active tab and select one of the admin user.&amp#27;[0m                      &amp#27;[90m# AdminUserStepDefinition.click_on_active_tab_and_select_one_of_the_admin_user()&amp#27;[0m
    &amp#27;[32mThen &amp#27;[0m&amp#27;[32msearch for the user&amp#27;[0m                                                        &amp#27;[90m# AdminUserStepDefinition.search_for_the_user()&amp#27;[0m
    &amp#27;[32mThen &amp#27;[0m&amp#27;[32massert the new user details in user page table view.&amp#27;[0m                       &amp#27;[90m# AdminUserStepDefinition.assert_the_new_user_details_in_user_page_table_view()&amp#27;[0m
Trying to find Element By : By.xpath: //input[@autofocus="autofocus"]
Found Element By : By.xpath: //input[@autofocus="autofocus"]
Value of the:[[ChromeDriver: chrome on MAC (26d4426e25b2d3275c8bab8d4f44a189)] -> xpath: //input[@autofocus="autofocus"]] before any changes made
Element value changed to: [[ChromeDriver: chrome on MAC (26d4426e25b2d3275c8bab8d4f44a189)] -> xpath: //input[@autofocus="autofocus"]]
Trying to find Element By : By.xpath: //input[@type="password"]
Found Element By : By.xpath: //input[@type="password"]
Value of the:[[ChromeDriver: chrome on MAC (26d4426e25b2d3275c8bab8d4f44a189)] -> xpath: //input[@type="password"]] before any changes made
Element value changed to: [[ChromeDriver: chrome on MAC (26d4426e25b2d3275c8bab8d4f44a189)] -> xpath: //input[@type="password"]]
Trying to find Element By : By.xpath: //span[text()='Login']
Found Element By : By.xpath: //span[text()='Login']
Trying to click on: [[ChromeDriver: chrome on MAC (26d4426e25b2d3275c8bab8d4f44a189)] -> xpath: //span[text()='Login']]
Clicked on: [[ChromeDriver: chrome on MAC (26d4426e25b2d3275c8bab8d4f44a189)] -> xpath: //span[text()='Login']]
Trying to find Element By : By.xpath: //div[@class="logo"]
Found Element By : By.xpath: //div[@class="logo"]
06-09-2020 10:21:29 AdminUserStepDefinition.java INFO  [TestNG-tests-1] stepDefinitions.AdminUserStepDefinition 44 - Clicked on Users option under Account
Trying to find Element By : By.xpath: //div[text()='Users']
Found Element By : By.xpath: //div[text()='Users']
Trying to find Element By : By.xpath: //div[text()='Users']
Found Element By : By.xpath: //div[text()='Users']
Trying to click on: [[ChromeDriver: chrome on MAC (26d4426e25b2d3275c8bab8d4f44a189)] -> xpath: //div[text()='Users']]
Clicked on: [[ChromeDriver: chrome on MAC (26d4426e25b2d3275c8bab8d4f44a189)] -> xpath: //div[text()='Users']]
06-09-2020 10:21:29 AdminUserStepDefinition.java INFO  [TestNG-tests-1] stepDefinitions.AdminUserStepDefinition 249 - Click on active tab
Trying to find Element By : By.xpath: //h1[text()='User Accounts']
Found Element By : By.xpath: //h1[text()='User Accounts']
Trying to find Element By : By.xpath: //span[text()='Active']
Found Element By : By.xpath: //span[text()='Active']
Trying to find Element By : By.xpath: //span[text()='Active']
Found Element By : By.xpath: //span[text()='Active']
Trying to click on: [[ChromeDriver: chrome on MAC (26d4426e25b2d3275c8bab8d4f44a189)] -> xpath: //span[text()='Active']]
Clicked on: [[ChromeDriver: chrome on MAC (26d4426e25b2d3275c8bab8d4f44a189)] -> xpath: //span[text()='Active']]
06-09-2020 10:21:31 AdminUserStepDefinition.java INFO  [TestNG-tests-1] stepDefinitions.AdminUserStepDefinition 252 - Looking for a Publisher role
Trying to find Element By : By.all({By.xpath: //table/tbody/tr})
Found Element By : By.all({By.xpath: //table/tbody/tr})
Trying to find Element By : By.all({By.xpath: //table/tbody/tr[1]/td})
Found Element By : By.all({By.xpath: //table/tbody/tr[1]/td})
Trying to find Element By : By.xpath: //button[@type='button' and @aria-label='Next page']
Found Element By : By.xpath: //button[@type='button' and @aria-label='Next page']
Trying to find Element By : By.xpath: //table/tbody/tr[1]/td[2]
Found Element By : By.xpath: //table/tbody/tr[1]/td[2]
Trying to find Element By : By.xpath: //table/tbody/tr[1]/td[1]
Found Element By : By.xpath: //table/tbody/tr[1]/td[1]
Trying to click on: [[ChromeDriver: chrome on MAC (26d4426e25b2d3275c8bab8d4f44a189)] -> xpath: //table/tbody/tr[1]/td[1]]
Clicked on: [[ChromeDriver: chrome on MAC (26d4426e25b2d3275c8bab8d4f44a189)] -> xpath: //table/tbody/tr[1]/td[1]]
Trying to find Element By : By.xpath: //table/tbody/tr[1]/td[2]
Found Element By : By.xpath: //table/tbody/tr[1]/td[2]
06-09-2020 10:21:31 AdminUserStepDefinition.java INFO  [TestNG-tests-1] stepDefinitions.AdminUserStepDefinition 257 - Putting rowdata into arraylist 
Trying to find Element By : By.xpath: //h1[text()='User Accounts']
Found Element By : By.xpath: //h1[text()='User Accounts']
Trying to find Element By : By.all({By.xpath: //table/tbody/tr})
Found Element By : By.all({By.xpath: //table/tbody/tr})
Trying to find Element By : By.all({By.xpath: //table/tbody/tr})
Found Element By : By.all({By.xpath: //table/tbody/tr})
Trying to find Element By : By.all({By.xpath: //table/tbody/tr[1]/td})
Found Element By : By.all({By.xpath: //table/tbody/tr[1]/td})
Trying to find Element By : By.xpath: //button[@type='button' and @aria-label='Next page']
Found Element By : By.xpath: //button[@type='button' and @aria-label='Next page']
Trying to find Element By : By.xpath: //table/tbody/tr[1]/td[2]
Found Element By : By.xpath: //table/tbody/tr[1]/td[2]
Trying to find Element By : By.xpath: //table/tbody/tr[1]/td[2]
Found Element By : By.xpath: //table/tbody/tr[1]/td[2]
Trying to find Element By : By.xpath: //table/tbody/tr[1]/td[3]
Found Element By : By.xpath: //table/tbody/tr[1]/td[3]
Trying to find Element By : By.xpath: //table/tbody/tr[1]/td[4]
Found Element By : By.xpath: //table/tbody/tr[1]/td[4]
Trying to find Element By : By.xpath: //table/tbody/tr[1]/td[5]
Found Element By : By.xpath: //table/tbody/tr[1]/td[5]
06-09-2020 10:21:32 AdminUserStepDefinition.java INFO  [TestNG-tests-1] stepDefinitions.AdminUserStepDefinition 262 - User name asserted in tab when selected for modify :TestAccountuqkft
06-09-2020 10:21:32 AdminUserStepDefinition.java INFO  [TestNG-tests-1] stepDefinitions.AdminUserStepDefinition 263 - Email asserted in tab when selected for modify :30mbhwn9ff@testqar.com
06-09-2020 10:21:32 AdminUserStepDefinition.java INFO  [TestNG-tests-1] stepDefinitions.AdminUserStepDefinition 264 - Role asserted in tab when selected for modify :Publisher
Trying to find Element By : By.xpath: //input[@autocomplete='nope']
Found Element By : By.xpath: //input[@autocomplete='nope']
Value of the:[[ChromeDriver: chrome on MAC (26d4426e25b2d3275c8bab8d4f44a189)] -> xpath: //input[@autocomplete='nope']] before any changes made
Element value changed to: [[ChromeDriver: chrome on MAC (26d4426e25b2d3275c8bab8d4f44a189)] -> xpath: //input[@autocomplete='nope']]
06-09-2020 10:21:32 AdminUserStepDefinition.java INFO  [TestNG-tests-1] stepDefinitions.AdminUserStepDefinition 139 - Putting rowdata into arraylist 
Trying to find Element By : By.xpath: //h1[text()='User Accounts']
Found Element By : By.xpath: //h1[text()='User Accounts']
Trying to find Element By : By.all({By.xpath: //table/tbody/tr})
Found Element By : By.all({By.xpath: //table/tbody/tr})
Trying to find Element By : By.all({By.xpath: //table/tbody/tr})
Found Element By : By.all({By.xpath: //table/tbody/tr})
Trying to find Element By : By.all({By.xpath: //table/tbody/tr[1]/td})
Found Element By : By.all({By.xpath: //table/tbody/tr[1]/td})
Trying to find Element By : By.xpath: //button[@type='button' and @aria-label='Next page']
Found Element By : By.xpath: //button[@type='button' and @aria-label='Next page']
Trying to find Element By : By.xpath: //table/tbody/tr[1]/td[2]
Found Element By : By.xpath: //table/tbody/tr[1]/td[2]
Trying to find Element By : By.xpath: //table/tbody/tr[1]/td[2]
Found Element By : By.xpath: //table/tbody/tr[1]/td[2]
Trying to find Element By : By.xpath: //table/tbody/tr[1]/td[3]
Found Element By : By.xpath: //table/tbody/tr[1]/td[3]
Trying to find Element By : By.xpath: //table/tbody/tr[1]/td[4]
Found Element By : By.xpath: //table/tbody/tr[1]/td[4]
Trying to find Element By : By.xpath: //table/tbody/tr[1]/td[5]
Found Element By : By.xpath: //table/tbody/tr[1]/td[5]
06-09-2020 10:21:32 AdminUserStepDefinition.java INFO  [TestNG-tests-1] stepDefinitions.AdminUserStepDefinition 141 - User name asserted in tab :TestAccountuqkft
06-09-2020 10:21:32 AdminUserStepDefinition.java INFO  [TestNG-tests-1] stepDefinitions.AdminUserStepDefinition 143 - Email asserted in tab :30mbhwn9ff@testqar.com
06-09-2020 10:21:32 AdminUserStepDefinition.java INFO  [TestNG-tests-1] stepDefinitions.AdminUserStepDefinition 145 - Role asserted in tab :Publisher

  Scenario: Verify if user is able to search active publisher account with admin login. &amp#27;[90m# RXUsers.feature:161&amp#27;[0m
    &amp#27;[32mGiven &amp#27;[0m&amp#27;[32madmin user login to RX UI with valid username and password&amp#27;[0m                    &amp#27;[90m# ProfileStepDefinition.admin_user_login_to_RX_UI_with_valid_username_and_password()&amp#27;[0m
    &amp#27;[32mWhen &amp#27;[0m&amp#27;[32mclick on User option under accounts.&amp#27;[0m                                           &amp#27;[90m# AdminUserStepDefinition.click_on_User_option_under_accounts()&amp#27;[0m
    &amp#27;[32mThen &amp#27;[0m&amp#27;[32mclick on active tab and select one of the Publisher user.&amp#27;[0m                      &amp#27;[90m# AdminUserStepDefinition.click_on_active_tab_and_select_one_of_the_Publisher_user()&amp#27;[0m
    &amp#27;[32mThen &amp#27;[0m&amp#27;[32msearch for the user&amp#27;[0m                                                            &amp#27;[90m# AdminUserStepDefinition.search_for_the_user()&amp#27;[0m
    &amp#27;[32mThen &amp#27;[0m&amp#27;[32massert the new user details in user page table view.&amp#27;[0m                           &amp#27;[90m# AdminUserStepDefinition.assert_the_new_user_details_in_user_page_table_view()&amp#27;[0m
]]></system-out>
    <system-err><![CDATA[Starting ChromeDriver 83.0.4103.39 (ccbf011cb2d2b19b506d844400483861342c20cd-refs/branch-heads/4103@{#416}) on port 13239
Only local connections are allowed.
Please see https://chromedriver.chromium.org/security-considerations for suggestions on keeping ChromeDriver safe.
ChromeDriver was started successfully.
Jun 09, 2020 9:48:52 AM org.openqa.selenium.remote.ProtocolHandshake createSession
INFO: Detected dialect: W3C
Starting ChromeDriver 83.0.4103.39 (ccbf011cb2d2b19b506d844400483861342c20cd-refs/branch-heads/4103@{#416}) on port 6799
Only local connections are allowed.
Please see https://chromedriver.chromium.org/security-considerations for suggestions on keeping ChromeDriver safe.
ChromeDriver was started successfully.
Jun 09, 2020 9:49:08 AM org.openqa.selenium.remote.ProtocolHandshake createSession
INFO: Detected dialect: W3C
Starting ChromeDriver 83.0.4103.39 (ccbf011cb2d2b19b506d844400483861342c20cd-refs/branch-heads/4103@{#416}) on port 39534
Only local connections are allowed.
Please see https://chromedriver.chromium.org/security-considerations for suggestions on keeping ChromeDriver safe.
ChromeDriver was started successfully.
Jun 09, 2020 9:49:24 AM org.openqa.selenium.remote.ProtocolHandshake createSession
INFO: Detected dialect: W3C
Starting ChromeDriver 83.0.4103.39 (ccbf011cb2d2b19b506d844400483861342c20cd-refs/branch-heads/4103@{#416}) on port 24158
Only local connections are allowed.
Please see https://chromedriver.chromium.org/security-considerations for suggestions on keeping ChromeDriver safe.
ChromeDriver was started successfully.
Jun 09, 2020 9:49:45 AM org.openqa.selenium.remote.ProtocolHandshake createSession
INFO: Detected dialect: W3C
Starting ChromeDriver 83.0.4103.39 (ccbf011cb2d2b19b506d844400483861342c20cd-refs/branch-heads/4103@{#416}) on port 18951
Only local connections are allowed.
Please see https://chromedriver.chromium.org/security-considerations for suggestions on keeping ChromeDriver safe.
ChromeDriver was started successfully.
Jun 09, 2020 9:50:10 AM org.openqa.selenium.remote.ProtocolHandshake createSession
INFO: Detected dialect: W3C
Starting ChromeDriver 83.0.4103.39 (ccbf011cb2d2b19b506d844400483861342c20cd-refs/branch-heads/4103@{#416}) on port 43367
Only local connections are allowed.
Please see https://chromedriver.chromium.org/security-considerations for suggestions on keeping ChromeDriver safe.
ChromeDriver was started successfully.
Jun 09, 2020 9:50:34 AM org.openqa.selenium.remote.ProtocolHandshake createSession
INFO: Detected dialect: W3C
Starting ChromeDriver 83.0.4103.39 (ccbf011cb2d2b19b506d844400483861342c20cd-refs/branch-heads/4103@{#416}) on port 46283
Only local connections are allowed.
Please see https://chromedriver.chromium.org/security-considerations for suggestions on keeping ChromeDriver safe.
ChromeDriver was started successfully.
Jun 09, 2020 9:50:58 AM org.openqa.selenium.remote.ProtocolHandshake createSession
INFO: Detected dialect: W3C
Starting ChromeDriver 83.0.4103.39 (ccbf011cb2d2b19b506d844400483861342c20cd-refs/branch-heads/4103@{#416}) on port 8623
Only local connections are allowed.
Please see https://chromedriver.chromium.org/security-considerations for suggestions on keeping ChromeDriver safe.
ChromeDriver was started successfully.
Jun 09, 2020 9:51:22 AM org.openqa.selenium.remote.ProtocolHandshake createSession
INFO: Detected dialect: W3C
Starting ChromeDriver 83.0.4103.39 (ccbf011cb2d2b19b506d844400483861342c20cd-refs/branch-heads/4103@{#416}) on port 22013
Only local connections are allowed.
Please see https://chromedriver.chromium.org/security-considerations for suggestions on keeping ChromeDriver safe.
ChromeDriver was started successfully.
Jun 09, 2020 9:52:26 AM org.openqa.selenium.remote.ProtocolHandshake createSession
INFO: Detected dialect: W3C
Starting ChromeDriver 83.0.4103.39 (ccbf011cb2d2b19b506d844400483861342c20cd-refs/branch-heads/4103@{#416}) on port 6689
Only local connections are allowed.
Please see https://chromedriver.chromium.org/security-considerations for suggestions on keeping ChromeDriver safe.
ChromeDriver was started successfully.
Jun 09, 2020 9:53:31 AM org.openqa.selenium.remote.ProtocolHandshake createSession
INFO: Detected dialect: W3C
Starting ChromeDriver 83.0.4103.39 (ccbf011cb2d2b19b506d844400483861342c20cd-refs/branch-heads/4103@{#416}) on port 41614
Only local connections are allowed.
Please see https://chromedriver.chromium.org/security-considerations for suggestions on keeping ChromeDriver safe.
ChromeDriver was started successfully.
Jun 09, 2020 9:53:55 AM org.openqa.selenium.remote.ProtocolHandshake createSession
INFO: Detected dialect: W3C
Starting ChromeDriver 83.0.4103.39 (ccbf011cb2d2b19b506d844400483861342c20cd-refs/branch-heads/4103@{#416}) on port 6631
Only local connections are allowed.
Please see https://chromedriver.chromium.org/security-considerations for suggestions on keeping ChromeDriver safe.
ChromeDriver was started successfully.
Jun 09, 2020 9:54:18 AM org.openqa.selenium.remote.ProtocolHandshake createSession
INFO: Detected dialect: W3C
Starting ChromeDriver 83.0.4103.39 (ccbf011cb2d2b19b506d844400483861342c20cd-refs/branch-heads/4103@{#416}) on port 28331
Only local connections are allowed.
Please see https://chromedriver.chromium.org/security-considerations for suggestions on keeping ChromeDriver safe.
ChromeDriver was started successfully.
Jun 09, 2020 9:54:43 AM org.openqa.selenium.remote.ProtocolHandshake createSession
INFO: Detected dialect: W3C
Starting ChromeDriver 83.0.4103.39 (ccbf011cb2d2b19b506d844400483861342c20cd-refs/branch-heads/4103@{#416}) on port 9126
Only local connections are allowed.
Please see https://chromedriver.chromium.org/security-considerations for suggestions on keeping ChromeDriver safe.
ChromeDriver was started successfully.
Jun 09, 2020 9:55:05 AM org.openqa.selenium.remote.ProtocolHandshake createSession
INFO: Detected dialect: W3C
Starting ChromeDriver 83.0.4103.39 (ccbf011cb2d2b19b506d844400483861342c20cd-refs/branch-heads/4103@{#416}) on port 18833
Only local connections are allowed.
Please see https://chromedriver.chromium.org/security-considerations for suggestions on keeping ChromeDriver safe.
ChromeDriver was started successfully.
Jun 09, 2020 10:19:18 AM org.openqa.selenium.remote.ProtocolHandshake createSession
INFO: Detected dialect: W3C
Starting ChromeDriver 83.0.4103.39 (ccbf011cb2d2b19b506d844400483861342c20cd-refs/branch-heads/4103@{#416}) on port 24802
Only local connections are allowed.
Please see https://chromedriver.chromium.org/security-considerations for suggestions on keeping ChromeDriver safe.
ChromeDriver was started successfully.
Jun 09, 2020 10:19:44 AM org.openqa.selenium.remote.ProtocolHandshake createSession
INFO: Detected dialect: W3C
Starting ChromeDriver 83.0.4103.39 (ccbf011cb2d2b19b506d844400483861342c20cd-refs/branch-heads/4103@{#416}) on port 43076
Only local connections are allowed.
Please see https://chromedriver.chromium.org/security-considerations for suggestions on keeping ChromeDriver safe.
ChromeDriver was started successfully.
Jun 09, 2020 10:20:00 AM org.openqa.selenium.remote.ProtocolHandshake createSession
INFO: Detected dialect: W3C
Starting ChromeDriver 83.0.4103.39 (ccbf011cb2d2b19b506d844400483861342c20cd-refs/branch-heads/4103@{#416}) on port 37716
Only local connections are allowed.
Please see https://chromedriver.chromium.org/security-considerations for suggestions on keeping ChromeDriver safe.
ChromeDriver was started successfully.
Jun 09, 2020 10:20:35 AM org.openqa.selenium.remote.ProtocolHandshake createSession
INFO: Detected dialect: W3C
Starting ChromeDriver 83.0.4103.39 (ccbf011cb2d2b19b506d844400483861342c20cd-refs/branch-heads/4103@{#416}) on port 8937
Only local connections are allowed.
Please see https://chromedriver.chromium.org/security-considerations for suggestions on keeping ChromeDriver safe.
ChromeDriver was started successfully.
Jun 09, 2020 10:21:03 AM org.openqa.selenium.remote.ProtocolHandshake createSession
INFO: Detected dialect: W3C
Starting ChromeDriver 83.0.4103.39 (ccbf011cb2d2b19b506d844400483861342c20cd-refs/branch-heads/4103@{#416}) on port 40912
Only local connections are allowed.
Please see https://chromedriver.chromium.org/security-considerations for suggestions on keeping ChromeDriver safe.
ChromeDriver was started successfully.
Jun 09, 2020 10:21:18 AM org.openqa.selenium.remote.ProtocolHandshake createSession
INFO: Detected dialect: W3C
]]></system-err>
  </testcase>
  <testcase name="feature" classname="MyRunner.TestRunner" time="61.486"/>
</testsuite>