<?xml version="1.0" encoding="UTF-8"?>
<!-- Generated by org.testng.reporters.JUnitReportReporter -->
<testsuite skipped="0" hostname="RINMAC632" name="MyRunner.TestRunner" tests="1" failures="0" timestamp="26 May 2020 11:56:34 GMT" time="11.965" errors="0">
  <testcase name="feature" time="11.965" classname="MyRunner.TestRunner"/>
</testsuite> <!-- MyRunner.TestRunner -->
