<?xml version="1.0" encoding="UTF-8"?>
<!-- Generated by org.testng.reporters.JUnitReportReporter -->
<testsuite hostname="LUK01001978.intra.rakuten.co.jp" failures="0" tests="1" name="MyRunner.TestRunner" time="8.377" errors="0" timestamp="08 Dec 2020 19:33:20 GMT" skipped="0">
  <testcase classname="MyRunner.TestRunner" name="feature" time="8.377"/>
</testsuite> <!-- MyRunner.TestRunner -->
