<?xml version="1.0" encoding="UTF-8"?>
<!-- Generated by org.testng.reporters.JUnitReportReporter -->
<testsuite hostname="RINMAC632" failures="0" tests="1" name="MyRunner.TestRunner" time="67.336" errors="0" timestamp="26 May 2020 11:16:07 GMT" skipped="0">
  <testcase classname="MyRunner.TestRunner" name="feature" time="67.336"/>
</testsuite> <!-- MyRunner.TestRunner -->
