<?xml version="1.0" encoding="UTF-8"?>
<!-- Generated by org.testng.reporters.JUnitReportReporter -->
<testsuite hostname="RINMAC632" failures="0" tests="1" name="MyRunner.TestRunner" time="29.825" errors="0" timestamp="18 Jun 2020 06:28:34 GMT" skipped="0">
  <testcase classname="MyRunner.TestRunner" name="feature" time="29.825"/>
</testsuite> <!-- MyRunner.TestRunner -->
